[00:00:50] *** Quits: Aapje (user@i244127.upc-i.chello.nl) (Ping timeout: 66 seconds)
[00:01:18] *** Joins: Aapje (user@i244127.upc-i.chello.nl)
[00:06:14] *** Quits: Francis (Francis@5468C56E.cm-12-1d.dynamic.ziggo.nl) (Connection reset by peer)
[00:49:39] *** Quits: Guyver2 (Guyver2@guyver2.xs4all.nl) (Ping timeout: 66 seconds)
[00:55:00] *** Quits: GodFather (p00p@a83152.upc-a.chello.nl) (Exit)
[00:58:08] *** Quits: SCHAPiE (dorian@dhcp-077-249-247-124.chello.nl) (Exit)
[02:24:42] *** Quits: Vipertje (tweak@54182E79.cm-5-1a.dynamic.ziggo.nl) (Exit)
[03:22:29] *** Joins: Escovan (Escovan@107.6.175.170)
[03:22:39] *** Joins: Bliksem (Tweaki7@a82-161-41-5.adsl.xs4all.nl)
[03:22:42] *** Dubbeldrank is now known as Tweaker21168
[03:22:42] *** Bubbles is now known as Tweaker45922
[03:22:50] *** Joins: Rena (Rena@rena.centravi.org)
[03:22:50] *** Joins: Suiker (Suiker@ip54508568.speed.planet.nl)
[03:24:24] *** Joins: Tomcat_ha (user@a83-162-255-205.adsl.xs4all.nl)
[04:59:50] *** Quits: Chester (Chester@c77152.upc-c.chello.nl) (Ping timeout: 60 seconds)
[05:06:12] *** Joins: Chester (Chester@c77152.upc-c.chello.nl)
[07:34:55] *** Quits: Tweaker21168 (is@niet.te.zuipen) (Exit)
[07:35:12] *** Joins: Dubbeldrank (is@niet.te.zuipen)
[07:35:12] *** ChanServ sets mode: +o Dubbeldrank
[08:46:16] *** Joins: Copyman (copyman@5ED571C4.cm-7-6b.dynamic.ziggo.nl)
[09:22:32] *** Joins: Guyver2 (Guyver2@guyver2.xs4all.nl)
[09:43:29] *** Tweaker45922 is now known as Bubbles
[09:45:10] *** Joins: SCHAPiE (dorian@dhcp-077-249-247-124.chello.nl)
[11:21:10] *** Quits: Guyver2 (Guyver2@guyver2.xs4all.nl) (Exit)
[12:21:31] *** Quits: ronaldlokers (Ronald@sauron.ronaldlokers.eu) (Exit)
[13:27:22] *** Joins: Metalfrost (Metalfrost@46.166.188.212)
[13:27:33] <Metalfrost> hoj liefu mensu
[14:02:40] *** Joins: Matthew (Matthew@178-117-75-230.access.telenet.be)
[14:13:11] *** Quits: Metalfrost (Metalfrost@46.166.188.212) (Exit)
[14:15:53] *** Quits: Chester (Chester@c77152.upc-c.chello.nl) (Ping timeout: 67 seconds)
[14:15:56] *** Joins: Chester- (Chester@c77152.upc-c.chello.nl)
[14:17:30] *** Joins: Chester (Chester@MagnaView1.iae.nl)
[14:17:33] *** Quits: Chester- (Chester@c77152.upc-c.chello.nl) (Ping timeout: 60 seconds)
[14:17:49] *** Joins: Chester- (Chester@c77152.upc-c.chello.nl)
[14:18:47] *** Quits: Chester (Chester@MagnaView1.iae.nl) (Ping timeout: 67 seconds)
[17:07:24] *** Quits: SCHAPiE (dorian@dhcp-077-249-247-124.chello.nl) (Exit)
[17:15:31] *** Joins: SCHAPiE (dorian@dhcp-077-249-247-124.chello.nl)
[21:15:33] *** Joins: Schijtleister (Scheitleis@ip1-230-174-82.adsl2.static.versatel.nl)
[21:15:47] *** Parts: Schijtleister (Scheitleis@ip1-230-174-82.adsl2.static.versatel.nl) ()
[22:27:30] *** Joins: Guyver2 (Guyver2@guyver2.xs4all.nl)
[22:47:47] *** Quits: SCHAPiE (dorian@dhcp-077-249-247-124.chello.nl) (Exit)
[22:48:10] *** Joins: SCHAPiE (dorian@dhcp-077-249-247-124.chello.nl)
[22:51:02] *** tozzert is now known as tozzniehiernie
[22:52:03] *** tozzniehiernie is now known as tozzert
[22:53:04] *** Quits: SCHAPiE (dorian@dhcp-077-249-247-124.chello.nl) (Ping timeout: 67 seconds)
[23:08:46] *** Joins: SCHAPiE (dorian@dhcp-077-249-247-124.chello.nl)
[23:36:20] *** Quits: Copyman (copyman@5ED571C4.cm-7-6b.dynamic.ziggo.nl) (Exit)
[23:54:22] *** Quits: Guyver2 (Guyver2@guyver2.xs4all.nl) (Exit)
