[00:29:02] *** Quits: Guyver2 (Guyver2@guyver2.xs4all.nl) (Exit)
[03:25:15] *** Quits: SCHAPiE (dorian@dhcp-077-249-247-124.chello.nl) (Exit)
[08:29:32] *** Joins: Megumi (Megumi@095-096-003-094.static.chello.nl)
[08:29:49] *** Quits: Megumi (Megumi@095-096-003-094.static.chello.nl) (Exit)
[10:09:32] *** Joins: Guyver2 (Guyver2@guyver2.xs4all.nl)
[10:25:25] *** Joins: Copyman (copyman@5ED571C4.cm-7-6b.dynamic.ziggo.nl)
[11:02:04] *** Quits: Guyver2 (Guyver2@guyver2.xs4all.nl) (Exit)
[11:05:13] *** Quits: Chiron (Chiron@ip5652834f.adsl-surfen.hetnet.nl) (Ping timeout: 67 seconds)
[11:05:52] *** Joins: Chiron (Chiron@ip5652834f.adsl-surfen.hetnet.nl)
[11:19:47] *** Joins: Matthew (Matthew@178-117-75-230.access.telenet.be)
[11:27:09] *** tozzbier is now known as tozzert
[12:16:22] *** Joins: SCHAPiE (dorian@dhcp-077-249-247-124.chello.nl)
[12:16:59] *** Quits: Tomcat_ha (user@a83-162-255-205.adsl.xs4all.nl) (Exit)
[12:23:08] *** Quits: SCHAPiE (dorian@dhcp-077-249-247-124.chello.nl) (Exit)
[12:26:17] *** Joins: SCHAPiE (dorian@dhcp-077-249-247-124.chello.nl)
[13:53:29] *** Quits: Copyman (copyman@5ED571C4.cm-7-6b.dynamic.ziggo.nl) (Exit)
[14:01:55] *** Quits: Matthew (Matthew@178-117-75-230.access.telenet.be) (Ping timeout: 60 seconds)
[14:02:02] *** Joins: Matthew_ (Matthew@37.252.230.59)
[14:04:45] *** Quits: Matthew_ (Matthew@37.252.230.59) (Exit)
[14:06:08] *** Joins: Matthew (Matthew@37.252.230.59)
[14:39:05] *** Quits: Matthew (Matthew@37.252.230.59) (Ping timeout: 66 seconds)
[14:39:33] *** Joins: Matthew (Matthew@37.252.230.59)
[15:13:08] *** Joins: Matthew_ (Matthew@178-117-75-230.access.telenet.be)
[15:13:48] *** Quits: Matthew (Matthew@37.252.230.59) (Ping timeout: 66 seconds)
[15:25:42] *** Matthew_ is now known as Matthew
[15:26:52] *** Quits: lmd (lmd@5ED7EC48.cm-7-8d.dynamic.ziggo.nl) (Connection reset by peer)
[15:28:27] *** Quits: SCHAPiE (dorian@dhcp-077-249-247-124.chello.nl) (Exit)
[15:34:37] *** Joins: SCHAPiE (dorian@dhcp-077-249-247-124.chello.nl)
[15:37:13] *** Joins: Smileface (alexander@25bc408b.ftth.concepts.nl)
[15:54:35] *** Joins: lmd (lmd@5ED7EC48.cm-7-8d.dynamic.ziggo.nl)
[15:54:49] *** Quits: Matthew (Matthew@178-117-75-230.access.telenet.be) (Connection reset by peer)
[15:56:34] *** Joins: Matthew (Matthew@178-117-75-230.access.telenet.be)
[16:04:59] *** Quits: SCHAPiE (dorian@dhcp-077-249-247-124.chello.nl) (Exit)
[17:57:03] *** Joins: SCHAPiE (dorian@dhcp-077-249-247-124.chello.nl)
[18:40:10] *** Joins: GodFather (p00p@a83152.upc-a.chello.nl)
[19:23:50] <freebee666> zo, dat was weer ene leuke anomaly Escovan :D
[19:27:56] *** Quits: Matthew (Matthew@178-117-75-230.access.telenet.be) (Connection reset by peer)
[20:33:00] *** Quits: SCHAPiE (dorian@dhcp-077-249-247-124.chello.nl) (Exit)
[20:52:39] *** Joins: SCHAPiE (dorian@dhcp-077-249-247-124.chello.nl)
[20:57:55] *** Joins: Matthew (Matthew@178-117-75-230.access.telenet.be)
[21:50:57] *** Joins: Guyver2 (Guyver2@guyver2.xs4all.nl)
[22:47:15] *** Quits: AjDuLion (sid50412@id-50412.charlton.irccloud.com) (Ping timeout: 60 seconds)
[22:47:15] *** Quits: RandyJC (sid120450@id-120450.brockwell.irccloud.com) (Ping timeout: 60 seconds)
[22:47:49] *** Joins: RandyJC (sid120450@id-120450.brockwell.irccloud.com)
[22:48:05] *** Joins: AjDuLion (sid50412@id-50412.charlton.irccloud.com)
[23:41:24] *** Quits: Smileface (alexander@25bc408b.ftth.concepts.nl) (Exit)
