[00:31:28] *** Quits: Vipertje (tweak@54182E79.cm-5-1a.dynamic.ziggo.nl) (Connection reset by peer)
[01:21:30] *** Quits: Chester (Chester@c77152.upc-c.chello.nl) (Ping timeout: 66 seconds)
[03:07:18] *** Quits: Hooglander1 (Hoog@2001:984:ef56:1:211:32ff:fe51:1415) (Exit)
[03:11:00] *** Joins: Hooglander1 (Hoog@2001:984:ef56:1:211:32ff:fe51:1415)
[08:27:55] *** Quits: SCHAPiE (dorian@dhcp-077-249-247-124.chello.nl) (Exit)
[08:59:16] *** Joins: tbosua (tbosua@office.hostnetbv.nl)
[09:01:33] *** Joins: Chiron (Chiron@ip5652834f.adsl-surfen.hetnet.nl)
[11:00:40] *** Quits: tbosua (tbosua@office.hostnetbv.nl) (Exit)
[11:10:55] *** Joins: Guyver2 (Guyver2@guyver2.xs4all.nl)
[11:15:16] *** Joins: Chester (Chester@c77152.upc-c.chello.nl)
[11:27:21] *** Joins: tbosua (tbosua@office.hostnetbv.nl)
[14:10:40] *** Joins: Tovergieter (Tovergiete@89.20.95.106)
[16:00:45] *** Quits: Tovergieter (Tovergiete@89.20.95.106) (Ping timeout: 60 seconds)
[16:01:37] *** Joins: Tovergieter (Tovergiete@80.255.246.219)
[16:32:54] *** Parts: Tovergieter (Tovergiete@80.255.246.219) ()
[17:16:51] *** Quits: Guyver2 (Guyver2@guyver2.xs4all.nl) (Ping timeout: 60 seconds)
[17:19:10] *** Joins: Guyver2 (Guyver2@guyver2.xs4all.nl)
[17:31:44] *** Quits: tbosua (tbosua@office.hostnetbv.nl) (Exit)
[17:38:17] *** Joins: Francis (Francis@5468C56E.cm-12-1d.dynamic.ziggo.nl)
[19:02:21] *** Quits: Francis (Francis@5468C56E.cm-12-1d.dynamic.ziggo.nl) (Exit)
[19:06:19] *** Joins: SCHAPiE (dorian@dhcp-077-249-247-124.chello.nl)
[19:47:41] *** Quits: SCHAPiE (dorian@dhcp-077-249-247-124.chello.nl) (Exit)
[19:49:34] *** Joins: SCHAPiE (dorian@dhcp-077-249-247-124.chello.nl)
[21:51:08] *** Joins: Smileface (alexander@25bc408b.ftth.concepts.nl)
