[00:00:45] *** Quits: Aapje (user@i244127.upc-i.chello.nl) (Ping timeout: 60 seconds)
[00:01:55] *** Joins: Aapje (user@i244127.upc-i.chello.nl)
[00:04:44] *** Quits: Matthew (Matthew@178-117-75-230.access.telenet.be) (Connection reset by peer)
[00:45:42] *** Quits: Rollie (Rollie@53550C92.cm-6-6a.dynamic.ziggo.nl) (Ping timeout: 66 seconds)
[01:09:37] *** Quits: Rena (Rena@2001:41d0:b:550:6667:0:0:18) (Ping timeout: 67 seconds)
[07:50:13] *** Joins: Matthew (Matthew@178-117-75-230.access.telenet.be)
[09:33:57] *** Joins: Rollie (Rollie@53550C92.cm-6-6a.dynamic.ziggo.nl)
[09:37:55] *** Joins: Rena (Rena@rena.centravi.org)
[09:57:09] *** Quits: Matthew (Matthew@178-117-75-230.access.telenet.be) (Exit)
[10:10:47] *** Joins: Matthew (Matthew@178-117-75-230.access.telenet.be)
[10:23:01] *** Joins: Guyver2 (Guyver2@guyver2.xs4all.nl)
[11:22:41] *** Quits: Guyver2 (Guyver2@guyver2.xs4all.nl) (Client exited)
[11:56:07] *** Joins: Francis (Francis@5468C56E.cm-12-1d.dynamic.ziggo.nl)
[13:13:56] *** Quits: Francis (Francis@5468C56E.cm-12-1d.dynamic.ziggo.nl) (Exit)
[14:19:52] *** tozzert is now known as tozzfizzke
[15:15:33] *** Quits: Rollie (Rollie@53550C92.cm-6-6a.dynamic.ziggo.nl) (Connection reset by peer)
[16:05:45] *** Joins: Smileface (alexander@25bc408b.ftth.concepts.nl)
[18:24:55] *** Quits: Smileface (alexander@25bc408b.ftth.concepts.nl) (Exit)
[19:36:50] *** Quits: Chiron (Chiron@ip5652834f.adsl-surfen.hetnet.nl) (Exit)
[19:49:06] *** Joins: Chiron (Chiron@ip5652834f.adsl-surfen.hetnet.nl)
[19:52:08] *** tozzfizzke is now known as tozzert
[19:53:02] *** tozzert is now known as tozzniehiernie
[19:53:52] *** tozzniehiernie is now known as tozzert
[21:08:12] * freebee666 petst Escovan
[21:13:49] <Hooglander1> TMI freebee666 
[21:24:31] <freebee666> oh wordt je jaloers? sorry schat
[21:24:37] * freebee666 petst Hooglander1 dan ook maar
[21:24:49] <freebee666> *word :X
[21:24:50] <Hooglander1> :>
[22:29:01] *** Quits: Matthew (Matthew@178-117-75-230.access.telenet.be) (Connection reset by peer)
[23:20:01] *** Joins: Guyver2 (Guyver2@guyver2.xs4all.nl)
[23:21:17] *** Quits: Guyver2 (Guyver2@guyver2.xs4all.nl) (Exit)
[23:21:22] *** Joins: Guyver2 (Guyver2@guyver2.xs4all.nl)
[23:43:55] *** Quits: Guyver2 (Guyver2@guyver2.xs4all.nl) (Exit)
