[00:35:43] *** Quits: QORRiE (dorian@dhcp-077-249-247-124.chello.nl) (Exit)
[01:28:43] *** Quits: casdr (sid130744@id-130744.brockwell.irccloud.com) (Exit)
[04:33:35] *** Quits: Smileface (alexander@25bc408b.ftth.concepts.nl) (Exit)
[08:48:38] *** Joins: Chiron (Chiron@ip5652834f.adsl-surfen.hetnet.nl)
[09:02:33] *** Joins: tbosua (tbosua@office.hostnetbv.nl)
[09:46:20] *** Joins: laptozzaak (laptozzaak@84.241.199.107)
[10:01:07] *** Quits: laptozzaak (laptozzaak@84.241.199.107) (Exit)
[10:13:31] *** Joins: Aapje (user@i244127.upc-i.chello.nl)
[10:30:01] *** Joins: Guyver2 (Guyver2@guyver2.xs4all.nl)
[11:02:10] *** Joins: casdr (uid130744@2604:8300:100:200b:6667:5:1:feb8)
[12:19:52] *** Joins: GodFather (p00p@a83152.upc-a.chello.nl)
[12:22:46] *** Joins: Escovan (Escovan@107.6.175.170)
[13:52:57] *** Quits: GodFather (p00p@a83152.upc-a.chello.nl) (Exit)
[16:41:36] *** Joins: Smileface (alexander@25bc408b.ftth.concepts.nl)
[16:52:38] *** Quits: Guyver2 (Guyver2@guyver2.xs4all.nl) (Exit)
[17:41:57] *** Quits: tbosua (tbosua@office.hostnetbv.nl) (Exit)
[17:57:41] *** Tweaker11032 is now known as Spacecowboy
[18:07:23] *** Joins: Francis (Francis@5468C56E.cm-12-1d.dynamic.ziggo.nl)
[18:25:28] *** Joins: GodFather (p00p@a83152.upc-a.chello.nl)
[18:42:39] *** Joins: QORRiE (dorian@dhcp-077-249-247-124.chello.nl)
[19:02:28] *** Quits: Francis (Francis@5468C56E.cm-12-1d.dynamic.ziggo.nl) (Exit)
[19:19:54] *** Joins: Matthew (Matthew@178-117-75-230.access.telenet.be)
[19:44:20] *** tozzert is now known as tozzniehiernie
[19:45:16] *** tozzniehiernie is now known as tozzert
[19:59:19] *** Joins: Guyver2 (Guyver2@guyver2.xs4all.nl)
[21:15:53] *** Joins: SCHAPiE (dorian@dhcp-077-249-247-124.chello.nl)
[22:18:33] *** Quits: Matthew (Matthew@178-117-75-230.access.telenet.be) (Connection reset by peer)
