[00:46:48] *** Quits: SCHAPiE (dorian@dhcp-077-249-247-124.chello.nl) (Exit)
[01:24:50] *** Quits: Guyver2 (Guyver2@guyver2.xs4all.nl) (Exit)
[01:40:52] *** Quits: Chester (Chester@c77152.upc-c.chello.nl) (Ping timeout: 67 seconds)
[01:41:25] *** Joins: Chester (Chester@c77152.upc-c.chello.nl)
[06:45:03] *** Quits: Smileface (alexander@25bc408b.ftth.concepts.nl) (Exit)
[09:02:12] *** Joins: tbosua (tbosua@office.hostnetbv.nl)
[10:06:42] *** Joins: Guyver2 (Guyver2@guyver2.xs4all.nl)
[11:21:05] *** Quits: Guyver2 (Guyver2@guyver2.xs4all.nl) (Exit)
[13:20:37] *** Joins: tozZ2 (AndChat714@92.69.239.147)
[13:29:07] *** Quits: tozZ2 (AndChat714@92.69.239.147) (Exit)
[15:19:29] *** Joins: Smileface (alexander@25bc408b.ftth.concepts.nl)
[15:50:14] *** Joins: Paranoid (Mibbit@mail.venture-group.nl)
[15:59:18] *** Quits: Paranoid (Mibbit@mail.venture-group.nl) (Exit)
[16:20:22] *** Quits: Hooglander1 (Hoog@2001:984:ef56:1:211:32ff:fe51:1415) (Ping timeout: 60 seconds)
[16:20:55] *** Joins: Hooglander1 (Hoog@isleet.nl)
[16:22:23] *** Quits: MueR (MueR@is.hier) (Exit)
[16:43:58] *** Joins: MueR (MueR@is.hier)
[16:43:58] *** ChanServ sets mode: +o MueR
[17:03:18] *** Joins: Metalfrost (Metalfrost@tsn109-201-154-144.dyn.nltelcom.net)
[17:37:47] *** Quits: Smileface (alexander@25bc408b.ftth.concepts.nl) (Exit)
[17:57:20] *** Quits: tbosua (tbosua@office.hostnetbv.nl) (Exit)
[19:10:24] *** Joins: Matthew (Matthew@178-117-75-230.access.telenet.be)
[19:24:06] *** Joins: SCHAPiE (dorian@dhcp-077-249-247-124.chello.nl)
[19:26:33] *** Quits: Metalfrost (Metalfrost@tsn109-201-154-144.dyn.nltelcom.net) (Exit)
[19:55:41] *** Joins: Guyver2 (Guyver2@guyver2.xs4all.nl)
[21:26:21] *** Joins: Smileface (alexander@25bc408b.ftth.concepts.nl)
[21:48:11] *** Joins: Francis (Francis@5468C56E.cm-12-1d.dynamic.ziggo.nl)
[22:13:31] *** Quits: Smileface (alexander@25bc408b.ftth.concepts.nl) (Exit)
[22:50:52] *** Quits: Francis (Francis@5468C56E.cm-12-1d.dynamic.ziggo.nl) (Ping timeout: 66 seconds)
[23:07:48] *** Joins: Vipertje (tweak@54182E79.cm-5-1a.dynamic.ziggo.nl)
[23:36:28] *** Joins: Francis (Francis@5468C56E.cm-12-1d.dynamic.ziggo.nl)
