[00:00:59] *** Quits: Aapje (user@i244127.upc-i.chello.nl) (Ping timeout: 60 seconds)
[00:01:48] *** Joins: Aapje (user@i244127.upc-i.chello.nl)
[00:10:36] *** Quits: Tordek (Tordek@D4787483.cm-1.dynamic.ziggo.nl) (Connection reset by peer)
[00:13:48] *** Quits: Guyver2 (Guyver2@guyver2.xs4all.nl) (Ping timeout: 67 seconds)
[00:14:10] *** Joins: Guyver2 (Guyver2@guyver2.xs4all.nl)
[00:17:18] *** Quits: Guyver2 (Guyver2@guyver2.xs4all.nl) (Exit)
[02:56:06] *** Quits: SCHAPiE (dorian@dhcp-077-249-247-124.chello.nl) (Exit)
[09:02:54] *** Joins: tbosua (tbosua@office.hostnetbv.nl)
[09:15:00] *** Joins: GodFather (p00p@a83152.upc-a.chello.nl)
[10:31:19] *** Joins: Guyver2 (Guyver2@guyver2.xs4all.nl)
[11:08:35] *** Quits: Guyver2 (Guyver2@guyver2.xs4all.nl) (Ping timeout: 66 seconds)
[11:20:42] *** Joins: Guyver2 (Guyver2@guyver2.xs4all.nl)
[12:15:57] *** Joins: Guyver2_ (Guyver2@guyver2.xs4all.nl)
[12:16:38] *** Quits: Guyver2 (Guyver2@guyver2.xs4all.nl) (Ping timeout: 66 seconds)
[12:16:47] *** Guyver2_ is now known as Guyver2
[13:15:52] *** Quits: GodFather (p00p@a83152.upc-a.chello.nl) (Exit)
[13:30:15] *** Joins: Tovergieter (Tovergiete@89.20.95.106)
[13:30:43] *** Quits: tozzert (tozzke@541FBF87.cm-5-8c.dynamic.ziggo.nl) (Ping timeout: 60 seconds)
[13:31:21] *** Joins: tozzert (tozzke@541FBF87.cm-5-8c.dynamic.ziggo.nl)
[13:31:21] *** ChanServ sets mode: +o tozzert
[13:48:42] *** Quits: coolhva (coolhva@nix.ipv6.hype.nl) (Ping timeout: 60 seconds)
[15:49:48] *** tozzert is now known as tozzniehiernie
[15:54:01] *** Joins: Tomcat_hatt (user@193.107.221.57)
[16:34:02] *** Quits: lmd (lmd@5ED7EC48.cm-7-8d.dynamic.ziggo.nl) (Ping timeout: 61 seconds)
[16:34:10] *** tozzniehiernie is now known as tozzert
[16:35:44] *** Joins: lmd (lmd@5ED7EC48.cm-7-8d.dynamic.ziggo.nl)
[16:36:43] *** Quits: lmd (lmd@5ED7EC48.cm-7-8d.dynamic.ziggo.nl) (Connection reset by peer)
[16:46:15] *** tozzert is now known as tozzniehiernie
[16:52:58] *** Joins: Smileface (alexander@25bc408b.ftth.concepts.nl)
[17:01:33] *** Quits: Tovergieter (Tovergiete@89.20.95.106) (Exit)
[17:15:22] *** Quits: Chester- (Chester@c77152.upc-c.chello.nl) (Exit)
[17:15:28] *** Joins: Chester (Chester@c77152.upc-c.chello.nl)
[17:19:00] *** Quits: Smileface (alexander@25bc408b.ftth.concepts.nl) (Exit)
[17:31:16] *** Quits: tbosua (tbosua@office.hostnetbv.nl) (Exit)
[17:46:07] *** Joins: Francis (Francis@5468C56E.cm-12-1d.dynamic.ziggo.nl)
[17:48:05] *** Joins: SCHAPiE (dorian@dhcp-077-249-247-124.chello.nl)
[18:04:48] *** tozzniehiernie is now known as tozzert
[18:51:24] *** Quits: Francis (Francis@5468C56E.cm-12-1d.dynamic.ziggo.nl) (Exit)
[19:23:58] *** Quits: Hooglander1 (Hoog@2001:984:ef56:1:211:32ff:fe51:1415) (Ping timeout: 61 seconds)
[19:24:31] *** Joins: Hooglander1 (Hoog@isleet.nl)
[19:37:23] *** Joins: Matthew (Matthew@178-117-75-230.access.telenet.be)
[20:45:53] *** Joins: Metalfrost (Metalfrost@46.166.138.169)
[21:04:27] *** Joins: Smileface (alexander@25bc408b.ftth.concepts.nl)
[21:29:08] *** Quits: SCHAPiE (dorian@dhcp-077-249-247-124.chello.nl) (Exit)
[21:40:43] *** Quits: Guyver2 (Guyver2@guyver2.xs4all.nl) (Ping timeout: 60 seconds)
[21:41:17] *** Joins: Guyver2 (Guyver2@guyver2.xs4all.nl)
[21:45:22] *** Quits: Smileface (alexander@25bc408b.ftth.concepts.nl) (Exit)
[21:54:50] *** Joins: SCHAPiE (dorian@dhcp-077-249-247-124.chello.nl)
[22:14:53] *** Quits: Matthew (Matthew@178-117-75-230.access.telenet.be) (Connection reset by peer)
[22:23:20] *** Joins: Andros (Andros@248.151-244-81.adsl-dyn.isp.belgacom.be)
[22:34:32] *** Joins: Bitage (Bitage@82-171-45-9.ip.telfort.nl)
[22:41:45] *** Quits: Andros (Andros@248.151-244-81.adsl-dyn.isp.belgacom.be) (Ping timeout: 61 seconds)
[23:11:30] *** Quits: Metalfrost (Metalfrost@46.166.138.169) (Exit)
[23:11:48] *** Joins: Andros (Andros@2.128-200-80.adsl-dyn.isp.belgacom.be)
[23:34:23] *** Joins: Guyver2_ (Guyver2@2001:985:f3f:1:90ce:d693:7ff3:15d7)
[23:35:00] *** Quits: Guyver2 (Guyver2@guyver2.xs4all.nl) (Ping timeout: 61 seconds)
[23:35:01] *** Guyver2_ is now known as Guyver2
