[00:03:06] *** Quits: Guyver2 (Guyver2@guyver2.xs4all.nl) (Exit)
[00:08:41] *** Quits: Tomcat_hatt (user@193.107.221.57) (Exit)
[00:28:31] *** Quits: GodFather (p00p@a83152.upc-a.chello.nl) (Exit)
[00:35:20] *** Quits: Bitage (Bitage@82-171-45-9.ip.telfort.nl) (Exit)
[00:35:22] <Metalfrost> nn
[00:35:24] *** Quits: Metalfrost (Metalfrost@46.166.188.224) (Connection reset by peer)
[00:36:48] *** Quits: Chester (Chester@c77152.upc-c.chello.nl) (Ping timeout: 61 seconds)
[00:36:48] *** Quits: Spelvoud (Spelvoud@sd51113cf.adsl.online.nl) (Ping timeout: 61 seconds)
[00:36:57] *** Quits: MueR (MueR@is.hier) (Ping timeout: 61 seconds)
[00:37:19] *** Quits: freebee666 (spam@j217177.upc-j.chello.nl) (Ping timeout: 61 seconds)
[00:37:27] *** Quits: Spacecowboy (znc@149-210-165-180.colo.transip.net) (Ping timeout: 60 seconds)
[00:37:38] *** Joins: MueR (MueR@is.hier)
[00:37:38] *** ChanServ sets mode: +o MueR
[00:37:50] *** Joins: freebee666 (spam@j217177.upc-j.chello.nl)
[00:37:54] *** Joins: Chester (Chester@c77152.upc-c.chello.nl)
[00:38:10] *** Joins: Spacecowboy (znc@149-210-165-180.colo.transip.net)
[00:39:11] *** Spacecowboy is now known as Tweaker331
[00:45:17] *** Joins: Spelvoud (Spelvoud@sd51113cf.adsl.online.nl)
[00:56:42] *** Quits: SCHAPiE (dorian@dhcp-077-249-247-124.chello.nl) (Exit)
[00:59:39] *** Joins: _Aapje (user@i244127.upc-i.chello.nl)
[01:00:06] *** Quits: Aapje (user@i244127.upc-i.chello.nl) (Ping timeout: 61 seconds)
[01:02:07] *** Quits: Bliksem (Tweaki7@a82-161-41-5.adsl.xs4all.nl) (Ping timeout: 60 seconds)
[01:02:07] *** Quits: Bubbles (crap@roarnet.nl) (Ping timeout: 60 seconds)
[01:02:07] *** Quits: Bubs|server (onzin@roarnet.nl) (Ping timeout: 60 seconds)
[01:02:18] *** Quits: Hooglander1 (Hoog@2001:984:ef56:1:211:32ff:fe51:1415) (Ping timeout: 66 seconds)
[01:02:45] *** Joins: Bubs|server (onzin@roarnet.nl)
[01:04:00] *** Joins: Bliksem (Tweaki7@a82-161-41-5.adsl.xs4all.nl)
[01:09:58] *** Joins: Bubbles (crap@roarnet.nl)
[01:10:12] *** Joins: Hooglander1 (Hoog@isleet.nl)
[01:32:38] *** Quits: Bubs|server (onzin@roarnet.nl) (Ping timeout: 68 seconds)
[01:32:38] *** Quits: Bliksem (Tweaki7@a82-161-41-5.adsl.xs4all.nl) (Ping timeout: 68 seconds)
[01:32:38] *** Quits: Hooglander1 (Hoog@isleet.nl) (Ping timeout: 68 seconds)
[01:32:47] *** Quits: Bubbles (crap@roarnet.nl) (Ping timeout: 68 seconds)
[01:33:40] *** Joins: Bubbles (crap@roarnet.nl)
[01:34:11] *** Joins: Bliksem (Tweaki7@a82-161-41-5.adsl.xs4all.nl)
[01:39:54] *** Joins: Bubs|server (onzin@roarnet.nl)
[01:40:29] *** Joins: Hooglander1 (Hoog@isleet.nl)
[02:01:21] *** Quits: _Aapje (user@i244127.upc-i.chello.nl) (Ping timeout: 66 seconds)
[02:02:33] *** Joins: Aapje (user@i244127.upc-i.chello.nl)
[03:05:03] *** Quits: Aapje (user@i244127.upc-i.chello.nl) (Connection reset by peer)
[03:05:24] *** Joins: Aapje (user@i244127.upc-i.chello.nl)
[04:09:39] *** Quits: zenix (zenix@ip4da0f1e5.direct-adsl.nl) (Ping timeout: 60 seconds)
[04:18:17] *** Joins: zenix (zenix@ip4da0f1e5.direct-adsl.nl)
[07:48:12] *** Tweaker331 is now known as Spacecowboy
[08:55:49] *** Joins: Chiron (Chiron@ip5652834f.adsl-surfen.hetnet.nl)
[10:03:09] *** Joins: Guyver2 (Guyver2@guyver2.xs4all.nl)
[10:06:26] *** Quits: freebee666 (spam@j217177.upc-j.chello.nl) (Ping timeout: 66 seconds)
[11:12:16] *** Joins: Tomcat_hatt (user@193.107.221.57)
[12:10:21] *** Quits: Guyver2 (Guyver2@guyver2.xs4all.nl) (Ping timeout: 66 seconds)
[12:10:56] *** Joins: Guyver2 (Guyver2@guyver2.xs4all.nl)
[12:17:25] *** Quits: Guyver2 (Guyver2@guyver2.xs4all.nl) (Ping timeout: 63 seconds)
[12:18:13] *** Joins: Guyver2 (Guyver2@2001:985:f3f:1:800:4c1f:aa57:1471)
[12:28:23] *** Joins: NBS (NBS4@ip5657cc38.direct-adsl.nl)
[15:33:53] *** Quits: NBS (NBS4@ip5657cc38.direct-adsl.nl) (Exit)
[15:41:47] *** Joins: NBS (NBS4@ip5657cc38.direct-adsl.nl)
[15:55:49] *** Quits: NBS (NBS4@ip5657cc38.direct-adsl.nl) (Connection reset by peer)
[16:05:59] *** Joins: NBS (NBS4@ip5657cc38.direct-adsl.nl)
[17:50:07] *** Joins: Francis (Francis@5468C56E.cm-12-1d.dynamic.ziggo.nl)
[17:50:56] *** Joins: NBS2 (NBS4@ip5657cc38.direct-adsl.nl)
[17:51:28] *** Quits: NBS (NBS4@ip5657cc38.direct-adsl.nl) (Ping timeout: 60 seconds)
[17:57:56] *** Joins: Xyphoid (Xyphoid@i210097.upc-i.chello.nl)
[18:01:56] *** Quits: Xyphoid (Xyphoid@i210097.upc-i.chello.nl) (Exit)
[18:14:37] *** Quits: Francis (Francis@5468C56E.cm-12-1d.dynamic.ziggo.nl) (Exit)
[18:15:17] *** Joins: GodFather (p00p@a83152.upc-a.chello.nl)
[18:35:05] *** Joins: Matthew (Matthew@178-117-75-230.access.telenet.be)
[18:49:16] *** Quits: Matthew (Matthew@178-117-75-230.access.telenet.be) (Exit)
[18:49:29] *** Joins: Matthew (Matthew@178-117-75-230.access.telenet.be)
[19:25:14] *** Joins: Francis (Francis@5468C56E.cm-12-1d.dynamic.ziggo.nl)
[19:31:45] *** Quits: AjDuLion (sid50412@id-50412.charlton.irccloud.com) (Ping timeout: 60 seconds)
[19:32:58] *** Joins: AjDuLion (sid50412@id-50412.charlton.irccloud.com)
[19:33:40] *** Joins: SCHAPiE (dorian@dhcp-077-249-247-124.chello.nl)
[19:34:05] *** Quits: AjDuLion (sid50412@id-50412.charlton.irccloud.com) (Ping timeout: 65 seconds)
[19:39:07] *** Joins: AjDuLion (sid50412@id-50412.charlton.irccloud.com)
[20:46:06] *** Quits: GodFather (p00p@a83152.upc-a.chello.nl) (Exit)
[20:54:54] *** Joins: Smileface (alexander@25bc408b.ftth.concepts.nl)
[21:00:12] *** Quits: Smileface (alexander@25bc408b.ftth.concepts.nl) (Exit)
[21:09:55] *** Quits: NBS2 (NBS4@ip5657cc38.direct-adsl.nl) (Exit)
[21:19:36] *** Joins: Xyphoid (Xyphoid@i210097.upc-i.chello.nl)
[21:27:22] *** Joins: freebee666 (spam@j217177.upc-j.chello.nl)
[21:38:59] *** Quits: Francis (Francis@5468C56E.cm-12-1d.dynamic.ziggo.nl) (Connection reset by peer)
[22:04:45] *** Quits: Xyphoid (Xyphoid@i210097.upc-i.chello.nl) (Client exited)
[22:10:46] *** Quits: Matthew (Matthew@178-117-75-230.access.telenet.be) (Connection reset by peer)
