[00:31:40] *** Quits: Guyver2 (Guyver2@2001:985:f3f:1:800:4c1f:aa57:1471) (Exit)
[00:55:26] *** Quits: SCHAPiE (dorian@dhcp-077-249-247-124.chello.nl) (Exit)
[01:31:29] *** Joins: Smileface (alexander@25bc408b.ftth.concepts.nl)
[02:12:55] *** Quits: Tomcat_hatt (user@193.107.221.57) (Exit)
[03:20:20] *** Quits: silverstorm (silverstor@5ED4168A.cm-7-5a.dynamic.ziggo.nl) (Ping timeout: 60 seconds)
[05:34:47] *** Quits: Smileface (alexander@25bc408b.ftth.concepts.nl) (Exit)
[09:23:51] *** Quits: FlippY (flip@server.fliphess.com) (Client exited)
[09:24:56] *** Joins: Guyver2 (Guyver2@guyver2.xs4all.nl)
[09:31:31] *** Joins: flip (flip@server.fliphess.com)
[09:34:00] *** Joins: silverstorm (silverstor@5ED4168A.cm-7-5a.dynamic.ziggo.nl)
[09:48:19] *** Joins: Tomcat_hatt (user@193.107.221.57)
[09:57:34] *** Joins: GodFather (p00p@a83152.upc-a.chello.nl)
[09:57:37] *** flip is now known as FlippY
[09:57:50] *** Quits: Guyver2 (Guyver2@guyver2.xs4all.nl) (Exit)
[11:27:19] *** Quits: Tomcat_hatt (user@193.107.221.57) (Exit)
[12:08:36] *** Quits: lmd (lmd@5ED7EC48.cm-7-8d.dynamic.ziggo.nl) (Connection reset by peer)
[14:32:53] *** Joins: Guyver2 (Guyver2@guyver2.xs4all.nl)
[15:58:43] *** Joins: Smileface (alexander@25bc408b.ftth.concepts.nl)
[16:18:21] *** Joins: Tomcat_ha (user@a83-162-255-205.adsl.xs4all.nl)
[16:50:23] *** Quits: Guyver2 (Guyver2@guyver2.xs4all.nl) (Connection reset by peer)
[17:40:22] *** Joins: Francis (Francis@5468C56E.cm-12-1d.dynamic.ziggo.nl)
[18:14:59] *** Joins: SCHAPiE (dorian@dhcp-077-249-247-124.chello.nl)
[19:12:27] *** Quits: Francis (Francis@5468C56E.cm-12-1d.dynamic.ziggo.nl) (Exit)
[20:48:06] *** Joins: Francis (Francis@5468C56E.cm-12-1d.dynamic.ziggo.nl)
[23:22:08] *** Joins: Matthew (Matthew@178-117-75-230.access.telenet.be)
