[00:01:01] *** Quits: Aapje (user@i244127.upc-i.chello.nl) (Ping timeout: 60 seconds)
[00:01:49] *** Quits: Guyver2 (Guyver2@guyver2.xs4all.nl) (Exit)
[00:02:05] *** Joins: Aapje (user@i244127.upc-i.chello.nl)
[00:06:11] *** Quits: Tordek (Tordek@2001:470:1f15:683:4021:d8ef:56fc:fa57) (Connection reset by peer)
[02:38:31] *** Quits: Suiker (Suiker@ip54508568.speed.planet.nl) (Ping timeout: 67 seconds)
[02:46:37] *** Joins: Suiker (Suiker@ip54508568.speed.planet.nl)
[05:19:38] *** Joins: Smileface (alexander@25bc408b.ftth.concepts.nl)
[06:20:13] *** Quits: Smileface (alexander@25bc408b.ftth.concepts.nl) (Exit)
[07:28:09] *** Quits: Aapje (user@i244127.upc-i.chello.nl) (Connection reset by peer)
[07:28:12] *** Joins: Aapje (user@i244127.upc-i.chello.nl)
[07:28:46] *** Joins: Escovan (Escovan@server1.escovan.net)
[09:00:00] *** Joins: tbosua (tbosua@office.hostnetbv.nl)
[10:57:06] *** Joins: Chester (Chester@c77152.upc-c.chello.nl)
[11:01:33] *** Quits: Chester (Chester@c77152.upc-c.chello.nl) (Exit)
[11:01:40] *** Joins: Chester (Chester@c77152.upc-c.chello.nl)
[11:19:15] *** Joins: Guyver2 (Guyver2@guyver2.xs4all.nl)
[13:33:33] *** Quits: Chiron (Chiron@ip5652834f.adsl-surfen.hetnet.nl) (Client exited)
[13:42:48] *** Joins: Chiron (Chiron@ip5652834f.adsl-surfen.hetnet.nl)
[14:32:33] *** Joins: Smileface (alexander@25bc408b.ftth.concepts.nl)
[14:54:29] *** Quits: Smileface (alexander@25bc408b.ftth.concepts.nl) (Exit)
[15:04:06] *** Quits: freebee666 (spam@j217177.upc-j.chello.nl) (Connection reset by peer)
[15:04:11] *** Joins: freebee666 (spam@j217177.upc-j.chello.nl)
[15:24:26] *** Joins: GodFather (p00p@a83152.upc-a.chello.nl)
[15:41:46] *** Joins: Tomcat_hatt (user@193.107.221.57)
[16:00:47] *** Parts: Guyver2 (Guyver2@guyver2.xs4all.nl) ()
[17:28:08] *** Joins: Deianeira|GPC (spam@j217177.upc-j.chello.nl)
[17:28:10] *** Quits: freebee666 (spam@j217177.upc-j.chello.nl) (Connection reset by peer)
[17:28:10] *** Quits: Suiker (Suiker@ip54508568.speed.planet.nl) (Ping timeout: 60 seconds)
[17:28:10] *** Quits: Chester (Chester@c77152.upc-c.chello.nl) (Ping timeout: 60 seconds)
[17:28:10] *** Joins: Chester- (Chester@c77152.upc-c.chello.nl)
[17:28:18] *** Joins: Suiker (Suiker@ip54508568.speed.planet.nl)
[17:32:45] *** Quits: tbosua (tbosua@office.hostnetbv.nl) (Exit)
[17:33:09] *** Quits: GodFather (p00p@a83152.upc-a.chello.nl) (Exit)
[18:37:51] *** Quits: boekee (boekee@5ED2A61F.cm-7-3c.dynamic.ziggo.nl) (Ping timeout: 60 seconds)
[18:38:28] *** Joins: Matthew (Matthew@178-117-75-230.access.telenet.be)
[18:40:33] *** Joins: boekee (boekee@5ED2A61F.cm-7-3c.dynamic.ziggo.nl)
[19:01:53] *** Joins: Smileface (alexander@25bc408b.ftth.concepts.nl)
[19:48:01] *** Joins: Chiron_ (Chiron@ip5652834f.adsl-surfen.hetnet.nl)
[19:48:06] *** Quits: Chiron_ (Chiron@ip5652834f.adsl-surfen.hetnet.nl) (Exit)
[20:40:09] *** Joins: Francis (Francis@5468C56E.cm-12-1d.dynamic.ziggo.nl)
[20:42:20] *** Deianeira|GPC is now known as freebee666
[21:24:24] *** Quits: Tomcat_hatt (user@193.107.221.57) (Exit)
[21:31:54] *** Quits: Francis (Francis@5468C56E.cm-12-1d.dynamic.ziggo.nl) (Connection reset by peer)
[22:44:25] <freebee666> Escovan anders komen ze even met 4 man sterk je hp omtrappen=/
[22:46:21] *** Quits: Matthew (Matthew@178-117-75-230.access.telenet.be) (Connection reset by peer)
[23:10:15] *** Quits: Suiker (Suiker@ip54508568.speed.planet.nl) (Ping timeout: 67 seconds)
[23:10:17] *** Joins: Smile (alexander@25bc408b.ftth.concepts.nl)
[23:10:25] *** Joins: Suiker (Suiker@ip54508568.speed.planet.nl)
[23:10:43] *** Quits: Smileface (alexander@25bc408b.ftth.concepts.nl) (Ping timeout: 67 seconds)
