[00:11:13] *** Quits: Guyver2 (Guyver2@guyver2.xs4all.nl) (Client exited)
[02:09:12] *** Quits: QORRiE (dorian@dhcp-077-249-247-124.chello.nl) (Exit)
[02:41:10] *** Quits: GodFather (p00p@a83152.upc-a.chello.nl) (Exit)
[05:00:54] *** Quits: Aapje (user@i244127.upc-i.chello.nl) (Ping timeout: 61 seconds)
[05:02:05] *** Joins: Aapje (user@i244127.upc-i.chello.nl)
[06:39:54] *** Quits: Smileface (alexander@25bc408b.ftth.concepts.nl) (Exit)
[09:01:55] *** Joins: tbosua (tbosua@office.hostnetbv.nl)
[11:38:18] *** Joins: Bubbles|server (onzin@roarnet.nl)
[11:38:26] *** Joins: Chester- (Chester@c77152.upc-c.chello.nl)
[11:38:31] *** Quits: zenix (zenix@ip4da0f1e5.direct-adsl.nl) (Ping timeout: 67 seconds)
[11:38:31] *** Quits: Bubs|server (onzin@roarnet.nl) (Ping timeout: 67 seconds)
[11:38:31] *** Quits: Bliksem (Tweaki7@a82-161-41-5.adsl.xs4all.nl) (Ping timeout: 67 seconds)
[11:38:31] *** Quits: Chester (Chester@c77152.upc-c.chello.nl) (Ping timeout: 67 seconds)
[11:38:40] *** Quits: bbee (bbee@53541FA1.cm-6-5a.dynamic.ziggo.nl) (Ping timeout: 67 seconds)
[11:38:40] *** Quits: Spacecowboy (znc@149-210-165-180.colo.transip.net) (Ping timeout: 67 seconds)
[11:38:40] *** Quits: Chiron (Chiron@ip5652834f.adsl-surfen.hetnet.nl) (Ping timeout: 67 seconds)
[11:38:40] *** Quits: DGTL_Magician (DGTL_Magic@sjaal.aazoo.nl) (Ping timeout: 67 seconds)
[11:38:49] *** Quits: tbosua (tbosua@office.hostnetbv.nl) (Ping timeout: 66 seconds)
[11:39:34] *** Joins: Bliksem (Tweaki7@a82-161-41-5.adsl.xs4all.nl)
[11:39:53] *** Joins: DGTL_Magician (DGTL_Magic@sjaal.aazoo.nl)
[11:39:56] *** Joins: Spacecowboy (znc@149-210-165-180.colo.transip.net)
[11:39:56] *** Joins: Chiron (Chiron@ip5652834f.adsl-surfen.hetnet.nl)
[11:39:59] *** Joins: tbosua (tbosua@office.hostnetbv.nl)
[11:40:02] *** Joins: bbee (bbee@53541FA1.cm-6-5a.dynamic.ziggo.nl)
[11:40:19] *** Joins: zenix (zenix@ip4da0f1e5.direct-adsl.nl)
[11:40:57] *** Spacecowboy is now known as Tweaker11032
[11:52:39] *** Quits: tbosua (tbosua@office.hostnetbv.nl) (Ping timeout: 67 seconds)
[11:52:48] *** Quits: zenix (zenix@ip4da0f1e5.direct-adsl.nl) (Ping timeout: 67 seconds)
[11:52:55] *** Joins: Bliksem1 (Tweaki7@a82-161-41-5.adsl.xs4all.nl)
[11:53:06] *** Quits: Bliksem (Tweaki7@a82-161-41-5.adsl.xs4all.nl) (Ping timeout: 66 seconds)
[11:55:44] *** Joins: tbosua (tbosua@office.hostnetbv.nl)
[11:56:24] *** Joins: Smileface (alexander@25bc408b.ftth.concepts.nl)
[11:57:09] *** Joins: GodFather (p00p@a83152.upc-a.chello.nl)
[11:57:51] *** Joins: zenix (zenix@ip4da0f1e5.direct-adsl.nl)
[13:24:13] *** Quits: GodFather (p00p@a83152.upc-a.chello.nl) (Exit)
[14:51:14] *** Quits: Smileface (alexander@25bc408b.ftth.concepts.nl) (Exit)
[15:29:41] *** Quits: Chester- (Chester@c77152.upc-c.chello.nl) (Exit)
[15:29:47] *** Joins: Chester (Chester@c77152.upc-c.chello.nl)
[16:30:54] *** Joins: mexxus (martinvd@185.22.195.142)
[16:33:35] *** Quits: mexxus (martinvd@185.22.195.142) (Exit)
[17:04:03] *** Quits: tozzert (tozzke@541FBF87.cm-5-8c.dynamic.ziggo.nl) (Ping timeout: 61 seconds)
[17:13:02] *** Joins: tozzert (tozzke@541FBF87.cm-5-8c.dynamic.ziggo.nl)
[17:13:02] *** ChanServ sets mode: +o tozzert
[17:30:58] *** Quits: tbosua (tbosua@office.hostnetbv.nl) (Exit)
[17:37:07] *** Joins: Francis (Francis@5468C56E.cm-12-1d.dynamic.ziggo.nl)
[18:04:04] *** Joins: GodFather (p00p@a83152.upc-a.chello.nl)
[18:21:56] *** Joins: Matthew (Matthew@178-117-75-230.access.telenet.be)
[18:32:49] *** Quits: Aapje (user@i244127.upc-i.chello.nl) (Connection reset by peer)
[18:33:29] *** Quits: Matthew (Matthew@178-117-75-230.access.telenet.be) (Ping timeout: 60 seconds)
[18:46:04] *** Joins: Smileface (alexander@25bc408b.ftth.concepts.nl)
[18:53:41] *** Quits: Francis (Francis@5468C56E.cm-12-1d.dynamic.ziggo.nl) (Exit)
[18:54:03] *** Joins: Matthew (Matthew@178-117-75-230.access.telenet.be)
[19:11:07] *** Joins: QORRiE (dorian@dhcp-077-249-247-124.chello.nl)
[19:18:23] *** Joins: Guyver2 (Guyver2@guyver2.xs4all.nl)
[20:04:40] *** Quits: Bubbles (crap@roarnet.nl) (Exit)
[20:07:10] *** Joins: Bubbles (crap@roarnet.nl)
[20:45:36] *** Quits: Chester (Chester@c77152.upc-c.chello.nl) (Ping timeout: 68 seconds)
[20:45:59] *** Joins: Chester (Chester@c77152.upc-c.chello.nl)
[20:47:52] *** Quits: Chester (Chester@c77152.upc-c.chello.nl) (Ping timeout: 66 seconds)
[20:50:41] *** Joins: Chester (Chester@c77152.upc-c.chello.nl)
[21:02:18] *** Quits: Chiron (Chiron@ip5652834f.adsl-surfen.hetnet.nl) (Client exited)
[21:09:46] *** tozzert is now known as tozzniehiernie
[21:13:14] *** tozzniehiernie is now known as tozzert
[22:19:49] *** Quits: Chester (Chester@c77152.upc-c.chello.nl) (Ping timeout: 67 seconds)
[22:24:37] *** Joins: Chester (Chester@c77152.upc-c.chello.nl)
[22:26:11] *** Quits: Chester (Chester@c77152.upc-c.chello.nl) (Ping timeout: 60 seconds)
[22:42:47] *** Joins: Chester (Chester@c77152.upc-c.chello.nl)
[22:45:11] *** Quits: Chester (Chester@c77152.upc-c.chello.nl) (Ping timeout: 67 seconds)
[22:48:20] *** Joins: Chester (Chester@c77152.upc-c.chello.nl)
[22:55:26] *** Quits: GodFather (p00p@a83152.upc-a.chello.nl) (Exit)
[23:18:46] *** Quits: Matthew (Matthew@178-117-75-230.access.telenet.be) (Connection reset by peer)
[23:44:59] *** Quits: Guyver2 (Guyver2@guyver2.xs4all.nl) (Exit)
