[00:04:38] *** Quits: SCHAPiE (dorian@dhcp-077-249-247-124.chello.nl) (Exit)
[01:00:13] *** Quits: tozzert (tozzke@541FBF87.cm-5-8c.dynamic.ziggo.nl) (Ping timeout: 60 seconds)
[01:52:49] *** Joins: tozzert (tozzke@541FBF87.cm-5-8c.dynamic.ziggo.nl)
[01:52:49] *** ChanServ sets mode: +o tozzert
[02:55:36] *** Joins: Smileface (alexander@25bc408b.ftth.concepts.nl)
[03:23:26] *** Quits: GodFather (p00p@a83152.upc-a.chello.nl) (Exit)
[03:41:54] *** Quits: tozzert (tozzke@541FBF87.cm-5-8c.dynamic.ziggo.nl) (Ping timeout: 66 seconds)
[03:49:49] *** Joins: tozzert (tozzke@541FBF87.cm-5-8c.dynamic.ziggo.nl)
[03:49:49] *** ChanServ sets mode: +o tozzert
[03:51:04] *** Quits: tozzert (tozzke@541FBF87.cm-5-8c.dynamic.ziggo.nl) (Ping timeout: 67 seconds)
[03:59:19] *** Joins: tozzert (tozzke@541FBF87.cm-5-8c.dynamic.ziggo.nl)
[03:59:19] *** ChanServ sets mode: +o tozzert
[04:00:24] *** Quits: tozzert (tozzke@541FBF87.cm-5-8c.dynamic.ziggo.nl) (Ping timeout: 60 seconds)
[04:34:19] *** Joins: tozzert (tozzke@541FBF87.cm-5-8c.dynamic.ziggo.nl)
[04:34:19] *** ChanServ sets mode: +o tozzert
[04:40:53] *** Quits: tozzert (tozzke@541FBF87.cm-5-8c.dynamic.ziggo.nl) (Ping timeout: 67 seconds)
[05:33:19] *** Joins: tozzert (tozzke@541FBF87.cm-5-8c.dynamic.ziggo.nl)
[05:33:19] *** ChanServ sets mode: +o tozzert
[06:29:17] *** Quits: Smileface (alexander@25bc408b.ftth.concepts.nl) (Exit)
[09:08:26] *** Joins: tbosua (tbosua@office.hostnetbv.nl)
[09:45:57] *** Quits: tbosua (tbosua@office.hostnetbv.nl) (Exit)
[10:36:55] *** Joins: tbosua (tbosua@office.hostnetbv.nl)
[12:46:29] <Escovan> Oh de Kikkers worden wakker, ze zijn mijn zojuist gecapturede portals aan het heroveren.
[13:05:38] *** Joins: Chester (Chester@c77152.upc-c.chello.nl)
[14:26:24] *** Joins: Bitage (Bitage@82-171-45-9.ip.telfort.nl)
[14:59:14] *** Joins: Smileface (alexander@25bc408b.ftth.concepts.nl)
[15:50:18] *** Joins: Guyver2 (Guyver2@guyver2.xs4all.nl)
[16:50:42] *** Quits: Bitage (Bitage@82-171-45-9.ip.telfort.nl) (Exit)
[17:34:55] *** Joins: Francis (Francis@5468C56E.cm-12-1d.dynamic.ziggo.nl)
[18:08:01] *** Quits: Hooglander1 (Hoog@isleet.nl) (Ping timeout: 60 seconds)
[18:09:18] *** Joins: Hooglander1 (Hoog@isleet.nl)
[18:14:01] *** Quits: Francis (Francis@5468C56E.cm-12-1d.dynamic.ziggo.nl) (Exit)
[18:23:34] *** Quits: Guyver2 (Guyver2@guyver2.xs4all.nl) (Ping timeout: 67 seconds)
[18:23:40] *** Joins: Guyver2 (Guyver2@guyver2.xs4all.nl)
[18:30:57] *** Quits: tbosua (tbosua@office.hostnetbv.nl) (Exit)
[18:37:02] *** Joins: Guyver2_ (Guyver2@2001:985:f3f:1:b508:9f91:cade:4932)
[18:37:12] *** Quits: Guyver2 (Guyver2@guyver2.xs4all.nl) (Ping timeout: 68 seconds)
[18:37:20] *** Guyver2_ is now known as Guyver2
[18:40:33] *** Joins: Guyver2_ (Guyver2@2001:985:f3f:1:b508:9f91:cade:4932)
[18:41:18] *** Quits: Guyver2 (Guyver2@2001:985:f3f:1:b508:9f91:cade:4932) (Ping timeout: 66 seconds)
[18:41:23] *** Guyver2_ is now known as Guyver2
[18:52:56] *** Quits: Guyver2 (Guyver2@2001:985:f3f:1:b508:9f91:cade:4932) (Ping timeout: 60 seconds)
[18:53:33] *** Joins: SCHAPiE (dorian@dhcp-077-249-247-124.chello.nl)
[19:07:54] *** Joins: Guyver2 (Guyver2@guyver2.xs4all.nl)
[19:19:42] *** Joins: Guyver2_ (Guyver2@guyver2.xs4all.nl)
[19:19:56] *** Quits: Guyver2 (Guyver2@guyver2.xs4all.nl) (Ping timeout: 66 seconds)
[19:20:01] *** Guyver2_ is now known as Guyver2
[19:23:52] *** Joins: tbosua (tbosua@lkt.hostnet.nl)
[20:03:30] *** Joins: Copyman (copyman@5ED571C4.cm-7-6b.dynamic.ziggo.nl)
[20:08:59] <freebee666> mooi toch Escovan
[20:09:02] <freebee666> heb je weer wat te doen :P
[20:14:31] * Escovan is now listening to: De Dijk - Ik Kan Het Niet Alleen
[20:20:36] <freebee666> daar heb je medespelers voor Escovan :P
[20:22:37] <Escovan> ik geloof ook zwaar in Cross-Faction
[20:29:53] <freebee666> meh
[20:29:57] <freebee666> dat hangt r maar net af waar
[20:41:56] <freebee666> persoonlijk vind ik t solo spel toch fijner xD
[20:46:07] *** Quits: tbosua (tbosua@lkt.hostnet.nl) (Ping timeout: 66 seconds)
[20:53:35] *** Joins: Chester- (Chester@c77152.upc-c.chello.nl)
[20:53:38] *** Quits: Chester (Chester@c77152.upc-c.chello.nl) (Ping timeout: 64 seconds)
[21:48:39] *** Joins: GodFather (p00p@a83152.upc-a.chello.nl)
[21:55:46] *** Joins: Vipertje (tweak@54182E79.cm-5-1a.dynamic.ziggo.nl)
[22:08:04] *** Quits: Guyver2 (Guyver2@guyver2.xs4all.nl) (Ping timeout: 61 seconds)
[23:18:20] *** Quits: Copyman (copyman@5ED571C4.cm-7-6b.dynamic.ziggo.nl) (Exit)
[23:43:34] *** Joins: Bitage (Bitage@82-171-45-9.ip.telfort.nl)
