[00:01:09] *** Quits: Aapje (user@i244127.upc-i.chello.nl) (Ping timeout: 66 seconds)
[00:01:40] *** Joins: Aapje (user@i244127.upc-i.chello.nl)
[00:13:08] *** Quits: Skalton (Skalton@541971C3.cm-5-2b.dynamic.ziggo.nl) (Exit)
[00:32:43] *** Joins: Skalton (Skalton@541971C3.cm-5-2b.dynamic.ziggo.nl)
[00:42:51] *** Quits: Skalton (Skalton@541971C3.cm-5-2b.dynamic.ziggo.nl) (Exit)
[00:47:07] *** Quits: SCHAPiE (dorian@dhcp-077-249-247-124.chello.nl) (Exit)
[00:47:07] *** Quits: SCHAPiE_ (dorian@dhcp-077-249-247-124.chello.nl) (Exit)
[01:12:44] *** Quits: Guyver2 (Guyver2@guyver2.xs4all.nl) (Exit)
[03:59:17] *** Quits: Smileface (alexander@25bc408b.ftth.concepts.nl) (Exit)
[04:29:31] *** Joins: Smileface (alexander@25bc408b.ftth.concepts.nl)
[04:29:48] *** Quits: Smileface (alexander@25bc408b.ftth.concepts.nl) (Exit)
[08:22:36] *** Joins: Francis (Francis@5468C56E.cm-12-1d.dynamic.ziggo.nl)
[08:27:48] *** Quits: Francis (Francis@5468C56E.cm-12-1d.dynamic.ziggo.nl) (Exit)
[09:00:01] *** Joins: tbosua (tbosua@office.hostnetbv.nl)
[10:48:24] *** Joins: georgie- (borgirc@541C1A22.cm-5-5a.dynamic.ziggo.nl)
[10:48:51] *** Parts: georgie- (borgirc@541C1A22.cm-5-5a.dynamic.ziggo.nl) ()
[12:13:32] *** Joins: Francis (Francis@5468C56E.cm-12-1d.dynamic.ziggo.nl)
[13:37:28] *** Quits: Francis (Francis@5468C56E.cm-12-1d.dynamic.ziggo.nl) (Exit)
[14:21:53] *** Quits: DGTL_Magician (DGTL_Magic@sjaal.aazoo.nl) (Ping timeout: 61 seconds)
[14:23:23] *** Joins: DGTL_Magician (DGTL_Magic@sjaal.aazoo.nl)
[15:25:37] *** Joins: Smileface (alexander@25bc408b.ftth.concepts.nl)
[16:18:44] *** Quits: Smileface (alexander@25bc408b.ftth.concepts.nl) (Exit)
[16:45:29] *** Joins: Francis (Francis@5468C56E.cm-12-1d.dynamic.ziggo.nl)
[17:10:32] *** Quits: Spelvoud (Spelvoud@sd51113cf.adsl.online.nl) (Exit)
[17:16:16] *** Joins: Spelvoud (Spelvoud@sd51113cf.adsl.online.nl)
[17:31:23] *** Quits: tbosua (tbosua@office.hostnetbv.nl) (Exit)
[17:52:23] *** Quits: Francis (Francis@5468C56E.cm-12-1d.dynamic.ziggo.nl) (Exit)
[17:58:53] *** Joins: Smileface (alexander@25bc408b.ftth.concepts.nl)
[18:56:42] *** Joins: SCHAPiE (dorian@dhcp-077-249-247-124.chello.nl)
[20:04:21] *** Joins: georgie- (borgirc@541C1A22.cm-5-5a.dynamic.ziggo.nl)
[20:26:47] *** Joins: Francis (Francis@5468C56E.cm-12-1d.dynamic.ziggo.nl)
[20:35:20] *** Joins: Matthew (Matthew@178-117-75-230.access.telenet.be)
[20:40:07] *** Quits: Smileface (alexander@25bc408b.ftth.concepts.nl) (Exit)
[21:21:54] *** Joins: GodFather (p00p@a83152.upc-a.chello.nl)
[21:24:17] *** Joins: Metalfrost (Metalfrost@46.166.186.234)
[21:27:39] *** Joins: Guyver2 (Guyver2@guyver2.xs4all.nl)
[21:29:31] *** Parts: georgie- (borgirc@541C1A22.cm-5-5a.dynamic.ziggo.nl) ()
[22:06:02] *** Quits: Francis (Francis@5468C56E.cm-12-1d.dynamic.ziggo.nl) (Exit)
[22:09:04] *** Quits: Metalfrost (Metalfrost@46.166.186.234) (Exit)
[22:53:56] *** Quits: Matthew (Matthew@178-117-75-230.access.telenet.be) (Connection reset by peer)
[23:06:56] *** Joins: tbosua (tbosua@lkt.hostnet.nl)
[23:31:42] *** Quits: freebee666 (spam@j217177.upc-j.chello.nl) (Exit)
[23:38:46] *** Quits: tbosua (tbosua@lkt.hostnet.nl) (Exit)
[23:39:09] *** Joins: freebee666 (spam@j217177.upc-j.chello.nl)
