[00:05:18] *** Joins: tozZ2 (AndChat714@31.161.172.21)
[00:08:41] *** Joins: tozzmob (AndChat714@54188313.cm-5-1c.dynamic.ziggo.nl)
[00:09:30] *** Quits: tozZ2 (AndChat714@31.161.172.21) (Ping timeout: 66 seconds)
[00:13:47] *** Quits: MueR (MueR@is.hier) (Ping timeout: 60 seconds)
[00:15:20] *** Quits: tozzmob (AndChat714@54188313.cm-5-1c.dynamic.ziggo.nl) (Exit)
[00:24:03] *** Joins: MueR (MueR@is.hier)
[00:24:03] *** ChanServ sets mode: +o MueR
[00:39:44] *** Joins: bbee (bbee@53541FA1.cm-6-5a.dynamic.ziggo.nl)
[01:48:59] *** Quits: Chester (Chester@c77152.upc-c.chello.nl) (Ping timeout: 61 seconds)
[01:50:05] *** Joins: Chester (Chester@c77152.upc-c.chello.nl)
[02:11:58] *** Quits: SCHAPiE (dorian@dhcp-077-249-247-124.chello.nl) (Exit)
[09:34:21] *** Joins: Guyver2 (Guyver2@guyver2.xs4all.nl)
[10:29:23] *** Joins: Francis (Francis@5468C56E.cm-12-1d.dynamic.ziggo.nl)
[10:40:50] *** Joins: SCHAPiE (dorian@dhcp-077-249-247-124.chello.nl)
[11:04:02] *** Quits: Guyver2 (Guyver2@guyver2.xs4all.nl) (Exit)
[13:29:50] *** Joins: Chester- (Chester@c77152.upc-c.chello.nl)
[13:29:55] *** Quits: Chester (Chester@c77152.upc-c.chello.nl) (Ping timeout: 66 seconds)
[13:44:55] *** Quits: Rena (Rena@2001:41d0:b:550:6667:0:0:18) (Ping timeout: 68 seconds)
[13:47:50] *** Quits: jback (quassel@hubble.milkyway.cloud) (Ping timeout: 65 seconds)
[13:48:08] *** Quits: Francis (Francis@5468C56E.cm-12-1d.dynamic.ziggo.nl) (Ping timeout: 65 seconds)
[13:48:25] *** Joins: Francis (Francis@5468C56E.cm-12-1d.dynamic.ziggo.nl)
[13:48:56] *** Quits: MueR (MueR@is.hier) (Ping timeout: 69 seconds)
[13:49:14] *** Quits: Spelvoud (Spelvoud@sd51113cf.adsl.online.nl) (Ping timeout: 67 seconds)
[13:50:16] *** Joins: Spelvoud (Spelvoud@sd51113cf.adsl.online.nl)
[13:50:41] *** Joins: jback (quassel@hubble.milkyway.cloud)
[13:54:46] *** Quits: jback (quassel@hubble.milkyway.cloud) (Ping timeout: 68 seconds)
[13:57:34] *** Joins: jback (quassel@hubble.milkyway.cloud)
[13:57:43] *** Joins: MueR (MueR@is.hier)
[13:57:43] *** ChanServ sets mode: +o MueR
[14:00:01] *** Joins: Rena (Rena@2001:41d0:b:550:6667:0:0:18)
[17:04:23] *** Joins: Smileface (alexander@25bc408b.ftth.concepts.nl)
[17:15:29] *** Quits: Francis (Francis@5468C56E.cm-12-1d.dynamic.ziggo.nl) (Exit)
[17:16:21] *** Joins: Vipertje (tweak@54182E79.cm-5-1a.dynamic.ziggo.nl)
[17:38:04] *** Quits: Smileface (alexander@25bc408b.ftth.concepts.nl) (Exit)
[18:32:10] *** Quits: bbee (bbee@53541FA1.cm-6-5a.dynamic.ziggo.nl) (Exit)
[18:45:32] *** Quits: Vipertje (tweak@54182E79.cm-5-1a.dynamic.ziggo.nl) (Connection reset by peer)
[19:00:10] *** Joins: GodFather (p00p@a83152.upc-a.chello.nl)
[19:02:14] *** Joins: bbee (bbee@53541FA1.cm-6-5a.dynamic.ziggo.nl)
[19:33:58] *** Joins: Matthew (Matthew@178-117-75-230.access.telenet.be)
[21:47:12] *** Quits: Rena (Rena@2001:41d0:b:550:6667:0:0:18) (Ping timeout: 62 seconds)
[21:50:26] *** Joins: QORRiE (dorian@dhcp-077-249-247-124.chello.nl)
[21:51:19] *** Joins: Tomcat_ha (user@a83-162-255-205.adsl.xs4all.nl)
[21:51:22] *** Quits: Tomcat_ha (user@a83-162-255-205.adsl.xs4all.nl) (NickServ (GHOST command used by `Tomcat_))
[21:51:31] *** Joins: Tomcat_ha (user@a83-162-255-205.adsl.xs4all.nl)
[21:51:51] *** Quits: Tomcat_ha (user@a83-162-255-205.adsl.xs4all.nl) (NickServ (GHOST command used by `Tomcat_))
[21:51:58] *** Joins: Tomcat_ha (user@a83-162-255-205.adsl.xs4all.nl)
[21:58:19] *** Joins: Rena (Rena@2001:41d0:b:550:6667:0:0:18)
[22:14:55] *** Quits: QORRiE (dorian@dhcp-077-249-247-124.chello.nl) (Exit)
[22:23:48] *** Quits: Matthew (Matthew@178-117-75-230.access.telenet.be) (Connection reset by peer)
[22:30:18] *** Joins: Guyver2 (Guyver2@guyver2.xs4all.nl)
[23:48:43] *** Quits: GodFather (p00p@a83152.upc-a.chello.nl) (Exit)
