[00:12:05] *** Quits: SCHAPiE (dorian@dhcp-077-249-247-124.chello.nl) (Ping timeout: 60 seconds)
[00:18:05] *** Quits: Matthew (Matthew@178-117-75-230.access.telenet.be) (Connection reset by peer)
[00:27:47] *** Joins: SCHAPiE (dorian@dhcp-077-249-247-124.chello.nl)
[00:40:21] *** Quits: Guyver2 (Guyver2@guyver2.xs4all.nl) (Exit)
[01:45:30] *** Quits: Vipertje (tweak@54182E79.cm-5-1a.dynamic.ziggo.nl) (Ping timeout: 66 seconds)
[01:46:20] *** Joins: Vipertje (tweak@54182E79.cm-5-1a.dynamic.ziggo.nl)
[03:49:07] *** Quits: Vipertje (tweak@54182E79.cm-5-1a.dynamic.ziggo.nl) (Connection reset by peer)
[05:27:36] *** Quits: SCHAPiE (dorian@dhcp-077-249-247-124.chello.nl) (Exit)
[08:13:20] *** Joins: Smileface (alexander@25bc408b.ftth.concepts.nl)
[08:13:54] *** Quits: Smileface (alexander@25bc408b.ftth.concepts.nl) (Exit)
[10:21:48] *** Joins: Guyver2 (Guyver2@guyver2.xs4all.nl)
[11:21:53] *** Quits: Guyver2 (Guyver2@guyver2.xs4all.nl) (Connection reset by peer)
[11:51:13] *** Joins: SCHAPiE (dorian@dhcp-077-249-247-124.chello.nl)
[12:10:39] *** Joins: Matthew (Matthew@178-117-75-230.access.telenet.be)
[12:37:27] *** Joins: Bor (Bor@50702BE5.cm-14.dynamic.ziggo.nl)
[12:44:47] *** Quits: Bor (Bor@50702BE5.cm-14.dynamic.ziggo.nl) (Exit)
[15:24:36] *** Quits: tozzert (tozzke@541FBF87.cm-5-8c.dynamic.ziggo.nl) (Ping timeout: 60 seconds)
[15:33:07] *** Joins: tozzert (tozzke@541FBF87.cm-5-8c.dynamic.ziggo.nl)
[15:33:07] *** ChanServ sets mode: +o tozzert
[16:20:08] *** Joins: Smileface (alexander@25bc408b.ftth.concepts.nl)
[16:22:03] *** Quits: SCHAPiE (dorian@dhcp-077-249-247-124.chello.nl) (Input/output error)
[16:22:55] *** Joins: SCHAPiE (dorian@dhcp-077-249-247-124.chello.nl)
[17:24:59] *** Quits: SCHAPiE (dorian@dhcp-077-249-247-124.chello.nl) (Exit)
[17:30:51] *** Quits: Matthew (Matthew@178-117-75-230.access.telenet.be) (Connection reset by peer)
[17:32:29] *** Joins: SCHAPiE (dorian@dhcp-077-249-247-124.chello.nl)
[18:26:29] *** Quits: Smileface (alexander@25bc408b.ftth.concepts.nl) (Exit)
[18:46:59] *** Joins: Matthew (Matthew@178-117-75-230.access.telenet.be)
[18:48:09] *** Quits: Matthew (Matthew@178-117-75-230.access.telenet.be) (Ping timeout: 61 seconds)
[18:50:02] *** Joins: Matthew (Matthew@178-117-75-230.access.telenet.be)
[18:50:07] *** Quits: Matthew (Matthew@178-117-75-230.access.telenet.be) (Connection reset by peer)
[18:52:03] *** Joins: Matthew (Matthew@178-117-75-230.access.telenet.be)
[18:52:08] *** Quits: Matthew (Matthew@178-117-75-230.access.telenet.be) (Connection reset by peer)
[18:54:28] *** Joins: Matthew (Matthew@178-117-75-230.access.telenet.be)
[18:54:33] *** Quits: Matthew (Matthew@178-117-75-230.access.telenet.be) (Connection reset by peer)
[19:07:23] *** Joins: Matthew (Matthew@178-117-75-230.access.telenet.be)
[19:07:29] *** Quits: Matthew (Matthew@178-117-75-230.access.telenet.be) (Connection reset by peer)
[19:09:11] *** Joins: Matthew (Matthew@178-117-75-230.access.telenet.be)
[19:09:23] *** Quits: Matthew (Matthew@178-117-75-230.access.telenet.be) (Connection reset by peer)
[19:10:00] *** Joins: Matthew (Matthew@178-117-75-230.access.telenet.be)
[19:11:02] *** Quits: Matthew (Matthew@178-117-75-230.access.telenet.be) (Ping timeout: 60 seconds)
[19:29:47] *** Joins: Matthew (Matthew@178-117-75-230.access.telenet.be)
[19:29:59] *** Quits: Matthew (Matthew@178-117-75-230.access.telenet.be) (Connection reset by peer)
[19:30:55] *** Joins: Matthew (Matthew@178-117-75-230.access.telenet.be)
[19:31:58] *** Quits: Matthew (Matthew@178-117-75-230.access.telenet.be) (Ping timeout: 60 seconds)
[20:43:58] *** Joins: Matthew (Matthew@178-117-75-230.access.telenet.be)
[21:38:46] *** Quits: lmd (lmd@5ED7EC48.cm-7-8d.dynamic.ziggo.nl) (Ping timeout: 66 seconds)
[21:40:19] *** Joins: lmd (lmd@5ED7EC48.cm-7-8d.dynamic.ziggo.nl)
[21:45:47] *** Joins: Guyver2 (Guyver2@guyver2.xs4all.nl)
[21:49:00] *** Quits: twistit (uid156026@id-156026.tooting.irccloud.com) (Exit)
[22:29:29] *** Joins: IceShark (IceShark@5468FB1C.cm-12-1d.dynamic.ziggo.nl)
[22:53:33] *** Quits: Matthew (Matthew@178-117-75-230.access.telenet.be) (Connection reset by peer)
[23:11:02] *** Quits: IceShark (IceShark@5468FB1C.cm-12-1d.dynamic.ziggo.nl) (Input/output error)
