[00:00:46] *** Quits: Aapje (user@i244127.upc-i.chello.nl) (Ping timeout: 61 seconds)
[00:01:56] *** Joins: Aapje (user@i244127.upc-i.chello.nl)
[00:06:28] *** Quits: SCHAPiE (dorian@dhcp-077-249-247-124.chello.nl) (Exit)
[00:32:16] *** Quits: Andros (Andros@2.128-200-80.adsl-dyn.isp.belgacom.be) (Ping timeout: 61 seconds)
[00:51:44] *** Quits: Guyver2 (Guyver2@2001:985:f3f:1:90ce:d693:7ff3:15d7) (Exit)
[01:20:27] *** Quits: Tomcat_hatt (user@193.107.221.57) (Exit)
[02:43:57] *** Quits: Bitage (Bitage@82-171-45-9.ip.telfort.nl) (Exit)
[04:13:58] *** Quits: tozzert (tozzke@541FBF87.cm-5-8c.dynamic.ziggo.nl) (Ping timeout: 60 seconds)
[04:22:40] *** Joins: tozzert (tozzke@541FBF87.cm-5-8c.dynamic.ziggo.nl)
[04:22:40] *** ChanServ sets mode: +o tozzert
[04:24:05] *** Quits: Milenco (Milenco@2a01:7c8:aabc:197:5054:ff:fee0:754b) (Ping timeout: 60 seconds)
[04:29:02] *** Joins: Milenco (Milenco@2a01:7c8:aabc:197:5054:ff:fee0:754b)
[08:36:55] *** Joins: Andros (Andros@2.128-200-80.adsl-dyn.isp.belgacom.be)
[08:58:33] *** Quits: Andros (Andros@2.128-200-80.adsl-dyn.isp.belgacom.be) (Ping timeout: 60 seconds)
[09:02:02] *** Joins: Andros (Andros@187.19-244-81.adsl-dyn.isp.belgacom.be)
[09:14:37] *** Joins: tbosua (tbosua@office.hostnetbv.nl)
[09:16:56] *** Quits: Andros (Andros@187.19-244-81.adsl-dyn.isp.belgacom.be) (Ping timeout: 60 seconds)
[10:03:03] *** Joins: Guyver2 (Guyver2@guyver2.xs4all.nl)
[10:03:33] *** Joins: Andros (Andros@147.64-244-81.adsl-dyn.isp.belgacom.be)
[10:03:53] *** Quits: tbosua (tbosua@office.hostnetbv.nl) (Exit)
[10:07:00] *** Joins: tbosua (tbosua@lkt.hostnet.nl)
[10:11:27] *** Quits: Andros (Andros@147.64-244-81.adsl-dyn.isp.belgacom.be) (Ping timeout: 67 seconds)
[10:11:39] *** Joins: Andros (Andros@147.64-244-81.adsl-dyn.isp.belgacom.be)
[10:53:13] *** Quits: Andros (Andros@147.64-244-81.adsl-dyn.isp.belgacom.be) (Ping timeout: 66 seconds)
[11:14:44] *** Quits: tbosua (tbosua@lkt.hostnet.nl) (Ping timeout: 61 seconds)
[11:17:01] *** Joins: tbosua (tbosua@92-111-12-69.static.chello.nl)
[11:24:30] *** Quits: tbosua (tbosua@92-111-12-69.static.chello.nl) (Exit)
[11:24:37] *** Joins: tbosua (tbosua@office.hostnetbv.nl)
[11:43:30] *** Joins: Tomcat_ha (user@a83-162-255-205.adsl.xs4all.nl)
[14:14:01] *** Quits: tbosua (tbosua@office.hostnetbv.nl) (Exit)
[14:58:36] *** Joins: tbosua (tbosua@office.hostnetbv.nl)
[16:11:44] *** Joins: Smileface (alexander@25bc408b.ftth.concepts.nl)
[17:11:15] *** Quits: jback (quassel@hubble.milkyway.cloud) (Connection reset by peer)
[17:13:32] *** Joins: jback (quassel@hubble.milkyway.cloud)
[17:35:49] *** Quits: Hooglander1 (Hoog@isleet.nl) (Exit)
[17:38:19] *** Joins: Hooglander1 (Hoog@2001:984:ef56:1:211:32ff:fe51:1415)
[17:38:59] *** Quits: tbosua (tbosua@office.hostnetbv.nl) (Exit)
[18:31:23] *** Joins: SCHAPiE (dorian@dhcp-077-249-247-124.chello.nl)
[20:13:12] *** Joins: Francis (Francis@5468C56E.cm-12-1d.dynamic.ziggo.nl)
[20:27:36] *** Joins: Bitage (Bitage@82-171-45-9.ip.telfort.nl)
[20:30:19] *** tozzert is now known as tozzdrinkt
[20:44:05] *** Quits: Smileface (alexander@25bc408b.ftth.concepts.nl) (Exit)
[21:18:29] *** Escovan is now known as HetGeval
[21:22:39] *** Quits: Francis (Francis@5468C56E.cm-12-1d.dynamic.ziggo.nl) (Exit)
[21:46:02] *** Quits: Bitage (Bitage@82-171-45-9.ip.telfort.nl) (Exit)
[23:18:54] *** Joins: Vipertje (tweak@54182E79.cm-5-1a.dynamic.ziggo.nl)
[23:24:51] *** Quits: Vipertje (tweak@54182E79.cm-5-1a.dynamic.ziggo.nl) (Connection reset by peer)
[23:28:39] *** Joins: Vipertje (tweak@54182E79.cm-5-1a.dynamic.ziggo.nl)
[23:33:05] *** Joins: Andros (Andros@147.64-244-81.adsl-dyn.isp.belgacom.be)
