[00:00:42] *** Quits: Aapje (user@i244127.upc-i.chello.nl) (Ping timeout: 66 seconds)
[00:01:15] *** Joins: Aapje (user@i244127.upc-i.chello.nl)
[00:02:59] *** Quits: GodFather (p00p@a83152.upc-a.chello.nl) (Exit)
[00:25:46] *** Quits: SCHAPiE (dorian@dhcp-077-249-247-124.chello.nl) (Exit)
[01:26:10] *** Quits: lmd (lmd@5ED7EC48.cm-7-8d.dynamic.ziggo.nl) (Ping timeout: 60 seconds)
[01:27:49] *** Joins: lmd (lmd@5ED7EC48.cm-7-8d.dynamic.ziggo.nl)
[01:45:38] *** Quits: Guyver2 (Guyver2@guyver2.xs4all.nl) (Exit)
[03:40:29] *** Quits: freebee666 (spam@j217177.upc-j.chello.nl) (Ping timeout: 61 seconds)
[03:40:38] *** Quits: Aapje (user@i244127.upc-i.chello.nl) (Ping timeout: 61 seconds)
[03:40:51] *** Quits: Chester (Chester@c77152.upc-c.chello.nl) (Ping timeout: 67 seconds)
[03:42:07] *** Joins: Aapje (user@i244127.upc-i.chello.nl)
[03:42:28] *** Joins: freebee666 (spam@j217177.upc-j.chello.nl)
[03:42:50] *** Joins: Chester (Chester@c77152.upc-c.chello.nl)
[03:47:34] *** Quits: freebee666 (spam@j217177.upc-j.chello.nl) (Ping timeout: 60 seconds)
[03:47:34] *** Quits: Chester (Chester@c77152.upc-c.chello.nl) (Ping timeout: 60 seconds)
[03:49:54] *** Joins: Chester (Chester@c77152.upc-c.chello.nl)
[03:55:32] *** Joins: freebee666 (spam@j217177.upc-j.chello.nl)
[04:17:54] *** Quits: freebee666 (spam@j217177.upc-j.chello.nl) (Ping timeout: 60 seconds)
[04:18:01] *** Quits: Aapje (user@i244127.upc-i.chello.nl) (Ping timeout: 66 seconds)
[04:18:01] *** Quits: Chester (Chester@c77152.upc-c.chello.nl) (Ping timeout: 66 seconds)
[04:19:40] *** Joins: Aapje (user@i244127.upc-i.chello.nl)
[04:19:41] *** Joins: Chester (Chester@c77152.upc-c.chello.nl)
[04:19:43] *** Joins: freebee666 (spam@j217177.upc-j.chello.nl)
[04:23:28] *** Quits: freebee666 (spam@j217177.upc-j.chello.nl) (Ping timeout: 60 seconds)
[04:30:56] *** Joins: freebee666 (spam@j217177.upc-j.chello.nl)
[05:41:15] *** Quits: Smileface (alexander@25bc408b.ftth.concepts.nl) (Exit)
[09:00:16] *** Joins: tbosua (tbosua@office.hostnetbv.nl)
[10:22:47] *** Quits: Tomcat_ha (user@a83-162-255-205.adsl.xs4all.nl) (Exit)
[10:50:39] *** Joins: Guyver2 (Guyver2@guyver2.xs4all.nl)
[11:03:25] *** Quits: tbosua (tbosua@office.hostnetbv.nl) (Exit)
[11:25:22] *** Joins: tbosua (tbosua@office.hostnetbv.nl)
[13:24:38] *** Joins: Smileface (alexander@25bc408b.ftth.concepts.nl)
[15:12:07] <Escovan> Zo, ff 10 veldjes over elkaar geplakt #ingress
[15:18:41] <Escovan> ghe ghe
[15:18:48] <Escovan> de kikkers komen uit hun sloot
[17:39:07] *** Joins: Francis (Francis@5468C56E.cm-12-1d.dynamic.ziggo.nl)
[17:41:26] *** Quits: Smileface (alexander@25bc408b.ftth.concepts.nl) (Exit)
[17:58:17] *** Quits: tbosua (tbosua@office.hostnetbv.nl) (Exit)
[18:28:14] *** Quits: Francis (Francis@5468C56E.cm-12-1d.dynamic.ziggo.nl) (Exit)
[18:37:53] *** Joins: SCHAPiE (dorian@dhcp-077-249-247-124.chello.nl)
[19:36:23] *** Joins: Copyman (copyman@5ED571C4.cm-7-6b.dynamic.ziggo.nl)
[19:45:30] *** Quits: lmd (lmd@5ED7EC48.cm-7-8d.dynamic.ziggo.nl) (Connection reset by peer)
[19:58:23] *** Joins: lmd (lmd@5ED7EC48.cm-7-8d.dynamic.ziggo.nl)
[20:54:31] *** Quits: Hooglander1 (Hoog@2001:984:ef56:1:211:32ff:fe51:1415) (Exit)
[20:55:28] *** Joins: Hooglander1 (Hoog@isleet.nl)
[21:06:58] *** Joins: Smileface (alexander@25bc408b.ftth.concepts.nl)
[22:01:44] *** Quits: Smileface (alexander@25bc408b.ftth.concepts.nl) (Exit)
[22:13:51] *** Joins: Vipertje (tweak@54182E79.cm-5-1a.dynamic.ziggo.nl)
[22:15:09] *** Quits: Chester (Chester@c77152.upc-c.chello.nl) (Ping timeout: 60 seconds)
[22:16:35] *** Joins: Chester (Chester@c77152.upc-c.chello.nl)
[22:47:04] <freebee666> choeso jei Escovan :+
[22:47:41] <freebee666> ik vanavond ook iets langer gespeeld dan de bedoeling was, 3 uur ipv 30-60 minuten :'D
