[00:00:31] *** Quits: DGTL_Magician (DGTL_Magic@sjaal.aazoo.nl) (Ping timeout: 61 seconds)
[00:01:05] *** Quits: Aapje (user@i244127.upc-i.chello.nl) (Ping timeout: 64 seconds)
[00:01:41] *** Joins: Aapje (user@i244127.upc-i.chello.nl)
[00:06:50] *** Joins: DGTL_Magician (DGTL_Magic@sjaal.aazoo.nl)
[00:08:17] *** Joins: Tomcat_ha (user@a83-162-255-205.adsl.xs4all.nl)
[00:11:00] *** Quits: DGTL_Magician (DGTL_Magic@sjaal.aazoo.nl) (Ping timeout: 66 seconds)
[00:11:48] *** Joins: DGTL_Magician (DGTL_Magic@sjaal.aazoo.nl)
[00:24:49] *** Quits: Spelvoud (Spelvoud@sd51113cf.adsl.online.nl) (Ping timeout: 60 seconds)
[00:25:20] *** Joins: Spelvoud (Spelvoud@sd51113cf.adsl.online.nl)
[00:59:10] *** Quits: DGTL_Magician (DGTL_Magic@sjaal.aazoo.nl) (Ping timeout: 60 seconds)
[01:04:24] *** Joins: DGTL_Magician (DGTL_Magic@sjaal.aazoo.nl)
[01:44:37] *** Quits: Bliksem1 (Tweaki7@a82-161-41-5.adsl.xs4all.nl) (Exit)
[01:45:24] *** Joins: Bliksem (Tweaki7@a82-161-41-5.adsl.xs4all.nl)
[03:35:16] *** Quits: RandyJC (sid120450@2604:8300:100:200b:6667:5:1:d682) (Ping timeout: 66 seconds)
[03:35:33] *** Joins: RandyJC (sid120450@id-120450.brockwell.irccloud.com)
[03:53:39] *** Quits: Smile (alexander@25bc408b.ftth.concepts.nl) (Exit)
[05:20:36] *** Joins: Escovan (Escovan@server1.escovan.net)
[06:21:42] *** Quits: RandyJC (sid120450@id-120450.brockwell.irccloud.com) (Ping timeout: 68 seconds)
[06:21:59] *** Joins: RandyJC (sid120450@id-120450.brockwell.irccloud.com)
[08:54:42] <Chiron> en dan bouw je het weer op als ze zijn opgehoepeld?
[08:55:43] <Chiron> ik begin het een beetje zat te worden eerlijk gezegd.. spelers met meerdere telefoons/accounts, en om te pesten elke dag met een andere spoof clone je home/work portal plat gooien, of alle guardians bijhouden met een scraper/database.. meh
[09:14:19] *** Joins: tbosua (tbosua@office.hostnetbv.nl)
[09:22:38] *** Joins: Guyver2 (Guyver2@guyver2.xs4all.nl)
[09:25:42] <freebee666> oh ik bouw wel hoor Chiron :+ 3x gisteravond :P
[10:36:48] *** Joins: Escovan (Escovan@server1.escovan.net)
[10:47:28] *** Quits: Chester- (Chester@c77152.upc-c.chello.nl) (Ping timeout: 60 seconds)
[12:01:30] <Chiron> da's wel lekker punten pakken :)
[14:33:21] *** Quits: Guyver2 (Guyver2@guyver2.xs4all.nl) (Exit)
[14:52:15] *** Quits: freebee666 (spam@j217177.upc-j.chello.nl) (Connection reset by peer)
[14:52:15] *** Joins: freebee666 (spam@j217177.upc-j.chello.nl)
[15:30:45] *** Joins: Smileface (alexander@25bc408b.ftth.concepts.nl)
[15:41:47] *** Joins: GodFather (p00p@a83152.upc-a.chello.nl)
[16:35:57] *** Joins: Guyver2 (Guyver2@guyver2.xs4all.nl)
[17:15:34] *** Quits: GodFather (p00p@a83152.upc-a.chello.nl) (Exit)
[17:36:39] *** Joins: Escovan (Escovan@server1.escovan.net)
[17:45:25] *** Joins: Francis (Francis@5468C56E.cm-12-1d.dynamic.ziggo.nl)
[18:41:23] *** Joins: GodFather (p00p@a83152.upc-a.chello.nl)
[18:57:19] *** Quits: Francis (Francis@5468C56E.cm-12-1d.dynamic.ziggo.nl) (Exit)
[18:59:12] *** Joins: Matthew (Matthew@178-117-75-230.access.telenet.be)
[19:12:53] *** Joins: Copyman (copyman@5ED571C4.cm-7-6b.dynamic.ziggo.nl)
[19:19:15] *** Quits: Aapje (user@i244127.upc-i.chello.nl) (Ping timeout: 60 seconds)
[19:33:19] *** Joins: Aapje (user@i244127.upc-i.chello.nl)
[20:21:29] *** Quits: Matthew (Matthew@178-117-75-230.access.telenet.be) (Exit)
[20:21:53] *** Joins: Matthew (Matthew@188.188.64.45)
[20:32:52] *** Joins: Francis (Francis@5468C56E.cm-12-1d.dynamic.ziggo.nl)
[20:52:50] <freebee666> heb de punten niet zo hard nodig gelukkig Chiron xD
[21:38:16] * freebee666 pokes Escovan
[21:39:18] * Matthew breaks out the slapping rod and looks sternly at freebee666
[21:39:28] <Matthew> bedankt slapscript
[21:41:16] <freebee666> lol
[21:49:47] *** Quits: GodFather (p00p@a83152.upc-a.chello.nl) (Ping timeout: 60 seconds)
[22:17:29] *** Quits: Francis (Francis@5468C56E.cm-12-1d.dynamic.ziggo.nl) (Exit)
[22:28:05] *** Joins: Deianeira|GPC (spam@j217177.upc-j.chello.nl)
[22:28:11] *** Quits: freebee666 (spam@j217177.upc-j.chello.nl) (Connection reset by peer)
[22:28:16] *** Quits: Bliksem (Tweaki7@a82-161-41-5.adsl.xs4all.nl) (Ping timeout: 65 seconds)
[22:28:30] *** Joins: Bliksem (Tweaki7@a82-161-41-5.adsl.xs4all.nl)
[23:27:30] *** Quits: Copyman (copyman@5ED571C4.cm-7-6b.dynamic.ziggo.nl) (Exit)
[23:35:58] *** Quits: Matthew (Matthew@188.188.64.45) (Connection reset by peer)
