[00:00:40] *** Quits: Aapje (user@i244127.upc-i.chello.nl) (Ping timeout: 61 seconds)
[00:01:30] *** Joins: Aapje (user@i244127.upc-i.chello.nl)
[00:03:30] *** Quits: Guyver2 (Guyver2@guyver2.xs4all.nl) (Exit)
[00:04:12] *** Quits: Tomcat_hatt (user@193.107.221.57) (Exit)
[00:32:09] *** Quits: SCHAPiE (dorian@dhcp-077-249-247-124.chello.nl) (Exit)
[02:35:24] *** Quits: Spelvoud (Spelvoud@sd51113cf.adsl.online.nl) (Ping timeout: 66 seconds)
[02:49:46] *** Joins: Spelvoud (Spelvoud@sd51113cf.adsl.online.nl)
[04:25:56] *** Quits: Smileface (alexander@25bc408b.ftth.concepts.nl) (Exit)
[07:52:06] *** Joins: Escovan (Escovan@test.prutsplek.nl)
[09:04:16] *** Joins: tbosua (tbosua@office.hostnetbv.nl)
[09:08:59] *** Joins: Francis (Francis@5468C56E.cm-12-1d.dynamic.ziggo.nl)
[09:10:11] *** Joins: Francis_ (Francis@5468C56E.cm-12-1d.dynamic.ziggo.nl)
[09:10:16] *** Quits: Francis (Francis@5468C56E.cm-12-1d.dynamic.ziggo.nl) (Ping timeout: 66 seconds)
[09:10:46] *** Quits: Francis_ (Francis@5468C56E.cm-12-1d.dynamic.ziggo.nl) (Connection reset by peer)
[09:11:57] *** Joins: Tomcat_hatt (user@193.107.221.57)
[09:13:25] *** Joins: Francis (Francis@5468C56E.cm-12-1d.dynamic.ziggo.nl)
[09:15:27] *** Quits: Francis (Francis@5468C56E.cm-12-1d.dynamic.ziggo.nl) (Ping timeout: 67 seconds)
[09:20:33] *** Joins: Francis (Francis@5468C56E.cm-12-1d.dynamic.ziggo.nl)
[09:21:56] *** Quits: Francis (Francis@5468C56E.cm-12-1d.dynamic.ziggo.nl) (Ping timeout: 62 seconds)
[09:46:40] *** Quits: Tomcat_hatt (user@193.107.221.57) (Exit)
[11:01:04] *** Joins: Guyver2 (Guyver2@guyver2.xs4all.nl)
[12:13:30] *** Quits: Guyver2 (Guyver2@guyver2.xs4all.nl) (Exit)
[13:42:58] *** Joins: Smileface (alexander@25bc408b.ftth.concepts.nl)
[13:49:05] *** Quits: GameFreak (nn@123-035-128-083.dynamic.caiway.nl) (Ping timeout: 61 seconds)
[13:53:58] *** Quits: ElectrowolF (DI3@5355D892.cm-6-6d.dynamic.ziggo.nl) (Exit)
[14:02:39] *** Joins: Guyver2 (Guyver2@guyver2.xs4all.nl)
[14:29:55] *** Joins: Tomcat_ha (user@a83-162-255-205.adsl.xs4all.nl)
[14:39:01] *** Quits: Guyver2 (Guyver2@guyver2.xs4all.nl) (Exit)
[14:48:48] *** Joins: GameFreak (nn@005-130-128-083.dynamic.caiway.nl)
[15:21:20] *** Joins: Francis (Francis@5468C56E.cm-12-1d.dynamic.ziggo.nl)
[16:16:53] *** Quits: Francis (Francis@5468C56E.cm-12-1d.dynamic.ziggo.nl) (Exit)
[17:04:12] *** Quits: tbosua (tbosua@office.hostnetbv.nl) (Exit)
[17:04:27] *** Joins: tbosua (tbosua@office.hostnetbv.nl)
[17:07:21] *** Joins: Skalton (Skalton@541971C3.cm-5-2b.dynamic.ziggo.nl)
[17:12:36] *** Joins: Guyver2 (Guyver2@guyver2.xs4all.nl)
[17:19:31] *** Quits: Spelvoud (Spelvoud@sd51113cf.adsl.online.nl) (Exit)
[17:30:15] *** Quits: tbosua (tbosua@office.hostnetbv.nl) (Exit)
[18:06:20] *** Joins: Francis (Francis@5468C56E.cm-12-1d.dynamic.ziggo.nl)
[18:11:32] *** Quits: Guyver2 (Guyver2@guyver2.xs4all.nl) (Ping timeout: 67 seconds)
[18:14:52] *** Joins: Spelvoud (Spelvoud@sd51113cf.adsl.online.nl)
[18:29:03] *** Quits: Aapje (user@i244127.upc-i.chello.nl) (Ping timeout: 60 seconds)
[18:29:57] *** Joins: Aapje (user@i244127.upc-i.chello.nl)
[18:39:05] <Escovan> freebee666, \o/
[18:40:06] <Escovan> Net even lekker gewandeld. Nog wat kikkerdril verwijderd ... paar puntjes gepakt ... nog 2 weekjes ofzo (op slakkentempo) tot level 11. Of 3x4 uur in de stad.
[18:40:50] <Escovan> Ik heb ook geen kalmeringspilletjes gehad en mijn depotmedicatie krijg ik ook niet meer ... Dus ik was een beetje druk! :P
[18:41:11] <Escovan> Zo, en nu bier en pizza
[18:47:48] *** Quits: Francis (Francis@5468C56E.cm-12-1d.dynamic.ziggo.nl) (Exit)
[18:59:32] *** Joins: SCHAPiE (dorian@dhcp-077-249-247-124.chello.nl)
[19:12:23] *** Joins: Metalfrost (Metalfrost@tsn109-201-152-241.dyn.nltelcom.net)
[19:19:04] *** Quits: Aapje (user@i244127.upc-i.chello.nl) (Ping timeout: 68 seconds)
[19:36:08] *** Joins: Guyver2 (Guyver2@guyver2.xs4all.nl)
[19:52:48] *** Quits: Metalfrost (Metalfrost@tsn109-201-152-241.dyn.nltelcom.net) (Exit)
[19:58:18] *** Joins: Aapje (user@i244127.upc-i.chello.nl)
[19:59:56] *** Quits: Aapje (user@i244127.upc-i.chello.nl) (Ping timeout: 60 seconds)
[20:00:33] *** Joins: Aapje (user@i244127.upc-i.chello.nl)
[20:07:21] *** Joins: Matthew (Matthew@178-117-75-230.access.telenet.be)
[20:08:40] *** Joins: Metalfrost (Metalfrost@tsn109-201-152-241.dyn.nltelcom.net)
[20:35:02] *** Quits: SCHAPiE (dorian@dhcp-077-249-247-124.chello.nl) (Ping timeout: 60 seconds)
[20:35:49] <freebee666> ghehe nice Escovan :) lekke rrugtig doorlvln :)
[20:36:44] *** Quits: Guyver2 (Guyver2@guyver2.xs4all.nl) (Ping timeout: 66 seconds)
[20:40:45] *** Joins: Guyver2 (Guyver2@guyver2.xs4all.nl)
[20:50:38] *** Joins: SCHAPiE (dorian@dhcp-077-249-247-124.chello.nl)
[20:50:49] *** Quits: Metalfrost (Metalfrost@tsn109-201-152-241.dyn.nltelcom.net) (Exit)
[21:09:45] *** Quits: SCHAPiE (dorian@dhcp-077-249-247-124.chello.nl) (Exit)
[21:09:45] *** Joins: georgie- (borgirc@541C1A22.cm-5-5a.dynamic.ziggo.nl)
[21:10:06] *** Parts: georgie- (borgirc@541C1A22.cm-5-5a.dynamic.ziggo.nl) ()
[21:10:47] *** Joins: SCHAPiE (dorian@dhcp-077-249-247-124.chello.nl)
[21:13:16] *** Joins: SCHAPiE_ (dorian@dhcp-077-249-247-124.chello.nl)
[21:31:10] *** Quits: jback (quassel@212.47.254.155) (Client exited)
[21:45:10] *** Joins: jback (quassel@hubble.milkyway.cloud)
[21:47:42] *** Joins: jbck (quassel@kepler.milkyway.cloud)
[22:05:36] *** Quits: jbck (quassel@kepler.milkyway.cloud) (Ping timeout: 61 seconds)
[23:44:16] *** Joins: georgie- (borgirc@541C1A22.cm-5-5a.dynamic.ziggo.nl)
[23:44:34] *** Quits: georgie- (borgirc@541C1A22.cm-5-5a.dynamic.ziggo.nl) (Exit)
[23:58:47] *** Quits: Matthew (Matthew@178-117-75-230.access.telenet.be) (Connection reset by peer)
