[00:05:21] *** Quits: coolhva (coolhva@nix.ipv6.hype.nl) (Ping timeout: 61 seconds)
[00:07:56] *** Joins: coolhva (coolhva@nix.ipv6.hype.nl)
[01:00:30] *** Quits: Spelvoud (Spelvoud@sd51113cf.adsl.online.nl) (Exit)
[01:08:58] *** Quits: Guyver2 (Guyver2@guyver2.xs4all.nl) (Exit)
[01:12:24] *** Quits: SCHAPiE (dorian@dhcp-077-249-247-124.chello.nl) (Exit)
[02:07:08] *** Joins: Deianeira|GPC (spam@j217177.upc-j.chello.nl)
[02:07:12] *** Quits: freebee666 (spam@j217177.upc-j.chello.nl) (Ping timeout: 60 seconds)
[02:07:21] *** Quits: Aapje (user@i244127.upc-i.chello.nl) (Ping timeout: 60 seconds)
[02:07:25] *** Joins: _Aapje (user@i244127.upc-i.chello.nl)
[02:32:15] *** Joins: DirkTech (D@kbl-tnz5040.zeelandnet.nl)
[02:32:30] *** Quits: DirkTech (D@kbl-tnz5040.zeelandnet.nl) (Exit)
[02:47:33] *** Quits: _Aapje (user@i244127.upc-i.chello.nl) (Ping timeout: 60 seconds)
[02:47:45] *** Joins: Aapje (user@i244127.upc-i.chello.nl)
[06:03:51] *** Joins: Spelvoud (Spelvoud@sd51113cf.adsl.online.nl)
[08:44:11] *** Joins: Chiron (Chiron@ip5652834f.adsl-surfen.hetnet.nl)
[09:17:35] *** Joins: tbosua (tbosua@office.hostnetbv.nl)
[09:46:50] *** Quits: Deianeira|GPC (spam@j217177.upc-j.chello.nl) (Ping timeout: 66 seconds)
[10:34:40] *** Joins: Guyver2 (Guyver2@guyver2.xs4all.nl)
[11:45:37] *** Quits: Guyver2 (Guyver2@guyver2.xs4all.nl) (Exit)
[11:46:25] *** Joins: Francis (Francis@5468C56E.cm-12-1d.dynamic.ziggo.nl)
[11:52:43] *** Quits: Francis (Francis@5468C56E.cm-12-1d.dynamic.ziggo.nl) (Exit)
[12:32:04] *** Joins: Guyver2 (Guyver2@guyver2.xs4all.nl)
[13:05:36] *** Joins: Francis (Francis@5468C56E.cm-12-1d.dynamic.ziggo.nl)
[14:37:31] *** Quits: Francis (Francis@5468C56E.cm-12-1d.dynamic.ziggo.nl) (Exit)
[17:28:46] *** Quits: tbosua (tbosua@office.hostnetbv.nl) (Exit)
[18:11:08] *** Joins: Francis (Francis@5468C56E.cm-12-1d.dynamic.ziggo.nl)
[18:17:55] *** Quits: Tomcat_hatt (user@193.107.221.57) (Exit)
[18:37:15] *** Joins: Matthew (Matthew@178-117-75-230.access.telenet.be)
[18:39:57] *** Quits: Francis (Francis@5468C56E.cm-12-1d.dynamic.ziggo.nl) (Exit)
[18:44:49] *** Joins: Tomcat_hatt (user@193.107.221.57)
[18:47:59] *** Joins: SCHAPiE (dorian@dhcp-077-249-247-124.chello.nl)
[18:49:05] *** Quits: Aapje (user@i244127.upc-i.chello.nl) (Ping timeout: 67 seconds)
[18:51:20] *** Quits: Tomcat_hatt (user@193.107.221.57) (Connection reset by peer)
[19:04:52] *** Joins: Tomcat_hatt (user@193.107.221.57)
[19:22:43] *** Joins: Escofan (escovan@j88103.upc-j.chello.nl)
[19:27:59] *** Quits: Escofan (escovan@j88103.upc-j.chello.nl) (Exit)
[19:30:43] <Escovan> freebee666 ?
[19:30:47] *** Joins: Francis (Francis@5468C56E.cm-12-1d.dynamic.ziggo.nl)
[19:31:02] <Escovan> wo bist du?
[19:50:14] *** Joins: Smileface (alexander@25bc408b.ftth.concepts.nl)
[19:55:53] *** Quits: SCHAPiE (dorian@dhcp-077-249-247-124.chello.nl) (Input/output error)
[19:56:30] *** Joins: SCHAPiE (dorian@dhcp-077-249-247-124.chello.nl)
[21:50:18] *** Joins: freebee666 (spam@j217177.upc-j.chello.nl)
[21:51:20] <freebee666> ello Escovan :)
[21:53:14] *** Quits: Francis (Francis@5468C56E.cm-12-1d.dynamic.ziggo.nl) (Exit)
[21:58:19] *** Quits: Matthew (Matthew@178-117-75-230.access.telenet.be) (Connection reset by peer)
[22:15:50] *** Quits: bbee (bbee@53541BFC.cm-6-5a.dynamic.ziggo.nl) (Ping timeout: 60 seconds)
[22:31:44] *** Joins: bbee (bbee@53541BFC.cm-6-5a.dynamic.ziggo.nl)
[22:32:43] *** Joins: Aapje (user@i244127.upc-i.chello.nl)
[23:46:22] *** Joins: ElectrowolF (DI3@5355D892.cm-6-6d.dynamic.ziggo.nl)
