[00:01:40] *** Quits: Guyver2 (Guyver2@guyver2.xs4all.nl) (Connection reset by peer)
[00:34:45] *** Quits: Deianeira|GPC (spam@j217177.upc-j.chello.nl) (Ping timeout: 60 seconds)
[00:35:55] *** Quits: Aapje (user@i244127.upc-i.chello.nl) (Ping timeout: 60 seconds)
[00:36:52] *** Joins: Aapje (user@i244127.upc-i.chello.nl)
[00:42:16] *** Joins: freebee666 (spam@j217177.upc-j.chello.nl)
[00:58:33] *** Quits: freebee666 (spam@j217177.upc-j.chello.nl) (Ping timeout: 60 seconds)
[00:59:17] *** Quits: Aapje (user@i244127.upc-i.chello.nl) (Connection reset by peer)
[00:59:25] *** Joins: Aapje (user@i244127.upc-i.chello.nl)
[01:06:02] *** Joins: freebee666 (spam@j217177.upc-j.chello.nl)
[03:02:23] *** Joins: Chester (Chester@c77152.upc-c.chello.nl)
[03:15:59] *** Quits: freebee666 (spam@j217177.upc-j.chello.nl) (Ping timeout: 66 seconds)
[03:23:15] *** Joins: freebee666 (spam@j217177.upc-j.chello.nl)
[03:29:26] *** Quits: freebee666 (spam@j217177.upc-j.chello.nl) (Ping timeout: 60 seconds)
[03:30:08] *** Joins: freebee666 (spam@j217177.upc-j.chello.nl)
[05:00:47] *** Quits: Aapje (user@i244127.upc-i.chello.nl) (Ping timeout: 66 seconds)
[05:00:58] *** Joins: Aapje (user@i244127.upc-i.chello.nl)
[07:25:54] *** Quits: Smileface (alexander@25bc408b.ftth.concepts.nl) (Exit)
[08:58:58] *** Joins: tbosua (tbosua@office.hostnetbv.nl)
[09:58:35] *** Joins: GodFather (p00p@a83152.upc-a.chello.nl)
[11:24:31] *** Quits: tbosua (tbosua@office.hostnetbv.nl) (Exit)
[11:58:09] *** Quits: GodFather (p00p@a83152.upc-a.chello.nl) (Exit)
[11:59:56] *** Joins: GodFather (p00p@a83152.upc-a.chello.nl)
[12:08:45] *** Joins: tbosua (tbosua@office.hostnetbv.nl)
[12:12:10] *** Quits: GodFather (p00p@a83152.upc-a.chello.nl) (Exit)
[13:39:50] *** Joins: martinvd (martinvd@217.67.252.69)
[13:39:53] *** martinvd is now known as mexxus
[13:40:01] *** Parts: mexxus (martinvd@217.67.252.69) ()
[14:29:37] *** Quits: lmd (lmd@5ED7EC48.cm-7-8d.dynamic.ziggo.nl) (Ping timeout: 61 seconds)
[16:23:37] *** Joins: GodFather (p00p@a83152.upc-a.chello.nl)
[16:55:36] *** Quits: DCM360 (DCM360@535509EC.cm-6-6a.dynamic.ziggo.nl) (Ping timeout: 60 seconds)
[16:56:09] *** Joins: DCM360 (DCM360@535509EC.cm-6-6a.dynamic.ziggo.nl)
