[00:34:16] *** Quits: SCHAPiE (dorian@dhcp-077-249-247-124.chello.nl) (Exit)
[01:13:52] *** Quits: bbee (bbee@53541FA1.cm-6-5a.dynamic.ziggo.nl) (Ping timeout: 60 seconds)
[01:18:47] *** Quits: lmd (lmd@5ED7EC48.cm-7-8d.dynamic.ziggo.nl) (Ping timeout: 67 seconds)
[01:20:17] *** Joins: lmd (lmd@5ED7EC48.cm-7-8d.dynamic.ziggo.nl)
[01:26:39] *** Quits: Guyver2 (Guyver2@guyver2.xs4all.nl) (Exit)
[01:47:17] *** Joins: bbee (bbee@53541FA1.cm-6-5a.dynamic.ziggo.nl)
[02:53:23] *** Quits: Aapje (user@i244127.upc-i.chello.nl) (Ping timeout: 60 seconds)
[02:53:23] *** Joins: _Aapje (user@i244127.upc-i.chello.nl)
[07:08:10] *** Quits: AjDuLion (sid50412@id-50412.charlton.irccloud.com) (Ping timeout: 67 seconds)
[07:08:10] *** Quits: twistit (uid156026@id-156026.tooting.irccloud.com) (Ping timeout: 67 seconds)
[07:08:10] *** Quits: RandyJC (sid120450@id-120450.brockwell.irccloud.com) (Ping timeout: 67 seconds)
[07:08:22] *** Joins: twistit (uid156026@id-156026.tooting.irccloud.com)
[07:08:28] *** Joins: RandyJC (sid120450@id-120450.brockwell.irccloud.com)
[07:08:42] *** Joins: AjDuLion (sid50412@id-50412.charlton.irccloud.com)
[08:36:19] *** Joins: Francis (Francis@5468C56E.cm-12-1d.dynamic.ziggo.nl)
[08:36:58] *** Quits: Francis (Francis@5468C56E.cm-12-1d.dynamic.ziggo.nl) (Connection reset by peer)
[08:37:50] *** Joins: Francis (Francis@5468C56E.cm-12-1d.dynamic.ziggo.nl)
[08:37:52] *** Quits: Francis (Francis@5468C56E.cm-12-1d.dynamic.ziggo.nl) (Connection reset by peer)
[08:45:12] *** Joins: Francis (Francis@5468C56E.cm-12-1d.dynamic.ziggo.nl)
[09:47:47] *** Quits: Francis (Francis@5468C56E.cm-12-1d.dynamic.ziggo.nl) (Ping timeout: 61 seconds)
[09:48:31] *** Joins: Francis (Francis@5468C56E.cm-12-1d.dynamic.ziggo.nl)
[11:37:54] *** Quits: Francis (Francis@5468C56E.cm-12-1d.dynamic.ziggo.nl) (Exit)
[12:02:56] *** Joins: jay-v (root@62.182.241.4)
[13:51:07] *** Joins: Smileface (alexander@25bc408b.ftth.concepts.nl)
[14:48:06] *** Quits: LuNaTiC|HJ (blaat@5468D119.cm-12-1d.dynamic.ziggo.nl) (Exit)
[15:02:08] *** Joins: Francis (Francis@5468C56E.cm-12-1d.dynamic.ziggo.nl)
[15:27:09] *** _Aapje is now known as Aapje
[15:48:58] *** Quits: Francis (Francis@5468C56E.cm-12-1d.dynamic.ziggo.nl) (Exit)
[19:39:07] *** Joins: Matthew (Matthew@178-117-75-230.access.telenet.be)
[20:27:59] *** Joins: SCHAPiE (dorian@dhcp-077-249-247-124.chello.nl)
[21:52:49] *** Quits: jay-v (root@62.182.241.4) (Ping timeout: 68 seconds)
[21:52:58] *** Joins: jay-v (root@62.182.241.4)
[21:53:33] *** Joins: Guyver2 (Guyver2@guyver2.xs4all.nl)
[21:55:18] *** Quits: jay-v (root@62.182.241.4) (Ping timeout: 64 seconds)
[22:19:46] *** Joins: Vipertje (tweak@54182E79.cm-5-1a.dynamic.ziggo.nl)
[22:32:36] *** Joins: Francis (Francis@5468C56E.cm-12-1d.dynamic.ziggo.nl)
[23:36:34] *** Quits: Francis (Francis@5468C56E.cm-12-1d.dynamic.ziggo.nl) (Connection reset by peer)
[23:43:38] *** Quits: Smileface (alexander@25bc408b.ftth.concepts.nl) (Exit)
