[11:19:05] *** Quits: Guyver2 (Guyver2@guyver2.xs4all.nl) (Exit)
[11:36:55] *** Joins: idef1x (sjoerd@a83-163-227-207.adsl.xs4all.nl)
[11:42:17] *** Parts: idef1x (sjoerd@a83-163-227-207.adsl.xs4all.nl) ()
[12:31:21] *** Joins: Escovan (Escovan@107.6.175.170)
[12:56:42] *** tozzbier is now known as tozzert
[13:33:08] *** Joins: SCHAPiE (dorian@dhcp-077-249-247-124.chello.nl)
[13:33:43] *** Joins: Spelvoud (Spelvoud@sd51113cf.adsl.online.nl)
[13:39:06] *** tozzert is now known as tozzbbq
[14:00:44] *** Quits: SCHAPiE (dorian@dhcp-077-249-247-124.chello.nl) (Input/output error)
[14:01:29] *** Joins: SCHAPiE (dorian@dhcp-077-249-247-124.chello.nl)
[14:46:08] *** Joins: Escovan (Escovan@107.6.175.170)
[15:28:58] *** Joins: mib_qvmkdw (Mibbit@cpe-72-178-238-17.gt.res.rr.com)
[15:29:07] *** Quits: mib_qvmkdw (Mibbit@cpe-72-178-238-17.gt.res.rr.com) (Exit)
[16:08:31] *** Quits: Matthew (Matthew@178-117-75-230.access.telenet.be) (Connection reset by peer)
[16:11:39] *** Joins: Smileface (alexander@25bc408b.ftth.concepts.nl)
[16:26:07] <SCHAPiE> zo, ff gestofzuigd
[16:40:47] *** Joins: Matthew (Matthew@178-117-75-230.access.telenet.be)
[17:31:45] *** Quits: SCHAPiE (dorian@dhcp-077-249-247-124.chello.nl) (Input/output error)
[17:32:39] *** Joins: SCHAPiE (dorian@dhcp-077-249-247-124.chello.nl)
[17:33:51] *** Quits: SCHAPiE (dorian@dhcp-077-249-247-124.chello.nl) (Ping timeout: 60 seconds)
[17:48:50] *** Joins: SCHAPiE (dorian@dhcp-077-249-247-124.chello.nl)
[18:35:49] *** Quits: Smileface (alexander@25bc408b.ftth.concepts.nl) (Exit)
[19:28:28] *** Joins: Copyman (copyman@5ED571C4.cm-7-6b.dynamic.ziggo.nl)
[19:50:33] *** Joins: georgie- (borgirc@541C1A22.cm-5-5a.dynamic.ziggo.nl)
[19:50:58] *** Quits: georgie- (borgirc@541C1A22.cm-5-5a.dynamic.ziggo.nl) (Exit)
[21:09:54] *** tozzbbq is now known as tozzert
[21:36:06] *** Joins: GodFather (p00p@a83152.upc-a.chello.nl)
[21:48:29] *** Quits: Matthew (Matthew@178-117-75-230.access.telenet.be) (Exit)
[21:49:58] *** Joins: Matthew (Matthew@37.252.230.59)
[22:14:50] *** Joins: jannuh (FossaMail@217.26.101.136)
[22:16:08] *** Parts: jannuh (FossaMail@217.26.101.136) ()
[22:48:38] *** Joins: Guyver2 (Guyver2@guyver2.xs4all.nl)
[23:45:12] *** Joins: Escovan (Escovan@107.6.175.170)
