[00:01:00] *** Quits: Aapje (user@i244127.upc-i.chello.nl) (Ping timeout: 60 seconds)
[00:01:21] *** Joins: Aapje (user@i244127.upc-i.chello.nl)
[00:28:35] *** Quits: Matthew (Matthew@178-117-75-230.access.telenet.be) (Connection reset by peer)
[00:34:53] *** Quits: Francis (Francis@5468C56E.cm-12-1d.dynamic.ziggo.nl) (Exit)
[00:58:25] *** Quits: Guyver2 (Guyver2@guyver2.xs4all.nl) (Exit)
[02:24:59] *** Quits: Vipertje (tweak@54182E79.cm-5-1a.dynamic.ziggo.nl) (Exit)
[02:55:42] *** Quits: SCHAPiE (dorian@dhcp-077-249-247-124.chello.nl) (Exit)
[03:02:40] *** Joins: SCHAPiE (dorian@dhcp-077-249-247-124.chello.nl)
[03:07:50] *** Quits: SCHAPiE (dorian@dhcp-077-249-247-124.chello.nl) (Exit)
[10:06:47] *** Joins: Guyver2 (Guyver2@guyver2.xs4all.nl)
[10:10:22] *** Joins: Francis (Francis@5468C56E.cm-12-1d.dynamic.ziggo.nl)
[10:49:38] *** Joins: Matthew (Matthew@178-117-75-230.access.telenet.be)
[10:51:57] *** Joins: Matthew_ (Matthew@188.172.219.43)
[10:52:33] *** Quits: Matthew (Matthew@178-117-75-230.access.telenet.be) (Ping timeout: 60 seconds)
[10:58:44] *** Matthew_ is now known as Matthew
[10:58:59] *** Matthew is now known as Matthew_
[11:19:11] *** Quits: Guyver2 (Guyver2@guyver2.xs4all.nl) (Exit)
[11:53:50] * tozzert aait Escovan
[11:54:07] <Escovan> :7
[12:12:28] *** Quits: Francis (Francis@5468C56E.cm-12-1d.dynamic.ziggo.nl) (Exit)
[17:51:44] *** Joins: Vipertje (tweak@54182E79.cm-5-1a.dynamic.ziggo.nl)
[19:12:43] *** Quits: Dubbeldrank (is@niet.te.zuipen) (Ping timeout: 60 seconds)
[19:13:53] *** Joins: Tweaker2686 (is@niet.te.zuipen)
[19:15:04] *** Quits: Tweaker2686 (is@niet.te.zuipen) (Ping timeout: 66 seconds)
[19:16:36] *** Joins: Dubbeldrank (is@niet.te.zuipen)
[19:16:36] *** ChanServ sets mode: +o Dubbeldrank
[19:18:24] *** Quits: lmd (lmd@5ED7EC48.cm-7-8d.dynamic.ziggo.nl) (Connection reset by peer)
[19:18:26] *** Joins: Guyver2 (Guyver2@guyver2.xs4all.nl)
[19:18:28] *** Quits: Rena (Rena@rena.centravi.org) (Ping timeout: 67 seconds)
[19:21:23] *** Joins: Rena (Rena@2001:41d0:b:550:6667:0:0:18)
[19:22:29] *** Quits: Rena (Rena@2001:41d0:b:550:6667:0:0:18) (Ping timeout: 64 seconds)
[19:23:18] *** Joins: Rena (Rena@2001:41d0:b:550:6667:0:0:18)
[19:23:31] *** Joins: lmd (lmd@5ED7EC48.cm-7-8d.dynamic.ziggo.nl)
[20:03:24] *** tozzert is now known as tozzbier
[20:46:26] *** Quits: Vipertje (tweak@54182E79.cm-5-1a.dynamic.ziggo.nl) (Ping timeout: 66 seconds)
[20:52:31] *** Quits: Aapje (user@i244127.upc-i.chello.nl) (Ping timeout: 60 seconds)
[21:00:09] *** Quits: bbee (bbee@53541FA1.cm-6-5a.dynamic.ziggo.nl) (Exit)
[21:00:12] *** Quits: Matthew_ (Matthew@188.172.219.43) (Ping timeout: 66 seconds)
[21:00:58] *** Quits: Rena (Rena@2001:41d0:b:550:6667:0:0:18) (Ping timeout: 66 seconds)
[21:12:54] *** Joins: Escovan (Escovan@test.prutsplek.nl)
[21:15:43] *** Quits: Guyver2 (Guyver2@guyver2.xs4all.nl) (Ping timeout: 60 seconds)
[21:16:04] *** Joins: Guyver2 (Guyver2@2001:985:f3f:1:ad7d:ee08:9a88:9797)
[21:18:28] *** Joins: Rena (Rena@2001:41d0:b:550:6667:0:0:18)
[21:20:54] *** Quits: Rena (Rena@2001:41d0:b:550:6667:0:0:18) (Ping timeout: 66 seconds)
[21:22:47] *** Joins: Rena (Rena@2001:41d0:b:550:6667:0:0:18)
[21:25:59] *** Parts: Guyver2 (Guyver2@2001:985:f3f:1:ad7d:ee08:9a88:9797) ()
[21:33:02] *** Quits: AxzZzeL (AxzZzeL@ip51cf7203.direct-adsl.nl) (Ping timeout: 60 seconds)
[21:33:05] *** Joins: AxzeL (AxzZzeL@ip51cf7203.direct-adsl.nl)
[21:33:12] *** Quits: Milenco (Milenco@2a01:7c8:aabc:197:5054:ff:fee0:754b) (Ping timeout: 61 seconds)
[21:33:16] *** Quits: Hooglander1 (Hoog@isleet.nl) (Ping timeout: 62 seconds)
[21:33:16] *** Quits: silverstorm (silverstor@5ED4168A.cm-7-5a.dynamic.ziggo.nl) (Ping timeout: 62 seconds)
[21:33:30] *** Joins: Hooglander1 (Hoog@2001:984:ef56:1:211:32ff:fe51:1415)
[21:34:17] *** Joins: silverstorm (silverstor@5ED4168A.cm-7-5a.dynamic.ziggo.nl)
[21:35:23] *** Joins: Milenco (Milenco@2a01:7c8:aabc:197:5054:ff:fee0:754b)
[21:38:40] *** Quits: Rena (Rena@2001:41d0:b:550:6667:0:0:18) (Ping timeout: 66 seconds)
[21:42:34] *** Joins: Rena (Rena@2001:41d0:b:550:6667:0:0:18)
[21:44:52] *** Quits: Chester (Chester@c77152.upc-c.chello.nl) (Ping timeout: 66 seconds)
[21:45:06] *** Joins: AxzzeL (AxzZzeL@ip51cf7203.direct-adsl.nl)
[21:45:07] *** Joins: Chester (Chester@c77152.upc-c.chello.nl)
[21:45:12] *** Quits: AxzeL (AxzZzeL@ip51cf7203.direct-adsl.nl) (Ping timeout: 68 seconds)
[21:45:22] *** Quits: lmd (lmd@5ED7EC48.cm-7-8d.dynamic.ziggo.nl) (Ping timeout: 60 seconds)
[21:45:59] *** Quits: Rena (Rena@2001:41d0:b:550:6667:0:0:18) (Ping timeout: 67 seconds)
[21:46:35] *** Quits: Bubbles (crap@roarnet.nl) (Ping timeout: 66 seconds)
[21:46:49] *** Joins: Bubbles (crap@roarnet.nl)
[21:47:02] *** Joins: lmd (lmd@5ED7EC48.cm-7-8d.dynamic.ziggo.nl)
[21:49:54] *** Quits: silverstorm (silverstor@5ED4168A.cm-7-5a.dynamic.ziggo.nl) (Ping timeout: 65 seconds)
[21:49:55] *** Joins: silverstorm (silverstor@5ED4168A.cm-7-5a.dynamic.ziggo.nl)
[21:50:31] *** Joins: Rena (Rena@2001:41d0:b:550:6667:0:0:18)
[22:11:18] *** Joins: Francis (Francis@5468C56E.cm-12-1d.dynamic.ziggo.nl)
[22:13:48] *** Quits: Rena (Rena@2001:41d0:b:550:6667:0:0:18) (Ping timeout: 66 seconds)
[22:20:14] *** Quits: Francis (Francis@5468C56E.cm-12-1d.dynamic.ziggo.nl) (Ping timeout: 61 seconds)
[22:20:18] *** Joins: Francis_ (Francis@5468C56E.cm-12-1d.dynamic.ziggo.nl)
[22:21:54] *** Quits: Francis_ (Francis@5468C56E.cm-12-1d.dynamic.ziggo.nl) (Ping timeout: 67 seconds)
[22:27:33] *** Joins: Rena (Rena@2001:41d0:b:550:6667:0:0:18)
[23:42:12] *** Joins: SCHAPiE (dorian@dhcp-077-249-247-124.chello.nl)
