[00:12:52] *** Quits: Xyphoid (Xyphoid@i210097.upc-i.chello.nl) (Exit)
[00:33:34] *** Quits: SCHAPiE (dorian@dhcp-077-249-247-124.chello.nl) (Exit)
[01:17:45] *** Quits: Guyver2 (Guyver2@guyver2.xs4all.nl) (Exit)
[01:21:29] *** Joins: lmd (lmd@5ED7EC48.cm-7-8d.dynamic.ziggo.nl)
[02:00:47] *** Quits: Metalfrost (Metalfrost@tsn109-201-152-16.dyn.nltelcom.net) (Exit)
[02:25:20] *** tozzatinprogress is now known as tozzatsucceeded
[02:56:40] *** Quits: Vipertje (tweak@54182E79.cm-5-1a.dynamic.ziggo.nl) (Connection reset by peer)
[03:07:04] *** Quits: AxzZzeL (AxzZzeL@ip51cf7203.direct-adsl.nl) (Connection reset by peer)
[03:22:40] *** Quits: GodFather (p00p@a83152.upc-a.chello.nl) (Exit)
[05:27:59] *** Quits: freebee666 (spam@j217177.upc-j.chello.nl) (Ping timeout: 66 seconds)
[07:31:15] *** Quits: Hooglander1 (Hoog@isleet.nl) (Exit)
[07:33:44] *** Joins: Hooglander1 (Hoog@isleet.nl)
[09:34:26] *** Joins: Guyver2 (Guyver2@guyver2.xs4all.nl)
[10:23:00] *** Joins: Chester (Chester@c77152.upc-c.chello.nl)
[10:28:17] *** Quits: Hooglander1 (Hoog@isleet.nl) (Ping timeout: 66 seconds)
[10:29:03] *** Joins: Hooglander1 (Hoog@2001:984:ef56:1:211:32ff:fe51:1415)
[11:14:39] *** tozzatsucceeded is now known as tozzert
[11:27:11] *** Quits: Guyver2 (Guyver2@guyver2.xs4all.nl) (Exit)
[11:32:36] *** tozzert is now known as tozzbraque
[13:14:33] *** Joins: AxzZzeL (AxzZzeL@ip51cf7203.direct-adsl.nl)
[13:17:37] *** Joins: Vipertje (tweak@54182E79.cm-5-1a.dynamic.ziggo.nl)
[14:44:27] *** Quits: Vipertje (tweak@54182E79.cm-5-1a.dynamic.ziggo.nl) (Ping timeout: 60 seconds)
[17:07:34] *** Joins: Smileface (alexander@25bc408b.ftth.concepts.nl)
[17:24:36] *** Joins: Vipertje (tweak@54182E79.cm-5-1a.dynamic.ziggo.nl)
[18:01:41] *** Quits: Vipertje (tweak@54182E79.cm-5-1a.dynamic.ziggo.nl) (Ping timeout: 61 seconds)
[18:07:59] *** Joins: Francis (Francis@5468C56E.cm-12-1d.dynamic.ziggo.nl)
[18:23:47] *** Joins: SCHAPiE (dorian@dhcp-077-249-247-124.chello.nl)
[18:36:08] *** Quits: Francis (Francis@5468C56E.cm-12-1d.dynamic.ziggo.nl) (Exit)
[18:48:11] *** Joins: Matthew (Matthew@178-117-75-230.access.telenet.be)
[19:23:30] *** Joins: Francis (Francis@5468C56E.cm-12-1d.dynamic.ziggo.nl)
[20:58:16] *** Joins: Vipertje (tweak@54182E79.cm-5-1a.dynamic.ziggo.nl)
[22:19:07] *** Quits: Matthew (Matthew@178-117-75-230.access.telenet.be) (Connection reset by peer)
[22:34:12] *** Quits: Vipertje (tweak@54182E79.cm-5-1a.dynamic.ziggo.nl) (Ping timeout: 66 seconds)
[22:34:21] *** Joins: Vipertje (tweak@54182E79.cm-5-1a.dynamic.ziggo.nl)
[22:34:40] *** Joins: Guyver2 (Guyver2@guyver2.xs4all.nl)
[22:35:17] *** Quits: Smileface (alexander@25bc408b.ftth.concepts.nl) (Exit)
[22:35:26] *** Quits: Vipertje (tweak@54182E79.cm-5-1a.dynamic.ziggo.nl) (Connection reset by peer)
[22:42:21] *** Quits: Francis (Francis@5468C56E.cm-12-1d.dynamic.ziggo.nl) (Exit)
[22:47:22] *** Quits: SCHAPiE (dorian@dhcp-077-249-247-124.chello.nl) (Exit)
[22:50:20] *** Joins: SCHAPiE (dorian@dhcp-077-249-247-124.chello.nl)
[23:01:07] *** Joins: Xyphoid (Xyphoid@i210097.upc-i.chello.nl)
[23:10:09] *** Quits: lmd (lmd@5ED7EC48.cm-7-8d.dynamic.ziggo.nl) (Ping timeout: 62 seconds)
[23:10:32] *** Quits: AjDuLion (sid50412@id-50412.charlton.irccloud.com) (Ping timeout: 67 seconds)
[23:11:04] *** Joins: AjDuLion (sid50412@2604:8300:100:200b:6667:3:0:c4ec)
[23:11:23] *** Quits: Rena (Rena@2001:41d0:b:550:6667:0:0:18) (Ping timeout: 63 seconds)
[23:11:23] *** Quits: zenix (zenix@ip4da0f1e5.direct-adsl.nl) (Ping timeout: 63 seconds)
[23:11:33] *** Joins: lmd (lmd@5ED7EC48.cm-7-8d.dynamic.ziggo.nl)
[23:14:07] *** Joins: zenix (zenix@ip4da0f1e5.direct-adsl.nl)
[23:16:48] *** Joins: chezzmo (roodje@ip4daa38d9.direct-adsl.nl)
[23:19:02] *** Quits: Bliksem (Tweaki7@a82-161-41-5.adsl.xs4all.nl) (Ping timeout: 67 seconds)
[23:19:35] *** Joins: Bliksem (Tweaki7@a82-161-41-5.adsl.xs4all.nl)
[23:23:19] *** Joins: Rena (Rena@2001:41d0:b:550:6667:0:0:18)
