[00:07:44] *** Quits: Guyver2 (Guyver2@guyver2.xs4all.nl) (Client exited)
[00:48:09] *** Quits: Matthew (Matthew@178-117-75-230.access.telenet.be) (Connection reset by peer)
[00:54:20] *** Quits: GodFather (p00p@a83152.upc-a.chello.nl) (Exit)
[01:50:44] *** Quits: SCHAPiE (dorian@dhcp-077-249-247-124.chello.nl) (Exit)
[02:20:36] *** Quits: silverstorm (silverstor@5ED4168A.cm-7-5a.dynamic.ziggo.nl) (Connection reset by peer)
[02:23:22] *** Joins: silverstorm (silverstor@5ED4168A.cm-7-5a.dynamic.ziggo.nl)
[03:30:09] *** Quits: GameFreak (nn@005-130-128-083.dynamic.caiway.nl) (Connection reset by peer)
[08:24:19] *** Joins: Smileface (alexander@25bc408b.ftth.concepts.nl)
[09:24:43] *** Quits: Smileface (alexander@25bc408b.ftth.concepts.nl) (Exit)
[09:24:44] <Escovan> freebee666, https://twitter.com/Escovanity/status/716526589744381952 :)
[09:25:48] <Escovan> https://test.prutsplek.nl/triplelayeredfield.png
[10:25:24] *** Joins: Guyver2 (Guyver2@guyver2.xs4all.nl)
[10:36:14] *** Joins: Matthew (Matthew@178-117-75-230.access.telenet.be)
[11:05:54] <Spacecowboy> [09:25:48]  <Escovan>	https://test.prutsplek.nl/triplelayeredfield.png
[11:06:00] <Spacecowboy> waar kijk ik naar?
[11:07:46] <tozzert> een png
[11:08:02] <Spacecowboy> tozzert 
[11:08:04] <Spacecowboy> sterph
[11:08:23] <tozzert> dat is ook niet vriendelijk
[11:08:24] <Spacecowboy> moet je niet ronnie flex luisteren?
[11:08:24] <tozzert> :/
[11:08:28] <Spacecowboy> :P
[11:16:00] <Escovan> Spacecowboy, Ingress
[11:16:27] <Escovan> En mijn wijk :P
[11:17:19] <Spacecowboy> wat is ingress?
[11:17:34] <Escovan> Ik had een driedubbel veld gelegd. Ingress is een soort landverovertje met je mobiel ...
[11:17:35] <Spacecowboy> ohw augmented reality
[11:17:36] <Spacecowboy> grappig
[11:19:30] * Escovan komt zo tenminste ook nog es buiten
[11:23:41] *** Quits: Guyver2 (Guyver2@guyver2.xs4all.nl) (Exit)
[11:34:23] *** Joins: SCHAPiE (dorian@dhcp-077-249-247-124.chello.nl)
[11:45:47] <Escovan> Zo. Nog 170K puntjes tot level 11
[11:46:54] *** Joins: LuNaTiC (blaat@5468D119.cm-12-1d.dynamic.ziggo.nl)
[11:46:54] *** ChanServ sets mode: +qo LuNaTiC LuNaTiC
[11:47:01] *** Quits: LuNaTiC|HJ (blaat@5468D119.cm-12-1d.dynamic.ziggo.nl) (Ping timeout: 63 seconds)
[12:03:27] *** Joins: LuNaTiC|HJ (blaat@5468D119.cm-12-1d.dynamic.ziggo.nl)
[12:03:35] *** Quits: LuNaTiC (blaat@5468D119.cm-12-1d.dynamic.ziggo.nl) (Ping timeout: 66 seconds)
[12:58:13] <Escovan> Heb nu de ideale strategie voor ENL P8 met hackmods: Frack it, burn it, destroy it
[12:58:52] <Escovan> Door het fracken zijn ze toch al half leeg
[14:08:58] *** Joins: Tomcat_hatt (user@193.107.221.57)
[14:11:09] <freebee666> netjes Escovan :) hoeveel mu?
[14:11:53] <freebee666> portal raakt niet leeg Escovan :P
[14:12:03] <freebee666> tis geen rl grabbelton xD
[15:19:32] *** Joins: Vipertje (tweak@54182E79.cm-5-1a.dynamic.ziggo.nl)
[15:35:10] <Escovan> freebee666, nu LEVEL 11 JIPPIE!!!! (Alleen het scherm was al weg voordat ik hem kon delen :<)
[15:35:26] <Escovan> Triple layered veld was 180+190+200 mu ofzo
[15:40:57] <Escovan> Zo, en nu lekker smoken, en zodirect wordt er paela voor mij gekookt omdat ik in februari een PC heb gefixt.
[15:49:32] <Escovan> Gelukkig heb ik de logs nog: https://prutsplek.nl/IngressLevel11.rtf
[15:56:23] <SCHAPiE> lekkâh
[15:56:32] <SCHAPiE> hier ook een mooie djonko aan het branden
[16:35:33] <freebee666> feli Escovan! :)
[16:36:04] <freebee666> hm, goed idee overigens
[16:36:46] * freebee666 maakt alvast shoarma va SCHAPiE
[16:37:01] <freebee666> *van
[16:37:09] <SCHAPiE> schapievleesch
[16:37:12] <tozzert> echte schaapje?
[16:37:22] <tozzert> oh
[16:37:25] <tozzert> lama
[16:37:26] <freebee666> nee tofu-schaapje tozzert
[16:37:32] <SCHAPiE> vega-schaap
[16:38:18] <SCHAPiE> lijkt me niet relaxed, vegetarische shoarma
[16:38:46] <SCHAPiE> kun je net zo goed gelijk voor falafel gaan
[16:38:52] <freebee666> iemand had gister een stukje vega-ham gegeven denkend dat t echt vlees was
[16:39:03] <freebee666> was blijkbaar nogal smerig xD
[16:39:14] <SCHAPiE> lol :P
[16:39:15] <freebee666> *gegeten
[16:39:19] <SCHAPiE> dat geloof ik graag
[16:40:42] <tozzert> sowieso als je A verwacht te proeven en het blijkt B te zijn
[16:40:55] <tozzert> dan kan het even heel smerig zijn
[16:41:04] <tozzert> terwijl het beide gewoon voeier is
[16:41:07] <tozzert> bijv
[16:41:19] <tozzert> dan duurt het ff voordat je het kunt plaatsen
[16:42:16] <SCHAPiE> het streven om minder vlees te eten, vanwege de schade die de grootschalige productie met zich meebrengt voor het milieu, is an sich goed
[16:42:28] <SCHAPiE> tegelijkertijd moet je constateren dat de mens, historisch gezien, een omnivoor is
[16:43:20] <SCHAPiE> ben benieuwd in hoeverre vegetarisme aanhoudt, op een grotere tijdschaal zegmaar
[16:43:34] <SCHAPiE> of dat het een tijdelijke hype is
[16:43:38] <tozzert> ik ga iig niet minder vlees eten
[16:43:48] <tozzert> waarom zijn beesten anders van vlees gemaakt?
[16:43:51] <tozzert> veel te lekker man
[16:43:59] <SCHAPiE> ik ben ook een fan van vlees eten
[16:44:51] <SCHAPiE> er gaat niets boven een plakje Jamón Ibérico de Bellota, of een sappige Wagyu ossenhaas
[16:46:10] <freebee666> zolang t maar dood op mn bord belandt
[16:46:23] <tozzert> dat is wel een pre ja
[16:46:46] <tozzert> en van de in de westerse gangbare diersoorten
[16:57:04] <SCHAPiE> ja, in Japan kun je ook beesten op je bord krijgen die nog half leven
[16:57:23] <SCHAPiE> een vis hangend in een rekje, met z'n ingewanden gespreid over een bordje naast 'm
[16:57:30] <SCHAPiE> jou aankijkend terwijl je 'm opsmikkelt
[16:58:06] <SCHAPiE> speciale snijtechnieken om ze zo lang mogelijk in leven te houden, hoe verser hoe beter zegmaar
[16:59:08] <SCHAPiE> lijkt me persoonlijk niet interessant, om dieren op die manier te eten
[17:00:41] *** Joins: Smileface (alexander@25bc408b.ftth.concepts.nl)
[17:18:35] *** Joins: Metalfrost (Metalfrost@tsn109-201-152-25.dyn.nltelcom.net)
[17:18:59] <Metalfrost> hallon
[18:22:40] *** Quits: Smileface (alexander@25bc408b.ftth.concepts.nl) (Exit)
[19:34:22] *** Quits: Metalfrost (Metalfrost@tsn109-201-152-25.dyn.nltelcom.net) (Exit)
[19:59:37] *** Quits: Matthew (Matthew@178-117-75-230.access.telenet.be) (Connection reset by peer)
[20:25:12] *** Quits: SCHAPiE (dorian@dhcp-077-249-247-124.chello.nl) (Ping timeout: 66 seconds)
[20:40:42] *** Joins: SCHAPiE (dorian@dhcp-077-249-247-124.chello.nl)
[22:32:18] *** Joins: Guyver2 (Guyver2@guyver2.xs4all.nl)
[22:41:29] *** Quits: bbee (bbee@53541BFC.cm-6-5a.dynamic.ziggo.nl) (Exit)
[22:56:33] *** Quits: Chiron (Chiron@ip5652834f.adsl-surfen.hetnet.nl) (No route to host)
[23:01:37] *** Joins: Chiron (Chiron@ip5652834f.adsl-surfen.hetnet.nl)
[23:27:39] *** Quits: Vipertje (tweak@54182E79.cm-5-1a.dynamic.ziggo.nl) (Connection reset by peer)
[23:38:03] *** Joins: bbee (bbee@53541FA1.cm-6-5a.dynamic.ziggo.nl)
[23:39:14] *** Joins: twistit (uid156026@id-156026.tooting.irccloud.com)
