[00:00:46] *** Quits: Aapje (user@i244127.upc-i.chello.nl) (Ping timeout: 60 seconds)
[00:01:58] *** Joins: Aapje (user@i244127.upc-i.chello.nl)
[00:22:46] *** Joins: SCHAPiE (dorian@dhcp-077-249-247-124.chello.nl)
[00:56:26] *** Quits: Francis (Francis@5468C56E.cm-12-1d.dynamic.ziggo.nl) (Exit)
[01:56:20] *** Quits: QORRiE (dorian@dhcp-077-249-247-124.chello.nl) (Exit)
[02:38:58] *** Quits: Suiker (Suiker@ip54508568.speed.planet.nl) (Ping timeout: 61 seconds)
[02:40:01] *** Quits: SCHAPiE (dorian@dhcp-077-249-247-124.chello.nl) (Exit)
[02:47:07] *** Joins: Suiker (Suiker@ip54508568.speed.planet.nl)
[08:56:29] *** Joins: Matthew (Matthew@178-117-75-230.access.telenet.be)
[08:58:35] *** Joins: Francis (Francis@5468C56E.cm-12-1d.dynamic.ziggo.nl)
[10:04:08] *** Joins: Guyver2 (Guyver2@guyver2.xs4all.nl)
[10:14:31] *** Francis is now known as Francis|afk
[10:17:25] *** Quits: Matthew (Matthew@178-117-75-230.access.telenet.be) (Exit)
[10:23:47] *** Joins: SCHAPiE (dorian@dhcp-077-249-247-124.chello.nl)
[10:24:04] *** Joins: Matthew (Matthew@178-117-75-230.access.telenet.be)
[11:25:58] *** Quits: Guyver2 (Guyver2@guyver2.xs4all.nl) (Exit)
[11:31:48] *** Joins: Copyman (copyman@5ED571C4.cm-7-6b.dynamic.ziggo.nl)
[11:38:15] *** Francis|afk is now known as Francis
[12:27:13] *** Joins: freebee666 (spam@j217177.upc-j.chello.nl)
[12:56:40] *** Joins: GodFather (p00p@a83152.upc-a.chello.nl)
[15:06:03] *** Quits: Francis (Francis@5468C56E.cm-12-1d.dynamic.ziggo.nl) (Connection reset by peer)
[15:50:48] *** Quits: GodFather (p00p@a83152.upc-a.chello.nl) (Exit)
[16:18:02] *** Joins: QORRiE (dorian@dhcp-077-249-247-124.chello.nl)
[16:41:59] *** Joins: Smileface (alexander@25bc408b.ftth.concepts.nl)
[18:42:43] *** Quits: Matthew (Matthew@178-117-75-230.access.telenet.be) (Connection reset by peer)
[20:05:55] *** Quits: Copyman (copyman@5ED571C4.cm-7-6b.dynamic.ziggo.nl) (Exit)
[20:06:41] *** Joins: GodFather (p00p@a83152.upc-a.chello.nl)
[20:25:21] *** Joins: Matthew (Matthew@178-117-75-230.access.telenet.be)
[20:53:05] *** Quits: Matthew (Matthew@178-117-75-230.access.telenet.be) (Exit)
[20:54:44] *** Joins: Matthew (Matthew@37.252.230.59)
[21:00:22] *** Joins: Ubermatty (ubermatty@5ED63254.cm-7-7a.dynamic.ziggo.nl)
[21:30:28] *** Quits: Ubermatty (ubermatty@5ED63254.cm-7-7a.dynamic.ziggo.nl) (Exit)
[22:33:24] *** Quits: Smileface (alexander@25bc408b.ftth.concepts.nl) (Exit)
[22:45:37] *** Joins: Xyphoid (Xyphoid@i210097.upc-i.chello.nl)
[23:01:47] *** Quits: Xyphoid (Xyphoid@i210097.upc-i.chello.nl) (Client exited)
[23:03:10] *** Joins: Xyphoid (Xyphoid@i210097.upc-i.chello.nl)
