[00:01:01] *** Quits: Aapje (user@i244127.upc-i.chello.nl) (Ping timeout: 66 seconds)
[00:02:10] *** Joins: Aapje (user@i244127.upc-i.chello.nl)
[00:16:05] *** Quits: SCHAPiE (dorian@dhcp-077-249-247-124.chello.nl) (Exit)
[00:17:43] *** Quits: Copyman (copyman@5ED571C4.cm-7-6b.dynamic.ziggo.nl) (Exit)
[00:24:40] *** Quits: Tomcat_hatt (user@193.107.221.57) (Exit)
[00:40:06] *** Quits: Guyver2 (Guyver2@2001:985:f3f:1:c0e3:3a21:e4b:ed57) (Client exited)
[01:20:39] *** Quits: Smileface (alexander@25bc408b.ftth.concepts.nl) (Exit)
[01:37:42] *** Quits: silverstorm (silverstor@5ED4168A.cm-7-5a.dynamic.ziggo.nl) (Ping timeout: 67 seconds)
[01:46:03] *** Joins: silverstorm (silverstor@5ED4168A.cm-7-5a.dynamic.ziggo.nl)
[09:13:27] *** Joins: tbosua (tbosua@office.hostnetbv.nl)
[09:50:58] *** Joins: Tomcat_hatt (user@193.107.221.57)
[10:08:24] *** Joins: Guyver2 (Guyver2@guyver2.xs4all.nl)
[10:28:04] *** Quits: Tomcat_hatt (user@193.107.221.57) (Exit)
[13:26:13] *** Joins: Tomcat_ha (user@a83-162-255-205.adsl.xs4all.nl)
[14:42:02] *** Quits: Dubbeldrank (is@niet.te.zuipen) (Ping timeout: 60 seconds)
[14:57:11] *** Joins: Dubbeldrank (is@niet.te.zuipen)
[14:57:11] *** ChanServ sets mode: +o Dubbeldrank
[16:17:37] *** Joins: Smileface (alexander@25bc408b.ftth.concepts.nl)
[16:39:37] *** Joins: Bubs|book (lantaarnpa@145.15.244.12)
[16:42:27] *** Quits: Bubs|book (lantaarnpa@145.15.244.12) (Exit)
[17:01:33] *** Quits: tbosua (tbosua@office.hostnetbv.nl) (Exit)
[18:00:14] *** Joins: Francis (Francis@5468C56E.cm-12-1d.dynamic.ziggo.nl)
[18:17:18] *** Joins: Matthew (Matthew@178-117-75-230.access.telenet.be)
[18:37:05] *** Joins: SCHAPiE (dorian@dhcp-077-249-247-124.chello.nl)
[18:44:56] *** Quits: Francis (Francis@5468C56E.cm-12-1d.dynamic.ziggo.nl) (Ping timeout: 67 seconds)
[19:22:22] *** Joins: Bitage (Bitage@82-171-45-9.ip.telfort.nl)
[20:05:25] *** Quits: SCHAPiE (dorian@dhcp-077-249-247-124.chello.nl) (Exit)
[20:34:16] *** Joins: SCHAPiE (dorian@dhcp-077-249-247-124.chello.nl)
[20:43:07] *** Quits: KompjoeFriek (roel@541B2230.cm-5-4a.dynamic.ziggo.nl) (Ping timeout: 60 seconds)
[20:47:48] *** Joins: KompjoeFriek (roel@541B2230.cm-5-4a.dynamic.ziggo.nl)
[22:07:04] *** Quits: Hooglander1 (Hoog@isleet.nl) (Killed (kees (tsss)))
[22:07:12] *** Joins: Hooglander1 (Hoog@isleet.nl)
[23:41:23] *** Quits: Matthew (Matthew@178-117-75-230.access.telenet.be) (Connection reset by peer)
