[00:29:41] *** Quits: SCHAPiE (dorian@dhcp-077-249-247-124.chello.nl) (Exit)
[00:42:28] *** Quits: Copyman (copyman@5ED571C4.cm-7-6b.dynamic.ziggo.nl) (Exit)
[00:51:31] *** Quits: Vipertje (tweak@54182E79.cm-5-1a.dynamic.ziggo.nl) (Connection reset by peer)
[01:58:05] *** Quits: Guyver2 (Guyver2@guyver2.xs4all.nl) (Exit)
[03:09:06] *** Quits: Chiron (Chiron@ip5652834f.adsl-surfen.hetnet.nl) (Ping timeout: 60 seconds)
[03:11:21] *** Joins: Chiron (Chiron@ip5652834f.adsl-surfen.hetnet.nl)
[03:23:54] *** Quits: Aapje (user@i244127.upc-i.chello.nl) (Ping timeout: 60 seconds)
[03:23:56] *** Joins: Deianeira|GPC (spam@j217177.upc-j.chello.nl)
[03:23:58] *** Quits: freebee666 (spam@j217177.upc-j.chello.nl) (Connection reset by peer)
[03:23:58] *** Quits: Chester (Chester@c77152.upc-c.chello.nl) (Ping timeout: 61 seconds)
[03:23:58] *** Joins: Aapje (user@i244127.upc-i.chello.nl)
[03:24:01] *** Joins: Chester- (Chester@c77152.upc-c.chello.nl)
[04:20:57] *** Joins: freebee666 (spam@j217177.upc-j.chello.nl)
[04:21:04] *** Joins: Chester (Chester@c77152.upc-c.chello.nl)
[04:21:05] *** Quits: Deianeira|GPC (spam@j217177.upc-j.chello.nl) (Ping timeout: 61 seconds)
[04:21:05] *** Quits: Chester- (Chester@c77152.upc-c.chello.nl) (Ping timeout: 61 seconds)
[04:21:14] *** Quits: Aapje (user@i244127.upc-i.chello.nl) (Ping timeout: 61 seconds)
[04:21:43] *** Joins: Aapje (user@i244127.upc-i.chello.nl)
[09:18:54] *** Joins: tbosua (tbosua@office.hostnetbv.nl)
[10:09:23] *** Joins: Guyver2 (Guyver2@guyver2.xs4all.nl)
[15:19:22] *** Joins: twistit (uid156026@id-156026.tooting.irccloud.com)
[15:51:17] *** Joins: Smileface (alexander@25bc408b.ftth.concepts.nl)
[17:31:44] *** Quits: tbosua (tbosua@office.hostnetbv.nl) (Exit)
[19:39:04] *** Quits: twistit (uid156026@id-156026.tooting.irccloud.com) (Exit)
[19:45:56] *** Joins: Matthew (Matthew@178-117-75-230.access.telenet.be)
[21:14:07] *** Quits: Suiker (Suiker@ip54508568.speed.planet.nl) (Ping timeout: 66 seconds)
[21:22:13] *** Joins: Suiker (Suiker@ip54508568.speed.planet.nl)
[21:56:57] *** Joins: SCHAPiE (dorian@dhcp-077-249-247-124.chello.nl)
[22:30:33] *** Quits: Guyver2 (Guyver2@guyver2.xs4all.nl) (Ping timeout: 66 seconds)
[22:41:51] *** Quits: Smileface (alexander@25bc408b.ftth.concepts.nl) (Exit)
[22:52:31] *** Quits: Matthew (Matthew@178-117-75-230.access.telenet.be) (Connection reset by peer)
[23:36:21] *** Joins: Vipertje (tweak@54182E79.cm-5-1a.dynamic.ziggo.nl)
