[00:00:56] *** Quits: Aapje (user@i244127.upc-i.chello.nl) (Ping timeout: 60 seconds)
[00:02:17] *** Joins: Aapje (user@i244127.upc-i.chello.nl)
[01:12:16] *** Quits: SCHAPiE (dorian@dhcp-077-249-247-124.chello.nl) (Exit)
[01:20:16] *** Joins: SCHAPiE (dorian@dhcp-077-249-247-124.chello.nl)
[02:52:40] *** Quits: SCHAPiE (dorian@dhcp-077-249-247-124.chello.nl) (Ping timeout: 60 seconds)
[03:08:18] *** Joins: SCHAPiE (dorian@dhcp-077-249-247-124.chello.nl)
[03:14:08] *** Quits: SCHAPiE (dorian@dhcp-077-249-247-124.chello.nl) (Input/output error)
[03:53:39] *** Quits: Vipertje (tweak@54182E79.cm-5-1a.dynamic.ziggo.nl) (Connection reset by peer)
[10:20:35] *** tozzert is now known as tozzkluzzt
[10:22:35] *** Joins: Copyman (copyman@5ED571C4.cm-7-6b.dynamic.ziggo.nl)
[10:23:50] *** Joins: Guyver2 (Guyver2@guyver2.xs4all.nl)
[10:59:01] *** Joins: Francis (Francis@5468C56E.cm-12-1d.dynamic.ziggo.nl)
[11:19:34] *** Quits: silverstorm (silverstor@5ED4168A.cm-7-5a.dynamic.ziggo.nl) (Ping timeout: 60 seconds)
[11:24:15] *** Quits: Guyver2 (Guyver2@guyver2.xs4all.nl) (Client exited)
[11:28:04] *** Joins: silverstorm (silverstor@5ED4168A.cm-7-5a.dynamic.ziggo.nl)
[11:28:59] *** Joins: Rollie (Rollie@53550C92.cm-6-6a.dynamic.ziggo.nl)
[11:44:05] *** Quits: Francis (Francis@5468C56E.cm-12-1d.dynamic.ziggo.nl) (Exit)
[14:01:45] *** Quits: zenix (zenix@ip4da0f1e5.direct-adsl.nl) (Ping timeout: 60 seconds)
[14:13:34] *** Joins: zenix (zenix@ip4da0f1e5.direct-adsl.nl)
[14:16:31] *** Joins: Matthew (Matthew@178-117-75-230.access.telenet.be)
[14:16:41] *** Quits: zenix (zenix@ip4da0f1e5.direct-adsl.nl) (Ping timeout: 60 seconds)
[14:16:59] *** Joins: zenix`away (zenix@ip4da0f1e5.direct-adsl.nl)
[14:17:02] *** zenix`away is now known as zenix
[16:06:22] *** Joins: Smileface (alexander@25bc408b.ftth.concepts.nl)
[18:23:55] *** Quits: Copyman (copyman@5ED571C4.cm-7-6b.dynamic.ziggo.nl) (Exit)
[18:50:10] *** Joins: Pjottski (Pjottski@46-129-41-63.dynamic.upc.nl)
[18:50:52] *** Quits: Pjottski (Pjottski@46-129-41-63.dynamic.upc.nl) (Exit)
[18:51:38] *** tozzkluzzt is now known as tozzert
[21:31:26] *** Joins: Guyver2 (Guyver2@guyver2.xs4all.nl)
[22:42:23] *** Quits: Smileface (alexander@25bc408b.ftth.concepts.nl) (Exit)
[23:42:52] *** Quits: Guyver2 (Guyver2@guyver2.xs4all.nl) (Exit)
