[00:07:32] <oath> ?
[00:07:45] <Pomegranate> "Thay want to kno hw mich mony u mak to get food stamps"
[00:12:20] *** Quits: oath (oath@sorcery-15ldgn.client.mchsi.com) (Ping timeout: 121 seconds)
[00:53:07] *** Joins: Edward (Edward@my.vhost)
[01:28:55] *** Joins: Eugenios (Eugenios@sorcery-hvemon.ca.charter.com)
[02:02:12] *** Quits: trapped (trapped@the.jade.cave) (Ping timeout: 121 seconds)
[02:09:57] <discojack> Pomegranate
[02:10:05] <discojack> greetings!
[02:10:29] <Pomegranate> discojack
[02:10:37] <Pomegranate> greetings!
[02:10:48] <discojack> how art thou 
[02:22:28] <Eugenios> Hey
[02:23:04] <Pomegranate> Hey Eugenios 
[02:24:05] <Eugenios> How are you?
[02:24:26] <Pomegranate> I'm ok
[02:24:29] <Pomegranate> You?
[02:24:31] <Eugenios> Great
[02:24:39] <Pomegranate> Blessed Beltane
[02:24:51] <Eugenios> Happy May Day
[02:24:54] <Eugenios> :)
[02:25:27] <Eugenios> After some consideration, I picked up some free weight dumbbells to work out in my apartment. I did my first workout last night
[02:25:56] <Eugenios> Looking back at my experiences with exercise, the most enjoyable parts of it - even when I was on the swim team in high school, were using weights
[02:26:10] <Eugenios> The endorphin rush especially
[02:26:15] <Eugenios> I slept like a baby last night
[02:26:28] <Pomegranate> That's awesome :)
[02:27:33] <Eugenios> Thanks :)
[03:10:09] *** Joins: whoreface (drinkycrow@sorcery-7k7c12.il.comcast.net)
[03:28:40] *** Quits: Sutch (Sutch@the.ebony.tower) (Quit: -)
[03:48:34] *** Joins: North (North@sorcery-ltaas0.dsl.bell.ca)
[03:53:36] *** Parts: North (North@sorcery-ltaas0.dsl.bell.ca) ("")
[05:02:38] *** Joins: mr_bulldops (drinkycrow@sorcery-d1tfbt.mullvad.net)
[05:04:15] *** Quits: whoreface (drinkycrow@sorcery-7k7c12.il.comcast.net) (Ping timeout: 121 seconds)
[05:10:19] *** Quits: Edward (Edward@my.vhost) (Quit: Leaving)
[05:24:06] *** Joins: Rajoguna (Rajas@sorcery-ctcg7i.pools.spcsdns.net)
[05:53:03] *** Joins: whoreface (drinkycrow@sorcery-7k7c12.il.comcast.net)
[05:53:07] *** Quits: mr_bulldops (drinkycrow@sorcery-d1tfbt.mullvad.net) (Connection closed)
[06:14:44] *** Joins: Edward (Edward@my.vhost)
[06:20:36] *** Quits: Rajoguna (Rajas@sorcery-ctcg7i.pools.spcsdns.net) (Connection closed)
[06:21:12] *** Joins: Rajoguna (Rajas@sorcery-ns7.l6g.227.184.IP)
[06:25:41] *** Joins: AntleredGirl (Mibbit@sorcery-n8sf0e.res.rr.com)
[06:37:24] *** Quits: discojack (jackbiscuit@sorcery-qoa.l5a.237.209.IP) (Connection closed)
[07:02:58] *** Quits: Rajoguna (Rajas@sorcery-ns7.l6g.227.184.IP) (Connection closed)
[07:06:41] *** Quits: AntleredGirl (Mibbit@sorcery-n8sf0e.res.rr.com) (Quit: http://www.mibbit.com ajax IRC Client)
[07:20:42] *** Joins: Rajoguna (Rajas@sorcery-ctcg7i.pools.spcsdns.net)
[07:25:11] *** Quits: whoreface (drinkycrow@sorcery-7k7c12.il.comcast.net) (Ping timeout: 121 seconds)
[07:32:16] *** Quits: David (David@the.ivory.tower) (Connection closed)
[07:34:30] *** Joins: David (David@the.ivory.tower)
[07:42:02] *** Quits: Eugenios (Eugenios@sorcery-hvemon.ca.charter.com) (Quit: Leaving)
[08:34:30] *** Joins: Eugenios (Eugenios@sorcery-qlih83.ca.charter.com)
[08:35:50] *** Quits: Edward (Edward@my.vhost) (Quit: Leaving)
[09:13:01] *** Quits: Eugenios (Eugenios@sorcery-qlih83.ca.charter.com) (Quit: Leaving)
[10:51:19] *** Joins: trapped (trapped@the.jade.cave)
[12:34:06] *** Quits: Pomegranate (pomegranate@Fruit.of.Death) (Quit: I meant it when I said I wanna get well!)
[12:46:28] *** Aria is now known as Aria|disconnected
[13:32:21] *** Joins: Pomegranate (pomegranate@Fruit.of.Death)
[13:32:21] *** ChanServ sets mode: +o Pomegranate
[13:32:57] <Pomegranate> Hi
[13:38:50] <Rajoguna> no
[13:40:58] <Pomegranate> Rude
[13:42:21] <Rajoguna> mhm
[13:42:34] * Rajoguna eats chicken thigh and stares at you intently
[13:42:48] <Rajoguna> so how u been lately?
[13:42:57] <Pomegranate>  LOL
[13:43:03] <Pomegranate> I'm better
[13:43:06] <Pomegranate> you?
[13:43:52] <Rajoguna> doing alright gettinmg my house cleaned p for once yay
[13:44:08] <Pomegranate> Ew cleaning
[13:44:35] <Rajoguna> i no rite
[13:45:25] <Pomegranate> I should clean
[13:45:25] <Pomegranate> but
[13:45:26] <Pomegranate> No
[13:55:01] *** Joins: whoreface (drinkycrow@sorcery-7k7c12.il.comcast.net)
[14:16:48] <Pomegranate> Hey whoreface 
[14:16:56] <Pomegranate> Remember dearg?
[14:17:17] <Pomegranate> Slash Allison?
[14:29:08] *** Quits: whoreface (drinkycrow@sorcery-7k7c12.il.comcast.net) (Ping timeout: 121 seconds)
[14:36:52] *** Quits: Rajoguna (Rajas@sorcery-ctcg7i.pools.spcsdns.net) (Ping timeout: 121 seconds)
[14:59:51] *** Joins: whoreface (drinkycrow@sorcery-7k7c12.il.comcast.net)
[15:43:16] *** Quits: Pomegranate (pomegranate@Fruit.of.Death) (Quit: I meant it when I said I wanna get well!)
[15:48:04] *** Joins: Sutch (Sutch@the.ebony.tower)
[16:31:58] *** Quits: whoreface (drinkycrow@sorcery-7k7c12.il.comcast.net) (Ping timeout: 121 seconds)
[16:54:54] *** Joins: Pomegranate (pomegranate@Fruit.of.Death)
[16:54:54] *** ChanServ sets mode: +o Pomegranate
[17:20:38] *** Quits: Pomegranate (pomegranate@Fruit.of.Death) (Ping timeout: 121 seconds)
[17:23:06] *** Joins: VerifiedShitlady (pomegranate@sorcery-rfvbd4.039s.5s7e.0306.2602.IP)
[17:23:06] *** Quits: VerifiedShitlady (pomegranate@sorcery-rfvbd4.039s.5s7e.0306.2602.IP) (Quit: I meant it when I said I wanna get well!)
[17:29:16] *** Joins: Jack_Curious (AndChat2352@sorcery-ug2.lfp.229.80.IP)
[18:12:23] *** Joins: Kennedy (Kennedy@sorcery-fmkj1r.ca.comcast.net)
[18:14:13] *** Parts: Kennedy (Kennedy@sorcery-fmkj1r.ca.comcast.net) ()
[18:55:56] *** Quits: Jack_Curious (AndChat2352@sorcery-ug2.lfp.229.80.IP) (Quit: Bye)
[19:04:11] *** Joins: whoreface (drinkycrow@sorcery-7k7c12.il.comcast.net)
[20:06:14] *** Quits: whoreface (drinkycrow@sorcery-7k7c12.il.comcast.net) (Ping timeout: 121 seconds)
[20:28:08] *** Joins: Eugenios (Eugenios@sorcery-qlih83.ca.charter.com)
[21:12:41] *** Joins: oath (oath@sorcery-15ldgn.client.mchsi.com)
[21:12:42] <oath> an
[21:31:12] *** Quits: David (David@the.ivory.tower) (Ping timeout: 121 seconds)
[21:32:21] *** Quits: Eugenios (Eugenios@sorcery-qlih83.ca.charter.com) (Quit: Leaving)
[21:37:04] *** Joins: David (David@the.ivory.tower)
[21:49:26] *** Joins: VerifiedShitlady (pomegranate@sorcery-ecf7un.fj7v.td1f.fb90.2607.IP)
[21:50:27] *** Quits: VerifiedShitlady (pomegranate@sorcery-ecf7un.fj7v.td1f.fb90.2607.IP) (Quit: I meant it when I said I wanna get well!)
[22:05:13] *** Joins: oath_ (oath@sorcery-15ldgn.client.mchsi.com)
[22:07:43] *** Quits: oath (oath@sorcery-15ldgn.client.mchsi.com) (Ping timeout: 121 seconds)
[22:12:09] *** Joins: oath (oath@sorcery-15ldgn.client.mchsi.com)
[22:12:43] *** Quits: oath_ (oath@sorcery-15ldgn.client.mchsi.com) (Ping timeout: 121 seconds)
[22:16:15] *** Quits: oath (oath@sorcery-15ldgn.client.mchsi.com) (Ping timeout: 121 seconds)
[22:17:06] *** Joins: Pomegranate (pomegranate@Fruit.of.Death)
[22:17:06] *** ChanServ sets mode: +o Pomegranate
[23:00:14] *** Joins: Jack_Curious (AndChat7123@sorcery-ug2.lfp.229.80.IP)
[23:01:37] <Jack_Curious> Yo
[23:17:56] *** Joins: Rajoguna (Rajas@sorcery-2h8.isg.100.108.IP)
[23:18:16] <Jack_Curious> Heya Rajoguna
[23:18:33] <Rajoguna> hi
[23:18:47] <Jack_Curious> Hows you?
[23:19:14] <Jack_Curious> :)
[23:19:57] <Jack_Curious> I feel like I've somehow pissed off all of #witches.
[23:20:14] <Jack_Curious> that or I'm just extreemly annoying today
[23:20:26] <Jack_Curious> Or both?
[23:20:31] <Jack_Curious> Probably both
[23:21:31] *** Quits: Pomegranate (pomegranate@Fruit.of.Death) (Connection closed)
[23:22:25] *** Joins: Edward (Edward@my.vhost)
[23:22:32] <Jack_Curious> Ecward!
[23:22:35] <Jack_Curious> Edward*
[23:22:37] *** Quits: Edward (Edward@my.vhost) (Connection closed)
[23:22:39] <Rajoguna> bbl
[23:22:44] <Jack_Curious> Whelp
[23:22:45] *** Quits: Rajoguna (Rajas@sorcery-2h8.isg.100.108.IP) (Connection closed)
[23:22:53] <Jack_Curious> I have no friends now
[23:23:09] *** Joins: Edward (Edward@my.vhost)
[23:23:22] <Jack_Curious> EDWARD!
[23:23:26] <Edward> Jack_Curious, !11
[23:23:38] <Jack_Curious> How are youuuu?
[23:23:52] <Edward> Im fine, thanks, yourself?
[23:24:03] <Jack_Curious> No comment
[23:24:10] <Edward> Alright.
[23:24:21] <Jack_Curious> Yup
[23:24:27] <Edward> Yep.
[23:24:36] <Jack_Curious> You been busy lately?
[23:25:15] <Edward> Kinda
[23:25:36] <Jack_Curious> Noice
[23:25:39] *** Joins: VerifiedShitlady (pomegranate@sorcery-93e9i5.nts6.pcl8.fb90.2607.IP)
[23:25:47] <VerifiedShitlady> Grrrrg
[23:25:50] <Edward> Pomegranate, we meet again
[23:26:07] <Jack_Curious> VerifiexShitLady? XD
[23:26:10] <Edward> Well im out, peace
[23:26:14] *** Quits: Edward (Edward@my.vhost) (Quit: Leaving)
[23:26:27] <Jack_Curious> What's wrong with Ed?
[23:26:39] <Jack_Curious> He doesn't seem too preppy anymore
[23:27:57] <VerifiedShitlady> He's ed
[23:28:18] <Jack_Curious> Yeah. But he's acting very un edish
[23:28:26] <Jack_Curious> Are yous still on bad terms or?
[23:28:35] <VerifiedShitlady> Nope we're good
[23:28:48] <Jack_Curious> Awesome
[23:35:18] *** Parts: Jack_Curious (AndChat7123@sorcery-ug2.lfp.229.80.IP) ("Leaving")
[23:41:44] *** Joins: whoreface (drinkycrow@sorcery-7k7c12.il.comcast.net)
[23:42:56] *** Joins: Edward (Edward@my.vhost)
[23:48:34] *** Quits: Edward (Edward@my.vhost) (Quit: Leaving)
