[00:17:51] *** Quits: trapped (trapped@the.jade.cave) (Connection closed)
[00:34:26] *** Joins: Edward (Edward@my.vhost)
[00:44:30] *** Joins: whoreface (drinkycrow@sorcery-7k7c12.il.comcast.net)
[01:22:03] *** Joins: Rajoguna (Rajas@sorcery-un3.iaj.101.108.IP)
[01:42:45] *** Quits: Edward (Edward@my.vhost) (Quit: Leaving)
[02:28:35] *** Quits: whoreface (drinkycrow@sorcery-7k7c12.il.comcast.net) (Ping timeout: 121 seconds)
[02:33:01] *** Joins: whoreface (drinkycrow@sorcery-7k7c12.il.comcast.net)
[02:39:11] *** Joins: kbot_ (kbot@sorcery-skn5gn.sub-97-40-3.myvzw.com)
[02:53:51] *** Quits: kbot_ (kbot@sorcery-skn5gn.sub-97-40-3.myvzw.com) (Quit: Colloquy for iPhone - http://colloquy.mobi)
[02:57:25] *** Joins: Edward (Edward@my.vhost)
[03:20:05] *** Quits: Rajoguna (Rajas@sorcery-un3.iaj.101.108.IP) (Connection closed)
[03:24:39] *** Joins: Rajoguna (Rajas@sorcery-un3.iaj.101.108.IP)
[03:25:38] *** Rajoguna is now known as Guest15887
[04:03:11] *** Quits: Sutchykins (Sutch@the.ebony.tower) (Quit: -)
[04:51:17] *** Joins: Rajoguna_ (Rajas@sorcery-un3.iaj.101.108.IP)
[04:51:22] *** Quits: Guest15887 (Rajas@sorcery-un3.iaj.101.108.IP) (Connection closed)
[04:51:50] *** Quits: Rajoguna_ (Rajas@sorcery-un3.iaj.101.108.IP) (Connection closed)
[04:52:38] *** Joins: Rajoguna (Rajas@sorcery-un3.iaj.101.108.IP)
[04:53:35] *** Rajoguna is now known as Guest39320
[05:38:55] *** Guest39320 is now known as Rajoguna
[06:35:32] *** Quits: Rajoguna (Rajas@sorcery-un3.iaj.101.108.IP) (Connection closed)
[06:36:04] <Edward> Wolfbane?  Where you banned from occultus again?
[06:37:40] *** Joins: Rajoguna (Rajas@sorcery-un3.iaj.101.108.IP)
[06:37:56] *** Rajoguna is now known as Guest54749
[06:39:34] *** Quits: Guest54749 (Rajas@sorcery-un3.iaj.101.108.IP) (Quit: Leaving)
[06:51:27] *** Quits: Edward (Edward@my.vhost) (Quit: Leaving)
[07:37:10] *** Quits: whoreface (drinkycrow@sorcery-7k7c12.il.comcast.net) (Ping timeout: 121 seconds)
[07:49:52] *** Joins: AntleredGirl (Mibbit@sorcery-n8sf0e.res.rr.com)
[08:09:19] *** Quits: AntleredGirl (Mibbit@sorcery-n8sf0e.res.rr.com) (Quit: http://www.mibbit.com ajax IRC Client)
[08:22:39] *** Joins: trapped (trapped@the.jade.cave)
[08:22:50] *** Joins: xanzul (xanzul@sorcery-laq2t9.va.comcast.net)
[08:27:17] *** Joins: Eugenios (Eugenios@sorcery-qlih83.ca.charter.com)
[08:57:25] *** Joins: Edward (Edward@my.vhost)
[09:14:12] *** Quits: trapped (trapped@the.jade.cave) (Connection closed)
[09:38:46] *** Quits: Edward (Edward@my.vhost) (Quit: Leaving)
[11:28:09] <Wolfbane> heya xanzul 
[11:33:22] <xanzul> hi
[11:47:09] <Wolfbane> yo
[11:47:12] <Wolfbane> sup
[11:48:46] <xanzul> im drunk :)
[12:06:13] <Wolfbane> sounds like a plan actually
[12:06:29] <Wolfbane> but drinking alone sucks so
[12:06:30] <Wolfbane> meh
[12:33:30] *** Quits: Eugenios (Eugenios@sorcery-qlih83.ca.charter.com) (Quit: Leaving)
[13:21:15] *** Quits: xanzul (xanzul@sorcery-laq2t9.va.comcast.net) (Connection closed)
[14:23:00] *** Joins: trapped (trapped@the.jade.cave)
[15:44:40] *** Joins: Sutch (Sutch@the.ebony.tower)
[15:45:42] *** Joins: Eugenios (Eugenios@sorcery-qlih83.ca.charter.com)
[16:03:44] *** Joins: VerifiedShitlady (pomegranate@sorcery-6n6lm7.c1d9.g01g.fb90.2607.IP)
[16:03:51] <VerifiedShitlady> Hi
[16:11:16] <Wolfbane> heya pomm
[16:11:17] <Wolfbane> :)
[16:11:22] <Wolfbane> feelin better?
[16:22:32] *** Joins: whoreface (drinkycrow@sorcery-7k7c12.il.comcast.net)
[16:48:56] *** Joins: mr_bulldops (drinkycrow@sorcery-2lk.kgm.65.185.IP)
[16:50:34] *** Quits: whoreface (drinkycrow@sorcery-7k7c12.il.comcast.net) (Ping timeout: 121 seconds)
[17:23:03] *** Quits: mr_bulldops (drinkycrow@sorcery-2lk.kgm.65.185.IP) (Ping timeout: 121 seconds)
[17:24:30] <VerifiedShitlady> Yes
[17:37:40] *** Quits: Eugenios (Eugenios@sorcery-qlih83.ca.charter.com) (Quit: Leaving)
[17:45:58] <VerifiedShitlady> Sigh
[18:16:07] <Wolfbane> heya pomm?
[18:16:11] <Wolfbane> you still there?
[18:16:18] <Wolfbane> VerifiedShitlady: yo
[18:16:58] <VerifiedShitlady> Hi
[18:17:16] <Wolfbane> can i pm you?
[18:17:35] <VerifiedShitlady> Ok
[18:36:17] *** Quits: VerifiedShitlady (pomegranate@sorcery-6n6lm7.c1d9.g01g.fb90.2607.IP) (Quit: I meant it when I said I wanna get well!)
[19:23:32] *** Joins: whoreface (drinkycrow@sorcery-7k7c12.il.comcast.net)
[19:25:57] *** Joins: mr_bulldops (drinkycrow@sorcery-2lk.kgm.65.185.IP)
[19:26:10] *** Joins: AntleredGirl (Mibbit@sorcery-n8sf0e.res.rr.com)
[19:27:34] *** Quits: whoreface (drinkycrow@sorcery-7k7c12.il.comcast.net) (Ping timeout: 121 seconds)
[19:44:24] *** Joins: whoreface (drinkycrow@sorcery-7k7c12.il.comcast.net)
[19:46:02] *** Quits: mr_bulldops (drinkycrow@sorcery-2lk.kgm.65.185.IP) (Ping timeout: 121 seconds)
[20:09:53] *** Quits: AntleredGirl (Mibbit@sorcery-n8sf0e.res.rr.com) (Quit: http://www.mibbit.com ajax IRC Client)
[20:49:42] *** Joins: Edward (Edward@my.vhost)
[20:55:32] *** Quits: Edward (Edward@my.vhost) (Quit: Leaving)
[21:02:32] *** Quits: whoreface (drinkycrow@sorcery-7k7c12.il.comcast.net) (Ping timeout: 121 seconds)
[21:25:28] *** Joins: whoreface (drinkycrow@sorcery-7k7c12.il.comcast.net)
[22:18:13] *** Joins: Edward (Edward@my.vhost)
[22:21:23] *** Quits: Edward (Edward@my.vhost) (Quit: Leaving)
[22:27:17] *** Aria is now known as Aria|disconnected
[22:30:32] *** Joins: VerifiedShitlady (pomegranate@sorcery-kbo9ad.mofc.65do.fb90.2607.IP)
[22:30:48] *** Joins: Chameleon (Chameleon@sorcery-cj29n1.sub-97-32-82.myvzw.com)
[22:30:57] <VerifiedShitlady> Hello
[22:31:04] <Chameleon> Hi
[22:31:14] *** VerifiedShitlady is now known as Pomegranate
[22:31:20] *** ChanServ sets mode: +o Pomegranate
[22:31:20] *** Quits: Pomegranate (pomegranate@sorcery-kbo9ad.mofc.65do.fb90.2607.IP) (Changing host)
[22:31:20] *** Joins: Pomegranate (pomegranate@Fruit.of.Death)
[22:31:20] *** gaia.sorcery.net sets mode: +o Pomegranate
[22:31:27] <Pomegranate> Welcome :)
[22:34:15] <Pomegranate> I'm so blargh
[22:35:38] *** Quits: whoreface (drinkycrow@sorcery-7k7c12.il.comcast.net) (Ping timeout: 121 seconds)
[22:37:51] <Chameleon> Why?
[22:38:22] <Pomegranate> Tired
[22:38:26] <Pomegranate> How are you?
[22:39:25] <Chameleon> Good
[22:39:52] *** Quits: FFDoftheTrumpCLan (finalfanta@sorcery-vr8h89.home.ne.jp) (Ping timeout: 121 seconds)
[22:41:11] <Pomegranate> Welcome to #pagancafe
[22:43:33] *** Aria|disconnected is now known as Aria
[22:43:35] <Chameleon> Thank you
[22:44:13] *** Aria is now known as Aria|disconnected
[22:57:26] *** Joins: whoreface (drinkycrow@sorcery-7k7c12.il.comcast.net)
[23:04:58] *** Joins: Jacinda (phone@sorcery-o8n.pfn.100.108.IP)
[23:05:04] <Pomegranate> Hey Jacinda 
[23:05:12] <Pomegranate> Allison is pming me
[23:05:31] <Jacinda> Oh god i forgot and my tethr broke too
[23:05:51] <Jacinda> Im at the bus station block her
[23:06:14] <Pomegranate> Jacinda
[23:06:23] <Pomegranate> am I sexy?
[23:06:48] <Jacinda> Of course tbh i wish we could met irl
[23:06:57] <Pomegranate> Ty
[23:07:10] <Pomegranate> Tell theallison that
[23:07:25] <Jacinda> I just got from a meeting. Should have a job soon
[23:08:15] <Jacinda> Oki pm'd her seeing if that nick reesponds
[23:09:25] *** Quits: Chameleon (Chameleon@sorcery-cj29n1.sub-97-32-82.myvzw.com) (Quit: SorceryNet Kiwi WebChat)
[23:10:02] *** Joins: Edward (Edward@my.vhost)
[23:15:03] * whoreface yiffs Pomegranate's ear
[23:15:47] <Edward> po..pom..pome..pomegran..POMEGRANATE 
[23:16:59] <Pomegranate> LEWD
[23:17:07] *** Joins: Chameleon (Chameleon@sorcery-cj29n1.sub-97-32-82.myvzw.com)
[23:17:19] <Pomegranate> ed...edw...edwa.....edwar.....EDWARD!!!
[23:17:51] <Pomegranate> Wb Chameleon 
[23:18:09] <Pomegranate> Who are you?
[23:18:09] <Chameleon> Thank you Pomegranate
[23:19:02] <Chameleon> Me?
[23:19:42] <Pomegranate> Yes
[23:21:01] <Chameleon> Well I prefer to go by Chameleon. It's my online alias. But you may call me Brian
[23:21:12] <Pomegranate> Cool
[23:23:42] *** Aria|disconnected is now known as Aria
[23:24:38] *** Quits: Jacinda (phone@sorcery-o8n.pfn.100.108.IP) (Connection closed)
[23:27:20] <Pomegranate> How'd you find this room, Chameleon ?
[23:29:14] <Chameleon> Found it in the room list
[23:29:27] <Chameleon> Seems to be the most active pagan channel
[23:33:00] <Edward> GIVE ME FUEL GIVE ME FIRE GIVE ME THAT WHICH I DESIRE
[23:33:32] <Pomegranate> Well Chameleon 
[23:33:39] <Pomegranate> What's your path?
[23:34:25] <Chameleon> Still a bit new, so not sure yet?
[23:34:34] * Pomegranate nods
[23:53:39] *** Quits: whoreface (drinkycrow@sorcery-7k7c12.il.comcast.net) (Ping timeout: 121 seconds)
