[00:51:53] *** Joins: oath (oath@sorcery-15ldgn.client.mchsi.com)
[01:01:07] *** Aria is now known as Aria|disconnected
[02:09:27] *** Joins: Edward (Edward@my.vhost)
[02:11:35] *** Quits: Sutch (Sutch@the.ebony.tower) (Quit: -)
[02:23:04] *** Joins: Escovan (Escovan@sorcery-n6prqj.prutsplek.nl)
[03:00:47] *** Quits: Edward (Edward@my.vhost) (Quit: Leaving)
[03:37:20] *** Quits: Woxxy (Woxxy@MEOW.MEOW.MEOW) (Quit: Leaving)
[03:47:53] *** Quits: Eugenios (Eugenios@sorcery-hvemon.ca.charter.com) (Quit: Leaving)
[06:44:00] *** Joins: Edward (Edward@my.vhost)
[08:15:04] *** Quits: Edward (Edward@my.vhost) (Quit: Leaving)
[08:38:42] *** Aria|disconnected is now known as Aria
[10:27:11] *** Joins: Rajoguna (Sattva@sorcery-8d1.a7j.120.108.IP)
[13:03:45] *** Joins: trapped (trapped@the.jade.cave)
[13:18:53] *** Quits: trapped (trapped@the.jade.cave) (Connection closed)
[13:27:35] *** Joins: trapped (trapped@the.jade.cave)
[13:48:02] *** Joins: discojack (jackbiscuit@sorcery-qoa.l5a.237.209.IP)
[14:48:09] *** Joins: VerifiedShitlady (pomegranate@sorcery-je3p6f.fg1h.u3u3.fb90.2607.IP)
[14:48:21] <VerifiedShitlady> Hi
[14:59:38] <discojack> yo
[15:00:06] <VerifiedShitlady> Sup
[15:08:47] <discojack> https://cdn.discordapp.com/attachments/173156830917296129/173605015951376385/1437023736263.gif
[15:08:50] <discojack> oh you know
[15:08:52] <discojack> coffee and online dating
[15:08:54] <discojack> loooooooooooool
[15:13:54] *** Joins: Sutch (Sutch@sorcery-c7nn3k.range86-142.btcentralplus.com)
[15:13:54] *** Quits: Sutch (Sutch@sorcery-c7nn3k.range86-142.btcentralplus.com) (Changing host)
[15:13:54] *** Joins: Sutch (Sutch@the.ebony.tower)
[15:20:47] <VerifiedShitlady> Di
[15:20:50] <VerifiedShitlady> discojack: 
[15:20:55] <VerifiedShitlady> I got my apartment
[15:21:10] <discojack> niiiiiice
[15:21:14] <discojack> can i come hang?
[15:21:37] <VerifiedShitlady> You can indeed
[15:22:15] <discojack> some day.
[15:43:07] <discojack> so whats up verifiedshitlady
[15:43:21] <discojack> you're so hardcore verified
[15:43:26] <discojack> come here
[15:44:48] <VerifiedShitlady> Come shower with me
[15:46:47] <discojack> okay :>
[15:58:35] <VerifiedShitlady> discojack: I can't gain weight >:(
[16:01:55] <discojack> well jeez
[16:02:01] <discojack> we'll have steak after our shower tgther
[16:02:08] <VerifiedShitlady> YES
[16:51:17] *** Quits: whoreface (drinkycrow@sorcery-7k7c12.il.comcast.net) (Ping timeout: 121 seconds)
[16:52:08] *** Joins: discobiscuit (AndChat7064@sorcery-qoa.l5a.237.209.IP)
[17:15:05] *** Quits: discobiscuit (AndChat7064@sorcery-qoa.l5a.237.209.IP) (Connection closed)
[17:52:22] *** Joins: Sutchykins (Sutch@sorcery-c7nn3k.range86-142.btcentralplus.com)
[17:54:51] *** Quits: Sutch (Sutch@the.ebony.tower) (Ping timeout: 121 seconds)
[18:11:06] *** Sutchykins is now known as Sutch
[18:11:28] *** Quits: Sutch (Sutch@sorcery-c7nn3k.range86-142.btcentralplus.com) (Changing host)
[18:11:28] *** Joins: Sutch (Sutch@the.ebony.tower)
[18:43:49] *** Joins: whoreface (drinkycrow@sorcery-7k7c12.il.comcast.net)
[19:00:29] *** Quits: Rajoguna (Sattva@sorcery-8d1.a7j.120.108.IP) (Quit: Leaving)
[19:25:12] *** Quits: VerifiedShitlady (pomegranate@sorcery-je3p6f.fg1h.u3u3.fb90.2607.IP) (Ping timeout: 121 seconds)
[19:26:02] *** Quits: Sutch (Sutch@the.ebony.tower) (Ping timeout: 121 seconds)
[19:29:53] *** Quits: whoreface (drinkycrow@sorcery-7k7c12.il.comcast.net) (Ping timeout: 121 seconds)
[20:23:58] *** Joins: pag832 (me@sorcery-umrqio.9smu.maks.0587.2a02.IP)
[20:24:18] <pag832> hello
[20:24:21] <pag832> any pagan?
[20:27:25] *** Quits: pag832 (me@sorcery-umrqio.9smu.maks.0587.2a02.IP) (Quit: Leaving)
[20:35:48] *** Joins: pomegranate (pomegranate@Fruit.of.Death)
[20:35:48] *** ChanServ sets mode: +o pomegranate
[20:46:45] *** Joins: Sutch (Sutch@sorcery-c7nn3k.range86-142.btcentralplus.com)
[20:46:45] *** Quits: Sutch (Sutch@sorcery-c7nn3k.range86-142.btcentralplus.com) (Changing host)
[20:46:45] *** Joins: Sutch (Sutch@the.ebony.tower)
[22:34:25] *** Joins: Edward (Edward@my.vhost)
[22:50:53] *** Joins: whoreface (drinkycrow@sorcery-7k7c12.il.comcast.net)
[23:01:59] *** Quits: pomegranate (pomegranate@Fruit.of.Death) (Quit: I meant it when I said I wanna get well!)
[23:21:26] *** Quits: Edward (Edward@my.vhost) (Quit: Leaving)
[23:26:57] *** Quits: whoreface (drinkycrow@sorcery-7k7c12.il.comcast.net) (Ping timeout: 121 seconds)
[23:51:16] *** Joins: mariella (mariella@sorcery-p675bt.greenmountainaccess.net)
[23:51:31] <mariella> Hello there
[23:55:45] *** Parts: mariella (mariella@sorcery-p675bt.greenmountainaccess.net) ()
