[01:03:25] *** Joins: whoreface (drinkycrow@sorcery-7k7c12.il.comcast.net)
[02:19:56] *** Joins: Eugenios (Eugenios@sorcery-hvemon.ca.charter.com)
[02:21:48] *** Quits: xanzul (xanzul@sorcery-hu5e3f.va.comcast.net) (Connection closed)
[02:23:23] <Eugenios> Hey
[02:30:11] *** Quits: Eugenios (Eugenios@sorcery-hvemon.ca.charter.com) (Quit: Leaving)
[02:34:22] *** David is now known as god
[02:34:36] *** god is now known as david
[02:34:41] *** david is now known as David
[03:08:55] *** Joins: xanzul (xanzul@sorcery-laq2t9.va.comcast.net)
[03:47:44] *** Quits: Sutch (Sutch@the.ebony.tower) (Quit: -)
[05:54:55] *** Joins: Rain (AndChat6360@sorcery-4t34ao.stns.h2pr.6000.2606.IP)
[06:14:51] *** Joins: Eugenios (Eugenios@sorcery-hvemon.ca.charter.com)
[06:18:01] <Eugenios> Hey
[06:19:55] *** Joins: IronElk (AndChat1557@sorcery-nhspph.oson.vu37.0301.2602.IP)
[06:20:01] *** Quits: Rain (AndChat6360@sorcery-4t34ao.stns.h2pr.6000.2606.IP) (Quit: Bye)
[06:41:03] *** Joins: Edward (Edward@my.vhost)
[07:17:15] *** Quits: Edward (Edward@my.vhost) (Quit: Leaving)
[07:36:36] *** Quits: IronElk (AndChat1557@sorcery-nhspph.oson.vu37.0301.2602.IP) (Quit: Bye)
[07:49:04] *** Quits: Eugenios (Eugenios@sorcery-hvemon.ca.charter.com) (Quit: Leaving)
[08:12:40] *** Joins: Eugenios (Eugenios@sorcery-qlih83.ca.charter.com)
[08:33:29] *** Quits: whoreface (drinkycrow@sorcery-7k7c12.il.comcast.net) (Ping timeout: 121 seconds)
[08:57:19] *** Joins: Edward (Edward@my.vhost)
[09:00:46] *** Quits: Edward (Edward@my.vhost) (Quit: Leaving)
[09:47:12] *** Quits: xanzul (xanzul@sorcery-laq2t9.va.comcast.net) (Quit: )
[10:04:08] *** Quits: Eugenios (Eugenios@sorcery-qlih83.ca.charter.com) (Quit: Leaving)
[11:43:55] *** Joins: trapped (trapped@the.jade.cave)
[12:54:16] *** Joins: Eugenios (Eugenios@sorcery-qlih83.ca.charter.com)
[14:33:51] *** Quits: oath (oath@sorcery-5pmffo.client.mchsi.com) (Connection closed)
[15:12:00] *** Joins: Pomegranate (fleff@Fruit.of.Death)
[15:12:00] *** ChanServ sets mode: +o Pomegranate
[15:12:37] *** Parts: Pomegranate (fleff@Fruit.of.Death) ("TRIGGURED")
[15:12:42] *** Joins: Pomegranate (fleff@Fruit.of.Death)
[15:12:43] *** ChanServ sets mode: +o Pomegranate
[15:44:17] *** Quits: trapped (trapped@the.jade.cave) (Ping timeout: 121 seconds)
[16:03:46] *** Joins: trapped (trapped@the.jade.cave)
[16:29:52] <Pomegranate> trapped: 
[16:29:59] <trapped> yes
[16:30:06] <Pomegranate> Do you like fat chicks?
[16:30:26] <trapped> no
[16:30:32] <trapped> depends on how fat
[16:32:56] *** Quits: Eugenios (Eugenios@sorcery-qlih83.ca.charter.com) (Quit: Leaving)
[16:56:54] <Pomegranate> trapped: 
[16:56:58] <trapped> yes
[16:57:03] <Pomegranate> Look up Allison Sweeney
[16:57:05] <Pomegranate> on fb
[16:59:10] <trapped> which one
[16:59:49] <Pomegranate> Redhead
[16:59:51] <Pomegranate> From maine
[17:00:48] <trapped> this one? https://www.facebook.com/allison.sweeney.311
[17:01:44] <Pomegranate> No
[17:01:53] <Pomegranate> From west bath, maine
[17:02:03] <Pomegranate> Sweeny
[17:02:04] <Pomegranate> Maybe
[17:02:16] <Pomegranate> The fat redhead from west bath, maine
[17:04:01] <trapped> no results
[17:04:05] <trapped> can't you just link me the profile
[17:06:46] <Pomegranate> How
[17:08:41] <Pomegranate> https://m.facebook.com/allison.sweeney.792?__xt__=12.%7B"click_type"%3A"result"%2C"module_id"%3A0%2C"result_id"%3A100000708773513%2C"sid"%3A"798073977"%2C"browse_result_type"%3A"browse_type_user"%2C"module_role"%3A"NONE"%2C"module_result_position"%3A0%7D
[17:09:44] <Pomegranate> https://m.facebook.com/allison.sweeney.792
[17:12:19] <Pomegranate> trapped: https://m.facebook.com/allison.sweeney.792
[17:14:29] <Pomegranate> 10/10 ritr
[17:20:58] <trapped> fat ass
[17:21:09] <Pomegranate> Would you bang?
[17:27:44] <Pomegranate> Tarpped
[17:33:07] *** Joins: whoreface (drinkycrow@sorcery-7k7c12.il.comcast.net)
[17:33:13] <Pomegranate> whoreface: 
[17:38:58] *** Quits: trapped (trapped@the.jade.cave) (Connection closed)
[18:52:47] *** Joins: discojack (jackbiscuit@sorcery-qoa.l5a.237.209.IP)
[18:53:06] <Pomegranate> discojack: 
[18:53:11] <discojack> hi
[18:53:18] <Pomegranate> Hi bby
[18:53:42] <Pomegranate> Would you bang?
[18:53:44] <Pomegranate> https://m.facebook.com/allison.sweeney.792
[18:54:20] <discojack> no
[18:54:36] <Pomegranate> Too fat?
[18:55:00] <discojack> its something about her face
[18:55:13] <Pomegranate> Too fat?
[18:57:27] <discojack> kind of 
[18:57:29] <discojack> the cheeks are large
[18:57:31] <discojack> but like 
[18:57:34] <discojack> her face looks odd
[18:57:40] <discojack> like its a normal looking face 
[18:57:42] <discojack> dont get me wrong
[18:57:46] <discojack> but the cheek bones are weird
[18:58:05] <discojack> it has to do with her chubbyness and like 
[18:58:08] <discojack> the way she looks in the picture
[18:58:13] <discojack> almost looks like she's holding in a poop
[18:58:23] <discojack> and really really enjoys anals
[19:00:02] <discojack> im sore pomegranate
[19:00:18] <Pomegranate> Why
[19:00:21] <discojack> sex
[19:00:23] <discojack> and boarding
[20:12:01] *** Joins: Sutch (Sutch@the.ebony.tower)
[20:20:16] *** Joins: trapped (trapped@the.jade.cave)
[20:37:02] *** Quits: Pomegranate (fleff@Fruit.of.Death) (Quit: books are the best friend, they will never let you down)
[21:03:26] *** Quits: discojack (jackbiscuit@sorcery-qoa.l5a.237.209.IP) (Client exited)
[21:17:39] *** Joins: Cetu (fleff@sorcery-c2ar7e.9gcq.ifs2.fb90.2607.IP)
[21:55:25] *** Quits: Cetu (fleff@sorcery-c2ar7e.9gcq.ifs2.fb90.2607.IP) (Ping timeout: 121 seconds)
[22:03:01] *** Joins: Edward (Edward@my.vhost)
[22:03:49] *** Quits: Edward (Edward@my.vhost) (Connection closed)
[23:19:21] *** Joins: Cetu (fleff@sorcery-lgc5cc.sshb.uv3d.fb90.2607.IP)
