[00:04:57] <Pomegranate> Chameleon: 
[00:05:14] <Pomegranate> Any idea who your matron/patron is?
[00:06:41] *** Aria is now known as Aria|disconnected
[00:09:28] <Chameleon> Feeling really drawn to Kali and Shiva
[00:09:45] <Pomegranate> Cool
[00:09:57] <Pomegranate> Jacinda is Hindu
[00:10:30] <Chameleon> Cool
[00:11:14] <Edward> Isnt Jacinda like a satanist version of a hindu?
[00:15:11] <Pomegranate> Yes
[00:16:58] *** Joins: whoreface (drinkycrow@sorcery-7k7c12.il.comcast.net)
[00:23:27] <Pomegranate> Chameleon: have you read the Bhagavad Gita?
[00:24:01] <Chameleon> What's that?
[00:26:30] <Pomegranate> The Hindu holy book
[00:26:41] <Chameleon> Oh
[00:26:48] <Chameleon> No I haven't
[00:27:00] <Chameleon> I will though
[00:27:45] <Pomegranate> Lol how old are you, just out of curiosity?
[00:28:15] <Chameleon> 20
[00:28:19] <Chameleon> And you?
[00:28:41] <Pomegranate> the same
[00:29:02] <Chameleon> Cool
[00:29:28] *** Quits: Edward (Edward@my.vhost) (Quit: Leaving)
[00:30:05] <Pomegranate> I find most pagan traditions come down to the same beliefs at the core
[00:38:30] *** Joins: Potwiz (Vitriolic@sorcery-qr6.vl2.222.24.IP)
[00:42:54] <Pomegranate> Hi Potwiz 
[00:43:00] <Potwiz> hi
[00:43:29] <Pomegranate> So the Red Wings are gonna win the Stanley Cup this year
[00:44:49] <Pomegranate> At the JOE
[00:53:24] *** Quits: Chameleon (Chameleon@sorcery-cj29n1.sub-97-32-82.myvzw.com) (Quit: SorceryNet Kiwi WebChat)
[00:56:03] *** Pomegranate sets mode: +o Potwiz
[00:59:12] *** Pomegranate sets mode: -o Potwiz
[00:59:19] <Pomegranate> :]
[01:00:57] *** Pomegranate sets mode: +o whoreface
[01:02:52] *** Pomegranate sets mode: +vvvvvvvv Aria|disconnected David EronGari Escovan oath Potwiz Sutch trapped
[01:20:22] *** Quits: Potwiz (Vitriolic@sorcery-qr6.vl2.222.24.IP) (Quit: EXCELLCIOR)
[01:23:36] *** Aria|disconnected is now known as Aria
[01:29:19] *** Quits: whoreface (drinkycrow@sorcery-7k7c12.il.comcast.net) (Ping timeout: 121 seconds)
[01:35:49] *** Joins: Edward (Edward@my.vhost)
[01:37:28] <Edward> Everyone but me and wolfbane has voice
[01:37:39] <Edward> Its because im white, isnt it
[01:39:40] *** Pomegranate sets mode: +v Edward
[01:39:50] <Edward> Woo!
[01:44:22] * Pomegranate burps
[01:44:27] <Pomegranate> Ye
[01:44:41] <Edward> Yesh
[01:44:50] <Edward> I think Wolfbane is banned from Occultus again, since he isnt on that network
[01:46:28] <Pomegranate> No shit
[01:48:28] *** Joins: Eugenios (Eugenios@sorcery-hvemon.ca.charter.com)
[01:48:44] *** Pomegranate sets mode: +v Eugenios
[01:52:19] *** Joins: whoreface (drinkycrow@sorcery-7k7c12.il.comcast.net)
[01:53:45] *** Pomegranate sets mode: +v whoreface
[01:59:41] *** Quits: Sutch (Sutch@the.ebony.tower) (Quit: -)
[02:03:54] *** Quits: trapped (trapped@the.jade.cave) (Ping timeout: 121 seconds)
[02:32:24] *** Quits: whoreface (drinkycrow@sorcery-7k7c12.il.comcast.net) (Ping timeout: 121 seconds)
[02:42:54] <Eugenios> Hey
[03:09:28] *** Joins: whoreface (drinkycrow@sorcery-7k7c12.il.comcast.net)
[03:29:28] *** Quits: Edward (Edward@my.vhost) (Quit: Leaving)
[03:29:45] <Pomegranate> Hi
[03:34:29] <Eugenios> How are you?
[03:35:40] <Pomegranate> Exhausted
[03:35:43] <Pomegranate> you?
[03:36:04] <Eugenios> I'm doing great
[03:36:10] <Eugenios> I just released my third EP album
[03:36:19] <Eugenios> I greatly improved my mixing and mastering technique
[03:36:25] <Pomegranate> Cool
[03:54:14] *** Joins: Rajoguna (Rajas@sorcery-qne.b65.115.108.IP)
[04:00:29] *** Joins: Edward (Edward@my.vhost)
[04:07:22] *** Quits: Rajoguna (Rajas@sorcery-qne.b65.115.108.IP) (Connection closed)
[04:08:17] *** Joins: Rajoguna (Rajas@sorcery-qne.b65.115.108.IP)
[04:09:15] *** Rajoguna is now known as Guest63811
[04:09:17] *** Guest63811 is now known as Jacinda
[04:12:42] *** Quits: Pomegranate (pomegranate@Fruit.of.Death) (Quit: I meant it when I said I wanna get well!)
[04:27:39] *** Quits: whoreface (drinkycrow@sorcery-7k7c12.il.comcast.net) (Ping timeout: 121 seconds)
[04:35:56] *** Quits: Jacinda (Rajas@sorcery-qne.b65.115.108.IP) (Quit: Leaving)
[05:02:35] *** Joins: whoreface (drinkycrow@sorcery-7k7c12.il.comcast.net)
[05:04:17] *** Aria is now known as Aria|disconnected
[05:26:59] *** Joins: mr_bulldops (drinkycrow@sorcery-2lk.kgm.65.185.IP)
[05:28:36] *** Quits: whoreface (drinkycrow@sorcery-7k7c12.il.comcast.net) (Ping timeout: 121 seconds)
[05:55:28] *** Joins: whoreface (drinkycrow@sorcery-7k7c12.il.comcast.net)
[05:55:59] *** Quits: mr_bulldops (drinkycrow@sorcery-2lk.kgm.65.185.IP) (Connection closed)
[05:56:39] *** Joins: Jacinda (Jacey@sorcery-qne.b65.115.108.IP)
[06:24:12] *** Quits: Eugenios (Eugenios@sorcery-hvemon.ca.charter.com) (Quit: Leaving)
[06:38:26] *** Joins: Eugenios (Eugenios@sorcery-qlih83.ca.charter.com)
[10:06:58] *** Quits: Eugenios (Eugenios@sorcery-qlih83.ca.charter.com) (Quit: Leaving)
[10:53:09] *** Joins: JenElizabeth (jenelizabet@sorcery-jpt5e1.cable.virginm.net)
[10:59:56] *** Aria|disconnected is now known as Aria
[11:16:05] *** Quits: Edward (Edward@my.vhost) (Quit: Leaving)
[13:10:01] *** Joins: trapped (trapped@the.jade.cave)
[14:01:55] *** Joins: oath_ (oath@sorcery-5pmffo.client.mchsi.com)
[14:04:34] *** Quits: oath (oath@sorcery-5pmffo.client.mchsi.com) (Ping timeout: 121 seconds)
[14:45:34] *** Quits: JenElizabeth (jenelizabet@sorcery-jpt5e1.cable.virginm.net) (Ping timeout: 121 seconds)
[14:51:39] *** Joins: Pomegranate (pomegranate@Fruit.of.Death)
[14:51:39] *** ChanServ sets mode: +o Pomegranate
[14:51:47] <Pomegranate> Hey
[14:59:59] *** Joins: Sutch (Sutch@sorcery-rkmfvq.range86-155.btcentralplus.com)
[14:59:59] *** Quits: Sutch (Sutch@sorcery-rkmfvq.range86-155.btcentralplus.com) (Changing host)
[14:59:59] *** Joins: Sutch (Sutch@the.ebony.tower)
[15:37:20] <Pomegranate> Jacinda: 
[16:28:11] *** Quits: oath_ (oath@sorcery-5pmffo.client.mchsi.com) (Quit: KVIrc 4.2.0 Equilibrium http://www.kvirc.net/)
[17:52:27] *** Joins: Quetsel (Vitriolic@sorcery-qr6.vl2.222.24.IP)
[18:04:07] *** Joins: mr_bulldops (drinkycrow@sorcery-80521q.mullvad.net)
[18:05:10] <Pomegranate> Hello Quetsel 
[18:05:45] *** Quits: whoreface (drinkycrow@sorcery-7k7c12.il.comcast.net) (Ping timeout: 121 seconds)
[18:10:02] <Quetsel> hi Pomegranate 
[18:13:13] <Pomegranate> Welcome
[18:15:58] <Quetsel> thanks
[18:16:40] <Pomegranate> Jacinda: 
[18:16:42] <Pomegranate> Jacinda: 
[18:16:44] <Pomegranate> Jacinda: 
[18:23:14] <Pomegranate> Quetsel: how old are you?
[18:23:43] <Quetsel> old
[18:23:47] <Quetsel> enough
[18:23:59] <Quetsel> why?
[18:24:06] <Pomegranate> Just wondering
[18:24:14] <Pomegranate> I ask every newb
[18:24:43] <Pomegranate> So who's your Matron/Patron deity?
[18:25:10] <Pomegranate> If I may ask
[18:26:11] <Quetsel> my matron has always been Morrigan, but my Patron tends to be in flux
[18:26:33] * Pomegranate nods
[18:26:39] <Wolfbane> heya Pomegranate 
[18:26:49] <Pomegranate> Quetsel: meet Wolfbane 
[18:26:52] <Wolfbane> allison told me to say hi btw
[18:26:59] <Wolfbane> from her
[18:27:03] <Pomegranate> GROSS
[18:27:16] <Pomegranate> GROSS
[18:27:17] <Wolfbane> heya Quetsel 
[18:27:36] <Wolfbane> wasn't sure how you would react... just passing it along
[18:27:45] <Pomegranate> GROSS
[18:27:53] <Wolfbane> hahaha pomm okok
[18:28:02] <Pomegranate> NASTY
[18:28:06] <Wolfbane> lol
[18:28:32] <Pomegranate> Jacinda: pm?
[18:29:25] <Pomegranate> I cleaned today
[18:31:36] *** Pomegranate changes topic to 'Welcome to #pagancafe, the coffeehouse for people of tradition! Grab a cup of coffee and relax with your fellow pagans....clothing optional. <Pomegranate> If your ejaculation isn't maple syrup, you're not Canadian.'
[18:36:49] <Wolfbane> yikes
[18:36:51] <Wolfbane> thats vivid
[18:37:56] <Pomegranate> :^]
[18:38:39] <Wolfbane> and also sensual
[18:38:50] * Wolfbane rubs self down with a butter bar
[18:42:21] *** Quits: mr_bulldops (drinkycrow@sorcery-80521q.mullvad.net) (Ping timeout: 121 seconds)
[18:43:32] <Pomegranate> JUST REMEMBER
[18:43:42] <Pomegranate> IN ORDER TO GAIN CANADIAN CITIZENSHIP
[18:43:51] <Pomegranate> YOU MUST EJACULATE MAPLE SYRUP
[18:44:06] <Pomegranate> Also I gtg for a walk
[18:44:09] <Pomegranate> Bbl
[18:44:13] *** Pomegranate sets mode: +o Jacinda
[18:44:47] *** Quits: Pomegranate (pomegranate@Fruit.of.Death) (Quit: I meant it when I said I wanna get well!)
[19:05:28] *** Quits: Jacinda (Jacey@sorcery-qne.b65.115.108.IP) (Connection closed)
[19:25:40] *** Joins: VerifiedShitlady (VerifiedShi@sorcery-6fap8f.hfc.comcastbusiness.net)
[19:25:51] <VerifiedShitlady> shalom, nerds
[19:26:58] *** VerifiedShitlady is now known as Kuenzel
[19:42:34] *** Parts: Kuenzel (VerifiedShi@sorcery-6fap8f.hfc.comcastbusiness.net) ()
[20:23:31] *** Quits: Quetsel (Vitriolic@sorcery-qr6.vl2.222.24.IP) (Quit: EXCELLCIOR)
[20:38:07] *** Joins: AntleredGirl (Mibbit@sorcery-n8sf0e.res.rr.com)
[21:37:58] *** Joins: DarkWitch (DarkWitch@sorcery-gs97lv.nm.comcast.net)
[21:41:24] *** Parts: DarkWitch (DarkWitch@sorcery-gs97lv.nm.comcast.net) ()
[22:04:14] *** Quits: AntleredGirl (Mibbit@sorcery-n8sf0e.res.rr.com) (Quit: http://www.mibbit.com ajax IRC Client)
[22:36:56] *** Joins: whoreface (drinkycrow@sorcery-q5is8g.mullvad.net)
[22:39:27] *** Joins: mr_bulldops (drinkycrow@sorcery-q5is8g.mullvad.net)
[22:40:57] *** Quits: whoreface (drinkycrow@sorcery-q5is8g.mullvad.net) (Ping timeout: 121 seconds)
[22:43:51] *** Joins: whoreface (drinkycrow@sorcery-7k7c12.il.comcast.net)
[22:45:30] *** Quits: mr_bulldops (drinkycrow@sorcery-q5is8g.mullvad.net) (Ping timeout: 121 seconds)
[22:55:21] *** Joins: VerifiedShitlady (pomegranate@sorcery-e88a8q.ad8p.ni97.fb90.2607.IP)
[22:55:42] *** VerifiedShitlady is now known as Kuenzel
[23:05:02] <Kuenzel> Kek
[23:05:08] <Kuenzel> They caught me
[23:15:59] *** Quits: whoreface (drinkycrow@sorcery-7k7c12.il.comcast.net) (Ping timeout: 121 seconds)
[23:29:09] *** Joins: whoreface (drinkycrow@sorcery-7k7c12.il.comcast.net)
[23:35:19] *** Quits: Kuenzel (pomegranate@sorcery-e88a8q.ad8p.ni97.fb90.2607.IP) (Quit: I meant it when I said I wanna get well!)
[23:39:32] *** Joins: mr_bulldops (drinkycrow@sorcery-6bnr1a.mullvad.net)
[23:41:11] *** Quits: whoreface (drinkycrow@sorcery-7k7c12.il.comcast.net) (Ping timeout: 121 seconds)
[23:51:56] *** Joins: whoreface (drinkycrow@sorcery-7k7c12.il.comcast.net)
[23:53:34] *** Quits: mr_bulldops (drinkycrow@sorcery-6bnr1a.mullvad.net) (Ping timeout: 121 seconds)
[23:55:29] *** Joins: Edward (Edward@my.vhost)
