[00:14:57] *** Joins: Eugenios (Eugenios@sorcery-hvemon.ca.charter.com)
[00:46:46] *** Joins: Edward (Edward@my.vhost)
[00:57:02] *** Quits: trapped (trapped@the.jade.cave) (Connection closed)
[02:23:25] *** Aria is now known as Aria|disconnected
[02:40:08] *** Quits: Sutch (Sutch@the.ebony.tower) (Quit: 666)
[03:16:12] *** Quits: EronGari (EronGari@c280.merc.benz) (Quit: SorceryNet Kiwi WebChat)
[03:16:19] *** Joins: EronGari (EronGari@c280.merc.benz)
[03:18:43] *** Quits: Edward (Edward@my.vhost) (Quit: Leaving)
[03:25:56] <Eugenios> Hey
[04:13:03] *** Joins: whoreface (drinkycrow@sorcery-7k7c12.il.comcast.net)
[05:55:45] *** Quits: discojack (jackbiscuit@sorcery-qoa.l5a.237.209.IP) (Connection closed)
[06:33:47] *** Quits: Eugenios (Eugenios@sorcery-hvemon.ca.charter.com) (Quit: Leaving)
[07:21:16] *** Quits: whoreface (drinkycrow@sorcery-7k7c12.il.comcast.net) (Ping timeout: 121 seconds)
[08:05:57] *** Aria|disconnected is now known as Aria
[09:47:04] *** Joins: Rajoguna (Rajas@sorcery-i58.5q5.120.108.IP)
[10:34:15] *** Joins: XxDarkHarpyxX (XxDarkHarpy@sorcery-tmuggu.ebj9.ad7b.6001.2605.IP)
[10:39:03] *** Parts: XxDarkHarpyxX (XxDarkHarpy@sorcery-tmuggu.ebj9.ad7b.6001.2605.IP) ("Leaving")
[11:43:44] *** Joins: trapped (trapped@the.jade.cave)
[14:44:20] *** Joins: whoreface (drinkycrow@sorcery-7k7c12.il.comcast.net)
[14:57:15] *** Joins: Sutch (Sutch@sorcery-c7nn3k.range86-142.btcentralplus.com)
[14:57:15] *** Quits: Sutch (Sutch@sorcery-c7nn3k.range86-142.btcentralplus.com) (Changing host)
[14:57:15] *** Joins: Sutch (Sutch@the.ebony.tower)
[15:34:55] *** Quits: Sutch (Sutch@the.ebony.tower) (Ping timeout: 121 seconds)
[15:35:37] <Aria> Occultus mods are starting to attack me too.. Took them long enough....
[15:35:50] *** Joins: Sutch (Sutch@the.ebony.tower)
[15:35:53] <Aria> hi Sutch 
[15:39:44] *** Joins: QuietOne (Insekt@sorcery-295q56.pa.comcast.net)
[16:25:43] *** Quits: Sutch (Sutch@the.ebony.tower) (Connection closed)
[16:25:55] *** Joins: Sutch (Sutch@sorcery-c7nn3k.range86-142.btcentralplus.com)
[16:25:55] *** Quits: Sutch (Sutch@sorcery-c7nn3k.range86-142.btcentralplus.com) (Changing host)
[16:25:55] *** Joins: Sutch (Sutch@the.ebony.tower)
[17:09:06] *** Quits: Rajoguna (Rajas@sorcery-i58.5q5.120.108.IP) (Connection closed)
[17:09:14] *** Joins: Rajoguna (Rajas@sorcery-i58.5q5.120.108.IP)
[17:10:11] *** Rajoguna is now known as Guest79
[17:14:25] *** Quits: whoreface (drinkycrow@sorcery-7k7c12.il.comcast.net) (Ping timeout: 121 seconds)
[18:55:11] *** Joins: whoreface (drinkycrow@sorcery-7k7c12.il.comcast.net)
[19:27:38] <Guest79> they still exist aria?
[19:27:46] *** Guest79 is now known as Rajoguna
[19:30:46] <Aria> yes Rajoguna 
[19:31:07] <Rajoguna> holy crap how many users?
[19:31:40] <Rajoguna> 20? 10? 5?
[19:32:05] <Rajoguna> i would of thought amira and newfie would of burned it down self destructively long ago
[19:58:44] *** Quits: QuietOne (Insekt@sorcery-295q56.pa.comcast.net) (Ping timeout: 121 seconds)
[20:16:06] <Aria> 25 at the moment
[20:16:34] <Aria> but everyone I know who ran away from Occultus has left the other, non-occultus chatrooms too...
[20:56:38] *** Joins: QuietOne (Insekt@sorcery-295q56.pa.comcast.net)
[22:11:17] *** Quits: whoreface (drinkycrow@sorcery-7k7c12.il.comcast.net) (Ping timeout: 121 seconds)
[22:40:57] *** Joins: whoreface (drinkycrow@sorcery-7k7c12.il.comcast.net)
[22:44:24] *** Quits: QuietOne (Insekt@sorcery-295q56.pa.comcast.net) (Ping timeout: 121 seconds)
[22:45:48] *** Joins: QuietOne (Insekt@sorcery-295q56.pa.comcast.net)
[23:21:54] *** Joins: Eugenios (Eugenios@sorcery-hvemon.ca.charter.com)
[23:47:46] *** Quits: trapped (trapped@the.jade.cave) (Connection closed)
