[00:32:55] *** Joins: whoreface (drinkycrow@sorcery-7k7c12.il.comcast.net)
[00:35:21] *** Quits: trapped (trapped@the.jade.cave) (Connection closed)
[00:50:44] *** Quits: VerifiedShitlady (pomegranate@sorcery-esp4n5.039s.5s7e.0306.2602.IP) (Ping timeout: 121 seconds)
[01:01:01] *** Aria is now known as Aria|away
[01:41:39] *** Quits: Rajoguna (Rajoguna@sorcery-n85.cpb.123.108.IP) (Quit: Leaving)
[01:56:37] *** Joins: Rajoguna (Rajoguna@sorcery-n85.cpb.123.108.IP)
[02:05:14] *** Quits: Sutch (Sutch@the.ebony.tower) (Quit: -)
[02:15:04] *** Quits: whoreface (drinkycrow@sorcery-7k7c12.il.comcast.net) (Ping timeout: 121 seconds)
[02:51:26] *** Joins: whoreface (drinkycrow@sorcery-7k7c12.il.comcast.net)
[03:44:30] *** Quits: EronGari (EronGari@c280.merc.benz) (Quit: SorceryNet Kiwi WebChat)
[03:52:06] *** Joins: Edward (Edward@my.vhost)
[03:53:05] *** Quits: Edward (Edward@my.vhost) (Quit: Leaving)
[05:23:26] *** Quits: Set (Insekt@sorcery-295q56.pa.comcast.net) (Ping timeout: 121 seconds)
[05:24:20] *** Joins: QuietOne (Insekt@sorcery-295q56.pa.comcast.net)
[05:39:27] *** Quits: QuietOne (Insekt@sorcery-295q56.pa.comcast.net) (Ping timeout: 121 seconds)
[05:40:12] *** Joins: QuietOne (Insekt@sorcery-295q56.pa.comcast.net)
[05:44:30] *** Quits: QuietOne (Insekt@sorcery-295q56.pa.comcast.net) (Ping timeout: 121 seconds)
[06:54:01] *** Quits: whoreface (drinkycrow@sorcery-7k7c12.il.comcast.net) (Ping timeout: 121 seconds)
[07:38:48] *** Joins: trapped (trapped@the.jade.cave)
[08:19:06] *** Joins: xanzul (xanzul@sorcery-laq2t9.va.comcast.net)
[09:03:42] *** Quits: trapped (trapped@the.jade.cave) (Connection closed)
[09:05:36] *** Quits: Rajoguna (Rajoguna@sorcery-n85.cpb.123.108.IP) (Connection closed)
[09:05:57] *** Joins: Rajoguna (Rajoguna@sorcery-n85.cpb.123.108.IP)
[09:06:57] *** Joins: Rajoguna_ (Rajoguna@sorcery-n85.cpb.123.108.IP)
[09:06:57] *** Quits: Rajoguna (Rajoguna@sorcery-n85.cpb.123.108.IP) (Connection closed)
[09:21:19] *** Joins: Eugenios (Eugenios@sorcery-qlih83.ca.charter.com)
[09:24:21] *** Quits: Rajoguna_ (Rajoguna@sorcery-n85.cpb.123.108.IP) (Connection closed)
[09:25:11] *** Joins: Rajoguna_ (Rajoguna@sorcery-n85.cpb.123.108.IP)
[10:11:57] *** Aria|away is now known as Aria
[10:13:08] *** Quits: Eugenios (Eugenios@sorcery-qlih83.ca.charter.com) (Quit: Leaving)
[10:13:18] *** Joins: Eugenios (Eugenios@sorcery-qlih83.ca.charter.com)
[10:28:00] *** Quits: Eugenios (Eugenios@sorcery-qlih83.ca.charter.com) (Quit: Leaving)
[10:40:37] *** Quits: xanzul (xanzul@sorcery-laq2t9.va.comcast.net) (Ping timeout: 121 seconds)
[12:05:57] *** Joins: trapped (trapped@the.jade.cave)
[12:24:48] *** Joins: Sutch (Sutch@sorcery-c7nn3k.range86-142.btcentralplus.com)
[12:24:48] *** Quits: Sutch (Sutch@sorcery-c7nn3k.range86-142.btcentralplus.com) (Changing host)
[12:24:48] *** Joins: Sutch (Sutch@the.ebony.tower)
[12:30:09] *** Aria is now known as Aria|away
[13:19:20] *** Aria|away is now known as Aria
[14:36:54] *** Aria is now known as Aria|away
[15:07:26] *** Joins: whoreface (drinkycrow@sorcery-7k7c12.il.comcast.net)
[15:49:37] *** Quits: Sutch (Sutch@the.ebony.tower) (Quit: -)
[15:53:28] *** Quits: whoreface (drinkycrow@sorcery-7k7c12.il.comcast.net) (Ping timeout: 121 seconds)
[17:01:26] *** Aria|away is now known as Aria
[17:10:01] *** Joins: VerifiedShitlady (pomegranate@sorcery-m11ng3.2b4f.q9k6.fb90.2607.IP)
[18:51:24] *** Joins: whoreface (drinkycrow@sorcery-7k7c12.il.comcast.net)
[19:15:28] *** Quits: VerifiedShitlady (pomegranate@sorcery-m11ng3.2b4f.q9k6.fb90.2607.IP) (Quit: I meant it when I said I wanna get well!)
[19:31:17] *** Aria is now known as Aria|away
[19:35:28] *** Quits: whoreface (drinkycrow@sorcery-7k7c12.il.comcast.net) (Ping timeout: 121 seconds)
[19:44:13] *** Joins: CyanWaters (CyanWaters@sorcery-ge2i8t.or.frontiernet.net)
[19:44:42] <CyanWaters> Hey all. How have you been?
[19:53:17] *** Quits: CyanWaters (CyanWaters@sorcery-ge2i8t.or.frontiernet.net) (Quit: SorceryNet Kiwi WebChat)
[19:55:03] *** Joins: CyanWaters (CyanWaters@sorcery-ge2i8t.or.frontiernet.net)
[20:00:25] *** Quits: CyanWaters (CyanWaters@sorcery-ge2i8t.or.frontiernet.net) (Quit: SorceryNet Kiwi WebChat)
[20:18:09] *** Joins: VerifiedShitlady (pomegranate@sorcery-m11ng3.2b4f.q9k6.fb90.2607.IP)
[20:40:40] *** Joins: Woxxy (Woxxy@MEOW.MEOW.MEOW)
[20:41:05] <VerifiedShitlady> Woxxy: :D
[20:41:33] <Woxxy> Pommy c:
[20:41:37] <Woxxy> https://www.reddit.com/r/occult/comments/4fbpr5/krishna_said_to_share/
[20:43:37] <VerifiedShitlady> Woxxy
[20:44:02] <Woxxy> pommy
[20:44:22] <VerifiedShitlady> My apartment passed inspection
[20:44:26] <Woxxy> o:
[20:44:29] <Woxxy> Idk what that means
[20:44:31] <Woxxy> but yay!
[20:44:32] <Woxxy> c:
[20:44:41] <VerifiedShitlady> It means it's livable
[20:44:48] <Woxxy> o:
[20:44:54] <VerifiedShitlady> YAY
[20:44:59] <Woxxy> It's always good to live in a place that's livable :P
[20:45:03] <Woxxy> Congrats c::::
[20:45:11] <VerifiedShitlady> Ty
[20:45:42] <Woxxy> What would have made it non-livable o:?
[20:45:54] <Woxxy> If you lived in the sewer :P?
[20:46:21] <VerifiedShitlady> If the lights didn't work
[20:46:24] <VerifiedShitlady> Or that
[20:46:55] <Woxxy> oh lol
[20:47:14] <Woxxy> Do you need lights to live o:?
[20:47:18] <Woxxy> What if you're blind
[20:47:27] <Woxxy> or allergic o:::
[20:47:35] <VerifiedShitlady> WHATCHA DOIN EATIN CHOCOLATE WHERE'D YA FIND IT HORSIE DROPPED IT WHERE'D HE DROP IT IN THE SEWER WHATCHA CALL IT HORSE MANURE
[20:47:55] <Woxxy> That confused me in multiple dimensions
[20:47:57] <Woxxy> c::
[20:48:06] <VerifiedShitlady> Also, allergic to light bulbs?
[20:48:15] <Woxxy> to light 
[20:48:18] <Woxxy> :P
[20:48:34] <Woxxy> I bet someone in the world is allergic to light
[20:48:38] <Woxxy> there's always someone
[20:51:40] *** Joins: Eugenios (Eugenios@sorcery-hvemon.ca.charter.com)
[20:53:10] <Eugenios> Hello
[20:58:43] <VerifiedShitlady> Woxxy: true
[20:58:54] <VerifiedShitlady> My mom is allergic to the sun
[20:59:33] <VerifiedShitlady> Hey Eugenios 
[21:04:00] <Eugenios> Hey VerifiedShitlady 
[21:35:58] <VerifiedShitlady> Woxxy: 
[21:37:05] <VerifiedShitlady> Watcha doing? Eating chocolate. Where'd you find it? Horsie dropped it. Where'd he drop it? In the sewer. Watcha call it? Horse manure
[21:37:49] * VerifiedShitlady sings
[21:53:15] <VerifiedShitlady> That my friend was the highlight of my elementary school existence
[21:53:44] * Herod pokes VerifiedShitlady
[21:54:14] * VerifiedShitlady gives Herod some chocolate
[22:13:34] <VerifiedShitlady> FFDoftheTrumpCLan: 
[23:27:37] *** Quits: Rajoguna_ (Rajoguna@sorcery-n85.cpb.123.108.IP) (Ping timeout: 121 seconds)
[23:37:18] *** Quits: VerifiedShitlady (pomegranate@sorcery-m11ng3.2b4f.q9k6.fb90.2607.IP) (Quit: I meant it when I said I wanna get well!)
[23:45:52] *** Joins: Rajoguna_ (Rajoguna@sorcery-jfk.jjs.101.108.IP)
