[00:04:48] *** Joins: Edward (Edward@my.vhost)
[00:06:13] *** Quits: Edward (Edward@my.vhost) (Quit: Leaving)
[00:06:21] *** Joins: Edward (Edward@my.vhost)
[00:18:04] *** Quits: IronElk (AndChat1557@sorcery-e14r6j.bl3e.7vlk.0380.2600.IP) (Quit: Bye)
[00:55:44] *** Joins: Voltzen (Ouroboros@sorcery-295q56.pa.comcast.net)
[00:58:36] *** Quits: trapped (trapped@the.jade.cave) (Quit: 2hi)
[01:41:57] *** Quits: Pomegranate (pomegranate@Fruit.of.Death) (Quit: I meant it when I said I wanna get well!)
[01:48:45] *** Quits: Edward (Edward@my.vhost) (Quit: Leaving)
[02:01:15] *** Joins: Rajoguna (Rajoguna@sorcery-lmk.576.120.108.IP)
[02:02:45] *** Quits: Rajoguna (Rajoguna@sorcery-lmk.576.120.108.IP) (Quit: Leaving)
[02:02:56] *** Joins: Rajoguna (Rajoguna@sorcery-lmk.576.120.108.IP)
[02:04:26] *** Quits: Rajoguna (Rajoguna@sorcery-lmk.576.120.108.IP) (Connection closed)
[02:11:29] *** Joins: Rajoguna (Rajoguna@sorcery-7k8.otb.123.108.IP)
[02:23:54] *** Quits: Rajoguna (Rajoguna@sorcery-7k8.otb.123.108.IP) (Ping timeout: 121 seconds)
[02:54:19] *** Joins: Rajoguna (Rajoguna@sorcery-ei5.q2p.100.108.IP)
[03:51:14] *** Quits: Eugenios (Eugenios@sorcery-hvemon.ca.charter.com) (Quit: Leaving)
[03:52:04] *** Quits: Voltzen (Ouroboros@sorcery-295q56.pa.comcast.net) (Ping timeout: 121 seconds)
[03:52:14] *** Quits: QuietOne (Insekt@sorcery-295q56.pa.comcast.net) (Ping timeout: 121 seconds)
[03:57:22] *** Joins: QuietOne (Insekt@sorcery-295q56.pa.comcast.net)
[04:13:07] *** Joins: whoreface (drinkycrow@sorcery-7k7c12.il.comcast.net)
[04:15:14] *** Quits: QuietOne (Insekt@sorcery-295q56.pa.comcast.net) (Ping timeout: 121 seconds)
[04:17:36] *** Joins: xanzul (xanzul@sorcery-laq2t9.va.comcast.net)
[04:46:03] *** Joins: QuietOne (Insekt@sorcery-295q56.pa.comcast.net)
[04:47:15] *** Quits: whoreface (drinkycrow@sorcery-7k7c12.il.comcast.net) (Ping timeout: 121 seconds)
[04:50:11] *** Quits: QuietOne (Insekt@sorcery-295q56.pa.comcast.net) (Ping timeout: 121 seconds)
[05:02:45] *** Joins: QuietOne (Insekt@sorcery-295q56.pa.comcast.net)
[05:54:18] *** Quits: QuietOne (Insekt@sorcery-295q56.pa.comcast.net) (Ping timeout: 121 seconds)
[05:55:19] *** Joins: QuietOne (Insekt@sorcery-295q56.pa.comcast.net)
[06:34:18] *** Quits: QuietOne (Insekt@sorcery-295q56.pa.comcast.net) (Ping timeout: 121 seconds)
[06:35:49] *** Joins: QuietOne (Insekt@sorcery-295q56.pa.comcast.net)
[10:41:14] *** Joins: trapped (trapped@the.jade.cave)
[11:51:53] *** Quits: xanzul (xanzul@sorcery-laq2t9.va.comcast.net) (Quit: )
[13:09:18] *** Aria|away is now known as Aria
[13:16:45] *** Aria is now known as Aria|away
[13:36:41] *** Aria|away is now known as Aria
[13:40:30] *** Aria is now known as Aria|away
[13:44:20] *** Aria|away is now known as Aria
[13:47:27] *** Aria is now known as Aria|away
[13:48:52] *** Aria|away is now known as Aria
[14:02:27] *** Aria is now known as Aria|away
[14:28:39] *** Aria|away is now known as Aria
[14:29:23] *** Aria is now known as Aria|away
[14:34:51] *** Aria|away is now known as Aria
[17:42:30] *** Quits: Rajoguna (Rajoguna@sorcery-ei5.q2p.100.108.IP) (Connection closed)
[17:42:57] *** Joins: Rajoguna (Rajoguna@sorcery-ei5.q2p.100.108.IP)
[17:43:11] *** Quits: Rajoguna (Rajoguna@sorcery-ei5.q2p.100.108.IP) (Quit: Leaving)
[17:55:49] *** Joins: Sutch (Sutch@sorcery-c7nn3k.range86-142.btcentralplus.com)
[17:55:49] *** Quits: Sutch (Sutch@sorcery-c7nn3k.range86-142.btcentralplus.com) (Changing host)
[17:55:49] *** Joins: Sutch (Sutch@the.ebony.tower)
[18:14:13] *** Joins: VerifiedShitlady (pomegranate@sorcery-esp4n5.039s.5s7e.0306.2602.IP)
[18:14:23] <VerifiedShitlady> Afternoon
[19:41:55] *** Aria is now known as Aria|away
[19:54:19] *** Aria|away is now known as Aria
[19:55:14] *** Joins: Set (Insekt@sorcery-295q56.pa.comcast.net)
[19:57:49] *** Quits: QuietOne (Insekt@sorcery-295q56.pa.comcast.net) (Ping timeout: 121 seconds)
[20:00:57] *** Quits: David (David@the.ivory.tower) (Ping timeout: 121 seconds)
[20:03:45] *** Joins: David (David@the.ivory.tower)
[20:04:07] *** Joins: pomm (pomegranate@sorcery-mblpd1.cg8t.cs5e.fb90.2607.IP)
[20:07:40] *** Quits: VerifiedShitlady (pomegranate@sorcery-esp4n5.039s.5s7e.0306.2602.IP) (Ping timeout: 121 seconds)
[20:18:36] *** Quits: David (David@the.ivory.tower) (Connection closed)
[20:31:10] *** Joins: David (David@the.ivory.tower)
[21:41:45] *** Quits: pomm (pomegranate@sorcery-mblpd1.cg8t.cs5e.fb90.2607.IP) (Quit: I meant it when I said I wanna get well!)
[21:58:13] *** Aria is now known as Aria|away
[22:22:51] *** Aria|away is now known as Aria
[23:14:14] *** Joins: VerifiedShitlady (pomegranate@sorcery-esp4n5.039s.5s7e.0306.2602.IP)
[23:14:42] <VerifiedShitlady> Hi
[23:23:48] *** Quits: VerifiedShitlady (pomegranate@sorcery-esp4n5.039s.5s7e.0306.2602.IP) (Ping timeout: 121 seconds)
[23:24:27] *** Joins: VerifiedShitlady (pomegranate@sorcery-esp4n5.039s.5s7e.0306.2602.IP)
[23:28:47] *** Joins: Rajoguna (Rajoguna@sorcery-n85.cpb.123.108.IP)
