[00:40:20] *** Joins: whoreface (drinkycrow@sorcery-7k7c12.il.comcast.net)
[00:40:34] <Cetu> whoreface: 
[00:42:44] <Cetu> whoreface: 
[00:42:46] <Cetu> whoreface: 
[01:09:00] *** Quits: trapped (trapped@the.jade.cave) (Connection closed)
[02:14:07] *** Quits: Cetu (fleff@sorcery-e88a8q.ad8p.ni97.fb90.2607.IP) (Connection closed)
[03:00:48] *** Aria is now known as Aria|disconnected
[03:09:30] *** Joins: Cetu (fleff@sorcery-e88a8q.ad8p.ni97.fb90.2607.IP)
[04:04:54] *** Quits: Sutch (Sutch@the.ebony.tower) (Quit: -)
[04:24:12] *** Joins: Rajoguna (Rajas@sorcery-k79.tfp.123.108.IP)
[04:24:59] <Cetu> Rajoguna: 
[04:25:08] <Rajoguna> does anyone know anything about jimson weed
[04:25:11] *** Rajoguna is now known as Guest11882
[04:25:30] *** Guest11882 is now known as Rajoguna
[04:26:01] <Cetu> Rajoguna: is there a deity of masturbation in Hinduism
[04:26:17] <Rajoguna> not really
[04:27:12] <Cetu> Damnit
[04:27:48] <Rajoguna> this plant i need to know
[04:45:53] *** Joins: Eugenios (Eugenios@sorcery-hvemon.ca.charter.com)
[04:56:49] *** Quits: Cetu (fleff@sorcery-e88a8q.ad8p.ni97.fb90.2607.IP) (Quit: ordered to bed. good night :))
[05:04:33] *** Quits: whoreface (drinkycrow@sorcery-7k7c12.il.comcast.net) (Ping timeout: 121 seconds)
[05:05:10] *** Quits: David (David@the.ivory.tower) (Ping timeout: 121 seconds)
[05:20:30] *** Joins: David (David@the.ivory.tower)
[05:22:09] *** Quits: Rajoguna (Rajas@sorcery-k79.tfp.123.108.IP) (Ping timeout: 121 seconds)
[05:35:14] *** Joins: Rajoguna (Rajas@sorcery-k79.tfp.123.108.IP)
[05:38:56] *** Joins: whoreface (drinkycrow@sorcery-7k7c12.il.comcast.net)
[05:41:39] *** Quits: Rajoguna (Rajas@sorcery-k79.tfp.123.108.IP) (Ping timeout: 121 seconds)
[06:54:13] *** Quits: David (David@the.ivory.tower) (Ping timeout: 121 seconds)
[07:04:37] *** Joins: David (David@the.ivory.tower)
[07:33:00] *** Quits: whoreface (drinkycrow@sorcery-7k7c12.il.comcast.net) (Ping timeout: 121 seconds)
[07:49:10] *** Quits: Eugenios (Eugenios@sorcery-hvemon.ca.charter.com) (Quit: Leaving)
[08:22:25] *** Joins: Eugenios (Eugenios@sorcery-qlih83.ca.charter.com)
[09:51:13] *** Joins: Edward (Edward@my.vhost)
[09:51:56] *** Quits: Edward (Edward@my.vhost) (Connection closed)
[10:15:25] *** Joins: Rajoguna (Rajas@sorcery-ch2.b6b.100.108.IP)
[13:05:34] *** Quits: Rajoguna (Rajas@sorcery-ch2.b6b.100.108.IP) (Quit: Leaving)
[13:56:26] *** Joins: Cetu (fleff@sorcery-e88a8q.ad8p.ni97.fb90.2607.IP)
[14:02:15] *** Joins: trapped (trapped@the.jade.cave)
[14:07:42] *** Quits: Eugenios (Eugenios@sorcery-qlih83.ca.charter.com) (Quit: Leaving)
[15:05:50] *** Quits: Cetu (fleff@sorcery-e88a8q.ad8p.ni97.fb90.2607.IP) (Connection closed)
[15:16:09] *** Joins: whoreface (drinkycrow@sorcery-7k7c12.il.comcast.net)
[15:35:30] *** Joins: Sutch (Sutch@the.ebony.tower)
[15:54:11] *** Quits: whoreface (drinkycrow@sorcery-7k7c12.il.comcast.net) (Ping timeout: 121 seconds)
[16:05:39] *** Joins: Cetu (fleff@sorcery-jc3h2c.l0ob.ikq1.fb90.2607.IP)
[16:05:48] <Cetu> Where is elk
[16:13:33] *** Aria|disconnected is now known as Aria
[16:13:45] <Cetu> Hey Aria 
[16:14:17] <Aria> hi Cetu ^^
[17:31:55] *** Quits: Cetu (fleff@sorcery-jc3h2c.l0ob.ikq1.fb90.2607.IP) (Quit: ordered to bed. good night :))
[18:49:59] *** Joins: whoreface (drinkycrow@sorcery-7k7c12.il.comcast.net)
[19:48:01] *** Quits: whoreface (drinkycrow@sorcery-7k7c12.il.comcast.net) (Ping timeout: 121 seconds)
[21:21:33] *** Aria is now known as Aria|disconnected
[21:53:12] *** Joins: xanzul (xanzul@sorcery-laq2t9.va.comcast.net)
[22:07:08] *** Quits: xanzul (xanzul@sorcery-laq2t9.va.comcast.net) (Quit: )
[22:35:53] *** Aria|disconnected is now known as Aria
[23:51:53] *** Quits: trapped (trapped@the.jade.cave) (Connection closed)
[23:54:44] *** Joins: xanzul (xanzul@sorcery-hu5e3f.va.comcast.net)
