[00:02:30] <Sutch> lole
[00:02:32] <Sutch> gimme that juicy drama
[01:05:35] *** Joins: whoreface (drinkycrow@sorcery-7k7c12.il.comcast.net)
[01:09:06] *** Quits: trapped_ (trapped@the.jade.cave) (Connection closed)
[01:55:13] *** Joins: Edward (Edward@my.vhost)
[01:57:06] *** Quits: Edward (Edward@my.vhost) (Quit: Leaving)
[01:57:33] <Pomegranate> He promoted his own agenda
[01:57:38] <Pomegranate> That rivals mine
[02:10:39] *** Joins: Rajoguna (Rajas@sorcery-tgd.lo7.115.108.IP)
[02:22:08] *** Quits: Sutch (Sutch@the.ebony.tower) (Quit: -)
[02:36:31] <Pomegranate> Rajoguna: 
[02:36:38] <Rajoguna> hm?
[02:36:44] <Pomegranate> Hi
[02:37:22] <Rajoguna> hi
[02:37:34] <Rajoguna> id say more but im pretty tireed
[03:33:48] <Pomegranate> I had sex
[04:36:15] *** Joins: Edward (Edward@my.vhost)
[05:08:31] *** Joins: North (North@sorcery-tp19mp.dsl.bell.ca)
[05:11:46] *** Parts: North (North@sorcery-tp19mp.dsl.bell.ca) ("")
[05:55:36] *** Joins: Eugenios (Eugenios@sorcery-hvemon.ca.charter.com)
[06:02:41] *** Quits: xanzul- (xanzul@sorcery-laq2t9.va.comcast.net) (Ping timeout: 121 seconds)
[07:32:54] *** Quits: Edward (Edward@my.vhost) (Quit: Leaving)
[07:42:02] *** Quits: Eugenios (Eugenios@sorcery-hvemon.ca.charter.com) (Quit: Leaving)
[07:45:42] *** Quits: whoreface (drinkycrow@sorcery-7k7c12.il.comcast.net) (Ping timeout: 121 seconds)
[08:33:28] *** Joins: trapped (trapped@the.jade.cave)
[08:45:20] *** Joins: lambda78 (jackbiscuit@sorcery-qoa.l5a.237.209.IP)
[08:45:20] *** Quits: discojack (jackbiscuit@sorcery-qoa.l5a.237.209.IP) (Connection closed)
[08:52:34] *** Quits: EronGari (Eron@c280.merc.benz) (Ping timeout: 121 seconds)
[10:48:59] *** Joins: EronGari (Eron@c280.merc.benz)
[11:30:22] *** Joins: Rajoguna_ (Rajas@sorcery-tgd.lo7.115.108.IP)
[11:30:24] *** Quits: Rajoguna (Rajas@sorcery-tgd.lo7.115.108.IP) (Connection closed)
[11:30:51] *** Rajoguna_ is now known as Rajoguna
[11:44:51] *** Quits: Rajoguna (Rajas@sorcery-tgd.lo7.115.108.IP) (Connection closed)
[11:45:07] *** Joins: Rajoguna (Rajas@sorcery-tgd.lo7.115.108.IP)
[12:25:44] *** Quits: Pomegranate (pomegranate@Fruit.of.Death) (Quit: I meant it when I said I wanna get well!)
[13:34:09] *** Quits: Rajoguna (Rajas@sorcery-tgd.lo7.115.108.IP) (Connection closed)
[13:34:50] *** Joins: Rajoguna (Rajas@sorcery-tgd.lo7.115.108.IP)
[13:48:53] *** Joins: VerifiedShitlady (pomegranate@sorcery-njged8.ru38.u3u3.fb90.2607.IP)
[13:49:01] <VerifiedShitlady> Hey 
[13:51:42] *** Joins: Sutch (Sutch@sorcery-c7nn3k.range86-142.btcentralplus.com)
[13:51:42] *** Quits: Sutch (Sutch@sorcery-c7nn3k.range86-142.btcentralplus.com) (Changing host)
[13:51:42] *** Joins: Sutch (Sutch@the.ebony.tower)
[13:54:49] <VerifiedShitlady> Hi Sutch 
[14:55:45] *** Joins: whoreface (drinkycrow@sorcery-7k7c12.il.comcast.net)
[14:58:47] <VerifiedShitlady> Hey whoreface 
[15:47:49] *** Quits: whoreface (drinkycrow@sorcery-7k7c12.il.comcast.net) (Ping timeout: 121 seconds)
[15:52:58] *** Quits: Rajoguna (Rajas@sorcery-tgd.lo7.115.108.IP) (Connection closed)
[16:56:41] *** Joins: Rajoguna (Rajas@sorcery-5hf.lbq.120.108.IP)
[17:50:13] *** Quits: VerifiedShitlady (pomegranate@sorcery-njged8.ru38.u3u3.fb90.2607.IP) (Connection closed)
[17:50:14] *** Joins: pomm (pomegranate@sorcery-c0h.ohg.56.172.IP)
[18:08:59] *** Quits: pomm (pomegranate@sorcery-c0h.ohg.56.172.IP) (Connection closed)
[18:08:59] *** Joins: VerifiedShitlady (pomegranate@sorcery-njged8.ru38.u3u3.fb90.2607.IP)
[18:20:34] *** Quits: VerifiedShitlady (pomegranate@sorcery-njged8.ru38.u3u3.fb90.2607.IP) (Quit: I meant it when I said I wanna get well!)
[19:00:09] *** Joins: whoreface (drinkycrow@sorcery-7k7c12.il.comcast.net)
[19:38:12] *** Quits: whoreface (drinkycrow@sorcery-7k7c12.il.comcast.net) (Ping timeout: 121 seconds)
[19:43:18] *** Quits: Rajoguna (Rajas@sorcery-5hf.lbq.120.108.IP) (Connection closed)
[19:45:50] *** Joins: Rajoguna (Rajas@sorcery-5hf.lbq.120.108.IP)
[20:54:42] *** Joins: Edward (Edward@my.vhost)
[21:15:50] *** Quits: Rajoguna (Rajas@sorcery-5hf.lbq.120.108.IP) (Ping timeout: 121 seconds)
[21:38:37] *** Joins: Rajoguna (Rajas@sorcery-pq2.ubu.120.108.IP)
[22:58:55] *** Quits: Edward (Edward@my.vhost) (Quit: Leaving)
[23:15:36] *** Joins: VerifiedShitlady (pomegranate@sorcery-va8ofc.1j01.9iob.fb90.2607.IP)
