[00:26:00] *** Quits: har (har@sorcery-ega3j0.dynamic.ziggo.nl) (Quit: )
[01:02:06] *** Joins: japio (Japio@sorcery-gvcm7d.adsl-surfen.hetnet.nl)
[01:02:06] *** ChanServ sets mode: +o japio
[01:08:40] <japio> iets met oogjes dicht en snaveltjes toe
[01:08:45] <japio> slaap lekker
[12:00:55] <japio> wakkerrrrr
[12:25:59] *** Quits: japio (Japio@sorcery-gvcm7d.adsl-surfen.hetnet.nl) (Quit: Geen paniek, Ik drukte op het verkeerde kruisje..)
[12:30:38] *** Joins: japio (Japio@sorcery-gvcm7d.adsl-surfen.hetnet.nl)
[12:30:38] *** ChanServ sets mode: +o japio
[15:57:35] <NBK> oioio
[15:57:47] <NBK> 3x raden wat ze bij de buren aan het doen zijn :D
[16:02:00] <NBK> http://www.nbkonline.nl/Temp/DSC_0300.JPG
[16:02:05] <NBK> riool zit verstopt :)
[16:02:11] <NBK> dit keer van de overburen
[16:02:21] <NBK> zelfde probleem als ik had
[16:23:14] <japio> waar hebben ze um gelaten dan??
[17:38:52] <kuuke> Thuis
[17:38:53] <kuuke> !
[17:38:55] <kuuke> ?
[17:40:28] <japio> mietoe
[17:40:33] <japio> pizza tijd
[17:48:30] <kuuke> even de nas bijwerken met nieuwe bugs
[17:49:09] *** Quits: kuuke (819323@sorcery-ck4ie7.dynamic.ziggo.nl) (Quit: ZNC - http://znc.in)
[17:52:58] *** Joins: kuuke (819323@sorcery-ck4ie7.dynamic.ziggo.nl)
[17:52:59] *** ChanServ sets mode: +o kuuke
[18:02:19] <japio> sooow dat was de pizza
[19:18:47] <japio> soow alleen maandag ff andere accu in me werklappert en dan zijn de lappertS weer up to date
[19:19:09] <japio> weer un puntje van me toedoelijstje afvinken
[19:19:13] <japio> tuin is klaar
[19:19:31] <japio> nieuwe werkhoeven met stalen neuzen gekocht
[19:19:53] <japio> me vrijetijdsschoenen naadje dicht laten naaien
[19:20:17] <japio> blijven er nog 6 items over
[19:20:25] <japio> maar dat zijn redelijke grote
[19:48:31] *** Joins: CloudBot (Cloudbot@sorcery-hkpjep.dynamic.ziggo.nl)
[20:45:22] <kuuke> http://www.volkskrant.nl/sport/nederlandse-judoka-van-emden-wint-brons-op-ek~a4287821/
[20:45:28] <kuuke> je zou zeggen dat het een vent is
[20:50:51] <japio> gheghe
[20:50:57] <NBK> kwenie, nog steeds 2 bulten voorop
[20:51:10] <NBK> mar sowieso is ze lelijk ..
[20:51:13] <japio> nou erwtjes op un plankie hoor
[20:51:22] <kuuke> die eerste foto bedoel ik
[20:51:28] <kuuke> nis, google heeft betaald
[20:51:38] <kuuke> alles dus en niet alleen de eerste 70 euro
[20:54:58] <NBK> nice
[20:55:06] <NBK> je kunt nu dus een 2e huis gaan kopen?
[20:55:15] <japio> van lego
[20:58:19] <kuuke> jup
[20:59:57] <NBK> duplo bouwd sneller
[21:00:07] <NBK> bouwt ook...
[21:00:25] <japio> je heb ook van die bouwsteentjes van 3 bij 3 cm
[21:00:35] <japio> nou dan bouw je een flat in no-time
[21:02:53] <kuuke> duplo is rommel
[21:03:26] <Henk> apenvolk
[21:03:28] <Henk> HUUB
[21:03:29] <Henk> WALTER
[21:03:31] <Henk> JAAP
[21:03:32] <Henk> WALTER
[21:03:35] <Henk> BAS
[21:03:36] <japio> henkos
[21:03:38] <Henk> PETER
[21:03:41] <Henk> arme jaap :( 
[21:03:43] <japio> we waren bezorgt
[21:03:44] <Henk> weer geen lintje
[21:03:47] <Henk> want
[21:03:57] <japio> nou prins overleden
[21:04:13] * Henk heeft zijn nieuwe reporterset binnen :) geweldig 
[21:04:24] <Henk> werkt met de mobiel en de app lucy live
[21:04:32] <Henk> externe microfoon
[21:04:38] <Henk> wat een superding
[21:04:49] <Henk> http://www.luci.eu/?page_id=15
[21:05:25] <Henk> dus nu gewoon zonder de baggerkwaliteit van de mobiel maar wel met studiokwaliteit geluid direct in de uitzending bij NH 
[21:05:45] <Henk> alleen een pleuriswerk om die app juist in te stellen
[21:06:37] <Henk> !wp
[21:06:37] <CloudBot> (Henk) Whatpulse De Apen - http://www.grandmasg.nl/WPNEW/#/daily/offset=0/team=deapen
[21:06:52] <Henk> oke
[21:06:57] <Henk> pjotmans 
[21:07:03] * Henk heeft van de week al geflushed
[21:07:19] <Henk> de 19e
[21:08:55] <Henk> kloteweer op koningsdag :( en ik mag / moet dus live verslag doen in Westfriesland van die handel , dikke jas maar aan doen
[21:09:39] <japio> ik las vanmiddag dat het weer tijdens koningsdag nog best mee zal vallen
[21:09:53] <Henk> 8 graden?
[21:09:56] <Henk> meevallen?
[21:09:58] <Henk> onweer?
[21:10:02] <Henk> ja valt mee ja
[21:11:40] <Henk> sloopte dus alleen vanmiddag de NH-plopkap :) met spoed nieuwe besteld, zondag al nodig
[21:15:17] <Henk> hmm doods hier. ga ik ook weer weg.. ff douchen en dan maffen. weer vroeg beginnen vannacht. 
[21:15:20] <Henk> o/
[21:52:41] <japio> jah
[22:33:14] <japio> is trr een vuurvreter bij hgt en vraagt de jury kan het nog uitgebreider... jah zegt gordon... een crematie
[23:17:47] *** Joins: har (har@sorcery-ega3j0.dynamic.ziggo.nl)
[23:17:47] *** ChanServ sets mode: +o har
[23:29:00] <japio> wijntjeeeeee?
[23:50:17] *** Quits: japio (Japio@sorcery-gvcm7d.adsl-surfen.hetnet.nl) (Quit: Geen paniek, Ik drukte op het verkeerde kruisje..)
[23:55:59] *** Quits: har (har@sorcery-ega3j0.dynamic.ziggo.nl) (Quit: )
