[00:02:39] <Grubeater> Alle bloemen bezorgd?
[04:47:31] *** Joins: Grandmasg1 (ik@sorcery-hkpjep.dynamic.ziggo.nl)
[04:49:58] *** Quits: Grandmasg (ik@sorcery-hkpjep.dynamic.ziggo.nl) (Ping timeout: 121 seconds)
[04:50:00] *** Grandmasg1 is now known as Grandmasg
[07:34:38] *** Quits: japio (Japio@sorcery-gvcm7d.adsl-surfen.hetnet.nl) (Quit: Geen paniek, Ik drukte op het verkeerde kruisje..)
[09:49:08] *** Joins: Grandmasg1 (ik@sorcery-hkpjep.dynamic.ziggo.nl)
[09:50:39] *** Quits: Grandmasg (ik@sorcery-hkpjep.dynamic.ziggo.nl) (Ping timeout: 121 seconds)
[09:50:47] *** Grandmasg1 is now known as Grandmasg
[09:50:49] *** Quits: CloudBot (Cloudbot@sorcery-hkpjep.dynamic.ziggo.nl) (Ping timeout: 121 seconds)
[17:21:44] <BaDu> mogge
[17:28:12] <Grubeater> Mogge.
[17:48:43] *** Joins: japio (Japio@sorcery-gvcm7d.adsl-surfen.hetnet.nl)
[17:48:43] *** ChanServ sets mode: +o japio
[17:48:52] <japio> thuihuissssss
[17:49:28] <Grubeater> Dat was je gisteren toch al Jaap?
[17:59:34] <japio> jah maar vandaag ook gewerkt
[18:00:35] <Grubeater> Kort ritje.
[18:00:48] <japio> vanmorgen om 7 uur was ik alweer op de zaak om behang troep van middenmeer naar raamsdonkveer te brengen en daarna een vracht bloemen van aalsmeer naar honselersdijk
[18:01:11] <japio> en nu een ruime week vrij
[18:10:08] *** Joins: PjoT (PjoT@sorcery-86v3aj.upc-i.chello.nl)
[18:10:08] *** ChanServ sets mode: +o PjoT
[18:14:25] <japio> peter!
[18:14:53] <PjoT> Jaap !
[18:14:56] <PjoT> al thuis ?
[18:15:22] <japio> jep net un klein uurtje
[18:15:28] <japio> weekie vrij nu
[18:16:20] <PjoT> ik moet nog een halve dag 
[18:16:25] <PjoT> en dan ook een week vrij
[18:17:41] <japio> lekker vooruitzicht he
[18:17:51] <japio> alleen twordt een regen weekje
[18:18:44] <PjoT> ja en een druk weekje 
[18:18:49] <PjoT> vol met verplichtingen 
[18:21:54] <PjoT> badkamer witten en verven 
[18:21:57] <PjoT> 1 pctje 
[18:22:06] <PjoT> tuinhek maken 
[18:22:12] <PjoT> dierentuin
[18:22:22] <PjoT> nieuw huis voor tebbus kopen
[18:22:44] <japio> jah ik heb ook een lijstje gemaakt
[18:22:53] <japio> moe nie gekker worre
[18:28:28] <PjoT> ow ja winterbanden wissel en de jaarbeurt 
[18:30:15] <japio> nu ff kijken hoe AZ het doet
[18:30:31] <japio> vitesse en utrecht hebben zich zelf al uitgeschakelt
[18:31:54] <PjoT> ja mooi eh 
[18:32:53] <PjoT> morgen alleen alv :( , hopelijk wel mijn laatste
[18:33:30] <PjoT> maar az heeft wel een makkelijkederede programma'
[18:34:26] <japio> jah klopt maar feyenoord hoeft maar 1 keer te winnen
[18:35:29] <PjoT> mogen zelf nog 1 x gelijk spelen
[18:35:37] <PjoT> maar er moet er 1 gewonnen worden'
[18:36:11] <japio> de beker mag ook
[18:36:16] <japio> das de snelste manier
[18:38:36] <PjoT> dat gaat spannend worden 
[18:40:31] <japio> jij had de kaartjes toch gekocht he
[18:40:53] <PjoT> euh 
[18:44:31] <PjoT> ik was effe bij het verkeerde loket dan
[18:44:44] <japio> nee he...
[18:44:49] <japio> heb ik nou aan jou
[18:45:07] <PjoT> niks 
[18:45:12] <PjoT> daarom ben ik ook aap 
[18:45:24] <PjoT> maar de lasange is wel bijna klaar
[18:45:26] <japio> speciaal een feyenoord vlag en sjaal enzo gekocht
[18:45:48] <PjoT> op de bank thuis zit je dan niet verkeerd
[18:45:51] <japio> aah das een hele troost
[18:46:57] <PjoT> zijn we echte bankzitters
[18:47:08] <japio> jah
[18:48:29] <PjoT> maar wel met echt bier iplv evenementenbier
[18:49:37] <japio> haha jah en dat aangelent met water
[18:51:55] <japio> soow de lintworm is ook weer gevoerd
[18:52:49] <PjoT> ik moet nog even wachten 
[18:52:57] <PjoT> de oven doet nog niet ping zeggen
[18:54:23] <japio> jah de mijne un half uurtje geleden al
[18:54:35] <japio> sjit az 0-1 voor
[19:00:19] <PjoT> cma-wil 1-1
[19:00:35] <PjoT> 1-1
[19:00:35] <japio> mjah die zijn niet zo belangrijk
[19:00:39] <PjoT> beugie
[19:00:41] <japio> hooguit voor hun zelf
[19:01:02] <japio> oooow zo mooi he
[19:02:35] <japio> az mag ook gelijk spelen vanaaf
[19:02:42] <japio> dan ist ook klaar
[19:05:01] <PjoT> effe eten
[19:05:05] <PjoT> de oven zei ping
[19:05:14] <japio> eetze
[19:05:24] <japio> ik ga ff klain boekje leze
[19:06:45] <BaDu> jaja je gaat gewoon slapen
[19:14:32] <Henk> prince dood :( 
[19:14:39] <Henk> 57 is tie geworden
[19:14:41] <Henk> CHANHASSEN, Minn. (AP) — Publicist: Pop music superstar Prince has died at his home in suburban Minneapolis.
[19:14:46] <Henk> ow japio 
[19:14:58] <Henk> je kan de 26 gewoon gaan werken
[19:15:06] <Henk> je bent weer geen ridder geworden :)
[19:21:55] <PjoT> bas !
[19:21:57] <PjoT> henk !
[19:22:01] <PjoT> zow het was lekker
[19:22:33] <PjoT> rip the artist formely known as prince
[19:32:54] <Henk> hoe vond je de foto's
[19:33:24] <PjoT> geweldig
[19:33:30] <PjoT> nogmaals dankje 
[19:33:50] <NBK> http://www.telegraaf.nl/prive/25649376/__Prince_overleden__.html
[19:33:52] <NBK> wtf
[19:34:20] <PjoT> hoi walter
[19:34:34] <Henk> walter wordt ook wakker
[19:34:41] <Henk> 19:14 < Henk> prince dood :(
[19:34:41] <Henk> 19:14 < Henk> 57 is tie geworden
[19:34:42] <Henk> 19:14 < Henk> CHANHASSEN, Minn. (AP) — Publicist: Pop music superstar Prince has died at his home in suburban Minneapolis.
[19:34:51] <PjoT> je heb ook traagapen eh henk 
[19:35:00] <Henk> blijkt
[19:35:04] <PjoT> apart ras is dat
[19:35:15] <NBK> ben net thuis
[19:35:22] * Henk heeft volgende week en de week daarna 3 opdrachten van de NOS , moet 3 rechtzaken verslaan :) 
[19:35:23] <PjoT> welkom thuis
[19:35:48] <Henk> NBK heeft traag internet, duurt bij hem altijd wat langer voor het nieuws binnen is :) 
[19:36:18] <NBK> het nieuws was al binnen
[19:36:21] <NBK> ik nog niet
[19:36:33] <NBK> http://www.nbkonline.nl/Weercam/index.php
[19:36:34] <Henk> NBK is dus de trage factor :)
[19:36:35] <NBK> hm..
[19:36:43] <NBK> moet dat ding echt eens open trekken
[19:36:46] <Henk> ramenlappen jij 
[19:36:52] <NBK> zit wat vocht in vermoet ik
[19:36:55] <NBK> vermoed ook
[19:37:35] <NBK> gaat mis als het buiten koud is maar het zonnetje nog hard genoeg schijnt om de cam te bakken
[19:38:04] <NBK> het glas voor de camera koelt dan af en precies in het midden onstaat condens
[19:38:46] <NBK> maar in principe kan er nergens vocht binnen komen
[19:38:58] <NBK> ding is helemaal waterdicht
[19:38:59] <PjoT> condens heet dat
[19:39:13] <NBK> ook condens moet eerst binnen komen
[19:39:31] <PjoT> want het ding is vacuum?
[19:39:36] <NBK> als er geen lucht van buiten naar binnen kan kan er ook geen vocht van buiten naar binnen
[19:39:39] <NBK> nee
[19:39:43] <NBK> gewoon 1 bar
[19:40:10] <NBK> gevult met gedroogde lucht 
[19:41:06] <NBK> en er zit ook nog een zakje droogparels in
[19:42:15] <japio> voorlopig gaat ut nog goed in adostad
[19:46:14] <NBK> ?
[19:46:23] <japio> 1-1
[19:52:56] <NBK> tegen wie?
[19:53:01] <NBK> en waarom is dat goed?
[19:53:02] <japio> AZ
[19:53:09] <NBK> volgens mij staan ze dan gelijk
[19:53:13] <NBK> dus gaat het niet goed
[19:53:13] <japio> klopt
[19:53:25] <japio> en lopen ze niet op feyenoord in
[19:53:38] <japio> mmm nu dus wel
[19:53:41] <japio> 1-2
[19:54:49] <PjoT> kudt
[19:56:53] <BaDu> zow even een filmpje gekeken
[19:57:03] <BaDu> (aan de binnenkant van mn ogen)
[19:58:17] <PjoT> goedemorgen dan maar
[19:59:05] <japio> aah jij ook bas
[19:59:15] <japio> zo'n filmpje is snel voorbij he
[20:02:38] <NBK> http://www.telegraaf.nl/buitenland/25649251/__Trump__Caitlyn_mag_op_elk_toilet__.html
[20:02:47] <NBK> dit is het eerste positieve wat ik over die man lees
[20:03:21] <japio> pfffffff
[20:03:22] <PjoT> haags kwartiertje
[20:03:29] <PjoT> hopelijk werkt het
[20:03:47] <japio> jah ik hoop ut ook
[20:03:54] <japio> ff beugie in stelling brengen
[20:12:11] <PjoT> en we hebben nog darten ook zo meteen
[20:12:17] <japio> oooowjah
[20:12:22] <PjoT> mvg - pw
[20:13:03] <japio> tis al bijna un uur aan de gang zie ik
[20:13:55] <japio> sooow omgeskakelt
[20:14:05] <japio> psies op tijd
[20:14:16] <PjoT> ja de asynchroontjes
[20:15:10] <PjoT> jeesus zo asynchroon
[20:15:36] <japio> heerlijk
[20:21:29] <japio> nee deze week lukt ut ff niet
[20:22:10] <japio> verschil is nu 4 punten met nog 2 wedstrijden te gaan
[20:23:09] <japio> of feyenoord moet zondag van utrecht winnen dan mogen ze de andere 2 wedstrijden van de competitie verliezen
[20:25:26] <PjoT> hij gaat lekker mvg
[20:25:40] <japio> 100% op de dubbel
[20:25:45] <japio> 4-1 voor
[20:25:51] <PjoT> 108 gemiddeld
[20:26:22] <BaDu> lekker hoor
[20:26:24] <japio> cascoine in de zaal... aan het infuus?
[20:26:47] <japio> slangetje rechtstreeks uit het vat
[20:26:48] <PjoT> lijntje
[20:26:55] <japio> zonder kraantje dr tussen
[20:31:22] <PjoT> 6-2
[20:34:03] <japio> en de 2 punten zijn binnen
[20:37:11] <PjoT> RvB
[20:37:28] <PjoT> maaar ook boeren zooi bij keuringsdienst van waarde
[20:37:42] <japio> mjah
[20:38:18] <japio> heb je internet heel dicht bij je?
[20:38:30] <japio> http://www.nosball.me/news/6896/PDC_Premier_League_Darts_---_NL.html
[20:38:30] <PjoT> ja want?
[20:43:39] <japio> daar heb ik geen kaas van gegeten hoor
[20:44:06] <PjoT> boeren kaas of van de boederij?
[20:51:22] <japio> jah das kaasie he
[20:52:39] <japio> whahahaha Lewis durfde niet omhoog te kijken toen hij de trap op liep
[20:52:53] <japio> ze heeft wel een bijzonder jurkje aan hoor
[21:01:41] <kuuke> Thuis!
[21:02:26] <PjoT> welkom thuis !
[21:03:06] <japio> weebee huub
[21:05:14] <kuuke> ty
[21:05:29] <kuuke> hmm, His Royal Badness is niet meer
[21:07:01] <PjoT> formely prince is idd formely
[21:07:53] <japio> barney 5-2
[21:09:45] <PjoT> eindelijk
[21:10:06] <PjoT> stond net al weer 3 pijlen te missen op een dubbel 9
[21:10:14] <japio> jah zonde he
[21:10:21] <kuuke> met een beetje mazzel morgen of zo een bericht van google dat ze na lange tijd weer eens ads uitbetalen
[21:10:27] <kuuke> 70 euro hoop ik te gaan vangen
[21:10:30] <japio> 1e puntje is binnen
[21:13:35] <PjoT> wat gaat het finishen slecht
[21:13:58] <japio> jah het 2e puntje maakt tie wel spannend hoor
[21:14:08] <japio> jesss
[21:14:12] <NBK> betaald google zo slecht huub?
[21:26:50] <kuuke> jup
[21:26:54] <kuuke> kommer en kwel
[21:27:04] <kuuke> meeste verdwijnt in hun eigen amerikaanse zakken
[21:27:28] <NBK> ja, dat sowieso
[21:27:52] <NBK> maar zijn ze ook zo moeilijk met het betalen van het deel wat wel naar jou hoort te gaan?
[21:32:32] <kuuke> geen idee
[21:32:43] <kuuke> heb niet veel ad inkomsten
[21:32:50] <kuuke> ze betalen er 70 euro uit
[21:33:17] <kuuke> ze googelen nog wat met de termijn van betalen om nog wat extra rente tetrekken
[21:33:26] <kuuke> dus deze maand zou het er van moeten gaan komen
[21:34:54] <kuuke> maar goed, ik ga weer afk
[21:35:05] <kuuke> was k*t-dag @ work
[21:35:13] <kuuke> geen goeie audit :|
[21:58:51] <NBK> ow
[21:58:57] <NBK> dat is niet zo mooi huub
[21:59:06] * NBK had vandaag ook weer gezeur op werk
[21:59:19] <NBK> ze willen dat ik beter ga speciiceren wat ik op kantoor doe
[21:59:43] <NBK> moet nu voor ieder kwartiertje dat ik ergens aan werk gaan bijhouden
[22:00:15] <NBK> dat betekend dus dat als ik een mailtje binnen krijg ik eerst een registratienummer moet aan laten maken
[22:00:40] <NBK> dat betekend dus dat ik nisk kan doen en me collega voor mij aan het werk moet (staat dus effectief 2 man stil)
[22:00:55] <NBK> vervolgens moet ik dat mailtje beantwoorden
[22:01:03] *** Joins: har (har@sorcery-ega3j0.dynamic.ziggo.nl)
[22:01:03] *** ChanServ sets mode: +o har
[22:01:07] <NBK> daarna de tijd invullen in me administratie
[22:01:23] <NBK> en op me kladblok voor me eigen administratie
[22:01:44] <NBK> om vervolgens weer aan me eigen werk te kunnen gaan..
[22:02:12] <NBK> als er vervolgens een reactie komt op die mail moet ik eerst het bijbehorende nummer opzoeken.
[22:02:35] <NBK> dan de mail beantwoorden en vervolgens weer de uren invullen
[22:08:37] <har> mogge
[22:13:10] <japio> moggu har
[22:13:18] <NBK> oi har :)
[22:17:52] <japio> 3-0
[22:21:34] <NBK> http://www.telegraaf.nl/tv/nieuws/binnenland/25601717/__Automobilist_speelt_eigen_rechter__.html
[22:21:38] <NBK> arg
[22:21:43] <NBK> waardeloos commentaar
[22:21:52] <NBK> die scooter op het laatst
[22:22:03] <NBK> iedereen gaat er vanuit dat  hij ervoor wil duiken
[22:22:18] <NBK> maar als je goed kijkt zie je dat hij op het laatst probeerd te remmen
[22:22:25] <NBK> en daardoor onderuit gaat
[22:23:10] <NBK> misschien had de scooterrijder verwacht dat de auto rechts af zou slaan en daardoor te laat begonnen met remmen
[22:23:11] <NBK> ?
[22:23:27] <NBK> 2 man op een scooter op nat wegdek remt sowieso niet best
[22:26:52] <japio> dat rechts inhalen op de vluchtstrook ook
[22:27:00] <japio> en het zijn ook altijd de zelfde
[22:27:18] <japio> die gassies met de witte auto's met blauwe strepen
[22:32:54] <NBK> blauwe en oranje strepen meestal
[22:33:16] <NBK> van die aggresief uitziende bakken..
[22:33:18] <japio> jah die jah
[22:33:29] <japio> je kent ze..
[22:33:29] <NBK> maar dat commentaar ook van die gast over dat invoegen
[22:33:41] <NBK> ja, je hoeft pas bij het bord in te voegen..
[22:33:45] <NBK> wettelijk gezien
[22:34:03] <japio> jah ik heb hem meerdere keren commentaar zien en horen geven
[22:34:06] <NBK> maar de overheid voert nu eenmaal campagne om iedereen 1 voor 1 in te laten voegen..
[22:34:12] <japio> die slaat de plank volledig mis
[22:34:21] <japio> die leeft een paar jaar achter
[22:34:24] <NBK> als er dan weer zon aso komt die dat niet doet verstoort dat het hele verhaal
[22:34:52] <NBK> door dat soort gasten kun je er niet op vertrouwen dat je er bij het bord tussen gelaten word
[22:35:04] <NBK> dus moet je maar eerder in gaan voegen
[22:35:10] <japio> kijk je kan sociaal zijn en zoeen voorlaten
[22:35:15] <NBK> waardoor het hele 1 voor 1 verhaal verstoord word
[22:35:16] <japio> maar ze rijden erop
[22:35:30] <NBK> ja
[22:35:32] <NBK> daarom
[22:35:44] <NBK> dus laat niemand je er meer tussen als je tot dat bord doorrijd
[22:35:54] <japio> gelukkig hebben wij grote spiegels en zien ze al aankomen
[22:36:01] <japio> jep
[22:36:06] <NBK> kun je vast naar links schuiven..
[22:36:23] <japio> door dat soort gassies staat een vrachtwagen volledig stil en trekt langzamer op
[22:36:30] <NBK> ja, precies
[22:36:41] <NBK> heb er ook een hekel aan :(
[22:37:07] <japio> ik heb een automaat met een soort van kickdown
[22:37:45] <japio> majah als ik met 30 ton aan lading rijd dan is accelereren niet snel hoor
[22:37:53] <NBK> maar als je het gat dicht rijd en daardoor even te laat ben met remmen omdat je voorganger plotseling in de ankers gaat dan ben je alsnog het haasje
[22:38:04] <japio> kijk en daar rekenen die gassie op
[22:38:23] <japio> mjah daarom rijden wij nooit op 1 lijn he
[22:38:39] <japio> proberen altijd de wagen ervoor te zien
[22:38:46] <NBK> mja
[22:39:14] <NBK> de laatste in het rijdje heeft daar toch moeite mee..
[22:39:19] <NBK> rijtje..
[22:39:43] <japio> tja vaak is a-sociaalmedia ook een boosdoener
[22:39:54] <japio> ff de foon sjekke enzo
[22:40:10] <japio> kijken naar de mooie mevrouw naast je
[22:40:23] <japio> gluren in de voiture
[22:42:59] <japio> .......De line-up van God Pop is nu toch wel zo'n beetje compleet of niet? Dan houden we Paul McCartney nog lekker even hier... 
[22:43:07] <japio> best wel een leuke twitter tekst
[22:46:42] <japio> ff peter wakker schudden
[22:48:57] <PjoT> ben dr
[22:49:03] <PjoT> laatste partij
[22:49:16] <japio> jep
[22:49:17] <PjoT> en ja ik zat te knikkenbollen
[22:49:25] <japio> jah zie je wel
[22:49:28] <PjoT> luchtkoppen
[22:49:35] <PjoT> of hoe je het noemen wil
[22:49:45] <japio> toetsenbordkoppen
[22:50:01] <japio> de letter H met je neus indrukken
[22:53:51] <PjoT> ooooohh
[22:56:11] <PjoT> tis drama op de dubbels
[22:58:49] <PjoT> ahhh
[22:58:57] <PjoT> tops tops
[23:00:55] <japio> de 2e partij op 1 avond is altijd minder he
[23:03:37] <japio> duss
[23:05:49] <japio> tis gewwon een afstraffing
[23:05:58] <japio> hij verdiende um niet
[23:07:04] <japio> puntje is binnen
[23:10:41] <PjoT> done
[23:10:46] <japio> en 2e puntje ook
[23:10:51] <PjoT> moeizaam hoor
[23:10:55] <japio> pffff twas een zware bevalling
[23:20:12] <PjoT> ik ga eens pitten
[23:20:23] <japio> jah truste peter
[23:20:32] <japio> ik keek ff naar me tedoen lijstje
[23:20:43] <japio> ik ga zondag maar gewoon werken denk ik
[23:20:49] <japio> dan heb ik het rustiger
[23:21:13] <PjoT> truste jaap
[23:21:20] *** Quits: PjoT (PjoT@sorcery-86v3aj.upc-i.chello.nl) (Quit: )
[23:22:41] * japio is ook ff weg
[23:22:45] *** Quits: japio (Japio@sorcery-gvcm7d.adsl-surfen.hetnet.nl) (Quit: Geen paniek, Ik drukte op het verkeerde kruisje..)
