[00:32:23] *** Quits: har (har@sorcery-ega3j0.dynamic.ziggo.nl) (Quit: )
[09:55:39] *** Quits: japio (Japio@sorcery-gvcm7d.adsl-surfen.hetnet.nl) (Quit: Geen paniek, Ik drukte op het verkeerde kruisje..)
[11:58:15] *** Joins: japio (Japio@sorcery-gvcm7d.adsl-surfen.hetnet.nl)
[11:58:16] *** ChanServ sets mode: +o japio
[12:23:12] *** Joins: Henk_in_de_rechtzaal (Henk_in_de_@sorcery-hlo.ss5.213.87.IP)
[12:23:16] <Henk_in_de_rechtzaal> gaap
[12:23:34] <Henk_in_de_rechtzaal> pff ze blokken hier irssi poort :(
[12:24:54] <Henk_in_de_rechtzaal> lekker ventje die terecht moet staan, jihadist.
[12:25:31] <Henk_in_de_rechtzaal> 'Elke cent die jullie in de strijdt tegen IS. stoppen, vermoorden wij 5 ongelovigen' .. dus het is maar dat je het weet
[12:26:46] *** Quits: Henk_in_de_rechtzaal (Henk_in_de_@sorcery-hlo.ss5.213.87.IP) (Quit: SorceryNet Kiwi WebChat)
[14:34:46] <japio> brrr ik heb begrepen dat het kledingadvies voor morgen is: pyama en 4 seizoenen dekbed
[14:35:48] <Grubeater> Met een zeiltje erover heen.
[14:38:33] <japio> nou dat hoeft binnen in bed niet hoor
[17:18:09] <japio> tis wat hei125
[17:18:26] <japio> heiig op de noordzee
[17:19:59] *** Joins: PjoT (PjoT@sorcery-86v3aj.upc-i.chello.nl)
[17:19:59] *** ChanServ sets mode: +o PjoT
[17:27:21] <japio> peter!
[17:29:40] <PjoT> jaap!
[17:34:24] <japio> gosh zelfs in de skuur om te skure wast koud
[17:36:31] <PjoT> nat koud 
[17:36:33] <PjoT> waait hard
[17:36:37] <PjoT> tis herfst
[17:37:44] <japio> was net ff naar de suup en me auto buitentempmeter gaf 3 graden aan
[17:39:30] <PjoT> ja we treffen het niet 
[17:39:45] *** Joins: Grandmasg1 (ik@sorcery-hkpjep.dynamic.ziggo.nl)
[17:40:30] <japio> ik hoop niet voor je dat petra besloten had dat je morgen achter een kraampje moet zitten om alle spulletjes die je op zolder over had te verkopen
[17:41:26] *** Quits: Grandmasg (ik@sorcery-hkpjep.dynamic.ziggo.nl) (Ping timeout: 121 seconds)
[17:41:34] *** Grandmasg1 is now known as Grandmasg
[17:41:41] *** Quits: CloudBot (Cloudbot@sorcery-hkpjep.dynamic.ziggo.nl) (Ping timeout: 121 seconds)
[17:42:47] <PjoT> nee ik mag binnen blijven met de kachel aan 
[17:42:55] <PjoT> krijg oo visite
[17:43:24] <japio> juiste kleding voor morgen is: pyjama met een 4 seizoenen dekbed
[17:43:59] <japio> oow komen max en willem op visite?
[17:45:27] <kuuke> Thuis!
[17:45:43] *** Joins: CloudBot (Cloudbot@sorcery-hkpjep.dynamic.ziggo.nl)
[17:45:44] <japio> weebee
[17:47:00] <Grandmasg> Jaap!
[17:47:02] <Grandmasg> Huub!
[17:47:26] <kuuke> Jaap!
[17:47:28] <kuuke> Gilmer!
[17:47:30] <kuuke> js
[17:47:32] <kuuke> ja
[17:47:38] <kuuke> mag dus morgenochtend weer naar de baas toe
[17:47:38] <japio> gilmer !
[17:47:41] <kuuke> bah!
[17:47:42] <japio> huub!
[17:47:44] <japio> jaap!
[17:48:04] <japio> oow das lullig huub
[17:48:05] <kuuke> hoezo een lekkere koningsdag en thuis wat niksen enzo
[17:48:15] <kuuke> weekend trouwens ook
[17:48:33] <kuuke> eea fabriek in de stress, heb vandaag hals over kop en analysemethode op moeten zetten
[17:48:51] <japio> sjees
[17:49:56] <PjoT> gilmer !
[17:49:58] <PjoT> Huub!
[17:50:37] <PjoT> effe eten 
[17:50:40] <PjoT> ttot zo 
[17:51:32] <kuuke> grapje kan een aantal maanden gaan duren kreeg ik nog mee
[17:51:35] <kuuke> Peter!
[17:51:38] <kuuke> smakze
[17:54:56] <japio> vandaag heeft het Zijne Majesteit behaagd, morgen wordt Zijne Majesteit behageld..
[17:56:45] <kuuke> gelukkig morgen met de Tsjoe naar het werk
[17:59:04] <japio> jah dat hoop je tot nu toe
[17:59:21] <japio> tot Yun zegt dat ze naar de stad wil om koningsdag te vieren
[18:00:14] <kuuke> sja
[18:00:17] <kuuke> ik ben eerder weg
[18:00:26] <kuuke> schat dat ik een uurtje of vier werk heb
[18:00:31] <japio> oke
[18:00:35] <japio> ff journaal
[18:07:32] <kuuke> ff hapje doen
[18:36:39] <kuuke> zo
[18:36:41] <kuuke> hapje weg
[18:39:52] <PjoT> tukje doen
[18:42:02] <kuuke> mja
[18:42:02] <kuuke> nee
[18:42:08] <Grubeater> Nee, boekje lezen.
[18:42:13] <kuuke> als ik dat doe slaap ik vannacht niet
[18:46:02] <PjoT> ik ben effe van de wereld
[18:46:09] <PjoT> tot over een uurtje 
[18:46:29] <japio> sooow tog maar ff un doesje gedaan, stof kruipt op alle plaatsen
[18:46:38] <japio> tukse
[18:47:36] <kuuke> heb de drie cores maar weer aangeslingerd
[18:47:42] <kuuke> wordt het tenminste een beetje warmer hier
[18:49:29] <kuuke> proberen de queue nog leeg te draaien voor de deadlines verstrijken
[18:54:56] <japio> mmm twordt een slechte zomer, in amerika spelen ze al ijshockie wedstrijden
[19:06:53] <kuuke> gheghe
[19:40:59] <japio> oowjah ik moet nog ff kijken hoe die weg in amsterdam ook alweer heet waar vroeger de volkskrant en de telegraaf enzo aan stonden
[19:41:17] <japio> was een file op de ring van amsterdam met vertraging van een uur
[19:41:28] <japio> ben toen maar dwars door de stad gegaan
[19:41:45] <japio> waren wel wegen veranderd maar wist er nog goed de weg
[19:44:23] <japio> ooowjah wibautstraat
[19:48:19] <Grubeater> Ik reed zondag vanuit Nijmegen in een keer naar een straat in Arnhem, zonder tomtom, was er wel daarvoor vanuit Enschede ook geweest.
[19:50:08] <japio> door amsterdam reed ik ook zonder tomtom
[19:51:27] <japio> makkelijkste route van zuid naar noord is: rijnstraat, van woustraat, of nassaukade of centuurbaan, dan klein stukje amstelkade dan de brug naar rechts over en dan de s101 naar de ijtunnel
[19:51:47] <japio> s101 is de wibaut straat en wordt daarna de weesperstraat
[19:52:28] <japio> ipv de centuurbaan kan je ook eerder de vrijheidslaan nemen, of rechtaf naar de amstelkade of rechtsaf naar de rai
[19:52:39] <japio> linksaf naar de rai
[19:52:40] <japio> sorrie
[19:53:09] <Grubeater> Ook met de lorrie?
[19:53:42] <japio> dan moet je de vrijheidslaan nemen
[19:53:45] <japio> dat gaat wel
[19:54:13] <japio> en ik reed er net voor en in de spits
[19:54:26] <japio> maar dit is de mooiste route en meest rustigste 
[19:57:38] <japio> dikke, dit was een lekker bakkie, maar ik heb geen zin om nogmaals naar de keuken te lopen
[20:03:04] <kuuke> kruidvat heeft de koffie capsues weer in de aanbieding dus morgen maar eens een partijtje inslaan
[20:03:18] <kuuke> zo meteen een Grimbergen Tripeltje wegwerken
[20:05:18] <kuuke> ik heb tenslotte morgen ongeveer een halve dag vrij
[20:05:36] <japio> trouwens die capsules wat kosten die ook weer??
[20:05:53] <japio> volgens mij zag ik ze bij deen 10 stuks voor 150 ct
[20:05:54] <kuuke> de originele zitten rond de 40 centen
[20:06:01] <kuuke> huismerk?
[20:06:06] <japio> jah denk het
[20:06:11] <kuuke> de douwe egbertjes zitten rond de 25 centen
[20:06:19] <kuuke> in de aanbieding 18
[20:06:33] <japio> ik zal eerstvolgende keer nog eens goed kijken
[20:06:41] <kuuke> in de originele heb je ook veel meer keus
[20:06:53] <kuuke> gros is trouwens expresso hè
[20:07:00] <kuuke> van die maak de mond maar ff nat kopjes
[20:07:06] <japio> ze hebben daar expresso en nespresso
[20:07:15] <kuuke> wil je een kopje vergelijkbaar met een senseo dan moet je de lungo's nemen
[20:07:28] <kuuke> nespresso is merknaam
[20:07:50] <japio> ik moet er nog us goed naar kijken
[20:08:00] <kuuke> je hebt er ok van Dolce Gusto
[20:08:04] <kuuke> andere apparaten
[20:08:08] <kuuke> maar ook lekkere koffie
[20:08:14] <japio> ik liep langs een paar van die pakjes en bekeek de prijs maar heb het niet goed in me opgenomen
[20:08:19] <kuuke> meneer de directeur in nijmegen heeft er eentje
[20:08:49] <kuuke> ik wilde eerst voor een dulco gusto staan maar Yn (die de rommel niet drinkt) vond de nespresso machine veel mooier
[20:08:59] <japio> hahahaha
[20:09:05] <kuuke> bovendien kreeg ik daar voor 100 euro gratis koffie bij destijds
[20:09:09] <japio> das vrouwen logika he
[20:09:18] <kuuke> woog ook wel mee want in de winkel is er weinig prijsverschil tussen die merken
[20:09:38] <kuuke> de originele Nespresso kan je alleen via internet kopen of bij de Bijenkorf
[20:09:58] <kuuke> vind ik wel een nadeel
[20:10:46] <japio> sjees, ik kreeg laatst een prijsje en dat was 1 maand gratis meespelen in de vriendenloterij
[20:11:00] <japio> nu elke week komt er post van hun en mails van hun
[20:11:11] <japio> ff kijken of ik die troep uit kan zetten
[20:12:27] <kuuke> haha, ja
[20:12:34] <kuuke> kom je lastig van af
[20:12:54] <kuuke> ik krijg al bijna 6 jaar reclame voor de vorige bewoner
[20:13:01] <kuuke> retour afzender maakt totaal geen indruk
[20:13:33] <japio> sooow alle vinkjes uitgedaan en vinkje bij.. ik wil me uitschrijven voor alle e-mail van de goede doelen loterijen
[20:13:56] <japio> nou zal me benieuwen
[20:16:58] <Henk> THUIS
[20:17:00] <Henk> EINDELIJK
[20:17:03] <Henk> morrie apen
[20:17:10] <kuuke> Henkje
[20:17:14] <Henk> !@T$!@$#$^@!# klote sneeuw vanochtend
[20:17:28] <Henk> 2.5 uur over ritje Medemblik - schiphol gedaan
[20:17:52] <kuuke> moet je maar niet zo noordelijk gaan wonen
[20:17:56] <kuuke> hier is geen vlok gevallen
[20:18:16] <japio> hier ook niet
[20:18:22] <japio> alleen klein beetje hagel
[20:18:36] <japio> enne boel regen
[20:18:53] <japio> alleen vandaag 10 mm
[20:21:45] <japio> 30 april wordt nelie smit kroes heilg verklaart
[20:24:18] *** Joins: ZusterM (ZusterM@sorcery-s5s.dn4.159.88.IP)
[20:24:18] *** ChanServ sets mode: +o ZusterM
[20:26:31] <ZusterM> 4een goede avond
[20:26:36] <Henk> maaike!!
[20:26:40] <japio> maaike
[20:26:47] <ZusterM> He Henk
[20:26:49] <Henk> http://www.rtvnh.nl/nieuws/184076/ijmuidense-jihadist-22-had-fotos-onthoofde-mensen-op-telefoon 
[20:26:49] <japio> ff windje laten hoor
[20:26:50] <ZusterM> He Jaap
[20:26:54] <Henk> was ik dus vandaag
[20:27:03] <Henk> wat een gast die jihadist
[20:27:13] <Henk> hij ging heen om daar voor vrede te zogen
[20:27:15] <Henk> zorgen ook
[20:27:16] <Henk> right
[20:27:29] <Henk> en hij noemde zich daarom ook de Somalische Slager
[20:30:21] <ZusterM> Zo we hebben de 5 in huis, onze kleine grote man is vandaag 5 geworden
[20:30:33] <Henk> HIEPERDE HIEP HOERAAAAA
[20:30:41] <Henk> gefeliciteerd met je kanjer
[20:30:58] <japio> gefeliciteerd met Luuk
[20:31:13] <japio> hoe jong is Nora nu?
[20:32:35] <ZusterM> tnx tnx
[20:32:48] <ZusterM> Nora is 1 jaar en 8 maanden
[20:35:18] <Grubeater> En Joris?
[20:35:40] <Henk> en je pincode :)
[20:35:55] <japio> en je maten?
[20:35:57] * Henk mept Grubeater door de chat
[20:36:27] * Grubeater stuitert rustig door de chat.
[20:36:30] <ZusterM> naja heren
[20:36:34] <ZusterM> lekker op dreef
[20:36:42] *** Joins: Grandmasg1 (ik@sorcery-hkpjep.dynamic.ziggo.nl)
[20:36:55] <Henk> poeh de vermoeidheid kickt er nu hard in 
[20:37:02] <japio> jah dan kenne we ut ff opskroife
[20:37:04] <Henk> ben al vanaf 4 uur vannacht bezig en vrijwel non stop
[20:37:07] *** Quits: Grandmasg (ik@sorcery-hkpjep.dynamic.ziggo.nl) (Ping timeout: 121 seconds)
[20:37:08] *** Quits: CloudBot (Cloudbot@sorcery-hkpjep.dynamic.ziggo.nl) (Ping timeout: 121 seconds)
[20:37:10] *** Grandmasg1 is now known as Grandmasg
[20:37:56] <Grubeater> Ik was afgelopen weekend 52 uur wakker en heb 7 uur geslapen.
[20:38:31] <ZusterM> jullie maken het je zef moeilijk heren 
[20:38:35] <japio> onze arbeidstijd is ook 15 uur per dag en dat mogen we 6 dagen per week doen
[20:38:40] <ZusterM> is een woord met drie letters
[20:38:43] <ZusterM> NEE
[20:39:23] <japio> wat is nee??
[20:40:48] <ZusterM> een woord met drie letters
[20:40:50] <kuuke> geen idee
[20:40:54] <kuuke> geen lingo
[20:41:00] <kuuke> te weinig letters
[20:41:16] <ZusterM> die kan je uitspreken tegen je baas of vrienden als je agenda te vol wordt of je hoofd
[20:41:17] <kuuke> 3 letter lingo bestaat volgens mij niet
[20:41:30] <japio> ooow zo bedoel je
[20:41:54] <japio> mjah soms een beetje lastig als je net bij parijs rijdt en de dag erna zou je weekend gbeginnen
[20:42:04] <ZusterM> tja dat snap ik
[20:42:25] <ZusterM> maar je kan jezelf soms ook gek maken, omdat je denkt dat je alles moet doen 
[20:42:28] <japio> dan rijd je die zaterdag echt wel door hoor
[20:42:55] <japio> oooooowneee vorige week kreeg ik een mailtje dat ik naar ierland moest
[20:43:12] <japio> mailde hem terug van dat tie inmiddels genoeg ierland chauffeurs had
[20:43:17] <ZusterM> lol
[20:43:34] <japio> dan zit je 4 keer op een boot en verdien je alleen nachtvergoeding
[20:43:45] <japio> dief van je eigen portomonnee heet zo iets
[20:44:00] <ZusterM> zou ik ook nee zeggen
[20:44:07] <kuuke> oeps
[20:44:11] <kuuke> foutje van de baas?
[20:44:14] <kuuke> salaris is al overgemaakt
[20:44:22] <japio> haha jah bij mij ook
[20:44:57] <kuuke> moet eens een andere bank gaan zoeken
[20:45:03] <japio> en over 10 dagen komt me overuren geld en cao vergoedingen al binnen
[20:45:10] <kuuke> of meer geld verbrassen :)
[20:45:27] <japio> en aan einde volgende maand je vakantiegeld
[20:45:29] <Grubeater> Promovendus op het werk zei geen nee, honeurs studenten begeleiden, snuffelstage voor eerste jaars, masterstudente onder zijn hoede. En toen zat hij twee weken thuis.
[20:45:44] <ZusterM> toch eens al die uren opnemen Huub en op vakantie gaan
[20:46:04] <Grubeater> Huub kan een jaar weg, minimaal.
[20:46:18] <ZusterM> twee weken is niets, sommige zitten jaren thuis als je pech hebt
[20:47:43] <japio> soooow twordt ff donker hier
[20:48:35] <kuuke> moet mijn flexuurtjes morgen maar eens tellen
[20:48:42] <kuuke> denk dat ik over de 1100 heen ben
[20:48:53] <Grubeater> Tellen dubel, feestdag.
[20:49:06] <kuuke> dus dat zijn dan al 137 dagen
[20:49:19] <kuuke> al hetverlof voor dit jaar is gepland
[20:49:27] <kuuke> heb er nog ongeveer 60 over
[20:49:33] <kuuke> dus ik ga richting 200 dagen
[20:49:43] <kuuke> nee, morgen niks dubbel
[20:50:09] <kuuke> morgen alleen maar tijd voor tijd = flex
[20:50:15] <japio> opsparen voor vervroegt pensioen
[20:50:22] <japio> zijn tropenjaren zo
[20:50:22] <kuuke> juh
[20:50:50] <kuuke> mooi, ben fear-actor al voorbij @ wcg
[20:50:51] <japio> ik kreeg vandaag ook weer een brief van een pensioenfonds
[20:50:57] <kuuke> op naar Wick
[20:51:00] <ZusterM> je kunt al bijna een jaar eruit
[20:51:01] <Henk> zorg jij er nu eerst maar voor dat je in het vliegtuig naar china zit, dag van te voren kunnen ze jouw verlof nog intrekken. HUUB jij blijft. pjnt
[20:51:03] <japio> die had ik op me 62 e jaar gezet
[20:51:04] <Henk> punt
[20:51:17] <kuuke> vakantie duurt nog wel ff
[20:51:31] <kuuke> half juli of zo
[20:51:37] <kuuke> nee, derde week
[20:51:53] <kuuke> eerst maandag richting Berlijn
[20:51:59] <kuuke> checkpoint charlie loeren enzo
[20:52:06] <kuuke> de lompe hollandse toerist uithangen
[20:52:22] <japio> is weinig van over maar wil je dr foto"s van maken die we kunnen zien??
[20:52:30] <japio> en dr is ergens nog een stuk muur
[20:52:38] <kuuke> gaan we ook beloeren
[20:52:42] <kuuke> en stukkie afbikken enzo
[20:52:55] <japio> op het marc engelsplein
[20:53:02] <kuuke> de fiets van opa zoeken
[20:53:07] <japio> hahahahaha jah
[20:53:13] <kuuke> moet daar ook nog ergens rondslingeren vermoed ik
[20:53:25] <japio> dat hadden we met die vorige pus toch
[20:53:32] <kuuke> paus
[20:53:34] <kuuke> geen pus
[20:53:48] <japio> die bedankte ons met pasen voor de fietsen
[20:53:52] <japio> oowjah paus
[20:54:16] <PjoT> paus in berlijn
[20:54:20] <PjoT> sorry net wakker
[20:54:40] <PjoT> ben nog niet scherp
[20:54:44] <japio> nee maxi mama heeft um uitgenodigt om naar neederland te komen
[20:55:17] <kuuke> maar heb alleen maar een onnozle Ixus voor de fotookes
[20:55:29] <kuuke> moet eik eens wat aanschaffen met een beetje meer optische zoom
[20:55:34] <Henk> ach kijk, voor de verandering regent het in medemblik
[20:56:29] *** Joins: ZusterMLaptop (ZusterM@sorcery-s5s.dn4.159.88.IP)
[20:56:41] <PjoT> ja heerlijk weertje 
[20:56:57] <kuuke> denk dat ik die belg uit de koelkast ga bevrijden
[20:57:13] <kuuke> gisteren die geheugenkaartjes toch nog maar besteld
[20:57:23] <ZusterMLaptop> proost huub
[20:57:25] <PjoT> ah die staat hier een paar koele duitsers
[20:57:26] <japio> ik had een paar keer geen karaktertjes maar die waren er vanmiddag weer
[20:57:39] <japio> heb gelijk het hele schap weer leeg getrokken
[20:57:54] <PjoT> nikkele cage maar verder loeren zo 
[20:58:16] *** Quits: ZusterM (ZusterM@sorcery-s5s.dn4.159.88.IP) (Ping timeout: 121 seconds)
[20:59:23] * ZusterMLaptop kijkt een of andere film op sbs 9 over surf meiden
[20:59:37] <japio> oowjah daar heb ik de trailer van gezien
[20:59:42] <japio> de golf des doods
[21:05:37] * japio kijkt naar manchestercity tegen real madrid
[21:06:03] <ZusterMLaptop> oh en is het wat?
[21:06:18] <japio> jah best wel leuk voetbal
[21:07:14] * japio is eigenlijk voor geen van 2e maar omdat ik veel in die regionen van manchester kom en daar mensen ken ben ik voor city
[21:07:43] <ZusterMLaptop> ah ok 
[21:15:06] <Henk> !wp
[21:15:10] <Henk> geen bot
[21:15:11] <Henk> o
[21:15:29] <Henk> elwin?
[21:15:33] <Henk> wtf is elwin
[21:15:41] <kuuke> de bot moet werken
[21:15:54] <Henk> wie is die elwin?
[21:15:56] <kuuke> Grandmasg is aan het verbouwen en de bot helpt 'm mee
[21:16:04] <kuuke> wie? wat? waar?
[21:16:08] <kuuke> ik zie gen elwin
[21:16:20] *** Joins: har (har@sorcery-ega3j0.dynamic.ziggo.nl)
[21:16:20] *** ChanServ sets mode: +o har
[21:16:24] <Henk> KNAR
[21:16:32] <kuuke> Kool!
[21:16:49] <ZusterMLaptop> alle activiteiten zijn afgelast morgen hier in het dorp voor de kinderen :(
[21:16:52] <Henk> :(
[21:16:53] <har> oioi
[21:17:01] <Henk> nou verwacht dat het hier de zelfde kant opgaat
[21:17:06] <har> z mensu
[21:17:17] <har> dagje vrij morgen
[21:17:24] <Henk> tsssk
[21:17:26] <Henk> lui kreng
[21:17:27] <Henk> :D
[21:17:44] <har> henk staat klaar op de Nieuwstraat
[21:17:48] <Henk> nop
[21:17:54] <Henk> opperdoes en twisk
[21:18:01] <har> ow
[21:18:02] <Henk> later in de middag misschien nog medemblik
[21:18:17] <har> isabel gaat ook naar opperdoes
[21:18:21] <har> vrienden
[21:18:25] <Henk> oke
[21:18:38] <har> tis daar vette party
[21:18:48] <Henk> eerst om 11 uur live met tv de optocht en 's middag nog wat dingen doen
[21:18:54] <Henk> opperdoes he
[21:18:59] <kuuke> carnaval?
[21:19:03] <Henk> het oranjedorp van Nederland
[21:19:06] <har> ow auto dooe de APK
[21:19:10] <har> lachend
[21:19:15] <har> door
[21:19:24] <Henk> moet toch ok
[21:19:25] <Henk> ook
[21:19:29] <har> JA
[21:19:33] <har> ja
[21:19:36] <har> :D
[21:19:53] <har> ik denk: nou krijg ik de rekening
[21:20:01] <har> nor
[21:20:04] <har> not
[21:20:10] <har> 29,95
[21:20:49] <har> topauto gekocht
[21:21:16] <japio> jah was bij mij hetzelfde har
[21:21:44] <japio> daarintegen bracht ik hem niet naar de garage waar ik hem kocht anders had ik wel een gepeperde rekening gekregen
[21:22:18] <har> :)
[21:22:33] <har> gelukkig viel het mee, geen aan of opmerkingen
[21:22:38] <japio> tja ze wilden anders natuurlijk die deal terug verdienen
[21:23:36] <har> :)
[21:23:44] <har> was een nieuwe garage voor mij
[21:23:50] <har> naast Dormac
[21:23:59] <japio> in medemblik?
[21:24:06] <har> De Goorn
[21:24:11] <japio> oke
[21:24:20] <japio> mjah das idd handiger
[21:24:28] <har> veel makkelijker
[21:24:34] <japio> voor werktijd heen brengen en na werktijd ophalen
[21:24:39] <har> psies
[21:25:20] <har> dochter zi in New York, morgen rijdt ze door naar Washington :)
[21:25:28] <japio> oke
[21:25:30] <har> hoor ik net
[21:25:40] <japio> hoe groot is die afstand?
[21:26:33] <har> 44:10 rijden lees ik net
[21:26:36] <har> eh
[21:26:43] <har> 4 uur 10
[21:27:05] <japio> 362 km
[21:27:08] <har> https://www.google.nl/?gws_rd=ssl#q=new+york+to+washington
[21:27:15] <japio> zal wel centrum - centrum zijn
[21:27:31] <har> mja het is giga daar
[21:28:16] <japio> lijkt un kippe endje op de kaart
[21:29:03] <japio> aah tis vlak bij Dover... kenne ze nog un dagtrippie naar frankrijk maken met de snelboot
[21:29:06] <japio> ghegheghe
[21:30:35] <har> https://www.facebook.com/mwahtekstueleverwenners/photos/a.253310688095318.58012.251712434921810/1031399830286396/?type=3&theater
[21:31:42] <japio> hha jah die kwam ik vanmiddag ook tegen
[21:34:16] <japio> gheghe heb ff de satellietkaart van new york voor me
[21:34:17] <japio> slik
[21:34:50] <ZusterMLaptop> heren nog een fijne avond
[21:35:00] <ZusterMLaptop> de laptop gaat naar joris
[21:35:18] <japio> truste maaike
[21:35:30] <japio> pak je nog wel ff een biertje voor ons?
[21:38:43] <har> zet maar een kratje in de chat, komt wel op
[21:38:54] <har> ik ben morgen toch vrij
[21:39:50] <PjoT> prrost
[21:39:58] <PjoT> gaan we alvast vieren
[21:39:59] <japio> jah ik ook, zal wel een schuurdagje worden
[21:40:31] * kuuke gata de bijtertjes kuisen en gestrekt 
[21:40:35] <kuuke> morgen weer vroeg op
[21:40:47] <Henk> ja truste
[21:40:48] <japio> truste huub
[21:40:52] * Henk is ook pleitte
[21:41:31] <PjoT> truste huub
[21:41:36] <PjoT> truste henk
[21:42:18] <japio> http://prntscr.com/ax78lc  <---
[21:49:13] <PjoT> ja zoiets 
[21:55:42] <japio> sooow, un lekker biertje voor me neus en een zak sjips met een sausie en nog ff voetbal kijken
[22:08:43] <har> http://www.dumpert.nl/mediabase/6759647/620e00a0/van_hanegem_in_tranen_om_cruijff.html
[22:08:49] <har> willem in tranen
[22:10:05] <japio> mjah twas een enorm goede vriend van hem
[22:35:34] <PjoT> 0-0
[22:36:12] <japio> tot nu toe wel
[22:36:43] <japio> whoei
[22:36:49] <japio> skeelt niet veel
[22:37:28] <japio> jah blijft 0-0
[22:38:08] <japio> met die hard op doel dan hebbe ze volgende week nog moeite hoor
[22:40:02] <japio> whahahaah die presentator zei tegen verbeek, jij bent trainer enz enz... lekker voor gullit omdat hij ook trainer geweest is
[23:13:34] <japio> mytbusters kijke
[23:13:43] <japio> auto optille met een stofzuiger
[23:22:51] <japio> brr tis gewoon koud.. wat zulle die global mennekes nu weer voor smoes hebben dat de aarde afkoelt
[23:26:11] <PjoT> ja de zeespiegelstijgt ook al in mijn kelder
[23:26:18] <japio> hahahaah
[23:26:20] <japio> sorrie
[23:26:43] <japio> ik lachte om de opmerking niet om het probleem
[23:27:04] <PjoT> geen punt
[23:27:11] <PjoT> tis een feitje 
[23:27:21] <japio> zeespiegel moet niet te ver stijgen want ik woon 2,48 mtr onder nap
[23:28:19] <PjoT> op de eerste verdiepinh gaan wonen 
[23:28:34] <japio> gheghe jah
[23:29:32] <japio> nee ik wacht op een mooie prijs
[23:29:41] * japio droomt verder
[23:29:57] <japio> mooi huisje aan 1 van de friese meren
[23:30:09] <japio> mooi geusje aan een steiger
[23:30:24] <japio> klein geusje dr achter om boodschappen te doen
[23:35:36] <PjoT> ja laat morgen die 250000 per jaat maar komen
[23:35:50] <japio> jah daarom
[23:41:38] <japio> hoeveel jaar is dat die 250K??
[23:41:58] <PjoT> 20
[23:42:02] <japio> sjees
[23:42:23] <japio> ze hopen op een ouder iemand die dat wint
[23:42:37] <japio> want na overlijden heeft tie er niets meer aan
[23:42:41] <japio> dus maak ik meer kans
[23:42:59] <PjoT> zijn erfgenamen denk ik 
[23:43:45] <japio> kwee nie of ze dat doen
[23:50:17] <PjoT> ik ook niet
[23:51:38] <japio> magoe dat zal mijn zorg dan niet meer zijn
[23:52:05] <japio> ik krijg trouwens een monteur van de KPN op bezoek
[23:52:09] <japio> 20 mei
[23:52:43] <japio> ze gaan de bekabeling tussen de verdeelkast en mijn huis aanpassen
[23:53:20] <japio> zal wel de zelfde kabel blijven vermoed ik maar de randapparatuur is te oud en niet meer betrouwbaar voor de huidige snelheden
[23:54:03] <japio> en ik krijg een nieuwe router
