[00:32:32] *** Quits: har (har@sorcery-ega3j0.dynamic.ziggo.nl) (Quit: )
[05:21:16] *** Joins: Escovan (Escovan@sorcery-t6nqmt.escovan.net)
[17:36:11] *** Joins: Escovan (Escovan@sorcery-t6nqmt.escovan.net)
[17:36:33] <kuuke> Escovan!
[17:36:47] *** Escovan is now known as Guest8086
[17:53:44] <Grandmasg> Gaaaaaaap!
[17:53:51] <Grandmasg> Huub!
[17:54:26] *** Guest8086 is now known as Escovan
[17:57:56] <kuuke> Gilmer!
[17:57:57] <kuuke> Grrrr
[17:58:04] <kuuke> DHL aan de deur geweest met een pakje
[17:58:06] <kuuke> niemand thuis
[17:58:14] <kuuke> komen ze morgen terug als er weer niemand thuis is
[17:58:29] <kuuke> heb zo;n kaartje met een code die je kan gebruiken om een ander bezorgmoment te kizen
[17:58:37] <kuuke> wordt de code icm de postcode niet herkend
[18:00:48] <Grandmasg> vanavond nog eens proberen 
[18:01:09] <Grandmasg> kan zijn dat hij nog niet verwerkt is
[18:01:27] <Grandmasg> of een twitter sturen kan ook 
[18:01:36] <kuuke> twitter?
[18:01:53] <kuuke> daar heb ik niks van op mijn kaartje staan
[18:02:01] <kuuke> probeer straks nog wel een keertje
[18:02:13] <Grandmasg> https://twitter.com/dhl_nlexpress?lang=nl
[18:07:43] <Grandmasg> https://www.dhlparcel.nl/nl/contact-particulier via hun website kan ook
[18:32:19] *** Joins: PjoT (PjoT@sorcery-86v3aj.upc-i.chello.nl)
[18:32:20] *** ChanServ sets mode: +o PjoT
[18:36:53] <Henk> morrie en doei. 
[18:37:32] <PjoT> hoi enm laters
[18:38:19] <Grandmasg> hoi en doei
[18:38:22] <Grandmasg> Peter!
[18:39:13] <kuuke> Peter!
[18:39:17] <kuuke> zo,voer zit er in
[18:39:23] <kuuke> chinese invasie hier
[18:39:26] <PjoT> Gilmer !
[18:39:29] <PjoT> Huub !
[18:39:39] <Grandmasg> staat hier ook wat vloerisolatie voor de deur 
[18:40:00] <PjoT> chinese invasie? ben je melkpoeder aan het verkopen dan ;)
[18:40:04] <Grandmasg> en dan komen nog de betonbalken ...
[18:40:17] <PjoT> lekker bezig Grandmasg
[18:40:33] <Grandmasg> en dan nog eens 7000 stenen voor de buiten muur
[18:41:17] <Grandmasg> zie het geld al de deur uitvliegen ... nog geen rekening gezien .. nog niet :)
[18:41:18] <PjoT> 7000 maar?
[18:41:25] <kuuke> nee, meiske 1 is hier om dansjes te oefenen
[18:41:33] <kuuke> morgen arriveert meiske 2 uit Beijing
[18:41:40] <kuuke> die laatste muts blijft 5 dagen
[18:41:51] <Grandmasg> yep maar 7000 binnenmuur zal wel apart zijn  
[18:41:56] <kuuke> zo, bezorging veranderd. Code werkte nu wel
[18:42:05] <Grandmasg> :)
[18:42:08] <kuuke> hoeveel op een vierkante meter?
[18:42:16] <kuuke> 100?
[18:42:49] <Grandmasg> 75
[18:43:01] <kuuke> ah, zat ik toch ergens in de buurt :)
[18:50:44] <Grandmasg> :)
[18:50:55] <Grandmasg> !calc 7000/75
[18:50:57] <CloudBot> (Grandmasg) Exact result: 280/3 - Decimal approximation: 93.33333333333333333333333333333333333333333333333333333333... - https://is.gd/tZOGjG
[18:51:41] <kuuke> dat zijn toch hel wat vierkante meterkes
[18:51:58] <Grandmasg> een muur met een puntdak gaat veel in 
[18:52:06] <kuuke> PjoT, de melkpoederverkopen staan nagenoeg helemaal stop
[18:52:09] <Grandmasg> en de garage zit er nu ook bij
[18:52:26] <kuuke> kans is groot dat Yun eind van het jaar pensioen krijgt uitgekeerd in china
[18:52:39] <kuuke> dus geen noodzaak meer om geld in te leggen en de chinese rekening op peil te houden
[18:53:23] <Grandmasg> 4 bigbags metselzand en 42 zakken cement
[18:53:45] <Grandmasg> maar dat komt in etapes .. anders staat het erf vol
[18:54:12] <Grubeater> Cementfort maken.
[18:54:24] <Grandmasg> leuk voor de kids :)
[18:54:48] <kuuke> Willem!
[18:55:00] <kuuke> zakken cement gewoon buiten in d eregen laten liggen
[18:55:03] <kuuke> hard vanzelf uit :)
[18:56:04] <Grandmasg> staat op een pallet en in folie en ik heb er nog een kleed overgedan
[18:56:39] <kuuke> lol, 115 kg en dan 5 kilo te licht zijn om een maagband te krijgen :P
[18:56:43] <kuuke> dat word vreten :))
[18:58:02] <Grubeater> Hoe groot is die persoon?
[18:58:19] <kuuke> geen idee
[18:58:24] <kuuke> 40 kg overgewciht
[18:58:32] <kuuke> twee centimeter te lang
[18:59:26] <kuuke> waar geen idee wat de grens is
[18:59:36] <kuuke> er zijn blijkbaar regeltjes voor dit soort dingen
[19:01:32] <Grubeater> 173 cm 
[19:02:15] <Grubeater> Grens ligt bij een bmi van 40 vermoed ik.
[19:04:04] <Grubeater> massa/lengte^2=bmi.
[19:07:39] <kuuke> ja
[19:07:42] <kuuke> bmi van 40
[19:07:49] <kuuke> ook dat staat in artikeltje
[19:08:23] <kuuke> hmm, geripte blauwe straal gevonden van Gods of Egypt
[19:08:28] <kuuke> 12 Gb
[19:08:31] <kuuke> hop, nemen we die :)
[20:14:44] <kuuke> als het goed is ben ik Wick voorbij @WCG
[20:43:26] <Grubeater> Dat vermoed ik wel.
[20:52:38] <kuuke> nieuw project lees ik
[20:52:39] <kuuke> zika
[20:53:10] <kuuke> queue zit helaas stikvol met Mapping Cancr Units
[20:53:53] <kuuke> alhowel dat binnenkort wel weer een badge op zal leveren
[21:29:34] <Henk> morrie
[21:33:13] *** Joins: har (har@sorcery-ega3j0.dynamic.ziggo.nl)
[21:33:13] *** ChanServ sets mode: +o har
[21:33:20] <har> ray
[21:36:00] <Henk> harmans
[21:40:37] <har> oioi
[21:45:11] <Henk> dat was even genieten zeg 
[21:45:23] <Henk> wat een wolken
[21:49:25] <har> http://prntscr.com/b5nltg
[21:49:28] <har> :)
[21:53:24] <Henk> zag hem al 
[21:53:38] <Henk> bruut genieten, maar in hoorn een enorme bak water
[21:54:38] * Henk gaat in coma.. eindelijk. en telefoon uit, beiden
[21:54:44] <Henk> 020 kan van mij ff de pot op nu
[21:54:46] <Henk> o/
[21:55:23] <har> maz
[22:07:14] <NBK> http://www.telegraaf.nl/buitenland/25817355/__Woede_over_spotprenten__.html
[22:07:26] <NBK> mohammed beledigen mag wel maar dit mag niet :?
[22:53:21] *** Joins: japio (japio@sorcery-llf.g8n.33.109.IP)
[22:53:21] *** ChanServ sets mode: +o japio
[22:53:40] <japio> ff kijken of ut al rustig is hier....
[22:54:37] *** Quits: japio (japio@sorcery-llf.g8n.33.109.IP) (Quit: )
[22:54:50] *** Joins: japio (japio@sorcery-llf.g8n.33.109.IP)
[22:54:50] *** ChanServ sets mode: +o japio
[22:55:10] <japio> oooow dat was een snelle
[23:11:26] <PjoT> truste
[23:11:30] *** Quits: PjoT (PjoT@sorcery-86v3aj.upc-i.chello.nl) (Quit: )
[23:11:32] <japio> jah
[23:11:37] *** Quits: japio (japio@sorcery-llf.g8n.33.109.IP) (Quit: )
[23:28:26] *** Quits: har (har@sorcery-ega3j0.dynamic.ziggo.nl) (Quit: )
[23:41:50] *** Quits: NBK (NBK@sorcery-uk8bp7.dynamic.caiway.nl) (Ping timeout: 121 seconds)
