[00:10:44] <NBK> truste
[00:21:19] *** Joins: Grandmasg1 (ik@sorcery-hkpjep.dynamic.ziggo.nl)
[00:22:59] *** Quits: CloudBot (Cloudbot@sorcery-hkpjep.dynamic.ziggo.nl) (Ping timeout: 121 seconds)
[00:23:52] *** Quits: Grandmasg (ik@sorcery-hkpjep.dynamic.ziggo.nl) (Ping timeout: 121 seconds)
[00:23:56] *** Grandmasg1 is now known as Grandmasg
[00:25:52] *** Quits: har (har@sorcery-ega3j0.dynamic.ziggo.nl) (Quit: )
[00:59:34] *** Quits: Grubeater (grubeater@sorcery-294k91.ftth.telfortglasvezel.nl) (Ping timeout: 121 seconds)
[01:00:38] *** Joins: Grubeater (grubeater@sorcery-294k91.ftth.telfortglasvezel.nl)
[01:00:38] *** ChanServ sets mode: +o Grubeater
[01:46:20] *** Quits: PjoT (PjoT@sorcery-86v3aj.upc-i.chello.nl) (Quit: )
[04:00:06] *** Quits: Grandmasg (ik@sorcery-hkpjep.dynamic.ziggo.nl) (Connection closed)
[05:43:42] *** Joins: Grandmasg (ik@sorcery-hkpjep.dynamic.ziggo.nl)
[05:44:19] *** Joins: CloudBot (Cloudbot@sorcery-hkpjep.dynamic.ziggo.nl)
[09:57:08] <Henk> morrie 
[10:41:13] <Grubeater> Mogge.
[11:18:00] *** Quits: kuuke (819323@sorcery-ck4ie7.dynamic.ziggo.nl) (Ping timeout: 121 seconds)
[11:23:00] *** Joins: kuuke (819323@sorcery-ck4ie7.dynamic.ziggo.nl)
[11:23:00] *** ChanServ sets mode: +o kuuke
[12:21:30] *** Quits: kuuke (819323@sorcery-ck4ie7.dynamic.ziggo.nl) (Ping timeout: 121 seconds)
[12:26:28] *** Joins: kuuke (819323@sorcery-ck4ie7.dynamic.ziggo.nl)
[12:26:28] *** ChanServ sets mode: +o kuuke
[13:02:27] *** Joins: Huub (AndChat4811@sorcery-ch8.o4f.15.145.IP)
[13:02:44] <Huub> Wifi in de trein 😊
[13:02:59] <Huub> Middag!
[13:04:17] <Grubeater> Ben je niet gewend, wifi in de trein. ;)
[13:04:34] <Huub> Wifi wel, trein niet
[13:04:46] <Grubeater> Zo, net terug uit het stadhuis. Vriend en vriendin zijn net getrouwd, straks het feest bij Stoom, de brewpub van Oersoep.
[13:04:56] <Huub> Lekker
[13:05:25] <Grubeater> Even het pak uitgedaan en wat korters aan gedaan.
[13:05:34] <Huub> Ben op weg naar huis. Beetje eerder aan het weekend beginnen
[13:05:49] <Grubeater> Gisteren was je ook later, dan mag het best.
[13:05:56] <Huub> Moet zondag weer komen opdraven
[13:06:16] <Huub> De week was idd al lang genoeg
[13:06:35] <Grubeater> Zondag? Had dat niet op maandag gekunt?
[13:06:42] <Huub> Zal wel een uurtje onderweg zijn
[13:06:52] <Huub> Tegen twee uur thuis
[13:07:04] <Huub> Maandag komt collega
[13:07:11] <Huub> Tis Pinksteren 
[13:07:43] <Huub> Ben de komende maanden vermoedelijk ieder weekend aan het werk
[13:08:57] <Huub> Bij uitzondering worden de uren betaald. Heb al een nieuwe tablet bij elkaar. Door voor de laptop
[13:09:01] <Huub> 😊
[13:11:35] <Grubeater> Eens bedenken wat ik op de kaart schrijf, ik heb nog een dik uur.
[13:13:09] <Huub> Roermond
[13:13:34] <Huub> Handig die intercity's met vertraging
[13:13:56] <Grubeater> Op de helft dus.
[13:14:16] <Huub> Om de 15 minuten eentje dus aan het einde van de rit merk je het niet eens
[13:14:45] <Huub> Kreng zit wel goed vol
[13:15:29] <Huub> Moet je foto's maken? 
[13:15:53] <Grubeater> Beetje.
[13:18:05] <Huub> Hmm voordeel van een verlate intercity is een wat ruimere overstap in Sittard 
[13:18:59] *** Joins: Huub_droid (AndChat4811@sorcery-ch8.o4f.15.145.IP)
[13:18:59] *** Quits: Huub (AndChat4811@sorcery-ch8.o4f.15.145.IP) (Connection closed)
[13:21:00] <Huub_droid> Goed. Mazzels nog vanmiddag. Ik sluit weer af. We naderen Sittard 
[13:21:10] *** Quits: Huub_droid (AndChat4811@sorcery-ch8.o4f.15.145.IP) (Quit: Bye)
[13:31:42] <Henk> gaap
[14:06:56] <kuuke> Thuis!
[14:13:35] *** Joins: PjoT (PjoT@sorcery-86v3aj.upc-i.chello.nl)
[14:13:35] *** ChanServ sets mode: +o PjoT
[14:17:52] <kuuke> Peter!
[14:17:56] <kuuke> welkom thuis :)
[14:19:35] <PjoT> huub !
[14:19:38] <PjoT> dankje 
[14:19:42] <PjoT> jij ook al thuis?
[14:19:55] <kuuke> jup
[14:20:07] <kuuke> klusje in Maarheeze ging voorspoedig
[14:20:15] <kuuke> troosteloze bende
[14:20:33] <kuuke> labmanager die al is ontslagen is zijn eigen lab waar ooit 40 mensen werkten aan het opdoeken
[14:20:51] <PjoT> oef
[14:21:01] <PjoT> dat zal geen gezellige boel zijn
[14:23:43] <PjoT> jochie verstappen was en is goed bezig
[14:32:21] <kuuke> gelukkig een oudere vent
[14:32:24] <kuuke> ach zegt-ie
[14:32:25] <kuuke> ben 58
[14:32:32] <kuuke> krijg 3 jaar ww straks
[14:32:47] <kuuke> kantonrechtersformule en een eruittrappremie die niet mis is
[14:32:52] <kuuke> ik hala mijn pensioen wel
[14:33:03] <kuuke> maar toch
[14:33:12] <PjoT> ah dat scheelt
[14:33:13] <kuuke> lab was al bijne leeggeroofd
[14:33:26] <PjoT> maar hij zal wel een pensioen gat creeeren 
[14:33:26] <kuuke> stonden nog wat apparaten waar bij nog wat uurtjes mee speelde
[14:33:30] <PjoT> van 9 jaar
[14:33:39] <kuuke> ja, dat dan weer wel
[14:33:53] <kuuke> zat in een werkbegeleidingstraject maar veel verwachtte hij daar niet van
[14:33:54] <kuuke> te oud
[14:33:54] <PjoT> qua directe kosten zal ie het wel redden 
[14:34:11] <PjoT> tsja 55+ dan is het bijna onmogelijk 
[14:34:18] <kuuke> de leuke dingen die je later met je pensioen dacht te gaan doen kan je shaken
[14:34:29] <kuuke> daar is dan geen geld meer voor
[14:34:31] <PjoT> zijn maar weinig vak gebieden waar ze nog 55+ ers aan nemen
[14:35:00] <kuuke> hij was er in 78 begonnen als uitzendkracht en opgeklommen tot chef lab
[14:35:17] <kuuke> en dan nu nog zelf de uitverkoop moeten organiseren
[14:35:59] <PjoT> triest voor die man
[14:36:12] <PjoT> heb je zoveel jaren van je leven aan besteed
[14:37:20] <kuuke> dat straalde hij idd wel uit ja
[14:37:35] <kuuke> maar goed, laten we dat afsluiten. Heb weekend tot zondagmorgen :)
[14:38:00] <PjoT> oke 
[14:38:12] <PjoT> had al een email vanmorgen van de cheffin
[14:38:29] <PjoT> of we willen overwerken dit weekend za/zo/ma
[14:38:43] <PjoT> sorry lieverd je bent te laat ik heb al andere afspraken
[14:38:58] <PjoT> moet je maar niet op vrijdag komen 
[14:39:08] <PjoT> en dan nog in het pinkster weekend ook nog
[14:39:42] <kuuke> pffft!
[14:43:40] <PjoT> laat maar 
[14:43:55] <PjoT> laten we het maar niet meer over werk hebben 
[14:44:06] <PjoT> worden we niet vrolijker van ;)
[14:44:20] <PjoT> strakjes even langs pa en ma 
[14:44:27] <PjoT> afhaal chineesje doen 
[14:44:40] <PjoT> dan heb ik daar de rest van het weekend ook geen last van ;)
[14:45:49] <kuuke> mooi :)
[14:48:23] <kuuke> ikdenk dat ik ga beginnen met even een boekje weg te werken
[14:48:34] <kuuke> kom laap tekort met dat benauwde weer
[14:48:44] <kuuke> in de trein was het te warm om even een tukkie te doen
[14:48:46] <PjoT> strak plan dat doe ik na de vrije training
[14:48:51] <PjoT> truste 
[14:50:16] <kuuke> ty
[15:18:28] <Henk> pff nou de blauwe enveloppe is binnen
[15:18:36] <Henk> moest hem uitgraven zo zwaar is tie
[15:18:40] <Henk> HUUB
[15:18:41] <Henk> PETER
[15:18:44] <Henk> WILLUM
[15:18:53] <Henk> en wat moest kuuke in een trein?
[15:19:19] <kuuke> kedengedeng doen
[15:19:22] <Henk> oke
[15:19:47] <kuuke> kreeg geen tuuttuut mee van de baas
[15:20:01] <Henk> ow je moest elders werken
[15:20:05] <kuuke> wegens uitbreiding van het leasepark zijn de vrij beschikbare tuuttuutjes gedecimeerd
[15:20:14] <kuuke> er was er geenv rij
[15:20:15] <Henk> ze willen je nu al niet meer in sittard hebben
[15:20:15] <kuuke> nou
[15:20:21] <kuuke> dan zijn ze nu dus duurder uit
[15:20:26] <kuuke> erste klas trein genomen
[15:20:43] <Henk> lol
[15:21:09] <Henk> zal ik PjoT eens gaan plagen :)
[15:21:20] <Henk> en op de flushknop rossen
[15:21:44] <Henk> hmm het is nu toch al in een uurtje tijd 4 graden afgekoeld en de wind komt nu ook strak uit het noordwesten
[15:22:04] <kuuke> hier begint het ook dicht te trekken
[15:22:07] <kuuke> !wp
[15:22:07] <CloudBot> (kuuke) Whatpulse De Apen - http://www.grandmasg.nl/WPNEW/#/daily/offset=0/team=deapen
[15:22:21] <Henk> nee zo gemeen ben ik niet
[15:26:31] <kuuke> ff uurtje afk
[15:28:07] <PjoT> je mag hoor henk 
[15:28:20] <PjoT> zolang je het maar niet iedere week doet ;)
[15:28:38] <PjoT> max is trouwens goed bezig in VT2
[15:29:01] <Henk> waar te zien? ziggo?
[15:29:08] <PjoT> ja
[15:29:11] <PjoT> nog 2minuten
[15:29:35] <Henk> eeh tennis hier
[15:29:39] <PjoT> zit netjes op iets meer van een tiende van riccardo af
[15:29:54] <Henk> ziggo sport heeft tennis
[15:30:25] <PjoT> ziggo sport select 1 HD
[15:30:42] <Henk> ow die heb ik niet op de horizon ap
[15:30:43] <Henk> p
[15:31:14] <PjoT> tis nu afgelopen
[15:31:22] <PjoT> vanmorgen 6e nu 8ste 
[15:31:34] <Henk> morgen dus 10e 
[15:31:35] <Henk> :D
[15:31:39] <PjoT> maar een strakke lange run gedaan zojuist
[15:31:47] <Henk> en sainz en die rus
[15:32:00] <PjoT> hoge 1:29ers gereden op medium 
[15:32:05] <PjoT> sainz 5 rus 15
[15:32:18] <Henk> ai sainz voor hem
[15:32:19] <Henk> ai ai ai 
[15:32:23] <Henk> aaaaai ai ai ai 
[15:32:26] <PjoT> lange run sainz 1:30 
[15:32:52] <PjoT> 31rondjes in max zijn run
[15:32:52] <Henk> ai ai ai ai ai 
[15:33:05] <PjoT> zo knap 
[15:33:17] <PjoT> van max
[15:33:46] <PjoT> waar die ene snelle ronde van sainz vandaan kwam is dus ook een raadsel
[15:33:57] <PjoT> de hazen hebben problemen
[15:34:35] <PjoT> max was op de medium band trouwens 2e achter hamilton ;)
[15:35:27] <Henk> die hazen hadden geluk de eerste 2 races
[15:36:45] <PjoT> snelheid hebben ze wel , de wegligging is het punt
[15:45:01] <Henk> a kijk ik ga sp stemmen
[15:45:11] <Henk> mensen met dubbel modaal moeten ook in de 52% schaal
[15:45:23] <Henk> zodat de uitkeringen omhoog kunnen
[15:45:26] <Henk> wtf
[15:45:49] <PjoT> zucht
[15:46:07] <PjoT> ik word het linkse gedachten goed een beetje zat
[15:46:09] <Henk> ik vraag mij echt af of het bij die gasten wel goed zit in de bovenkamer
[15:46:19] <Henk> onder de SP is werken straks een straf
[15:47:08] <PjoT> goed zit nog steeds op die 500 euro van rutte te wachten ... blijft natuurlijk wel politiek
[15:47:46] <Henk> mjah verkiezingensretoriek
[15:48:19] <Henk> pff ik moet 3100 euro meer belastingbetalen over 2015. heerlijk
[15:48:45] <Henk> je kan echt beter gewoon je bedrijf opheffen en met het handje op gaan zitten
[15:48:56] <Henk> lekker van mijn wao genieten
[15:50:45] <PjoT> ja ondernemend nederland maak je zo wel kapot
[15:51:02] <PjoT> beetje leegstand door verdwijnende middenstand
[15:51:13] <PjoT> ach maken gewoon woningen van 
[15:51:19] <PjoT> voor onze vluchtelingen
[15:55:02] <Henk> yep
[15:55:12] <Henk> bijlmerbajes wordt azc
[15:55:36] <PjoT> zal er geen commentaar op geven 
[15:55:42] <Henk> doe maar
[15:55:44] <PjoT> ik heb er zo mijn gedachte over
[15:55:45] <Henk> lucht je hart
[15:55:50] <Henk> moet je geen moordkuil van maken
[15:56:02] <PjoT> neuh 
[15:56:03] * Henk loert ff link naar Grandmasg 
[15:56:07] <Henk> HOU DIE KOU BIJ JE
[15:56:08] <PjoT> ik ben zo weg
[15:56:10] <Henk> FRIES
[15:56:12] <Henk> doei
[15:56:14] <PjoT> naar paps en mams
[15:56:19] <Henk> oke
[16:01:54] <PjoT> ja ik ga alles dicht doen en weg wezen 
[16:01:57] <PjoT> tot later
[17:18:57] <kuuke> nog maar eens wat tikken aan een artikeltje voor oppe sait
[17:41:49] <kuuke> henk heeftde belastingcenten overgemaakt op onze rekening
[17:41:55] <kuuke> we gaan ff hapje buiten de deur doen :)
[17:41:58] <kuuke> laters!
[18:05:30] <Henk> ja doei he
[18:48:42] <kuuke> **BURP**
[19:21:26] <kuuke> zo meteen nog een urthel om het weekend in te luiden
[19:27:02] <kuuke> ook geflusht :)
[20:01:11] <Henk> riool overbelast?
[20:01:20] <Henk> Host 'malta3045.startdedicated.net', running Linux 3.13.0-68-generic - Cpu0: Intel 3301 MHz Cpu1: Intel 800 MHz Cpu2: Intel 3301 MHz Cpu3: Intel 800 MHz; Up: 121d+9:00; Users: 1; Load: 1.12; Free: [Mem: 2029/32072 Mio] [Swap: 7392/7809 Mio] [/: 142039/231940 Mio] [/boot: 410/473 Mio]; Vpenis: 1123.9 cm;
[20:02:04] <Grubeater> Zo, terug van een huwelijksfeest.
[20:12:41] <kuuke> !wp
[20:12:41] <CloudBot> (kuuke) Whatpulse De Apen - http://www.grandmasg.nl/WPNEW/#/daily/offset=0/team=deapen
[20:13:03] <kuuke> bijgeschreven zie ik :)
[20:14:42] <kuuke> eens kijken wat ik dit weekend op WCG kan presteren
[20:18:25] <NBK> hm..
[20:18:35] <NBK> huub: jij had een raspberry toch?
[20:19:48] <kuuke> 2
[20:20:09] <kuuke> 2* pi2
[20:21:04] <NBK> die heeft wel ethernet toch?
[20:21:08] <NBK> alleen geen wifi
[20:21:11] <NBK> ?
[20:21:30] <NBK> ik wil wat gaan doen met arduino en raspberry
[20:21:45] <NBK> arduino voor de metingen en aansturing
[20:21:54] <NBK> raspberry als control center
[20:25:30] <kuuke> heb er eentje met een wifi-dongle bij
[20:25:31] <kuuke> werkt prima
[20:26:12] <kuuke> originele rasberry dongle
[20:26:14] <kuuke> 150 Mbit
[20:26:24] <kuuke> usb-plugje
[20:30:19] <NBK> mja, het idee is dat het control center niet te makkelijk van buitenaf te hacken moet zijn natuurlijk :D
[20:32:07] <kuuke> ethernet is 100 mbit op die bordjes
[20:33:29] <NBK> snel zat :)
[20:33:56] <kuuke> uhuh
[20:34:11] <NBK> de raspberry's moeten 1 keer per soconde oid wat temperaturen gaan posten naar een php script en vervolgens via die pagina weer nieuwe commando's krigen voor de uitgangen
[20:34:47] <kuuke> kunnen ze wel
[20:36:28] <NBK> ja, dacht dat dat wel moest gaan lukken
[20:36:39] <NBK> gebruik nu een PLC van eaton
[20:36:48] <kuuke> quadcoretjes
[20:36:52] <NBK> eaton easy MFD titan oid
[20:37:13] <kuuke> ik denk dat ik binnenkort een pi3 laat komen
[20:37:17] <NBK> maar daar loop je al snel tegen de grensen van het programeren en de oi aan
[20:37:37] <NBK> ding kost 400 euro en heeft dan maar 12 ingangen en 4 uitgangen
[20:37:54] <NBK> 4 van de 12 ingangen zijn wel te gebruiken als 0-10V ingang
[20:38:08] <NBK> had ze over op het werk
[20:38:23] <NBK> best leuk maar maar iets van 16kb aan programma ruimt
[20:38:23] <NBK> e
[20:38:46] <NBK> zag op conrad de controlino staan
[20:39:00] <NBK> dat is een PLC op basis vande arduino
[20:40:41] <NBK> ardiuno kan wel heel leuk zn eigen routines uitvoeren maar voor communicatie met de buitenwereld ben je toch afhankelijk van iets centraals
[20:41:11] <kuuke> en dus een framboos
[20:41:31] <NBK> ja, dat is voor stand alone wel weer een ideaal dingetje
[20:42:00] <NBK> kan het wel via de server doen maar dat is toch een stuk minder betrouwbaar 
[20:44:50] <NBK> zit ik alleen met het probleem dat de arduino die de cv kleppen aan zou moeten sturen niet op de eigen IO over de ruimtetemperatuur beschikt
[20:45:32] <NBK> voor een aan/uit regeling is dat niet zo erg maar als je daadwerkelijk iets met een PID regeling wil doen is dat niet haalbaar
[20:46:15] <NBK> aan/uit kan z'n temperaturen wel via de post berichten van de andere arduino's uit de centrale ophalen
[20:46:22] <NBK> dat is snel zat
[20:46:44] <NBK> kan natuurlijk ook veel sneller gaan refreshen...
[20:47:00] <NBK> iedere ms ipv iedere seconde
[20:47:16] <NBK> dan nog krijg je die 100mbit niet vol :)
[20:49:22] <kuuke> :)
[21:49:10] *** Quits: PjoT (PjoT@sorcery-86v3aj.upc-i.chello.nl) (Quit: )
[21:53:59] <Henk> morrie
[23:56:41] *** Joins: har (har@sorcery-ega3j0.dynamic.ziggo.nl)
[23:56:42] *** ChanServ sets mode: +o har
