[00:15:27] <NBK> http://www.nbkonline.nl/ipcam/Voor/20160429140430ch01.jpg
[00:15:29] <NBK> LOL
[00:15:34] <NBK> betrapt :D
[01:01:27] *** Joins: Grandmasg2 (ik@sorcery-hkpjep.dynamic.ziggo.nl)
[01:02:55] *** Quits: Grandmasg (ik@sorcery-hkpjep.dynamic.ziggo.nl) (Ping timeout: 121 seconds)
[01:02:56] *** Grandmasg2 is now known as Grandmasg
[01:41:19] *** Joins: Grandmasg2 (ik@sorcery-hkpjep.dynamic.ziggo.nl)
[01:43:14] *** Quits: Grandmasg (ik@sorcery-hkpjep.dynamic.ziggo.nl) (Ping timeout: 121 seconds)
[01:43:17] *** Grandmasg2 is now known as Grandmasg
[03:06:23] *** Quits: kuuke (819323@sorcery-ck4ie7.dynamic.ziggo.nl) (Ping timeout: 121 seconds)
[03:06:24] *** Joins: kuuke (819323@sorcery-ck4ie7.dynamic.ziggo.nl)
[03:06:24] *** ChanServ sets mode: +o kuuke
[03:06:26] *** Joins: Grandmasg2 (ik@sorcery-hkpjep.dynamic.ziggo.nl)
[03:07:53] *** Quits: Grandmasg (ik@sorcery-hkpjep.dynamic.ziggo.nl) (Ping timeout: 121 seconds)
[03:07:55] *** Grandmasg2 is now known as Grandmasg
[16:52:17] <NBK> http://www.nbkonline.nl/ipcam/Voor/20160429140430ch01.jpg
[16:52:19] <NBK> :P 
[16:52:23] <NBK> blijft leuk
[17:53:42] *** Joins: PjoT (PjoT@sorcery-86v3aj.upc-i.chello.nl)
[17:53:42] *** ChanServ sets mode: +o PjoT
[19:23:16] <PjoT> avond
[19:35:21] <Grubeater> Rustig zunder Hubertus.
[19:35:53] <PjoT> Willem !
[19:36:23] <PjoT> ja dat is wel de klepaap 
[20:08:53] *** Joins: Borrelnootje (Borrelnootj@sorcery-o3p9ck.dynamic.ziggo.nl)
[20:49:37] <Grubeater> Waar blijven de pinda's, paranoten, cashewnoten, walnoten, hazelnoten en amandelen?
[20:50:03] <PjoT> je vergeet het belangrijkste
[20:50:06] <PjoT> bierrrrrrr 
[20:50:12] <PjoT> zonder bier geen nootjes
[20:51:36] <Grubeater> Heb ik al: https://untappd.com/user/Grubeater/checkin/306921482
[20:55:30] <PjoT> ziet er goed uit 
[20:58:28] <Grubeater> Brand Lentebok.
[21:01:20] <PjoT> perlenbacher
[21:01:28] <PjoT> niks bijzonders
[21:01:37] <PjoT> goedkoop duits bier van de lidl 
[21:01:49] <PjoT> tis koud en smaakt naar bier 
[21:01:55] <PjoT> dus verder prima 
[21:02:53] <Grubeater> Pils is altijd goed.
[21:03:12] <PjoT> vooral duits bier stellen hogere eisen dan hier 
[21:03:54] <PjoT> morgen al weer vrijdag :)
[21:04:03] <PjoT> al is het weekend wel wat kort
[21:04:12] <PjoT> maar er komt een rappe vrijdag achter aan 
[21:07:45] <Grubeater> Werk, Giro, Giro, werk. Zo ziet mijn weekend eruit.
[21:09:48] <PjoT> ah je gaat de giro beloeren
[21:09:51] <PjoT> goed plan
[21:11:12] <PjoT> denk dat het donderdag schuur opruimen gaat worden
[21:26:39] <Grubeater> Zaterdag komen ze aan in Nijmegen en zondag vertrekken ze weer.
[21:34:34] *** Quits: Borrelnootje (Borrelnootj@sorcery-o3p9ck.dynamic.ziggo.nl) (Quit: SorceryNet Kiwi WebChat)
[21:50:10] *** Joins: japio (japio@sorcery-jpr.cmr.33.109.IP)
[21:50:11] *** ChanServ sets mode: +o japio
[21:50:20] <japio> boeh
[21:51:15] <PjoT> Jaap !
[21:51:55] <japio> peter!
[21:52:04] <japio> ken net ff 2e helft zien
[21:54:39] <PjoT> ik moet even wat anders kijken
[21:54:52] <japio> vrouwen dingen?
[21:55:08] <PjoT> joh 
[21:55:10] <PjoT> zou ut?
[21:55:12] <PjoT>  ;)
[21:55:30] <japio> hahah jah nee kwe nie??
[21:55:34] <japio> gok maar wat
[21:55:58] <PjoT> er is er maar 1 die mij van voetbal weg kan houden als ik het zou willen zien 
[21:56:10] <japio> ghegheghe
[21:56:19] <japio> mag ik de stand verraden??
[21:57:38] <PjoT> ja doe maar
[21:58:02] <PjoT> ik ben zeker nog 45min bezig 
[21:58:30] <japio> 1-1
[21:58:41] <japio> en 1e wedstrijd was ook 1-1
[22:06:37] <japio> oownee de heenwedstrijd was 1-0 voor atletico, bayern staat nu met 1-2 achter
[22:06:48] <japio> bayern moet er nu 2 maken
[22:07:18] <PjoT> dat is lastig 
[22:07:48] <PjoT> atletixo heeft in de competitie na 30 ronden pas 16 tegendoelpunten 
[22:07:56] <PjoT> die geven niet veel weg ...
[22:08:37] <japio> jah daarom
[22:08:47] <japio> dit gaat bayern niet redden
[22:09:54] <PjoT> het is wel de meest aanvallende ploeg van europa
[22:10:03] <PjoT> dus tsja
[22:10:21] <PjoT> zou wel een stuntje zijn bayer er uit 
[22:10:31] <japio> jah en het zijn en blijven duitsers
[22:11:28] <japio> jah voral als je bedenkt dat psv 2 keer gelijk speelde tegen atletico
[22:13:33] *** Joins: har (har@sorcery-ega3j0.dynamic.ziggo.nl)
[22:13:33] *** ChanServ sets mode: +o har
[22:13:56] <PjoT> har!
[22:14:06] <japio> har!
[22:14:11] <PjoT> en dat was ook knap van psv
[22:14:24] <har> yo
[22:16:52] <japio> nog 1tje
[22:16:56] <japio> in 15 minuten
[22:25:50] <japio> bayern ligt er uit
[22:25:58] <japio> pingel tegen
[22:26:24] <japio> maar tis er buite en tog wel een pingel
[22:26:50] <japio> keeper houd um
[22:27:02] <PjoT> whoo
[22:27:54] <PjoT> gan gaat de duitsers winnen
[22:27:59] <PjoT> laatste minuut
[22:28:21] <japio> nog 5 minuten  plus de extra
[22:37:04] *** Joins: dipje (japio@sorcery-0f9.m97.32.109.IP)
[22:38:04] *** Quits: japio (japio@sorcery-jpr.cmr.33.109.IP) (Ping timeout: 121 seconds)
[22:38:19] <dipje> klaar
[22:38:26] <dipje> bayern dr uit
[22:38:53] *** dipje is now known as japio
[22:39:12] *** ChanServ sets mode: +o japio
[22:40:43] <PjoT> schokkend
[22:41:21] <japio> nu heb je kans dat het real-atletico wordt
[22:43:49] <PjoT> tsja 
[22:44:06] <PjoT> tis duidelijjk waar de centjes zitten (uk) 
[22:44:17] <PjoT> en waar het voetbal (spanje) 
[22:44:51] <japio> mjah maar daar zitte ook centjes hoor
[22:44:56] <japio> kijk maar naar real
[22:45:02] <PjoT> tuurlijk 
[22:45:29] <PjoT> maar in de uk betaal je al 3miljoen voor een eerste divisie speler
[22:45:47] <japio> alleen bale en ronaldo zijn net zoveel waard al alle spelers in neederland
[22:46:35] <japio> jah en voor 1 die driekwart per jaar op de bank in de hoogste divisie betaal je 6 miljoen
[22:50:09] <japio> zal mij benieuwen of feyenord berghuis nog koopt
[22:55:43] <PjoT> wie zal het zeggen 
[23:04:08] <japio> gudde en van geel
[23:10:08] <PjoT> zelfs dat duo is een vraagteken hoor
[23:10:19] <PjoT> de beker kan ze misschien redden
[23:10:29] <PjoT> maar de miskopen zijn over duidelijk
[23:12:11] <japio> jah klopt maar de geruchten gingen rond dt berghuis misschien zou komen
[23:17:57] <har> Z
[23:18:09] <japio> ooievaar
[23:18:11] *** Quits: har (har@sorcery-ega3j0.dynamic.ziggo.nl) (Quit: )
[23:19:41] <PjoT> jij zit natuurlijk een uurtje vroeger?
[23:19:49] <PjoT> ik moet zo ook gaan
[23:20:02] <japio> jah tis hier nu 20 over 10
[23:20:02] <PjoT> effe nog 1 vrijdag door worstelen
[23:20:14] <japio> morgen woensdag he
[23:20:15] <PjoT> en dan mini weekend
[23:20:28] <PjoT> en dan weer een vrijdag 
[23:20:36] <PjoT> en dan een echt weekend
[23:20:48] <PjoT> met eindelijk redelijk weer
[23:20:53] <japio> jep
[23:21:02] <japio> hier was ut mooi weer vandaag
[23:21:43] <japio> maar ik ga ook zo naar me achterste gedeelte van me kabine
[23:22:11] <PjoT> ben je er morgen avond of moet je dan cruizen?
[23:22:18] <japio> nee ben dr
[23:22:25] <PjoT> oke tot morgen dan 
[23:22:31] <PjoT> gaan we lekker slapen nu 
[23:22:35] <japio> donderdag op vrijdag kroese
[23:22:44] <japio> kee truste peter
[23:23:01] <PjoT> spreek je hopelijk morgen als je wifi hebt
[23:23:10] <PjoT> leuke wedstrijd ook 
[23:23:16] <japio> gewoon op de dongel hoor
[23:23:33] <PjoT> truste !~
[23:23:39] <japio> truste
[23:23:46] *** Quits: PjoT (PjoT@sorcery-86v3aj.upc-i.chello.nl) (Quit: )
[23:23:50] *** Quits: japio (japio@sorcery-0f9.m97.32.109.IP) (Quit: )
