[01:45:18] *** Quits: har (har@sorcery-ega3j0.dynamic.ziggo.nl) (Quit: )
[02:39:11] *** Quits: KompjoeFriek (roel@sorcery-cfeav8.dynamic.ziggo.nl) (Ping timeout: 121 seconds)
[02:40:04] *** Joins: KompjoeFriek (roel@sorcery-cfeav8.dynamic.ziggo.nl)
[02:44:15] *** Quits: KompjoeFriek (roel@sorcery-cfeav8.dynamic.ziggo.nl) (Ping timeout: 121 seconds)
[02:44:59] *** Quits: Grandmasg (ik@sorcery-hkpjep.dynamic.ziggo.nl) (Connection closed)
[02:56:42] *** Joins: KompjoeFriek (roel@sorcery-cfeav8.dynamic.ziggo.nl)
[03:05:15] *** Quits: KompjoeFriek (roel@sorcery-cfeav8.dynamic.ziggo.nl) (Ping timeout: 121 seconds)
[03:15:16] *** Joins: KompjoeFriek (roel@sorcery-cfeav8.dynamic.ziggo.nl)
[05:40:46] *** Joins: Grandmasg (ik@sorcery-hkpjep.dynamic.ziggo.nl)
[08:10:44] <Escovan> mogge apen!
[10:36:36] <Grubeater> Meeste apen werken overdag, vooral vanaf 18:00 tot 21:00 is het druk.
[12:30:35] <Escovan> ok
[12:51:58] <Grubeater> Japio rijdt internationaal en is daardoor soms op donderdags al thuis.
[13:41:18] <Escovan> ok
[13:42:27] <Escovan> Ik werk met overheidssubsidie voor mezelf en de opdrachtgevers die ik mag. Mensen waar ik een verkeerd gevoel bij heb, dien ik niet. Dus soms heb ik een week niets te doen en soms werk ik 24 uur op 1 dag.
[13:43:35] <Escovan> niets te doen == geen verplichtingen ... ik vermaak me wel.
[13:44:25] * Escovan is now listening to: Teske - Rewritten
[13:44:41] <KompjoeFriek> a wild Escovan appeared :o
[13:44:54] <Escovan> hey KompjoeFriek ! :D
[13:44:58] <Escovan> So ...
[13:45:02] <Escovan> we meet again!
[13:45:05] <KompjoeFriek> hehehe
[14:47:15] *** Quits: NBK (NBK@sorcery-uk8bp7.dynamic.caiway.nl) (NickServ (GHOST command used by NBK_alt))
[14:47:17] *** Joins: NBK (NBK@sorcery-uk8bp7.dynamic.caiway.nl)
[14:47:17] *** ChanServ sets mode: +o NBK
[14:48:05] *** Quits: Henk (henk@sorcery-g1ri1e.startdedicated.net) (*.net *.split)
[14:48:05] *** Quits: kuuke (819323@sorcery-ck4ie7.dynamic.ziggo.nl) (*.net *.split)
[14:48:10] *** Joins: Henk (henk@sorcery-g1ri1e.startdedicated.net)
[14:48:10] *** Joins: kuuke (819323@sorcery-ck4ie7.dynamic.ziggo.nl)
[14:48:10] *** shire.sorcery.net sets mode: +o kuuke
[17:41:47] <kuuke> Thuis!
[18:00:35] * Grandmasg me2  
[18:01:06] <Grandmasg> http://www.112fryslan.nl/2016/04/live-grote-vertraging-op-a7-heerenveen/ .. 1 ongeluk en het knooppunt staat weer eens compleet vast
[18:43:58] <kuuke> Gilmer!
[18:44:05] <kuuke> zo, voer is ook al weer naar binnen gewerkt
[18:46:01] <Grandmasg> Huub!
[19:01:50] <Henk> morrie
[19:02:02] <Henk> doei , mag nog even 3 uurtjes techniek doen in 020
[19:55:31] <kuuke> even aan een startport voor ee potentiële stampede zitten sleutelen
[19:55:36] <kuuke> tijd vliegt als je daar mee bezig bent
[19:55:48] <kuuke> zeker als je het dit jaar vermoedelijk alleen kan gaan opzetten
[20:24:22] <kuuke> zo, dat is allemaal gedaan
[20:24:31] <kuuke> even een bakkie yoghurt scoren
[20:36:19] <kuuke> burp
[20:41:21] <kuuke> hmm, Van Vollenhoven gaat zich bemoeien met Dupont
[20:41:37] <kuuke> eindelijk, het onderste molecuul zal boven komen!
[20:50:16] <kuuke> maar ik zit hier weer voor de kat d'r kut te kleppen :P
[20:51:38] *** Joins: japio (japio@sorcery-cfu.d7u.138.31.IP)
[20:51:38] *** ChanServ sets mode: +o japio
[20:51:46] <japio> kiekeboeh
[20:59:15] <kuuke> [20:50:19] <@kuuke> maar ik zit hier weer voor de kat d'r kut te kleppen :P
[20:59:17] <kuuke> jaap!
[20:59:37] <japio> huub
[20:59:58] <japio> jah je was te vroeg dus
[21:01:17] <japio> ik las op FB dat jullie toch mooi wer hadden
[21:01:29] <japio> wer = weer
[21:02:10] <kuuke> ben nauwelijks buiten geweest maar het was idd een zonnig dagje
[21:02:29] <japio> hier was het strak grijs
[21:02:37] <japio> maar wel 15 graden
[21:02:54] <kuuke> maximum temp in Maastricht: 21.5°C, nu nog steeds 16.9°C
[21:03:01] <japio> soow
[21:03:17] <japio> nee dat haalde ik hier net
[21:03:20] <kuuke> via de webcam gezien het het Onze Lieve Vrouwe Plein in Maastricht stampvol zat
[21:03:28] <kuuke> allemaal volk dat niet hoefde/wilde werken
[21:03:28] <japio> hier was het truien weer
[21:03:38] <japio> hahahaah
[21:03:50] <japio> beroeps WWers
[21:03:56] <kuuke> morgen nog 18 zeggen ze en dan gaat het af naar 13 eind van de week
[21:04:09] <kuuke> en veel studenten die geen zin in collega hadden vermoed ik
[21:04:17] <kuuke> het was rokjesweer
[21:04:23] <japio> mmmm
[21:04:38] <kuuke> heb nog een stel superbeentjes gezien toen ik naar huis fietste :)
[21:04:46] <japio> gheghe
[21:04:55] <japio> laar yun het maar niet horen
[21:05:36] <japio> en waaien doet het hier ook
[21:06:52] <japio> !weater preston
[21:07:12] <japio> !w preston
[21:07:13] <CloudBot> (japio) Preston is My Paris Publishing (PPP) is a photography-based project that creates publications, site-specific installations, live events, digital applications, education, writing, talks and workshops. :: https://en.wikipedia.org/wiki/Preston_is_My_Paris
[21:07:26] <japio> ooow
[21:07:49] <japio> !w preston UK
[21:07:49] <CloudBot> (japio) Preston is a constituency represented in the House of Commons of the UK Parliament since 2000 by Mark Hendrick, a member of the Labour Party and of the Co-operative Party. :: https://en.wikipedia.org/wiki/Preston_%28UK_Parliament_constituency%29
[21:08:02] <japio> ooow
[21:08:33] <japio> maar ons wolkenbentje doet geen buitenlands wer dus
[21:10:39] <kuuke> ligt eea kantoortje van een sociale organisatie
[21:10:46] <kuuke> werken wel meer goeduitziende dames
[21:10:59] <kuuke> modieus volk
[21:11:34] <japio> gheghe ik kwam vandaag bij een adres (laaste tijd elke wek)
[21:12:07] <japio> zegt dat meisje ineens ...eeey ik zie je nu elke week je bent hier bijna meer dan ik hier ben
[21:12:17] <kuuke> lol
[21:12:53] <japio> en dat was idd het knapste meisje dat daar rondloopt en ik herinner me dat ik een paar weken terug ook een tijdje met haar kletste
[21:13:05] <japio> heel vroelijk vrouwtje van rond de 30
[21:13:12] <japio> vrolijk ook
[21:23:49] <kuuke> nog even een beetje tikken en dan snurkjes doen
[21:24:07] <japio> oke
[21:24:14] <japio> ik mag nog ff opblijven
[21:24:23] <japio> morgen om half 9 beginnen7
[21:24:55] <japio> aaah de training is afgelopen de lichten ginen uit
[21:26:05] <kuuke> oeps
[21:26:11] <kuuke> ik flikker een plugin van de site af
[21:26:20] <kuuke> database krimpt ineens van 33.3 Mb naar 25,7 Mb
[21:26:21] <japio> is dat slim?
[21:26:28] <kuuke> jup\niet meer nodig
[21:29:44] <japio> ik ga dr us een hertog jantje open trekken
[21:30:23] <kuuke> doe dat
[21:31:53] *** Joins: PjoT (PjoT@sorcery-86v3aj.upc-i.chello.nl)
[21:31:54] *** ChanServ sets mode: +o PjoT
[21:32:01] <kuuke> aha
[21:32:02] <PjoT> avond
[21:32:03] <kuuke> issie dan toch
[21:32:05] <kuuke> Peter!
[21:32:09] <japio> peter!
[21:32:12] <kuuke> de kascontrole overleeft?
[21:32:16] <PjoT> de kas 2015 is weer goedgekeurd
[21:32:20] <kuuke> \0/
[21:32:28] <kuuke> daar drinken we er eentje op :)
[21:32:29] <japio> zat er nog wat in dan
[21:32:38] * kuuke gaat even een sjokomellie bereiden 
[21:32:38] <PjoT> mogen ze over 14dagen op de alv vertellen
[21:32:51] <PjoT> ff nog een uurtje zitten en dan lekker pitten 
[21:32:52] <kuuke> zal wel de laatste van dit seizoen zijn, bus is nagenoeg leeg
[21:33:22] <PjoT> ga je een nieuwe bus halen ;)
[21:34:43] <japio> bus sjokomellie??
[21:35:41] <japio> arme sparta
[21:35:46] <PjoT> ?
[21:35:50] <PjoT> achter ?
[21:35:53] <PjoT> kan niet kijken 
[21:35:58] <PjoT> de baas heeft de tv
[21:36:03] <japio> zijn ze bijna kampioen maar de laatste winst kenne ze niet pakken
[21:36:12] <japio> 1-1 nu
[21:37:15] <PjoT> mooi
[21:37:53] <PjoT> van mij mogen ze verliezen
[21:38:00] <japio> jah
[21:38:03] <japio> wrom
[21:38:18] <PjoT> directeur had vandaag de kn vlaggen laten vervangen naar sparta vlaggen 
[21:38:20] <PjoT> lol
[21:38:40] <PjoT> dus als echte feyenoord fan ....
[21:38:46] <japio> hahahahahahahah
[21:38:47] <PjoT> kan ik er wel om lachen 
[21:39:13] <japio> maar ze staan nu 8 punten voor op nummer 2
[21:39:35] <japio> moeten en minimaal 10 zijn om nu te zeggen dat ze kampioen zijn
[21:39:57] <PjoT> zijn nog een hoop gelijke spelen ;)
[21:40:08] <japio> jah klopt
[21:40:25] <japio> maar ze kunnen ook 3 keer verliezen en dan is vvv kampioen
[21:40:35] <PjoT> zou briljant zijn
[21:40:44] *** Joins: har (har@sorcery-ega3j0.dynamic.ziggo.nl)
[21:40:44] *** ChanServ sets mode: +o har
[21:40:49] <kuuke> gaat lekkel
[21:40:56] <kuuke> bus sjokomellie-poeder is leeg
[21:41:04] <japio> sjit
[21:41:11] <har> oioi
[21:41:16] <japio> heb hier nog wel een sjokkmellie voor je
[21:41:20] <kuuke> had een grtis cup voor de nespresso met hee in ipc koffie
[21:41:23] <kuuke> die gemaakt
[21:41:24] <kuuke> bah
[21:41:27] <japio> mogguh har
[21:41:32] <kuuke> ruft naar stimorol :)
[21:41:43] <japio> gatver
[21:41:44] <PjoT> har!
[21:41:47] <kuuke> dus dan maar een gewone espresso gemaakt
[21:41:52] <kuuke> harie!
[21:42:02] <har> harie?
[21:42:06] <Grubeater> Mogge.
[21:42:07] <kuuke> juh
[21:42:08] <kuuke> jij
[21:42:10] <har> oh
[21:42:14] <japio> willem
[21:42:17] <har> huip!
[21:42:18] <kuuke> oud-limburg voor har
[21:42:19] <PjoT> hallie kan ook dat is dan op zijn chinees
[21:42:22] <kuuke> Willem!
[21:42:28] <har> jaap
[21:42:30] <kuuke> nee, huib kennen ze in limburg niet
[21:42:31] <PjoT> willem!
[21:42:32] <har> peet
[21:42:40] <kuuke> oud-limburgs voor Huub is Bèr
[21:42:53] <kuuke> :)
[21:42:58] <PjoT> petel eh we doen het zijn chinees 
[21:43:04] <kuuke> gheghe
[21:43:24] <kuuke> Xuan staat mee te lezen en ik zie aan die kleine oogjes van d'r dat ze er helemaal niks van begrijpt :P
[21:43:46] <PjoT> geweldig en ik doe juist mijn beste chinees
[21:43:49] <japio> tssss een chineese vrouw die gen chinees kan
[21:43:56] <japio> das strak
[21:44:05] <har> de gloeten van Hally
[21:44:31] <PjoT> bieltje el bij?
[21:45:48] <japio> ooow dr is een kleine verandering in de stand bij sparta
[21:46:01] <kuuke> Xuan beheerst de rrrrrr perfect voor
[21:46:02] <japio> in minuut 82 en 86 scoren ze
[21:46:04] <kuuke> veel beter dan Yun
[21:46:10] <kuuke> die heeft er de grootste moeite mee
[21:46:11] <japio> staat nu 3-1 voor sparta
[21:46:16] <PjoT> zow
[21:46:21] <PjoT> das balen
[21:46:31] <japio> nee ballen
[21:47:29] <japio> ik wordt vannacht in slaap gewiegt
[21:47:41] <japio> ut woeit hier pittig
[21:47:51] <PjoT> waar sta je dan?
[21:48:08] <japio> op me ouwe stekkie in skermerdele
[21:48:27] <PjoT> +3min
[21:48:27] <japio> das un km of 30 boven liverpool
[21:48:42] <PjoT> ah liverpool 
[21:48:48] <PjoT> die andere plek zegt me niks
[21:49:03] <PjoT> nog 1 minuut
[21:49:13] <PjoT> dit kan niet meer fout 
[21:49:15] <PjoT> helaas
[21:49:36] <japio> is toch een rotterdamse club
[21:49:54] <PjoT> niet mijn rotterdam
[21:50:51] <PjoT> hahaha de pit invasion
[21:50:58] <PjoT> publiek het veld op 
[21:51:04] <PjoT> ze worden half uit gekleed
[21:51:19] <japio> had ff een niet slim momentje
[21:51:31] <japio> was aan het tiepe maar muis stond op tv
[21:51:43] <japio> ff instellingen veranderd
[21:51:48] <japio> magoe hij doet ut wer
[21:51:58] <PjoT> dat mag hoor op een maandag avond
[21:52:10] <japio> jah ne euh liever niet
[21:52:23] <har> https://www.youtube.com/watch?v=ircTCHl53nQ
[21:52:28] <har> cnc porno
[21:52:53] <japio> maar gewoon in midden engeland met een 56 cm brede schotel hd tv kijken
[21:52:56] <har> alleen wij leveren dit merk niet
[21:53:03] <japio> wat volgens de kenners niet kan
[21:53:20] <kuuke> idd pure cnc porn!
[21:55:11] *** Joins: dipje (japio@sorcery-cqk.j9u.137.31.IP)
[21:55:20] <har> https://www.youtube.com/watch?v=rTT5N4hL9X8&nohtml5=False
[21:55:23] <PjoT> krijg je dus wel spontaan een dipje van
[21:55:26] <har> deze leveren wij
[21:55:30] <dipje> mmmmm lag er ff uit dus
[21:55:38] <har> mag ik donderdag heen
[21:55:52] <dipje> ow donderdag naar dormagen
[21:56:14] <har> ja
[21:56:28] <dipje> hoelang moest je dar blijven
[21:56:58] <har> vrijdagmiddag weer naar huis
[21:57:05] *** Quits: japio (japio@sorcery-cfu.d7u.138.31.IP) (Ping timeout: 121 seconds)
[21:57:28] <har> 2 dagen met koreanen zitten
[21:57:47] <PjoT> vlaggetje mee
[21:57:53] <PjoT> veel knikken
[21:58:08] <dipje> fototoestel mee?
[21:58:17] <PjoT> 2 handjes het visite kaartje aanpakken 
[21:59:07] <har> ghe
[21:59:35] <kuuke> en niet de stokjes opvreten hè
[21:59:36] <har> ik heb geneens kaartjes
[22:00:10] <har> skraal
[22:00:14] <kuuke> krijg van de week nieuwe
[22:01:04] <har> mja ik heb er nog een hele zooi oude
[22:13:44] <kuuke> nog ssn stukkie mocca ijstaart en dan ga ik maar eens gestrekt
[22:16:18] <dipje> alvast truste huub
[22:17:38] <PjoT> truste kuuke
[22:17:54] <kuuke> fortuna verloren
[22:18:03] <kuuke> ik lees nog niks over knokpartijen
[22:18:06] *** Quits: CloudBot (Cloudbot@sorcery-hkpjep.dynamic.ziggo.nl) (Connection closed)
[22:18:08] <kuuke> vorig jaarwas het gruwelijk raak
[22:18:11] <dipje> aah
[22:18:15] *** Joins: CloudBot (Cloudbot@sorcery-hkpjep.dynamic.ziggo.nl)
[22:46:27] <har> exit.....
[22:46:34] <har> lato0r
[22:46:44] *** Quits: har (har@sorcery-ega3j0.dynamic.ziggo.nl) (Quit: )
[23:01:12] <dipje> jah ik ga me kussen ook knuffelen
[23:01:18] <dipje> ik eg truste
[23:01:27] <PjoT> truste
[23:01:32] <PjoT> ik ga ook
[23:01:35] *** Quits: PjoT (PjoT@sorcery-86v3aj.upc-i.chello.nl) (Quit: )
[23:01:49] <dipje> morgen schijnt het weer ook iets minder te worden
[23:01:57] *** Quits: dipje (japio@sorcery-cqk.j9u.137.31.IP) (Quit: )
