[00:00:17] <har> Tjuus
[00:00:21] <japio> ik begin morgen pas om 2 uur
[00:00:25] *** Quits: har (har@sorcery-ega3j0.dynamic.ziggo.nl) (Quit: )
[00:00:26] <japio> ooievaar
[00:00:55] <japio> ik moet zeggen dat ik van de week toch best wat uren gemaakt heb
[00:01:22] <japio> ik vertelde de planner dat het niet goed komt dat als ik alleen naar engeland ga
[00:01:46] <japio> kost me per week toch 2 keer 8 werkuren
[00:01:59] <japio> dat zag hij idd toch ook in
[00:10:08] <japio> tis bijna bedtoit
[00:12:25] <NBK> bijna
[00:12:31] <NBK> ik ga ook zo
[00:12:36] <NBK> truste alvast :)
[00:12:40] <japio> jah
[00:12:58] <japio> moet wel zeggen dat het nog maar kwart over 12 is
[00:13:25] <japio> van vrijdag op zaterdag ook op de boot
[00:13:49] <japio> ik ging om 10 uur naar me bed en de wekker ging pas om 8 uur
[00:13:59] <japio> 10 uur geslapen
[00:14:18] <japio> gister ook vanaf 1 uur tot 10 uur geslapen
[00:14:29] <japio> nu ook
[00:14:48] <japio> ik ga zo slapen en me wekker gaat pas om 9 uur af
[00:15:10] <japio> dan van 2 uur tot un uur of 10 savonds werken
[00:15:44] <japio> dan dinsdag eerst 3 kut adressen en daarna gewoon niks aan de hand adressen
[00:18:07] <japio> magoe
[00:18:14] <japio> ik zeg truste
[00:38:08] <NBK> http://www.telegraaf.nl/telesport/voetbal/buitenlands/25798890/__Gigantische_blunder_bij_ManUtd__.html
[00:38:11] <NBK> LOL
[00:38:14] <NBK> en nu pitten
[06:10:02] <kuuke> Mogge!
[07:13:42] <Grandmasg> Avond!
[07:22:55] <kuuke> Gilmer!
[07:28:32] <kuuke> zat even een review op tweakers te lezen over hele goedkope tablets
[07:31:41] <Grandmasg> Huub!
[07:33:11] <kuuke> we moeten weer vandaag :)
[07:33:39] <Grandmasg> oh ?
[07:34:05] <Grandmasg> straks ff de markt over en dan verder met de voorbereidingen 
[07:34:13] <kuuke> markt?
[07:34:18] <kuuke> hier is alles doods vandaag
[07:34:19] <kuuke> mja
[07:34:23] <kuuke> woonbouevards enzo
[07:35:25] <kuuke> ben een artikeltje aan het tikken over het gelijk van einstein
[07:35:31] <kuuke> mijn pulse moet omhoog
[07:35:46] <Grandmasg> http://www.tractorfan.nl/agenda/2579/skoattermerke-met-paardenmarkt-2016/
[07:35:59] <kuuke> heb ondertussen weer 4 ordners vol met materiaal staan waar ik iets mee wil gaan doen
[07:36:05] <kuuke> aha, paardenmarkt enzo
[07:36:29] <Grandmasg> zoiets + meer .. :)
[07:36:39] <kuuke> knollen kijken :)
[07:37:08] <Grandmasg> oh ook konijn en kippen .. andere vogels 
[07:37:45] <Grandmasg> en dan nog een bult kraampjes met rommel en gereedschap en telefoon hoesjes ..etc
[07:38:02] <kuuke> braderie/jaarmarkt/etc
[07:38:09] <Grandmasg> :)
[07:38:31] <Grandmasg> jaarlijke paling rookwedstrijd
[07:38:51] <kuuke> oe, nais
[07:45:47] <kuuke> als het droog blijft vanmiddag maareens de tuin in en het gevecht aangaan met het oprukkende onkruid
[07:46:00] <Grandmasg> :) 
[07:55:38] <kuuke> het was me gisteren te koud
[08:14:28] <kuuke> http://www.volkskrant.nl/binnenland/rotterdammers-kunnen-de-trap-beklimmen-naar-dak-groot-handelsgebouw~a4301540/
[08:14:34] <kuuke> PjoT heeftweer wat te klauteren
[08:14:37] <kuuke> goed voor zjn conditie
[10:03:42] <kuuke> mooi, gistren toch een 17K gescoord @ wcg
[10:24:31] <japio> jajajajajajajajaj
[10:24:37] <japio> G-aap
[10:35:37] *** Joins: har (har@sorcery-ega3j0.dynamic.ziggo.nl)
[10:35:37] *** ChanServ sets mode: +o har
[10:36:15] <har> morrie
[10:36:22] <kuuke> mogge har
[10:36:25] <kuuke> moggeJaap
[10:39:30] <har> oi huub
[10:41:06] <japio> mogguh huub
[10:41:09] <japio> mogguh har
[10:43:22] <har> oi japio
[10:43:32] <har> ff doucheren
[10:43:42] <har> de meiden zo naar zaandam brengen
[10:44:25] <kuuke> jij raakt die meiden ooknooit kwijt hè
[10:44:36] <kuuke> je brengt ze iedere dag weg maar ze komen blijkbaar ook steeds weer terug
[10:46:48] <japio> jah je zou op een gegeven moment zeggen, ik breng jullie weg maar ik haal je niet meer op
[10:49:17] <kuuke> mja, hij gaat de meiden maar zelden ophalen hoor
[10:49:47] <japio> ooowjee.. lees net het bericht van Har.... max heeft de race niet op eigenkracht gewonnen, hij is betrapt op het gebruik van een hulpmotortje van zo'n 850 pk, omstanders melde dat dit duidelijk hoorbaar was
[10:50:12] <kuuke> blijf vandaag maar weg van smoelenboek
[10:50:15] <kuuke> 99% max
[10:50:19] <japio> hahaha
[11:10:37] <kuuke> en toen was het weer stil
[11:10:44] <kuuke> PjoT is zeker toch aan het overwerken
[11:10:59] <kuuke> mevrouw de manager is 'm persoonlijk op komen halen vanochtend
[11:21:43] <kuuke> :)
[11:21:51] <kuuke> hij spreekt het niet tegen hier dus het is zo
[11:21:59] <kuuke> hoe laat moet je weg Jaap?
[11:28:36] <japio> uur of half 2 vanmiddag
[11:28:42] <japio> ff buiten
[11:43:45] <japio> 1 oor zit een beetje dicht aan de binnenkant
[11:43:56] <japio> geeft een onevenwichtig gevoel
[11:44:27] <kuuke> hmm
[11:44:32] <kuuke> even uitspuiten
[11:44:54] <japio> ik krijg er aan de buitenkant niets uit
[11:45:07] <japio> maar idd ik laat ze elk jaar ff uitspuiten
[11:46:21] <japio> en elk jaar weer, nou ik zie eigenlijk weinig tot niets hoor, het hoeft niet..... wederom na lang aandringen van mevrouw doe nou maar wel..... goh er zat meer in dan ik dacht
[11:46:26] <japio> nu al 5 jaar op rij
[11:46:55] <japio> tis niet dat ik er een moestuin mee kan bemesten maar ut voelt gewoon lekkerder aan
[11:46:55] <Escovan> gheh, mijn lief heeft allergieën en die moet soms wel 3x per jaar.
[11:47:22] <japio> mjah normaalgesproken moet het er vanzelf uitvallen
[11:47:27] <japio> maar niet bij iedereen
[11:48:16] <japio> maar ik laat het meestal ff bij me apk doen(bloedprikken enzo)
[11:48:52] <Escovan> ¨ja tis nog steeds rood, u gaat nog niet dood¨
[11:49:11] <japio> hahahahaha lekker dan
[11:49:15] <kuuke> niks jaarlijkse apk
[11:52:23] <japio> gosh das zonde... beroemde gele gitaar van prince gaat onder de hamer, ze kenne um toch op markplaats zetten ipv hem stuk te slaan...
[11:55:04] <Escovan> :P
[12:11:17] <kuuke> hmm, met dat goedkopere 1 core antagonist pakketje kan ik zo te zien niks
[12:11:27] <kuuke> geschikt voor websites met ongeveer 40.000 bezoekers per maand
[12:11:39] <kuuke> mja, als ik dat doe is de rek er al meteen uit
[12:11:51] <kuuke> dan hup door naar de duurdere variant
[12:36:52] <japio> mmm nog steeds file bij de belgisch/franse grens
[12:37:00] <japio> dus nog steeds controlle daar
[12:37:14] <japio> magoe verder dan daar hoef ik vandaag toch niet
[12:37:26] <japio> morgen daar op een 5 km vandaan beginnen
[12:40:31] <kuuke> die controleblijft
[12:40:38] <japio> jah lijkt wel
[12:40:54] <kuuke> kan je geen andere kleinere overgang nemen waar ze niet controleren?
[12:40:59] <japio> zouden ze door hebben dat die gassies daar echt niet in een file gaan staan
[12:41:32] <japio> nee, maar daar is ook een grote parking waar ik kan overnachten
[12:42:03] <japio> ik eet strakkies om 6 uur wel ff bij joost trucking aan de ned/bel grens
[12:42:26] <japio> dan daarna ist nog un kleine 3 uurtjes
[12:42:49] <japio> ik denk rond half 10 / 10 uur daar stil te staan
[12:46:59] <kuuke> k
[12:47:03] <kuuke> ik ben even naar de kapper
[12:47:11] <kuuke> laters
[12:54:19] <japio> kee
[13:13:57] *** Joins: PjoT (PjoT@sorcery-86v3aj.upc-i.chello.nl)
[13:14:02] *** ChanServ sets mode: +o PjoT
[13:14:11] <PjoT> middag
[13:17:14] <japio> peter!
[13:21:56] <PjoT> hoi Jaap 
[13:22:13] <PjoT> moet je strakjes nog gaan rijden?
[13:22:19] <PjoT> ben het effe kwijt
[13:23:30] <japio> jep me toet toet heb ik net geladen en ben met 2 minuten weg
[13:23:43] <japio> jij was gister ook de grote afwezige
[13:24:07] <PjoT> zitten genieten van max
[13:24:14] <japio> gheghe
[13:24:18] <PjoT> en al de na beschouwingen 
[13:24:22] <japio> nagels weg nu??
[13:24:27] <japio> was mooi he
[13:24:32] <PjoT> ja schitterend
[13:24:48] <PjoT> maar goed 
[13:24:53] <PjoT> stuurze  
[13:25:01] <PjoT> hoor je van de week wel weer ergens ;)
[13:25:07] <japio> jah ik doe um uit en ga ff rondje rijden
[13:25:25] <japio> mjah ik denk niet dat het vanavond laat wordt met rijden
[13:25:33] <japio> tot de belg/franse grens
[13:25:49] <japio> magoe prettige dag nog, ik ben dr ff weg van
[13:25:54] <japio> ooievaar
[13:25:54] <PjoT> laters
[13:25:59] *** Quits: japio (Japio@sorcery-gvcm7d.adsl-surfen.hetnet.nl) (Quit: Geen paniek, Ik drukte op het verkeerde kruisje..)
[13:26:59] <kuuke> hop, rust
[13:27:02] <kuuke> Peter!
[13:27:08] <kuuke> ik ga even badderen
[13:27:11] <kuuke> tozo
[13:27:22] <kuuke> ow nee
[13:27:29] <kuuke> eerst lunsen zegt e baas
[13:28:21] <PjoT> Huub !
[13:28:30] <PjoT> en ja de baas heeft altijd gelijk
[13:32:08] <kuuke> heb wel trek in een bakkie chinese nasi
[13:32:23] <PjoT> oe
[13:32:31] <PjoT> doe mij ook een bakkie :)
[13:32:40] * kuuke beamt de bestelling door naar beneden 
[13:32:48] <PjoT> lol
[13:32:50] <PjoT> dank je 
[13:33:05] <PjoT> denk alleen dat de bezorging even op zich laat wachten
[13:33:21] <PjoT> denk dat ik zo maar een uitsmijtertje moet gaan maken 
[13:33:25] <PjoT> als alternatief
[13:33:52] <kuuke> oesterzwammen, losgeklopt ei, reepjes vlees en rijst
[13:34:03] <kuuke> en daar een swikkie kruiden en sambal dooe
[13:34:07] <kuuke> allemaal restjes
[13:35:18] <PjoT> simpel maar o zo lekker
[13:35:43] <kuuke> de sambal en de ketjap doe ik er zelf wel bij
[13:35:52] <PjoT> :)
[13:38:09] <PjoT> ow het worden hier pita's met kaas en jam 
[13:38:44] <kuuke> meteen maar eventjes een blik saporro koudgelegd voor vanavond
[13:38:58] <kuuke> blikje 1 klokte wel lekker weg
[13:39:14] <PjoT> ik ken het niet , maar geloof je meteen 
[13:39:23] <kuuke> Japanse pils
[13:40:21] <PjoT> lijkt mij helemaal geen bier land
[13:40:39] <kuuke> geen idee eigenlijk
[13:41:05] <kuuke> brouwerij is dal dik 100 jaar oud zeggen ze
[13:41:17] <kuuke> 1876
[13:41:27] <kuuke> zullen wel Duitsers zjn geweest net zoals in China
[13:41:45] <PjoT> of tsjechen
[13:42:38] <PjoT> uit plizen 
[13:43:08] <kuuke> Sapporo Breweries Limited (サッポロビール株式会社 Sapporo Bīru Kabushiki-gaisha?) is a Japanese brewery founded in 1876. It is the oldest brand of beer in Japan. It was first brewed in Sapporo, Japan in 1876 by the German-trained brewer Seibei Nakagawa
[13:43:20] <kuuke> duitsers
[13:43:35] <PjoT> haha 
[13:43:43] <PjoT> goeie gok van je 
[13:43:50] <kuuke> :)
[14:03:09] <kuuke> maar nu ga ik toch eerst even badderen
[14:03:16] <kuuke> losse haartjes wegspoelen enzo
[14:03:51] <PjoT> badderze
[14:17:28] *** Quits: NBK (NBK@sorcery-uk8bp7.dynamic.caiway.nl) (Connection closed)
[14:17:30] *** Joins: NBK (NBK@sorcery-uk8bp7.dynamic.caiway.nl)
[14:17:30] *** ChanServ sets mode: +o NBK
[14:20:50] <kuuke> zo,dat was weer lekker
[14:20:52] <kuuke> Walter!
[14:21:54] <har> re
[14:26:22] <kuuke> en...?
[14:36:06] <har> ja
[14:36:12] <har> zaandam was er nog
[14:37:34] <kuuke> :)
[14:40:01] <har> ff een site updaten
[14:40:11] <har> mijn vrijwilligerswerk
[14:43:09] <kuuke> k
[14:43:17] <kuuke> krijg een dippie
[14:45:26] <PjoT> truste
[14:54:46] <kuuke> nee, ga niet gestrekt
[15:29:37] <kuuke> wil proberen nog een sterrenbeeldje te doen vandaag
[15:29:46] <kuuke> de rest van de week komt het er toch niet meer van
[15:32:16] <kuuke> zijn nog een 7 A4-tjes
[15:53:28] <har> zo sit is weer up to date
[15:53:40] <har> site ook
[15:56:42] <kuuke> mooi
[16:50:35] <kuuke> uitbreidingsunit voor de synology kost nog steeds een slordige 400 eurootjes :|
[17:58:05] <kuuke> mja, misschien krijg ik die met de overuren bij elkaar verdiend :)
[18:00:34] <Henk> morrie
[18:00:42] <Henk> einde wekeend
[18:03:18] <kuuke> henkie!
[18:07:31] <Henk> hubbie
[18:15:22] <kuuke> De politie in Chicago is op zoek naar Sinead O'Connor. De 49-jarige zangeres wordt vermist en de politie is bezorgd dat ze zelfmoord wil plegen, meldt showbizzsite TMZ. 
[18:15:24] <kuuke> zou wat zijn
[18:15:33] <kuuke> hop, de stekkert eruitbij die meid
[18:16:06] <Henk> ik ben bij The Wall geweest waar zij Mother song, wat een megageweldige uitvoering was dat. 
[18:16:19] <kuuke> zingen kan ze wel
[18:16:20] <Henk> zingen kan ze dus echt wel, maar verder totaal geflipt
[18:16:24] <kuuke> maar verder is het een wrak
[18:16:57] <Henk> hmm ziggo zakelijk komt met 500/500mbits en 750/750mbits
[18:17:04] <Henk> begint erg interessant te worden
[18:17:23] <Henk> zoda 1gbits/1gbits mogelijk is ga ik thuis hosten
[18:17:53] <kuuke> sja
[18:18:18] <kuuke> ik merk dat de ping naar huis toe langzaam is
[18:18:44] <Henk> ow? 
[18:18:44] <kuuke> las overigens bij antagnist dat ik beter niet voor een single core hosting kan gaan
[18:19:00] <kuuke> single core is geschikt voor websites tot 30.000 bezoekers per maand
[18:19:06] <kuuke> als vuistregeltje
[18:19:15] <kuuke> ehmm
[18:19:21] <kuuke> 40.000
[18:19:28] <kuuke> 30.000 heb iker al met kuuke.nl
[18:19:36] <kuuke> 30.000-35.000
[18:19:40] <Henk> nice
[18:22:14] <Henk> http://prntscr.com/b4r8y1
[18:23:34] <Henk> ik ga mijn spullen pakken en met de pruttelbak naar 020. tot morgen fijne avond verder
[18:23:37] <Henk> o/
[18:25:05] <kuuke> doei
[20:47:28] <kuuke> hmm, wat heeft dumoulin aan zit poepert? Zit met antibiotica te smeren, draagtgeen ondergoed etc
[20:57:34] <kuuke> nah zeg, de kuuke monologen :D
[20:58:33] <BaDu> wat vele wielrenners hebben : een kaport zitvlak
[20:58:37] <BaDu> kapot ook
[20:58:43] <kuuke> Bas!
[20:58:46] <BaDu> Huub!
[20:58:51] <kuuke> hoe was het in Belgrado?
[20:58:59] <BaDu> goed te doen
[20:59:11] <BaDu> flinke afsp[raken kunnen maken
[20:59:20] <BaDu> nu kijken of ze waar gemaakt worden
[20:59:46] <BaDu> weer was redelijk 20-22 graden en bewolkt, af en toe een buitje
[20:59:48] <kuuke> mooi
[21:00:10] <kuuke> hm,, zou dat wat zijn? die boldking scheermesjes van de reclame?
[21:00:21] <kuuke> abonnementtsmodel, je krijgt ze periodiek thuisgestuurd
[21:00:23] <BaDu> goeie vraag, geen idee
[21:00:33] <BaDu> ik zag dat gilette er ook me begint
[21:01:26] <kuuke> mesjes worden gerecycled, je kan ze per 12 in ee doosje retourneren enzo
[21:02:25] <kuuke> url eens noteren
[21:02:39] <kuuke> benover een paar maanden door mijn voorraad gilette heen
[21:02:51] <kuuke> ik doe voglens gilette veel en veel te lang met een mesje :)
[21:02:55] <BaDu> http://www.gillette.nl/nl-nl/Gillette_NL/Experience%20Main%20Section/gillette%20shave%20club
[21:02:58] <BaDu> net als ik
[21:03:07] <kuuke> klik
[21:04:08] <kuuke> om de twee weken wisselen?
[21:04:19] <kuuke> hmm, ik doe 4-6 weken met een mesje
[21:04:43] <BaDu> en ik scheer maar een maal per week
[21:04:52] <kuuke> nee, dat moet ik niet doen
[21:05:01] <BaDu> doe gemiddeld iets van 8 weken met een mesje oid
[21:05:01] <kuuke> kom ik er met een mesje niet meer doorheen
[21:05:58] <BaDu> :)
[21:06:05] <kuuke> lekker goedkoop
[21:06:09] <BaDu> zeker
[21:06:18] <BaDu> ik kan echt een jaar doen met 5-6 mesjes
[21:06:44] <kuuke> heb nog een zooi wilkinson liggen, eens via ibood laten komen
[21:06:49] <kuuke> die doen het ook wel
[21:08:19] <BaDu> kan je nog wel even voorruit dus
[21:08:28] <kuuke> jup, echt wel
[21:08:51] <BaDu> sorry -r daar ergens
[21:13:07] <BaDu> zow mn hoogspanningsnetkaart in leaflet begint ergens op te lijken
[21:13:25] <BaDu> http://netkaart.basvanduijnhoven.nl/webkaart/v01/
[21:16:34] <kuuke> hmm
[21:16:58] <kuuke> geen hoge spanning in zuidelijk limbabwe :)
[21:17:11] <BaDu> nop
[21:17:17] <BaDu> maasbrascht
[21:19:44] <kuuke> de centrale ligt plat
[21:20:17] <kuuke> maar RWE wil daar wel weer iets gaan doen, hebben vergunningen aangevraagd
[21:21:38] <kuuke> ow, kan lekker inzoomen op die kaart voor veel meer details
[21:21:59] <BaDu> yup
[21:22:20] <BaDu> op een gegeven moment komen ook de hoogspanningsmasten in beeld
[21:22:26] <kuuke> ik zie het
[21:22:27] <kuuke> leuk!
[21:23:15] <BaDu> :D
[21:23:33] <BaDu> de symbooltje daarvan zijn me net nog iets te groot
[21:23:42] <BaDu> maar dat een klein iets 
[21:25:26] <kuuke> ik vind het wel geinig
[21:30:18] <BaDu> er moet nog heel veel info in de databse gevoegd worden
[21:30:34] <BaDu> maar het skelet is er en werkt prima
[21:30:56] <kuuke> zoiets bestaat nog helemaal niet?
[21:31:13] <BaDu> niet in deze gedailleerde vorm
[21:31:28] <BaDu> Tennet heeft een papieren/pdf kaart
[21:31:33] <kuuke> zelgs Tennet heeft dat niet?
[21:31:41] <kuuke> kan je nog een slaatje uitslaan :)
[21:31:42] <BaDu> Elia (belgie) heeft er ook een op papier /pdf
[21:31:52] <BaDu> we krijgen verzoeken zat
[21:32:02] <BaDu> maar het is een non-profit
[21:33:51] <kuuke> wven goed leuk om te maken
[21:33:51] <BaDu> Op alle HoogspanningsNet Netkaart is het Creative Commons BY-NC-ND-copyright van toepassing, voor zover dat niet conflicteert met de bovenliggende licentie van Google Earth en Leaflet. Ons logo en de door ons gehanteerde stijl van de spanningspictogrammen (de rechthoeken met overshoot) blijven voorbehouden aan HoogspanningsNet. Voor niet-commercieel gebruik is het altijd vrij toegestaan de 
[21:33:51] <BaDu> Netkaart voor eigen gebruik te downloaden en te gebruiken waarvoor men maar wil, zolang dit geen strafbare feiten betreft. Voor commercieel gebruik (zie onze licentie) dient men contact op te nemen met ons, maar commerciële toepassing ontraden we sterk. Eigenhandige verandering van deze kaarten is altijd toegestaan voor eigen gebruik, maar doorverspreiden van een veranderde editie is uitdrukkelijk 
[21:33:51] <BaDu> NIET toegestaan omdat wij dan niet langer borg kunnen staan voor het product. Het is ook niet toegestaan om een download te ontdoen van ons embleem of van de verwijzing naar deze disclaimer.
[21:34:35] <BaDu> de kaart in een browser op leaflet is een beta-product
[21:34:39] <BaDu> in ontwikkeling
[21:34:53] <BaDu> maar het gaat wel makkelijk in leaflet
[21:35:10] <BaDu> de officiele kaart draait op google earth
[21:38:26] <kuuke> okay
[21:38:45] <kuuke> hmm, de zwemvrouwen hebben weer goud op de estafette
[21:40:24] *** Joins: japio (japio@sorcery-ncv.37v.138.31.IP)
[21:40:24] *** ChanServ sets mode: +o japio
[21:40:33] <kuuke> ow jeetje
[21:40:36] <kuuke> een belg ....
[21:40:52] <japio> wie z'n jeetje
[21:41:08] <japio> nou dat hangt er net om
[21:41:11] <kuuke> jij jeetje
[21:41:24] <japio> ik denk dat me cabine net in frankrijk staat
[21:41:42] <kuuke> ow
[21:41:46] <kuuke> je bent al bijna de grens over
[21:41:58] <japio> ik sta precies op de grens
[21:42:20] <BaDu> dat kan een boel problemen geven of heel makkelijk zijn :)
[21:42:42] <japio> hahaha jah net hoe je het bekijkt
[21:42:55] <japio> maar dr loopt geen streep onder of over me wagen
[21:43:40] <kuuke> neenee, dat zie je niet meer
[21:44:23] <japio> mmm zo donker ist niet hoor
[21:44:35] <japio> maar de parking lopt langzaam leeg nu
[21:44:45] <japio> 10 uur mogen ze weer rijden
[21:45:01] <japio> sommige geloven dat kwartiertje wel
[21:46:58] <kuuke> en jij gaat zo meteen lekker snurken
[21:48:03] <japio> morgen om 7 uur wekker
[21:48:39] <kuuke> dan ben ik al aan het werk
[21:53:44] <japio> mjah voor mij heeft het geen nut om eerder te beginnen
[21:53:58] <japio> over 7 km is mijn eerste losadres
[21:54:14] <japio> en om ff over 8 moet ik daar zijn
[21:54:42] <kuuke> gaat je wel lukken
[21:54:49] <kuuke> maar ik ga me optutten voor de nacht
[21:54:52] <japio> denk het wel
[21:54:53] <kuuke> tot morgenavond of zo
[21:55:00] <japio> kee truste huub
[22:09:17] <japio> tralalalalaaaa
[22:09:19] <japio> denk ik
[22:10:11] <japio> sooow de wagen naast me ging weg, die bedorf een beetje me uitzicht merk ik nou
[22:11:02] <japio> tis omdat de douane en de politie hier op 20 mtr staat te controleren (lees doorlaat) snders was ik hier bijna alleen geweest
[23:55:31] <japio> sooow ff schotel opbergen en proberen foto te maken van de douane en politie hier
[23:55:34] <japio> en dan slapen
[23:55:51] <japio> moet wel zeker zijn dat me flitszzz uitstaat
