[00:18:56] <japio> maar un beetje naar bed gaan denk ik
[00:19:04] <japio> tis hier ook gebeurd
[00:19:12] <japio> morgen werrekuh
[05:46:47] *** Quits: Grandmasg (ik@sorcery-hkpjep.dynamic.ziggo.nl) (Client exited)
[05:46:53] *** Joins: Grandmasg (ik@sorcery-hkpjep.dynamic.ziggo.nl)
[08:36:36] *** Quits: japio (Japio@sorcery-gvcm7d.adsl-surfen.hetnet.nl) (Quit: Geen paniek, Ik drukte op het verkeerde kruisje..)
[17:06:38] *** Joins: Grandmasg1 (ik@sorcery-hkpjep.dynamic.ziggo.nl)
[17:07:49] *** Quits: Grandmasg (ik@sorcery-hkpjep.dynamic.ziggo.nl) (Ping timeout: 121 seconds)
[17:07:57] *** Grandmasg1 is now known as Grandmasg
[17:07:59] *** Quits: CloudBot (Cloudbot@sorcery-hkpjep.dynamic.ziggo.nl) (Ping timeout: 121 seconds)
[17:20:06] *** Joins: Grandmasg1 (ik@sorcery-hkpjep.dynamic.ziggo.nl)
[17:23:52] *** Quits: Grandmasg (ik@sorcery-hkpjep.dynamic.ziggo.nl) (Ping timeout: 121 seconds)
[17:23:54] *** Grandmasg1 is now known as Grandmasg
[17:41:16] <kuuke> Thuis!
[17:55:14] *** Joins: CloudBot (Cloudbot@sorcery-hkpjep.dynamic.ziggo.nl)
[17:55:20] <Grandmasg> Huub!
[17:55:31] <Grandmasg> zo weer een dagje overleeft op het werk
[17:55:37] <Grandmasg> bah griep
[18:02:17] *** Joins: PjoT (PjoT@sorcery-86v3aj.upc-i.chello.nl)
[18:02:17] *** ChanServ sets mode: +o PjoT
[19:08:33] <kuuke> Gilmer!
[19:08:37] <kuuke> Peter!
[19:08:44] <kuuke> Ja, hier ook
[19:08:56] <kuuke> we hebben ISO17025 audit deze week
[19:09:06] <kuuke> het is "redelijk" stressig bij ons
[19:09:15] <PjoT> Huub !
[19:25:16] <kuuke> nu die in twente maar eens duidelijk gaan maken dat ze mogelijk een chinese limbabnese te studeren krijgen
[19:25:21] <kuuke> communication science
[19:25:28] <kuuke> geen idee wat dat nu weer voorstelt.
[19:26:48] <PjoT> het zegt mij ook niks 
[19:31:34] <kuuke> boeit me niet
[19:31:38] <kuuke> als ze maar wat gaat studeren :)
[19:34:26] <kuuke> en een beteje leren communiceren is nooit weg
[19:49:30] <kuuke> pffft, 20 uur al weer
[19:49:36] <kuuke> de tijd gaat veel te schnell vandaag
[20:02:37] <PjoT> nog 3,5 dag te gaan en dan een weekje vrij
[20:04:12] <kuuke> ik moet er nog twee
[20:04:24] <kuuke> hmm,weer een update van phpBB
[20:04:34] <kuuke> ik loop al een aantal updates van het aapforum achter
[20:04:42] <kuuke> denk dat ik dat forum maar helemaal offline ga halen
[20:04:49] <kuuke> gebeurd nul-komma-niks
[20:08:12] <kuuke> in brazilië gaat het er ook heftig aan toe in het parlement
[20:08:27] <kuuke> dat wat jou op die stoel houdt stinkt naat zwavel
[20:08:37] <kuuke> vriendelijke woorden richting de president :)
[20:09:17] <PjoT> ja 
[20:09:22] <PjoT> gaat lekker daar
[20:10:32] <kuuke> maar goed, twente heeft de gevraagde docjes
[20:32:04] <kuuke> ah, koken met mevrouw van boven
[20:40:51] <PjoT> vi op 7 
[20:40:59] <PjoT> lullen over voetbal
[20:43:32] <Henk> pjot check je whatsapp
[20:43:35] <Henk> morrie
[20:43:36] <Henk> huub
[20:43:38] <Henk> peter
[20:43:40] <Henk> gilmer
[20:43:42] <Henk> en doei
[20:43:59] <Henk> te druk voor irc
[20:44:30] <PjoT> doei dan 
[20:48:58] <kuuke> nee, geen 7
[20:49:25] <kuuke> irish stew van lamsvlees
[20:49:31] <kuuke> ziet er goed uit
[20:50:02] <kuuke> flikkert ze me een fles guiness door de stew heen
[20:50:25] <PjoT> klinkt goed
[20:50:31] <PjoT> beef in guiness
[20:56:39] <kuuke> eens zoeken of het receptje ergens op een vpro-site staat
[20:57:46] <kuuke> http://www.vpro.nl/koken-met-van-boven/lees/recepten.html
[20:57:50] <kuuke> nog even wachten denk ik
[21:16:34] <NBK> http://www.telegraaf.nl/tv/nieuws/binnenland/25625633/__Damesteam_maakt_eerste_goal_ooit__.html <<< LOL
[21:28:54] <kuuke> truste en tot morgen!
[21:32:01] <PjoT> truste!
[21:41:59] <NBK> truste huub
[21:42:04] * NBK is net weer wakker
[21:42:11] <NBK> moest even bijtanken na het eten
[21:42:35] <NBK> nou was het weekend ook niet echt rustgevend
[21:57:01] <PjoT> truste walter
[21:57:05] *** Quits: PjoT (PjoT@sorcery-86v3aj.upc-i.chello.nl) (Quit: )
[22:07:24] *** Joins: har (har@sorcery-ega3j0.dynamic.ziggo.nl)
[22:07:24] *** ChanServ sets mode: +o har
[22:13:24] <NBK> HAR!
[22:13:30] <NBK> de rest is al pitten :(
[22:22:33] <NBK> en ik ga mn brood smeren :P
[22:25:15] *** Quits: har (har@sorcery-ega3j0.dynamic.ziggo.nl) (Quit: )
[22:29:43] <Grubeater> Al gedaan, staat al weer in de koelkast.
[23:16:24] <NBK> hm..
[23:16:36] <NBK> ik ga ook maar pitten
[23:16:44] <NBK> hier valt weinig te beleven :|
[23:24:50] <Grubeater> Maandag is altijd rustig.
