[00:56:30] <japio> ik ga ook iets met een kussen doen
[01:15:02] *** Quits: har (har@sorcery-ega3j0.dynamic.ziggo.nl) (Quit: )
[05:52:44] <Grandmasg> Mogge
[09:40:20] <japio> mogguh
[10:39:34] *** Joins: PjoT (PjoT@sorcery-86v3aj.upc-i.chello.nl)
[10:39:34] *** ChanServ sets mode: +o PjoT
[10:54:45] <PjoT> tis wel te merken dat het goed weer is 
[10:54:49] <PjoT> tis stilletjes hier
[10:54:57] <PjoT> ik ga ook maar eens verkassen
[10:55:08] <PjoT> verf smeren op een stuk staal
[10:55:13] <PjoT> tot laters
[10:55:16] *** Quits: PjoT (PjoT@sorcery-86v3aj.upc-i.chello.nl) (Quit: )
[11:10:21] <japio> he he en ineens loopt alles toch op rolletjes
[11:23:16] <kuuke> mogge
[11:24:01] <japio> mogguh huub
[11:24:11] <kuuke> Jaap!
[11:24:29] <NBK> lol
[11:24:40] <NBK> pjot: roest hoef je niet te schilderen hoor
[11:24:43] <NBK> ligt er morgen weer vanaf
[11:25:33] <japio> waar zie je dat hij roest gaat schilderen??
[11:27:47] <kuuke> Walter!
[11:32:08] <japio> gheghe bel ik de kpn op om te vragen wanneer eventueel dat installatie pakket verstuurd wordt, omdat ik door de weeks weg ben is dat lastig controleren, en die gratis monteur wil daar gebruik van maken
[11:32:54] <japio> zegt die vriendelijke man... nou meneer als u vanmiddag tuusen 13.00 uur en 14.30 uur thuis bent dan zorg ik ervoor dat u hem dan krijgt
[11:33:09] <japio> tenminste dat staat hier op mijn papieren
[11:33:51] <kuuke> netjes
[11:34:02] <kuuke> wat komen ze installeren?
[11:34:17] <japio> nou mijn internetsnelheid is te laag
[11:34:28] <kuuke> aha,je krijgt een nieuwe modem?
[11:34:52] <japio> daar belde ik vorige week over omdat bv mijn updates zo traag binnenkwamen
[11:35:04] <japio> ik vroeg hun ff een meting te doen
[11:35:42] <japio> toen hoorde ik op de achtergrond bij hun geroezemoes en ineens zei tie meneer we willen graag een afspraak maken met een monteur voor u
[11:35:56] <japio> er klopt iets niet met de aansluitingen aan onze zijde
[11:36:22] <kuuke> heb e vermoedelijk dus al een hele tijd last van
[11:36:29] <japio> jah
[11:36:48] <japio> ik ga de schuld aan me instellingen
[11:36:50] <japio> f
[11:36:58] <japio> maar die klopte
[11:37:05] <japio> maar had hier niet op gerekend
[11:37:46] <japio> en hij sluit 1 pc of lappert of foon aan en de rest mag ik zelf doen
[11:37:58] <japio> na de pc gaat per kabel dus die mag tie doen
[11:38:11] <japio> foon en lappert gaan per wievelefie
[11:39:27] <kuuke> als hij de oude instellingen overneemt hoef je zelf eigenlijk niks te doen
[11:40:04] <japio> maar het grappige is... dr komt een grijze kabel met blauwe plastic mantel uit de grond in de meterkast, aan het eind van die kabel zit un soort van mof waaruit een normale foonkabel komt en die gaat de grond weer in en komt in me woonkamer weer boven
[11:40:10] <kuuke> alleen raar dat als er aan hun kant iets fout zit ze bij jouw binnen moeten zijn
[11:40:25] <japio> en daar zit een normale foonstekker
[11:40:36] <japio> jah daarom.... zal mij ook benieuwen
[11:40:51] <japio> misschien komt tie met drilboor hier de boel ff openmaken
[11:40:58] <kuuke> lol
[11:41:03] <japio> of hij hangt een kassie ipv die mof
[11:41:34] <japio> hij is hier rond 4 uur en de werkzaamheden kunnen tot na 6 uur uitlopen
[11:41:41] <japio> nou hij gaat zijn gang maar
[11:41:47] <kuuke> dat is wel heftig
[11:42:03] <japio> jah daarom... ik laat me verassen
[11:43:00] <japio> oownee verassen is kremeren of BBQen
[11:43:06] <japio> maar ik laat me verrassen
[11:43:35] <kuuke> zo meteen even terug de stad in
[11:43:48] <kuuke> vleugeltje van mijn leesbril is afgebroken
[11:44:02] <kuuke> wat te heftig gebruikt in Berlijn
[11:44:08] <japio> gheghe
[11:44:22] <kuuke> was gisteren wel grappig
[11:44:24] <japio> ik heb toevallig ook nieuwe vleugels late monteren
[11:44:29] <kuuke> we hadden een fie in de buurt van hannover
[11:44:31] <kuuke> flinke
[11:44:41] <kuuke> meteen alle Bolderman-bussen op de rem
[11:44:41] <japio> klopt is daar heel vaak file
[11:45:05] <kuuke> zodat alle bussen toch rond 5 uur weer in Gelderland zouden zijn
[11:45:32] <kuuke> dus alle bussen die gisteren thuis kwamen uit hun bestemmingen moesten hun snelheid aanpassen aan ons :)
[11:45:42] <japio> aah natuurlijk anders moet iedereen lang wachten op de bussen die jullie naar huis brengen
[11:46:03] <kuuke> jup
[11:46:09] <kuuke> en we kregen nog vreten in Gelderland
[11:46:16] <japio> jah is toch wel een service hoor van die gassies
[11:46:32] <kuuke> als je gaat rekenen dan vraag je e af hoe die daar nog iets op verdienen
[11:47:05] <kuuke> maar ben weer ff richting centrum
[11:47:10] <japio> nou gister las ik dat ze rustig un 64 mensen in zo'n blik stoppen
[11:53:35] <kuuke> wij waren met vijftig
[11:53:47] <kuuke> die van gisteren was een dubbeldeksbus
[11:53:53] <kuuke> daar kan je d'r wel een zooi in kwijt
[11:54:02] <kuuke> onze bus zat op een paar plekken na vol
[11:54:08] <kuuke> denk dat er 54 of zo in kunnen
[11:54:22] <japio> jah zie je
[11:54:45] <japio> ik weet niet wat dat reisje koste< en in die prijs zit dan ook het hotel
[11:54:55] <kuuke> 250 euro
[11:55:09] <japio> maar ze moeten die totaalprijs delen door 54
[11:55:10] <kuuke> hotelkamer als je zelf boekt kost je 50 eur
[11:55:28] <kuuke> geen idee wat een reisorganisatie er dan voor betaald
[11:55:41] <japio> nou dan blijft er voor zo'n busondernemer tog nog wat over hoor
[11:55:48] <kuuke> mja
[11:55:52] <kuuke> allemaal ingehuurde bussen
[11:56:00] <japio> en tegenwoordig gaan die bussen un 1,6 miljoen km mee
[11:56:07] <kuuke> wij zaten in ee bus van welgraven travel uit leuvenstein oid
[11:56:24] <kuuke> deze bus had er ongeveer een half miljoen opzitten
[11:56:30] <japio> jah vaak worden er een sooi bussen opgetrommeld 
[11:56:34] <kuuke> heb geen enkele bolderman-bus gezien
[11:56:48] <kuuke> allemaal andere busbedrijven met een stickertje van bolderman reizen erop
[11:56:57] <japio> jah
[11:57:11] <japio> kijk in principe doen wij dat ook met de bloemen he
[11:57:38] <kuuke> denk dat bolderman alleen maar organiseert en verder niks heeft
[11:57:39] <japio> we komen uit alle windstreken om bloemen en planten op tehalen van de tuinders
[11:58:05] <japio> als we vol zijn rijden we naar een depot en lossen alles en zetten het in de goede rij neer
[11:58:18] <japio> dan worden die rijen weer geladen in de juiste wagen
[11:59:35] <japio> maagoe het loont nog steeds
[11:59:42] <kuuke> juh
[11:59:55] <kuuke> we kregen eergisteren in berlijn in het totaal nog te vreten
[12:00:04] <japio> kan me voorstellen dat er een klad in is gekomen vanaf 2008
[12:00:12] <kuuke> volgens de menu kaart was het German Beef ziguener art
[12:00:17] <kuuke> wat kregen we???
[12:00:17] <japio> oow
[12:00:20] <kuuke> een bal gehakt :P
[12:00:23] <japio> whahahah
[12:00:30] <kuuke> maar goed, ben afk
[12:00:41] <japio> afkze
[12:52:43] *** Joins: har (har@sorcery-ega3j0.dynamic.ziggo.nl)
[12:52:43] *** ChanServ sets mode: +o har
[12:59:55] <kuuke> Thuis!
[12:59:59] <kuuke> Har!
[13:00:08] <har> oioi
[13:00:42] <japio> weebeeze
[13:01:05] <japio> ooowjah wielerronde van de wieringermeer ist dit weekend
[13:01:23] <japio> najah volgendjaar maar
[13:04:49] <kuuke> zoetemelk mag toch niet meer meedoen jaa
[13:04:56] <kuuke> die rijdt tegenwoordig elektrisch
[13:06:07] <japio> ach niemand zou het erg gevonden hebben hoor dat tie mee deed... de eeuwige 2e
[13:06:53] <japio> maar vanaaf ist de ronde van middenmeer
[13:07:02] <japio> maar dr komt geen kip op af
[13:15:19] <har> weer naar Hoorn
[13:15:26] <har> lia dr bril is klaar
[13:15:35] <japio> mooi
[13:15:48] <har> hij had mijn pootje van mn bril bijgesteld
[13:15:58] <har> nu staat ie skeef op mn kop
[13:16:05] <japio> sjugt
[13:16:15] <har> ja
[13:16:17] <japio> heb je daarna niet ff in de spiegel gekeken
[13:16:37] <har> nee hij had em ff gefikst
[13:16:44] <japio> mjah
[13:16:52] <japio> najah je moet er nu toch ff heen
[13:16:55] <har> en ik was met lia bezig brillen passen
[13:16:57] <japio> bij wie is het
[13:17:13] <har> Hans aars
[13:17:20] <japio> oke
[13:17:27] <har> aars = anders in het westfries
[13:17:35] <japio> jajajaja
[13:17:50] <Grubeater> Vandaag en morgen de Giro in Nijmegen.
[13:18:17] <Henk> nu pas? ik heb al 40 jaar een giro
[13:18:27] <japio> ik had het
[13:18:50] <japio> nijmegen loopt nu toch wat achter hoor sinds ik weg ben
[13:18:52] <Henk> ow jaap, wij zijn vanavond wel bij de omloop van middenmeer :)
[13:19:03] <japio> ooow
[13:19:05] <japio> hoelaat
[13:19:11] <japio> begint om ??? uur
[13:19:24] <Henk> dunno, de regioverslaggever is er live bij voor NHsport
[13:19:42] <japio> oooow
[13:19:45] <Henk> :) ze sturen mij morgen naar het autocrossen in zwaagdoik
[13:20:08] <Henk> dus ik van. lijk mij stug
[13:20:11] <japio> eerst de dikke bandenrace en daar na de jeugd en dan de andere
[13:20:15] <Henk> zij weer van HOEZO??
[13:20:31] <Henk> nou ik moet ook het truckfestival voor NHLeeft doen
[13:20:38] <Henk> kan mij niet in tweeën splitsen
[13:21:13] <japio> truckfestival kan iemand anders toch ook doen
[13:21:23] <japio> hans anders bijvoorbeeld
[13:21:30] <har> lol
[13:21:48] <har> Henk heeft zijn eigen fotografen
[13:21:55] <Henk> 2 stuks :)
[13:21:59] <Henk> theo en pascal
[13:22:03] <Henk> en /me <-- zelf
[13:22:11] <har> en robert
[13:22:16] <har> :D
[13:22:24] <Henk> jij gaat lekker 
[13:22:36] <har> onze topfotograaf it Medemblik
[13:22:44] <Henk> die vent kan veel maar wat hij niet kan is foto's maken
[13:23:01] <har> hij heeft best mooie spulletjes
[13:23:11] <har> dus dat is het niet
[13:23:13] <Henk> zal gerust
[13:23:21] <Henk> maar bij hem loopt het IJsselmeer leeg
[13:23:25] <har> :)
[13:23:27] <Henk> en valt iedereen om
[13:23:34] <Henk> of zijn de foto's onscherp
[13:23:35] <har> skeef
[13:24:24] <Henk> en dan van de stem mail krijgen voor op de site met foto van hem erbij dat ik deze moet gebruiken, dacht het niet, heb zelf genoeg foto's
[13:24:30] <har> mooi ik ben naar Hoorn
[13:24:35] <har> latex!
[13:24:52] <japio> rollatex
[13:24:58] <Henk> ja hoonze
[13:25:02] <Henk> hoornze ook
[13:31:22] <japio> soow pakket is binnen, straks na boodschappendoen maar us neuzen wat er in zit
[13:31:48] <Henk> rubberen annie
[13:32:08] <japio> oow
[13:45:21] <kuuke> hmm, ziggo blijft de prijzen aan het verhogen
[13:47:11] <Henk> tja altijd verlies blijven draaien gaat het ook niet worden he
[13:47:29] <Henk> zijn we straks ziggoloos
[13:47:44] <kuuke> leuk omdat uit de pers te vernemen
[13:47:58] <kuuke> mja,kappen met idiote sportzenders die klauwen met geld kosten
[13:48:07] <Henk> waar heeeeeel veel mensen naar kijken
[13:48:14] <kuuke> gratis
[13:48:25] <kuuke> meteen achter de betaalmuur met die rommel
[13:48:32] <Henk> echt niet
[13:48:34] <Henk> gewoon zo houden
[13:48:59] <kuuke> alles achter d betaalmuur
[13:49:06] <kuuke> afrekenen per kanaal wat je wilt loeren
[13:49:09] <kuuke> hop, klaar
[13:49:11] <Grubeater> Ik had Gilmer te pakken gisteren: http://members.chello.nl/j.bliek/dpc/wcg/wcg_subteams.htm#%5BDPC%5DDeApen
[13:49:39] <kuuke> :)
[13:49:50] <kuuke> jammer dat nikhef nu onder eigen account draait
[13:49:53] <Grubeater> 2 pc's en een laptop.
[13:49:55] <Henk> :) zubat :) 
[13:50:00] <Henk> afgelopen woensdag nog gesproken
[13:50:07] <Grubeater> Dat is al een aantal stampedes.
[13:52:07] <kuuke> juh
[13:52:21] <kuuke> zubat? spreek jij die nog wel eens?
[13:52:32] <Henk> ow ja
[13:52:34] <kuuke> hier draait de desktop ook weer
[13:52:43] <kuuke> op naar Wick
[13:52:49] <Henk> niet zo vaak maar spreek hem nog wel de tomaataap
[13:55:36] <Henk> nou ik is afk. verstoppertje spelen in het kasteel
[13:55:37] <Henk> lat0r
[13:55:56] <japio> huh traumaheli wordt ingezet bij iets hier in slootdorp en ik hoor sirenes
[13:58:11] <japio> nouuu nog meer sirenes
[13:58:30] <japio> moet over 2 minuten die kant op
[13:58:40] <japio> ik ga nu maar want als ik om moet rijden
[14:00:10] <kuuke> ben je nu toch al te laat :)
[14:24:20] <kuuke> JUIST!
[14:24:30] <kuuke> Xuan krijgt net de zoveelste bref van DUO uit
[14:24:43] <kuuke> eindelijk kennen ze haar daar een beetje :)
[14:24:52] <kuuke> vrijstelling van inbrugeringsplicht
[14:24:54] <kuuke> :)
[14:25:16] <kuuke> naar diploma geeft haar blijkbaar voldoende basis
[14:25:39] <kuuke> en mijn geheugenkaartjes zijn gearriveerd
[15:34:40] <Henk> zo
[15:34:52] <Henk> 3e klus van vandaag geklaard, nog 2 vanavond
[15:47:46] <kuuke> stuift er weer eentje met een big smile door de hut heen
[15:48:45] <kuuke> geen inburgeringsplicht meer
[15:48:54] <kuuke> kan beginnen in Groningen aan de Universiteit
[15:49:01] <kuuke> kan beginnen in Nijmegen aan de Universiteit
[15:51:03] <Henk> mooi dubbele studie dus
[15:51:08] <Henk> weinig last van haar meer
[15:52:10] <Henk> koffers al gepakt?
[15:52:25] <kuuke> ze heeft het voor het kiezen
[15:52:35] <kuuke> we wachten nog op maastricht
[15:52:50] <Henk> heb je haar nog thuis
[15:52:54] <kuuke> jup
[15:56:10] <kuuke> maastricht is tenminste een serieuze studie
[15:56:38] <kuuke> ben er nog steeds niet achter wat ze kan als ze Arts, Culture and Media heeft gedaan in Groningen/Nijmegen
[16:12:33] <Henk> veel
[16:12:36] <Henk> heel veel
[16:12:55] <Henk> lerares worden, journaliste, conservator bij museum
[16:12:57] <Henk> heel veel
[16:13:01] <Henk> mooie studie
[16:13:23] <kuuke> hihi, ik die die al voor de klas staan :P
[16:14:14] <Henk> mjah niet alleen lerares hoor
[16:14:19] <Henk> veel meer mogelijk
[16:15:20] <Henk> ze kan dan bv specialiseren in digitale media
[16:16:04] <kuuke> dat laatste zie ik haar dan weer wel doen
[16:16:20] <Henk> wel de toekomst
[16:16:29] <kuuke> vanavond een mijn berlijnse foto's beloeren en ergens backuppen
[16:17:48] <kuuke> Xuan dook op een middag de Berlijnse Dom in
[16:18:00] <kuuke> niet meer gezien totdat ze bus weer vertrok
[16:18:14] <kuuke> die heeftdat hele ding van binnen gedigitaliseerd
[16:19:13] <Henk> nou wie weet dus
[16:19:32] <Henk> zien we haar later wel bij Alphabet aan de slag komen
[16:19:38] <kuuke> LOL
[16:21:48] <Henk> !wp
[16:21:48] <CloudBot> (Henk) Whatpulse De Apen - http://www.grandmasg.nl/WPNEW/#/daily/offset=0/team=deapen
[16:22:02] <Henk> knood
[16:22:33] <Henk> die Grandmasg is ook enkel pr0n aan het downloaden : ) 
[16:23:01] <kuuke> huh?
[16:23:08] <Henk> 23gb op 1 dag download
[16:23:15] <Henk> hmm nee francois overtreft hem
[16:23:17] <Henk> 123gb
[16:23:44] <kuuke> pfft
[16:25:01] <kuuke> draai nog steeds die hele oude versie
[16:25:03] <kuuke> 1.7 oid
[16:25:21] <Henk> mjah waarom niet, ding doet het goed
[16:25:56] <kuuke> ben afk
[16:26:07] <kuuke> heb nog wat klusjes te doen
[16:26:28] <Henk> ik ga douchen, vanavond voor NH nog 2 klusjes doen
[16:26:31] <Henk> tot morgen
[16:37:28] *** Joins: PjoT (PjoT@sorcery-86v3aj.upc-i.chello.nl)
[16:37:28] *** ChanServ sets mode: +o PjoT
[16:48:38] <japio> arme buurvrouwtje aan de overkant
[16:49:02] <japio> vrouwtje heeft de hele ochtend hout staan schuren en nu is ze aan het schilderen
[16:49:06] <japio> in de warmte
[16:52:55] <japio> ik denk dat willem nu wel ergens langs het parcour staat toch
[16:53:08] <japio> ze fietsen nu de waalbrug over
[17:08:17] <Henk> zo dat was even lekker. douchen 
[17:08:49] <japio> jep als jij het maar 1 keer per maand doet dan is het idd lekker... voor ons ook trouwens
[17:09:12] <Henk> 1x per maand? zovaak?
[17:11:06] <Henk> ff gamen, weer wat boten tot zinken brengen
[17:11:41] <Henk> niet dus
[17:11:44] <Henk> update
[17:11:45] <Henk> pff
[17:11:54] <Henk> eentje van 8gb en dat via torrents
[17:11:58] <Henk> duurt dus weer een uur
[17:12:58] <Henk> en dan ben ik dus alweer pleitte
[17:13:18] <PjoT> Jaap !
[17:13:20] <PjoT> Henk !
[17:13:27] <japio> peter!
[17:13:32] <Henk> pjot the verver
[17:13:44] <Henk> het is in medemblik warmer dan in spanje : ) 
[17:13:58] <Henk> tijd om mijn buurtjes dus even te appen :) die zitten op mallelorca
[17:14:29] <Henk> daar 16 graden hier 25.2 :)
[17:14:31] <Henk> lol
[17:14:36] <Henk> ow en regen
[17:14:40] <Henk> gna gna gna
[17:14:55] <PjoT> verven is niet gelukt 
[17:14:59] <Henk> en aankomende vrijdag komen ze weer thuis, dan daar 20+ en hier 14 
[17:15:02] <Henk> ow
[17:15:04] <Henk> want
[17:15:04] <PjoT> kwam allemaal troep uit de bomen 
[17:15:07] <Henk> verf smolt
[17:15:35] <PjoT> ff met de baas overleggen wat we gaan eten 
[17:15:36] <PjoT> brb
[17:15:38] <Henk> hmm het ligt dus aan mijn buren , zij daar hier warm en daar koud, zij straks hier hier koud en daar warm
[17:15:42] <Henk> KFC
[17:15:50] <Henk> vind axel ook wel ok
[17:18:51] <PjoT> zou zo maar kunnen 
[17:19:45] <Henk> http://www.westfrieslandactueel.nl/radio-enkhuizen/webcam-studio.html die met die korte broek is vanaf maandag 3 weken lang mijn stageloopster :) chantal :D
[17:23:24] <Grandmasg> Ben benieuwd of ze het 3 weken uithoud met Henk :)
[17:23:39] <Henk> ooh jawel hoor, sjaan is wel oke
[17:23:46] <Grandmasg> Henk
[17:23:49] <Grandmasg> Huub!
[17:24:00] <Henk> PRONDOWNLOADER :D
[17:24:01] <Henk> :D
[17:24:03] <Henk> morrie gilmer
[17:24:37] <Grandmasg> Pfff 1 dag beulen ... maar dan heb je nu een megazwembad naast je huis :)
[17:24:59] <Henk> aha zo'n gamma ding van 1500 liter?
[17:25:02] <Grandmasg> Download alleen maar series 
[17:25:06] <Grandmasg> nee
[17:25:22] <Henk> die van 5000 liter? 
[17:25:39] <Henk> die heeft er hier 1 in zijn tuin laten ingraven
[17:26:08] <Grandmasg> http://prntscr.com/b1d04z
[17:26:19] <Henk> aaaah oke :) 
[17:26:23] <Grandmasg> moet facebook weer updaten
[17:26:39] <har> re
[17:27:19] <har> ff een paar nieywe birkenstock slippers gekocht
[17:27:27] <har> de oude waren op
[17:27:29] <Henk> met witte sokken?
[17:27:43] <har> 3 jaar op gelopen, het profiel was er af
[17:27:57] <har> slippers Henk
[17:28:06] <har> daar doe je geen sokken in
[17:28:18] <Henk> overal kunnen sokken in
[17:28:20] <har> jij wel
[17:28:21] <Henk> overal
[17:28:26] <Henk> ik draag geen sokken
[17:28:31] <Grandmasg> Andere kant http://prntscr.com/b1d12w
[17:28:45] <Henk> klein hokkie zo :) 
[17:28:52] <Grandmasg> yep
[17:29:34] <Grandmasg> 2 vrachten puin en 5 vrachten grond en 8 boorpalen gemaakt 
[17:30:10] <Henk> nog olie of gas aangeboord?
[17:30:30] <Grandmasg> Vandaag de boel opgeruimd en een stuk nieuw riool aangebracht
[17:30:39] <Grandmasg> moet je wel wat dieper boren :)
[17:31:16] <Grandmasg> moesten 1,5 meter diep boren met een boor rond 32
[17:31:33] <Henk> pff de buurjongen komt weer thuis :(  ramen van zijn auto wijdt open en andre hazes te brullen uit de speakers. ding maar eens in de fik steken
[17:31:41] <Henk> oke
[17:31:44] <Grandmasg> gelukkig met minikraan om hem er weer uit te tilln
[17:33:03] <Grandmasg> straks nog een stukje met de hand graven .. wacht wel even tot de zon wat lager staat
[17:33:36] <Grandmasg> hmm 28 graden 
[17:33:53] <Grandmasg> hebben we de lente overgeslagen ....
[17:34:10] <Henk> whhahaha super chagarijnig appje terug van de buren op malle lorka
[17:34:12] <Henk> STERF
[17:34:15] <Henk> whahahahaha
[17:34:20] <Henk> het is daar 12 graden en het hoost
[17:34:27] <Grandmasg> lol
[17:34:28] <Henk> ga je met je last minute 
[17:37:40] <Henk> https://pbs.twimg.com/media/Ch3PLwRWkAI1Z3n.jpg
[17:38:19] <Henk> o mot weg,
[17:38:20] <Henk> toedels
[17:38:34] <Grandmasg> doei 
[17:44:34] <PjoT> !weather ehrd
[17:44:34] <CloudBot> (PjoT) No results found.
[17:44:39] <japio> HEB JE NOG FOTO'S GEMAAKT GILMER?
[17:44:53] <japio> ooow kaps
[17:44:54] <PjoT> effe caps lock uitzetten japio
[17:44:55] <japio> sollie
[17:44:59] <PjoT> lol
[17:45:08] <Grandmasg> ik heb foto's gemaakt maar nog niet verwerkt
[17:45:16] <japio> anders hoort tie me nie gheghe
[17:45:25] <Grandmasg> zo ver weg hé
[17:45:29] <japio> jah
[17:46:00] <japio> gosh het was gister weer als vanouds gluren in de voiture hoor met dit weer
[17:57:27] <har> lol
[17:57:44] <har> dochte zot op het strand
[17:57:57] <har> dochter zit op het strand
[17:58:22] <japio> zit ze nog in amerika?
[17:58:24] <har> halen ze verderop een zoutwaterkrok uit het water
[17:58:28] <har> oeps
[17:58:35] <har> ja
[17:58:43] <har> florida
[17:58:57] <japio> oeps
[17:59:01] <japio> hoe groot was tie
[17:59:11] <har>  mter oid
[17:59:24] <japio> zwemt tog niet fijn he
[17:59:25] <har> coast guard heeft hem meegenomen
[18:01:39] <har> https://www.google.nl/maps/place/Fort+Myers,+Florida,+Verenigde+Staten/@26.2859563,-82.1557532,8.42z/data=!4m5!3m4!1s0x88db420189a85429:0xc62908530aba258a!8m2!3d26.640628!4d-81.8723084?hl=nl
[18:01:45] <har> hier zit ze
[18:02:04] <har> in de buurt dan
[18:04:16] <japio> hoelang blijft ze nog
[18:05:07] <har> zaterdag nacht komen ze thuis
[18:05:17] <har> volgende week
[18:14:04] <japio> hoelang is ze nou geweest
[18:19:23] <har> nu 2 weken
[18:19:28] <har> dan 3
[18:19:50] <japio> soow
[18:20:35] <har> mooi we gaan BBQ en
[18:20:41] <har> lat0rrrrrrrr
[18:21:01] <japio> vlees cremeren
[18:21:45] <PjoT> sterkte
[18:21:58] <PjoT> en met har volgen nog 10miljoen nederlanders 
[18:22:05] <japio> jep
[18:22:10] <PjoT> we hebben 2 dagen zon
[18:22:25] <PjoT> ruik hier buiten ook genoeg verbranders
[18:22:56] <japio> om eerlijk te zeggen heb ik me elektrische gril ook buitenstaan en daar gaat dadelijk un paar hapklare brokjes aan een stokkie op
[18:23:05] <japio> en een lappie spek
[18:23:14] <japio> ook een vorm van vlees cremeren
[18:23:20] <kuuke> mja
[18:23:30] <PjoT> electriek is nep net zoals gas
[18:23:36] <japio> jah klopt
[18:23:48] <japio> maar in me 1tje ga ik geen vuur aanleggen
[18:24:33] <PjoT> ka je net zogoed een een grill pan op het vuur zetten 
[18:24:59] <japio> mjah maar dees heeft un stukkie snoer met un stekker
[18:25:05] <PjoT> heb je ook streepjes op je vleees maar veel minder schoonmaak
[18:25:09] <japio> en aangezien het buiten goed toeven is
[18:25:49] <japio> volgende week als het regent dan gaan we echt barbieknoeien
[18:26:07] <PjoT> volgende week zaterdag (is de voorspelling) 13 graden 
[18:26:11] <japio> gewoon un zooi stenen in het rond stapelen mtr doorsnee
[18:26:14] <PjoT> met kans op wat vocht 
[18:26:27] <japio> en dan stuk roestvrijstalen pen
[18:26:32] <japio> stuk kip er door
[18:26:37] <japio> ander vlees er aan
[18:27:12] <japio> stukje rooster waar de rest op kan
[18:27:19] <japio> kolen in die bak
[18:27:26] <japio> en stoken maar
[18:27:30] <japio> doen we elk jaar
[18:27:46] <japio> onderin 1 steentje weglaten voor de zuurstof
[18:28:08] <japio> paar tegels onderin
[18:28:12] <japio> werkt perfect
[18:29:10] <japio> mmm morgen geen voetbal kijken
[18:29:24] <japio> morgen vraggie paprika naar maasland brengen
[18:29:30] <japio> en dan laden voor engeland
[18:30:09] <kuuke> alweer?
[18:30:13] <japio> jah
[18:30:21] <japio> dr is te weinig voor frankrijk
[18:30:29] <japio> daar hebben we meer depots
[18:30:32] <kuuke> oeps
[18:30:36] <kuuke> slecht jaat voor gambakker
[18:30:39] <kuuke> jaar
[18:30:40] <japio> dat is in engeland bijna niet mogelijk
[18:30:51] <japio> nee hoor depot werk he
[18:31:06] <japio> en we rijden meer paprika's nu
[18:31:11] <japio> en veel tomaten
[18:31:23] <japio> en planten en bloemen naar frankrijk
[18:31:50] <japio> maar stekkies seizoen loopt alweer bijna ten einde he
[18:32:03] <japio> na week 13 dan zakt het af
[18:32:43] <japio> pootgoed (winterlelies) is ook zo goed als klaar
[18:32:56] <japio> dan gaan we langzaam over in de zomerbollen
[18:35:52] <kuuke> ik moet morgenvroeg weer naar nikkel gaan zoeken
[18:36:23] <japio> aan een magneet heb je dan niets aan he
[18:40:52] <kuuke> nope
[18:47:02] <PjoT> ik kan wel wat nikkel vinden maar ik vrees dat jij er niks aan hebt
[18:47:47] <japio> in het doosje van Petra??
[18:48:50] <PjoT> nee van die doos blijf ik af , tis ng geen kerst
[18:48:58] <kuuke> :)
[18:49:02] <japio> hahahahahahah
[18:50:52] <kuuke> misschien maar een pizzaatje de oven inschuiven
[18:52:36] <PjoT> moest naar kfc van henk 
[18:52:43] <PjoT> dus ik had een makkie
[18:55:16] <kuuke> Yun slaapt
[18:55:24] <kuuke> die is moe
[18:55:45] <kuuke> voor mij waren het normale werktijden afgelopen week :)
[18:58:31] <kuuke> whahahahahahahahaha
[18:58:41] <kuuke> die gerrit die de bus stuurde is gewoon eigfen baas volgens mij
[18:58:51] <kuuke> tikte de naam van het bedrijf in in google
[18:58:56] <kuuke> welgraven travel
[18:59:06] <kuuke> krijg je altijd een fotooke en een locatie van google
[18:59:12] <kuuke> gewoon woonhuis :)
[18:59:47] <kuuke> vandaar dus ook dat 06-nummer op die bus
[18:59:53] <kuuke> gerrit is zzp-er :)
[19:00:35] <japio> ooow dat zie je niet vaak in de bussen
[19:01:14] <japio> busje is iets duurder dan een trekker
[19:01:29] <japio> en meeste zzp-ers hebben gewoon un trkker
[19:09:29] <kuuke> mja
[19:09:42] <kuuke> halfvrijstaand woonhuis als vestigingsadres voor welgraven travel
[19:10:32] <kuuke> niks wat lijkt op een industrieterrein oid met busstalling
[19:12:58] <japio> nee idd
[19:13:56] <kuuke> kost een busje?
[19:14:15] <japio> mjah mjah met alles dr op en dr aan
[19:14:24] <japio> climaatcontrolle
[19:14:38] <japio> 2 ... 3 ton of zo
[19:14:49] <japio> en ding moet regelmatig apk
[19:14:53] <japio> 2 keer per jaar he
[19:15:29] <kuuke> dit wasgeen superdeluxe bus
[19:15:30] <kuuke> mja
[19:15:41] <kuuke> wel een pishokje in en een barretje
[19:16:00] <kuuke> qua stoelen niks bijzonders
[19:16:18] <kuuke> scania bus
[19:16:51] <japio> 1,3 miljoen voor 5 touringcars lees ik
[19:17:06] <japio> gekocht in 2012
[19:17:58] <kuuke> hmm, wel een dubbelassertje
[19:18:09] <kuuke> scania irizar
[19:18:59] <kuuke> scania heeftmaar 1 model met dubbele achteras zie ik
[19:19:13] <japio> WELKE SITE KIJKE JE?
[19:19:19] <japio> STAAN DAAR PRIJZEN BIJ
[19:19:28] <japio> sjees alweer kaps
[19:20:37] <japio> ik ga dr us een soowtje klere vouwe
[19:25:21] <kuuke> op de site van scania
[19:25:25] <kuuke> en nee, geen prijzen :)
[19:36:01] <japio> arme mevrouwtje sylvana simons....
[19:36:37] <japio> ik laat nederland kiezen zegt ze via een foto, of je kiest voor mij of voor zwarte piet
[19:36:47] <japio> iedereen koos voor zwarte piet
[19:38:43] <kuuke> ben vergeten een trabantje te kopen
[19:40:04] <japio> mijn zwager heeft een trammelantje gehad
[19:40:10] <japio> 2 tact motorretjes
[19:41:54] <kuuke> je kon met een gids gaan rondcrossen door de stad in een trabi
[19:42:03] <kuuke> zag je 5-6 wagentjes achter elkaar aan tuffen
[19:43:51] <japio> allemaal lichtblauw??
[19:44:16] <kuuke> nee, allemaal bont gespoten zodat ze lekker opvielen
[19:44:25] <kuuke> even de pizza sjekken
[19:44:36] <japio> aaah tuurlijk
[19:44:52] <japio> sjees ik kreeg van de DA een luggie mee
[19:45:03] <japio> net ff geprobeerd maar wat meurt dat zeg
[19:45:34] <japio> van meneer BOSS
[19:50:48] <kuuke> heb helemaal geen geurtjes
[19:51:52] <japio> nee ik ook niet maar dit was zo'n monstertje
[19:51:57] <japio> dacht ff proberen
[19:51:59] <japio> nou nee
[19:54:47] <kuuke> we liepen in berlijn bij de KaDeWe naar binnen
[19:54:50] <kuuke> aan de verkeerde kant
[19:54:57] <kuuke> de luchtjes afdeling .....
[19:55:16] <japio> stinken zeker
[19:55:38] <japio> als alle luchtjes samenkomen dan ist levensgevaarlijk lijkt me
[19:57:20] <kuuke> echt wel
[19:57:29] <kuuke> zeer ongezonde werkomgeving lijkt me dat
[20:05:03] <japio> met al dat alcohol wat erin zit ist ook een grote brandbom lijkt me..
[20:05:54] <kuuke> ook dat
[20:12:09] <japio> man ut waren maar 4 druppels en ut meurt nog
[20:12:22] <japio> nou euh dat was eens maar nooit meer
[20:23:00] <kuuke> :)
[20:38:15] <PjoT> oef 
[20:38:22] <PjoT> dat was een heftig hoofdstuk 
[20:38:29] <japio> oooow
[20:38:33] <PjoT> koelt gelukkig wel lekker af buiten 
[20:38:42] <PjoT> dat word gewoon lekker slapen vannacht
[20:38:46] <japio> mjah dr is voorderest tog nix op de zaterdag
[20:38:56] <PjoT> zit op 4 te kijken 
[20:39:00] <kuuke> Peter!
[20:39:02] <PjoT> leuke show voor kuuke
[20:39:08] <PjoT> met expirimentjes 
[20:39:18] <japio> prof nicolay en dr beckand
[20:39:24] <PjoT> ja die 
[20:39:24] <japio> oownee nog niet
[20:39:37] <PjoT> cola en mentos komt volgens mij strakjes nog voorbij
[20:39:42] <japio> ooowjah
[20:39:44] <japio> plof
[20:40:10] <japio> aah reclame
[20:40:16] <japio> kwas klere aan het vouwe
[20:43:19] <PjoT> ik ga voor A
[20:43:24] <japio> mie toe
[20:43:37] <japio> dr is geen vaste verbinding
[20:43:56] <kuuke> even de foto's van de foon halen, ben benieuwd of de albumsoftwareze op datum invoegt
[20:43:56] <PjoT> al deed de meneer een beetje smokkelen
[20:44:01] <PjoT> en sprong ie
[20:44:16] <kuuke> ineens was de accu leeg
[20:44:23] <kuuke> van de camera
[20:44:27] <japio> oeps
[20:44:29] <kuuke> beetje vervelend
[20:44:35] <kuuke> verder gegaan met de foon
[20:44:58] <kuuke> moet ze eens naast elkaar leggen maar volgens mij maakt de foon betere foto's dan de camera
[20:48:08] <japio> wel een leuke tekst op zijn sweater
[20:48:13] <japio> so des jus
[20:48:25] <japio> oftewel sodeju
[20:50:34] <PjoT> c
[20:50:39] <japio> ik ga voor de sonar
[20:50:49] <japio> wat is een lidar?
[20:51:03] <PjoT> geen idee
[20:51:23] <PjoT> maar volta had ik ook
[20:51:30] <japio> LIDAR is een technologie die de afstand tot een object of oppervlak bepaalt door middel van het gebruik van laserpulsen. De techniek is vergelijkbaar met radar, dat echter radiogolven gebruikt in plaats van licht
[20:51:32] <PjoT> ah licht
[20:52:32] <PjoT> zucht 
[20:52:37] <PjoT> de krekels zijn actief
[20:52:44] <PjoT> wil weer wham op zetten
[20:52:48] <japio> en tebbus slaapt?
[20:52:53] <PjoT> club tropicana 
[20:53:08] <PjoT> ja tebuus moet gaan slapen
[20:53:37] <japio> a
[20:53:42] <PjoT> wol
[20:54:05] <japio> mjah idd ik heb nog een schaap zien branden
[20:54:36] <PjoT> nee wel roosteren
[20:55:30] <japio> jah oke
[20:55:35] <japio> snipperschaap
[20:56:24] <PjoT> wol is net zoals haar
[20:56:41] <PjoT> zal "smelten" maar wil niet echt branden
[20:59:23] <kuuke> mooi, meteen een backupje draaien naar mijn Stack
[21:01:39] <PjoT> dat stack is wel grappig idd
[21:01:53] <PjoT> nu alleen hopen dat den haag nniet mee loert
[21:02:26] <kuuke> mja
[21:02:36] <PjoT> antwoord b
[21:02:39] <kuuke> dat heb je met iedere cloud
[21:05:07] <kuuke> heb nu 139 Gb in gebruik
[21:05:48] <japio> mmm na de pauze maar ff kijke
[21:05:54] <japio> vlamme enzo
[21:07:32] <PjoT> ja japio
[21:07:42] <PjoT> nu komen we oop kuuke zijn plek
[21:07:45] <PjoT> scheikunde
[21:07:57] <PjoT> wat als je dit bij dat stopt
[21:08:05] <PjoT> vlammen 
[21:08:10] <kuuke> :)
[21:08:10] <PjoT> pur schuim enz
[21:08:13] <kuuke> heb nog vakantie
[21:08:16] <kuuke> morgenvroeg weer
[21:08:17] <PjoT> leuke van die show
[21:08:30] <kuuke> collega van me had eens zijn bad afgepurd
[21:08:44] <kuuke> en ging toen met een aansteker kijken vanuit het klepj hoe het uitzag
[21:09:05] <kuuke> mja'witte tegels waren zwart en hij kon naar de kapper :P
[21:10:48] <kuuke> maar ik ga afk
[21:10:51] <kuuke> tot morgen ofzo
[21:13:43] <PjoT> maar tis wel erg basic ho al?
[21:13:48] <PjoT> nou truste dan
[21:13:56] <PjoT> erg vroeg hoor 9uur
[21:14:18] <har> straks inglourious bastards kijken
[21:14:35] <har> verveelt nooit
[21:15:50] <japio> en weg was diederik
[21:19:20] <japio> ik heb vanmiddag een paar steakmessen gekocht bij de deen
[21:19:26] <japio> man die zijn echt goed
[21:19:58] <japio> 2 voor 4,99
[21:20:03] <japio> merk gero
[21:29:59] <japio> dat blondje ziet er niet vervelend uit
[22:53:38] <PjoT> jaap ik ga je in de steek laten
[22:53:48] <PjoT> tot morgen
[22:53:51] *** Quits: PjoT (PjoT@sorcery-86v3aj.upc-i.chello.nl) (Quit: )
[22:53:52] <japio> dan zeg ik truste
[22:53:55] <japio> tl
