[08:10:15] *** Quits: Grandmasg (ik@sorcery-hkpjep.dynamic.ziggo.nl) (Connection closed)
[08:13:56] *** Quits: CloudBot (Cloudbot@sorcery-hkpjep.dynamic.ziggo.nl) (Ping timeout: 121 seconds)
[17:55:37] *** Joins: PjoT (PjoT@sorcery-86v3aj.upc-i.chello.nl)
[17:55:38] *** ChanServ sets mode: +o PjoT
[17:55:47] <PjoT> middag 
[17:55:58] <PjoT> zow lekker een dagje vrij
[17:56:12] <PjoT> breekt de week zo lekker 
[18:28:28] *** Joins: Grandmasg (ik@sorcery-hkpjep.dynamic.ziggo.nl)
[18:34:43] *** Joins: CloudBot (Cloudbot@sorcery-hkpjep.dynamic.ziggo.nl)
[18:34:46] <PjoT> Gilmer !
[18:37:22] <Grandmasg> Peter!
[18:38:24] <PjoT> heerlijk zo'n extra vrijdag avond in de week 
[18:38:37] <PjoT> jammer alleen dat het morgen dan al weer gelijk zondag is 
[18:39:00] <Grandmasg> Hier niet ... provinciehuis is dicht
[18:39:47] <PjoT> zow lang weekend dus 
[18:40:11] <Grandmasg> yep .. achterhuis slopen 
[18:40:53] <Grandmasg> aannemer is vandaag begonnen en vrijdag willen ze graven en boren
[19:04:20] <PjoT> zow grote verbouwing dus 
[19:04:33] <PjoT> sorry was even met de dino zoet 
[19:20:32] *** Joins: ZusterM (ZusterM@sorcery-50ucjo.zeelandnet.nl)
[19:20:32] *** ChanServ sets mode: +o ZusterM
[19:25:19] <ZusterM> 4een goede avond vanuit het zonnige zeeland
[19:38:04] <PjoT> Maaike !
[19:38:08] <PjoT> zow toe maar 
[19:38:16] <PjoT> zit effe lekker te wezen in zeeland
[19:38:25] <PjoT> krijg je nog mooi strandweer ook '
[19:38:39] <ZusterM> jep, best goed toeven hier, wind is nog wel fris
[19:38:50] <PjoT> ja nu nog wel 
[19:38:54] <ZusterM> we zijn nog niet naar zee geweest
[19:39:01] <PjoT> maar de komende dagen wordt het als maar beter
[19:39:09] <ZusterM> jep
[19:39:26] <ZusterM> jullie morgen nog naar een bevrijdingsfestival?
[19:39:45] <PjoT> euh schuur uit ruimen en op nieuw in ruimen 
[19:39:49] <PjoT> de heg snoeien 
[19:39:58] <PjoT> de kruidentuin doen 
[19:40:00] <ZusterM> oh niet genieten van je vrije dag, maar druk doen
[19:40:02] <PjoT> enz
[19:40:13] <PjoT> ik ben in de achtertuin bezig
[19:40:29] <ZusterM> kan ook lekker zijn 
[19:40:58] <PjoT> hoop inderdaad dat ik alles kan open gooien 
[19:41:11] <PjoT> beetje buiten/binnen bezig zijn
[19:42:44] <PjoT> dan vrijdag een halve dag bij de baas aan klooien en lekker weekend vieren er na 
[19:43:18] <ZusterM> heerlijk vooruitzicht
[19:44:05] <PjoT> zow nou zeker wel 
[19:44:41] <ZusterM> lekker de bbq aan
[19:44:58] <PjoT> nee zondag komt mams 
[19:45:04] <PjoT> dus doen we gourmet
[19:45:10] <PjoT> vindt ze leuker
[19:45:20] <PjoT> de 2 grote tuin deuren open
[19:45:23] <PjoT> en klaar
[19:46:42] <ZusterM> ook lekker
[19:47:08] <ZusterM> morgen gaan we misschien naar Vlissingen voor het bevrijdingsfestival
[19:47:39] <PjoT> ja als je de kans hebt zeker doen 
[19:48:55] <ZusterM> vorig jaar zijn we naar den bosch geweest met Luuk, NOra op de opvang gelaten
[19:49:04] <ZusterM> was leuk alleen het weer werkte niet mee
[19:49:12] <ZusterM> morgen willen we met zijn 4-en gaan
[19:49:52] <ZusterM> maar je hebt daar 8 podia op 8 verschillende plekken :(
[19:49:56] <PjoT> en dan doet het weer wel mee
[20:02:30] *** Joins: japio (japio@sorcery-b7q.4p9.137.31.IP)
[20:02:30] *** ChanServ sets mode: +o japio
[20:02:49] <japio> eindelijk eens 2 minuten stil
[20:03:07] <PjoT> ja gelukkig wel 
[20:03:29] *** Quits: ZusterM (ZusterM@sorcery-50ucjo.zeelandnet.nl) (Ping timeout: 121 seconds)
[20:10:07] *** Joins: ZusterM (ZusterM@sorcery-50ucjo.zeelandnet.nl)
[20:10:07] *** ChanServ sets mode: +o ZusterM
[20:10:15] <ZusterM> zo ik ben er weer
[20:10:35] <ZusterM> stukje doden herdenking gekeken
[20:11:12] <PjoT> ja hier ook 
[20:11:32] <ZusterM> Nora wil jammer genoeg niet slapen vanavond
[20:12:12] <ZusterM> ze heeft net bijna twee minuten stilte vol gehouden
[20:12:24] <PjoT> die heeft ook vakantie 
[20:12:36] <ZusterM> nu net weer terug in bed gelegd en ze is nu aan het krijsen
[20:13:02] <ZusterM> ik weet niet wat er met haar aan de hand is, is lekker dwars, niks is goed, eet slecht, drinkt slecht
[20:13:24] <PjoT> beetje vroeg voor puberteit
[20:13:30] <ZusterM> maar ze heeft geen koorts en als ze haar kuen even kan vergeten is ze gewoon lekker aan het spelen 
[20:13:39] <ZusterM> peuter puberteit
[20:14:53] <PjoT> en natuurlijk de weersverandering
[20:15:04] <ZusterM> :)
[20:15:20] <PjoT> langer licht buiten 
[20:15:25] <PjoT> en wie weet 
[20:15:25] <ZusterM> jep ook dat
[20:15:36] <ZusterM> maar ze was erg moe vandaag, dus 2x geslapen
[20:16:14] <ZusterM> maar dat heeft haar humeur ook niet mogen helpen
[20:16:20] <PjoT> ja dan is het logisch dat ze nu even geen zin heeft
[20:17:18] <ZusterM> ze ligt er al sinds 19.00u in 
[20:17:36] <ZusterM> en nu net iets voor 20.00u eruit gehaald
[20:17:38] <PjoT> owww 
[20:17:42] <PjoT> lekker laten gaan dan 
[20:17:53] <ZusterM> ze blijft hysterisch huilen 
[20:18:30] <PjoT> ja dat heb je met pubers 
[20:18:36] <ZusterM> tja
[20:18:40] <PjoT> dat wordt alleen maar erger ;) 
[20:18:42] <ZusterM> maar ik weet het soms niet meer
[20:18:59] <ZusterM> maar dan kan je met ze communiceren, ze kunnen dingen duidelijk maken als ze willen 
[20:19:47] <PjoT> euh
[20:19:51] <PjoT> nee
[20:20:03] <PjoT> zo gaat dat niet werken
[20:20:09] <PjoT> geloof me 
[20:20:25] <ZusterM> oh jammer
[20:20:27] <PjoT> er is een verschil tussen ruzieen en communicatie
[20:20:33] <ZusterM> ja dat is waar
[20:20:52] <ZusterM> Joris is er nu bij en lijkt rustig
[20:21:11] <ZusterM> hopelijk blijft dat ook zo als ze dadelijk weer terug haar tent in moet
[20:21:40] <PjoT> dat hoop ik dan ook 
[20:23:36] <ZusterM> joris is weer terug
[20:23:42] <ZusterM> en ze ligt erin
[20:25:50] <PjoT> ja maar is het nu ook stil?
[20:25:55] <PjoT> dat is het belangrijkste
[20:27:00] <ZusterM> ik durf het niet uit te spreken, bang dat ze zo weer begint
[20:27:13] <PjoT> hahaha
[20:27:19] <PjoT> dan gaat het goed 
[20:27:25] <PjoT> en zeg het dan maar niet 
[20:28:39] <ZusterM> :)
[20:40:10] * ZusterM gaat de laptop aan Joris geven
[20:40:13] <ZusterM> fijne avond nog
[20:40:28] <PjoT> laters!
[20:40:32] <PjoT> fijne avond
[20:45:08] <kuuke> Berlijn!
[20:46:00] <PjoT> Rotterdam !
[20:46:02] <japio> soow ik ben administratief weer helemaal bij
[20:46:07] <japio> mogguh huub
[20:46:15] <japio> peter!
[20:46:18] <japio> maaike!
[20:47:01] <japio> jij zat gister tijdens de onweersbui niet in de ballon huub...
[20:47:27] <kuuke> nope
[20:47:39] <PjoT> gelukkig maar
[20:47:46] <kuuke> heb dat ding wel gezien
[20:47:54] <kuuke> vlakbij checkpoint charley
[20:47:57] <japio> las ut in de krant gister
[20:48:05] <kuuke> heb alleen geen onweer gehad
[20:48:15] <kuuke> is wel een frontje overgetrokken met een paar druppels
[20:48:25] <japio> berlijn is groot
[20:48:34] <PjoT> het frontje scheen wel te wapperen op 100meter
[20:48:38] <kuuke> jup
[20:48:38] <PjoT> 100
[20:49:11] <kuuke> van kreuzberg terug naar hotel was 45 minuten met de bus
[20:49:42] <japio> aah je heb al iets gezien in de city
[20:50:24] <kuuke> al twee dagen ja
[20:50:49] <japio> maar zijn jullie met z'n 2e of is xuan ook mee?
[20:50:56] <kuuke> 4
[20:50:59] <kuuke> ma ook
[20:51:04] <japio> ooow
[20:51:27] <japio> hoelang deed de bus er nou over?
[20:52:21] <kuuke> bijna 10 uur met de rustpauzes erbij
[20:52:31] <japio> soow toch nog
[20:52:58] <kuuke> 3 keer 45 minuten pauze
[20:53:12] <japio> oow 1 pauze extra
[20:53:25] <japio> 2 keer voor de chauffeurs en 1 voor jullie
[20:54:20] <kuuke> moeten het doen met 1 chauffeur
[20:54:22] <kuuke> gerrit
[20:54:30] <japio> haha oow
[20:54:51] <kuuke> jouw leeftijd schat ik
[20:54:59] <PjoT> lol
[20:55:05] <PjoT> zal wel geen toeval zijn 
[20:55:20] <japio> dat is vaak dat oud internationaal chauffeurs overstappen op een touringcar
[20:56:16] <kuuke> rijden kan-ie wel, praten niet
[20:56:21] <kuuke> komt niet uit zjn woorden
[20:56:22] <PjoT> ja die willen vaker thuis slapen
[20:56:29] <japio> hahah jah lang alleen geweest he
[20:56:35] <kuuke> deze gaat 20x per jaar met vakantie :)
[20:56:48] <japio> aah net als ik dus
[20:56:56] <japio> nee ik meer
[20:56:58] <kuuke> 5 dagen was de kortste vakantie
[20:57:22] <japio> als tie maar gen pendelwerk doet
[20:57:34] <japio> somers heen en weer parijs zeg maar
[20:59:49] <japio> ik heb sinds maandag een verkoudheidje opgelopen en ik heb daarnu aleen een kriebelhoest van overgehouden
[21:00:15] <japio> maar die is zo irritant en aanwezig dat ik tijdens het hoesten gewoon hoofdpijn krijg
[21:00:37] <PjoT> heb je geen hoestdrank of trachitol of zo?
[21:00:54] <PjoT> morgen effe stoppen bij een etos of zo 
[21:00:55] <japio> nee ik had nisyleen maar das inmiddels op
[21:01:06] <japio> maar de zon werkt ook mee aan de hoofdpijn hoor
[21:01:09] <PjoT> die heet daar anders 
[21:01:44] <japio> mjah ben vrijdag thuis dan maar weer ff me medicijntasje bijvullen
[21:02:18] <japio> maar ik had gister trouwens nog beste pech
[21:02:21] <PjoT> morgen geen tijd om lokaal even ergens te stoppen ?
[21:02:32] <japio> heb gister nog un 3 uur in de garage gestaan
[21:02:42] <PjoT> was je stuk?
[21:03:11] <japio> jah van me rechter aandrijfwiel was de remschijf afgebroken van de as
[21:03:33] <PjoT> pfoe 
[21:03:42] <japio> die zit normaal gemonteerd met een binnentandwielen daarop een buientandwiel
[21:03:54] <japio> maar die tanden waren helemaal weggesleten 
[21:04:16] <japio> tijdens het remmen gleed tie over de tanden heen met een hels kabaal
[21:05:08] <japio> ik heb dat ding nu in me palletkist liggen, dan kunnen ze in zwaag zien hoe het eruit ziet
[21:05:16] <japio> 1=0 real
[21:05:21] <PjoT> was ie net zo tandloos als zijn baasje ?
[21:05:26] <PjoT> tandloos ook 
[21:05:27] <japio> hahaah jah
[21:05:38] <PjoT> ow gaat rap zat even iets anders te loeren
[21:06:02] <japio> mooie kol van beel trouwens
[21:06:09] <japio> kool ook
[21:06:49] <kuuke> slecht onderhoud in zwaag ...
[21:07:07] <PjoT> luie monteur 
[21:07:22] <PjoT> die is liever met zijn bollen bezig
[21:09:36] *** Joins: ZusterMLaptop (ZusterM@sorcery-50ucjo.zeelandnet.nl)
[21:10:22] <japio> nee dit heeft een andere oorzaak
[21:10:45] <japio> je kan die tandwielkrans pas zien als je alles demonteerd
[21:10:59] <japio> en dat doe je tijdens een onderhoud niet
[21:11:06] <japio> maar ziet er wel heel raar uit
[21:12:04] *** Quits: ZusterM (ZusterM@sorcery-50ucjo.zeelandnet.nl) (Ping timeout: 121 seconds)
[21:12:32] <PjoT> ja mijn opa zonder gebit ziet er ook raar uit , ik snap ut
[21:14:16] <PjoT> :)
[21:14:40] <japio> daar heb jij ook het een en ander van geerft zeker....
[21:14:42] <japio> runs
[21:15:15] <PjoT> krijg een lekke band (of 16 ) :P
[21:15:31] <japio> nee 18
[21:15:52] <japio> 8 op de hanger en 10 onder de motorwagen
[21:16:53] <PjoT> 16 is genoeg werk ;) 
[21:17:20] <japio> ffde foto's naar me lappert aan het bleutooten
[21:17:29] <japio> ff kijken of het zichtbaar is
[21:20:47] <japio> http://prntscr.com/b0aagq    http://prntscr.com/b0aasg
[21:21:52] <kuuke> mja
[21:21:54] <kuuke> leuk
[21:22:02] <kuuke> als je weet hoe het er eigenlijk uit moet zien :)
[21:22:27] <PjoT> lijkt op het stuur huis van de geus 
[21:22:40] <PjoT> is ook een tandenloze zooi na 45 jaar 
[21:22:43] <japio> hahahahah dis un remskijfje he
[21:24:32] <kuuke> ik ben even badderen
[21:24:40] <kuuke> duits water verknoeien
[21:24:45] <japio> badderze
[21:24:46] <kuuke> ze hebben dat hier nogal
[21:24:49] <kuuke> veel
[21:25:02] <PjoT> badderze
[21:25:45] <japio> badeendje mee?
[21:26:13] <PjoT> nee ik heb geen eendje
[21:33:34] <japio> ik zou me toch het rambam lagge als MC vlak voor tijd gelijk maakt
[21:38:55] <kuuke> eendjes zitten buiten in de Havel
[21:39:00] <PjoT> ik moet wat anders loeren dus hou me op de hoogte aub
[21:39:03] <kuuke> samen met 100 miljoen muggen
[21:41:20] <japio> aaah je heb huisdiertjes
[21:41:40] <japio> aah je heb huisdiertjes
[21:43:26] <PjoT> ah kuuke heeft de zelfde huisdieren als ik 
[21:43:41] <kuuke> nee,ze zitten aan het water
[21:43:49] <kuuke> hier op de kamer geen last van die beesten
[21:44:25] <PjoT> ah dan doe jij het beter
[21:44:43] <PjoT> hier zitten ze in de kruipkelder
[21:44:50] <PjoT> en genoeg in huis
[21:45:14] <PjoT> en zodra het dadelijk 20+ graden wordt verwacht ik wel een ontploffing aan nieuw leven
[21:48:14] <kuuke> ik zit een 50 meter van de rivier af
[21:48:25] <kuuke> zomerdag zullen er idd wel meer van di krengen rondsteken
[21:49:15] <PjoT> ik 25 maar het grondwater staat zo hoog dat na de ophoging toch alles weer nat staat in de kelder
[21:49:20] <PjoT> tis drama
[21:49:46] <PjoT> ophoging bij de buren gaat niet eens door omdat het zo hoog staat
[21:49:57] <japio> er is dus nog niets mee gebeurt begrijp ik
[21:52:44] <PjoT> in het najaar gaat de gemeente wat doen 
[21:52:56] <PjoT> maar omdat de voortuin 12meter diep is 
[21:53:06] <PjoT> kunnen ze niet garanderen dat het werkt
[21:53:21] <PjoT> maar ik mag er wel op aansluiten ( voor eigen rekening) 
[21:53:42] <japio> mjah als je maar betaald
[22:03:18] *** Quits: ZusterMLaptop (ZusterM@sorcery-50ucjo.zeelandnet.nl) (Quit: Leaving)
[22:09:49] <kuuke> goed, ik ga fsluiten
[22:09:52] <kuuke> morgen zware dag
[22:10:01] <kuuke> helemaal naar Potsdam en terug :)
[22:10:04] <PjoT> veel plezier 
[22:10:06] <PjoT> en truste
[22:10:10] <kuuke> ty
[22:10:31] <japio> vel plezier morgen huub
[22:10:36] <japio> en truste
[22:24:17] <japio> ik zie nergens het engelse voetbal van city
[22:24:25] <japio> zo traag zo traag
[22:24:35] <japio> van city dan he
[22:25:13] <PjoT> chiet niet op dus 
[22:25:39] <japio> loopt er een pingelaar op links die elke keer de bal verliest
[22:34:23] <PjoT> mc gaat het niet redden 
[22:34:33] <japio> nee
[22:34:55] <japio> veels te traag en veels te laks
[22:37:52] <PjoT> nog langer
[22:38:13] <PjoT> einde
[22:38:15] <japio> klaar
[22:38:30] <japio> madrid-madrid
[22:40:14] <PjoT> herhaling van een paar jaar gele
[22:40:35] <PjoT> wordt een makkie voor de real
[22:40:52] <japio> jah denkk het ook
[22:41:11] <japio> 350 miljoen tegen 200 miljoen
[22:41:20] <japio> magoe die wedstrijd sla ik over
[22:42:42] <japio> mmmm het bericht gaat dat max vanaf spanje kyvat vervangt
[22:42:51] <japio> max met een vleugeltjeswagen
[22:43:10] <PjoT> ow?
[22:43:24] <japio> las net een bericht van har
[22:43:27] <japio> op fb
[22:43:29] <PjoT> niks over gehoord of gelezen
[22:43:37] <PjoT> roddel of niet 
[22:43:38] <japio> nee ik ook niet
[22:43:41] <PjoT> zou geweldig zijn 
[22:45:17] <japio> twas wel een dreiging van de week
[22:45:26] <japio> hij moest op het matje komen
[22:45:58] <japio> en de grote baas had al besloten dat max volgend seizoen in een vleugeltjeswagen zou rijden
[22:46:54] <japio> trouwens ut komt niet van har af maar van een andere kennis van me
[22:49:29] <PjoT> ik heb geen idee wat daar intern speelt 
[22:49:30] <japio> wanneer is spanje??
[22:49:40] <PjoT> niet dit weekend maar erop
[22:49:47] <PjoT> barca
[22:49:58] <japio> oke
[22:50:27] <PjoT> maar men baalt wel dat ZIJN 2015 ferrari plofte die zgn zo betrouwbaar was
[22:51:12] <PjoT> hij was wel de best stier rijder die wedstrijd 
[22:51:26] <japio> jep en het gerucht gaat dat kvyat die nu krijgt
[22:54:11] <PjoT> denk dat het wishful denken is 
[22:54:26] <PjoT> als het gebeurd zal het volgend seizoen zijn
[22:54:29] <japio> jah ik wil het ook eerst zien en dan geloven
[22:55:30] <PjoT> ik ook 
[23:01:46] <japio> gheghe lagge trouwens, vanaf vanmidag tot en met dinsdag moggen we het zelf uitzoeken, onze hoofdplanner is dan naar de kermis
[23:02:04] <japio> de baas is er smorgens en planner 2 smiddags
[23:02:26] <japio> zal vrijdag niet veel te doen zijn als ik van de boot kom
[23:04:07] <PjoT> makkie dus
[23:04:32] <PjoT> das mooi want zondag is moeder dag 
[23:07:20] <japio> mjah ik hoef geen cadeautje te kopen
[23:07:37] <PjoT> ik mag het niet , maar ik mag wel voor dr koken 
[23:07:48] <japio> aar vreemde is dt ik er nog niets over gehoord heb want normaal ist dan druk in de bloemen
[23:08:06] <PjoT> jij zit ook ver weg in een ander land
[23:08:10] <japio> maar we gaan het meemaken
[23:08:23] <japio> als ik de 20e maar om 3 uur thuis ben
[23:08:30] <PjoT> dus zondag middag heb ik visite 
[23:08:37] <japio> moet nog wel ff bellen met die gassies van de kpn
[23:08:40] <PjoT> gelukkig is de f1 een week later 
[23:08:45] <japio> jah
[23:08:55] <japio> ist dan pinkster??
[23:09:35] <PjoT> geen idee wat het is maar die maandag ben ik wel vrij 
[23:09:53] <PjoT> dus ja dat ken 
[23:10:04] <japio> jah dus
[23:10:10] <japio> 15 mei spanje
[23:10:32] <japio> mjah ik zal wel op de maandag vertrekken
[23:11:18] <japio> tot 27 november zijn dr races
[23:11:29] <japio> dan is in de zandbak
[23:13:59] <PjoT> mocht max nog in de str zitten dan heeft ie 5 wagens achter um en voor de rest is ie kansloos 
[23:14:36] <japio> jah
[23:14:57] <japio> zit tie in een rb dan heeft tie er 5 voor zich en de rest is kansloos
[23:15:16] <PjoT> hopelijk ziet dokter marco het dan ook nog in um zitten 
[23:15:17] <japio> en nog een inhaalactie of 2 en hij staat op het podium
[23:15:53] <japio> maar het zou mij benieuwen hoor of het waar is
[23:17:27] <japio> en dan moet tie eerst nog met de monteurs praten en wat al niet meer
[23:17:29] <PjoT> ik denk wel dat max laat zien dat ie een stoeltje verdiend
[23:17:35] <japio> km maken met de wagen
[23:17:47] <PjoT> dus dat is wel een blijvertje 
[23:17:47] <japio> jah dat wel
[23:17:58] <PjoT> alleen waar en bij wie ?
[23:18:09] <japio> maar twas al zeker dat hij er volgend jaar 1 kreg in de red b
[23:18:33] <PjoT> las vandaag dat jason bijna getekend had bij williams
[23:18:53] <PjoT> en dat er nog steeds liefde is met zijn ex werkgever
[23:18:54] <japio> en vorige week was al bekend dat kvyat op het matje moest komen en de grote baas was um al zat
[23:19:52] <PjoT> ja die derde plek vorige race heeft um even gered
[23:20:21] <japio> jah nadat tie euh dinghes uit de baan reed
[23:20:35] <PjoT> vuttel
[23:20:41] <japio> vettel
[23:20:56] <PjoT> ook een raar mannetje aan het worden
[23:20:57] <japio> nu tikte hij vettel 2 keer aan
[23:21:19] <PjoT> om te zeiken bij de teambaas van je vorige werkgever
[23:21:23] <japio> trouwens de tomtom he...... die werkt perfect
[23:21:29] <japio> ben dr heel blij mee
[23:21:42] <PjoT> fijn om te horen 
[23:21:57] <PjoT> en dan heb ik bier te goed ;)
[23:22:14] <japio> maar zei je nou dat je elk jaar een nieuwere kaart kon installeren??
[23:22:26] <japio> jah zeker te weten
[23:22:26] <PjoT> ja
[23:22:30] <japio> kee dan
[23:22:42] <PjoT> hij is "gekraakt" 
[23:22:44] <japio> ik raak arm aan jou van het te goede bier hahha
[23:22:58] <PjoT> dus nu is het knippen en plakken
[23:23:10] <PjoT> en 1 goed txt bestandje
[23:23:17] <japio> vanmiddag ff in de tunnel van liverpool getest
[23:23:26] <japio> tunnel is 3,5 km
[23:23:41] <japio> binnen 5 sec na de tunnel had ik wer beeld
[23:24:10] <PjoT> gps software is ook updated
[23:24:25] <japio> die andere moest ik om de 2 dagen resetten
[23:24:38] <PjoT> lol
[23:24:48] <japio> dees werkt nu ook, hij blijft beeld houden dus ik kan me cam weer ophangen
[23:25:40] <PjoT> mocht je ooit een ouwe "over" hebben wil ik daar de echte truck versie op zetten
[23:26:00] <japio> ik heb er nu 3
[23:26:02] <PjoT> rotte is dat ie meer gehei=ugen nodig heeft
[23:26:26] <PjoT> die kaarten zijn bijna 4 GB 
[23:26:28] <japio> 1 spikslinter nieuwe waarbij ze me niet vertelde dat ik de snelheid kon aanpassen
[23:26:52] <japio> en me huidige die stoort op opname apparatuur
[23:27:13] <japio> ik kan je de nieuwste opsturen
[23:27:34] <japio> maar dat menu is dusdanig idioot dat tie dus niet meer bruikbaar is
[23:27:41] <PjoT> hahaha
[23:28:04] <japio> de nieuwste tomtom zijn meer voor hoe kom ik zo snel mogelijk bij de sponsers van tom tom
[23:28:13] <PjoT> maar effe ge) 
[23:28:23] <PjoT> geen tijd
[23:28:26] <japio> met 2 drukken op de knop heb ik een shell gevonden
[23:28:27] <PjoT> sorry 
[23:28:35] <PjoT> eerst die boot verkopen
[23:28:43] <PjoT> hoor dat deze modern is 
[23:28:51] <japio> en met 2 drukken op de knop zit ik in een 5 sterren hotel van van dr valk
[23:28:52] <PjoT> dus gaat weer een zondag in zitten
[23:29:07] <japio> nee geeft niet
[23:29:16] <japio> dees werkt perfect
[23:29:25] <japio> andere test is de rit naar geneve
[23:29:33] <japio> dan kom ik 4 tunnels tegen
[23:29:40] <japio> en bergen
[23:30:26] <PjoT> rotte van de truck kaarten is dat ze gaan van denemarken tot gribraltar
[23:30:34] <PjoT> en van uk tm polen zeg maar
[23:30:53] <PjoT> dingen zijn nog al groot (logisch)
[23:30:54] <japio> jah maar die nieuwe heeft meer inhoud hoor
[23:31:09] <japio> ik zal um wel opsturen
[23:31:18] <japio> ik gebruik um toch niet
[23:31:21] <PjoT> wacht maar 
[23:31:31] <japio> en misschien kan je aan het menu sleutelen
[23:31:32] <PjoT> ik heb voorlopig geen tijd
[23:31:40] <japio> oude menu dr op ofzo
[23:31:42] <PjoT> sorry
[23:31:49] <japio> nee geeft niet
[23:31:52] <PjoT> ja ik weet wat je wil
[23:32:02] <PjoT> maar ik moet eerst andere dingen doen 
[23:32:09] <japio> maar hij ligt toch ergens in de kast
[23:32:14] <PjoT> en ik weet wel wat IK er mee wil 
[23:32:26] <PjoT> echt de truck variant
[23:32:30] <japio> ooow maar al zou het volgend jaar worden dan geeft het nog niet
[23:32:39] <PjoT> oke dan :)
[23:32:55] <PjoT> onder die voorwaarde
[23:33:05] <japio> dees die je nu aangepast heb werkt perfect voor mij
[23:33:09] <PjoT> maar er is altijd 1 risico eh 
[23:33:13] <japio> 2 keer bier....
[23:33:19] <japio> jajajajaja
[23:33:23] <PjoT> geen garantie 
[23:33:27] <japio> maar bij die nieuwe geeft dat niet
[23:33:35] <PjoT> ik moet de bios flashem 
[23:33:48] <PjoT> en als die lukt is het verder een eitje 
[23:33:54] <japio> jajaj die nieuwe gaat of naar jou of naar de vuilnisbak
[23:34:00] <japio> dan liever naar jou
[23:34:22] <PjoT> heb de spullen staan 
[23:34:55] <PjoT> ben ook klaar voor de uitdaging 
[23:35:00] <PjoT> alleen nu effe niet
[23:35:06] <japio> komt goed
[23:35:24] <PjoT> wil jou wel op weg sturen met hoogte en gewicht restricties enzo 
[23:35:48] <PjoT> effe een ander menuutje
[23:36:15] <japio> jah maar pas op...... ik kom op wegen waar normaal gen vrachtwagens kunnen komen maar door bepaalde truukjes kunne wij dat wel he
[23:36:48] <PjoT> oke 
[23:36:49] <japio> want een truukversie moet ik toch gedeeltelijk instellen als personenwagen 
[23:37:22] <PjoT> gaat mij meer om de maastunnel traverse
[23:37:22] <japio> want met mijn 4 mtr hoge wagen kom ik onder een viaduct van 3,90 door
[23:37:51] <japio> mijn luchtvering kan ik ver laten zakken en met de hoogte speling kom ik er onderdoor
[23:37:53] <PjoT> of je nu 2ton 20ton 50ton ben met 2.40meter hoog heb je toch echt een probleem
[23:38:04] <japio> hahahahahah jah
[23:38:45] <japio> maar dat is waar hor want hier in engeland zijn ook veel hele lage viaducten
[23:38:56] <PjoT> het gaat er idd om dat stomstom zeg joh 4 meter max
[23:39:00] <japio> en bruggen van 3 ton
[23:39:13] <japio> jah klopt
[23:39:17] <PjoT> en jij beslist ja kan of kan niet 
[23:39:25] <japio> jep
[23:39:32] <PjoT> naar de waarschuwing komt wel
[23:40:21] <japio> maar ik ben nog van de oude garde en weet wat wel en niet kan dus ik gebruik mijn laptop als overzichtskaart en kan direkt zien waar de dichtsbijzijnde grote weg is
[23:40:41] <japio> en als alles uitvalt heb ik nog een papieren atlas in me cabine
[23:40:49] <japio> zoals we vroeger deden
[23:40:49] <PjoT> ja snap ut
[23:40:58] <PjoT> zaterdag eerst de daken af maken 
[23:41:12] <PjoT> en daar na de schuit rap te koop zetten
[23:41:12] <japio> lekkage??
[23:41:20] <PjoT> nee laagje verf
[23:41:25] <japio> aah oke
[23:41:36] <PjoT> maar moest droog zijn en dat was het de afgelopen weken niet 
[23:41:36] <japio> tis meer een winter klusje de tomtom
[23:42:13] <PjoT> dan nog een badkamertje
[23:42:30] <PjoT> en de gang behngen witten en verven
[23:42:34] <japio> jah bij mij eigenlijk ook een badkamer klussie
[23:42:35] <PjoT> achter tuin zooi 
[23:42:39] <PjoT> en een riool
[23:42:40] <japio> maar die besteed ik uit
[23:42:46] <PjoT> maar daar na... 
[23:42:54] <PjoT> euh vakantie
[23:42:58] <PjoT> owja
[23:44:11] <japio> ik wil een soort van masage bad hebben en de zitrichting van me toilet moet 90 graden gedraaid worden
[23:44:52] <japio> maar ik moet evengoed in me bad kunnen staan en kunnen douchen
[23:45:14] <PjoT> ja het mannetje heb ik wel 
[23:45:27] <PjoT> maar je woont een tikkie te ver weg
[23:45:32] <japio> hahaah jah
[23:45:44] <japio> maar die douche besteed ik ff uit
[23:46:16] <PjoT> rene (boot maatje) doet alleen maar keukens en badkamers en wc;s
[23:46:58] <PjoT> maar ik denk niet dat ie 4 dageb op en neer gaat tuffen
[23:47:24] <PjoT> is ook niet leuk voor de prijs vrees ik 
[23:47:51] <japio> hahahah nee
[23:48:24] <japio> en dan moet er nog naar de maten gekeken worden want een standaard bad past niet
[23:48:44] <japio> ik mis 10 cm ruimte
[23:49:04] <PjoT> schuin plaatsen een optie ?
[23:49:26] <japio> nope
[23:49:38] <PjoT> jammer
[23:49:42] <PjoT> maarre japio
[23:49:56] <PjoT> ik ga de krekels truste zeggen
[23:49:58] <japio> maar ik moet ut nog us goed laten berekenen
[23:50:14] <japio> heb al op een paar websites gezien dat het mogelijk is
[23:50:22] <japio> jah ik ga ook zo
[23:50:30] <japio> half acht wekker
[23:50:33] <PjoT> ja jij heb een uur voordeel
[23:50:44] <japio> dat is hier half 7
[23:50:46] <PjoT> nogwel
[23:50:56] <japio> jah
[23:50:58] <japio> gheghe
[23:51:13] <PjoT> ga lekker pitten 
[23:51:21] <japio> ik zeg truste peter
[23:51:25] <PjoT> morgen verder met de klussen
[23:51:37] <PjoT> goeie overtocht en tot vrijdag
[23:51:44] <japio> kee dank je
[23:51:50] <japio> jep tot vrijdag
[23:52:06] <PjoT> laters !
[23:52:13] *** Quits: PjoT (PjoT@sorcery-86v3aj.upc-i.chello.nl) (Quit: )
[23:52:26] *** Quits: japio (japio@sorcery-b7q.4p9.137.31.IP) (Quit: )
