[03:01:37] <Grubeater> Mogge.
[10:35:18] *** Joins: Fear-factoR (fear-factor@sorcery-v0dobs.dynamic.ziggo.nl)
[13:33:56] *** Joins: PjoT (PjoT@sorcery-86v3aj.upc-i.chello.nl)
[13:33:56] *** ChanServ sets mode: +o PjoT
[13:34:02] <PjoT> middag
[13:54:04] *** Quits: PjoT (PjoT@sorcery-86v3aj.upc-i.chello.nl) (Quit: )
[15:33:54] *** Quits: japio (Japio@sorcery-gvcm7d.adsl-surfen.hetnet.nl) (Quit: Geen paniek, Ik drukte op het verkeerde kruisje..)
[15:35:54] *** Joins: japio (Japio@sorcery-gvcm7d.adsl-surfen.hetnet.nl)
[15:35:54] *** ChanServ sets mode: +o japio
[16:42:48] <kuuke> Thuis!
[16:47:50] <japio> weekend?
[16:48:28] <kuuke> http://www.telegraaf.nl/tv/nieuws/binnenland/25611203/__Tankwagen_vol_appelsap_kantelt_op_A2__.html
[16:48:30] <kuuke> jij weer
[16:48:39] <kuuke> tanker met appeltjessap onderuit
[16:48:46] <kuuke> recht stuk weg daar
[16:48:50] <kuuke> hoe kan die dan kantelen?
[16:48:54] <japio> whahahah nope ik vervoer plantjes en die hebben andere sappen
[16:48:56] <kuuke> zo hard waait het nu ook weer niet
[16:49:46] <japio> jah das mij ook ff een raadsel
[16:50:13] <japio> je kan een heleboel verzinnen maar de chauffeur weet het antwoord
[16:50:26] <kuuke> die is met een natte broek vrij
[16:51:25] <kuuke> ut kreng lekt niet
[16:51:27] <japio> mjah daar staat niets over vermeld
[16:51:37] <kuuke> grote tanker
[16:51:44] <kuuke> 20 kuub appeltjessap of zo
[16:52:27] <japio> http://www.1limburg.nl/a2-uren-dicht-door-gekantelde-tankwagen
[17:00:43] <kuuke> juh
[17:33:21] <japio> sjees planner ist een beetje kwijt
[17:33:26] <japio> beld hij ineens
[17:33:53] <japio> onderweg mogen we eigenlijk niet bellen tenzij het strikt noodzakelijk is
[17:34:25] <japio> nu beld hij mij wel met een heel verhaal over waar andere chauffeurs heen zijn en ik hoor morgenochtend war ik heen moet
[17:34:49] <japio> hangt ff af van de auto die uit albenga terugkomt met lading
[17:35:08] <japio> we zien ut wel
[17:35:26] <japio> hij respecteerde wel dat ik geen zin had om naar ierland te gaan
[17:35:32] <japio> kutland
[17:36:24] <kuuke> hmm
[17:36:30] <kuuke> moet je morgen al weer werken?
[17:36:40] <kuuke> ik bena fk
[17:36:45] <kuuke> hapje vreten doen enzo
[17:36:53] <japio> nee of zondag of maandag
[17:36:55] <kuuke> en meteen een Mythos voor vanavond koud maken
[17:36:57] <kuuke> okay
[17:37:00] <kuuke> tot laters
[17:37:03] <japio> hangt ook ff van die andere chauffeur af
[17:37:21] <japio> jah ik ga ook ff wat voer maken
[17:37:48] <japio> nog 1 weekje en dan weekje vrij
[18:25:10] <kuuke> zo
[18:25:12] <kuuke> voer is op
[18:26:51] <japio> nog 3 hapjes
[18:31:22] <japio> blurppppp
[18:31:31] <japio> sooow da wa lekkah
[18:55:28] *** Quits: Fear-factoR (fear-factor@sorcery-v0dobs.dynamic.ziggo.nl) (Quit: aap)
[19:24:17] <japio> pfff de ovation of the seas ligt nu in rotterdam
[19:24:39] <japio> die geus is 347 mtr lang en 41,40 mtr breed
[19:25:09] <japio> dr kunnen een 4905 petertjes op
[19:25:34] <kuuke> beroerde manier van vakantie vieren vind ik dat
[19:25:54] <japio> ik kan het werkelijk niet geloven dat mensen dit leuk vinden
[19:26:08] <japio> 70% van de tijd zie je water
[19:26:09] <kuuke> heb een collega die iederjaar op kroes gaat
[19:26:15] <kuuke> kan er helemaal niks mee
[19:26:16] <japio> en af en toe mag je ff aan land
[19:26:18] <kuuke> hij vindt het geweldig
[19:26:49] <japio> ik vind de kroes van HvH naar killingholme al lang genoeg
[19:30:23] <kuuke> VVV - Fortuna begint mogelijk later. Spelersbus is net pas aangekomen. Rondom Roosteren staat het compleet en volledig vast
[19:30:43] <japio> vanwege die liggende tankwagen?
[19:30:48] <kuuke> jup
[19:31:00] <kuuke> die wordt op zijn vroegst pas rond middernacht weggetakeld
[19:31:21] <kuuke> even die griek uit de koelkast rukken
[19:31:22] <kuuke> brb
[19:38:39] <Henk> http://www.gearbest.com/projector/pp_264151.html
[19:40:12] <kuuke> mja
[19:40:30] <kuuke> zakgeld is opperdepop
[19:41:02] <Henk> tja
[19:41:12] * Henk is am arbeit, tot morgen
[19:41:22] <Henk> weekendje bijna klokje rond werken
[19:41:24] <Henk> o/
[19:44:24] <kuuke> jaja...
[19:44:25] <kuuke> 0/
[19:58:02] <kuuke> en toch komt er een vreemde ruft uit die flesjes Mythos
[20:01:33] <japio> hahahahahahaha
[20:01:49] <japio> je moet er niet met je neus boven hangen
[20:07:59] <kuuke> heb een glas vol gekiept met dat bocht
[20:08:05] <kuuke> 1 euro per flesje
[20:08:48] <japio> mjah als je het in een glas hebt dan wordt het moeilijk om de neus weg te houden boven het glas
[20:09:46] <kuuke> uhuh
[20:12:59] <kuuke> hmm, 150 blokkers op de tocht
[20:13:05] <kuuke> zal geleen wel weer gaan sluiten
[20:13:16] <japio> mjah niet alleen geleen
[20:14:34] <kuuke> nee, nog 149 andere ook
[20:14:35] <japio> wel un puntje gheghe jij noemt blokkers.. wij hebben hier in noord-holland een plaatsje wat blokker heet, we hebben ook een plaatsje oosterblokker wonen misschien een paar oostblokkers 
[20:19:34] <japio> nou ik denk dat de 3 boompjes die ik 2 weken geleden verplaatst heb in de tuin geen schade hebben opgelopen
[20:19:50] <japio> zie bij alle 3 jonge spruitjes op de takken
[20:23:16] <kuuke> ik vrees dat mijn appeltjesboom dit jaar al gaat bloesemmen
[20:23:23] <kuuke> de uk is net een meteroid hoog
[20:23:58] <japio> mijn kersenboompje ook
[20:24:05] <japio> al volop in de bloesem
[20:25:17] <kuuke> LOOL
[20:25:31] <kuuke> 15 jaar zonnepanelen hebben en dan ontdekken dat ze nooit zijn aangesloten :P
[20:25:40] <japio> hahahaha jah dat las ik ook
[20:29:42] <japio> oeps sittard 1-0 achter
[20:29:53] <kuuke> juh
[20:29:56] <kuuke> zijn losertjes hoor
[20:30:01] <kuuke> opdoeken dat cluppie
[20:31:57] <japio> jah
[20:32:12] <japio> straks subsidi vragen bij de gemeente natuurlijk
[20:32:34] <japio> kijk en dit verwachte ik
[20:32:49] <japio> sparta is inmiddels kampioen en speelt tegen volendam
[20:33:13] <japio> volendam verliest de laatste tijd veel maar staat 1-0 voor op sparta
[20:33:17] <japio> cadeuatje dus
[20:37:39] *** Joins: ZusterM (ZusterM@sorcery-s5s.dn4.159.88.IP)
[20:37:39] *** ChanServ sets mode: +o ZusterM
[20:38:43] <japio> maaike!
[20:38:59] <kuuke> ik ga afk
[20:39:03] <kuuke> limpje loeren ofzo
[20:39:10] <japio> limpze
[20:39:10] <kuuke> filmpje
[20:39:15] <ZusterM> He Jaap
[20:39:17] <ZusterM> He Huub
[20:39:23] <ZusterM> veel kijk plezier
[20:39:28] <japio> ff HGT kijken
[20:40:36] <ZusterM> oh is het wat
[20:40:46] <japio> eerste act moet nog komen
[20:40:53] <japio> vorige keer haakte ik snel af
[20:41:00] <japio> was toen niet veel soeps
[20:43:17] <ZusterM> ok
[20:49:13] <japio> toch maar ff naar VI gegaan
[20:53:16] *** Joins: PjoT (PjoT@sorcery-86v3aj.upc-i.chello.nl)
[20:53:16] *** ChanServ sets mode: +o PjoT
[20:53:30] <ZusterM> he Peter
[20:53:35] <japio> peter!
[20:53:42] <PjoT> jaap !
[20:53:45] <PjoT> maaike !
[20:56:41] <japio> ik rij zomaar ff un paar daagjes met een megane
[20:56:49] <japio> wat een mooie wagen is dat zeg
[20:58:27] <PjoT> zekers
[20:58:47] <PjoT> ligt wel aan het model
[20:59:28] <japio> niet het laatste model
[20:59:32] <japio> model ervoor
[21:16:50] *** Joins: Grandmasg1 (ik@sorcery-hkpjep.dynamic.ziggo.nl)
[21:18:55] *** Quits: Grandmasg (ik@sorcery-hkpjep.dynamic.ziggo.nl) (Ping timeout: 121 seconds)
[21:18:59] *** Grandmasg1 is now known as Grandmasg
[21:19:29] *** Quits: CloudBot (Cloudbot@sorcery-hkpjep.dynamic.ziggo.nl) (Ping timeout: 121 seconds)
[21:21:12] *** Joins: Grandmasg1 (ik@sorcery-hkpjep.dynamic.ziggo.nl)
[21:23:55] *** Quits: Grandmasg (ik@sorcery-hkpjep.dynamic.ziggo.nl) (Ping timeout: 121 seconds)
[21:24:01] *** Grandmasg1 is now known as Grandmasg
[21:51:49] <japio> whahahahaha ik kijk weer ff naar hgt
[21:51:55] <japio> heerlijke act
[21:52:18] <ZusterM> ja is het leuk?
[21:52:18] <japio> groothuizen dacht dat hij zij dat tie een varken was
[21:52:24] <ZusterM> ik kijk na ik vertrek
[21:52:25] <japio> maar hij zei ik ben een varken
[21:52:29] <japio> ooowjah
[21:53:00] <japio> waar zijn ze heen vertroken
[21:54:26] <japio> dr moet ut een en ander gesnoeit worden zie ik
[21:54:34] <japio> nieuw badkamertje hier en daar
[21:55:42] <japio> na 4 jaar niet eerst ff de schoorsteen controleren
[21:56:18] <ZusterM> ja 
[21:56:33] <ZusterM> ze hebben wel lol samen
[21:56:40] <ZusterM> nu in ieder geval nog wel
[21:56:49] <japio> haha jah'
[21:57:03] <japio> vergeten een stuje boter na het afgieten erin te doen
[21:57:11] <ZusterM> lol
[22:00:57] <PjoT> pc geeft hier aan dat het 12 uur is 
[22:01:22] <PjoT> dus truste allemaal
[22:01:22] <japio> ooowjee muliniumbug??
[22:01:33] <japio> 2 uur te vroeg
[22:02:10] <PjoT> oekraine?
[22:02:24] <PjoT> maar ik ben er wel weg van
[22:02:29] <japio> oekraiense pc?
[22:02:31] <PjoT> truste ~
[22:02:35] <japio> truste peter
[22:02:41] *** Quits: PjoT (PjoT@sorcery-86v3aj.upc-i.chello.nl) (Quit: )
[22:14:45] <ZusterM> ze hebben het mooi opgeknapt
[22:15:03] <japio> jah dat gene wat we te zien krijgen is mooi
[22:19:23] <ZusterM> je he
[22:21:29] <ZusterM> heb jij die nick nicolai gehoord vanavond bij hgt?
[22:21:37] <ZusterM> http://www.rtl.nl/#!/rtlhome/nieuws/3881b7a0-4dbe-4550-8e1f-eb64958ac140-nick-nicolai-verplettert-de-jury-met-at-last
[22:21:48] <japio> nee ik had een zap avond
[22:21:57] <ZusterM> ik ook 
[22:22:01] <japio> ooow wacht die zanger
[22:22:10] <ZusterM> ik zie hem nu op facebook voorbij komen 
[22:22:16] <ZusterM> maar die kan zingen die 18jarige knul
[22:22:41] <japio> jah daar had ik het laatste stukkie van gezien
[22:28:06] * ZusterM wilde op tijd naar bed
[22:28:16] <ZusterM> maar dat is al niet gelukt
[22:30:24] <japio> mjah dat ligt eraan wat je optijd noemt
[22:33:44] *** Joins: har (har@sorcery-ega3j0.dynamic.ziggo.nl)
[22:33:44] *** ChanServ sets mode: +o har
[22:34:02] <ZusterM> ik wilde rond 22.00u naar boven 
[22:34:07] <ZusterM> ben al sinds 5uur op
[22:35:54] <japio> aai das vroeg
[22:35:58] <har> morrie
[22:36:05] <japio> ik werd om half 9 wakker
[22:36:10] <japio> eey Har
[22:39:03] * japio kijkt nu naar late night
[22:39:12] <japio> top pop
[22:40:04] <ZusterM> ja heel vroeg, ik was om 7.30 al op het werk
[22:40:10] <ZusterM> was de computer al opgestart
[22:40:14] <japio> sjees
[22:40:25] <har> hmmm
[22:40:38] <ZusterM> om 7.00u de deur uit, al twee kinderen gewassen en aangekleed
[22:40:44] <har> effe de modem rebooten 
[22:40:50] <har> retetraag hier
[22:40:51] <japio> rebootze
[22:40:51] <ZusterM> succes
[22:44:51] *** Quits: har (har@sorcery-ega3j0.dynamic.ziggo.nl) (Ping timeout: 121 seconds)
[22:44:55] *** Joins: har (har@sorcery-ega3j0.dynamic.ziggo.nl)
[22:44:56] *** ChanServ sets mode: +o har
[22:45:02] <har> re
[22:46:15] * ZusterM gaat een etage hoger
[22:46:25] <ZusterM> 4welterusten
[22:46:45] <japio> truste maaike
[22:47:24] <ZusterM> tnx
[22:47:41] * ZusterM hoopt dat de kinderen uitslapen
[22:47:46] <ZusterM> Joris is weg
[22:47:55] <japio> hoe vroeg worden ze tegenwoordig wakker
[22:48:07] <ZusterM> vanochtend om 6.00
[22:48:14] * ZusterM hoopt morgen wat later
[22:48:25] <japio> nou succes
[22:48:29] * ZusterM hoopt daarbij ook dat ik zelf beter slaap
[22:48:43] <ZusterM> anders staan we vroeg bij de winkel
[22:48:50] <japio> ik had gister een offnacht
[22:48:57] <kuuke> Noodles!
[22:49:04] <japio> haalde dat vanmiddag nog ff in
[22:49:17] <japio> noodles??
[22:49:26] <kuuke> Noodles!
[22:49:26] <ZusterM> oh heerlijk ś middags een tukke doen
[22:49:35] <kuuke> mag niet van de baas
[22:49:47] <japio> sjees huub
[22:49:53] <ZusterM> oh ik heb een koreaan bij ons op kantoor gehad voor 3 maanden 
[22:50:02] <ZusterM> maar die dagelijks een of meerdere power naps
[22:50:13] <ZusterM> maar die werkte ook nog ś nacht
[22:50:25] <japio> ooowjah ik krijg morgen een extra meisje bij de fisio
[22:50:34] <japio> een stagaire
[22:50:37] <ZusterM> maar schijnbaar is dat daar heel normaal
[22:51:08] <kuuke> ja, in china ook
[22:51:13] <kuuke> de hele dienst als ze de kans kregen
[22:51:31] <ZusterM> oh hij niet
[22:51:37] <japio> ik rij ook wel eens snachts maar dan moet ik de dag ervoor niets doen hoor
[22:51:39] <ZusterM> hij werkte echt hard
[22:51:48] <japio> trouwens dat mogen we ook niet van brussel
[22:51:58] <ZusterM> maar hij ging ook gewoon ijsberen op kantoor, om maar op ideeen te komen 
[22:52:56] <japio> mmm japan weer getroffen door aardbeving
[22:53:05] <japio> dees was groter dan die van gister
[22:53:12] <ZusterM> ja ik zie het 
[22:53:20] <ZusterM> nu ben ik er echt van tussen 
[22:53:21] <ZusterM> toedels
[22:53:28] <japio> trustelszzz
[22:53:35] *** Quits: ZusterM (ZusterM@sorcery-s5s.dn4.159.88.IP) (Connection closed)
[22:53:46] <japio> file gehad Har
[22:55:40] <har>  behoorlijk
[22:55:54] <har> stuk of 5 bij elkaar
[22:56:13] <japio> op de 42 en de 3 in duitsland waarschijnlijk
[22:56:14] <har> rond dusseldorf
[22:56:28] <japio> en als toetje de A1 bij amersfoort?
[22:56:35] <har> stau
[22:56:38] <japio> jep
[22:56:45] <japio> ook bouwstau
[22:56:56] <har> bij hilversum ook
[22:57:09] <har> maja
[22:57:12] <japio> mjah tussen amersfoort en amsterdam
[22:57:16] <har> we benne weer thuis
[22:57:19] <japio> jep
[22:57:30] <har> die auto rijdt als een trein
[22:57:57] <japio> ik heb ff voor 2 dagen een megane
[22:58:05] <japio> de vorige versie
[22:58:10] <japio> man wat een mooi ding
[22:58:11] <har> ow, lekker he
[22:58:45] <japio> me neef brak een leidinkje af die verkeerd was gemonteerd bij een vroegere reparatie
[22:58:54] <har> was daar trouwens heerlijk weer
[22:59:03] <japio> die kwam vandaag pas binnen en die monteerd hij morgen
[22:59:08] <har> ow ok
[22:59:19] <japio> heb nu zijn auto voor 2 dagen
[22:59:37] <japio> jah de bewolkinglijn lag een beeje scheef over het land 
[22:59:46] <har> gister een graad of 20 daar
[22:59:47] <japio> zuiden en duitsland had meer zon
[22:59:50] <japio> sjees
[23:00:08] <har> vandaag begon het met regen
[23:00:18] <har> maar vanmiddag zijn
[23:00:23] <har> zon
[23:00:45] <japio> hier schijnt het ook ietwat op te knappen
[23:00:46] <har> en we hebben dikke buien gehad vandaag
[23:02:00] <japio> weinig van gemerkt hier
[23:02:19] <kuuke> truste allemaal!
[23:02:25] <japio> truste huub
[23:02:30] <har> truste huubster
[23:07:16] <japio> maar jah je krijgt er grappen over he over de frauwenparkplatse
[23:07:29] <japio> maar wel over nagedacht door die duitsers
[23:08:45] <har> ja dat was dus echt xo
[23:08:47] <har> zo
[23:09:03] <har> ik moest er hartelijk om lachen
[23:09:30] <japio> jah als iemand het verteld zonder dat je het ziet dan grinnik je eerst ff
[23:14:55] <har> ja wel vaag
[23:42:41] <japio> oeps ut jasje zit wat krap bij de nieuwslezeres van rtl4
[23:49:50] <japio> jemig, japan wordt wel getrofen zeg 
