[01:35:22] *** Quits: DinX (DinX___@ptr-2hj4tblnzznaeg1eef7kvc6n8.ip6.access.telenet.be) (Connection reset by peer)
[01:35:38] *** Joins: DinX (DinX___@ptr-2hj4tblnzznafgmncii5uu9oy.ip6.access.telenet.be)
[08:08:08] *** Joins: Tomsworld (tom@2a02:a03f:1254:ab00:4a3:35c0:897:3c27)
[08:22:24] *** Quits: Tomsworld (tom@2a02:a03f:1254:ab00:4a3:35c0:897:3c27) (Ping timeout: 66 seconds)
[08:38:59] *** Joins: kees (kees@kees.tweakers.net)
[09:02:54] *** Joins: DinX_Werk (DinX@213.224.57.66)
[09:14:42] *** Joins: tbosua (tbosua@office.hostnetbv.nl)
[10:03:53] *** Quits: tbosua (tbosua@office.hostnetbv.nl) (Exit)
[10:04:43] *** Quits: kees (kees@kees.tweakers.net) (Ping timeout: 66 seconds)
[10:05:50] *** Joins: kees (kees@kees.tweakers.net)
[10:07:04] *** Joins: tbosua (tbosua@lkt.hostnet.nl)
[10:22:06] *** Joins: Tomsworld (tom@243.227-242-81.adsl-dyn.isp.belgacom.be)
[10:23:35] *** Quits: Tomsworld (tom@243.227-242-81.adsl-dyn.isp.belgacom.be) (Ping timeout: 61 seconds)
[11:14:44] *** Quits: tbosua (tbosua@lkt.hostnet.nl) (Ping timeout: 61 seconds)
[11:17:06] *** Joins: tbosua (tbosua@92-111-12-69.static.chello.nl)
[11:24:30] *** Quits: tbosua (tbosua@92-111-12-69.static.chello.nl) (Exit)
[11:24:42] *** Joins: tbosua (tbosua@office.hostnetbv.nl)
[14:14:01] *** Quits: tbosua (tbosua@office.hostnetbv.nl) (Exit)
[14:58:40] *** Joins: tbosua (tbosua@office.hostnetbv.nl)
[16:34:09] *** Quits: kees (kees@kees.tweakers.net) (Input/output error)
[17:06:14] *** Quits: jk-5 (jk-5@D549D0E1.cm-10-1b.dynamic.ziggo.nl) (Ping timeout: 61 seconds)
[17:06:48] *** Quits: DinX_Werk (DinX@213.224.57.66) (Exit)
[17:11:15] *** Quits: jback (quassel@hubble.milkyway.cloud) (Connection reset by peer)
[17:13:32] *** Joins: jback (quassel@hubble.milkyway.cloud)
[17:15:55] *** Joins: jk-5 (jk-5@D549D0E1.cm-10-1b.dynamic.ziggo.nl)
[17:24:44] *** Quits: jk-5 (jk-5@D549D0E1.cm-10-1b.dynamic.ziggo.nl) (Ping timeout: 60 seconds)
[17:32:11] *** Joins: kees (kees@office.tweaknet.net)
[17:33:15] *** Joins: jk-5 (jk-5@D549D0E1.cm-10-1b.dynamic.ziggo.nl)
[17:38:59] *** Quits: tbosua (tbosua@office.hostnetbv.nl) (Exit)
[19:00:56] *** Joins: PvOESJE (sid108727@id-108727.brockwell.irccloud.com)
[21:18:29] *** Escovan is now known as HetGeval
[23:46:55] *** Quits: kees (kees@office.tweaknet.net) (Input/output error)
