[00:00:51] *** Quits: Tomsworld (tom@2a02:a03f:1254:ab00:25ad:5c77:a846:f348) (Ping timeout: 69 seconds)
[00:06:41] *** Joins: Tomsworld (tom@2a02:a03f:1254:ab00:68d2:c6c3:6162:228c)
[00:35:18] *** Quits: Tomsworld (tom@2a02:a03f:1254:ab00:68d2:c6c3:6162:228c) (Ping timeout: 66 seconds)
[00:35:35] *** Joins: Tomsworld (tom@243.227-242-81.adsl-dyn.isp.belgacom.be)
[00:40:26] *** Quits: Tomsworld (tom@243.227-242-81.adsl-dyn.isp.belgacom.be) (Ping timeout: 67 seconds)
[07:25:07] *** Joins: Tomsworld (tom@243.227-242-81.adsl-dyn.isp.belgacom.be)
[07:42:09] *** Quits: Tomsworld (tom@243.227-242-81.adsl-dyn.isp.belgacom.be) (Ping timeout: 67 seconds)
[09:02:58] *** Joins: tbosua (tbosua@office.hostnetbv.nl)
[09:05:48] *** Joins: kees (kees@kees.tweakers.net)
[09:10:58] *** Joins: DinX_Werk (DinX@213.224.57.66)
[09:54:36] *** Joins: DinX_Werk_ (DinX@213.224.57.66)
[09:54:38] *** Quits: DinX_Werk (DinX@213.224.57.66) (Ping timeout: 66 seconds)
[12:04:39] *** Quits: PvOESJE (sid108727@id-108727.brockwell.irccloud.com) (Exit)
[13:51:52] *** Quits: t4rt4rus (t4rt4rus@s559686af.adsl.online.nl) (Client exited)
[13:54:17] *** Joins: t4rt4rus (t4rt4rus@s559686af.adsl.online.nl)
[14:28:52] *** Quits: kees (kees@kees.tweakers.net) (Ping timeout: 66 seconds)
[14:30:15] *** Joins: kees (kees@kees.tweakers.net)
[16:00:30] *** Quits: DinX_Werk_ (DinX@213.224.57.66) (Exit)
[16:28:13] *** Quits: kees (kees@kees.tweakers.net) (Input/output error)
[16:34:02] *** Quits: lmd (lmd@5ED7EC48.cm-7-8d.dynamic.ziggo.nl) (Ping timeout: 61 seconds)
[16:35:50] *** Joins: lmd (lmd@5ED7EC48.cm-7-8d.dynamic.ziggo.nl)
[16:36:43] *** Quits: lmd (lmd@5ED7EC48.cm-7-8d.dynamic.ziggo.nl) (Connection reset by peer)
[17:31:16] *** Quits: tbosua (tbosua@office.hostnetbv.nl) (Exit)
[17:54:51] *** Joins: kees (kees@office.tweaknet.net)
[21:32:06] *** Quits: Aherin (Aherin@092-111-239-066.static.chello.nl) (Ping timeout: 60 seconds)
[21:33:58] *** Quits: kees (kees@office.tweaknet.net) (Input/output error)
[21:35:58] *** Joins: Aherin (Aherin@092-111-239-066.static.chello.nl)
