[01:26:10] *** Quits: lmd (lmd@5ED7EC48.cm-7-8d.dynamic.ziggo.nl) (Ping timeout: 60 seconds)
[01:27:55] *** Joins: lmd (lmd@5ED7EC48.cm-7-8d.dynamic.ziggo.nl)
[02:56:00] *** Quits: DinX (DinX___@d54C120B6.access.telenet.be) (Ping timeout: 60 seconds)
[03:00:09] *** Joins: DinX (DinX___@d54c120b6.access.telenet.be)
[03:06:33] *** Quits: DinX (DinX___@d54c120b6.access.telenet.be) (Ping timeout: 61 seconds)
[03:06:41] *** Joins: DinX (DinX___@ptr-2hj4tblnzznafgmncii5uu9oy.ip6.access.telenet.be)
[03:13:37] *** Quits: DinX (DinX___@ptr-2hj4tblnzznafgmncii5uu9oy.ip6.access.telenet.be) (Ping timeout: 66 seconds)
[03:17:29] *** Joins: DinX (DinX___@d54c120b6.access.telenet.be)
[03:27:21] *** Joins: DinX_ (DinX___@ptr-2hj4tblnzznafgmncii5uu9oy.ip6.access.telenet.be)
[03:27:21] *** Quits: DinX (DinX___@d54c120b6.access.telenet.be) (Connection reset by peer)
[03:40:21] *** Quits: DinX_ (DinX___@ptr-2hj4tblnzznafgmncii5uu9oy.ip6.access.telenet.be) (Connection reset by peer)
[03:40:45] *** Joins: DinX_ (DinX___@ptr-2hj4tblnzznafgmncii5uu9oy.ip6.access.telenet.be)
[03:41:00] *** Quits: Aherin (Aherin@092-111-239-066.static.chello.nl) (Ping timeout: 67 seconds)
[03:42:47] *** Joins: Aherin (Aherin@092-111-239-066.static.chello.nl)
[03:47:24] *** Quits: Aherin (Aherin@092-111-239-066.static.chello.nl) (Connection reset by peer)
[03:51:23] *** Joins: Aherin (Aherin@092-111-239-066.static.chello.nl)
[04:17:34] *** Quits: Aherin (Aherin@092-111-239-066.static.chello.nl) (Ping timeout: 60 seconds)
[04:20:41] *** Joins: Aherin (Aherin@092-111-239-066.static.chello.nl)
[04:32:31] *** Quits: Aherin (Aherin@092-111-239-066.static.chello.nl) (Ping timeout: 60 seconds)
[04:41:06] *** Quits: DinX_ (DinX___@ptr-2hj4tblnzznafgmncii5uu9oy.ip6.access.telenet.be) (Ping timeout: 60 seconds)
[05:03:46] *** Joins: DinX (DinX___@d54c120b6.access.telenet.be)
[05:45:40] *** Quits: DinX (DinX___@d54c120b6.access.telenet.be) (Ping timeout: 60 seconds)
[06:24:03] *** Joins: DinX (DinX___@ptr-2hj4tblnzznafgmncii5uu9oy.ip6.access.telenet.be)
[08:58:45] *** Joins: McM (mcm@edi.topa.nl)
[09:00:20] *** Joins: tbosua (tbosua@office.hostnetbv.nl)
[09:00:38] *** Joins: kees (kees@office.tweaknet.net)
[09:08:18] *** Joins: DinX_Werk (DinX@out.helics.leuven.be)
[09:48:12] *** Joins: JGC (JGC@46.44.132.142)
[10:30:06] *** Quits: DinX_Werk (DinX@out.helics.leuven.be) (Exit)
[10:36:07] *** Joins: DinX_Werk (DinX@out.helics.leuven.be)
[11:03:25] *** Quits: tbosua (tbosua@office.hostnetbv.nl) (Exit)
[11:25:26] *** Joins: tbosua (tbosua@office.hostnetbv.nl)
[11:27:02] *** Quits: DinX_Werk (DinX@out.helics.leuven.be) (Ping timeout: 66 seconds)
[11:28:50] *** Joins: DinX_Werk (DinX@out.helics.leuven.be)
[11:31:53] *** Quits: DinX_Werk (DinX@out.helics.leuven.be) (Ping timeout: 60 seconds)
[12:36:25] *** Joins: DinX_Werk (DinX@out.helics.leuven.be)
[13:15:17] *** Quits: McM (mcm@edi.topa.nl) (Exit)
[13:29:13] *** Joins: McM (mcm@edi.topa.nl)
[15:54:44] *** Quits: DinX_Werk (DinX@out.helics.leuven.be) (Exit)
[16:55:24] *** Quits: McM (mcm@edi.topa.nl) (Ping timeout: 66 seconds)
[17:08:37] *** Parts: JGC (JGC@46.44.132.142) ()
[17:13:04] *** Quits: kees (kees@office.tweaknet.net) (Input/output error)
[17:58:17] *** Quits: tbosua (tbosua@office.hostnetbv.nl) (Exit)
[19:45:30] *** Quits: lmd (lmd@5ED7EC48.cm-7-8d.dynamic.ziggo.nl) (Connection reset by peer)
[19:58:28] *** Joins: lmd (lmd@5ED7EC48.cm-7-8d.dynamic.ziggo.nl)
[20:14:43] *** Quits: MuddyMagical (pi@ip51cfdc0b.direct-adsl.nl) (Ping timeout: 66 seconds)
[21:37:08] <silverstorm> is er ook een automagische manier om te testen of je mailserver op een blacklist staat?
[21:42:42] <Escovan> ja
[21:43:10] <Escovan> silverstorm, http://mxtoolbox.com/blacklists.aspx
[21:43:10] <silverstorm> hoe dan?
[21:45:07] <Escovan> Gewoon strenge SPF en een DKIM record, scheelt al een hoop.
[22:14:57] *** Quits: t4rt4rus (t4rt4rus@s559686af.adsl.online.nl) (Client exited)
[22:17:30] *** Joins: t4rt4rus (t4rt4rus@s559686af.adsl.online.nl)
