[01:19:23] *** Quits: kees (kees@office.tweaknet.net) (Input/output error)
[02:08:39] *** Joins: BarthezZ (bart@monitoring.deheij-ict.nl)
[02:20:36] *** Quits: silverstorm (silverstor@5ED4168A.cm-7-5a.dynamic.ziggo.nl) (Connection reset by peer)
[02:23:22] *** Joins: silverstorm (silverstor@5ED4168A.cm-7-5a.dynamic.ziggo.nl)
[02:23:25] *** ChanServ sets mode: +qo silverstorm silverstorm
[07:51:30] *** Joins: McM (mcm@d30008.upc-d.chello.nl)
[08:26:03] *** Quits: McM (mcm@d30008.upc-d.chello.nl) (Ping timeout: 61 seconds)
[11:17:54] *** Joins: kees (kees@office.tweaknet.net)
[12:19:53] *** Joins: McM (mcm@d30008.upc-d.chello.nl)
[12:38:11] *** Quits: McM (mcm@d30008.upc-d.chello.nl) (Ping timeout: 60 seconds)
[12:40:18] <Escovan> Waarom zijn al die Amerikanen/Canadezen zo bang om op linkjes te klikken in IRC? Ik bedoel, als ik een SSL link naar een PNG of JPG plaats, wat kan er dan mis gaan?
[12:42:23] <Escovan> Volgens mij loop je meer risico op de lokale nieuwssite met banners, dan op mijn linkjes.
[12:43:28] *** Joins: McM (mcm@d30008.upc-d.chello.nl)
[16:53:15] *** Quits: McM (mcm@d30008.upc-d.chello.nl) (Ping timeout: 60 seconds)
[18:22:30] <LuckY> Vraag het ze?
[18:22:47] <LuckY> dat is makkelijker, heeft weinig te maken met wel of geen SSL als je bang bent voor exploitkit
[18:42:38] <PvOESJE> slimme LuckY 
[18:43:59] <silverstorm> PvOESJE \o/
[18:44:36] <PvOESJE> hoii
[18:44:40] <PvOESJE> hoe is het silverstorm 
[18:44:49] <silverstorm> goed met jou?
[18:50:17] <LuckY> Ik ben trots, ik ben a-technisch mbt hardware en klussen
[18:50:30] <LuckY> maar heb een kast in elkaar gezet die in 10 minuten in elkaar hoort te zitten in 60 minuten \o
[20:04:57] <PvOESJE> goed hoor silverstorm 
[20:38:56] *** Joins: McM (mcm@d30008.upc-d.chello.nl)
[21:37:01] *** Quits: McM (mcm@d30008.upc-d.chello.nl) (Ping timeout: 66 seconds)
[22:13:23] *** Quits: kees (kees@office.tweaknet.net) (Input/output error)
[23:04:29] *** Joins: Aherin (Aherin@092-111-239-066.static.chello.nl)
[23:56:12] *** Quits: Aherin (Aherin@092-111-239-066.static.chello.nl) (Exit)
