[10:16:39] *** Joins: kees (kees@office.tweaknet.net)
[11:22:41] *** Joins: McM (mcm@d30008.upc-d.chello.nl)
[11:39:39] *** Quits: McM (mcm@d30008.upc-d.chello.nl) (Ping timeout: 67 seconds)
[13:45:41] *** Quits: appeltjes2 (appel@appel.centravi.org) (Ping timeout: 67 seconds)
[13:46:53] *** Quits: kees (kees@office.tweaknet.net) (Ping timeout: 66 seconds)
[13:47:15] *** Joins: kees (kees@office.tweaknet.net)
[13:47:50] *** Quits: jback (quassel@hubble.milkyway.cloud) (Ping timeout: 65 seconds)
[13:49:05] *** Quits: jk-5 (jk-5@D549D0E1.cm-10-1b.dynamic.ziggo.nl) (Ping timeout: 68 seconds)
[13:49:11] *** Joins: jk-5 (jk-5@D549D0E1.cm-10-1b.dynamic.ziggo.nl)
[13:49:16] *** Quits: Aherin (Aherin@092-111-239-066.static.chello.nl) (Ping timeout: 60 seconds)
[13:49:16] *** Quits: Muddy|weg (pi@ip51cfdc0b.direct-adsl.nl) (Ping timeout: 60 seconds)
[13:50:41] *** Joins: jback (quassel@hubble.milkyway.cloud)
[13:54:46] *** Quits: jback (quassel@hubble.milkyway.cloud) (Ping timeout: 68 seconds)
[13:57:34] *** Joins: jback (quassel@hubble.milkyway.cloud)
[13:58:36] *** Joins: Aherin (Aherin@092-111-239-066.static.chello.nl)
[14:00:01] *** Joins: appeltjes2 (appel@2001:41d0:b:550:6667:0:0:11)
[14:05:10] *** Joins: Muddy|weg (pi@ip51cfdc0b.direct-adsl.nl)
[16:20:39] *** Quits: kees (kees@office.tweaknet.net) (Input/output error)
[17:08:05] *** Quits: jk-5 (jk-5@D549D0E1.cm-10-1b.dynamic.ziggo.nl) (Ping timeout: 61 seconds)
[17:16:16] *** Joins: jk-5 (jk-5@D549D0E1.cm-10-1b.dynamic.ziggo.nl)
[17:42:55] *** Quits: t4rt4rus (t4rt4rus@s559686af.adsl.online.nl) (Client exited)
[17:45:25] *** Joins: t4rt4rus (t4rt4rus@s559686af.adsl.online.nl)
[18:25:32] *** Quits: jk-5 (jk-5@D549D0E1.cm-10-1b.dynamic.ziggo.nl) (Ping timeout: 60 seconds)
[18:33:46] *** Joins: jk-5 (jk-5@D549D0E1.cm-10-1b.dynamic.ziggo.nl)
[21:38:14] *** Joins: BarthezZ (bart@monitoring.deheij-ict.nl)
[21:51:10] *** Quits: appeltjes2 (appel@2001:41d0:b:550:6667:0:0:11) (Ping timeout: 66 seconds)
[21:58:52] *** Joins: appeltjes2 (appel@2001:41d0:b:550:6667:0:0:11)
