[01:13:58] *** Quits: DinX (DinX___@ptr-2hj4tblnzznafgmncii5uu9oy.ip6.access.telenet.be) (Connection reset by peer)
[01:14:35] *** Joins: DinX (DinX___@ptr-2hj4tblnzznafgmncii5uu9oy.ip6.access.telenet.be)
[05:59:24] *** Quits: mrngm (mrngm@bastogne.moeilijklastig.nl) (Ping timeout: 60 seconds)
[06:03:53] *** Joins: mrngm (mrngm@bastogne.moeilijklastig.nl)
[06:05:39] *** Quits: mrngm (mrngm@bastogne.moeilijklastig.nl) (Ping timeout: 61 seconds)
[06:10:09] *** Joins: mrngm (mrngm@bastogne.moeilijklastig.nl)
[06:11:20] *** Quits: mrngm (mrngm@bastogne.moeilijklastig.nl) (Ping timeout: 61 seconds)
[06:22:21] *** Joins: mrngm (mrngm@bastogne.moeilijklastig.nl)
[08:57:29] *** Joins: kees (kees@kees.tweakers.net)
[09:02:50] <McM> morgen
[09:02:58] <McM> Internet IX problemen?
[09:05:07] *** Joins: tbosua (tbosua@office.hostnetbv.nl)
[10:07:19] *** Muddy|weg is now known as MuddyMagical
[12:34:39] *** Quits: McM (mcm@193.173.193.100) (Connection reset by peer)
[12:35:02] *** Joins: McM (mcm@193.173.193.100)
[13:10:24] *** Quits: McM (mcm@193.173.193.100) (Ping timeout: 61 seconds)
[13:11:40] *** Joins: McM (mcm@193.173.193.100)
[14:03:54] *** Quits: tbosua (tbosua@office.hostnetbv.nl) (Exit)
[14:22:39] *** Joins: tbosua (tbosua@office.hostnetbv.nl)
[14:33:19] *** Quits: tbosua (tbosua@office.hostnetbv.nl) (Exit)
[15:34:36] *** Joins: tbosua (tbosua@office.hostnetbv.nl)
[16:40:22] *** Quits: kees (kees@kees.tweakers.net) (Input/output error)
[16:49:04] *** Quits: McM (mcm@193.173.193.100) (Ping timeout: 66 seconds)
[17:16:52] *** Joins: kees (kees@kees.tweakers.net)
[17:32:07] *** Quits: tbosua (tbosua@office.hostnetbv.nl) (Exit)
[17:52:53] *** Quits: kees (kees@kees.tweakers.net) (Input/output error)
[17:54:20] *** Joins: kees (kees@kees.tweakers.net)
[18:36:26] *** Quits: kees (kees@kees.tweakers.net) (Input/output error)
[19:46:11] *** Joins: kees (kees@office.tweaknet.net)
[21:52:16] *** Quits: kees (kees@office.tweaknet.net) (Input/output error)
