[00:09:39] *** Quits: Tomsworld (tom@91.179.64.24) (Ping timeout: 65 seconds)
[00:09:57] *** Joins: Tomsworld (tom@120.178-66-87.adsl-dyn.isp.belgacom.be)
[00:11:21] *** Quits: Tomsworld (tom@120.178-66-87.adsl-dyn.isp.belgacom.be) (Ping timeout: 61 seconds)
[00:13:00] *** Joins: Tomsworld (tom@162.171-245-81.adsl-dyn.isp.belgacom.be)
[00:15:32] *** Quits: Tomsworld (tom@162.171-245-81.adsl-dyn.isp.belgacom.be) (Ping timeout: 61 seconds)
[00:16:00] *** Joins: Tomsworld (tom@251.168-66-87.adsl-dyn.isp.belgacom.be)
[00:23:19] *** Quits: Tomsworld (tom@251.168-66-87.adsl-dyn.isp.belgacom.be) (Exit)
[00:31:06] *** Joins: Tomsworld (tom@2a02:a03f:2698:3700:b937:a914:24c8:519f)
[01:11:50] *** Quits: Tomsworld (tom@2a02:a03f:2698:3700:b937:a914:24c8:519f) (Ping timeout: 66 seconds)
[01:13:35] *** Joins: Tomsworld (tom@251.168-66-87.adsl-dyn.isp.belgacom.be)
[01:22:36] *** Quits: Tomsworld (tom@251.168-66-87.adsl-dyn.isp.belgacom.be) (Ping timeout: 61 seconds)
[01:29:18] *** Quits: t4rt4rus (t4rt4rus@s559686af.adsl.online.nl) (Client exited)
[01:31:47] *** Joins: t4rt4rus (t4rt4rus@s559686af.adsl.online.nl)
[07:07:59] *** Joins: Tomsworld (tom@2a02:a03f:2698:3700:447c:1ede:bc6c:4baa)
[07:28:46] *** Joins: Escovan (Escovan@server1.escovan.net)
[07:50:20] *** Quits: Tomsworld (tom@2a02:a03f:2698:3700:447c:1ede:bc6c:4baa) (Ping timeout: 60 seconds)
[08:36:42] *** Joins: kees (kees@kees.tweakers.net)
[09:00:05] *** Joins: tbosua (tbosua@office.hostnetbv.nl)
[09:04:42] *** Joins: McM (mcm@193.173.193.100)
[09:18:37] *** Joins: DinX_Werk (DinX@213.224.57.66)
[10:50:28] *** Joins: Tomsworld (tom@251.168-66-87.adsl-dyn.isp.belgacom.be)
[10:52:08] *** Quits: Tomsworld (tom@251.168-66-87.adsl-dyn.isp.belgacom.be) (Ping timeout: 66 seconds)
[11:38:45] *** Joins: DinX (DinX@176.9.154.138)
[11:38:54] *** Quits: DinX_Werk (DinX@213.224.57.66) (Exit)
[11:40:23] *** Joins: PvOESJE (sid108727@id-108727.brockwell.irccloud.com)
[13:03:14] *** Quits: DinX (DinX@176.9.154.138) (Input/output error)
[13:23:51] *** Joins: DinX (DinX@176.9.154.138)
[13:40:21] *** Quits: DinX (DinX@176.9.154.138) (Ping timeout: 62 seconds)
[13:40:25] *** Joins: DinX (DinX@2a01:4f8:160:4090:0:0:0:2)
[14:47:39] *** Joins: JGC (JGC@D97862D0.cm-3-1b.dynamic.ziggo.nl)
[14:47:51] *** Quits: DinX (DinX@2a01:4f8:160:4090:0:0:0:2) (Client exited)
[14:48:02] *** Joins: DinX (DinX@176.9.154.138)
[14:49:44] *** Quits: DinX (DinX@176.9.154.138) (Client exited)
[14:49:53] *** Joins: DinX (DinX@dinx.be)
[14:50:15] <JGC> yay, bottlenecks verplaatsen...
[14:52:29] <JGC> vorige week php 5.3 naar 7.0 geupgrade, blijkt dusdanig veel beter te presteren dat externe switch het verkeer van 14 webservers niet meer kan verwerken :X
[15:04:21] *** Quits: JGC (JGC@D97862D0.cm-3-1b.dynamic.ziggo.nl) (Ping timeout: 63 seconds)
[15:05:04] *** Joins: JGC (JGC@D97862D0.cm-3-1b.dynamic.ziggo.nl)
[15:09:53] *** Quits: JGC (JGC@D97862D0.cm-3-1b.dynamic.ziggo.nl) (Ping timeout: 64 seconds)
[15:10:42] *** Joins: JGC (JGC@D97862D0.cm-3-1b.dynamic.ziggo.nl)
[15:42:17] <McM> beetje prutsswitch dan JGC
[16:16:47] *** Quits: DinX (DinX@dinx.be) (Ping timeout: 60 seconds)
[16:17:08] *** Joins: DinX (DinX@176.9.154.138)
[16:18:32] *** Quits: DinX (DinX@176.9.154.138) (Client exited)
[16:19:42] *** Joins: DinX (DinX@dinx.be)
[16:31:12] *** Quits: kees (kees@kees.tweakers.net) (Input/output error)
[17:02:13] <JGC> McM: HP 2626, ding stikt in het bufferen tussen 100Mbit en 1Gbit
[17:02:25] <JGC> die gaat zsm vervangen worden door een full gbit switch
[17:02:38] <JGC> bottleneck lekker verplaatsen verderop het netwerk in... de firewalls schat ik zo :P
[17:11:07] <McM> Ow..
[17:11:08] <McM> Nou..
[17:11:18] <McM> we kunnen natuurlijk een mooie HA oplossing aan je leveren?
[17:14:00] <JGC> mja, firewalls en loadbalancers gaan er binnenkort ook uit
[17:21:09] <JGC> maargoed, standaard qdisc van pfifo_fast naar fq_codel zetten op de servers wil ook wel helpen denk ik
[17:26:04] *** Joins: kees (kees@office.tweaknet.net)
[17:32:45] *** Quits: tbosua (tbosua@office.hostnetbv.nl) (Exit)
[17:32:59] *** Joins: DinX_ (DinX___@ptr-2hj4tblnzznafgmncii5uu9oy.ip6.access.telenet.be)
[17:33:39] *** Quits: DinX_ (DinX___@ptr-2hj4tblnzznafgmncii5uu9oy.ip6.access.telenet.be) (Exit)
[18:21:32] *** Quits: jk-5 (jk-5@D549D0E1.cm-10-1b.dynamic.ziggo.nl) (Ping timeout: 66 seconds)
[18:29:27] *** Joins: jk-5 (jk-5@D549D0E1.cm-10-1b.dynamic.ziggo.nl)
[21:03:52] *** Joins: Tomsworld (tom@251.168-66-87.adsl-dyn.isp.belgacom.be)
[21:47:13] *** Quits: kees (kees@office.tweaknet.net) (Input/output error)
[22:18:23] *** Parts: JGC (JGC@D97862D0.cm-3-1b.dynamic.ziggo.nl) ()
