[00:19:25] *** Joins: Tryn (Tryn@sorcery-bp67eo.sc.charter.com)
[00:21:44] *** Quits: Trynity (Tryn@sorcery-bp67eo.sc.charter.com) (Ping timeout: 121 seconds)
[00:55:17] *** Quits: Connor (Connor@may.the.force.be.with.you) (Connection closed)
[01:32:34] *** Quits: Tezca (quassel@love.everybody) (Connection closed)
[01:36:24] *** Joins: Tezca (quassel@sorcery-6gclr7.res.rr.com)
[01:36:25] *** Quits: Tezca (quassel@sorcery-6gclr7.res.rr.com) (Changing host)
[01:36:25] *** Joins: Tezca (quassel@love.everybody)
[01:36:27] *** Quits: Tryn (Tryn@sorcery-bp67eo.sc.charter.com) (Ping timeout: 121 seconds)
[02:21:48] *** Quits: xanzul (xanzul@sorcery-hu5e3f.va.comcast.net) (Connection closed)
[02:34:22] *** David is now known as god
[02:34:36] *** god is now known as david
[02:34:41] *** david is now known as David
[03:08:39] *** Joins: xanzul (xanzul@sorcery-laq2t9.va.comcast.net)
[03:16:40] *** Joins: Trynity (Tryn@sorcery-bp67eo.sc.charter.com)
[03:47:44] *** Quits: Sutch (Sutch@the.ebony.tower) (Quit: -)
[03:49:42] *** Quits: Trynity (Tryn@sorcery-bp67eo.sc.charter.com) (Ping timeout: 121 seconds)
[04:10:10] *** Quits: sheenobu (sheenobu@sorcery-jsddm4.hs.gigamonster.net) (Connection closed)
[04:15:54] *** Joins: not-david (uid33812@sorcery-n0pbul.pld0.199n.8300.2604.IP)
[06:19:57] *** Quits: not-david (uid33812@sorcery-n0pbul.pld0.199n.8300.2604.IP) (Quit: Connection closed for inactivity)
[06:41:03] *** Joins: Edward (Edward@my.vhost)
[07:17:15] *** Quits: Edward (Edward@my.vhost) (Quit: Leaving)
[07:35:32] *** Quits: Tezca (quassel@love.everybody) (Ping timeout: 121 seconds)
[08:57:19] *** Joins: Edward (Edward@my.vhost)
[09:00:46] *** Quits: Edward (Edward@my.vhost) (Quit: Leaving)
[09:07:42] *** Quits: Demisedulous (Halfway@sorcery-lr43jb.va.shawcable.net) (Connection closed)
[09:47:12] *** Quits: xanzul (xanzul@sorcery-laq2t9.va.comcast.net) (Quit: )
[10:17:42] *** Joins: zipfelkapuze (ZipfelKapuz@sorcery-cjbb6o.dynamic.kabel-deutschland.de)
[10:38:12] *** Quits: zipfelkapuze (ZipfelKapuz@sorcery-cjbb6o.dynamic.kabel-deutschland.de) (Quit: Leaving)
[11:43:55] *** Joins: trapped (trapped@the.jade.cave)
[12:34:33] *** Joins: zipfelkapuze (ZipfelKapuz@sorcery-cjbb6o.dynamic.kabel-deutschland.de)
[15:12:51] *** Joins: Pomegranate (fleff@Fruit.of.Death)
[15:13:01] <Pomegranate> Fucking SOW
[15:14:21] <Pomegranate> Blugh
[15:44:17] *** Quits: trapped (trapped@the.jade.cave) (Ping timeout: 121 seconds)
[16:03:46] *** Joins: trapped (trapped@the.jade.cave)
[16:39:03] *** Quits: zipfelkapuze (ZipfelKapuz@sorcery-cjbb6o.dynamic.kabel-deutschland.de) (Connection closed)
[16:47:19] *** Joins: Tezca (quassel@sorcery-6gclr7.res.rr.com)
[16:47:19] *** Quits: Tezca (quassel@sorcery-6gclr7.res.rr.com) (Changing host)
[16:47:19] *** Joins: Tezca (quassel@love.everybody)
[17:12:56] <Pomegranate> David: if you were hetero or bi would you bang? 
[17:12:57] <Pomegranate> https://m.facebook.com/allison.sweeney.792
[17:17:35] <David> I *am* hetero, Pomegranate 
[17:17:39] <Bolto> lmao
[17:17:45] <David> and I can't see anything without logging in
[17:17:46] <Pomegranate> I thought you were ace
[17:17:48] <David> because it's fucking facebook
[17:18:29] <David> all I can see is a 94x94 potato pic
[17:18:53] <Pomegranate> Based on said potato
[17:19:02] <David> Inconclusive.
[17:19:48] <Pomegranate> I thought you were ace, David 
[17:20:02] <David> do I look like Moose to you
[17:20:27] <Pomegranate> No moose ain't a ching chong
[17:22:18] <David> jesus, you've absorbed randomg
[17:22:34] <Pomegranate> We both live in Michigan
[17:22:41] <Pomegranate> it was inevitable
[17:23:04] <David> anyway, why did you ask about allison.sweeny.792?
[17:23:12] <David> someone you know irl? or are you creeping on randoms now?
[17:23:15] <Pomegranate> Just curious
[17:26:17] <Pomegranate> Both
[17:28:37] <Pomegranate> David what should I make for lunch?
[17:33:37] *** Joins: not-david (uid33812@sorcery-n0pbul.pld0.199n.8300.2604.IP)
[17:34:55] <trapped> David: i ended up successfully extracting benzydamine
[17:35:16] <trapped> i also synthesized mephedrone, although the yield was very poor
[17:35:31] <trapped> now i'm trying to find some benzyl chloride to make PCP from piperidine
[17:38:13] <Pomegranate> Cool trapped 
[17:38:58] *** Quits: trapped (trapped@the.jade.cave) (Connection closed)
[17:40:14] <Bolto> >mephedrone
[17:40:17] <Bolto> this cunt is an idiot
[17:40:36] <Pomegranate> Kek
[17:41:06] <Bolto> There's a reason why it was popular for a couple months and then die out
[17:41:33] <Pomegranate> Why
[17:41:48] <Bolto> Because that shit will fuck you up badly
[17:42:00] <Pomegranate> Gib sum pls
[17:44:03] * Pomegranate gives Bolto popcorn
[17:44:11] <Bolto> No like, your heart can literally just stop
[17:44:34] <Pomegranate> Oh geez
[17:49:36] <David> Pomegranate: dunno, what do you have in your fridge?
[17:52:51] <Pomegranate> Mostly snack foods
[17:53:13] <Pomegranate> Right now I'm eating popcorn
[18:10:11] <Pomegranate> David
[18:39:14] *** Joins: zipfelkapuze (ZipfelKapuz@sorcery-cjbb6o.dynamic.kabel-deutschland.de)
[18:52:10] <Pomegranate> David: 
[18:59:51] *** Quits: zipfelkapuze (ZipfelKapuz@sorcery-cjbb6o.dynamic.kabel-deutschland.de) (Connection closed)
[19:39:57] *** Quits: not-david (uid33812@sorcery-n0pbul.pld0.199n.8300.2604.IP) (Quit: Connection closed for inactivity)
[19:55:41] *** Quits: Tezca (quassel@love.everybody) (Ping timeout: 121 seconds)
[20:12:01] *** Joins: Sutch (Sutch@the.ebony.tower)
[20:17:23] *** Joins: Tez (uid126444@sorcery-gtmtht.pld0.199n.8300.2604.IP)
[20:20:16] *** Joins: trapped (trapped@the.jade.cave)
[20:37:02] *** Quits: Pomegranate (fleff@Fruit.of.Death) (Quit: books are the best friend, they will never let you down)
[20:55:43] *** Joins: zipfelkapuze (ZipfelKapuz@sorcery-cjbb6o.dynamic.kabel-deutschland.de)
[21:19:46] <David> trapped: how does it feel to have chinese invaders in italy
[21:19:47] <David> http://www.smithsonianmag.com/smart-news/chinese-cops-are-temporarily-patrolling-streets-rome-and-milan-180959088/?no-ist
[21:20:56] <trapped> idk i dont live in rome and milan
[21:21:00] <trapped> and barely read the news
[21:21:00] <trapped> so
[21:21:11] <trapped> besides i'm too busy making drugs
[21:23:45] *** Quits: zipfelkapuze (ZipfelKapuz@sorcery-cjbb6o.dynamic.kabel-deutschland.de) (Connection closed)
[21:45:06] *** Joins: Cetu (fleff@sorcery-c2ar7e.9gcq.ifs2.fb90.2607.IP)
[21:45:10] <Cetu> Hey David
[21:45:41] <Cetu> Do you pronounce Celtic with an s or a k
[21:45:55] <Cetu> Sell tick or kell tick
[21:46:47] <trapped> Cetu: neither
[21:46:58] <Cetu> Hoe
[21:47:02] <Cetu> How*
[21:47:18] <trapped> i'm trying to find an english word with a C that is pronounced that way
[21:47:22] *** Joins: Connor (Connor@may.the.force.be.with.you)
[21:47:41] <trapped> probably "chamber"
[21:47:52] <Cetu> Chell tick?
[21:47:59] <trapped> yes
[21:48:08] <Cetu> Why
[21:48:42] <trapped> because that's how the romans pronounced it and we italians inherited it
[21:49:03] <Cetu> Weird
[21:49:09] <trapped> and since it was the romans who named them in that way it feels right to do so
[21:49:10] <Cetu> Connor: pronounce Celtic
[21:49:29] <trapped> he'll probably pronounce it "sel-tick"
[21:50:20] <Connor> sel-tick
[21:51:23] <Cetu> Thank you for your input
[21:55:25] *** Quits: Cetu (fleff@sorcery-c2ar7e.9gcq.ifs2.fb90.2607.IP) (Ping timeout: 121 seconds)
[21:57:20] *** Joins: Tezca (quassel@sorcery-b99.54s.9.204.IP)
[21:57:20] *** Quits: Tezca (quassel@sorcery-b99.54s.9.204.IP) (Changing host)
[21:57:20] *** Joins: Tezca (quassel@love.everybody)
[22:03:01] *** Joins: Edward (Edward@my.vhost)
[22:03:49] *** Quits: Edward (Edward@my.vhost) (Connection closed)
[22:08:37] *** Joins: Cetu (fleff@sorcery-lgc5cc.sshb.uv3d.fb90.2607.IP)
[22:08:46] <Cetu> Grrr
[22:08:55] <Cetu> David
[22:11:55] <Cetu> Connor: <3
[22:13:27] <Connor> which oen are you cetu?
[22:14:02] <Cetu> Me
[22:15:05] <Cetu> Sell tick
[22:23:14] * Cetu hugs Connor 
[22:24:36] <Connor> no like
[22:24:39] <Connor> who the balls are you
[22:24:53] <Cetu> Pom
[22:39:27] <David> Cetu: wot
[22:39:35] <Cetu> PRONOUNCE CELTIC
[22:40:02] <Cetu> THIS IS IMPORTANT
[22:41:21] <David> kell-tick
[22:41:43] <Cetu> Thank you for your input
[23:19:58] <Cetu> Mmm pasta with bell peppers, garlic powder, and Italian seasoning
[23:35:06] *** Joins: zipfelkapuze (ZipfelKapuz@sorcery-cjbb6o.dynamic.kabel-deutschland.de)
[23:45:03] <Jen> yum
[23:55:09] <Cetu> Jen: <3
[23:55:29] <Jen> and you would be
[23:55:43] <David> Jen: cetu = pom
[23:55:46] <Jen> ah
[23:55:49] <Cetu> ^
[23:56:00] <Cetu> <3
[23:58:02] <Cetu> I'm so dizzy
[23:58:50] <Cetu> David: <3
