[00:48:57] <trapped_> happy bday to ME
[00:57:52] *** Joins: Trynity (Tryn@sorcery-61r.7o2.81.71.IP)
[01:01:57] <Sutch> Trynity irl http://i.imgur.com/2nZpKxV.jpg
[01:03:04] <trapped_> top kek
[01:03:05] <Trynity> !!!
[01:03:16] <Trynity> Zed please ban Sutch for leaking my images ;w;
[01:03:26] <Sutch> zed pls
[01:04:25] <trapped_> i still have ur selfies Trynity 
[01:04:42] <Trynity> pls no share
[01:04:50] <trapped_> why not
[01:05:07] <Trynity> Because I said so >:C
[01:05:18] <David> >zed
[01:05:24] <trapped_> aight but imma post em on 4chan
[01:05:26] <trapped_> although anonymized
[01:05:30] <David> do you even have a nicklist, Trynity?
[01:05:57] <Trynity> No I thought I autotabbed his name
[01:06:11] <Trynity> But I guess I just typed Zed straight up
[01:06:14] <David> Are you blind or retarded
[01:07:20] <Trynity> The last one
[01:07:27] <Trynity> Also no I don't have a nicklist
[01:07:32] <Trynity> So I can't be blind
[01:07:35] <David> >uses weechat
[01:07:38] <David> >has no nicklist
[01:07:41] <trapped_> cant afford dat nicklist
[01:07:47] <trapped_> 2expensive
[01:07:55] <trapped_> imma go to sleep
[01:08:05] <trapped_> Trynity: check out dat bomb ass pic in the trap thread on b
[01:08:37] <David> trapped_: if you're gonna reference something
[01:08:41] <David> link it
[01:08:54] <David> not all of us are telepaths
[01:08:58] <trapped_> alreadyu closed the tab and im going to sleep
[01:09:01] <trapped_> fidn it urself
[01:09:06] *** Quits: trapped_ (trapped@the.jade.cave) (Connection closed)
[01:09:10] <David> and even if we are, I can't translate italian thoughts
[01:16:58] *** Quits: zipfelkapuze (ZipfelKapuz@sorcery-cjbb6o.dynamic.kabel-deutschland.de) (Connection closed)
[01:43:53] *** Quits: Trynity (Tryn@sorcery-61r.7o2.81.71.IP) (Ping timeout: 121 seconds)
[01:48:28] *** Quits: Tezca (IceChat78@sorcery-6gclr7.res.rr.com) (Ping timeout: 121 seconds)
[01:55:13] *** Joins: Edward (Edward@my.vhost)
[01:57:06] *** Quits: Edward (Edward@my.vhost) (Quit: Leaving)
[02:10:39] *** Joins: Rajoguna (Rajas@sorcery-tgd.lo7.115.108.IP)
[02:22:08] *** Quits: Sutch (Sutch@the.ebony.tower) (Quit: -)
[03:05:28] <Pomegranate> I just had sex
[03:37:42] <David> why do we need to know that
[03:38:13] <Pomegranate> You're jealous
[03:38:29] <David> Nope.
[03:38:40] <David> Just find people's desires to publicize every aspect of their lives strange.
[03:38:47] <Pomegranate> :*
[03:39:03] <David> Ah well. This social media generation, man...
[03:40:20] <Pomegranate> Idk tho
[03:40:49] <Pomegranate> The guy is a druggie
[03:43:10] *** Guest44177 is now known as Moose
[03:43:18] *** Quits: Moose (Moo@sorcery-3nmgt8.info) (Changing host)
[03:43:18] *** Joins: Moose (Moo@my.favorite.type.of.men.is.ramen)
[03:47:33] <Pomegranate> Wow
[03:47:48] <Pomegranate> Crack
[03:49:05] <David> you have questionable choice of company
[03:50:07] <Pomegranate> Ty
[03:54:12] *** Quits: sheenobu (sheenobu@sorcery-jsddm4.hs.gigamonster.net) (Ping timeout: 121 seconds)
[03:59:15] *** Joins: Trynity (Tryn@sorcery-lt742b.sc.charter.com)
[04:09:27] *** Joins: sheenobu (sheenobu@sorcery-jsddm4.hs.gigamonster.net)
[04:36:15] *** Joins: Edward (Edward@my.vhost)
[04:36:46] *** Quits: sheenobu (sheenobu@sorcery-jsddm4.hs.gigamonster.net) (Ping timeout: 121 seconds)
[04:36:57] *** Joins: sheenobu (sheenobu@sorcery-jsddm4.hs.gigamonster.net)
[05:01:26] *** Quits: Trynity (Tryn@sorcery-lt742b.sc.charter.com) (Ping timeout: 121 seconds)
[05:01:43] *** Joins: Trynity (Tryn@sorcery-lt742b.sc.charter.com)
[05:22:47] *** Quits: Trynity (Tryn@sorcery-lt742b.sc.charter.com) (Ping timeout: 121 seconds)
[05:23:20] *** Joins: Trynity (Tryn@sorcery-lt742b.sc.charter.com)
[06:02:24] *** Quits: Demisedulous (Halfway@sorcery-e4i2ej.ipv6.telus.net) (Quit: Sleeping)
[06:02:41] *** Quits: xanzul- (xanzul@sorcery-laq2t9.va.comcast.net) (Ping timeout: 121 seconds)
[07:10:25] *** Quits: Carlyle (Carlyle@the.cannibal) (Ping timeout: 121 seconds)
[07:32:54] *** Quits: Edward (Edward@my.vhost) (Quit: Leaving)
[07:55:06] *** Quits: Tez (uid126444@sorcery-9pi829.brockwell.irccloud.com) (Quit: Connection closed for inactivity)
[07:55:08] *** Quits: Trynity (Tryn@sorcery-lt742b.sc.charter.com) (Ping timeout: 121 seconds)
[08:33:28] *** Joins: trapped (trapped@the.jade.cave)
[08:49:12] *** Quits: sheenobu (sheenobu@sorcery-jsddm4.hs.gigamonster.net) (Ping timeout: 121 seconds)
[09:04:26] *** Joins: sheenobu (sheenobu@sorcery-jsddm4.hs.gigamonster.net)
[09:51:50] *** Joins: Carlyle (Carlyle@the.cannibal)
[10:21:46] *** Quits: sheenobu (sheenobu@sorcery-jsddm4.hs.gigamonster.net) (Connection closed)
[11:30:22] *** Joins: Rajoguna_ (Rajas@sorcery-tgd.lo7.115.108.IP)
[11:30:24] *** Quits: Rajoguna (Rajas@sorcery-tgd.lo7.115.108.IP) (Connection closed)
[11:30:51] *** Rajoguna_ is now known as Rajoguna
[11:44:51] *** Quits: Rajoguna (Rajas@sorcery-tgd.lo7.115.108.IP) (Connection closed)
[11:45:07] *** Joins: Rajoguna (Rajas@sorcery-tgd.lo7.115.108.IP)
[11:58:53] *** Joins: zipfelkapuze (ZipfelKapuz@sorcery-cjbb6o.dynamic.kabel-deutschland.de)
[12:25:44] *** Quits: Pomegranate (pomegranate@Fruit.of.Death) (Quit: I meant it when I said I wanna get well!)
[13:34:09] *** Quits: Rajoguna (Rajas@sorcery-tgd.lo7.115.108.IP) (Connection closed)
[13:34:50] *** Joins: Rajoguna (Rajas@sorcery-tgd.lo7.115.108.IP)
[13:48:41] *** Joins: VerifiedShitlady (pomegranate@sorcery-njged8.ru38.u3u3.fb90.2607.IP)
[13:48:45] <VerifiedShitlady> Morning all
[13:49:49] <trapped> hi
[13:49:51] <trapped> its my bday
[13:49:58] <VerifiedShitlady> Happy birthday
[13:50:10] <VerifiedShitlady> I'll drink to you
[13:51:42] *** Joins: Sutch (Sutch@sorcery-c7nn3k.range86-142.btcentralplus.com)
[13:51:42] *** Quits: Sutch (Sutch@sorcery-c7nn3k.range86-142.btcentralplus.com) (Changing host)
[13:51:42] *** Joins: Sutch (Sutch@the.ebony.tower)
[14:26:52] <VerifiedShitlady> Whew
[14:26:54] <VerifiedShitlady> It's hot
[14:50:29] *** Quits: zipfelkapuze (ZipfelKapuz@sorcery-cjbb6o.dynamic.kabel-deutschland.de) (Ping timeout: 121 seconds)
[14:53:56] *** Joins: zipfelkapuze (ZipfelKapuz@sorcery-cjbb6o.dynamic.kabel-deutschland.de)
[14:59:26] <VerifiedShitlady> Hey zipfelkapuze 
[14:59:32] <zipfelkapuze> hi
[15:00:13] <zipfelkapuze> sup
[15:01:31] <VerifiedShitlady> Day drinking
[15:01:33] <VerifiedShitlady> you?
[15:10:01] <Lajjla> trapped, come on doll, it's your bithday.
[15:10:12] <Lajjla> I'm buy you a bacardi, doll, itś your bithday.
[15:10:15] <Lajjla> Something like that
[15:11:19] <trapped> buy me some kiddie p9rn
[15:12:19] <VerifiedShitlady> O-oh mai
[15:13:04] <Lajjla> It is free on the darkweb.
[15:13:06] <Lajjla> THE DARKWEB
[15:13:17] <Lajjla> VerifiedShitlady, are we still spoonies pumpkin/
[15:17:22] *** Joins: Tez (uid126444@sorcery-9pi829.brockwell.irccloud.com)
[15:17:29] <VerifiedShitlady> Til death do us part
[15:32:08] <Lajjla> VerifiedShitlady, can you still remember when we first met and you were really angry at me?
[15:40:16] <VerifiedShitlady> Yes
[15:42:30] <Lajjla> VerifiedShitlady, I was on drugs for a long time too you know.
[15:43:07] <Sutch> https://www.youtube.com/watch?v=pzdKyirtAis
[15:52:58] *** Quits: Rajoguna (Rajas@sorcery-tgd.lo7.115.108.IP) (Connection closed)
[15:56:35] *** Joins: Demisedulous (Halfway@sorcery-7pt0df.ipv6.telus.net)
[16:56:41] *** Joins: Rajoguna (Rajas@sorcery-5hf.lbq.120.108.IP)
[17:15:52] *** Joins: Tezca (IceChat78@sorcery-6gclr7.res.rr.com)
[17:25:06] *** Quits: Tez (uid126444@sorcery-9pi829.brockwell.irccloud.com) (Quit: Connection closed for inactivity)
[17:39:22] *** Joins: Trynity (Tryn@sorcery-lt742b.sc.charter.com)
[17:44:18] *** Quits: Trynity (Tryn@sorcery-lt742b.sc.charter.com) (Ping timeout: 121 seconds)
[17:50:13] *** Quits: VerifiedShitlady (pomegranate@sorcery-njged8.ru38.u3u3.fb90.2607.IP) (Connection closed)
[17:50:14] *** Joins: pomm (pomegranate@sorcery-c0h.ohg.56.172.IP)
[18:08:59] *** Quits: pomm (pomegranate@sorcery-c0h.ohg.56.172.IP) (Connection closed)
[18:08:59] *** Joins: VerifiedShitlady (pomegranate@sorcery-njged8.ru38.u3u3.fb90.2607.IP)
[18:20:34] *** Quits: VerifiedShitlady (pomegranate@sorcery-njged8.ru38.u3u3.fb90.2607.IP) (Quit: I meant it when I said I wanna get well!)
[18:50:20] *** Quits: zipfelkapuze (ZipfelKapuz@sorcery-cjbb6o.dynamic.kabel-deutschland.de) (Connection closed)
[18:54:24] *** Joins: zipfelkapuze (ZipfelKapuz@sorcery-cjbb6o.dynamic.kabel-deutschland.de)
[19:43:18] *** Quits: Rajoguna (Rajas@sorcery-5hf.lbq.120.108.IP) (Connection closed)
[19:45:50] *** Joins: Rajoguna (Rajas@sorcery-5hf.lbq.120.108.IP)
[20:01:43] *** Joins: Tez (uid126444@sorcery-9pi829.brockwell.irccloud.com)
[20:44:11] *** Quits: Demisedulous (Halfway@sorcery-7pt0df.ipv6.telus.net) (Connection closed)
[20:54:42] *** Joins: Edward (Edward@my.vhost)
[21:05:28] *** Quits: zipfelkapuze (ZipfelKapuz@sorcery-cjbb6o.dynamic.kabel-deutschland.de) (Ping timeout: 121 seconds)
[21:15:50] *** Quits: Rajoguna (Rajas@sorcery-5hf.lbq.120.108.IP) (Ping timeout: 121 seconds)
[21:30:51] *** Joins: zipfelkapuze (ZipfelKapuz@sorcery-cjbb6o.dynamic.kabel-deutschland.de)
[21:38:37] *** Joins: Rajoguna (Rajas@sorcery-pq2.ubu.120.108.IP)
[21:59:55] *** Quits: zipfelkapuze (ZipfelKapuz@sorcery-cjbb6o.dynamic.kabel-deutschland.de) (Connection closed)
[22:58:55] *** Quits: Edward (Edward@my.vhost) (Quit: Leaving)
[23:02:27] *** Joins: Demisedulous (Halfway@sorcery-7pt0df.ipv6.telus.net)
[23:15:27] *** Joins: VerifiedShitlady (pomegranate@sorcery-va8ofc.1j01.9iob.fb90.2607.IP)
[23:16:05] <VerifiedShitlady> Hi nerds
[23:51:02] *** Joins: zipfelkapuze (ZipfelKapuz@sorcery-cjbb6o.dynamic.kabel-deutschland.de)
[23:58:02] <VerifiedShitlady> zipfelkapuze: are you a Nazi?
