[00:02:21] <Lajjla> I have like
[00:02:24] <Lajjla> an excellent hair day
[00:02:35] <Lajjla> Well, I just woke up, probably because of that
[00:05:27] <trapped> why did you wake up at midnight
[00:05:32] <trapped> actually, tell me next morning
[00:05:39] <trapped> i'm gonna go sleep
[00:11:01] <Lajjla> Okikidoki sweetie
[00:11:14] <Lajjla> VerifiedShitlady, pumpkin, are we still spoonies/
[00:14:14] *** Quits: trapped (trapped@the.jade.cave) (Connection closed)
[00:34:55] <VerifiedShitlady> Yes Lajjla 
[00:36:16] <Lajjla> VerifiedShitlady, were you like actually mad at me when you insulted me so, or ust trolling?
[00:44:32] <VerifiedShitlady>  Mad
[01:03:10] <Lajjla> VerifiedShitlady, ahh
[01:03:14] <Lajjla> but we're all friends now, right?
[01:03:58] <FFDoftheTrumpCLan> Hey sexy Lajjla
[01:04:14] *** Joins: Tezca (IceChat78@sorcery-6gclr7.res.rr.com)
[01:04:44] <VerifiedShitlady> No
[01:04:47] <VerifiedShitlady> Spooniez
[01:05:42] <Lajjla> VerifiedShitlady, wasn' that more than friends last time/
[01:07:05] <VerifiedShitlady> Yea
[01:07:09] <VerifiedShitlady> Still is
[01:08:12] <Lajjla> VerifiedShitlady, but doesn't that mean we're also friens, sweetie/
[01:17:59] *** Joins: Trynity (Tryn@sorcery-lt742b.sc.charter.com)
[01:29:01] *** Quits: Trynity (Tryn@sorcery-lt742b.sc.charter.com) (Ping timeout: 121 seconds)
[01:32:23] *** Joins: Trynity (Tryn@sorcery-lt742b.sc.charter.com)
[01:43:58] *** Quits: Sutch (Sutch@the.ebony.tower) (Quit: -)
[01:51:49] *** Quits: zipfelkapuze (ZipfelKapuz@sorcery-cjbb6o.dynamic.kabel-deutschland.de) (Connection closed)
[02:20:58] <Lajjla> VerifiedShitlady, hmm, sweetie/
[02:33:08] *** Quits: VerifiedShitlady (pomegranate@sorcery-vleiij.c8na.uj3i.fb90.2607.IP) (Ping timeout: 121 seconds)
[02:34:22] *** Joins: VerifiedShitlady (pomegranate@sorcery-vleiij.c8na.uj3i.fb90.2607.IP)
[02:45:21] *** Quits: Trynity (Tryn@sorcery-lt742b.sc.charter.com) (Ping timeout: 121 seconds)
[03:37:26] *** Joins: Trynity (Tryn@sorcery-lt742b.sc.charter.com)
[03:42:22] *** Quits: Trynity (Tryn@sorcery-lt742b.sc.charter.com) (Ping timeout: 121 seconds)
[04:37:29] *** Joins: Rajoguna (Rajas@sorcery-aj3.eup.101.108.IP)
[04:38:24] *** Rajoguna is now known as Guest12511
[04:39:26] *** Guest12511 is now known as Rajoguna
[04:40:19] *** Quits: Rajoguna (Rajas@sorcery-aj3.eup.101.108.IP) (services.sorcery.net (Too many invalid passwords))
[04:40:39] *** Joins: Rajoguna (Rajas@sorcery-aj3.eup.101.108.IP)
[05:30:31] *** Quits: sheenobu (sheenobu@sorcery-jsddm4.hs.gigamonster.net) (Ping timeout: 121 seconds)
[05:43:01] *** Joins: sheenobu (sheenobu@sorcery-jsddm4.hs.gigamonster.net)
[05:45:44] *** Quits: Rajoguna (Rajas@sorcery-aj3.eup.101.108.IP) (Connection closed)
[05:46:00] *** Joins: Rajoguna (Rajas@sorcery-aj3.eup.101.108.IP)
[05:47:01] *** Rajoguna is now known as Guest61252
[05:52:03] *** Quits: sheenobu (sheenobu@sorcery-jsddm4.hs.gigamonster.net) (Ping timeout: 121 seconds)
[05:52:14] *** Joins: sheenobu (sheenobu@sorcery-jsddm4.hs.gigamonster.net)
[07:20:29] *** Quits: Tezca (IceChat78@sorcery-6gclr7.res.rr.com) (Ping timeout: 121 seconds)
[07:51:01] *** Joins: trapped (trapped@the.jade.cave)
[07:55:01] *** Quits: Tez (uid126444@sorcery-9pi829.brockwell.irccloud.com) (Quit: Connection closed for inactivity)
[08:58:16] *** Quits: Guest61252 (Rajas@sorcery-aj3.eup.101.108.IP) (Connection closed)
[09:05:38] *** Joins: Rajoguna (Rajas@sorcery-aj3.eup.101.108.IP)
[09:06:35] *** Rajoguna is now known as Guest32523
[09:12:28] *** Quits: Guest32523 (Rajas@sorcery-aj3.eup.101.108.IP) (Connection closed)
[09:13:29] *** Joins: Guest32523 (Rajas@sorcery-aj3.eup.101.108.IP)
[09:15:08] *** Guest32523 is now known as Rajoguna
[09:16:11] *** Rajoguna is now known as Guest54475
[09:27:44] *** Quits: trapped (trapped@the.jade.cave) (Connection closed)
[12:33:16] *** Quits: VerifiedShitlady (pomegranate@sorcery-vleiij.c8na.uj3i.fb90.2607.IP) (Quit: I meant it when I said I wanna get well!)
[13:29:37] *** Joins: trapped (trapped@the.jade.cave)
[14:23:43] *** Joins: Tez (uid126444@sorcery-9pi829.brockwell.irccloud.com)
[14:24:21] *** Joins: VerifiedShitlady (pomegranate@sorcery-vleiij.c8na.uj3i.fb90.2607.IP)
[14:25:13] *** VerifiedShitlady is now known as Pomegranate
[14:25:20] *** Quits: Pomegranate (pomegranate@sorcery-vleiij.c8na.uj3i.fb90.2607.IP) (Changing host)
[14:25:20] *** Joins: Pomegranate (pomegranate@Fruit.of.Death)
[14:25:27] <Pomegranate> Ccomp5950: 
[14:26:01] <Pomegranate> After how long of no use will a nick be unregistered?
[14:49:40] <trapped> Pomegranate: i heard ur being prosecuted
[14:50:01] <Pomegranate> For what
[14:50:20] <trapped> for ur religion, paninism
[14:50:46] <Pomegranate> ALL HAIL THE SANDWICH GOD, LORD PANINI
[15:07:49] <Pomegranate> trapped: did u see my fb post
[15:08:31] <trapped> did u just remember about it or what
[15:08:34] <trapped> yes i did
[15:10:27] <Pomegranate> There's a difference between persecution and prosecution
[15:10:44] <trapped> no
[15:11:21] <Pomegranate> yes
[15:11:30] <trapped> maybe in ur shit language
[15:11:38] <Pomegranate> Prosecution is in a court of law
[15:11:43] <Pomegranate> persecution is elsewhere
[15:11:56] <trapped> persecution isnt really a word
[15:12:05] <trapped> prolly the english fagots invented it
[15:12:14] <trapped> but anyway
[15:12:17] <trapped> u got my point
[15:12:25] <Pomegranate> ya but ur speaking the shit language :^)
[15:12:51] <trapped> yes cause i have to lower myself to speaking the language of the plebeians like u
[15:13:13] <trapped> the barbarians
[15:15:40] <Pomegranate>   ^-^
[15:23:45] <Pomegranate> Mm coffee
[15:24:37] <trapped> mm horse blood
[15:26:06] <Pomegranate> Mmmm goat tendon
[15:26:26] <Pomegranate> Gah 
[15:26:40] <Lajjla> Pomegranate, so why aren' we friends?
[15:26:44] <Lajjla> I thought we were totes besties.
[15:26:52] <Lajjla> Pomegranate, want to see my new awesome destop theme/
[15:27:17] <Pomegranate> We are spoonies
[15:27:18] <Pomegranate> And sure
[15:27:52] <Lajjla> Pomegranate, but spoonies is more than riends.
[15:28:34] <Lajjla> Pomegranate: http://i.imgur.com/pHxV86O.jpg
[15:29:04] <Pomegranate> Awesome
[15:29:45] <Pomegranate> Welp time to run to the grocery store
[15:30:00] <Pomegranate> gonna get some stuff for supper tonight
[15:30:17] <Pomegranate> bbl!
[15:30:18] *** Quits: Pomegranate (pomegranate@Fruit.of.Death) (Quit: I meant it when I said I wanna get well!)
[15:30:20] <Ccomp5950> Pomegranate: /ns help register
[15:30:20] <Ccomp5950> -NickServ- Accounts that are not used anymore are subject to
[15:30:20] <Ccomp5950> -NickServ- the automatic expiration, i.e. they will be deleted
[15:30:20] <Ccomp5950> -NickServ- after 30 days if not used.
[15:30:22] <Ccomp5950> DAMN IT
[15:30:38] <trapped> Lajjla: TODO:
[15:30:59] <trapped> Ccomp5950: wot
[15:31:18] <Lajjla> trapped, yes I otherwise forget to brush mein teeth
[15:31:21] <Ccomp5950> they asked me how long of no use will a nick be unregistered, the answer is 30 days
[15:32:13] <trapped> i wish the server sent an email notice a couple days before nick expiration 
[15:43:16] *** Joins: Sutch (Sutch@the.ebony.tower)
[16:24:03] *** Joins: Tezca (IceChat78@sorcery-6gclr7.res.rr.com)
[16:31:08] *** Joins: Pomegranate (pomegranate@Fruit.of.Death)
[16:31:15] <Pomegranate> Back
[16:42:22] *** Quits: Tezca (IceChat78@sorcery-6gclr7.res.rr.com) (Ping timeout: 121 seconds)
[16:44:24] <Lajjla> Pomegranate, don't tell me
[16:44:27] <Lajjla> You don't run Gentoo.
[16:47:30] <Pomegranate> Correct
[16:48:25] <Pomegranate> REEEEEE
[16:48:30] <Pomegranate> https://sli.mg/93x4yY
[17:08:58] *** Joins: Trynity (Tryn@sorcery-lt742b.sc.charter.com)
[17:10:15] <Pomegranate> Trynity: EATING DISORDERS ARE TRIGGERING
[17:10:17] <Pomegranate> https://sli.mg/93x4yY
[17:13:01] <Pomegranate> I guess I'm triggering since I can't gain weight
[17:14:08] <Lajjla> I eat like a pig but remain around 50-60kg
[17:14:16] <Lajjla> Pomegranate, so what are you using?
[17:14:25] <Lajjla> Trynity, you are on 4chan, right?
[17:14:52] <Pomegranate> Lajjla: my android phone
[17:15:01] <Lajjla> Pomegranate, really, that's it?
[17:15:05] <Lajjla> No computer outside of that?
[17:15:08] <Pomegranate> yes
[17:15:16] <Lajjla> Waaah
[17:15:19] <Lajjla> You poor soul.
[17:15:25] <Lajjla> I should spoon you to cher you up
[17:15:27] <Trynity> Yes, I'm on 4chan
[17:16:24] <Lajjla> Trynity, so are you a true /g/entooman who goes onto places and says things like ">not having a custom kernel"
[17:17:35] <Trynity> I'm not much of a /g/entooman
[17:17:39] <Trynity> I sometimes get on
[17:18:27] <Lajjla> Trynity, well, like
[17:18:49] <Lajjla> A couple of days back I made a post on r/linux which was so elitist that it got reposted on /g/ where people complaed about how inappropriate and elitist it was.
[17:18:52] <Lajjla> Are you proud of me?
[17:19:02] <Lajjla> I stand atop the pecking order, even /g/ is not as elitist as I
[17:19:11] <Trynity> Gratzo
[17:23:17] <Pomegranate> Trynity: 
[17:23:18] <Pomegranate> Hi
[17:24:14] *** Joins: zipfelkapuze (ZipfelKapuz@sorcery-cjbb6o.dynamic.kabel-deutschland.de)
[17:26:25] <Lajjla> Pomegranate, you never say hi to me, you sack.
[17:26:27] <Trynity> Pomegranate: Hi
[17:26:29] <Lajjla> zipfelkapuze, fresh meat
[17:26:37] <Trynity> He's not THAT fresh
[17:26:39] <Pomegranate> Lajjla: hi
[17:26:46] <Trynity> He's just a nerd who thinks this is still #music
[17:26:49] <Pomegranate> Trynity: https://sli.mg/93x4yY
[17:27:07] <Lajjla> I think I saw that link before
[17:27:10] <Lajjla> It keeps catching me
[17:27:20] <zipfelkapuze> :c
[17:29:17] <Pomegranate> Blah
[17:29:57] <Lajjla> ^c
[17:30:10] <Lajjla> Pomegranate, anyway, you wanna spoon or not?
[17:30:28] <Pomegranate> Yes
[17:31:12] <Lajjla> Mate, you're just telling me what I want to hear.
[17:31:46] <Pomegranate> Noh
[17:32:40] <Lajjla> Pomegranate, but will you sing me a lullaby then
[17:32:44] <Lajjla> Because I'm sleepy and I can't sleep
[17:44:56] <Pomegranate> Rock a bye baby on the treetop
[17:45:08] <Pomegranate> When the wind blows the cradle will rock
[17:45:32] <Pomegranate> when the bough breaks the cradle will fall
[17:45:44] <Pomegranate> Down will come baby cradle and all
[17:58:54] <Moose> thats such a morbid lullaby.
[17:59:20] <Pomegranate> Ikr
[18:04:39] <Pomegranate> I love it
[18:05:40] <Pomegranate> Making grilled cheese sandwiches
[18:05:53] <Bolto> New house?
[18:07:19] <Pomegranate> Yes
[18:08:00] <Bolto> Nice!
[18:08:23] <Pomegranate> Well
[18:08:24] <Pomegranate> Apartment
[18:08:31] <Pomegranate> but same concept
[18:08:44] <Bolto> Yeah
[18:08:47] <Bolto> Abode
[18:30:19] <David> somehow I read that as "adobe"
[18:31:00] <David> and I wondered what Bolto was doing in the american southwest
[18:31:01] *** Quits: Trynity (Tryn@sorcery-lt742b.sc.charter.com) (Ping timeout: 121 seconds)
[18:31:10] <Bolto> ?
[18:31:47] <Pomegranate> Bolto: southwestern homes are often made of adobe
[18:32:09] <Bolto> Like illustrator?
[18:32:14] <Pomegranate> Sure
[18:32:14] <David> no
[18:32:23] <David> adobe as in mud bricks
[18:32:30] <Pomegranate> ^
[18:32:35] <David> https://en.wikipedia.org/wiki/Adobe
[18:32:55] <Pomegranate> Dou
[18:32:57] <Pomegranate> Doi
[18:33:07] <Bolto> Oh, just like the software :^)
[18:33:33] <David> so Bolto 
[18:33:45] <David> you're a kitty and you have a wolf (balto) and a bull (bullto) as sublings
[18:33:48] <David> how does that feel?
[18:34:10] <Bolto> Like the little one c:
[18:36:19] * David picks up Bolto
[18:42:16] <Pomegranate> Balto?
[18:42:28] <Pomegranate> The movie character?
[18:45:29] <David> the doge
[18:50:41] <Pomegranate> Shiba inu
[18:51:19] <Pomegranate> WOOF WOOF
[18:59:46] <trapped> David: i wouldn't bet on it, but Bolto is probably twice as tall as u
[18:59:56] <Bolto> Lmao
[19:00:46] <trapped> im thinking "90 years old asian midget"
[19:00:51] <trapped> 50cm in height
[19:07:54] *** Quits: Pomegranate (pomegranate@Fruit.of.Death) (Quit: I meant it when I said I wanna get well!)
[20:00:58] *** Quits: Carlyle (Carlyle@the.cannibal) (Quit: quit)
[20:02:25] *** Joins: Carlyle (Carlyle@the.cannibal)
[20:05:02] *** Quits: Tez (uid126444@sorcery-9pi829.brockwell.irccloud.com) (Quit: Connection closed for inactivity)
[20:36:05] *** Joins: Tez (uid126444@sorcery-9pi829.brockwell.irccloud.com)
[21:55:20] *** Quits: Guest54475 (Rajas@sorcery-aj3.eup.101.108.IP) (Connection closed)
[21:56:04] *** Joins: Guest54475 (Rajas@sorcery-aj3.eup.101.108.IP)
[21:56:37] *** Quits: Guest54475 (Rajas@sorcery-aj3.eup.101.108.IP) (Connection closed)
[22:38:49] *** Joins: VerifiedShitlady (pomegranate@sorcery-as7s8f.m15k.b9hi.fb90.2607.IP)
[22:38:55] <VerifiedShitlady> Hi
[22:57:56] *** Quits: sheenobu (sheenobu@sorcery-jsddm4.hs.gigamonster.net) (Ping timeout: 121 seconds)
[22:59:36] <zipfelkapuze> hi
[23:13:09] *** Joins: sheenobu (sheenobu@sorcery-jsddm4.hs.gigamonster.net)
[23:19:35] <VerifiedShitlady> Sup zipfelkapuze 
[23:20:52] <zipfelkapuze> If these trees could talk are going to release a new album: https://ifthesetreescouldtalk.bandcamp.com/album/the-bones-of-a-dying-world
[23:23:36] <VerifiedShitlady> J'aime les haricots verts
[23:38:56] *** Joins: Tezca (IceChat78@sorcery-6gclr7.res.rr.com)
[23:48:03] *** Quits: VerifiedShitlady (pomegranate@sorcery-as7s8f.m15k.b9hi.fb90.2607.IP) (Quit: I meant it when I said I wanna get well!)
