[00:06:18] *** Joins: Jen (Jennifer@gay.as.a.rainbow)
[00:17:51] *** Quits: trapped (trapped@the.jade.cave) (Connection closed)
[00:34:26] *** Joins: Edward (Edward@my.vhost)
[01:22:03] *** Joins: Rajoguna (Rajas@sorcery-un3.iaj.101.108.IP)
[01:22:38] <Rajoguna> persons
[01:42:45] *** Quits: Edward (Edward@my.vhost) (Quit: Leaving)
[02:57:25] *** Joins: Edward (Edward@my.vhost)
[03:20:05] *** Quits: Rajoguna (Rajas@sorcery-un3.iaj.101.108.IP) (Connection closed)
[03:24:39] *** Joins: Rajoguna (Rajas@sorcery-un3.iaj.101.108.IP)
[03:25:38] *** Rajoguna is now known as Guest15887
[04:03:11] *** Quits: Sutchykins (Sutch@the.ebony.tower) (Quit: -)
[04:51:17] *** Joins: Rajoguna_ (Rajas@sorcery-un3.iaj.101.108.IP)
[04:51:22] *** Quits: Guest15887 (Rajas@sorcery-un3.iaj.101.108.IP) (Connection closed)
[04:51:50] *** Quits: Rajoguna_ (Rajas@sorcery-un3.iaj.101.108.IP) (Connection closed)
[04:52:38] *** Joins: Rajoguna (Rajas@sorcery-un3.iaj.101.108.IP)
[04:53:35] *** Rajoguna is now known as Guest39320
[05:13:33] *** Joins: Demisedulous (Halfway@sorcery-6d8i5n.ipv6.telus.net)
[05:38:55] *** Guest39320 is now known as Rajoguna
[06:25:24] *** Quits: Tez (uid126444@sorcery-9pi829.brockwell.irccloud.com) (Quit: Connection closed for inactivity)
[06:35:32] *** Quits: Rajoguna (Rajas@sorcery-un3.iaj.101.108.IP) (Connection closed)
[06:37:40] *** Joins: Rajoguna (Rajas@sorcery-un3.iaj.101.108.IP)
[06:37:56] *** Rajoguna is now known as Guest54749
[06:39:34] *** Quits: Guest54749 (Rajas@sorcery-un3.iaj.101.108.IP) (Quit: Leaving)
[06:51:27] *** Quits: Edward (Edward@my.vhost) (Quit: Leaving)
[08:22:39] *** Joins: trapped (trapped@the.jade.cave)
[08:23:17] *** Joins: xanzul (xanzul@sorcery-laq2t9.va.comcast.net)
[08:31:24] *** Quits: Demisedulous (Halfway@sorcery-6d8i5n.ipv6.telus.net) (Quit: Sleeping)
[08:57:25] *** Joins: Edward (Edward@my.vhost)
[09:14:12] *** Quits: trapped (trapped@the.jade.cave) (Connection closed)
[09:38:46] *** Quits: Edward (Edward@my.vhost) (Quit: Leaving)
[12:14:57] *** Joins: zipfelkapuze (ZipfelKapuz@sorcery-cjbb6o.dynamic.kabel-deutschland.de)
[12:54:50] *** Joins: Tez (uid126444@sorcery-9pi829.brockwell.irccloud.com)
[13:21:15] *** Quits: xanzul (xanzul@sorcery-laq2t9.va.comcast.net) (Connection closed)
[14:23:00] *** Joins: trapped (trapped@the.jade.cave)
[14:32:31] *** Quits: zipfelkapuze (ZipfelKapuz@sorcery-cjbb6o.dynamic.kabel-deutschland.de) (Ping timeout: 121 seconds)
[15:31:21] *** Joins: zipfelkapuze (ZipfelKapuz@sorcery-cjbb6o.dynamic.kabel-deutschland.de)
[15:35:12] *** Quits: sheenobu (sheenobu@sorcery-jsddm4.hs.gigamonster.net) (Quit: Leaving)
[15:44:40] *** Joins: Sutch (Sutch@the.ebony.tower)
[15:59:01] *** Quits: zipfelkapuze (ZipfelKapuz@sorcery-cjbb6o.dynamic.kabel-deutschland.de) (Connection closed)
[16:04:27] *** Joins: VerifiedShitlady (pomegranate@sorcery-6n6lm7.c1d9.g01g.fb90.2607.IP)
[16:04:34] <VerifiedShitlady> I hate this
[16:06:36] <VerifiedShitlady> So much
[16:35:10] <trapped> kek
[17:24:47] <VerifiedShitlady> Stfu fgt
[17:28:33] *** Joins: Trynity (Tryn@sorcery-8cd0b9.public.wayport.net)
[17:28:39] <VerifiedShitlady> Fucking Secretary of state
[17:33:31] <Trynity> ??
[17:40:49] <VerifiedShitlady> Took forever
[17:52:10] <Trynity> What about the SSecretary of State?
[18:07:18] <VerifiedShitlady> It takes forever
[18:09:59] *** Joins: Demisedulous (Halfway@sorcery-6d8i5n.ipv6.telus.net)
[18:10:15] <VerifiedShitlady> Eyyy Demisedulous 
[18:10:25] <Demisedulous> GOod morning, toots
[18:10:29] <Demisedulous> How goes it on this fine day?
[18:10:40] <VerifiedShitlady> Goof afternoon
[18:11:48] <Demisedulous> I sure hope it's not a goofy afternoon
[18:17:01] <VerifiedShitlady> Good
[18:35:32] <VerifiedShitlady> Kek
[18:35:43] <VerifiedShitlady> Bbl store time
[18:36:17] *** Quits: VerifiedShitlady (pomegranate@sorcery-6n6lm7.c1d9.g01g.fb90.2607.IP) (Quit: I meant it when I said I wanna get well!)
[19:16:47] *** Joins: zipfelkapuze (ZipfelKapuz@sorcery-cjbb6o.dynamic.kabel-deutschland.de)
[20:18:12] *** Quits: Trynity (Tryn@sorcery-8cd0b9.public.wayport.net) (Ping timeout: 121 seconds)
[20:40:51] *** Quits: Demisedulous (Halfway@sorcery-6d8i5n.ipv6.telus.net) (Connection closed)
[20:49:42] *** Joins: Edward (Edward@my.vhost)
[20:55:32] *** Quits: Edward (Edward@my.vhost) (Quit: Leaving)
[22:18:13] *** Joins: Edward (Edward@my.vhost)
[22:21:23] *** Quits: Edward (Edward@my.vhost) (Quit: Leaving)
[22:30:40] *** Joins: VerifiedShitlady (pomegranate@sorcery-kbo9ad.mofc.65do.fb90.2607.IP)
[22:31:14] *** VerifiedShitlady is now known as Pomegranate
[22:31:20] *** Quits: Pomegranate (pomegranate@sorcery-kbo9ad.mofc.65do.fb90.2607.IP) (Changing host)
[22:31:20] *** Joins: Pomegranate (pomegranate@Fruit.of.Death)
[22:34:20] <Pomegranate> BLARGH
[22:39:52] *** Quits: FFDoftheTrumpCLan (finalfanta@sorcery-vr8h89.home.ne.jp) (Ping timeout: 121 seconds)
[22:54:30] *** Joins: Demisedulous (Halfway@sorcery-6d8i5n.ipv6.telus.net)
[22:55:00] <Pomegranate>  TheAllison is pathetic
[23:06:12] *** Joins: Jacinda (phone@sorcery-o8n.pfn.100.108.IP)
[23:06:20] <Jacinda> David!!!
[23:10:02] *** Joins: Edward (Edward@my.vhost)
[23:15:11] <Jacinda> Phone dying
[23:16:35] <Jacinda> Been trying to catch david for days btw i voted early today for bernie sanders and voted to renew levies to fund the buses and libraries yay
[23:17:39] <Pomegranate> Yes
[23:24:38] *** Quits: Jacinda (phone@sorcery-o8n.pfn.100.108.IP) (Connection closed)
