[00:05:31] *** Quits: Tez (uid126444@sorcery-gtmtht.pld0.199n.8300.2604.IP) (Quit: Connection closed for inactivity)
[00:12:32] *** Quits: Edward (Edward@my.vhost) (Quit: Leaving)
[01:21:08] *** Joins: Trynity (Tryn@sorcery-8cd0b9.public.wayport.net)
[01:21:23] *** Joins: Edward (Edward@my.vhost)
[01:42:01] *** Joins: Cetu (fleff@sorcery-e88a8q.ad8p.ni97.fb90.2607.IP)
[01:46:10] *** Quits: Trynity (Tryn@sorcery-8cd0b9.public.wayport.net) (Ping timeout: 121 seconds)
[01:48:30] *** Quits: trapped (trapped@the.jade.cave) (Connection closed)
[02:17:01] *** Joins: Trynity (Tryn@sorcery-q69.b97.80.97.IP)
[02:53:21] *** Quits: Sutch (Sutch@the.ebony.tower) (Quit: -)
[03:15:29] *** Joins: FFDoftheTrumpCLan (finalfanta@sorcery-vr8h89.home.ne.jp)
[03:15:31] <FFDoftheTrumpCLan> NO KICK FFD
[03:15:44] <FFDoftheTrumpCLan> ffd no be nice you kick ffd friend of friends again!
[03:15:55] <FFDoftheTrumpCLan> can't you see ffd is your friend?
[03:16:03] <FFDoftheTrumpCLan> can't you see ffd will alwayls be your friend?
[03:16:18] <Demisedulous> I see that, ffd
[03:16:28] <Demisedulous> I apologize for what you went through
[03:41:21] *** Quits: Trynity (Tryn@sorcery-q69.b97.80.97.IP) (Ping timeout: 121 seconds)
[03:42:09] <FFDoftheTrumpCLan> Hey any super-gays here?
[03:42:16] * FFDoftheTrumpCLan winks in your direction Edward
[03:47:09] *** Quits: Jen (Jennifer@gay.as.a.rainbow) (Connection closed)
[03:51:15] *** Joins: Trynity (Tryn@sorcery-q69.b97.80.97.IP)
[03:58:12] *** Quits: Trynity (Tryn@sorcery-q69.b97.80.97.IP) (Ping timeout: 121 seconds)
[04:04:51] *** Joins: Jen (Jennifer@gay.as.a.rainbow)
[04:26:23] <David> FFDoftheTrumpCLan: nobody has ever kicked you from here
[04:26:26] <David> you're just disconnecting
[05:35:30] *** Quits: sheenobu (sheenobu@sorcery-jsddm4.hs.gigamonster.net) (Ping timeout: 121 seconds)
[05:36:29] *** Joins: sheenobu (sheenobu@sorcery-jsddm4.hs.gigamonster.net)
[05:40:32] *** Joins: Trynity (Tryn@sorcery-gik.ntj.81.71.IP)
[05:45:13] *** Quits: Trynity (Tryn@sorcery-gik.ntj.81.71.IP) (Quit: WeeChat 1.4)
[05:45:17] *** Joins: Trynity (Tryn@sorcery-gik.ntj.81.71.IP)
[05:48:50] *** Joins: Tryn (Tryn@sorcery-gik.ntj.81.71.IP)
[05:49:28] *** Quits: Trynity (Tryn@sorcery-gik.ntj.81.71.IP) (Ping timeout: 121 seconds)
[05:50:51] *** Quits: Tryn (Tryn@sorcery-gik.ntj.81.71.IP) (Quit: WeeChat 1.4)
[05:50:53] *** Joins: Trynity (Tryn@sorcery-gik.ntj.81.71.IP)
[06:10:59] *** Joins: xanzul (xanzul@sorcery-laq2t9.va.comcast.net)
[06:11:22] *** Quits: Trynity (Tryn@sorcery-gik.ntj.81.71.IP) (Quit: WeeChat 1.4)
[06:11:25] *** Joins: Trynity (Tryn@sorcery-gik.ntj.81.71.IP)
[06:15:35] *** Quits: Trynity (Tryn@sorcery-gik.ntj.81.71.IP) (Ping timeout: 121 seconds)
[07:08:21] *** Quits: Edward (Edward@my.vhost) (Quit: Leaving)
[07:34:39] *** Quits: xanzul (xanzul@sorcery-laq2t9.va.comcast.net) (Connection closed)
[07:35:19] *** Joins: xanzul (xanzul@sorcery-laq2t9.va.comcast.net)
[07:51:27] *** Quits: Tezca (quassel@sorcery-6gclr7.res.rr.com) (Ping timeout: 121 seconds)
[08:23:55] *** Quits: Demisedulous (Halfway@sorcery-tg4gu9.ipv6.telus.net) (Quit: Sleeping)
[09:49:10] *** Quits: xanzul (xanzul@sorcery-laq2t9.va.comcast.net) (Quit: )
[10:11:05] *** Joins: Rajoguna (Energy@sorcery-qne.b65.115.108.IP)
[10:11:55] *** Rajoguna is now known as Guest26429
[10:12:30] <Guest26429> whos on
[10:13:04] *** Guest26429 is now known as Jacinda
[10:32:59] *** Quits: Jacinda (Energy@sorcery-qne.b65.115.108.IP) (Connection closed)
[10:34:07] *** Joins: Jacinda (Jacey@sorcery-qne.b65.115.108.IP)
[10:45:04] *** Quits: Jacinda (Jacey@sorcery-qne.b65.115.108.IP) (Connection closed)
[10:58:55] *** Quits: Cetu (fleff@sorcery-e88a8q.ad8p.ni97.fb90.2607.IP) (Quit: I meant it when I said I wanna get well!)
[11:07:20] *** Joins: Jacinda (Jacey@sorcery-qne.b65.115.108.IP)
[11:48:08] *** Joins: zipfelkapuze (ZipfelKapuz@sorcery-cjbb6o.dynamic.kabel-deutschland.de)
[11:54:52] *** Joins: trapped (trapped@the.jade.cave)
[12:25:04] *** Quits: Jacinda (Jacey@sorcery-qne.b65.115.108.IP) (Connection closed)
[12:34:46] *** Joins: Jacinda (Jacey@sorcery-qne.b65.115.108.IP)
[13:02:03] *** Quits: zipfelkapuze (ZipfelKapuz@sorcery-cjbb6o.dynamic.kabel-deutschland.de) (Connection closed)
[13:38:14] *** Joins: zipfelkapuze (ZipfelKapuz@sorcery-cjbb6o.dynamic.kabel-deutschland.de)
[14:22:48] *** Joins: Trynity (Tryn@sorcery-gik.ntj.81.71.IP)
[14:28:03] <zipfelkapuze> did you listen to it trynity?
[14:28:22] <Trynity> No, relink?
[14:28:42] <zipfelkapuze> https://www.youtube.com/watch?v=JZs2PMhuOec
[14:29:19] <zipfelkapuze> bb
[14:29:21] *** Quits: zipfelkapuze (ZipfelKapuz@sorcery-cjbb6o.dynamic.kabel-deutschland.de) (Connection closed)
[14:35:48] *** Quits: Trynity (Tryn@sorcery-gik.ntj.81.71.IP) (Quit: WeeChat 1.4)
[14:35:51] *** Joins: Trynity (Tryn@sorcery-gik.ntj.81.71.IP)
[15:07:53] *** Quits: Trynity (Tryn@sorcery-gik.ntj.81.71.IP) (Ping timeout: 121 seconds)
[15:12:52] *** Joins: Tez (uid126444@sorcery-gtmtht.pld0.199n.8300.2604.IP)
[15:52:07] *** Joins: Tezca (quassel@sorcery-6gclr7.res.rr.com)
[17:21:46] *** Joins: Trynity (Tryn@sorcery-gik.ntj.81.71.IP)
[17:22:02] <Trynity> Jesus fucking christ
[17:22:07] <Trynity> I know it's like 7 am there
[17:22:11] <Trynity> But where is Connor
[17:55:32] *** Quits: Tez (uid126444@sorcery-gtmtht.pld0.199n.8300.2604.IP) (Quit: Connection closed for inactivity)
[18:00:21] *** Quits: Trynity (Tryn@sorcery-gik.ntj.81.71.IP) (Quit: WeeChat 1.4)
[18:00:24] *** Joins: Trynity (Tryn@sorcery-gik.ntj.81.71.IP)
[18:24:56] *** Quits: FFDoftheTrumpCLan (finalfanta@sorcery-vr8h89.home.ne.jp) (Ping timeout: 121 seconds)
[18:25:28] *** Joins: FFDoftheTrumpCLan (finalfanta@sorcery-vr8h89.home.ne.jp)
[18:53:17] *** Quits: Trynity (Tryn@sorcery-gik.ntj.81.71.IP) (Ping timeout: 121 seconds)
[18:53:51] *** Joins: Trynity (Tryn@sorcery-gik.ntj.81.71.IP)
[18:53:55] *** Joins: Sutch (Sutch@sorcery-rkmfvq.range86-155.btcentralplus.com)
[18:53:55] *** Quits: Sutch (Sutch@sorcery-rkmfvq.range86-155.btcentralplus.com) (Changing host)
[18:53:55] *** Joins: Sutch (Sutch@the.ebony.tower)
[19:32:25] *** Joins: zipfelkapuze (ZipfelKapuz@sorcery-cjbb6o.dynamic.kabel-deutschland.de)
[19:56:55] <zipfelkapuze> hi
[19:57:49] <trapped> Jen: http://i.imgur.com/4NsYe84.jpg
[19:57:59] <Jen> nice
[19:58:08] <Jen> ima smoke some deadhead OG tomorrow
[19:58:47] <trapped> didnt u say u wanted to quit weed
[19:58:54] <trapped> and that u wanted to sell what you still had
[20:00:24] <Jen> i did
[20:00:36] <Jen> but im almost off my medication that made me sick from weed now
[20:00:41] <Jen> so ican smoke again
[20:00:50] <Jen> i did sell all that i had
[20:00:53] <Jen> then i got more head
[20:00:58] <Jen> s/head/weed/
[20:01:33] <Jen> i have white siberian, deadhead og, double tangie banana, and taffie
[20:02:45] <trapped> what state do you live in again
[20:02:46] <trapped> texas?
[20:02:50] <Jen> Arizona
[20:02:55] <trapped> ah it's legal there right
[20:03:00] <Jen> yes and no
[20:03:04] <Jen> if you have your med card
[20:03:16] <trapped> i only have a fucking bunch of moby dick lately
[20:03:21] <trapped> like, 2 kilos
[20:03:39] <Jen> my bubblers name is moby dick
[20:16:06] *** Quits: Tezca (quassel@sorcery-6gclr7.res.rr.com) (Ping timeout: 121 seconds)
[20:27:55] *** Quits: zipfelkapuze (ZipfelKapuz@sorcery-cjbb6o.dynamic.kabel-deutschland.de) (Ping timeout: 121 seconds)
[20:39:02] *** Joins: Tezca (quassel@sorcery-6gclr7.res.rr.com)
[20:40:53] *** Quits: Trynity (Tryn@sorcery-gik.ntj.81.71.IP) (Ping timeout: 121 seconds)
[21:05:13] *** Joins: zipfelkapuze (ZipfelKapuz@sorcery-cjbb6o.dynamic.kabel-deutschland.de)
[21:05:17] <zipfelkapuze> jo
[21:18:44] *** Quits: Jen (Jennifer@gay.as.a.rainbow) (Ping timeout: 121 seconds)
[21:35:55] *** Joins: Cetu (fleff@sorcery-e88a8q.ad8p.ni97.fb90.2607.IP)
[22:58:19] *** Quits: sheenobu (sheenobu@sorcery-jsddm4.hs.gigamonster.net) (Connection closed)
[23:14:46] *** Quits: Jacinda (Jacey@sorcery-qne.b65.115.108.IP) (Connection closed)
[23:19:02] *** Joins: sheenobu (sheenobu@sorcery-jsddm4.hs.gigamonster.net)
[23:59:25] *** Quits: Tezca (quassel@sorcery-6gclr7.res.rr.com) (Ping timeout: 121 seconds)
