[01:01:04] *** Quits: zipfelkapuze (ZipfelKapuz@sorcery-cjbb6o.dynamic.kabel-deutschland.de) (Connection closed)
[01:04:38] *** Joins: zipfelkapuze (ZipfelKapuz@sorcery-cjbb6o.dynamic.kabel-deutschland.de)
[01:18:54] *** Quits: Tezca (IceChat78@sorcery-6gclr7.res.rr.com) (Ping timeout: 121 seconds)
[01:32:47] *** Quits: Edward (Edward@my.vhost) (Quit: Leaving)
[01:51:21] *** Joins: Tezca (IceChat78@sorcery-6gclr7.res.rr.com)
[02:04:42] *** Quits: zipfelkapuze (ZipfelKapuz@sorcery-cjbb6o.dynamic.kabel-deutschland.de) (Connection closed)
[02:12:35] *** Quits: Sutch (Sutch@the.ebony.tower) (Quit: -)
[05:10:41] *** Joins: Korhoset (nevzets@sorcery-da175r.speed.planet.nl)
[05:10:42] *** Quits: Lajjla (nevzets@sorcery-da175r.speed.planet.nl) (Connection closed)
[05:25:51] *** Joins: Edward (Edward@my.vhost)
[06:56:11] *** Quits: Demisedulous (Halfway@sorcery-tg4gu9.ipv6.telus.net) (Quit: Sleeping)
[07:10:11] *** Quits: Tezca (IceChat78@sorcery-6gclr7.res.rr.com) (Ping timeout: 121 seconds)
[07:30:19] *** Joins: Trynity (Tryn@sorcery-1jn.j0v.34.192.IP)
[08:27:40] *** Joins: sheenobu (sheenobu@sorcery-jsddm4.hs.gigamonster.net)
[08:49:48] *** Joins: trapped (trapped@the.jade.cave)
[09:01:57] *** Quits: trapped (trapped@the.jade.cave) (Connection closed)
[09:13:06] *** Quits: Edward (Edward@my.vhost) (Quit: Leaving)
[09:21:21] *** Quits: Trynity (Tryn@sorcery-1jn.j0v.34.192.IP) (Ping timeout: 121 seconds)
[10:26:36] *** Joins: zipfelkapuze (ZipfelKapuz@sorcery-cjbb6o.dynamic.kabel-deutschland.de)
[10:49:10] *** Quits: zipfelkapuze (ZipfelKapuz@sorcery-cjbb6o.dynamic.kabel-deutschland.de) (Connection closed)
[13:02:31] *** Joins: trapped (trapped@the.jade.cave)
[13:42:39] *** Joins: VerifiedShitlady (pomegranate@sorcery-ot819a.8896.0uri.fb90.2607.IP)
[14:11:00] *** Joins: Sutch (Sutch@the.ebony.tower)
[14:38:16] *** Quits: VerifiedShitlady (pomegranate@sorcery-ot819a.8896.0uri.fb90.2607.IP) (Quit: I meant it when I said I wanna get well!)
[14:48:18] *** Quits: sheenobu (sheenobu@sorcery-jsddm4.hs.gigamonster.net) (Ping timeout: 121 seconds)
[15:02:47] *** Joins: sheenobu (sheenobu@sorcery-jsddm4.hs.gigamonster.net)
[16:08:18] *** Joins: VerifiedShitlady (pomegranate@sorcery-ot819a.8896.0uri.fb90.2607.IP)
[16:08:36] <VerifiedShitlady> Hi
[16:41:24] *** Quits: Korhoset (nevzets@sorcery-da175r.speed.planet.nl) (Ping timeout: 121 seconds)
[17:08:51] *** Joins: Lajjla (nevzets@sorcery-da175r.speed.planet.nl)
[17:25:46] *** Joins: zipfelkapuze (ZipfelKapuz@sorcery-cjbb6o.dynamic.kabel-deutschland.de)
[17:28:05] *** Joins: Tez (uid126444@sorcery-9pi829.brockwell.irccloud.com)
[17:28:17] *** Joins: Tezca (IceChat78@sorcery-6gclr7.res.rr.com)
[17:45:47] *** Quits: VerifiedShitlady (pomegranate@sorcery-ot819a.8896.0uri.fb90.2607.IP) (Quit: I meant it when I said I wanna get well!)
[17:45:54] *** Joins: VerifiedShitlady (pomegranate@sorcery-ot819a.8896.0uri.fb90.2607.IP)
[17:48:31] *** Quits: VerifiedShitlady (pomegranate@sorcery-ot819a.8896.0uri.fb90.2607.IP) (Quit: I meant it when I said I wanna get well!)
[17:48:34] *** Joins: VerifiedShitlady (pomegranate@sorcery-ot819a.8896.0uri.fb90.2607.IP)
[17:52:09] *** Joins: pomm (pomegranate@sorcery-6ehmlt.livnmi.sbcglobal.net)
[17:55:14] *** Quits: VerifiedShitlady (pomegranate@sorcery-ot819a.8896.0uri.fb90.2607.IP) (Ping timeout: 121 seconds)
[17:55:48] *** Quits: zipfelkapuze (ZipfelKapuz@sorcery-cjbb6o.dynamic.kabel-deutschland.de) (Connection closed)
[17:57:38] *** Quits: pomm (pomegranate@sorcery-6ehmlt.livnmi.sbcglobal.net) (Quit: I meant it when I said I wanna get well!)
[17:58:02] *** Joins: VerifiedShitlady (pomegranate@sorcery-0o4v8l.039s.5s7e.0306.2602.IP)
[18:03:09] *** Quits: VerifiedShitlady (pomegranate@sorcery-0o4v8l.039s.5s7e.0306.2602.IP) (Ping timeout: 121 seconds)
[18:08:50] *** Joins: VerifiedShitlady (pomegranate@sorcery-0o4v8l.039s.5s7e.0306.2602.IP)
[18:19:52] *** Quits: VerifiedShitlady (pomegranate@sorcery-0o4v8l.039s.5s7e.0306.2602.IP) (Ping timeout: 121 seconds)
[18:23:40] *** Joins: VerifiedShitlady (pomegranate@sorcery-0o4v8l.039s.5s7e.0306.2602.IP)
[18:36:24] *** Quits: VerifiedShitlady (pomegranate@sorcery-0o4v8l.039s.5s7e.0306.2602.IP) (Ping timeout: 121 seconds)
[18:36:31] *** Joins: VerifiedShitlady (pomegranate@sorcery-6ehmlt.livnmi.sbcglobal.net)
[18:36:53] *** Quits: VerifiedShitlady (pomegranate@sorcery-6ehmlt.livnmi.sbcglobal.net) (Quit: I meant it when I said I wanna get well!)
[18:43:31] *** Joins: Trynity (Tryn@sorcery-1jn.j0v.34.192.IP)
[19:35:22] *** Quits: Trynity (Tryn@sorcery-1jn.j0v.34.192.IP) (Ping timeout: 121 seconds)
[19:48:42] *** Joins: Trynity (Tryn@sorcery-1jn.j0v.34.192.IP)
[19:52:17] *** Joins: Demisedulous (Halfway@sorcery-cv4f3g.ipv6.telus.net)
[19:53:34] *** Quits: Trynity (Tryn@sorcery-1jn.j0v.34.192.IP) (Ping timeout: 121 seconds)
[20:02:32] *** Joins: Trynity (Tryn@sorcery-1jn.j0v.34.192.IP)
[20:05:43] *** Quits: Tezca (IceChat78@sorcery-6gclr7.res.rr.com) (Ping timeout: 121 seconds)
[20:06:42] *** Quits: Trynity (Tryn@sorcery-1jn.j0v.34.192.IP) (Ping timeout: 121 seconds)
[20:08:08] *** Joins: Trynity (Tryn@sorcery-1jn.j0v.34.192.IP)
[20:32:48] *** Quits: Demisedulous (Halfway@sorcery-cv4f3g.ipv6.telus.net) (Quit: goin downtown to get shot)
[20:48:09] *** Quits: Trynity (Tryn@sorcery-1jn.j0v.34.192.IP) (Ping timeout: 121 seconds)
[20:51:54] *** Joins: Sutchykins (Sutch@sorcery-rkmfvq.range86-155.btcentralplus.com)
[20:51:54] *** Quits: Sutchykins (Sutch@sorcery-rkmfvq.range86-155.btcentralplus.com) (Changing host)
[20:51:54] *** Joins: Sutchykins (Sutch@the.ebony.tower)
[20:54:23] *** Quits: Sutch (Sutch@the.ebony.tower) (Ping timeout: 121 seconds)
[20:55:23] *** Quits: Tez (uid126444@sorcery-9pi829.brockwell.irccloud.com) (Quit: Connection closed for inactivity)
[21:01:44] *** Joins: Tez (uid126444@sorcery-9pi829.brockwell.irccloud.com)
[21:32:48] *** Joins: Trynity (Tryn@sorcery-1jn.j0v.34.192.IP)
[22:11:45] *** Quits: Trynity (Tryn@sorcery-1jn.j0v.34.192.IP) (Ping timeout: 121 seconds)
[22:44:23] *** Quits: trapped (trapped@the.jade.cave) (Ping timeout: 121 seconds)
[22:46:14] *** Joins: trapped (trapped@the.jade.cave)
