[00:52:31] *** Joins: Trynity (Tryn@sorcery-edf.0ea.255.162.IP)
[01:45:13] *** Joins: Tez (uid126444@sorcery-9pi829.brockwell.irccloud.com)
[02:14:33] *** Joins: Edward (Edward@my.vhost)
[02:25:51] *** Quits: Edward (Edward@my.vhost) (Quit: Leaving)
[02:50:16] *** Quits: Rajoguna (Rajas@sorcery-i58.5q5.120.108.IP) (Connection closed)
[02:50:23] *** Quits: Trynity (Tryn@sorcery-edf.0ea.255.162.IP) (Ping timeout: 121 seconds)
[02:51:09] *** Joins: Rajoguna (Rajas@sorcery-i58.5q5.120.108.IP)
[03:18:42] *** Joins: Rajoguna_ (Rajas@sorcery-i58.5q5.120.108.IP)
[03:18:43] *** Quits: Rajoguna (Rajas@sorcery-i58.5q5.120.108.IP) (Connection closed)
[03:28:23] *** Quits: Sutch (Sutch@the.ebony.tower) (Quit: -)
[03:45:51] *** Joins: Trynity (Tryn@sorcery-1jn.j0v.34.192.IP)
[03:47:39] *** Quits: Rajoguna_ (Rajas@sorcery-i58.5q5.120.108.IP) (Connection closed)
[03:48:10] *** Joins: Rajoguna_ (Rajas@sorcery-i58.5q5.120.108.IP)
[03:51:16] <Rajoguna_> david help me people are defending ted cruz on one of my facebook friend's wall!
[03:51:31] <Rajoguna_> you surely know why ted cruz is a bad canidate better than me
[03:51:47] <David> ted cruz is a warmongering theocrat
[03:52:09] <Rajoguna_> they didnt seem to see the theocrat angle and gave a bunch of "accomplishments' Of his
[03:52:14] <David> who actually believes tossing bombs aplenty in the middle east is a good idea
[03:52:20] <Rajoguna_> they said they were slightly worried but "he isn't his dad" ect
[03:53:23] <David> lol
[03:53:29] <David> he doesn't seem to know what 'carpet bombing' is http://www.politifact.com/truth-o-meter/statements/2015/dec/16/ted-cruz/ted-cruz-misfires-definition-carpet-bombing-gop-de/
[03:53:42] <Rajoguna_> i did point out that his campaign is in bed with dominonists reguardless of his father
[03:53:58] <David> also http://www.pghcitypaper.com/pittsburgh/ted-cruz-attacks-trans-rights-donald-trump-at-suburban-pittsburgh-rally/Content?oid=1915820 if they care at all for trans people
[03:54:34] <David> and if they're conservatives http://nationalinterest.org/feature/ted-cruzs-foreign-policy-isnt-conservative-10991
[03:54:42] <Rajoguna_> eh idk him and the friend were posting anti bathroom stuff saying they thought perverts would abuse it to go into womens restrooms
[03:55:05] <Rajoguna_> ok sweet 2 of those articles should come in handy. not sure the guys affiliation
[03:55:13] <Rajoguna_> at least one of htem is libeterian i think the other might be more conservative
[03:55:25] <David> also
[03:55:34] <Rajoguna_> the libertarian one didnt support cruz but was mostly being anti Sanders
[03:55:43] <David> politicians maybe lizard people in general, but ted cruz is a snake person https://www.youtube.com/watch?v=BDumsN1NCGg
[03:56:07] <Rajoguna_> cant watch yt on this connection without wiating forever... u mean metaphorically right lol
[03:56:31] <David> it's a hilarious animation of his nose growing and coiling around his neck
[03:58:41] <Rajoguna_> still buffering lol
[04:02:46] <Rajoguna_> i wish youtube didnt buffer in blocks makes watchng anyting hard
[04:02:58] <Rajoguna_> and ive yet to find an extension that just solves it simply for firefox
[04:04:02] <Rajoguna_> lol his nose is strangling himself
[04:04:43] <David> Rajoguna_: you can download youtube videos and then watch it
[04:05:13] <David> https://rg3.github.io/youtube-dl/
[04:05:17] <David> https://github.com/MrS0m30n3/youtube-dl-gui
[04:05:22] <Rajoguna_> i know but it actualyl ends up slower to dl than buffer it seems
[04:05:42] <Rajoguna_> this trottle is brutal
[04:05:43] <David> do you have vlc?
[04:05:43] <David> http://lifehacker.com/5577212/play-youtube-videos-directly-in-vlc-media-player
[04:06:04] <Rajoguna_> ya i got vlc cant play many formats i work in in windows media player
[04:06:14] <Rajoguna_> well mostly .ogg ect
[04:06:32] <Rajoguna_> anyways i usually use a site to convert and download them
[04:06:39] <Rajoguna_> to either video or audio
[04:07:01] <Rajoguna_> http://www.dslreports.com/speedtest/3670816
[04:07:29] <Rajoguna_> hardcore throttling down to "2G" speeds lol more like dial up.
[04:07:38] <Rajoguna_> i thought 2G was a bit faster than this
[04:08:13] <Rajoguna_> I'm literally off the charts... as in below it lol
[04:49:02] *** Quits: Rajoguna_ (Rajas@sorcery-i58.5q5.120.108.IP) (Connection closed)
[05:38:38] *** Quits: Trynity (Tryn@sorcery-1jn.j0v.34.192.IP) (Ping timeout: 121 seconds)
[06:04:57] *** Quits: Tez (uid126444@sorcery-9pi829.brockwell.irccloud.com) (Quit: Connection closed for inactivity)
[07:22:52] <Escovan> mogguh
[07:51:07] <Lajjla> Escovan, that's Dutch.
[07:51:14] <Lajjla> More or less anyway.
[07:51:24] <Escovan> dat zie je goed
[07:52:09] <Lajjla> How did you knooow
[07:52:14] <Lajjla> I could speak that language.
[07:52:19] <Escovan> your hostname
[07:52:26] <Lajjla> Escovan, anyway, ik heb een fantastische goedehaardag.
[07:52:45] <Lajjla> Misschien ben ik wel zo'n smerige Marokkaan die ons Geertje er uit wil hebben.
[07:52:48] <Lajjla> Die niet ingeburgerd is.
[07:53:00] <Lajjla> Niet beleeft diens haar blondeert.
[07:53:10] <Lajjla> Zoals het betaamt een Joods-Christelijke traditie.
[07:53:13] <Escovan> Ik denk niet dat het constructief is om hele bevolkingsgroepen over 1 kam te scheren
[07:54:09] <Lajjla> Dat is waar.
[07:54:11] <Lajjla> Maar Geert wel.
[07:55:02] <Escovan> Geert is ook maar een marionet, die gewoon een bepaalde zuil in de samenleving vertegenwoordigt. Ze hadden nog een soort SP aan de rechterkant nodig, je weet wel, een partij die nooit gaat regeren
[07:57:48] <Lajjla> Het is wel grappig hoeveel mensen blikbaar twijfelen tussen SP en PVV
[07:57:56] <Lajjla> Als in dat vrij veel PVV stemmers van de SP komen.
[07:58:04] <Lajjla> Je zou toch denken dat die partijen elkaar nogal tegenin gan
[07:58:55] <Escovan> Nou, 1 blik op het stemgedrag van de PVV en je weet dat ze eerder anti-sociaal zijn. Al die partijprogramma punten van ze: Ze stemmen tegen gehandicapten, tegen ouderen, tegen minderheden.
[08:01:30] <Escovan> PVV is voor mensen die met de onderbuik stemmen in plaats van met hun hersens.
[08:01:39] <Lajjla> Dat is het mafe ja.
[08:01:43] <Lajjla> Die hele parti heeft ook een strafblad
[08:01:45] <Lajjla> Nou a, halve.
[08:02:11] <Lajjla> Ik zag zo'n dsicussie waarin zo'n PVV persoon met een MArokkaan debateerde en zei dat Marokkanen statistisch geizen meer misdaden plegen
[08:02:20] <Lajjla> En toen counterde die met dat dat waar as, maar statistisch ezien PVV kamerleden nog meer
[08:02:46] <Escovan> https://www.youtube.com/watch?v=CYC-1o9Q6eU
[08:06:05] <Lajjla> Nou, dit is een mooi voorbeled denk ik van dat de waarheid in het midden ligt.
[08:06:11] <Lajjla> Externe factoren veroorzaken nou eenmaal ook prblemen.
[08:06:21] <Lajjla> Maar men doet te vaak alsof het puur externe factoren zijn
[08:06:54] <Escovan> Veruit de meeste zaken in je leven heb je zelf in de hand. En waar je geen invloed op hebt, is meestal ook niet relevant om je mee bezig te houden.
[08:08:08] <Escovan> Stel: Je verliest je baan. Optie 1) Marokkanen de schuld geven Optie 2) Een nieuwe baan zoeken ... Zo simpel is het.
[08:08:59] <Lajjla> Nou, dat blikt niet echt zo te zijn met sociale mobiliteit bijvoorbeeld.
[08:09:16] <Lajjla> Er was laatst een eng onderzoek uit Engeland waaruit bleek dat 80% van de rijke families van 1000 aar terug nog steeds rijk zijn
[08:09:25] <Lajjla> 1000 jaar man, nondeju
[08:09:45] <Lajjla> O dat in de VS 98% van de mensen geboren in het meest welvarende quintet daar in blijft
[08:09:56] <Escovan> Ik ben chronisch ziek, maar dat is niemands schuld. Hoef ik ook niet boos te worden of mijn eigen macht daarover te verliezen.
[08:10:37] <Lajjla> Yeah, maar dat betenet niet dat jij daar controle over had.
[08:10:55] <Escovan> Nee, dat is me overkomen. 
[08:11:02] <Escovan> Shit happens :P
[08:11:03] <Lajjla> Dat is een vals dilemma, de aanname dat als het niet je eigen schuld is dat die van anderen moet zijn
[08:11:07] <Lajjla> Of dat iemand "schuld" moet hebben.
[08:11:12] *** Joins: trapped (trapped@the.jade.cave)
[08:11:19] <Lajjla> Wel, dat shit happens impliceert dat e niet altid zelf verawnwroodlijk bent voor e stiautie
[08:11:22] <Lajjla> Wat heb je dan eigenlik?
[08:11:45] <Escovan> Psychose gevoeligheid syndroom
[08:12:03] <Escovan> lage stresscoping dus ook
[08:13:26] <Lajjla> Dat bestaat ook al.
[08:13:44] <Lajjla> Ik had een spychose, daar kreeg i medicijntes voor, die medicijntjes hebben mijn slaaprtime kapot gemaakt en mijn vingers min of meer.
[08:13:50] <Lajjla> Geniaal.
[08:14:22] <Escovan> hmmm, en je dronk er geen alcohol bij?
[08:14:25] <Lajjla> Ik vind ie "psychose" allemala wel best in vergelijking dat ik op willekeurige momente in slaap val en en zo.
[08:14:26] <Lajjla> Nee.
[08:14:28] <Lajjla> Ik drink nooit
[08:14:38] <trapped> wtf
[08:15:02] <Lajjla> Dat is de normale gang van zaken van antipsychotica, dat je er motoriekproblem van ontwikkelt.
[08:15:21] <Lajjla> Het zijn niet alleen mijn viners, mijn hele lichaam voelt permanent stug en ik mis fijne motorie
[08:15:34] <Escovan> uhuh, ben ik ook bang voor. Dus nu van depot naar zo laag mogelijk dosis pillen aan het switchen
[08:16:11] <Escovan> En ik heb de nieuwste van de nieuwste, dus wellicht valt het mee.
[08:16:15] <Lajjla> Je hebt beginnende symptomen of wat?
[08:16:46] <Escovan> Nee, ik ben wel een paar keer afgevoerd. Maar tegenwoordig gaat het wel redelijk.
[08:16:55] <Lajjla> Ik ging veel te lang door toen ik ze al had, nu is het min of meer onomkeerbaar, een vriendin van me stopte meteen toen haar been begon te trillen en ze geen pen meer kon vastpakken en het ging weg.
[08:16:56] <Lajjla> Afgevoerd?
[08:17:29] <Escovan> juh bij een Acute Psychose wordt je afgevoerd met een ambulance
[08:17:51] <Lajjla> Ahh, zo
[08:17:59] <Lajjla> ik acht dat je motorieksymptomen  bedoelde.
[08:18:29] <Escovan> Ik heb nu 15 jaar anti-psychotica ... En ik kan nog perfect sjaggies rollen.
[08:20:00] <Escovan> Als ik echter ga blowen erbij ofzo, ja, dan worden de bijwerkingen wel erger.
[08:20:12] <Escovan> dus dat doe ik dan ook niet
[08:20:51] <Escovan> which reminds me, it´s time to take my pills :P
[08:21:47] <Lajjla> Hmm
[08:22:12] <Lajjla> ik las ergens dat de consensus tegenwoordig is dat een vorm van dyskinesie hoe dan ook ontwikkeld wordt door antipsychotcumgebruik, het is alleen een vrag van wanneer.
[08:22:16] <Lajjla> Het ontstaat langzaam zeg maar
[08:22:50] <Escovan> bij atypische (moderne) antipsychotica hoeft dat niet te gebeuren voordat je dood gaat.
[08:23:21] <Escovan> maar ik heb ze wel gezien ja, de halve parkinson patienten. 
[08:23:59] <Escovan> die hadden dan vaak wat heftiger spul zoals cisordinol, haldol of leponex
[08:25:40] <Escovan> Ik sta nu ook voor de keuze: Werken met veel medicijnen om het vol te kunnen houden, of gewoon een rustig leventje leiden met minder medicijnen. Nou, ik zeg het UWV wel dat ik voor de laatste optie ga.
[08:27:06] <Escovan> Ik had al 3 trajecten bij het UWV gedaan, elke keer belandde ik in een opname situatie daardoor, zeggen die snuggere henken daar dat ik arbeidsvermogen heb :D
[08:31:45] <Escovan> Achja, wel leuke certificaatjes voor aan de muur :P
[08:32:06] <trapped> this if funny
[08:33:07] <Escovan> quick let us speak English ... so the others can understand.
[08:33:18] <Lajjla> Escovan, hmm, van mij zeiden ze van niet, wat ik raar vind wan tik werk part time en zei dat tegen ze.
[08:33:45] <Lajjla> Mar zoals ik het hier lees is het idee wel dat je uiteindelijk motoriekproblemen van dat fine spul rijgt
[08:33:59] <Lajjla> trapped, funny language, isn't it?
[08:34:37] <trapped> it does have its rhythm
[08:34:56] <Escovan> ja, maar als ik ineens stop met die medicijnen word ik weer psychotisch op den duur. Tis kiezen tussen 2 kwaden.
[08:40:12] <Escovan> Zo, ik ga maar eens wat boodschapjes doen. Later
[08:42:30] <Lajjla> trapped, how do you know it's rhythm sweetie?
[08:44:48] *** Joins: Rajoguna (Rajas@sorcery-i58.5q5.120.108.IP)
[08:45:23] <trapped> i'm trying to imagine how it's pronounced
[08:45:50] <Rajoguna> trapped im gonna summon spirits with a witch friend in real life
[08:46:01] <Rajoguna> im gonna call on demons with blood magic though
[08:46:21] <Rajoguna> make all kinds of obscure sigils out of blood
[08:47:17] <trapped> make sure you know their True Name first
[08:47:42] <trapped> gotta go to school now, you'll update me on that later
[09:10:46] *** Quits: trapped (trapped@the.jade.cave) (Connection closed)
[09:15:14] <Rajoguna> network is dead
[09:40:48] <Escovan> back
[09:49:33] <Lajjla> But do you fight for your life with Shia LaBoeuf
[10:20:38] <Rajoguna> no
[10:20:47] <Rajoguna> i need to go to sleep x.x
[10:20:57] <Rajoguna> i need to get up in 5 and a half hours
[10:33:16] *** Quits: Demisedulous (Halfway@sorcery-tg4gu9.ipv6.telus.net) (Ping timeout: 121 seconds)
[12:20:25] *** Joins: trapped (trapped@the.jade.cave)
[12:21:57] *** Quits: trapped (trapped@the.jade.cave) (Quit: int random { /* ensure randomness */ return 3; })
[12:22:15] *** Joins: trapped (trapped@the.jade.cave)
[14:18:05] *** Joins: Tez (uid126444@sorcery-9pi829.brockwell.irccloud.com)
[15:01:47] *** Quits: Rajoguna (Rajas@sorcery-i58.5q5.120.108.IP) (Ping timeout: 121 seconds)
[15:19:51] *** Joins: Rajoguna (Rajas@sorcery-cio.l75.123.108.IP)
[15:20:37] *** Rajoguna is now known as Guest26704
[15:45:56] *** Joins: Sutch (Sutch@sorcery-c7nn3k.range86-142.btcentralplus.com)
[15:45:56] *** Quits: Sutch (Sutch@sorcery-c7nn3k.range86-142.btcentralplus.com) (Changing host)
[15:45:56] *** Joins: Sutch (Sutch@the.ebony.tower)
[15:52:03] *** Joins: trapped_ (trapped@the.jade.cave)
[15:52:04] *** Quits: trapped (trapped@the.jade.cave) (Connection closed)
[15:52:32] *** trapped_ is now known as trapped
[18:05:49] *** Quits: Guest26704 (Rajas@sorcery-cio.l75.123.108.IP) (Connection closed)
[18:07:19] *** Joins: Rajoguna (Rajas@sorcery-cio.l75.123.108.IP)
[18:08:02] *** Rajoguna is now known as Guest13093
[18:11:39] *** Joins: VerifiedShitlady (pomegranate@sorcery-vleiij.c8na.uj3i.fb90.2607.IP)
[18:17:37] *** Quits: Guest13093 (Rajas@sorcery-cio.l75.123.108.IP) (Connection closed)
[18:26:21] *** Joins: zipfelkapuze (ZipfelKapuz@sorcery-cjbb6o.dynamic.kabel-deutschland.de)
[18:28:42] *** Joins: Trynity (Tryn@sorcery-61r.7o2.81.71.IP)
[18:33:51] <VerifiedShitlady> Hi
[18:35:12] <trapped> sup
[18:35:30] <VerifiedShitlady> Sore throat
[18:35:36] <VerifiedShitlady> sucked too much dick
[18:37:27] <trapped> wew
[18:40:12] *** Joins: Sutchykins (Sutch@sorcery-c7nn3k.range86-142.btcentralplus.com)
[18:42:44] *** Quits: Sutch (Sutch@the.ebony.tower) (Ping timeout: 121 seconds)
[18:46:06] <VerifiedShitlady> Soup
[18:48:05] <VerifiedShitlady> I hate people
[18:49:11] *** Quits: Sutchykins (Sutch@sorcery-c7nn3k.range86-142.btcentralplus.com) (Changing host)
[18:49:11] *** Joins: Sutchykins (Sutch@the.ebony.tower)
[18:49:49] *** Quits: zipfelkapuze (ZipfelKapuz@sorcery-cjbb6o.dynamic.kabel-deutschland.de) (Connection closed)
[19:14:53] *** Joins: Sutch (Sutch@the.ebony.tower)
[19:15:38] <VerifiedShitlady> Hey Sutch 
[19:17:17] *** Quits: Sutchykins (Sutch@the.ebony.tower) (Ping timeout: 121 seconds)
[19:49:53] *** Quits: VerifiedShitlady (pomegranate@sorcery-vleiij.c8na.uj3i.fb90.2607.IP) (Quit: I meant it when I said I wanna get well!)
[20:05:43] *** Quits: Trynity (Tryn@sorcery-61r.7o2.81.71.IP) (Ping timeout: 121 seconds)
[20:45:00] *** Quits: Tez (uid126444@sorcery-9pi829.brockwell.irccloud.com) (Quit: Connection closed for inactivity)
[21:28:38] *** Joins: VerifiedShitlady (pomegranate@sorcery-vleiij.c8na.uj3i.fb90.2607.IP)
[21:28:40] <VerifiedShitlady> Yo
[21:46:38] <VerifiedShitlady> https://youtu.be/NfRtkCGE40A
[21:48:24] *** David sets mode: -o David
[21:49:09] <VerifiedShitlady> David: hi
[21:50:09] <David> hi VerifiedShitlady 
[21:51:01] <VerifiedShitlady> I'm debating whether or not to take another bath
[21:51:14] <David> do it if you want to
[21:52:00] <VerifiedShitlady> Watch the video
[21:52:33] *** Joins: Tez (uid126444@sorcery-9pi829.brockwell.irccloud.com)
[22:11:41] <Escovan> <VerifiedShitlady> I hate people <--- you don´t love your self?
[22:12:12] <VerifiedShitlady> I'm a goddess not a human
[22:24:40] *** Joins: Trynity (Tryn@sorcery-edf.0ea.255.162.IP)
[22:26:56] <trapped> VerifiedShitlady: take the bath and send me some
[22:26:59] <VerifiedShitlady> Trynity: https://youtu.be/NfRtkCGE40A
[22:28:30] *** Joins: zipfelkapuze (ZipfelKapuz@sorcery-cjbb6o.dynamic.kabel-deutschland.de)
[22:28:58] <Trynity> I'm not watching your shit in public
[22:29:42] <VerifiedShitlady> Just watch it
[22:30:44] <Trynity> Jesus Christ VerifiedShitlady 
[22:30:46] <Trynity> I knew it
[22:30:51] <Trynity> Immediately clicked off
[22:32:08] <trapped> Trynity: by that logic you shouldn't go on 4chan in public either
[22:32:15] <VerifiedShitlady> Why do you know that?
[22:32:29] <Trynity> Don't be stupid trapped 
[22:33:33] <trapped> ayo
[22:33:43] <trapped> im in need of some dank music
[22:34:15] <Trynity> Unfortunately my dank-o-music maker is broken
[22:35:06] <trapped> is markiplier a faggot
[22:35:06] <Trynity> Have an Italian Shoegaze band instead https://www.youtube.com/watch?v=_goU9MTj7dY
[22:35:09] <Trynity> Yes
[22:35:15] <Trynity> A pure raging faggot
[22:35:47] <trapped> thats post punk
[22:35:49] <trapped> not shoegaze
[22:36:20] <Trynity> Eh, it has some elements of it
[22:36:27] <Trynity> Also Italian Wikipedia says they're Gothic Rock
[22:36:54] <trapped> their official fb page says post punk
[22:36:57] <trapped> so i guess thats post punk
[22:38:34] <Trynity> Okay brb krilling myself
[22:48:19] <Bolto> David http://imgur.com/a/xtHdW
[22:48:56] <David> Bolto: the first pic is pretty good given the camera
[22:49:21] <Bolto> I was cold and shaking
[22:51:16] <David> here's a phone pic I took on saturday
[22:51:37] <David> (SOOC jpg from iphone) https://i.imgur.com/tYQUWbb.jpg
[22:52:40] <trapped> california.exe
[22:52:50] <Trynity> Don't click it
[22:52:52] <Trynity> It's a virus
[22:53:07] <trapped> Trynity: is it HIV
[22:53:42] <Trynity> Duh
[22:59:36] <trapped> mfw only one month left before finals and i still have to study the full psychology/pedagogy programme
[23:01:17] <VerifiedShitlady> Maslow had the needs pyramid, Freud was kinky
[23:01:26] <VerifiedShitlady> Just remember that. 
[23:01:57] <trapped> turns out theres hella lot more than that
[23:04:01] <VerifiedShitlady> Mac and cheese or a sandwich?
[23:04:48] <trapped> sandwich with what inside
[23:05:39] <trapped> make a toast so you eat something of everything
[23:05:51] <trapped> bread, meat, cheese and if you want you can add some veggies too
[23:06:06] <trapped> e.g. tomato slices
[23:06:42] <trapped> carbohydrates, protein, fats, vitamin and fiber
[23:07:23] <trapped> mac and cheese is bad 4 u
[23:07:26] <VerifiedShitlady> I don't have meats
[23:07:33] <trapped> too much sugar
[23:07:41] <VerifiedShitlady> Only frozen chicken
[23:07:41] <trapped> better go for the fats
[23:07:47] <trapped> cook the chicken
[23:07:59] <trapped> are they chicken breasts
[23:08:04] <trapped> if so cook one
[23:08:09] <VerifiedShitlady> Thighs
[23:08:19] <trapped> what are you, a nigger
[23:08:25] <VerifiedShitlady> I don't have olive oil
[23:08:36] <trapped> why did you buy chicken if you dont have oil
[23:08:47] <VerifiedShitlady> I didn't
[23:08:53] <VerifiedShitlady> someone gave it to me
[23:08:57] <trapped> did you get the house with chicken in it
[23:09:21] <trapped> did you go to KFC and go "my son has KFC deficiency, please help"
[23:09:39] <VerifiedShitlady> Yes
[23:09:44] <trapped> no u didnt
[23:09:48] <trapped> thatd been cookd
[23:10:02] <VerifiedShitlady> They gave me stuff from the freezer
[23:10:17] <trapped> maybe they threw it at u to try and scare you off
[23:10:39] <trapped> and im procrastinating away from psych again
[23:10:39] <trapped> fuck
[23:10:47] <VerifiedShitlady> ima chop some veggies now
[23:11:00] <trapped> never boil veggies
[23:11:14] <VerifiedShitlady> Gross
[23:11:18] <VerifiedShitlady> Steam or gtfo
[23:11:25] <trapped> never steam veggies
[23:11:43] <VerifiedShitlady> Liar
[23:11:58] <trapped> u gonna denaturate em proteins
[23:12:28] <VerifiedShitlady> Implying veggies have protein
[23:13:26] <Trynity> Potatoes
[23:14:00] <trapped> anything that lives has protein
[23:18:27] <VerifiedShitlady> You mean carbon
[23:19:43] <trapped> that too
[23:25:36] <VerifiedShitlady> THERE
[23:25:42] <VerifiedShitlady> ALL CHOPPED
[23:26:24] <trapped> i hope u didnt chop the carrots
[23:27:19] <VerifiedShitlady> I did
[23:27:22] <VerifiedShitlady> And bell pepper
[23:28:41] *** Quits: Trynity (Tryn@sorcery-edf.0ea.255.162.IP) (Ping timeout: 121 seconds)
