[00:26:10] *** Joins: Lajjla (nevzets@sorcery-da175r.speed.planet.nl)
[00:28:13] *** Quits: Lajjla (nevzets@sorcery-da175r.speed.planet.nl) (Connection closed)
[00:28:31] *** Joins: Lajjla (nevzets@sorcery-da175r.speed.planet.nl)
[00:36:37] *** Quits: Lajjla (nevzets@sorcery-da175r.speed.planet.nl) (Connection closed)
[00:36:39] *** Joins: Korhoset (nevzets@sorcery-da175r.speed.planet.nl)
[00:46:46] *** Joins: Edward (Edward@my.vhost)
[00:57:02] *** Quits: trapped (trapped@the.jade.cave) (Connection closed)
[01:04:30] *** Quits: Korhoset (nevzets@sorcery-da175r.speed.planet.nl) (Ping timeout: 121 seconds)
[01:06:09] *** Joins: Lajjla (nevzets@sorcery-da175r.speed.planet.nl)
[02:40:08] *** Quits: Sutch (Sutch@the.ebony.tower) (Quit: 666)
[03:18:43] *** Quits: Edward (Edward@my.vhost) (Quit: Leaving)
[06:14:54] *** Quits: Tez (uid126444@sorcery-9pi829.brockwell.irccloud.com) (Quit: Connection closed for inactivity)
[07:28:05] *** Joins: Jenn (Jennifer@gay.as.a.rainbow)
[07:30:00] *** Quits: Jen (Jennifer@gay.as.a.rainbow) (NickServ (GHOST command used by Jenn))
[07:30:00] *** Jenn is now known as Jen
[09:47:04] *** Joins: Rajoguna (Rajas@sorcery-i58.5q5.120.108.IP)
[10:24:14] *** Quits: Demisedulous (Halfway@sorcery-tg4gu9.ipv6.telus.net) (Ping timeout: 121 seconds)
[11:15:04] *** Joins: Demisedulous (Halfway@sorcery-tg4gu9.ipv6.telus.net)
[11:43:44] *** Joins: trapped (trapped@the.jade.cave)
[12:12:44] *** Quits: sheenobu (sheenobu@sorcery-jsddm4.hs.gigamonster.net) (Ping timeout: 121 seconds)
[12:27:57] *** Joins: sheenobu (sheenobu@sorcery-jsddm4.hs.gigamonster.net)
[13:20:21] *** Quits: sheenobu (sheenobu@sorcery-jsddm4.hs.gigamonster.net) (Ping timeout: 121 seconds)
[13:20:33] *** Joins: sheenobu (sheenobu@sorcery-jsddm4.hs.gigamonster.net)
[14:19:39] *** Joins: HaiOryx (HaiOryx@sorcery-0ckivm.range31-54.btcentralplus.com)
[14:19:40] *** Quits: HaiOryx (HaiOryx@sorcery-0ckivm.range31-54.btcentralplus.com) (Changing host)
[14:19:40] *** Joins: HaiOryx (HaiOryx@HaiOryx.vHost)
[14:57:15] *** Joins: Sutch (Sutch@sorcery-c7nn3k.range86-142.btcentralplus.com)
[14:57:15] *** Quits: Sutch (Sutch@sorcery-c7nn3k.range86-142.btcentralplus.com) (Changing host)
[14:57:15] *** Joins: Sutch (Sutch@the.ebony.tower)
[15:34:55] *** Quits: Sutch (Sutch@the.ebony.tower) (Ping timeout: 121 seconds)
[15:35:50] *** Joins: Sutch (Sutch@the.ebony.tower)
[16:19:21] *** Quits: HaiOryx (HaiOryx@HaiOryx.vHost) (Client exited)
[16:22:57] *** Joins: Trynity (Tryn@sorcery-0l8637.fircgroup.com)
[16:25:43] *** Quits: Sutch (Sutch@the.ebony.tower) (Connection closed)
[16:25:55] *** Joins: Sutch (Sutch@sorcery-c7nn3k.range86-142.btcentralplus.com)
[16:25:55] *** Quits: Sutch (Sutch@sorcery-c7nn3k.range86-142.btcentralplus.com) (Changing host)
[16:25:55] *** Joins: Sutch (Sutch@the.ebony.tower)
[16:30:17] *** Joins: Tez (uid126444@sorcery-9pi829.brockwell.irccloud.com)
[16:52:28] <Trynity> tfw youll never be a professional Japanese http://company.wizards.com/about/careers/graphic-designer-japanese-job-renton-wa-us?careers-view=1
[17:09:01] *** Quits: Trynity (Tryn@sorcery-0l8637.fircgroup.com) (Ping timeout: 121 seconds)
[17:09:06] *** Quits: Rajoguna (Rajas@sorcery-i58.5q5.120.108.IP) (Connection closed)
[17:09:14] *** Joins: Rajoguna (Rajas@sorcery-i58.5q5.120.108.IP)
[17:10:11] *** Rajoguna is now known as Guest79
[17:16:46] *** Joins: Trynity (Tryn@sorcery-edf.0ea.255.162.IP)
[19:04:56] *** Quits: Tez (uid126444@sorcery-9pi829.brockwell.irccloud.com) (Quit: Connection closed for inactivity)
[19:20:39] *** Joins: zipfelkapuze (ZipfelKapuz@sorcery-cjbb6o.dynamic.kabel-deutschland.de)
[19:27:46] *** Guest79 is now known as Rajoguna
[22:06:46] *** Quits: Trynity (Tryn@sorcery-edf.0ea.255.162.IP) (Ping timeout: 121 seconds)
[22:25:51] *** Quits: zipfelkapuze (ZipfelKapuz@sorcery-cjbb6o.dynamic.kabel-deutschland.de) (Connection closed)
[23:47:46] *** Quits: trapped (trapped@the.jade.cave) (Connection closed)
