[00:10:07] <Pomegranate> "Thay want to kno hw mich mony u mak to get food stamps"
[00:10:16] <Pomegranate> EYE CANCER
[00:28:14] <Demisedulous> Yeesh
[00:28:20] *** Quits: zipfelkapuze (ZipfelKapuz@sorcery-cjbb6o.dynamic.kabel-deutschland.de) (Connection closed)
[00:28:22] <Demisedulous> you think that's bonkers, pomm
[00:29:12] <Demisedulous> Where I live to get food stamps you need to give them your address, sin, amount of income every month per person, and employment history + signatures from employers if you're unemployed
[00:29:40] <Pomegranate> What if
[00:29:48] <Demisedulous> Each person gets 2 'emergency hampers' a year, though
[00:29:48] <Pomegranate> The employer went out of business
[00:29:55] <Demisedulous> where you don't need to do all their bullshit
[00:30:11] <Demisedulous> you're right well fucked then I bet
[00:34:24] <Pomegranate> That's fucked
[00:35:55] <Demisedulous> The soup kitchen we have is a lot nicer
[00:36:11] <Demisedulous> You can go in at 9 am for breakfast or 12 noon for lunch
[00:36:20] <Demisedulous> and at 12:30 you can go for second of lunch
[00:37:04] <Demisedulous> YOu get vegetables, a sweet, a sandwich or sub, a bun, and soup
[00:37:15] <Demisedulous> It's oh so fine
[00:37:16] <Pomegranate> Yup
[00:37:28] <Pomegranate> Sounds like the homeless shelter I was in
[00:37:35] <Demisedulous> I lived off it for awhile
[00:37:48] <Pomegranate> The sweet was rice pudding
[00:39:08] <Demisedulous> I fuckin love rice pudding
[00:39:24] <Demisedulous> The sweet here would be random, depending on donations
[00:39:37] <Demisedulous> mainly cakes from plastic containers and donuts
[00:39:47] <Demisedulous> or cinnamon rolls, those kinds of things
[00:44:27] <Pomegranate> Rice pudding is the bomb
[00:44:41] <Pomegranate> It tastes like xmas
[00:44:45] <Demisedulous> Reminds me of christmas at the grandparents
[00:44:48] <Demisedulous> Yeahh!
[00:49:43] <Pomegranate> Now I'm eating mac and cheese and chicken nuggets
[00:53:07] *** Joins: Edward (Edward@my.vhost)
[02:02:12] *** Quits: trapped (trapped@the.jade.cave) (Ping timeout: 121 seconds)
[02:14:26] *** Quits: Demisedulous (Halfway@sorcery-bn1iv0.ipv6.telus.net) (Ping timeout: 121 seconds)
[02:21:32] *** Joins: Demisedulous (Halfway@sorcery-bn1iv0.ipv6.telus.net)
[03:28:40] *** Quits: Sutch (Sutch@the.ebony.tower) (Quit: -)
[05:10:19] *** Quits: Edward (Edward@my.vhost) (Quit: Leaving)
[05:24:06] *** Joins: Rajoguna (Rajas@sorcery-ctcg7i.pools.spcsdns.net)
[05:45:20] *** Joins: sheenobu (sheenobu@sorcery-jsddm4.hs.gigamonster.net)
[06:14:44] *** Joins: Edward (Edward@my.vhost)
[06:20:36] *** Quits: Rajoguna (Rajas@sorcery-ctcg7i.pools.spcsdns.net) (Connection closed)
[06:21:12] *** Joins: Rajoguna (Rajas@sorcery-ns7.l6g.227.184.IP)
[07:02:58] *** Quits: Rajoguna (Rajas@sorcery-ns7.l6g.227.184.IP) (Connection closed)
[07:20:42] *** Joins: Rajoguna (Rajas@sorcery-ctcg7i.pools.spcsdns.net)
[07:31:39] *** Quits: Herod (Herod@sorcery-kue5b8.cc) (Ping timeout: 121 seconds)
[07:32:16] *** Quits: David (David@the.ivory.tower) (Connection closed)
[07:34:08] *** Joins: Herod (Herod@sorcery-kue5b8.cc)
[07:34:30] *** Joins: David (David@the.ivory.tower)
[07:34:31] *** ChanServ sets mode: +o David
[07:48:28] *** Quits: Jen (Jennifer@gay.as.a.rainbow) (Ping timeout: 121 seconds)
[08:35:50] *** Quits: Edward (Edward@my.vhost) (Quit: Leaving)
[09:25:40] *** Quits: Demisedulous (Halfway@sorcery-bn1iv0.ipv6.telus.net) (Connection closed)
[10:35:34] *** Joins: Korhoset (nevzets@sorcery-da175r.speed.planet.nl)
[10:35:34] *** Quits: Lajjla (nevzets@sorcery-da175r.speed.planet.nl) (Connection closed)
[10:51:19] *** Joins: trapped (trapped@the.jade.cave)
[11:12:23] *** Korhoset is now known as Lajjla
[11:12:29] <Lajjla> trapped, do you stil love me/
[11:22:09] <Rajoguna> laj are you cheating on me?
[11:22:13] <Rajoguna> Lajjla
[11:25:25] <Lajjla> Rajoguna, yes.
[11:25:27] <Lajjla> Publicly and openly
[11:25:30] <Lajjla> does that turn you n
[11:35:59] <Rajoguna> sorry i was busy im back with inscense
[11:36:13] <Rajoguna> Lajjla only when you let me watch.
[11:36:52] <Lajjla> More like not letting you not watch.
[11:37:07] <Rajoguna> You're dead to me then.
[11:37:07] <Lajjla> You'll be chained to a wall and forced to watch sweetie
[11:37:20] <Rajoguna> oh
[11:37:26] <Rajoguna> ya that's okay then
[11:47:35] <FFDoftheTrumpCLan> FFD OF THE JACIDNA Rajoguna FRIEND CLAN
[11:49:36] <Lajjla> clan?
[11:50:30] <Rajoguna> no one really knows. he kinda lost it after all the kissing booths
[11:50:55] <Rajoguna> FFD do you wanna talk with me about cute Japanese girls?
[12:34:06] *** Quits: Pomegranate (pomegranate@Fruit.of.Death) (Quit: I meant it when I said I wanna get well!)
[12:54:29] <trapped> Lajjla: i was in school at 11:12
[12:56:07] <trapped> David: waddayathink http://www.ttip-leaks.org/
[13:09:08] <Rajoguna> there dis no dahvid
[13:32:35] *** Joins: Pomegranate (pomegranate@Fruit.of.Death)
[13:32:55] <Pomegranate> Hi
[13:35:13] <Rajoguna> hi
[13:51:02] <trapped> Pomegranate: hi
[13:51:28] <Rajoguna> trapped did u hear what happened to me
[13:51:33] <trapped> what happened
[13:51:39] <Pomegranate> Hi trapped bby
[13:51:43] <Rajoguna> i got a new roommate
[13:51:50] <trapped> ah right the meth cooker
[13:51:58] <trapped> tell him its ok as long as he splits the money with you
[13:52:03] <Rajoguna> nah actually turns out hes a vegeterian buddhist of sorts
[13:52:21] <Rajoguna> he did over 5 years in jail apparently
[13:52:35] <Rajoguna> we are gonna make a garden today, actually
[13:52:56] <Rajoguna> he wants to grow red peppers
[13:53:17] <Pomegranate> And meth
[13:53:20] <Rajoguna> he keeps trying to motivate me to do more work on the house oddly enough
[13:53:29] <Rajoguna> no silly u dont grow meth in the front yard
[13:53:43] <Pomegranate> Backyard
[13:53:45] <Pomegranate> duh
[13:53:51] <Rajoguna> tho safer than and mroe profitable than meth is just selling perscription pills lol
[13:55:04] <Rajoguna> the meth market is really flooded here even if i was inclinded to sell drugs lol
[13:55:21] <Rajoguna> every once in a while da powlice find a meth lab or one blows  up
[13:58:57] <FFDoftheTrumpCLan> Everybody loves jacdina now
[13:58:58] <FFDoftheTrumpCLan> oh yeah!
[13:59:35] <Rajoguna> i am cool this much is true.
[14:15:11] *** Quits: Lajjla (nevzets@sorcery-da175r.speed.planet.nl) (Ping timeout: 121 seconds)
[14:15:50] <Pomegranate> I am more attracted to coffee than I am to my bf
[14:21:33] *** Quits: sheenobu (sheenobu@sorcery-jsddm4.hs.gigamonster.net) (Connection closed)
[14:23:42] *** Joins: Lajjla (nevzets@sorcery-da175r.speed.planet.nl)
[14:24:34] *** Quits: Lajjla (nevzets@sorcery-da175r.speed.planet.nl) (Quit: ZNC - http://znc.in)
[14:35:28] *** Joins: Lajjla (nevzets@sorcery-da175r.speed.planet.nl)
[14:36:52] *** Quits: Rajoguna (Rajas@sorcery-ctcg7i.pools.spcsdns.net) (Ping timeout: 121 seconds)
[14:55:34] <FFDoftheTrumpCLan> Pomegranate Pomegranate!!!
[14:55:49] <FFDoftheTrumpCLan> congrats on the boy friend ^_^ ^_^ ^_^ ^_^ ^_^ ^_^ ^_^ ^_^ ^_^ ^_^ ^_^ ^_^ ^_^ ^_^ ^_^ ^_^ ^_^ ^_^ ^_^ ^_^ ^_^ ^_ ^_ ^_
[14:55:53] <FFDoftheTrumpCLan> FFD LIKES YOUR BOYFRIEND SO MUCH
[14:56:06] <Pomegranate> Ok
[15:02:21] *** Joins: sheenobu (sheenobu@sorcery-ggfj3c.hfc.comcastbusiness.net)
[15:03:19] *** Joins: Trynity (Tryn@sorcery-8cd0b9.public.wayport.net)
[15:39:50] <Pomegranate> Welp
[15:40:48] *** Joins: Korhoset (nevzets@sorcery-da175r.speed.planet.nl)
[15:40:48] *** Quits: Lajjla (nevzets@sorcery-da175r.speed.planet.nl) (Connection closed)
[15:41:06] <Pomegranate> Trynity: I'm dying
[15:41:49] <Trynity> Good
[15:43:13] <Pomegranate> Bbl
[15:43:16] *** Quits: Pomegranate (pomegranate@Fruit.of.Death) (Quit: I meant it when I said I wanna get well!)
[15:48:04] *** Joins: Sutch (Sutch@the.ebony.tower)
[16:31:55] *** Quits: Korhoset (nevzets@sorcery-da175r.speed.planet.nl) (Connection closed)
[16:32:07] *** Joins: Lajjla (nevzets@sorcery-da175r.speed.planet.nl)
[16:55:03] *** Joins: Pomegranate (pomegranate@Fruit.of.Death)
[16:57:24] <Pomegranate> Hi
[16:58:40] <trapped> hi
[16:58:45] <trapped> u dont have a bf Pomegranate 
[16:58:52] <Pomegranate> Yes I do
[16:58:53] <Pomegranate> Just
[16:58:57] <Pomegranate> Not in Scotland
[16:59:12] <trapped> what does scotland have to do with ur bf
[16:59:29] *** Quits: sheenobu (sheenobu@sorcery-ggfj3c.hfc.comcastbusiness.net) (Ping timeout: 121 seconds)
[17:20:38] *** Quits: Pomegranate (pomegranate@Fruit.of.Death) (Ping timeout: 121 seconds)
[17:23:06] *** Joins: VerifiedShitlady (pomegranate@sorcery-rfvbd4.039s.5s7e.0306.2602.IP)
[17:23:06] *** Quits: VerifiedShitlady (pomegranate@sorcery-rfvbd4.039s.5s7e.0306.2602.IP) (Quit: I meant it when I said I wanna get well!)
[17:49:46] <Lajjla> A boyfriend not in Scottland is a a boyfriend without a kilt
[17:52:52] *** Joins: Korhoset (nevzets@sorcery-da175r.speed.planet.nl)
[17:52:52] *** Quits: Lajjla (nevzets@sorcery-da175r.speed.planet.nl) (Connection closed)
[17:53:05] *** Korhoset is now known as lajjla
[18:17:45] *** Joins: Kennedy (Kennedy@sorcery-fmkj1r.ca.comcast.net)
[18:19:27] <Kennedy> .
[18:19:43] *** Parts: Kennedy (Kennedy@sorcery-fmkj1r.ca.comcast.net) ()
[18:53:05] *** Quits: Trynity (Tryn@sorcery-8cd0b9.public.wayport.net) (Ping timeout: 121 seconds)
[18:58:46] *** Quits: lajjla (nevzets@sorcery-da175r.speed.planet.nl) (Ping timeout: 121 seconds)
[19:01:11] *** Joins: Lajjla (nevzets@sorcery-da175r.speed.planet.nl)
[19:04:26] *** Joins: Jen (Jennifer@gay.as.a.rainbow)
[19:04:46] *** Quits: Jen (Jennifer@gay.as.a.rainbow) (Quit: I am never really gone)
[19:05:13] *** Joins: Jen (Jennifer@gay.as.a.rainbow)
[19:33:17] *** Joins: zipfelkapuze (ZipfelKapuz@sorcery-cjbb6o.dynamic.kabel-deutschland.de)
[20:39:11] *** Joins: Tezca (IceChat78@sorcery-b99.54s.9.204.IP)
[21:04:56] *** Quits: Lajjla (nevzets@sorcery-da175r.speed.planet.nl) (Ping timeout: 121 seconds)
[21:07:48] *** Joins: Lajjla (nevzets@sorcery-da175r.speed.planet.nl)
[21:31:12] *** Quits: David (David@the.ivory.tower) (Ping timeout: 121 seconds)
[21:37:04] *** Joins: David (David@the.ivory.tower)
[21:37:04] *** ChanServ sets mode: +o David
[21:45:46] *** Quits: Lajjla (nevzets@sorcery-da175r.speed.planet.nl) (Connection closed)
[21:46:22] *** Joins: Lajjla (nevzets@sorcery-da175r.speed.planet.nl)
[22:13:41] *** Joins: sheenobu (sheenobu@sorcery-jsddm4.hs.gigamonster.net)
[22:17:19] *** Joins: Pomegranate (pomegranate@Fruit.of.Death)
[22:17:26] <Pomegranate> Hi
[22:17:40] <Pomegranate> They figured out what the rash is
[22:17:53] <Pomegranate> Coxsackie virus
[22:18:10] *** Quits: Tezca (IceChat78@sorcery-b99.54s.9.204.IP) (Ping timeout: 121 seconds)
[22:45:00] *** Joins: Tez (uid126444@sorcery-9pi829.brockwell.irccloud.com)
[22:45:31] <Pomegranate> trapped: 
[23:17:56] *** Joins: Rajoguna (Rajas@sorcery-2h8.isg.100.108.IP)
[23:21:31] *** Quits: Pomegranate (pomegranate@Fruit.of.Death) (Connection closed)
[23:22:25] *** Joins: Edward (Edward@my.vhost)
[23:22:37] *** Quits: Edward (Edward@my.vhost) (Connection closed)
[23:22:45] *** Quits: Rajoguna (Rajas@sorcery-2h8.isg.100.108.IP) (Connection closed)
[23:23:09] *** Joins: Edward (Edward@my.vhost)
[23:26:14] *** Quits: Edward (Edward@my.vhost) (Quit: Leaving)
[23:41:18] *** Quits: zipfelkapuze (ZipfelKapuz@sorcery-cjbb6o.dynamic.kabel-deutschland.de) (Connection closed)
[23:42:56] *** Joins: Edward (Edward@my.vhost)
[23:48:34] *** Quits: Edward (Edward@my.vhost) (Quit: Leaving)
[23:50:00] *** Joins: Tezca (IceChat78@sorcery-6gclr7.res.rr.com)
[23:56:25] *** Quits: Tezca (IceChat78@sorcery-6gclr7.res.rr.com) (Quit: On the other hand, you have different fingers.)
[23:56:31] *** Joins: Tezca (IceChat78@sorcery-6gclr7.res.rr.com)
