[00:01:14] *** Joins: VerifiedShitlady (pomegranate@sorcery-neqcd4.039s.5s7e.0306.2602.IP)
[00:05:15] *** Quits: VerifiedShitlady (pomegranate@sorcery-neqcd4.039s.5s7e.0306.2602.IP) (Ping timeout: 121 seconds)
[00:22:15] *** Quits: Carlyle_ (Carlyle@the.cannibal) (*.net *.split)
[00:22:15] *** Quits: Ccomp5950 (ccomp5950@totally.not.a.bot) (*.net *.split)
[00:22:15] *** Quits: sheenobu (sheenobu@sorcery-jsddm4.hs.gigamonster.net) (*.net *.split)
[00:22:15] *** Quits: Jen (Jennifer@gay.as.a.rainbow) (*.net *.split)
[00:22:15] *** Quits: David (David@the.ivory.tower) (*.net *.split)
[00:23:02] *** Joins: Ccomp5950 (ccomp5950@totally.not.a.bot)
[00:23:02] *** Joins: David (David@the.ivory.tower)
[00:23:02] *** Joins: sheenobu (sheenobu@sorcery-jsddm4.hs.gigamonster.net)
[00:23:02] *** Joins: Carlyle_ (Carlyle@the.cannibal)
[00:23:02] *** Joins: Jen (Jennifer@gay.as.a.rainbow)
[00:26:50] *** Quits: Sutch (Sutch@the.ebony.tower) (Quit: -)
[00:31:32] *** Joins: Connor (Connor@sorcery-illanp.or.comcast.net)
[00:45:31] *** Quits: Guest64963 (Sattva@sorcery-tuk3iu.pools.spcsdns.net) (Connection closed)
[00:59:24] *** Quits: Tezca (IceChat78@sorcery-6gclr7.res.rr.com) (Quit: Man who run behind car get exhausted)
[00:59:37] *** Quits: Tezca_ (IceChat78@sorcery-6gclr7.res.rr.com) (Quit: I used to think I was indecisive, but now I'm not too sure.)
[01:21:55] *** Joins: VerifiedShitlady (pomegranate@sorcery-neqcd4.039s.5s7e.0306.2602.IP)
[01:25:57] *** Quits: VerifiedShitlady (pomegranate@sorcery-neqcd4.039s.5s7e.0306.2602.IP) (Ping timeout: 121 seconds)
[01:25:59] *** Joins: Trynity (Tryn@sorcery-1iprod.nc.charter.com)
[01:41:56] *** Quits: Trynity (Tryn@sorcery-1iprod.nc.charter.com) (Ping timeout: 121 seconds)
[02:11:03] *** Joins: VerifiedShitlady (pomegranate@sorcery-neqcd4.039s.5s7e.0306.2602.IP)
[02:23:36] *** Quits: Connor (Connor@sorcery-illanp.or.comcast.net) (Ping timeout: 121 seconds)
[02:23:53] *** Joins: Edward (Edward@sorcery-637g46.mi.charter.com)
[02:23:58] *** Joins: Connor (Connor@sorcery-illanp.or.comcast.net)
[02:27:13] <Edward> Are you John Connor 
[02:27:19] <Edward> VerifiedShitlady, we meet again
[02:31:43] <VerifiedShitlady> Hi
[02:31:57] <Edward> Sup homes.
[02:32:07] <Connor> yeah stop asking me that Edward 
[02:32:20] <Edward> Are you Sarah Connor 
[02:32:36] <VerifiedShitlady> Hi Connor 
[02:32:54] <Connor> hi VerifiedShitlady 
[02:38:27] *** Quits: VerifiedShitlady (pomegranate@sorcery-neqcd4.039s.5s7e.0306.2602.IP) (Ping timeout: 121 seconds)
[02:39:15] *** Joins: Demisedulous (Halfway@sorcery-tg4gu9.ipv6.telus.net)
[02:41:08] <Demisedulous> Man
[02:41:11] <Demisedulous> my life is wet socks
[02:41:35] <Edward> Is that some sort of sex thing?
[02:42:26] <Demisedulous> nah
[02:42:30] <Demisedulous> wet socks fucking suck
[02:42:57] <Edward> Pffft, wet socks
[02:43:20] <Demisedulous> you ever wear wet socks
[02:43:33] <Demisedulous> That's what my life is 24/7
[02:44:13] <Demisedulous> Tell me a story, Connro
[02:44:27] <Connor> hmmm
[02:44:43] <Connor> story huh]
[02:45:40] <Connor> idk stories Demisedulous 
[03:45:11] <Demisedulous> Connro
[03:45:14] <Demisedulous> I closed our steam chat
[03:45:16] <Demisedulous> send me a message
[03:45:34] <Demisedulous> I'm too lazy to right click steam, click friends, find you, right  click you, and click send message
[03:45:44] <Demisedulous> I'm using a trackpad, so please understand
[03:48:36] <Connor> understandable
[04:34:17] *** Quits: Edward (Edward@sorcery-637g46.mi.charter.com) (Quit: Leaving)
[05:31:41] *** Joins: xanzul (xanzul@sorcery-laq2t9.va.comcast.net)
[05:52:13] <Escovan> boo
[05:56:16] <Moose> oob
[05:56:27] <Lajjla> Moose
[05:56:32] <Moose> Lajjla
[05:56:40] <Lajjla> I made a post on r/linux which was so elitist that it got reposted on 4chan and even there they thought it was toxic and elitist
[05:56:44] <Lajjla> I was too eltiist for 4chan
[05:56:49] <Lajjla> Are you proud of me?
[05:58:08] <Moose> Tryn would be
[06:03:20] <Lajjla> Moose, why that?
[06:03:28] <Lajjla> Is he or she a known elitist
[06:03:33] <Moose> she's a 4channer.
[06:03:45] <Lajjla> But I was too elitist even for 4chan.
[06:03:56] <Lajjla> Moose, wait look: https://boards.4chan.org/g/thread/54107012/why-is-the-linux-community-so-toxic#p54107012
[06:04:05] <Moose> i don't go on 4chan.
[06:04:33] *** Quits: Connor (Connor@sorcery-illanp.or.comcast.net) (Quit: all of you disgust me)
[06:04:34] <Lajjla> My favourite part is where I say that the person whom I'm replying to must atone for his or her sins of endulging stupidity by torturing his or her stupid wife without a custom kernel to death.
[06:05:04] <Moose> you sound like Circle.
[06:05:20] <Lajjla> Ahh, circle, I remember that one.
[06:41:55] *** Joins: Trynity (Tryn@sorcery-lt742b.sc.charter.com)
[07:09:42] *** Quits: xanzul (xanzul@sorcery-laq2t9.va.comcast.net) (Quit: )
[07:12:59] *** Quits: Trynity (Tryn@sorcery-lt742b.sc.charter.com) (Ping timeout: 121 seconds)
[07:13:44] *** Quits: sheenobu (sheenobu@sorcery-jsddm4.hs.gigamonster.net) (Ping timeout: 121 seconds)
[07:17:28] *** Joins: Trynity (Tryn@sorcery-lt742b.sc.charter.com)
[07:26:13] *** Joins: sheenobu (sheenobu@sorcery-jsddm4.hs.gigamonster.net)
[08:00:21] *** Quits: Trynity (Tryn@sorcery-lt742b.sc.charter.com) (Ping timeout: 121 seconds)
[08:12:20] *** Quits: sheenobu (sheenobu@sorcery-jsddm4.hs.gigamonster.net) (Ping timeout: 121 seconds)
[08:12:31] *** Joins: sheenobu (sheenobu@sorcery-jsddm4.hs.gigamonster.net)
[08:56:14] *** ChanServ sets mode: +o David
[10:10:24] *** Joins: trapped (trapped@the.jade.cave)
[10:11:28] *** Quits: trapped (trapped@the.jade.cave) (Connection closed)
[10:23:35] *** Joins: trapped (trapped@the.jade.cave)
[11:46:53] *** Joins: zipfelkapuze (ZipfelKapuz@sorcery-cjbb6o.dynamic.kabel-deutschland.de)
[11:47:50] <Lajjla> trapped
[11:48:07] <Lajjla> So I mae a post on r/linux which was so elitist it got posted on 4chan and even there peple thought itw as inapproprite, toxic and elitist.
[11:48:15] <Lajjla> I am too inaprpropaite, toxic and elitist even for 4chan.
[11:48:18] <Lajjla> Are you proud of me?
[11:57:21] <trapped> yes
[11:57:22] <trapped> very
[11:57:25] <trapped> did you get banned
[11:58:22] <Lajjla> I get anned all the time from r/linux, my accunts are ven transparent names like "banevader" and "Iwasbannedbefore"
[11:58:31] <trapped> kek
[11:58:55] <Lajjla> The weird thing is that I'm on relatively friendly temrs with the mods.
[11:59:01] <Lajjla> They don't like to ban me.
[12:34:40] *** Joins: VerifiedShitlady (pomegranate@sorcery-neqcd4.039s.5s7e.0306.2602.IP)
[12:34:54] <VerifiedShitlady> Good morning
[12:38:08] <VerifiedShitlady> trapped: 
[12:57:55] <trapped> VerifiedShitlady: yes
[12:58:06] <VerifiedShitlady> It's moving day
[12:58:27] <trapped> nice
[12:58:40] <trapped> u know what2do when ur finally in the new home
[12:58:42] <VerifiedShitlady> Got the UHaul mostly packed
[13:19:57] *** Quits: VerifiedShitlady (pomegranate@sorcery-neqcd4.039s.5s7e.0306.2602.IP) (Ping timeout: 121 seconds)
[13:20:58] *** Joins: VerifiedShitlady (pomegranate@sorcery-neqcd4.039s.5s7e.0306.2602.IP)
[13:29:08] *** Quits: VerifiedShitlady (pomegranate@sorcery-neqcd4.039s.5s7e.0306.2602.IP) (Ping timeout: 121 seconds)
[13:31:22] *** Joins: VerifiedShitlady (pomegranate@sorcery-neqcd4.039s.5s7e.0306.2602.IP)
[13:33:59] *** Joins: Sutch (Sutch@the.ebony.tower)
[13:38:10] *** Quits: VerifiedShitlady (pomegranate@sorcery-neqcd4.039s.5s7e.0306.2602.IP) (Ping timeout: 121 seconds)
[14:27:44] *** Quits: trapped (trapped@the.jade.cave) (Connection closed)
[15:36:55] *** Joins: Trynity (Tryn@sorcery-61r.7o2.81.71.IP)
[15:41:44] *** Joins: trapped (trapped@the.jade.cave)
[16:33:06] *** Quits: zipfelkapuze (ZipfelKapuz@sorcery-cjbb6o.dynamic.kabel-deutschland.de) (Connection closed)
[16:40:58] *** Quits: Trynity (Tryn@sorcery-61r.7o2.81.71.IP) (Ping timeout: 121 seconds)
[17:47:06] *** Quits: Demisedulous (Halfway@sorcery-tg4gu9.ipv6.telus.net) (Quit: Sleeping)
[18:02:50] *** Joins: Connor (Connor@may.the.force.be.with.you)
[18:16:15] *** Joins: zipfelkapuze (ZipfelKapuz@sorcery-cjbb6o.dynamic.kabel-deutschland.de)
[18:51:43] *** Quits: zipfelkapuze (ZipfelKapuz@sorcery-cjbb6o.dynamic.kabel-deutschland.de) (Connection closed)
[19:20:29] *** Joins: zipfelkapuze (ZipfelKapuz@sorcery-cjbb6o.dynamic.kabel-deutschland.de)
[19:21:03] *** Quits: zipfelkapuze (ZipfelKapuz@sorcery-cjbb6o.dynamic.kabel-deutschland.de) (Quit: Leaving)
[19:53:23] *** Joins: Rajoguna (Sattva@sorcery-n40.roj.101.108.IP)
[19:54:19] *** Rajoguna is now known as Guest28078
[20:05:39] *** Quits: trapped (trapped@the.jade.cave) (Connection closed)
[20:07:10] *** Joins: trapped (trapped@the.jade.cave)
[20:12:24] <trapped> Connor: ayooo
[20:12:37] *** Joins: VerifiedShitlady (pomegranate@sorcery-je3p6f.fg1h.u3u3.fb90.2607.IP)
[20:12:39] <Connor> hi 
[20:12:40] <VerifiedShitlady> Heyy
[20:13:10] <VerifiedShitlady> I'm moved in
[20:14:02] <trapped> where
[20:14:07] <trapped> VerifiedShitlady: sup
[20:14:10] <trapped> Connor: wyd
[20:14:20] <trapped> ah right fuck
[20:14:28] <trapped> i read VerifiedShitlady name as demipony or some shit
[20:14:29] <VerifiedShitlady> My apartment
[20:14:34] <trapped> and i thought
[20:14:38] <VerifiedShitlady> wtf
[20:14:40] <trapped> he mustve moved in with ankh
[20:14:41] <VerifiedShitlady> Beer time
[20:14:48] <trapped> VerifiedShitlady: you gotta do some stuff
[20:14:51] <trapped> after beer time is fine
[20:15:19] <VerifiedShitlady> Alcohol makes it more fun
[20:16:14] <VerifiedShitlady> Is it rape if she says "when I'm drunk we can fuck"?
[20:17:38] <trapped> not if she signs the contract
[20:24:50] <VerifiedShitlady> Mmm shitweiser
[20:25:10] <trapped> i wonder what brands of beer are popular in the US
[20:25:32] <VerifiedShitlady> Budweiser
[20:27:33] *** Quits: trapped (trapped@the.jade.cave) (Connection closed)
[20:30:35] *** Quits: VerifiedShitlady (pomegranate@sorcery-je3p6f.fg1h.u3u3.fb90.2607.IP) (Quit: I meant it when I said I wanna get well!)
[21:43:17] *** Joins: Rajoguna_ (Sattva@sorcery-rh0ava.pools.spcsdns.net)
[21:43:38] *** Quits: Guest28078 (Sattva@sorcery-n40.roj.101.108.IP) (Ping timeout: 121 seconds)
[22:03:45] *** Joins: Trynity (Tryn@sorcery-61r.7o2.81.71.IP)
[22:50:42] *** Quits: Rajoguna_ (Sattva@sorcery-rh0ava.pools.spcsdns.net) (Connection closed)
[23:35:35] *** Joins: VerifiedShitlady (pomegranate@sorcery-je3p6f.fg1h.u3u3.fb90.2607.IP)
[23:54:48] *** Quits: VerifiedShitlady (pomegranate@sorcery-je3p6f.fg1h.u3u3.fb90.2607.IP) (Quit: I meant it when I said I wanna get well!)
