[00:01:41] <zipfelkapuze> because i'm from germany?
[00:04:01] <VerifiedShitlady> Yes
[00:04:06] <zipfelkapuze> wtf
[00:04:12] <zipfelkapuze> no i'm not
[00:04:20] <VerifiedShitlady> go invade Poland
[00:04:34] <zipfelkapuze> the hell?
[00:04:52] <VerifiedShitlady> I'm sewing
[00:05:47] <zipfelkapuze> ah, i learned to sew a little bit too
[00:06:05] <zipfelkapuze> that's pretty nice
[00:09:40] <zipfelkapuze> however, i'm absolutely not a nazi
[00:10:12] <zipfelkapuze> i'm more like the opposite
[00:12:45] <zipfelkapuze> if you ever happen to visit germany, never call someone a nazi. That's a pretty serious offense here
[00:13:49] <VerifiedShitlady> Sewing is v soothing
[00:14:04] <zipfelkapuze> yeah
[00:25:39] <VerifiedShitlady> I've invested hours into this
[00:25:47] <VerifiedShitlady> I'll be damned if I give up
[00:28:33] <zipfelkapuze> i'm going to bed, bb
[00:28:35] *** Quits: zipfelkapuze (ZipfelKapuz@sorcery-cjbb6o.dynamic.kabel-deutschland.de) (Quit: Leaving)
[00:29:57] <VerifiedShitlady> Gnight
[00:52:01] <VerifiedShitlady> The Joe is renamed >:[
[01:14:11] *** Quits: trapped (trapped@the.jade.cave) (Connection closed)
[01:43:54] *** Joins: FFDoftheTrumpCLan (finalfanta@sorcery-vr8h89.home.ne.jp)
[01:43:57] <FFDoftheTrumpCLan> HEY NO KICK THE FFD
[01:43:59] <FFDoftheTrumpCLan> NO KICK THE FFD
[01:44:03] * FFDoftheTrumpCLan huggles Sutch
[01:47:34] *** Joins: sheenobu (sheenobu@sorcery-6uf.fm9.50.65.IP)
[01:54:53] <VerifiedShitlady> Ew
[01:54:55] <VerifiedShitlady> Poor Sutch 
[02:22:07] *** Quits: sheenobu (sheenobu@sorcery-6uf.fm9.50.65.IP) (Ping timeout: 121 seconds)
[02:22:19] *** Joins: sheenobu (sheenobu@sorcery-6uf.fm9.50.65.IP)
[02:23:11] *** Joins: Edward (Edward@my.vhost)
[02:24:14] *** Quits: Edward (Edward@my.vhost) (Quit: Leaving)
[02:30:08] *** Quits: sheenobu (sheenobu@sorcery-6uf.fm9.50.65.IP) (Ping timeout: 121 seconds)
[02:30:19] *** Joins: sheenobu (sheenobu@sorcery-6uf.fm9.50.65.IP)
[02:41:31] *** Quits: Rajoguna (Rajas@sorcery-pq2.ubu.120.108.IP) (Connection closed)
[02:42:25] *** Joins: Rajoguna (Rajas@sorcery-pq2.ubu.120.108.IP)
[02:43:01] *** Rajoguna is now known as Guest61069
[03:01:07] <David> nobody kicked you, FFDoftheTrumpCLan 
[03:01:13] <David> you probably disconnected
[03:03:41] *** Quits: sheenobu (sheenobu@sorcery-6uf.fm9.50.65.IP) (Ping timeout: 121 seconds)
[03:04:38] *** Joins: sheenobu (sheenobu@sorcery-6uf.fm9.50.65.IP)
[03:36:13] *** Quits: Sutch (Sutch@the.ebony.tower) (Quit: -)
[03:56:42] *** Quits: Guest61069 (Rajas@sorcery-pq2.ubu.120.108.IP) (Connection closed)
[03:57:52] *** Joins: Guest61069 (Rajas@sorcery-pq2.ubu.120.108.IP)
[04:05:41] *** Joins: Rajoguna (Rajas@sorcery-ssm.7b6.100.108.IP)
[04:06:07] *** Rajoguna is now known as Guest11568
[04:06:26] *** Quits: Guest61069 (Rajas@sorcery-pq2.ubu.120.108.IP) (Ping timeout: 121 seconds)
[04:08:17] *** Quits: sheenobu (sheenobu@sorcery-6uf.fm9.50.65.IP) (Ping timeout: 121 seconds)
[04:16:56] *** Quits: Guest11568 (Rajas@sorcery-ssm.7b6.100.108.IP) (Ping timeout: 121 seconds)
[04:37:30] *** Joins: sheenobu (sheenobu@sorcery-jsddm4.hs.gigamonster.net)
[04:39:24] *** Quits: Tezca (IceChat78@sorcery-6gclr7.res.rr.com) (Quit: Why is the alphabet in that order?   Is it because of that song?)
[04:46:53] *** Joins: Trynity (Tryn@sorcery-61r.7o2.81.71.IP)
[05:08:55] <David> hey Trynity 
[05:08:57] <David> is this you https://imgur.com/a/FtVaw
[05:09:31] <Trynity> wew
[05:11:48] <David> ...lad, right?
[05:14:05] <Trynity> no
[06:05:48] *** Quits: Demisedulous (Halfway@sorcery-7pt0df.ipv6.telus.net) (Connection closed)
[06:10:09] *** Joins: Rajoguna (Rajas@sorcery-atu.kpm.115.108.IP)
[07:15:09] *** Quits: Tez (uid126444@sorcery-9pi829.brockwell.irccloud.com) (Quit: Connection closed for inactivity)
[07:19:37] *** Joins: Korhoset (nevzets@sorcery-da175r.speed.planet.nl)
[07:19:37] *** Quits: Lajjla (nevzets@sorcery-da175r.speed.planet.nl) (Connection closed)
[07:23:37] *** Joins: Lajjla (nevzets@sorcery-da175r.speed.planet.nl)
[07:23:42] *** Quits: Korhoset (nevzets@sorcery-da175r.speed.planet.nl) (Ping timeout: 121 seconds)
[07:25:40] *** Quits: Lajjla (nevzets@sorcery-da175r.speed.planet.nl) (Connection closed)
[07:25:41] *** Quits: Rajoguna (Rajas@sorcery-atu.kpm.115.108.IP) (Connection closed)
[07:26:01] *** Joins: Lajjla (nevzets@sorcery-da175r.speed.planet.nl)
[07:41:59] *** Quits: sheenobu (sheenobu@sorcery-jsddm4.hs.gigamonster.net) (Quit: Leaving)
[08:22:21] *** Quits: Trynity (Tryn@sorcery-61r.7o2.81.71.IP) (Ping timeout: 121 seconds)
[09:22:02] *** Joins: Korhoset (nevzets@sorcery-da175r.speed.planet.nl)
[09:22:02] *** Quits: Lajjla (nevzets@sorcery-da175r.speed.planet.nl) (Connection closed)
[09:25:12] *** Quits: Korhoset (nevzets@sorcery-da175r.speed.planet.nl) (Connection closed)
[09:25:20] *** Joins: Lajjla (nevzets@sorcery-da175r.speed.planet.nl)
[11:41:53] *** Joins: trapped (trapped@the.jade.cave)
[12:29:07] *** Quits: VerifiedShitlady (pomegranate@sorcery-va8ofc.1j01.9iob.fb90.2607.IP) (Quit: I meant it when I said I wanna get well!)
[14:05:57] *** Joins: VerifiedShitlady (pomegranate@sorcery-va8ofc.1j01.9iob.fb90.2607.IP)
[15:29:50] *** Joins: Tez (uid126444@sorcery-9pi829.brockwell.irccloud.com)
[15:36:42] *** Joins: Sutch (Sutch@the.ebony.tower)
[16:13:39] *** Quits: VerifiedShitlady (pomegranate@sorcery-va8ofc.1j01.9iob.fb90.2607.IP) (Quit: I meant it when I said I wanna get well!)
[16:36:44] *** Joins: zipfelkapuze (ZipfelKapuz@sorcery-cjbb6o.dynamic.kabel-deutschland.de)
[17:35:10] *** Quits: Tez (uid126444@sorcery-9pi829.brockwell.irccloud.com) (Quit: Connection closed for inactivity)
[19:06:22] *** Joins: VerifiedShitlady (pomegranate@sorcery-s29g7h.q1n2.f1ad.fb90.2607.IP)
[19:06:30] <VerifiedShitlady> Heya fgts
[19:16:43] <Lajjla> VerifiedShitlady, let's join the Gay Nigger Association of America tgether.
[19:25:46] *** Joins: Demisedulous (Halfway@sorcery-tg4gu9.ipv6.telus.net)
[19:33:24] *** Joins: Tezca (IceChat78@sorcery-6gclr7.res.rr.com)
[19:33:24] *** Joins: Tezca_ (IceChat78@sorcery-6gclr7.res.rr.com)
[19:33:41] *** Quits: Tezca_ (IceChat78@sorcery-6gclr7.res.rr.com) (Quit: We be chillin - IceChat style)
[19:34:41] *** Quits: VerifiedShitlady (pomegranate@sorcery-s29g7h.q1n2.f1ad.fb90.2607.IP) (Quit: I meant it when I said I wanna get well!)
[20:42:07] *** Quits: Tezca (IceChat78@sorcery-6gclr7.res.rr.com) (Ping timeout: 121 seconds)
[21:31:24] *** Joins: Trynity (Tryn@sorcery-61r.7o2.81.71.IP)
[21:32:06] *** Quits: Carlyle (Carlyle@the.cannibal) (Quit: quit)
[21:33:41] *** Joins: Carlyle (Carlyle@the.cannibal)
[21:41:21] *** Joins: Tez (uid126444@sorcery-9pi829.brockwell.irccloud.com)
[22:10:18] *** Quits: Demisedulous (Halfway@sorcery-tg4gu9.ipv6.telus.net) (Ping timeout: 121 seconds)
[22:27:35] *** Joins: Demisedulous (Halfway@sorcery-tg4gu9.ipv6.telus.net)
[23:04:25] *** Quits: Trynity (Tryn@sorcery-61r.7o2.81.71.IP) (Ping timeout: 121 seconds)
[23:07:02] *** Joins: Trynity (Tryn@sorcery-61r.7o2.81.71.IP)
