[00:03:58] *** Quits: trapped (trapped@the.jade.cave) (Connection closed)
[00:07:06] <Lajjla> Cetu, you never throw stuff at me any mre
[00:07:27] * Cetu throws a can of ginger ale at Lajjla 
[00:07:41] <Lajjla> Excellent
[00:07:48] <Lajjla> Cetu, are you also going to spit and piss on me?
[00:08:08] <Cetu> No
[00:08:09] <Cetu> Gross
[00:09:23] <Edward> Cetu, can I stick my penis into your butthole and perhaps you may poop on my penis?
[00:09:34] <Edward> No spit or piss though
[00:09:41] <Edward> Cuz thats gross
[00:09:52] <Cetu> Gross
[00:09:52] <Cetu> No
[00:10:02] *** Quits: Tez (uid126444@sorcery-gtmtht.pld0.199n.8300.2604.IP) (Quit: Connection closed for inactivity)
[00:10:17] <Edward> Can I stick my penis into your butthole atleast?
[00:10:38] <Cetu> Yes
[00:10:44] <Cetu> No pooping tho
[00:10:55] <Edward> Alright, I can deal with that
[00:11:03] <Edward> Bend over
[00:17:49] <Lajjla> Cetu, can I join too?
[00:17:52] <Lajjla> You know, two at the same time
[00:18:00] <Cetu> That's up to Edward 
[00:18:08] <Edward> No!
[00:18:18] <Lajjla> Cetu, why that?
[00:18:19] <Cetu> Ha
[00:18:20] <Cetu> Rekt
[00:18:22] <Lajjla> Take control of your own lie
[00:18:30] <Cetu> Lie
[00:18:31] <Cetu> Kek
[00:24:35] <Cetu> Edward: 
[00:24:44] <Edward> Yes Cetu ?
[00:24:50] <Cetu> Did it snow there today?
[00:25:59] <Edward> Nope
[00:26:03] <Edward> Did it snow where you are at?
[00:26:27] <Cetu> A little
[00:26:39] <Cetu> It didn't stick
[01:15:18] *** Joins: Trynity (Tryn@sorcery-bp67eo.sc.charter.com)
[01:15:31] <Cetu> Trynity: what's your sign?
[01:21:59] <Lajjla> The Father, the Son, and the holy Spirit
[01:22:20] <Cetu> Stfu heathen
[01:24:07] * Trynity flashes the blood sign
[01:26:27] <Lajjla> Why not the Jolly Roger.
[01:26:37] <Cetu> Sagittarius
[01:26:39] <Cetu> gotcha
[01:27:45] <Cetu> Qasshat
[01:27:46] <Cetu> Kekk
[01:35:27] *** Quits: Edward (Edward@my.vhost) (Quit: Leaving)
[02:16:19] *** Quits: Trynity (Tryn@sorcery-bp67eo.sc.charter.com) (Ping timeout: 121 seconds)
[02:24:27] *** Joins: not-david (uid33812@sorcery-n0pbul.pld0.199n.8300.2604.IP)
[02:55:20] *** Joins: Trynity (Tryn@sorcery-bp67eo.sc.charter.com)
[02:58:20] *** Quits: Sutch (Sutch@the.ebony.tower) (Quit: -)
[03:05:24] <Cetu> Trynity: <3
[03:05:59] <Trynity> go away nerd
[03:16:30] *** Quits: zipfelkapuze (ZipfelKapuz@sorcery-cjbb6o.dynamic.kabel-deutschland.de) (Connection closed)
[03:22:15] <not-david> Trynity: you're the greater nerd compared to Trynity
[03:22:19] <not-david> er, compared to Cetu
[03:22:39] <Cetu> REKT
[03:28:59] *** Quits: Tezca (quassel@love.everybody) (Ping timeout: 121 seconds)
[03:30:00] *** Quits: Trynity (Tryn@sorcery-bp67eo.sc.charter.com) (Quit: WeeChat 1.4)
[03:30:02] *** Joins: Trynity (Tryn@sorcery-bp67eo.sc.charter.com)
[03:36:04] *** Quits: Trynity (Tryn@sorcery-bp67eo.sc.charter.com) (Ping timeout: 121 seconds)
[03:58:36] *** Quits: Cetu (fleff@sorcery-lgc5cc.sshb.uv3d.fb90.2607.IP) (Connection closed)
[03:59:01] *** Joins: Tezca (quassel@sorcery-6gclr7.res.rr.com)
[03:59:02] *** Quits: Tezca (quassel@sorcery-6gclr7.res.rr.com) (Changing host)
[03:59:02] *** Joins: Tezca (quassel@love.everybody)
[04:22:19] *** Quits: Connor (Connor@may.the.force.be.with.you) (Ping timeout: 121 seconds)
[04:41:01] *** Rajoguna_ is now known as Jacinda
[05:12:39] *** Quits: Jacinda (Rajas@sorcery-fppikj.pools.spcsdns.net) (Ping timeout: 121 seconds)
[05:49:19] *** Joins: Trynity (Tryn@sorcery-bp67eo.sc.charter.com)
[06:32:04] *** Quits: Trynity (Tryn@sorcery-bp67eo.sc.charter.com) (Quit: WeeChat 1.4)
[06:32:07] *** Joins: Trynity (Tryn@sorcery-bp67eo.sc.charter.com)
[06:49:57] *** Quits: not-david (uid33812@sorcery-n0pbul.pld0.199n.8300.2604.IP) (Quit: Connection closed for inactivity)
[07:10:10] *** Quits: Trynity (Tryn@sorcery-bp67eo.sc.charter.com) (Ping timeout: 121 seconds)
[07:16:59] *** Quits: Tezca (quassel@love.everybody) (Ping timeout: 121 seconds)
[07:24:40] *** Joins: Korhoset (nevzets@sorcery-da175r.speed.planet.nl)
[07:24:40] *** Quits: Lajjla (nevzets@sorcery-da175r.speed.planet.nl) (Connection closed)
[07:33:20] *** Joins: Edward (Edward@my.vhost)
[07:38:00] *** Joins: Lajjla (nevzets@sorcery-da175r.speed.planet.nl)
[07:38:00] *** Quits: Korhoset (nevzets@sorcery-da175r.speed.planet.nl) (Connection closed)
[08:11:48] *** Joins: trapped (trapped@the.jade.cave)
[08:44:12] *** Quits: Edward (Edward@my.vhost) (Quit: Leaving)
[09:12:36] *** Quits: trapped (trapped@the.jade.cave) (Connection closed)
[09:39:36] *** Joins: Korhoset (nevzets@sorcery-da175r.speed.planet.nl)
[09:39:36] *** Quits: Lajjla (nevzets@sorcery-da175r.speed.planet.nl) (Connection closed)
[09:46:15] *** Quits: Korhoset (nevzets@sorcery-da175r.speed.planet.nl) (Connection closed)
[09:46:24] *** Joins: Lajjla (nevzets@sorcery-da175r.speed.planet.nl)
[10:14:21] *** Joins: Korhoset (nevzets@sorcery-da175r.speed.planet.nl)
[10:14:38] *** Quits: Lajjla (nevzets@sorcery-da175r.speed.planet.nl) (Connection closed)
[10:36:47] *** Joins: Lajjla (nevzets@sorcery-da175r.speed.planet.nl)
[10:36:47] *** Quits: Korhoset (nevzets@sorcery-da175r.speed.planet.nl) (Connection closed)
[12:28:41] *** Joins: zipfelkapuze (ZipfelKapuz@sorcery-cjbb6o.dynamic.kabel-deutschland.de)
[13:06:21] *** Joins: Cetu (fleff@sorcery-f9ooho.3hik.o04f.fb90.2607.IP)
[13:21:19] <Cetu> Hi
[13:38:48] *** Joins: trapped (trapped@the.jade.cave)
[14:01:21] <zipfelkapuze> hi
[14:08:14] *** Joins: Tez (uid126444@sorcery-gtmtht.pld0.199n.8300.2604.IP)
[14:08:42] <Cetu> Does parenting my own kid count as childcare experience?
[14:09:37] <zipfelkapuze> are you a father??
[14:09:50] <Cetu> I'm a she
[14:10:01] <zipfelkapuze> sry, are you a mother??
[14:10:06] <Cetu> Yes
[14:10:26] <zipfelkapuze> since when?
[14:10:37] <zipfelkapuze> ^^
[14:10:50] <Cetu> Since November of 2014
[14:11:14] <zipfelkapuze> cool
[14:11:53] <zipfelkapuze> i'm only an uncle
[14:12:05] <zipfelkapuze> of 2 kids and one unborn
[14:13:26] <Cetu> I need 4 more hours of job search by tomorrow
[14:14:04] <Cetu> Time to lie
[14:16:30] <Cetu> My resume is shit qq
[14:23:31] <Cetu> Guys
[14:23:35] <zipfelkapuze> yeah
[14:23:45] <Cetu> Is magna or summa cum laude higher?
[14:24:47] <zipfelkapuze> what is magna?
[14:25:10] <Cetu> Nvm I got an answer
[15:35:49] <Cetu> Magna cum laude is the middle honors
[15:36:11] <Cetu> Between summa cum laude and cum laude
[15:36:51] <Lajjla> cum laude means 'with honour', 'magna cum laude' means 'with great honour', 'summa cum laude' means 'with complete honour'
[15:37:01] <Cetu> TIL
[15:37:19] <Lajjla> You'd think that 4 years of Latin is useless, and you'd be right, but it instantly makes you appear intelligent as ar as alanguages go.
[15:37:38] <Cetu> Not useless in the medical field
[15:38:01] <Cetu> Man I'm using a clay facial mask and it ITCHES
[15:38:34] <Lajjla> Even useless there, most "Latin" in the medical field is horribly ingrammatical.
[15:38:49] <Lajjla> They just invent Latin-sounding stuff for stuff to make it sound official or whatever
[15:38:55] <Cetu> Oh
[15:39:21] <Lajjla> Within the legal field it actually usually is correct grammatically though.
[15:39:38] <Cetu> HABEUS CORPUS
[15:39:42] <Lajjla> My favourite one is 'homosexual', not only is it greek and Latin stuc together, but even if it was one of the either it wouldn't mean what they think it means.
[15:40:09] <Lajjla> It's more like you can use  'homosexual group' to then refer to a group of people of all the same sex.
[15:40:09] <Cetu> lesbian means from the island of Lesbos
[15:40:32] <Lajjla> Yes
[15:40:37] <Lajjla> one of the chief dudes there was a lesbian I think
[15:41:05] <Cetu> My face can't move...
[15:41:13] <Lajjla> Cetu, too much botox?
[15:41:41] <Cetu> I got it to cure my migraines ok
[16:07:40] *** Joins: Tezca (quassel@sorcery-6gclr7.res.rr.com)
[16:07:40] *** Quits: Tezca (quassel@sorcery-6gclr7.res.rr.com) (Changing host)
[16:07:40] *** Joins: Tezca (quassel@love.everybody)
[16:19:18] <Lajjla> Cetu, botox?
[16:19:54] <Cetu> Totally
[16:58:21] *** Joins: Sutch (Sutch@sorcery-ko2ill.range86-172.btcentralplus.com)
[16:59:11] *** Quits: Sutch (Sutch@sorcery-ko2ill.range86-172.btcentralplus.com) (Changing host)
[16:59:11] *** Joins: Sutch (Sutch@the.ebony.tower)
[17:24:37] <Lajjla> Cetu, I think you should totes get dreadlocks
[17:25:00] <Cetu> Why
[17:28:27] <Lajjla> Cetu, because they look awesome.
[17:28:38] <Lajjla> And you need to appropriate black culture for your kiddo to feel at home.
[17:30:14] <trapped> exactly
[17:32:32] <Lajjla> trapped, you shoul get them too
[17:33:01] <Cetu> Yes
[17:33:06] <Cetu> You should, tra
[17:33:11] <Cetu> trapped: 
[17:35:15] <trapped> i don't want to look like a nigger
[17:38:15] <Lajjla> trapped, but think of the kiddo
[17:38:52] <trapped> it's not my kiddo
[17:39:00] <trapped> i would've never let a nigger fug me
[17:39:15] <Cetu> U r the nigger
[17:39:19] <trapped> i could've caught aids or some shit
[17:39:29] <trapped> have u done the hiv/aids test Cetu 
[17:39:40] <Cetu> I'm clean
[17:39:41] <trapped> r u sure that ur skelliness isnt just aids
[17:39:56] <Cetu> AIDS kills within a year
[17:40:04] <trapped> dats not tru
[17:40:04] <Cetu> HIV is longterm
[17:40:14] <Cetu> Yes it is
[17:40:18] <trapped> hiv can become aids
[17:40:26] <Cetu> Yes
[17:40:27] <Cetu> And
[17:40:31] <trapped> u got hiv from that nigger
[17:40:37] <Cetu> When it's AIDS it kills within a year
[17:40:37] <trapped> and then it grew inside of you and then aids came out
[17:41:00] <trapped> by the way what's carter's last name, is it yours or his dad's?
[17:41:12] <Cetu> Mine
[17:41:17] <trapped> kek
[17:41:27] <trapped> are u planning to change it to your husband's when u marry
[17:42:30] <Cetu> >implying I ever will
[17:42:55] <trapped> i think u will
[17:43:01] <trapped> coerced by ur financial issues
[17:43:04] <Cetu> A woman
[17:43:26] <trapped> idk if you want your kid to grow a faggot then sure
[17:43:56] <Cetu> Both
[17:44:03] <Cetu> A polyamourous
[17:44:13] <trapped> so u can fug ur kid
[17:44:17] <trapped> nice
[17:48:34] <David> 10/10 discourse
[17:58:56] <trapped> thanks i graduated top of my class in the meme seals, and i've been involved in numerous secret raids on al-guacamole, and i have over 300 confirmed original memes. i am trained in meme warfare and i am the top memer in the entire EU meme forces.
[18:07:13] <Lajjla> David rhymes with gayvid which is short for gayporn video.
[18:07:48] <Cetu> KEK
[18:08:13] <trapped> david irl http://26.media.tumblr.com/tumblr_lm9ua8H6nT1qkhu5lo1_400.jpg
[18:25:20] <Cetu> David probably likes gay porn
[18:30:03] *** Quits: Tez (uid126444@sorcery-gtmtht.pld0.199n.8300.2604.IP) (Quit: Connection closed for inactivity)
[18:32:52] *** Joins: Trynity (Tryn@sorcery-bp67eo.sc.charter.com)
[18:33:30] <Cetu> Trynity: you're insane
[18:40:40] <Trynity> thnx
[19:20:58] *** Joins: Edward (Edward@my.vhost)
[19:22:48] *** Quits: Trynity (Tryn@sorcery-bp67eo.sc.charter.com) (Ping timeout: 121 seconds)
[20:06:00] *** Quits: Cetu (fleff@sorcery-f9ooho.3hik.o04f.fb90.2607.IP) (Quit: books are the best friend, they will never let you down)
[20:08:10] *** Quits: zipfelkapuze (ZipfelKapuz@sorcery-cjbb6o.dynamic.kabel-deutschland.de) (Ping timeout: 121 seconds)
[20:16:17] *** Joins: zipfelkapuze (ZipfelKapuz@sorcery-cjbb6o.dynamic.kabel-deutschland.de)
[20:17:58] *** Quits: zipfelkapuze (ZipfelKapuz@sorcery-cjbb6o.dynamic.kabel-deutschland.de) (Quit: Leaving)
[20:18:11] *** Joins: zipfelkapuze (ZipfelKapuz@sorcery-cjbb6o.dynamic.kabel-deutschland.de)
[22:35:13] *** Joins: Tez (uid126444@sorcery-9pi829.brockwell.irccloud.com)
[23:07:49] *** Quits: Tezca (quassel@love.everybody) (Ping timeout: 121 seconds)
[23:41:35] *** Quits: trapped (trapped@the.jade.cave) (Connection closed)
[23:54:29] *** Joins: Tezca (quassel@sorcery-6gclr7.res.rr.com)
[23:54:30] *** Quits: Tezca (quassel@sorcery-6gclr7.res.rr.com) (Changing host)
[23:54:30] *** Joins: Tezca (quassel@love.everybody)
