[00:00:21] <Redhead> happy new day wishes
[00:00:26] <Redhead> full moon
[00:11:49] *** Joins: Jeroen (Jeroen@ip82-139-124-155.lijbrandt.net)
[00:19:31] <rawplayer> hallo
[00:19:33] <rawplayer> ik ben er
[00:19:34] <Pandora> gezellig, rawplayer is er!
[00:19:40] <rawplayer> !
[00:23:13] *** Quits: Andros (Andros@248.151-244-81.adsl-dyn.isp.belgacom.be) (Ping timeout: 60 seconds)
[00:32:58] *** Quits: Fe2O3 (Fe2O3@h70248.upc-h.chello.nl) (Exit)
[00:49:39] *** Quits: Guyver2 (Guyver2@guyver2.xs4all.nl) (Ping timeout: 66 seconds)
[00:58:08] *** Quits: SCHAPiE (dorian@dhcp-077-249-247-124.chello.nl) (Exit)
[01:01:12] *** Quits: Teckna (jonathan@52487D74.cm-4-1b.dynamic.ziggo.nl) (Ping timeout: 61 seconds)
[01:01:34] *** Quits: Jeroen (Jeroen@ip82-139-124-155.lijbrandt.net) (Exit)
[01:19:30] *** Joins: Teckna (jonathan@52487D74.cm-4-1b.dynamic.ziggo.nl)
[01:28:45] *** Quits: Stuiterbal (Stuit@2001:980:5281:1:7ddd:d51a:b3aa:6d4c) (Exit)
[01:36:18] <mijk> lol
[01:46:11] *** Quits: Teckna (jonathan@52487D74.cm-4-1b.dynamic.ziggo.nl) (Ping timeout: 61 seconds)
[02:24:42] *** Quits: Vipertje (tweak@54182E79.cm-5-1a.dynamic.ziggo.nl) (Exit)
[02:30:48] *** Joins: wirky (werken@ip503c7f23.speed.planet.nl)
[02:37:01] <wirky> sup
[02:51:40] <BD> wirky
[03:10:16] *** Quits: BD (ok@ftth-083-247-022-153.solcon.nl) (Exit)
[03:22:29] *** Joins: Escovan (Escovan@107.6.175.170)
[03:22:38] *** Joins: Dubbeldrank (is@niet.te.zuipen)
[03:22:39] *** Joins: Bliksem (Tweaki7@a82-161-41-5.adsl.xs4all.nl)
[03:22:42] *** Dubbeldrank is now known as Tweaker21168
[03:22:49] *** Joins: TooL (x@ip172-92-210-87.adsl2.static.versatel.nl)
[03:22:54] *** Joins: Henkie94 (Henkie94@hammetjus.nl)
[03:23:08] *** Joins: bReChThOu (bReChThOu@cloud.brechthouben.be)
[03:23:20] *** Joins: appeltjes2 (appel@appel.centravi.org)
[03:23:28] *** Joins: SimonP (SimonP@remote.glasvezel-online.net)
[03:23:53] *** Joins: Etienne (EtienneM@541F7E72.cm-5-8b.dynamic.ziggo.nl)
[03:26:50] *** Joins: Darkstar (ircuser@2a02:e00:fffe:fbee:216:3eff:fef0:e305)
[04:11:20] <mijk> netsplit ftw
[04:15:20] <mijk> LEKKER MET NOMADZ
[04:15:28] <mijk> KEIHARD AAN DE PSYCHEDELICS
[04:15:51] <wirky> ff rustig mijk
[04:17:32] <mijk> jonge
[04:18:26] <wirky> ouwe gekke mooie kale transseksuele fietsenbandenplakker met glinsterende trilhaartjes
[04:19:22] *** Quits: Teckna (jonathan@52487D74.cm-4-1b.dynamic.ziggo.nl) (Ping timeout: 60 seconds)
[04:19:50] <mijk> jonge
[04:22:00] *** Joins: Teckna (jonathan@52487D74.cm-4-1b.dynamic.ziggo.nl)
[04:55:26] <Escovan> hier iemand?
[05:15:27] <wirky> hier wel
[05:18:26] <Escovan> wirky, !!! \o/
[05:18:39] <wirky> mijk
[05:18:47] <wirky>  join #fok
[05:19:39] <Escovan> ah wirky je bent toch niet door de war hè?
[05:19:52] <wirky> in de war 
[05:19:53] <Escovan> omdat je crack hebt gerookt enzo?
[05:20:29] <Escovan> of hoe dat spul ook heet wat tegenwoordig populair is
[05:20:31] <wirky> neuh hoor dat hoeft voor mij allemaal niet zo
[05:20:53] <Escovan> Ik heb een klein katertje
[05:21:04] <Escovan> iets met een halve liter vodka
[05:21:25] <wirky> wat onderdruk je dan voor gevoel
[05:21:46] <Escovan> ¨Heb je iets van gevoel, schiet je net naast je doel¨
[05:22:14] <wirky> Wittgensteijn?
[05:22:39] * Escovan is now listening to: Het Goede Doel - Iets van gevoel
[05:23:45] <Escovan> Es ff koffie ophalen, die moet nu wel klaar zijn.
[05:24:27] <wirky> doe maar
[05:32:05] <Escovan> Zo, nu kan de dag beginnen
[05:32:21] <Escovan> De kipjes zijn nog niet wakker
[05:32:32] <Escovan> Zal ik hen nu wakker schreeuwen?
[05:32:40] <Escovan> Achterlijke beesten.
[05:34:24] <wirky> Ik ga jou een heropvoedingsplan geven
[05:36:31] <Escovan> Dat is al vaker geprobeerd hoor ... Door wetenschappers zelfs... maar ik denk dat het chronisch is
[05:37:07] <Escovan> http://pastebin.com/gsisDUZA
[05:37:10] <digibot> Title: Hoi , Ik zie je morgen natuurlijk maar 1 dingetje wat ik wou zeggen - Pastebin.com (at pastebin.com)
[05:53:08] <mijk> hom
[05:53:09] <mijk> o
[05:53:40] <Escovan> homo?
[05:53:57] <Escovan> Ik ben genezen van homo op 17-12-12
[05:55:24] <Escovan> http://www.adidas.nl/adiease-schoenen/F37311.html
[05:55:26] <digibot> Title: adidas adiease Schoenen - blauw | adidas Officiële Shop (at www.adidas.nl)
[05:55:31] <mijk> achterlijken
[05:55:34] <mijk> ga slapen man
[05:55:36] <mijk> faggs
[05:55:45] <Escovan> Ik ben net wakker
[05:56:13] *** Joins: Fokker_4167 (Mibbit@ppp109-252-90-24.pppoe.spdop.ru)
[05:56:21] *** Quits: Fokker_4167 (Mibbit@ppp109-252-90-24.pppoe.spdop.ru) (Exit)
[05:56:38] <mijk> ja goed verhaal
[05:56:42] <mijk> lekker kort ook
[06:15:04] <Escovan> Praten is sex van ideeën. En als ideeën sex hebben...
[06:15:18] <Escovan> Dan komen daar ook wel eens gehandicapte ideeën uit
[06:16:43] <Escovan> https://decorrespondent.nl/1077/Hoe-ideeen-de-wereld-veranderen/169709139831-958d8e21
[06:16:45] <digibot> Title: Hoe ideeën de wereld veranderen (at decorrespondent.nl)
[06:39:19] *** Quits: mijk (mijk@218-245-144-85.ftth.glasoperator.nl) (Ping timeout: 60 seconds)
[06:53:22] *** Joins: Fiebel (PrincessCo@d77048.upc-d.chello.nl)
[06:53:24] <Fiebel> kbener
[06:57:17] *** Quits: Fiebel (PrincessCo@d77048.upc-d.chello.nl) (Ping timeout: 66 seconds)
[06:58:48] *** Joins: Fiebel (PrincessCo@d77048.upc-d.chello.nl)
[07:20:25] <rawplayer> mogge
[07:20:29] <rawplayer> ik ben er
[07:20:30] <Pandora> gezellig, rawplayer is er!
[07:22:32] <Fiebel> gzellig
[07:22:33] <Fiebel> guhihihihih
[07:28:17] <rawplayer> http://newsroom.ucla.edu/releases/fructose-alters-hundreds-of-brain-genes-which-can-lead-to-a-wide-range-of-diseases
[07:28:18] <digibot> Title: Fructose alters hundreds of brain genes, which can lead to a wide range of diseases | UCLA (at newsroom.ucla.edu)
[07:34:55] *** Quits: Tweaker21168 (is@niet.te.zuipen) (Exit)
[07:35:34] *** Joins: Dubbeldrank (is@niet.te.zuipen)
[07:35:34] *** ChanServ sets mode: +qo Dubbeldrank Dubbeldrank
[07:35:40] <Fiebel> OOoooooooooooooh
[07:35:43] <Fiebel> DAAR IS DD!!!
[07:35:55] <rawplayer> \o/
[07:36:02] *** ChanServ sets mode: +o rawplayer
[07:36:06] *** rawplayer changes topic to 'Welkom in #rawplayerwasjarig '
[07:36:09] *** rawplayer sets mode: -o rawplayer
[07:36:21] <Fiebel> volgend jaar weer
[07:36:21] <Fiebel> ggiigigih
[07:36:27] <rawplayer> mgiggihg
[07:38:10] <Fiebel> gighigig
[07:44:34] <Fiebel> ochochochochoch
[07:44:54] <Fiebel> was ik maar een beetje langer
[07:45:00] <Fiebel> was ik maar een basketballer
[07:45:06] <Fiebel> had ik maar een meisje
[07:45:08] <Fiebel> dat er goed uitzag
[07:45:10] <Fiebel> zoukdrbelle
[07:49:33] <Redhead> morrie
[07:49:43] <Fiebel> hareddie!
[07:49:44] <Fiebel> :***
[07:49:58] <Redhead> :****
[07:50:03] <Dubbeldrank> TE
[07:50:08] <Dubbeldrank> VROEG!
[07:50:09] <Redhead> DD
[07:50:17] <Fiebel> zef te vroeg
[07:50:18] <Redhead> :)
[07:50:19] <Dubbeldrank> hoi Redhead
[07:50:21] <Redhead> ja
[07:50:27] <Redhead> koffie!!
[07:50:36] <Dubbeldrank> lag er om 1 uur in en om 6:50 weer wakker
[07:52:06] <Redhead> juh hier ook
[08:27:33] <Fiebel> *O* ups
[08:47:04] <Fiebel> och
[08:47:05] <Fiebel> och
[08:47:06] <Fiebel> och
[08:47:06] *** Fiebel was kicked by Pandora (Stop repeating yourself!)
[08:47:06] *** Joins: Fiebel (PrincessCo@d77048.upc-d.chello.nl)
[08:47:09] <Fiebel> och
[08:47:13] <Fiebel> :|
[09:10:49] *** Quits: JJJ_ (none@5ED6C237.cm-7-7d.dynamic.ziggo.nl) (Ping timeout: 60 seconds)
[09:21:25] <Boots> Mogge
[09:21:57] *** Joins: Fem_LittleLady (Mibbit@a82-161-112-138.adsl.xs4all.nl)
[09:22:04] <Fem_LittleLady> Goedemorgen deze morgen
[09:22:32] *** Joins: Guyver2 (Guyver2@guyver2.xs4all.nl)
[09:22:58] *** Joins: jjj (none@5ED6C237.cm-7-7d.dynamic.ziggo.nl)
[09:23:06] <Fem_LittleLady> hoi
[09:26:05] <zovty> Hoi.
[09:26:40] <zovty> Och jongens wat is het koud.
[09:26:45] <zovty> Het lijkt wel herfst.
[09:26:53] <zovty> Lekker.
[09:26:56] <zovty> Weer stampotten eten.
[09:30:36] *** Joins: Lott (Lott@101-168-158-163.dynamic.caiway.nl)
[09:38:49] <Fiebel> WEET JIJ WEL
[09:38:59] <Fiebel> WELKE GROENTJES IN HET SEIZOEN ZIJN KLEINE zOVTY?
[09:39:45] <zovty> Ja.
[09:39:51] <Fiebel> goedzo
[09:39:56] <Fiebel> kleine groentekalender dat je ben
[09:40:00] <zovty> De seizoensgroenten zijn weer in het seizoen.
[09:40:11] <Fiebel> is ook
[09:40:12] <Fiebel> is ook zo
[09:40:14] <Fiebel> is ook gewoon zo
[09:40:40] <zovty> Ik heb een kleine mafkeespoes gevangen.
[09:40:44] <zovty> Kan nergens meer heen.
[09:40:53] <Fiebel> mgihghgiighigih
[09:40:54] <Fiebel> morzel dr!!
[09:41:06] <zovty> GRMPH
[09:41:23] <Fiebel> vannacht had ik een nachtmerrie
[09:41:30] <zovty> Och kindje toch.
[09:41:33] <Fiebel> dak een klein zwart poesje kwijt was :"
[09:41:34] <zovty> Waarover?
[09:41:34] <Fiebel> :|
[09:41:36] <zovty> Oh.
[09:41:51] <zovty> Maar die was er gewoon.
[09:41:51] <Fiebel> maar toen sprong er een lief klein zwart poesje druk priewend op mijn bed 
[09:41:58] <Fiebel> om mijn vingers lekker op te knagen
[09:42:01] <zovty> Lekker priewen.
[09:42:04] <Fiebel> net als zo een hulphond
[09:42:04] <zovty> Priewpriewpriew.
[09:42:06] <Fiebel> van de reclame
[09:42:14] <Fiebel> dat die soldaat zo een ptss nachtmerri heb
[09:42:25] <Fiebel> en die hond zo lekker in die soldaat zn gezicht slobbert
[09:42:27] <Fiebel> tottie wakker wordt
[09:42:33] <zovty> Ja.
[09:42:37] <Fiebel> dus nu ga ik dr inschrijven voor de hulphondenakkedemie
[09:42:40] <Fiebel> AHOOOOOOOOOOOOOOOOOOOOOOOY
[09:42:45] <Fiebel> ben ik dr lekker van af
[09:42:47] <Fiebel> want dat is 6 jaar intern
[09:42:48] <zovty> Hopsa!
[09:42:50] <zovty> Hahahahahahahaha.
[09:42:50] <Fiebel> *O*
[09:42:58] <Fiebel> net goed
[09:43:04] <zovty> En dan zo'n moordenaar krijgt dan zo'n beest thuis gestuurd.
[09:43:07] <zovty> Hahahahahahahhahaa
[09:43:11] <zovty> GA MAAR IN ZE GEZICHT LIKKEN!
[09:43:15] <zovty> Hahahahahhahahahaahahhahaha.
[09:43:17] <Fiebel> BOONTJE OM ZE LOONTJE
[09:43:35] <Fiebel> maar dan gaat ze wel lekker de krant halen voor hem ook
[09:43:35] <Fiebel> ofzo
[09:43:36] <Fiebel> denk ik
[09:43:37] <Fiebel> weet ik het
[09:43:45] <zovty> Dat zal wel niet.
[09:43:51] <Fiebel> nee
[09:43:51] <zovty> Ja, de krant van gisteren, of morgen.
[09:44:02] <zovty> Maar zeker niet de krant waar je wat aan zou hebben.
[09:44:05] <Fiebel> maar het zal toch geen training van 6 jaar zijn alleen om iemand in ze gezicht te slorberen?
[09:44:27] *** Quits: Fem_LittleLady (Mibbit@a82-161-112-138.adsl.xs4all.nl) (Exit)
[09:45:05] <Fiebel> ik ga mijn billen wassen
[09:45:10] *** Joins: SCHAPiE (dorian@dhcp-077-249-247-124.chello.nl)
[09:46:11] *** Joins: Andros (Andros@248.151-244-81.adsl-dyn.isp.belgacom.be)
[09:53:28] <Fiebel> ochochoch
[09:57:42] *** Quits: Lott (Lott@101-168-158-163.dynamic.caiway.nl) (Ping timeout: 67 seconds)
[10:22:35] <zovty> Ja.
[10:22:43] <Fiebel> is toch?
[10:22:47] <zovty> Ik vind van wel.
[10:22:52] <Fiebel> ja
[10:23:07] <zovty> Ik heb een smoefie op.
[10:23:17] <zovty> Och jongens ik was om half 9 al in de jumbo.
[10:23:19] <Fiebel> goe zo
[10:23:21] <zovty> Zo heerlijk rustig.
[10:23:25] <Fiebel> goed smoefies eten
[10:23:26] <zovty> Alleen jammer dat de app vastliep.
[10:23:33] <Fiebel> goed boodschapjes doen
[10:23:45] <zovty> Dat zelfscannen ben ik ook mee gestopt.
[10:23:50] <Fiebel> goed zo
[10:23:55] <zovty> Ik leek wel een wandelend adminstratiekantoor.
[10:24:01] <zovty> En me app voor me lijst, en die scanner.
[10:24:09] <Fiebel> hoe moet een mens dan duwen?
[10:24:23] <zovty> Ja.
[10:24:23] <zovty> Nou.
[10:24:29] <zovty> Dat is dus prusies me punt.
[10:24:39] <Fiebel> jatch
[10:24:42] <zovty> Wel veel vergeten.
[10:24:43] <Fiebel> ja toch
[10:24:43] <zovty> Kutapp.
[10:24:48] <Fiebel> WRAAAAAAAWR
[10:25:02] <zovty> En je kan niet op looproute sorteren.
[10:25:08] <Fiebel> pure armo
[10:25:09] <Fiebel> e
[10:25:10] <zovty> Dat vond ik zo leuk aan de appie.
[10:25:12] <zovty> Is toch.
[10:25:16] <Fiebel> ga je toch daarheen
[10:25:18] <Fiebel> ken jou het schelen
[10:25:23] <Fiebel> ochoch 
[10:25:23] <zovty> Mja.
[10:25:26] <Fiebel> zoveel leuke kleers
[10:25:28] <Fiebel> zoveell euke kleers
[10:25:40] <zovty> Ja, het blijft lastig.
[10:25:43] <Fiebel> i ook
[10:25:46] <Fiebel> is ook zo
[10:25:48] <Fiebel> is ook gewoon zo
[10:26:06] <zovty> Ik ga eens een leuk deuntje opzettn.
[10:26:19] <Fiebel> och heerlijk
[10:26:22] <Fiebel> lekker swingen
[10:26:22] <zovty> Ik begin met Justin, en dan snel weer over naar taylor.
[10:26:28] <Fiebel> och kind
[10:26:30] <Fiebel> ochodch
[10:26:33] <Fiebel> lekker swingen
[10:27:07] <Fiebel> ik zit een beetje met mijn goeddrinkelogistiek van vandaag
[10:27:12] <Fiebel> ik begin maar met snel 2 vaasjes
[10:27:19] <Fiebel> en dan bekijk ik het gewoon een beetje voor de rest van de dag denk ik
[10:27:58] <zovty> Zo is dat.
[10:28:25] <Fiebel> en dan heb ik na die 2 glaasjes nog wel een bakje troost verdiend
[10:29:05] <zovty> Zo is dat.
[10:29:45] <Fiebel> ik heb lekkere pilsjes gekocht
[10:29:57] <Fiebel> snog te vroeg he?
[10:30:07] <zovty> Laten we het aan esco vragen.
[10:30:15] <Fiebel> durf ik niet
[10:30:18] <zovty> als je echt dorst hebt.
[10:30:25] <Fiebel> lekker water drinken
[10:30:26] <Fiebel> zo heerlijk
[10:30:30] <Fiebel> zo dorstlessend
[10:30:32] <zovty> Niks zo lekker als water.
[10:30:44] <Fiebel> nou ja
[10:30:46] <Fiebel> kapsalon
[10:30:49] <Fiebel> met kebab
[10:31:07] <zovty> Och kind wat heerlijk.
[10:31:16] <Fiebel> lekker kebabsalon met water
[10:31:36] <zovty> Ik ben ook zo'n genial UX designer he.
[10:31:42] <Fiebel> ja?
[10:31:55] <Fiebel> die zijn nogal in popular demand toch
[10:32:02] <zovty> Als mijn thermometer succesvol de temperatuur heeft weggeschreven dan knippert het ledje 2 keer kort. Biepbiep.
[10:32:20] <Fiebel> waar staat ux voor/
[10:32:22] <zovty> Als er echter een fout optreedt dan wordt er boos geknipperd. BEEEP BEEEEP BEEEEP!
[10:32:25] <zovty> User experience.
[10:32:35] <Fiebel> en hoe is dit precies user experience design?
[10:32:36] <zovty> Het totaal aan userinterface en interactie enzo.
[10:33:18] <Fiebel> dat is net als wanneer je even snel melk gaat halen je een half uur verhaalt over je consumer experience
[10:33:39] <zovty> Eh, nee.
[10:33:46] <Fiebel> o
[10:33:47] <Fiebel> wwieov
[10:33:49] <Fiebel> nv!
[10:33:53] <zovty> Dbmw!
[10:34:02] <Fiebel> oo
[10:34:04] <zovty> Dhjmdgajnwwhog.
[10:34:13] <Fiebel> ylm
[10:34:32] <zovty> Ik weet toch neit wawt je zegt.
[10:34:38] <Fiebel> geeft toch niks
[10:37:42] <zovty> Och och och.
[10:37:47] <zovty> Je zal toch zo kunnen zingen he.
[10:38:02] <Fiebel> loeloeloeeeee
[10:38:09] <zovty> Ja.
[10:38:13] <zovty> Maar dan nog ff mooier.
[10:38:56] <Fiebel> klein beetje maar
[10:39:30] <zovty> !seen iemsand
[10:39:30] <digibot> zovty: I have not seen iemsand.
[10:39:38] <zovty> !seen iemandandersdan
[10:39:39] <digibot> zovty: I have not seen iemandandersdan.
[10:43:48] <Dubbeldrank> https://scontent.xx.fbcdn.net/v/t1.0-9/12821378_10154053809881979_5092809937409330803_n.png?oh=83da2b74e425db96f86cda10f4725767&oe=57AB07CE
[10:44:21] <Dubbeldrank> mooie spelfout ook
[10:44:40] <Boots> Doet me denken aan de familyguyaflevering die ik gisteren zag
[10:45:09] <Boots> Before Quagmire
[10:45:15] <Boots> After Quagmire
[10:46:02] <Dubbeldrank> poeh, zegt me even niets meer :o
[10:47:21] <Boots> Ik kijk een beetje veel Family Guy de laatste tijd
[10:47:33] <Boots> Dan ga ik referenties zien ofzo
[10:47:45] <Boots> Ik zoek een ander woord dan referenties
[10:48:07] <zovty> Verbanden.
[10:48:10] <zovty> Maar dan vooral die er niet zijn.
[10:49:01] <zovty> Dat heb ik in perioden dat ik veel porno kijk, helemaal verbaasd als het pizza meisje me eet smakelijk wenst en omdraait.
[10:49:13] <Fiebel> grappepikker
[10:49:22] <zovty> Ja.
[10:49:27] <Fiebel> THE ONE WITH ALL THE PORN
[10:49:31] <Spacecowboy> wat
[10:49:33] <Spacecowboy> porno?
[10:49:40] <zovty> Maar het is geen grap.
[10:50:03] <zovty> *clapclapclap*
[10:50:09] <zovty> Shake shake shake it of.
[10:50:12] <zovty> f.
[10:50:19] <zovty> !seen milkshake
[10:50:19] <digibot> zovty: milkshake was last seen in #fok 1d 0h 34m 24s ago: <milkshake> lekker selfcare saturday
[10:50:37] <Fiebel> klein poesje deed een kamikazeaanval op mijn gear
[10:50:55] <Dubbeldrank> 'gear'
[10:51:07] <zovty> Dr swag.
[10:51:10] <Dubbeldrank> ah
[10:51:19] <Dubbeldrank> noemt ze hem zo tegenwoordig?
[10:51:37] <Fiebel> (ik snap ze grap niet)
[10:51:49] <Fiebel> (bedoelt hij mijn vibrator?)
[10:51:58] <Dubbeldrank> zie je wel dat je hem snapt
[10:52:09] <Dubbeldrank> je bent niet gek
[10:52:14] <Dubbeldrank> nou ja, wel een beetje
[10:52:22] <Dubbeldrank> maar niet gevaarlijk
[10:52:24] <Fiebel> maar lekker gek
[10:52:26] <Fiebel> lekker pittig
[10:52:26] <Fiebel> gighiihghig
[10:52:31] <Dubbeldrank> ja, kort pittig kapsel erbij
[10:52:52] <Dubbeldrank> jammer dat de huishoudberus net geweest is dan
[10:53:28] <Spacecowboy> kak
[10:53:33] <Spacecowboy> ik ben mn telefoon kwijt
[10:53:40] <Dubbeldrank> bel jezelf
[10:53:45] <Dubbeldrank> oh wacht :D
[10:53:47] <Spacecowboy> kijk
[10:53:49] <Spacecowboy> die Dubbeldrank 
[10:53:51] <Spacecowboy> daar heb je wat aan
[10:54:00] <Dubbeldrank> :+
[10:54:19] <Spacecowboy> godver
[10:54:23] <Spacecowboy> zo geen zin in ook nu
[10:54:25] <Spacecowboy> ik heb een kater
[10:54:27] <Dubbeldrank> het wordt pas vreemd als m'butu opneemt
[10:54:35] <Spacecowboy> hahaha
[10:54:50] <Dubbeldrank> hoi Spacecowboy
[10:54:53] <Dubbeldrank> sup?
[10:54:57] <Spacecowboy> pfff
[10:54:59] <Spacecowboy> stuque
[10:55:04] <Dubbeldrank> hard gefeest?
[10:55:12] <Spacecowboy> bier gedronken
[10:55:14] <Spacecowboy> kut geroepen
[10:55:20] <Dubbeldrank> en nu gaer
[10:55:20] <Spacecowboy> haha
[10:55:26] <Spacecowboy> we moesten een bonnetje aftikken
[10:55:29] <Spacecowboy> niet normaal
[10:55:39] <Spacecowboy> 285 ofzo
[10:55:39] <Dubbeldrank> daar kon je wel wat kratjes voor halen?
[10:55:42] <Dubbeldrank> ah ja
[10:55:46] <Spacecowboy> met 5 man
[10:55:58] <Dubbeldrank> volgende keer kratjes halen en in het park gaan zitten ;)
[10:56:05] <Spacecowboy> ja dat kan ook
[10:56:18] <Spacecowboy> 285,39
[10:56:22] <Spacecowboy> en zo te zien heb ik geping
[10:56:22] <Spacecowboy> :D
[10:56:25] <Spacecowboy> gepind
[10:56:41] <Dubbeldrank> ah, je was zo dronken dat ze jou hebben laten betalen :D
[10:59:12] <Boots> Ja, verbanden.
[10:59:17] <Boots> En die zijn er wel.
[11:00:07] <Boots> Niet causaal, maar er zijn verbanden
[11:00:28] <Boots> Alleen al als je denkt een link te leggen is er een link
[11:00:52] <Boots> Niet altijd wat je denkt dat die is maar er is een link
[11:00:59] <zovty> Remember that tot de eerst volgende ruzie met je virendje om iets onlogisch.
[11:01:19] <Boots> Zijn er niet
[11:01:28] <zovty> Geen ruzies?
[11:01:37] <Boots> Niet onlogisch
[11:01:42] <zovty> :).
[11:01:58] <Boots> Ik verifieer dat
[11:02:12] <Boots> En wil het horen als het wel onlogisch is
[11:02:40] <Boots> Uit eigen onzekerheid denk ik vaak dat het onlogisch is
[11:02:42] <zovty> Ja, maar met de logica van "alleen als je denkt dat er een link is dan is er een link" kun je alles wel logisch maken.
[11:02:54] <Boots> Nouja daarom verifieer ik
[11:03:05] <Boots> Dat ik niet zelf zeg dat ik superpuperduperlogisch doe
[11:03:35] <Boots> Ik maak heel vaak geen sense
[11:03:41] <Boots> Maar dan weet ik dat ook zelf
[11:03:47] <zovty> Dat scheelt.
[11:05:34] <Spacecowboy> BLT
[11:05:35] <Spacecowboy> O+
[11:07:29] <Dubbeldrank> BACON!
[11:14:40] <Fiebel> ik haat vroeg wakker zijn
[11:14:46] <Fiebel> dan ben je wel zo'n beetje klaar weer emt de dag
[11:14:49] <Fiebel> is het 11.14 :')
[11:18:45] *** Joins: Lott (Lott@101-168-158-163.dynamic.caiway.nl)
[11:21:10] *** Quits: Guyver2 (Guyver2@guyver2.xs4all.nl) (Exit)
[11:26:38] <Boots> Herkenbaar
[11:26:52] *** Joins: Guest (textual@76-14-185-84.wsac.wavecable.com)
[11:27:01] *** Guest is now known as milkshake
[11:27:02] <Boots> En dan rond 21 weer een opleving ofzo
[11:27:04] <milkshake> ooooooooohhhhh
[11:27:08] <milkshake> zijn we hoor 
[11:27:09] <milkshake> ghighgihighighighg
[11:27:17] <Fiebel> oooooooooooooooooooooooooooooooooooooooooooooooooooooooooooooooooooooooooooooooooooooooooooh
[11:27:19] <milkshake> rauwpie was jarig?
[11:27:21] <Fiebel> milkyyyyyyyyyyyyyyyyyyyyyyyyyyyyyyyyyyyy
[11:27:21] <Fiebel> ja
[11:27:24] <Fiebel> wassie
[11:27:24] <Fiebel> wassie
[11:27:29] <Fiebel> weer een jaartje wijzer
[11:27:34] <Fiebel> weer een jaartje knapper
[11:27:36] <Fiebel> gigiighhigihghigihghighgih
[11:29:10] *** Joins: Jeroen (Jeroen@ip82-139-124-155.lijbrandt.net)
[11:29:20] <milkshake> hgighighighighighighighg
[11:29:21] <milkshake> ja hoor 
[11:29:24] <milkshake> mooi voor hem 
[11:30:05] <Fiebel> en voor ons he
[11:30:08] <Fiebel> wij mogen ons laven
[11:30:10] <Fiebel> aan zijn shine
[11:30:10] <Fiebel> ghigihggi
[11:32:43] <Boots> Lasagna als ontbijt :9
[11:33:03] <Boots> Alsof ik 5 jaar terug in de tijd leef
[11:33:14] <Fiebel> nomnomnom
[11:33:35] *** Quits: Etienne (EtienneM@541F7E72.cm-5-8b.dynamic.ziggo.nl) (Ping timeout: 67 seconds)
[11:33:43] <zovty> Ik heb lekker worsies met champies en eitjes.
[11:33:48] <Boots> Toen deed ik een avond en een ochtend met 1 schaal
[11:36:01] <Jeroen> ik heb zo een stokbrood met kruidenboter en zongedroogde tomaten
[11:36:03] <Jeroen> hoop ik
[11:39:51] <Boots> Met een beetje pech is het kasgedroogd?
[11:40:35] <milkshake> hoe is het met boots?
[11:41:08] <Jeroen> precies Boots :p
[11:42:20] *** Joins: Etienne (EtienneM@541F7E72.cm-5-8b.dynamic.ziggo.nl)
[11:43:19] <Boots> Wel oke
[11:44:27] <Boots> Relatief aan hoe het eerder ging is dat altijd bij mij
[11:44:31] <Boots> Dus nog steeds ruk :P
[11:45:34] <Boots> Lente gaat wel goede dingen doen voor mij
[11:46:16] <Jeroen> de lente is toch al even bezig :p
[11:46:32] <Boots> Ja het duurt even...
[11:46:42] <Boots> Meer zon en warmte bedoel ik
[11:46:50] <Boots> Eerst moet ik wennen aan het felle licht
[11:46:56] <Boots> En de temperatuurverandering
[11:47:00] <Boots> En geluidsverandering
[11:47:03] <Boots> En meer snotteren
[11:47:05] <Boots> etc etc
[11:55:46] <Boots> Oké, mogelijk bedoel ik meer de zomer
[11:56:50] <Boots> Transities duren lang
[11:56:56] <Boots> Monologen met Boots
[11:57:46] <Fiebel> #bootsmonologen
[11:58:18] <Jeroen> #debootsfiles
[11:58:45] <Jeroen> Overdag is zijn een gewone jongevrouw, maar 's nachts verandert Boots in een ware chatmaniak.
[11:58:46] <Boots> Ik heb echt geen idee wat te doen deze zomer
[11:58:50] <Boots> hehehe
[11:58:55] <Jeroen> -n
[11:59:01] <Boots> Gewone
[11:59:24] <Boots> Vraag me af of iemand me zo ooit genoemd heedt
[11:59:25] <Boots> f
[12:00:13] <Fiebel> En toch staat het voor Vestering vast. Het huidige attractiepark, dat vorig jaar nog vrolijk zijn 50-jarig bestaan vierde, is 'binnen 5 jaar' verleden tijd. En de dolfijnenshows? Die halen het einde van het jaar niet eens. ,,Nog in 2016 zal de politiek er een einde aan maken. Of het kabinet neemt zelf het initiatief. Of de Kamer dwingt de regering ertoe.''
[12:01:59] <Boots> Dolfijnen
[12:02:03] <Boots> Zie, weer een link
[12:04:11] <Boots> Ik heb wel zin in een dagje pretpark
[12:05:22] <Fiebel> en er was licht
[12:05:28] <Fiebel> en pep zag dat het goed was
[12:06:12] <Boots> Is ze dood?
[12:06:21] <Jeroen> zo slecht was het bij het dolfinarium toch helemaal niet?
[12:06:48] <Jeroen> 't is ook altijd wat met die hippies
[12:06:57] <Fiebel> ach kom op
[12:08:30] <Jeroen> motte kome dan
[12:08:42] <Fiebel> ik vind dat zo achterhaald
[12:09:46] <Jeroen> wat
[12:09:55] <Spacecowboy> [11:58:45]  <Jeroen>	Overdag is zijn een gewone jongevrouw, maar 's nachts verandert Boots in een ware chatmaniak.
[12:10:00] <Spacecowboy> JAMBERS
[12:10:05] <Spacecowboy> 30 JAAR LATER
[12:10:08] <Jeroen> hij's blijkbaar weer op tv ja
[12:10:17] <Spacecowboy> ja ik zag 'm van de week voorbijkomen
[12:10:23] <Spacecowboy> of tijdje terug
[12:42:46] <wirky> Marc Marieieie
[12:43:37] <Fiebel> marc marie is mijn spirit animal
[12:43:38] <Fiebel> gihghighighig
[12:56:20] *** Joins: Stuiterbal (Stuit@2001:980:5281:1:7ddd:d51a:b3aa:6d4c)
[12:57:33] <milkshake> ghighigh mijne ook 
[12:57:37] <milkshake> das een mooierd
[12:57:42] <Fiebel> ghighighighigihhgiihgihgigihghihgihighg
[12:57:44] <Fiebel> ooooooooooooooooooooooooooooooooooooooh
[12:57:49] <Fiebel> jij bent ook mijn spirit animal
[12:57:50] <Fiebel> allee hotter
[12:57:52] <Fiebel> gighighighihgiihgihgghighighghighhgighiihg
[12:58:11] <Fiebel> wij zijn een spirit animal threesome
[12:58:11] <Fiebel> gihghigihhighighighighi
[12:58:17] <Stuiterbal> ...
[12:58:49] *** Quits: Lott (Lott@101-168-158-163.dynamic.caiway.nl) (Ping timeout: 60 seconds)
[13:23:19] <Escovan> !seen SJ
[13:23:20] <digibot> Escovan: SJ was last seen in #fok 22h 47m 8s ago: <SJ> joh, niet zo dramatisch
[13:27:22] *** Joins: Metalfrost (Metalfrost@46.166.188.212)
[13:27:40] <Metalfrost> hoj liefu mensu
[13:47:58] *** Quits: pvdz (pvdz@55-201-ftth.onsbrabantnet.nl) (Exit)
[13:59:26] *** Quits: Fiebel (PrincessCo@d77048.upc-d.chello.nl) (Exit)
[14:13:11] *** Quits: Metalfrost (Metalfrost@46.166.188.212) (Exit)
[14:15:16] *** Quits: Andros (Andros@248.151-244-81.adsl-dyn.isp.belgacom.be) (Ping timeout: 69 seconds)
[14:24:06] <zovty> ..
[14:24:07] <zovty> ls
[14:24:11] <zovty> o
[14:24:50] *** Quits: TooL (x@ip172-92-210-87.adsl2.static.versatel.nl) (Exit)
[14:32:58] *** Joins: TooL (x@ip172-92-210-87.adsl2.static.versatel.nl)
[14:49:45] <wirky> Als je een wit scherm hebt en je beweegt je muis komt alles weer tevoorschijn kennen jullie dat
[14:49:48] <wirky> sup
[14:49:49] <wirky> sup
[14:49:51] <wirky> zup
[14:58:43] <wirky> mijk ouwe gekke mooie jihaadkantoorleidinggevende
[14:58:58] <Stuiterbal> ^ fail
[14:59:12] <wirky> sup Stuiterbals
[15:18:36] *** Quits: Teckna (jonathan@52487D74.cm-4-1b.dynamic.ziggo.nl) (Ping timeout: 61 seconds)
[15:21:54] *** Joins: Pietitie (Pietitie@807f2dcb.ftth.concepts.nl)
[15:22:55] *** Quits: Pietitie (Pietitie@807f2dcb.ftth.concepts.nl) (Client exited)
[15:24:02] *** Joins: Teckna (jonathan@52487D74.cm-4-1b.dynamic.ziggo.nl)
[15:25:15] <s0fi3> hello
[15:25:23] <s0fi3> !seen fiebel
[15:25:25] <digibot> s0fi3: fiebel was last seen in #fok 2h 27m 11s ago: <Fiebel> gihghigihhighighighighi
[15:33:55] *** Quits: Teckna (jonathan@52487D74.cm-4-1b.dynamic.ziggo.nl) (Ping timeout: 66 seconds)
[15:35:09] *** Joins: Teckna (jonathan@52487D74.cm-4-1b.dynamic.ziggo.nl)
[15:50:18] *** Quits: Teckna (jonathan@52487D74.cm-4-1b.dynamic.ziggo.nl) (Ping timeout: 68 seconds)
[16:02:29] *** Joins: Teckna (jonathan@52487D74.cm-4-1b.dynamic.ziggo.nl)
[16:30:43] *** Quits: Jeroen (Jeroen@ip82-139-124-155.lijbrandt.net) (Exit)
[16:44:38] <Redhead> ole
[16:45:14] <Boots> ola
[16:45:41] * Stuiterbal blaast nu Village People - In the Navy door speakers.
[16:45:47] <Redhead> hoe is t met Boots ?
[16:46:38] <Boots> Saai
[16:47:00] <Boots> Begint het beetje lekker weer te worden, heb ik nog stees geen leven :P
[16:48:51] <Stuiterbal> Daar had je toch je bf voor.
[16:49:20] <Boots> Ja nee zo werkt dat niet
[16:49:40] <Redhead> mja ,energoeloos sucks gewoon 
[16:49:43] <Redhead> .
[16:50:08] *** Quits: Teckna (jonathan@52487D74.cm-4-1b.dynamic.ziggo.nl) (Ping timeout: 67 seconds)
[16:50:27] <Redhead> heb je al n datum voor verhuizen ?
[16:50:47] <Stuiterbal> Gewoon weer wat drugs erin.
[16:50:52] <Stuiterbal> En weer een topdag.
[16:51:42] <Boots> Nope, stagneert
[16:52:05] <Boots> Alle muren zijn gedaan maar er moeten nog dingen gelakt worden (plinten e.d.) 
[16:52:25] <Boots> Heb al wel iemand voor het leggen van laminaat, maar die kan pas aan de gang als dat gedaan is
[16:52:33] <Boots> En de muurschilderaar haakt af
[16:54:18] <Redhead> oh , laminaat :?
[16:54:30] <Redhead> brrrr
[16:55:37] <Boots> Tja
[16:55:44] <Boots> Ik wilde houten vloer maar dat is nog meer werk
[16:56:24] <Boots> Als ik nou alles zelf kon enzo..
[16:56:31] <Boots> Dan was die er wel gekomen
[16:56:38] <Boots> Maar goed dat is rare hypothese
[16:57:54] <Redhead> geduld oefening ...
[16:58:20] <Boots> Is het nu al ;)
[16:58:26] <Redhead> ja bedoel ik
[16:58:28] <Boots> Ik vind het niet nodig om dingen mezelf extra moeilijk te maken
[16:58:29] <Redhead> :)
[17:01:29] <Boots> Maar ja dat is het altijd dus ook beetje een dooddoener he
[17:02:44] <Redhead> t is gewoon goed dat je de gelegenheid hebt om te wachten ook
[17:03:10] <Redhead> mijn verhuizingen zien er meestal anders uit ;) 
[17:03:27] <Redhead> hop hop en dan in de zooi opknappen ;)
[17:03:33] <Redhead> hehe
[17:03:41] <Redhead> dus och t is nooit perfect 
[17:04:10] <Boots> Mja gelegenheid... we hebben nu wel dubbele huur he
[17:04:20] <Boots> En ik zit in de troep hier, kan ik ook slecht tegen
[17:04:25] <Boots> Ja ook oefening maar dat is het ook al jaren :P
[17:04:45] <Boots> Verder overhaast ik niks imo
[17:04:54] <Boots> Zouden vandaag wat proberen te doen (dat lakken dan maar zelf doen)
[17:04:56] <Redhead> leven blijft een grote oefening jonge
[17:05:42] <Boots> Maar had 'r een heel slecht geslapen van m'n gesnuit dus dan zeg ik oke sure blijven we thuis als je meer rust nodig hebt
[17:05:43] <Redhead> muren schilderen kan je vriend toch wel of nie ?
[17:05:57] <Boots> Heeft 'ie nog nooit gedaan, maar muren is dus al gedaan
[17:06:03] <Boots> En hij heeft beginnetje gemaakt met lakken
[17:06:09] <Boots> Maar zouden we dus samen vandaag aan verder, maar ging niet
[17:06:24] <Redhead> ik had m al erop uit gestuurd
[17:06:28] <Redhead> lakken jonge!!
[17:06:30] <Redhead> hihihihi
[17:06:44] <Boots> Ja en dan een kapot vriendje hebben
[17:06:46] <Boots> Echt heel handig
[17:06:46] <Boots> :P
[17:06:58] <Boots> Je zegt zelf geduld he
[17:07:24] *** Quits: SCHAPiE (dorian@dhcp-077-249-247-124.chello.nl) (Exit)
[17:07:38] <Redhead> heeft ie ook wat met zn gezondheid gaande ?
[17:08:21] <Boots> Gewoon ook stressgevoelig
[17:08:33] <Redhead> oh
[17:10:29] <Boots> Kan ie mij ook wel gaan pushen van joh jij hebt hele dag rust zit hele dag thuis
[17:10:34] <Boots> Maar dat is ook niet eerlijk he
[17:10:47] <Boots> Met 40u werken en verhuisdingen regelen en voor mij zorgen is t best zwaar
[17:11:11] <Redhead> nee jou pushen gaat uberhaupt niet.
[17:11:19] <Boots> Nee andersom ook niet
[17:11:24] <Redhead> en ja is niet easy
[17:11:36] <Boots> iig nu niet handig om uit te testen
[17:11:45] <Redhead> hihi nee 
[17:12:23] <Boots> Nouja.. al gebeurd ook trouwens
[17:12:24] <Boots> mgoed
[17:13:12] *** Joins: Teckna (jonathan@52487D74.cm-4-1b.dynamic.ziggo.nl)
[17:13:14] <Redhead> watvoor werk doet ie ?
[17:13:40] <Boots> Netwerkbeheer
[17:14:15] <Boots> Grote klus gaande dus extra druk op t moment
[17:14:29] <Redhead> ah , ook dat nog...
[17:15:25] <Boots> Mja ach
[17:15:31] *** Joins: SCHAPiE (dorian@dhcp-077-249-247-124.chello.nl)
[17:15:47] <Boots> Met beetje goed plannen wel wat extra vrij te krijgen mgoed
[17:17:03] * Redhead duimt
[17:17:17] <Boots> Ja komt wel goed hoor
[17:17:23] <Boots> Belangrijk dat ik goed voor mezelf blijf zorgen zover mogelijk
[17:17:27] <Redhead> nu ff foets , vroem vroem met de scoot
[17:17:35] <Redhead> tot laters! knufske drbij*
[17:17:55] <Boots> ok doei
[17:18:13] <Boots> #thebootsfiles
[17:20:17] <Stuiterbal> Voor in het dossier.
[17:20:25] <Boots> Logboek voor zovty
[17:20:59] <Boots> zovty was t toch die telkens iets noteerde
[17:21:00] <Boots> :P
[17:21:10] <zovty> Ja.
[17:22:03] <Boots> Hoeveel pagina's heb je al?
[17:22:08] <Boots> bytes w/e
[17:23:52] <wirky> Ow de pr8ige wonderen der natuur
[17:24:23] <wirky> zat ik naar een reiger te kijken die brood at uit t bassin hier waar ik brood ingooide
[17:24:44] <wirky> komt ie naar me toe
[17:24:50] <wirky> met ze vrienden
[17:24:57] <wirky> grote bek dit dat
[17:25:46] <wirky> al t brood moeten afstaan
[17:25:47] <Boots> BROOD?! Gisteren waren het nog crackers!
[17:27:41] <wirky> gansterdieren
[17:28:47] <Boots> Ik zag van de week een filmpje met een kerel die duiven op schoot had enzo
[17:28:55] <Boots> Awesome shit is dat
[17:29:59] <wirky> vanacht zag ik nog een vos lopen beneden verderop en 1 van mijn 2 katten die wel naar buiten gaat stond ook naar dat dier te kijken
[17:30:11] <wirky> vossen zijn ook lijpe beesten hoor
[17:30:18] <wirky> of mooi dan
[17:30:22] <Boots> Ik vind plaatjes ervan leuk
[17:30:30] <Boots> Weet verder weinig van de beesten zelf
[17:31:34] <wirky> meen dat t n8dieren zijn
[17:32:09] <Boots> Wat ik wel mooi vond is hertjes of reeen wat waren 't
[17:32:19] <wirky> en in de volksmond zeggen ze dat t een kruising tussen een katachtige en een hond is
[17:32:25] <Boots> Diep in de nacht op de scooter naar huis tuffen
[17:32:32] <Boots> En dan zo'n beestje zien
[17:34:21] <Boots> Hier hebben de buren vogels in kooitje
[17:34:25] <Boots> Ik vind vogels best tof
[17:34:28] <Boots> Maar ik zie ze neit, hoor alleen
[17:35:13] <Boots> Dan probeer ik op te maken of ze relaxed zijn of gestresst ofzo
[17:35:23] <Boots> Maar het klinkt nogal schel door de muur heen dus het doet gauw au
[17:36:29] <wirky> is beetje natuurgebied hier vlakbij duinen bos en zee dus hier komt veel 
[17:37:18] <wirky> denk gauw schatting zon 40 - 60 soorten
[17:37:48] <wirky> zelfs was er een keer een vrouwtjes pauw
[17:38:25] <wirky> fokkin heet in de zomer stond die daar dus ik foto s nemen maar veel licht dus geen mooie fotos
[17:38:55] <wirky> als er water in de buurt is is er meestal ook veel vogelvolk
[17:39:03] <wirky> en bomen en beschutting
[17:39:12] <wirky> en hoe meer rust hoe meer variatie
[17:39:20] <Boots> Er zijn van die stiltezones
[17:40:11] <wirky> maar afgelopen week zag ik ook donker gele vlinders
[17:40:22] <Boots> https://nl.wikipedia.org/wiki/Stiltegebied
[17:40:23] <digibot> Title: Stiltegebied - Wikipedia (at nl.wikipedia.org)
[17:40:26] <wirky> had ik echt nog nooit gezien wel witte en vosjes
[17:41:58] <wirky> weinig plaatsen stiltegebied
[17:42:38] <Boots> juh
[17:43:11] <wirky> mogen ze ook wel stedelijk doorvoeren
[17:43:36] <wirky> die hele stedebouw is fukket up
[17:44:37] <Boots> Teveel stedenbouw bedoel je?
[17:45:35] <wirky> ja en te dichtbevolkt
[17:46:15] <wirky> als ze t netjes spreiden creert dat ook weer werkgelegenheid 
[17:46:19] *** Joins: Jeroen (Jeroen@54188FF8.cm-5-1c.dynamic.ziggo.nl)
[17:46:41] <wirky> google machines op de weg
[17:52:16] *** Quits: Jeroen (Jeroen@54188FF8.cm-5-1c.dynamic.ziggo.nl) (Ping timeout: 66 seconds)
[17:53:51] *** Joins: Jeroen (Jeroen@54188FF8.cm-5-1c.dynamic.ziggo.nl)
[18:48:10] *** Joins: Fem_LittleLady (Mibbit@a82-161-112-138.adsl.xs4all.nl)
[18:48:55] <Fem_LittleLady> Hoi hoi
[18:50:03] *** Quits: Teckna (jonathan@52487D74.cm-4-1b.dynamic.ziggo.nl) (Ping timeout: 66 seconds)
[18:51:45] *** Joins: Teckna (jonathan@52487D74.cm-4-1b.dynamic.ziggo.nl)
[18:56:39] *** Joins: Teckna1 (jonathan@52487D74.cm-4-1b.dynamic.ziggo.nl)
[18:57:13] *** Quits: Teckna (jonathan@52487D74.cm-4-1b.dynamic.ziggo.nl) (Ping timeout: 68 seconds)
[18:58:50] <wirky> sup Fem_LittleLady
[18:59:07] <Fem_LittleLady> Hoii, ja goed en met jou dan?
[18:59:16] <wirky> slecht 
[18:59:28] <wirky> bijkomen van fietsen
[18:59:38] <wirky> kannix meer
[18:59:50] *** Quits: Teckna1 (jonathan@52487D74.cm-4-1b.dynamic.ziggo.nl) (Ping timeout: 60 seconds)
[19:01:27] <Fem_LittleLady> oCH DAS JA DRAMA
[19:01:30] <Fem_LittleLady> oeps
[19:02:01] <Fem_LittleLady> Moet straks de spanningszoeker zoeken, zou niet weten waar ik die heb neergelegd
[19:02:27] *** Joins: Teckna (jonathan@52487D74.cm-4-1b.dynamic.ziggo.nl)
[19:03:52] *** Quits: Teckna (jonathan@52487D74.cm-4-1b.dynamic.ziggo.nl) (Ping timeout: 60 seconds)
[19:11:34] <zovty> Ze zouden een spanningzoekerzoeker moeten uitvinden.
[19:11:46] <Fem_LittleLady> Echt wel
[19:12:23] <Fem_LittleLady> Heb draadje gespannen om de katten aan deze kant te houden
[19:12:26] <zovty> Mijn vader zou zeggen: die is er ook, dat heet een gereedschapskist. als je hem daar in terugstopt als je hem hebt gebruikt hoef je nooit meer te zoeken.
[19:12:48] <Fem_LittleLady> maar hij geeft geen pats
[19:12:54] <zovty> Wat voor draadje?
[19:14:27] <Fem_LittleLady> Een stroomdraadje
[19:14:52] <Fem_LittleLady> Over de schutting, om die van mij binnen de tuin te houden en de vreemde katten buiten de tuin
[19:21:15] <Redhead> re ole!
[19:24:10] <Fem_LittleLady> Hoi Redhead
[19:24:15] <Redhead> oi fem
[19:24:31] <Redhead> k heb ff hollandsch winkeltje geplunderd
[19:26:27] <Fem_LittleLady> Beter beter
[19:26:31] <Fem_LittleLady> Ik de kringloop
[19:29:15] <Fem_LittleLady> Wat heb je gekocht?
[19:31:12] *** Joins: Teckna (jonathan@52487D74.cm-4-1b.dynamic.ziggo.nl)
[19:32:28] <Redhead> nee supermarktje
[19:33:02] <Redhead> allemaal asia spul en ontbijtkoek 
[19:33:06] <Redhead> en italianos
[19:33:10] <Redhead> heuh!
[19:33:22] <Redhead> heb ik denk ik wel 20 jaar nie gehad
[19:36:57] <Fem_LittleLady> Okee leuk toch
[19:37:20] <Fem_LittleLady> Italianos zijn toch van die harde snoepjes
[19:37:29] <Fem_LittleLady> met dropsmaak dacht ik
[19:40:11] <Escovan> de wereldleiders zijn bezig een new world order te creëren, hou ijdel dat voornemen ook is, gezien het toren van Babel effect dat zal volgen. Mensen kunnen niet in al te grote groepen georganiseerd worden zonder verzet. ¨The people chose to leave the world divided¨ - The Animatrix
[19:40:59] <Jeroen> wat
[19:41:07] <Stuiterbal> wat
[19:41:28] *** Joins: Fe2O3 (Fe2O3@h70248.upc-h.chello.nl)
[19:41:28] *** ChanServ sets mode: +o Fe2O3
[19:41:39] <Escovan> ja, ik heb gemerkt dat het toch niet uitmaakt wat ik zeg of ik word voor gek verklaard, dus dan ¨anything goes¨
[19:41:48] <Jeroen> wat
[19:42:26] <Escovan> https://www.youtube.com/watch?v=FcoQXC23krI
[19:42:28] <Stuiterbal> Laten we het er maar op houden dat je ijlt door je wajong-medicijnen en je alcoholisme.
[19:42:28] <digibot> Title: Baby goat meets Pulp Fiction - say what one more time! - YouTube (at www.youtube.com)
[19:43:45] <Escovan> Ik ben geen alcoholist. Ik drink veel. Note the difference. Maar ik kan altijd later nog upgraden natuurlijk.
[19:43:54] <Stuiterbal> lol
[19:43:56] <Stuiterbal> Jeroen :D
[19:44:36] <Escovan> Vandaag: Net 3e biertje gepakt. Als ik ergens nuchter moet zijn, ben ik dat.
[19:44:42] <Jeroen> je bent geen alcoholist, je hebt het gewoon nodig?
[19:45:55] <Escovan> Nee, op mijn DSM-status staat: ¨Alcohol misbruik¨ omdat ik regelmatig meer dan 3 glazen drink er staat NIET ¨Alcohol Afhankelijkheid¨ wat een andere diagnose is.
[19:46:27] <zovty> Dan is het goed.
[19:47:40] <Jeroen> maar je pakt het ook verkeerd aan https://www.youtube.com/watch?v=wJmSGx8AKqI
[19:47:41] <digibot> Title: Business Drunk - YouTube (at www.youtube.com)
[19:48:06] <Redhead> lol Escovan 
[19:48:15] <Redhead> denial is common
[19:48:17] <Redhead> ;)
[19:48:26] <Stuiterbal> Niks aan de hand, idd
[19:48:32] <Redhead> daarom
[19:48:51] <Redhead> #care hoog 9
[19:50:32] <Escovan> Ik vertel gewoon de feiten. Als ik wel alcohol afhankelijk ben zal ik dat ook melden. Maar ik heb net 9 maanden reclasseringstoezicht gehad waar ik nuchter moest verschijnen, en dat is elke keer gelukt. Voor de rest: Ik ben te min voor deze maatschappij ofzo, dus wat de fuck zal ik geven dat ik halve dagen lam ben.
[19:51:09] <Stuiterbal> [19:50] <Escovan> Ik ben te min voor deze maatschappij
[19:51:11] <Stuiterbal> +1
[19:51:15] <Redhead> als niet jij dan niemand ook meteen
[19:51:18] <Redhead> simpel zat
[19:52:05] <Redhead> en als men al trots is dat men op momenten nuchter kan zijn is gewoon zwaar in denial alleen omdat t op n rapportje staat
[19:52:11] <Redhead> ook simpel zat
[19:53:11] <Escovan> GOED REDHEAD. Ik ben fucking alcoholjunk, ik steel er voor en ik injecteer het direct in mijn slagader. NOU GOED!
[19:53:43] <Stuiterbal> \o_
[19:53:50] <Stuiterbal> Now look what you did, Redhead
[19:53:52] <Fem_LittleLady> :/
[19:53:53] <Jeroen> Escovan
[19:53:55] <Jeroen> ga eens van irc af
[19:54:13] *** Parts: Escovan (Escovan@107.6.175.170) ()
[21:24:37] *** Joins: Escovan (Escovan@107.6.175.170)
[21:24:42] * Escovan is now listening to: Teske - Rewritten
[21:28:02] *** Joins: Fiebel (PrincessCo@d77048.upc-d.chello.nl)
[21:28:08] <Fiebel> kbener
[21:28:13] <Escovan> oh wat fijn!
[21:28:20] <Escovan> dat jij er bent!
[21:28:21] <Fiebel> bedant
[21:28:55] <Escovan> Je mag best de bot triggeren hoor
[21:29:07] <Escovan> Scheelt mij comments die ik ook meen ;)
[21:29:27] <Fiebel> ghgihgihgi
[21:37:27] *** Joins: Teckna (jonathan@52487D74.cm-4-1b.dynamic.ziggo.nl)
[21:41:04] <Redhead> fiebelsie , eten bijna klaar!!
[21:41:47] <Redhead> ah heb je ook weer ff doorgeAADEMd Escovan :)
[21:47:23] <Escovan> tis goed Redhead, jij mag denken wat je denkt, ik ken mezelf zoals ik mezelf ken.
[21:48:28] <Stuiterbal> Lekker stoken met Redhead.
[21:50:25] <zovty> Hoi.
[21:51:48] * Stuiterbal blaast nu The Chemical Brothers - Let Us Build A City door speakers.
[21:52:15] <zovty> welke speakers?
[21:52:22] * Escovan luistert mee
[21:52:26] <Stuiterbal> Logitech Z-5300
[21:52:36] <Stuiterbal> Antiek
[21:52:57] * Escovan heeft de Z-5500 ... ook inmiddels antiek
[21:53:02] <zovty> Als het blaast dan blaast het.
[21:53:37] <Redhead> ik geef ook maar commentaar die in me op komt Escovan  , je kan je op je tenen getrapt voelen maar je blaat zelf die shizz t kanaal in
[21:53:46] <Redhead> dan kun je ook comment verwachten af en toe eh
[21:53:55] <Escovan> true
[21:53:58] <Redhead> en of men die leuk vind of niet , thats so
[21:54:27] * Redhead luistert weer s n keer pinguin radio , al lang niet gedaan
[21:54:32] <Redhead> tot nu nice nice
[21:54:47] <Escovan> Maar het is ook jou keuze om expres op mijn lange teentjes te gaan staan. Tis inmiddels algemeen bekend dat ik niet veel incasseringsvermogen heb.
[21:54:47] <Redhead> Stuiterbal: en nee helemaal geen gestook
[21:54:51] <zovty> !seen chasingrainbows
[21:54:51] <digibot> zovty: chasingrainbows was last seen in #fok 1w 3d 4h 21m 9s ago: <chasingrainbows> dit gaat weer nergens over
[21:55:01] <zovty> Dat is toch al lang geleden he.
[21:55:02] <Redhead> jij bent n stokert dus lekker reflectie Stuiterbal 
[21:55:04] <Redhead> haha
[21:55:09] <zovty> Zou ze vermoord zijn door d'r date?
[21:55:23] <Redhead> Escovan: ik meen wat ik tikte
[21:55:35] <Escovan> ik ook :)
[21:55:38] <Redhead> en dat is mijn mening , of je dat leuk vind of niet
[21:55:43] <Redhead> so it
[21:55:45] <Redhead> :)
[21:56:04] <zovty> En je weet het; meningen zijn als konten; iedereen heeft er een.
[21:56:17] <Redhead> hoppa
[21:56:19] <Redhead> :)
[21:56:37] <Dubbeldrank> zovty heeft een hangkont
[21:56:46] <Redhead> DD heeft nbolkont
[21:56:53] <Dubbeldrank> :P
[21:56:54] <Redhead> ff petsje op doe *
[21:56:55] <zovty> Komt door m'n trollmening.
[21:57:03] <Dubbeldrank> trololol
[21:57:16] <Redhead> ewoon platgezten
[21:57:17] <Redhead> ;)
[21:57:20] <Redhead> +g
[21:57:26] <Redhead> *G*
[21:57:31] <zovty> +e voor de volledigheid.
[21:57:40] <Redhead> juh
[21:57:45] <Dubbeldrank> http://speld.nl/2016/04/23/oeps-cake-begraven-lijk-bij-de-koffie/
[21:57:46] <Redhead> nie eens gezien
[21:57:47] <digibot> Title: Oeps! Cake begraven, lijk bij de koffie - De Speld (at speld.nl)
[21:59:57] <zovty> gekke speld.
[22:10:00] * Dubbeldrank luistert naar Moby – Feeling So Real
[22:10:02] <Dubbeldrank> o/
[22:18:01] *** Joins: Teckna1 (jonathan@52487D74.cm-4-1b.dynamic.ziggo.nl)
[22:18:01] *** Quits: Teckna (jonathan@52487D74.cm-4-1b.dynamic.ziggo.nl) (Connection reset by peer)
[22:27:30] *** Joins: Guyver2 (Guyver2@guyver2.xs4all.nl)
[22:46:37] *** Quits: Fiebel (PrincessCo@d77048.upc-d.chello.nl) (Ping timeout: 67 seconds)
[22:46:47] *** Joins: Fiebel (PrincessCo@d77048.upc-d.chello.nl)
[22:47:47] *** Quits: SCHAPiE (dorian@dhcp-077-249-247-124.chello.nl) (Exit)
[22:48:10] *** Joins: SCHAPiE (dorian@dhcp-077-249-247-124.chello.nl)
[22:51:02] *** tozzert is now known as tozzniehiernie
[22:52:03] *** tozzniehiernie is now known as tozzert
[22:53:04] *** Quits: SCHAPiE (dorian@dhcp-077-249-247-124.chello.nl) (Ping timeout: 67 seconds)
[22:58:00] *** Quits: coreblink (coreblink@145.132.131.160) (Ping timeout: 60 seconds)
[22:58:36] *** Joins: coreblink (coreblink@145.132.131.160)
[23:08:46] *** Joins: SCHAPiE (dorian@dhcp-077-249-247-124.chello.nl)
[23:19:11] <nomadz> welke lamzak heeft me gehighlight
[23:29:11] *** Quits: wirky (werken@ip503c7f23.speed.planet.nl) (Ping timeout: 60 seconds)
[23:54:19] *** Joins: Fokker_4372 (Mibbit@ip4da11d40.direct-adsl.nl)
[23:54:22] *** Quits: Guyver2 (Guyver2@guyver2.xs4all.nl) (Exit)
[23:54:42] *** Quits: Fokker_4372 (Mibbit@ip4da11d40.direct-adsl.nl) (Exit)
