[00:00:00] *** Quits: Beer`__ (beer@193.172.46.138) (Ping timeout: 67 seconds)
[00:00:03] *** Quits: TooL (x@ip172-92-210-87.adsl2.static.versatel.nl) (Ping timeout: 61 seconds)
[00:00:32] *** Joins: Beer`__ (beer@193.172.46.138)
[00:09:00] *** Joins: TooL (x@ip172-92-210-87.adsl2.static.versatel.nl)
[00:12:39] *** Quits: TooL (x@ip172-92-210-87.adsl2.static.versatel.nl) (Ping timeout: 66 seconds)
[00:15:14] *** Quits: wirky (werken@ip503c7f23.speed.planet.nl) (Ping timeout: 60 seconds)
[00:21:20] *** Joins: wirky (werken@ip503c7f23.speed.planet.nl)
[00:21:26] *** Joins: TooL (x@ip172-92-210-87.adsl2.static.versatel.nl)
[00:23:02] <Bertone> die speelt wipkip :)
[00:29:37] *** Quits: TooL (x@ip172-92-210-87.adsl2.static.versatel.nl) (Ping timeout: 60 seconds)
[00:29:40] <wirky> que est ce que c`est suup?
[00:30:40] <nomadz>  une peut
[00:32:23] <wirky> tu est le cascadeur
[00:35:43] *** Quits: QORRiE (dorian@dhcp-077-249-247-124.chello.nl) (Exit)
[00:35:55] <wirky> daar gaat schaapie hor
[00:38:21] *** Joins: TooL (x@ip172-92-210-87.adsl2.static.versatel.nl)
[00:44:55] *** Quits: TooL (x@ip172-92-210-87.adsl2.static.versatel.nl) (Ping timeout: 66 seconds)
[00:51:38] <wirky> i wan some rock in rollin
[00:51:48] <wirky> come on 
[00:51:55] <wirky> give it to me bb
[00:53:19] *** Joins: TooL (x@ip172-92-210-87.adsl2.static.versatel.nl)
[00:57:52] *** Quits: TooL (x@ip172-92-210-87.adsl2.static.versatel.nl) (Ping timeout: 60 seconds)
[01:01:58] *** Quits: Andros (Andros@203.124-244-81.adsl-dyn.isp.belgacom.be) (Ping timeout: 61 seconds)
[01:05:25] *** Joins: user (FossaMail@53532226.cm-6-4a.dynamic.ziggo.nl)
[01:06:36] *** Joins: TooL (x@ip172-92-210-87.adsl2.static.versatel.nl)
[01:10:37] *** Quits: TooL (x@ip172-92-210-87.adsl2.static.versatel.nl) (Ping timeout: 67 seconds)
[01:10:50] *** Joins: user1 (FossaMail@53532226.cm-6-4a.dynamic.ziggo.nl)
[01:11:49] *** Quits: user (FossaMail@53532226.cm-6-4a.dynamic.ziggo.nl) (Ping timeout: 67 seconds)
[01:19:23] *** Joins: TooL (x@ip172-92-210-87.adsl2.static.versatel.nl)
[01:25:22] *** Quits: TooL (x@ip172-92-210-87.adsl2.static.versatel.nl) (Ping timeout: 66 seconds)
[01:33:55] *** Joins: TooL (x@ip172-92-210-87.adsl2.static.versatel.nl)
[01:44:45] *** Quits: Beer`__ (beer@193.172.46.138) (Ping timeout: 67 seconds)
[01:46:08] *** Quits: TooL (x@ip172-92-210-87.adsl2.static.versatel.nl) (Ping timeout: 62 seconds)
[01:49:29] *** Joins: Beer`__ (beer@193.172.46.138)
[01:54:43] *** Joins: TooL (x@ip172-92-210-87.adsl2.static.versatel.nl)
[01:55:50] *** Quits: Stuiterbal (Stuit@2001:980:5281:1:a921:93e4:64ba:eba4) (Exit)
[02:03:09] *** Quits: TooL (x@ip172-92-210-87.adsl2.static.versatel.nl) (Ping timeout: 66 seconds)
[02:11:34] *** Joins: TooL (x@ip172-92-210-87.adsl2.static.versatel.nl)
[02:15:44] *** Quits: TooL (x@ip172-92-210-87.adsl2.static.versatel.nl) (Ping timeout: 60 seconds)
[02:41:49] *** Quits: WvdL (uid21241@2604:8300:100:200b:6667:2:0:52f9) (Exit)
[02:47:36] *** Quits: user1 (FossaMail@53532226.cm-6-4a.dynamic.ziggo.nl) (Ping timeout: 67 seconds)
[02:48:48] *** Joins: user (FossaMail@53532226.cm-6-4a.dynamic.ziggo.nl)
[03:03:58] *** Joins: mrwazoo (mrwazoo@h102136.upc-h.chello.nl)
[03:22:46] *** Quits: user (FossaMail@53532226.cm-6-4a.dynamic.ziggo.nl) (Exit)
[03:27:06] *** Quits: wirky (werken@ip503c7f23.speed.planet.nl) (Ping timeout: 61 seconds)
[04:00:06] *** Quits: mrwazoo (mrwazoo@h102136.upc-h.chello.nl) (Ping timeout: 68 seconds)
[04:00:06] *** Joins: Mrwazig (mrwazoo@h102136.upc-h.chello.nl)
[06:22:31] *** Joins: Andros (Andros@203.124-244-81.adsl-dyn.isp.belgacom.be)
[06:25:44] <Tweaker11032> HOEREN NEUKEN NOOIT MEER WERKEN
[06:27:01] <rawplayer> ja
[06:27:12] <rawplayer> doe je tof dan
[06:27:22] <rawplayer> moet je niet stofzuigen
[06:33:30] <Tweaker11032> moet je nou met je smoel joh
[06:33:34] <Tweaker11032> moet jij niet dik in bed ligggen
[06:33:36] <Tweaker11032> vetklep
[06:54:57] *** Quits: Andros (Andros@203.124-244-81.adsl-dyn.isp.belgacom.be) (Ping timeout: 60 seconds)
[07:10:08] <rawplayer> gaat niet
[07:10:10] <rawplayer> ik slaap kut
[07:10:19] <rawplayer> te warm
[07:12:05] <rawplayer> en jij?  Tweaker11032 
[07:37:12] *** Quits: Beer`__ (beer@193.172.46.138) (Connection reset by peer)
[08:06:00] *** Joins: Jeroen (Jeroen@145.94.213.210)
[08:08:57] <zovty> Hoi.
[08:10:12] <Jeroen> mogge
[08:10:18] <zovty> He jeroen.
[08:33:37] *** Quits: Jeroen (Jeroen@145.94.213.210) (Ping timeout: 67 seconds)
[08:35:23] <zovty> Dag jeroen.
[08:40:56] <Redhead> morrie
[08:41:07] <zovty> GMorgen reddie.
[08:41:19] <Redhead> hey zovtelie
[08:42:59] *** Joins: Jeroen (Jeroen@ip82-139-124-155.lijbrandt.net)
[08:49:48] *** Joins: WvdL (uid21241@2604:8300:100:200b:6667:2:0:52f9)
[08:53:14] <zovty> Het is de W.
[08:53:18] <zovty> De W van de L.
[08:53:19] <zovty> Het is de W!
[08:53:22] <zovty> De W van de L!
[08:53:31] <zovty> Zo zie je hem niet, zo zie je hem wel!
[08:53:33] <WvdL> oei oei
[08:53:45] <WvdL> hoi z
[08:53:51] <zovty> Sup.
[08:53:52] <WvdL> van de ovty
[08:53:59] <WvdL> wakker aan het worden
[08:54:02] <WvdL> en daar?
[08:54:54] <zovty> Ja.
[08:54:59] <rawplayer> hoi
[08:55:00] <zovty> Wat zal ik er van zeggen.
[08:55:07] <zovty> Het is best een lastige vraag eigenlijk.
[08:55:09] <zovty> Hoi rawplayer.
[08:55:09] <rawplayer> ik ben op kantoor
[08:55:13] <zovty> Goedzo jongen.
[08:55:15] <zovty> Lekker op tijd.
[08:55:16] <rawplayer> ja joh
[08:55:20] <rawplayer> ook ik maak fouten
[08:55:24] <zovty> Welnee.
[08:55:28] <zovty> Jij maakt geen fouten.
[08:55:41] <zovty> Soms heeft de realiteit even tijd nodig om met jouw verbeteringen te dealen.
[09:13:39] *** Quits: Mrwazig (mrwazoo@h102136.upc-h.chello.nl) (Ping timeout: 60 seconds)
[09:18:52] *** Joins: mrwazoo (mrwazoo@h102136.upc-h.chello.nl)
[09:28:30] <SJ> mogge
[09:29:44] *** Joins: wirky (werken@ip503c7f23.speed.planet.nl)
[09:58:10] <wirky> suup
[09:58:23] <rawplayer> nm
[09:58:39] <wirky> hier ook
[09:58:50] <wirky> zo maar de zon in
[09:58:52] <rawplayer> koffie
[09:58:53] <rawplayer> werk
[09:59:16] <wirky> koffie
[10:12:49] <wirky> tot latens
[10:12:54] *** Quits: wirky (werken@ip503c7f23.speed.planet.nl) (Exit)
[10:30:01] *** Joins: Guyver2 (Guyver2@guyver2.xs4all.nl)
[10:30:08] *** Quits: mrwazoo (mrwazoo@h102136.upc-h.chello.nl) (Ping timeout: 60 seconds)
[10:32:25] *** Joins: mrwazoo (mrwazoo@h102136.upc-h.chello.nl)
[10:46:38] *** Joins: TooL (x@ip172-92-210-87.adsl2.static.versatel.nl)
[10:51:30] <zovty> Hoi.
[10:51:33] <zovty> Och jongens.
[10:51:38] <zovty> Eindelijk mag ik me Maker noemen
[10:51:41] <zovty> Ik heb afbreekmesjes.
[10:51:43] <zovty> 2 stuks.
[10:51:47] <zovty> Nu hoor ik er pas echt bij.
[10:51:52] <zovty> Lekker druk hier zeg.
[10:51:58] <zovty> als ik er niet ben zeggen jullie ook niks.
[10:52:04] <zovty> En waar is Faboise?
[10:53:02] <rawplayer> fabis is er niet
[10:53:11] <rawplayer> die komt wel weer
[10:57:27] <zovty> Ja?
[10:57:49] <zovty> Ik heb een smoefie.
[10:58:00] <zovty> Ananas, banaan, brocollie en avocado.
[10:58:49] <rawplayer> zovty: http://foodquotes.nl/2014/09/portobello-hamburger/
[10:58:54] <rawplayer> nou
[10:58:59] <rawplayer> de smoofie hier is vandaag
[10:59:05] <rawplayer> oreokoekjes, melk en vanilleijs
[10:59:09] <rawplayer> dus die sla ik over
[10:59:28] <zovty> Godverdomme.
[10:59:29] <Pandora> !8 mondspoeling voor zovty?
[10:59:30] <digibot> Pandora: It is so.
[10:59:30] <zovty> Waarom?
[10:59:38] <zovty> Dat is tenminste een ekte smoefie.
[10:59:42] <zovty> Niet van die groene hippiemeuk.
[11:00:13] <zovty> Vanavond zit je weer te craven om frietspeciaal.
[11:00:29] <rawplayer> vanavond eet ik op het werk :)
[11:00:33] <rawplayer> ik gok dat gewoon de bbq in de hens gaat
[11:00:38] <rawplayer> en dat er hamburgers komen :)
[11:00:43] <zovty> Oh nou :).
[11:00:44] <zovty> Maar.
[11:00:48] <zovty> Die portobello burgers...
[11:00:51] <zovty> Ik vind het zo'n onzin.
[11:00:55] <rawplayer> ok
[11:01:05] <zovty> Als je besloten hebt om geen brood meer te eten ga dan geen dingen met broodvorm.
[11:01:08] <zovty> Dat slaat gewoon nergens op.
[11:01:16] <rawplayer> troll detected
[11:01:19] <rawplayer> en nu opzoutuh
[11:01:21] <zovty> Nee. Meen ik gewoon.
[11:01:32] <rawplayer> ja ik ook
[11:01:33] <zovty> Je hoeft toch niet een hamburgerbroodje te maken om lekker te kunnen eten.
[11:01:47] <zovty> maar goed.
[11:01:48] <WvdL> net zoals de veggies van die veggieburgers eten met kipsmaak
[11:01:48] <WvdL> :D
[11:01:54] <zovty> Ik heb dna ook een hartgrondige hekel aan kunstbloemen.
[11:02:01] <zovty> Of neptieten.
[11:02:23] <WvdL> lastig goede porn dan te vinden
[11:02:27] <WvdL>  /o\
[11:02:32] <zovty> Hmnee.
[11:02:34] <zovty> Vind ik eigenlijk niet.
[11:02:50] <WvdL> ohww
[11:02:57] <WvdL> maar zijn dat geen nepvrouwen dan?
[11:02:58] <zovty> Ik zoek porno met meiden die het leuk vinden. En die hebben het gewoon niet nodig om hun tieten te vergroten.
[11:03:17] <zovty> Kweet niet.
[11:03:26] <zovty> Zou jij belladonna of bobbi star nepvrouwen noemen/
[11:03:51] <zovty> Volgens mij zijn die zich heel bewust van hun vrouwelijkheid, hun plaats in de wereld, hun beroep en hun echte tieten.
[11:03:52] <WvdL> nu roep ik utieraard ff dat ik moet googelen
[11:03:57] <zovty> Hmhm.
[11:04:25] <WvdL> zalw ssnlijk bij die wel meevallen..
[11:04:44] <WvdL> zou er wat beeldmateriaal van meoten zien om een waarlijk oordeel te kunnen vestigen
[11:04:48] <WvdL> for science reasons
[11:05:14] <zovty> Ja.
[11:05:20] <zovty> Maar....
[11:05:44] <zovty> Als je beide dames nog nooit hebt aanschouwd moet je misschen maar even geen uitspraken doen over porno.
[11:05:51] <zovty> Tot die tijd dan he.
[11:05:57] <WvdL> hm hm
[11:06:02] <rawplayer> misschien moet jij je gewoon niet met porno bezig houden
[11:06:08] <rawplayer> ben je te oud voor
[11:06:09] <WvdL> ahh mjah.. ze zijn beide niet echt mijn smaak
[11:06:10] <zovty> Ik?
[11:06:14] <rawplayer> ja jij
[11:06:20] <zovty> Ok...
[11:06:22] <WvdL> vandaar dat ik ze niet echt kon beoordelen :+
[11:06:25] <zovty> Waar komt dit nou weer vandaan?
[11:06:42] <zovty> Echt jongen.
[11:06:58] <WvdL> voor genietenv an mooie dingen ben je toch nooit te oud? :D
[11:07:05] <zovty> Volgens mij heb jij een grote klapper "How to irritate people" op je bureau liggen en zoek je gewoon iedere dag iets om mij te griepen.
[11:07:18] <rawplayer> je bent mijn inspiratie
[11:07:24] <zovty> May 12th, tell someone he's to old for porn.
[11:07:30] <zovty> too.
[11:07:34] <zovty> Mar player.
[11:07:38] <zovty> Hoe kan dat nou?
[11:07:43] <zovty> JIJ bent MIJN inspiratie.
[11:08:15] <zovty> Als dit zou kloppen zou ik dus mezelf kunnen inspireren.
[11:08:19] <zovty> En aangezien ik dat niet kan.
[11:08:23] <zovty> Kan het onmogelijk kloppen.
[11:08:45] <zovty> En aangezien ik weet dat jij mijn inspiratie bent is er maar 1 logische conclusie mogelijk.
[11:08:50] <zovty> JIJ LIEGT!!!!!!!!!!!!!!!!!!!!!!!!!!!!!!!!!!!!!!!!!!!!!!!!!!!!!!!!!!!!!!!!!!!!!!!!!!!!!!!!!!!!!!!!
[11:21:42] *** Joins: Fokker_0756 (Mibbit@adsl-242.46.190.100.tellas.gr)
[11:22:18] <Fokker_0756> salut
[11:31:37] *** Quits: Fokker_0756 (Mibbit@adsl-242.46.190.100.tellas.gr) (Exit)
[11:36:11] <rawplayer> ah
[12:17:21] *** Quits: mrwazoo (mrwazoo@h102136.upc-h.chello.nl) (Exit)
[12:22:50] *** Joins: Escovan (Escovan@107.6.175.170)
[12:30:47] *** Joins: Fiebel (PrincessCo@d77048.upc-d.chello.nl)
[12:30:49] <Fiebel> kbener
[12:32:25] <Fiebel> zitten jullie onder de bank ofzo?
[12:32:26] <Fiebel> }:{
[12:39:40] <zovty> Ja.
[12:39:52] <zovty> Maar gezellig dat je er bent.
[12:39:54] <Fiebel> kom onder vandaan!
[12:39:59] <Fiebel> ja
[12:40:00] <Fiebel> is wel
[12:40:17] <zovty> Hoe ist?
[12:40:18] <Fiebel> vond pep ook 2 minuten
[12:40:29] <Fiebel> toen moest ze muisworm kapot maken en de tafel slopen
[12:40:31] <Fiebel> kan in 1 moeite
[12:40:33] <Fiebel> het is goed
[12:40:36] <Fiebel> ik geef het een 8
[12:40:38] <zovty> Jajoh, lekker slopen.
[12:40:39] <Fiebel> en jij?
[12:40:40] <zovty> Oh, nou keurig.
[12:40:44] <zovty> Niks meer aan doen.
[12:40:54] <zovty> Ze gangetje he, ze gangetje.
[12:40:56] <Fiebel> neeut neeeut
[12:40:58] <Fiebel> alleen maar ruste
[12:41:00] <Fiebel> en drinke
[12:41:02] <Fiebel> goed drinke
[12:41:05] <zovty> Jajoh.
[12:41:09] <Fiebel> want o o o o o wat dronk ik slecht
[12:41:11] <Fiebel> drink jij goed?
[12:41:13] <zovty> Drinke, ruste, slape.
[12:41:14] <zovty> Nee.
[12:41:19] <Fiebel> kind!
[12:41:22] <Fiebel> je moet wel goed drinke he
[12:41:31] <zovty> Zou dat echt zo belangrijk zijn?
[12:41:39] <Fiebel> drinke is de basis van alles
[12:41:39] <zovty> Ik heb vaker honger dan dorst.
[12:41:40] <Fiebel> ik denk het wel
[12:41:46] <Fiebel> ik denk wel dat dat echt heel belangrijk is
[12:41:48] *** Joins: wirky (werken@ip503c7f23.speed.planet.nl)
[12:41:50] <zovty> Hm.
[12:41:53] <Fiebel> honger is vaak ook gewoon maar fopdorst
[12:41:55] <Fiebel> hallo wirky
[12:41:56] <Fiebel> gezellig
[12:41:58] <Fiebel> dat je er bent
[12:42:04] <zovty> He willem.
[12:42:12] <zovty> Al geskinniedipt?
[12:42:12] <wirky> nee want ben zo weer weg
[12:42:18] <zovty> O.
[12:42:21] <wirky> ja dat wel
[12:42:26] <zovty> Ok :)
[12:42:27] <Boots> Oja dorst
[12:42:31] <Boots> Ff smoothie'en
[12:42:34] <Fiebel> goed drinke he boots
[12:42:35] <Fiebel> goed rinke
[12:42:37] <wirky> ben net terug en ga zo naar strand
[12:42:38] <Fiebel> och jonges
[12:42:41] <Fiebel> mijenbakkesbrandt
[12:42:44] <Fiebel> en trekt
[12:42:45] <zovty> Waddunleven.
[12:42:45] <Fiebel> ooooooch
[12:42:49] <zovty> Ben je verbrandt?
[12:42:51] <Fiebel> te weinig gedronke denk ik toch
[12:42:52] <Fiebel> nouuuu
[12:42:55] <Fiebel> net niet net wel
[12:42:58] <Fiebel> tspant er om
[12:43:00] <zovty> Oh nou.
[12:43:01] <Fiebel> om mijn bolle wangen
[12:43:03] <Fiebel> ghghigihgihgihghighighighigighighi
[12:43:03] <zovty> Goed blijven drinken.
[12:43:05] <Fiebel> jaaaaaaa
[12:43:06] <Fiebel> jaaaaaaaaa
[12:43:09] <wirky> nee valt wel mee want ik blijf smeren
[12:43:14] <Fiebel> goed zo
[12:43:16] <Fiebel> goooeeed smere
[12:43:19] <Fiebel> waar is rawplayer?
[12:43:22] <Fiebel> is hij nog onder de bank?
[12:43:25] <zovty> Weet niet.
[12:44:25] <zovty> Maar hij gaat vanavond op t werk eten.
[12:44:29] <zovty> Hamburgers van de bbq.
[12:44:31] <Fiebel> ocherm
[12:44:35] <Fiebel> als dat maa goed komt
[12:44:37] <Fiebel> is dat paleo?
[12:44:51] <zovty> En ze hadden wel een smoefie op het menu, maar die was antipaleo.
[12:44:53] <zovty> Maar wel een goeie.
[12:45:02] <Fiebel> o
[12:45:03] <zovty> oreos, melk en vanille ijs.
[12:45:06] <Fiebel> :|
[12:45:10] <Fiebel> dat gaat hij toch niet nemen?
[12:45:16] <zovty> Nope.
[12:45:16] <Fiebel> hij denkt toch wel aan zijn SB17?
[12:45:21] <zovty> Mja.
[12:45:22] <zovty> Maar.
[12:45:28] <zovty> Ik vind dat hij wel moet doen.
[12:45:30] <zovty> Mag gewoon.
[12:45:33] <Fiebel> :|
[12:45:36] <Fiebel> enabler
[12:46:00] <Fiebel> ik neem gelijk nog een glaasje
[12:46:03] <Fiebel> want o o o o o
[12:46:06] <Fiebel> wat heb IK slecht gedronke
[12:46:09] <zovty> Wat denk je dat een paleo mens deed als hij door het oerwoud struinde en een vol, rijp aarbeien veldje tegenkwam.
[12:46:14] <Fiebel> en ik weiger toch nog naar buiten te gaan
[12:46:26] <zovty> Zou die dan denken; ik mag er een paar want anders krijg ik suiker.
[12:46:31] <Fiebel> ja
[12:46:34] <Fiebel> die waren heel strikt in de leer
[12:46:59] <zovty> Of zou hij denken: DE HEMEL!!!!!!!!!!!!! IK HEB DE HEMEL GEVONDEN!!!!!!!!!!!!!!! En als een zwijn op truffeljacht die aarbeien verslinden.
[12:47:22] <Fiebel> nee
[12:47:25] <zovty> Ik zou graag het laatste geloven.
[12:47:26] <Fiebel> die waren heel strikt in de leer
[12:47:30] <Fiebel> maar is niet waar
[12:47:32] <zovty> :|
[12:47:36] <Fiebel> ze waren namelijk heel strikt in de ler
[12:47:38] <Fiebel> och jonges
[12:47:42] <Fiebel> ik ken mezelf ook zo slecht he
[12:47:44] <Fiebel> ik op pad
[12:47:46] <zovty> Paleoextremisten.
[12:47:49] <Fiebel> knapzakje ingepakt
[12:48:10] <Fiebel> allemaal gezonde, voedzame, magere dinkies in mijn knapzak
[12:48:17] <Fiebel> loeloeeeloeeeee
[12:48:23] <zovty> Dus een flesje water.
[12:48:28] <Fiebel> en havermoutjes
[12:48:29] <Fiebel> en jogertjes
[12:48:34] <zovty> Lekker heur.
[12:48:35] <Fiebel> en de hele flikkerse boel
[12:48:39] <zovty> Jaja.
[12:48:41] <Fiebel> ik weer naar huis
[12:48:42] <zovty> En toehoen.
[12:48:49] <Fiebel> met precies evenveel flikkerse boel in mijn knapzakje
[12:48:52] <Fiebel> :')
[12:48:56] <zovty> Oh :)
[12:48:56] <Fiebel> ghghgihhihihigihgihhihigihighhighighigihg
[12:49:01] <zovty> Is het er ook ff uitgeweest he.
[12:49:04] <zovty> Ff frisse neus halen.
[12:49:05] <Fiebel> daarom
[12:49:06] <Fiebel> daaaaaaarom
[12:49:19] <Fiebel> hihihiihhih raampie zo op een minikier
[12:49:25] <zovty> En toen honger?
[12:49:37] <Fiebel> en nu probeerrt peppie zich door die minikier een weg naar buiten te wurmen met dr paddepoeflijf
[12:49:39] <Fiebel> gihghigihhigihgihgihghighi
[12:49:41] <Fiebel> neeeeut
[12:49:44] <zovty> Lekker proppen
[12:49:45] <Fiebel> lekker vette meuk gegeten h
[12:49:45] <zovty> .
[12:49:49] <zovty> Och kind heerlijk.
[12:49:52] <Fiebel> goed wegspoelen met druivensap
[12:49:54] <Fiebel> hhhhhhhhhhhhhhhhheerlijk
[12:50:00] <zovty> Lekker kibbeling met wijn.
[12:50:01] <Fiebel> en toen nog vette meuk na
[12:50:06] <Fiebel> ook weer wegspoelen he
[12:50:12] <Fiebel> en lekker vette ontbijtmeuk
[12:50:13] <Fiebel> met koffie he
[12:50:17] <Fiebel> want toen moest ik in de oto
[12:50:48] <zovty> Och heerlijk.
[12:50:57] <Fiebel> ja
[12:50:58] <zovty> Lekker een mcmuffin met een kapoesjieno.
[12:51:00] <Fiebel> lekker met de irco
[12:51:03] <Fiebel> airco
[12:51:05] <Fiebel> tuffetuffetuffe
[12:51:07] *** Joins: mrwazoo (mrwazoo@h102136.upc-h.chello.nl)
[12:51:19] <zovty> Gatiew.
[12:51:42] <zovty> Waarom gaan burostoelen altijd kraken?
[12:51:50] <zovty> Kenne ze daar nou eens nie wa op verzinne
[12:51:51] <Fiebel> mja
[12:51:56] <Fiebel> dat kan ook wel
[12:52:02] <Fiebel> maar dan zijn ze gelijk 1900 piek
[12:52:06] <zovty> Oh duur.
[12:52:12] <Fiebel> hihihih kleine peppie met de good hair
[12:52:14] <Fiebel> DUIF!!!
[12:52:17] <Fiebel> KHOOR EEN DUIF!!!!
[12:52:22] <Fiebel> HIJ IS DAAR!!!!!
[12:52:26] <Fiebel> wurmewurmewurme!!!
[12:52:28] <Fiebel> DUIF!!!!!!!!!!!
[12:52:36] <Fiebel> klein hangbuikzwijntje
[12:52:46] <zovty> Lekker dribbelen.
[12:52:53] <zovty> Tippetippetip.
[12:52:57] <Fiebel> soms wou ze dat ze een basketballer was
[12:53:00] <Fiebel> maar soms ook niet
[12:53:12] <zovty> Ik heb wel eens gebasketbald.
[12:53:14] <zovty> Maar ik was te klein.
[12:53:18] <Fiebel> och kind
[12:53:21] <Fiebel> was je maar wat langer
[12:53:24] <zovty> Ja.
[12:53:27] <Fiebel> je had nog spelverdeler kunnen worden he
[12:53:30] <Fiebel> die mogen wat kleiner zijn
[12:53:41] <zovty> Ja, maar dan moet je weer snel en alert zijn.
[12:53:45] <Fiebel> is
[12:53:45] <Fiebel> is zo
[12:53:58] <zovty> Dus ja.
[12:54:05] <zovty> Dat beperkt mijn sportcariere nogal.
[12:54:14] <Fiebel> och kindje toch
[12:54:16] <Fiebel> geeft toch niks
[12:54:21] <zovty> Neehoor.
[12:54:23] <Fiebel> jij bent toch weer goed in andere dingen
[12:54:25] <zovty> Zo kan ik ook gelukkig zijn.
[12:54:27] <zovty> Jajoh.
[12:55:04] <zovty> Zodra de arbeidsmarkt voor rukkende stoners aantrekt loop ik binnen.
[12:55:08] <zovty> Hihi.
[12:55:09] <zovty> Aantrekt.
[12:55:13] <Fiebel> eyes on the price
[12:55:16] <Fiebel> eeeeeeeeeeeyes on the price
[12:56:38] <zovty> Dus ik zo naar interpolis.nl om mijn levensverzekering te wijzigen. ik zo klikke klikke.
[12:56:46] <Fiebel> klikkeklikke
[12:56:48] <zovty> Bent u klant van de rabobank? Eh, ja. Klik dan hier.
[12:56:50] <Fiebel> ALLES NAAR BIERBIE
[12:57:01] <zovty> Naar rabobank.nl, u heeft geen levensverzekering.
[12:57:07] <zovty> Ok.... stop dan es met incasseren ofzo.
[12:57:27] <zovty> Moes zo nodig van jullie.
[12:57:38] <Fiebel> lekker aansmeren
[12:57:45] <zovty> Waarom heb ik eigenlijk een levensverzekering?
[12:57:57] <Fiebel> zet miij dr gewoon op joh
[12:58:03] <Fiebel> zeg maar gewoon een 
[12:58:06] <Fiebel> hoe heet dat
[12:58:07] <Fiebel> nou ja
[12:58:18] <Fiebel> is vast een mooi woord voor
[12:58:25] <Fiebel> maar qua dagen had ik de meeste
[12:58:32] <zovty> Subway?
[12:58:35] <Fiebel> dus heb ik daar wel recht op
[12:58:51] <zovty> Ik snap neit wat je nu wel zeggen kind :)
[12:58:58] <zovty> Tis geen testament.
[12:59:04] <Fiebel> dat je mij gewoon als begunstigde op je levensverzekering moet zetten
[12:59:10] <zovty> En dan?
[12:59:24] <Fiebel> dan kom ik een keer langs met lekkere gesuikerde donuts
[12:59:32] <zovty> Och kind wat heerlijk.
[12:59:33] <Fiebel> :|
[12:59:33] <zovty> wel verse he.
[12:59:39] <Fiebel> jotjotjot
[12:59:49] <zovty> Lekker m'n glymische index omhoog jagen.
[12:59:55] <Fiebel> gliemies
[12:59:55] <zovty> (Ik zeg maar dingen hoor.)
[12:59:58] <rawplayer> hoi fiebel
[13:00:00] <Fiebel> (weet ik toch)
[13:00:04] <Fiebel> ooooooooooooooooooooooooooooooooooooooooooooooooooooooooooooooooooooooooooooooooooooooooooooooooooooooooooooh
[13:00:05] <zovty> Hoi fawplayer.
[13:00:08] <zovty> rawplayer.
[13:00:10] <Fiebel> OOOOOOOOOOOOOOOOOOOOOOOOOOOOOOOOOOOOOOOOOOOOOOOOOOOOOOOOOOOOOOOOOOOOOOOOOOOOOOOOOOOOOOOOOOOOOOOOOOOOOOOOOOOOOOOOOOOOOOOOOOOOOOOOOOOO+
[13:00:11] <zovty> Sorry.
[13:00:12] <rawplayer> ga weg
[13:00:15] <Fiebel> daar is het prinsje
[13:00:15] <rawplayer> troll
[13:00:17] <Fiebel> OOOOOOOOOOOOOOOOOOOOOOOOOOOOO+
[13:00:24] <zovty> Nou.
[13:00:24] <Fiebel> als jullie zo gaan doen praat ik niet meer met jullie
[13:00:26] <Fiebel> }:{
[13:00:26] <zovty> zie je nou?
[13:00:30] <zovty> Ik doe niks he.
[13:00:34] <Fiebel> hier heb ik met mijn goedgeluimde hoofd helemaal geen zin in
[13:00:35] <zovty> Zo gaat dat nou altijd.
[13:00:38] <Fiebel> dat zeg ik eerlijk
[13:00:47] <zovty> Ja, nou.
[13:00:49] <zovty> Ik snap het.
[13:00:52] <zovty> Ik doe er ook niet meer aan mee.
[13:00:56] <zovty> Maar je zag het gewoon gebeuren.
[13:01:32] <Fiebel> :X
[13:01:37] <zovty> Ja, nou.
[13:01:40] <zovty> Doe maar zo.
[13:01:42] <zovty> Kies maar weer partij.
[13:02:17] <zovty> Ik vind het nobel dat je altijd opkomt voor de zwakkeren, maar je moet oppassen dat er geen misbruik van gemaakt wordt, dat is alles wat ik er over wil zeggen.
[13:02:18] *** Quits: wirky (werken@ip503c7f23.speed.planet.nl) (Ping timeout: 66 seconds)
[13:02:22] <zovty> Dag wirky.
[13:02:24] <Fiebel> :|
[13:02:27] <zovty> :)
[13:02:33] <zovty> Nou is het klaar hoor.
[13:02:34] <Fiebel> }:{!!!!!
[13:02:36] <zovty> Player kom hier.
[13:02:40] <zovty> Dan krijg je een knuffel.
[13:02:40] <rawplayer> nee
[13:02:45] <zovty> Een hand dan.
[13:02:48] <rawplayer> ik vimd jou stom
[13:02:48] *** Joins: wirky (werken@ip503c7f23.speed.planet.nl)
[13:02:59] <zovty> Nou en.
[13:03:00] <zovty> Ik vind jou lief.
[13:03:13] <wirky> ik jou ook hoor
[13:03:18] <Fiebel> hihihiihihiiihhiihiiihhij
[13:03:19] <zovty> Ik jou ook.
[13:03:21] <rawplayer> nou kijk
[13:03:21] <Fiebel> japie en kim
[13:03:26] <Fiebel> hebben hun kind mest genoemd
[13:03:27] <rawplayer> jullie hebben elkaar gevonden
[13:03:36] <Fiebel> hhiihhihiihihihhihiihihihhiihihihihihhihiihhiihhihihihihihihihihiihihhihihihiihhiihhihiihihihihihhiihihihhihihiihihihhiihhihihiih
[13:03:40] <zovty> Mest?
[13:03:43] <zovty> Niet.
[13:03:47] <Fiebel> mest!!!!!!!!
[13:03:49] <Fiebel> hihhhihihihihihiih
[13:03:50] <zovty> niet waar.
[13:03:53] <Fiebel> heuswaar
[13:04:00] <zovty> Wie dan?
[13:04:08] <Fiebel> jaap reesema
[13:04:11] <Fiebel> en kimmetje kotter
[13:04:12] <zovty> Japie en Kim Kever?
[13:04:15] <zovty> Oh.
[13:04:16] <Fiebel> kleine kimmetje kotter
[13:04:19] <Fiebel> (krekel)
[13:04:36] <Fiebel> (gihghigighgigh kever)
[13:04:37] <zovty> (neej. dan zou het kind mest kever heten.)
[13:04:39] <zovty> (ja, dus dat.)
[13:04:43] *** Quits: wirky (werken@ip503c7f23.speed.planet.nl) (Exit)
[13:05:01] <zovty> Maar is dit echt waar?
[13:05:05] <Fiebel> ja
[13:05:05] <zovty> Of is het een garp?
[13:05:06] <Fiebel> kind
[13:05:09] <zovty> Dat mag toch niet.
[13:05:10] <Fiebel> ik zou niet tegen je jokken toch
[13:05:16] <zovty> Makkelijk.
[13:05:27] <zovty> Ik geloof je verhaal niet
[13:05:37] <zovty> ik denk dat jij het wel geloofd, maar ik geloof het gewoon niet.
[13:05:40] <zovty> Kan me neit voorstellen dat dat mag.
[13:05:47] <Fiebel> och kindje toch
[13:05:53] <Fiebel> wat maak je het allemaal weer gecompliceerd
[13:05:58] <zovty> :|
[13:05:59] <Fiebel> met je mitsen en maren en je tenzij's
[13:06:20] <zovty> Maar player was iets aan het uitleggen.
[13:06:30] <zovty> Toen jij er weer doorheen kwam tetteren met een poepverhaal.
[13:06:35] <Fiebel> ja
[13:06:45] <zovty> Wie hebben elkaar gevonden player?
[13:06:46] <Fiebel> ik zeg wel niks meer
[13:06:47] <zovty> Ik en fabis?
[13:07:07] <zovty> (Hij weet toch wel van ons?)
[14:12:47] <Fiebel> och jonges
[14:12:48] <Fiebel> heerlijk
[14:12:55] <Fiebel> een potje havermout
[14:12:58] <Fiebel> heerlijk
[14:12:59] <Fiebel> heerlijk
[14:13:00] <Fiebel> heerlijk
[14:13:01] <Fiebel> heerlijk
[14:13:01] *** Fiebel was kicked by Pandora (Stop repeating yourself!)
[14:13:01] *** Joins: Fiebel (PrincessCo@d77048.upc-d.chello.nl)
[14:13:05] <Fiebel> nou moe
[14:14:26] <zovty> Ik denk dat Danny Blind de nieuwe trainer van ajax wordt.
[14:14:43] <Fiebel> och
[14:14:45] <Fiebel> lijkt me heerlijk
[14:14:53] <Fiebel> lijkt me ook heerlijk als hij het niet wordt hoor
[14:14:56] <Fiebel> daar niet van
[14:15:59] <zovty> Yep.
[14:16:09] <zovty> David Guetta op sensation.
[14:16:14] <zovty> dat past toch niet helemaal?
[14:16:20] <Fiebel> white wel tch?
[14:16:39] <zovty> Sensation geeft toch vooral aankomende nederlandse acts een plek?
[14:16:45] <Fiebel> op zwart slachten ze hem af
[14:16:46] <Fiebel> nee joh
[14:16:47] <Fiebel> gekkie
[14:16:49] <Fiebel> gekkie!
[14:16:52] <zovty> Soberso is er geen wit en zwart meer toch.
[14:17:04] <Fiebel> kind
[14:17:06] <Fiebel> weet ik het
[14:17:10] <zovty> Nou dan.
[14:17:28] <Fiebel> ik was er al voor ze het zo nodig allemaal in hokjes moesten stoppen he
[14:17:29] <Fiebel> en labelen
[14:17:33] <Fiebel> en kaderen
[14:17:46] <zovty> Jajoh.
[14:17:55] <zovty> Abel Kader.
[14:18:06] <Fiebel> ja
[14:18:57] <Fiebel> maagje knort
[14:18:58] <Fiebel> is wel gek
[14:19:06] <Fiebel> zit net een dikke plark mout in
[14:19:18] <zovty> Havermout is ook eten.
[14:19:30] <Fiebel> ja daarom
[14:19:34] <Fiebel> mijn maagje is net peppie
[14:19:45] <Fiebel> die zit ook te zeuren en te krijsen terwijl dr bakkie gewoon vol zit
[14:20:43] <zovty> Yes.
[14:21:04] <Fiebel> maar zovty
[14:21:51] <zovty> Yes.
[14:22:01] <Fiebel> als jij nou dood zou gaan
[14:22:01] <Fiebel> zo BAM
[14:22:06] <Fiebel> onder een aambeeld ofzo
[14:22:14] <Fiebel> dan zou IK toch bierbie krijgen?
[14:22:27] <zovty> Ja, wat mij betreft wel.
[14:22:31] <zovty> Maar in de praktijk zal dat wel niet.
[14:22:33] <Fiebel> och heerlijk
[14:22:34] <Fiebel> waarom niet
[14:22:39] <Fiebel> waarom nou weer niet
[14:22:47] <zovty> Ja, eh.
[14:22:51] <zovty> Ik heb dat nergens vast laten leggen ofzo.
[14:23:02] <Fiebel> ja doe gewoon even een plakker op bierbie
[14:23:06] <Fiebel> "voor fiebel"
[14:23:10] <Fiebel> hullie weten mij heus wel te vinden hoor
[14:23:11] <zovty> JAMMER De BAMMEr!!!!!!!!!!!!
[14:23:17] <zovty> Ok.
[14:23:26] <zovty> Oh.
[14:23:27] <zovty> Maar.
[14:23:34] <zovty> Hullie weten natuurlijk niet wat Fiebel is.
[14:23:39] <Fiebel> neee
[14:23:48] <Fiebel> maaar daarom ook gewoon maar wat hullie wel weten he
[14:24:01] <zovty> Yes.
[14:24:15] <Fiebel> DIE BLONDE STINKHOER UIT HET WESTEN
[14:24:30] <bReChThOu> !seen milkshake
[14:24:31] <digibot> bReChThOu: milkshake was last seen in #fok 4d 8h 7m 35s ago: <milkshake> not muc.
[14:24:44] <Fiebel> ochochoch kleine milkie
[14:24:58] <zovty> Kleine milkie heeft geen muc meer.
[14:25:02] <zovty> Wat dat ook is.
[14:27:24] <Fiebel> geeft ook niks
[14:27:36] <Fiebel> we houden niet minder van haar
[14:30:01] <Fiebel> we kunnen ook met zijn 3en een camperbusje kopen
[14:31:22] <Fiebel> of nou ja
[14:31:25] <Fiebel> dat jullie het kopen
[14:31:26] <Fiebel> en het ook van mij is
[14:43:10] <rawplayer> ik ga op vakantie
[14:43:12] <rawplayer> naar jemen
[14:43:19] <rawplayer> druk druk druk
[14:43:22] <rawplayer> pakkenpakkenpakken
[14:43:24] <Fiebel> gihgihgihghigihighhgihig
[14:43:25] <rawplayer> waar is mijn zaterzak
[14:43:27] <Fiebel> dingedingedinge
[14:43:32] <Fiebel> bij de kamelenhaak
[14:43:34] <Fiebel> gihghhighigihghighi
[14:45:09] <Fiebel> kgaplasse
[14:58:24] *** Joins: Fem_LittleLady (Mibbit@a82-161-112-138.adsl.xs4all.nl)
[14:58:40] <Fem_LittleLady> :D
[15:04:31] <nomadz> :D
[15:04:53] <Fiebel> :D
[15:06:22] <nomadz> febiel
[15:06:29] <Fiebel> nomy
[15:19:26] <Fiebel> https://imgur.com/gallery/T0pqj
[15:19:27] <digibot> Title: Couples Therapy - Album on Imgur (at imgur.com)
[15:22:36] *** Quits: Jeroen (Jeroen@ip82-139-124-155.lijbrandt.net) (Exit)
[15:23:55] <Boots> Goei'n
[15:29:21] <zovty> Zo.
[15:29:22] <zovty> Nog ff.
[15:29:27] <zovty> Wat een dag he.
[15:29:28] <zovty> Wat een dag.
[15:35:38] <Fem_LittleLady> :D
[15:36:50] <zovty> Femke.
[15:36:53] <zovty> Sup grrl.
[15:37:00] <Fem_LittleLady> hoiii, ja goed net even motor gereden
[15:37:06] <zovty> Och heerlijk.
[15:37:10] <zovty> Daar is het perfect weer voor.
[15:37:14] <zovty> Lijkt me dan toch.
[15:37:15] <Fem_LittleLady> ja
[15:37:32] <zovty> Rij je dan zo hard as je durft?
[15:37:42] <Fem_LittleLady> Nee wil mijn rijbewijs houden
[15:38:05] <zovty> Dat is ook wel prettig.
[15:40:05] *** Quits: Fiebel (PrincessCo@d77048.upc-d.chello.nl) (Ping timeout: 66 seconds)
[15:40:12] *** Joins: Fiebel (PrincessCo@d77048.upc-d.chello.nl)
[15:54:57] <zovty> Fabis.
[16:01:43] <Fiebel> zovty
[16:02:09] <zovty> Gaat player echt naar Jemen?
[16:02:30] <Fiebel> ik geloof hem altijd maar gewoon als hij iets zegt
[16:02:36] <zovty> Ja.
[16:02:41] <Fiebel> als hij zgt dat hij NIET door de mcdrive is gegaan
[16:02:43] <Fiebel> geloof ik hem
[16:02:50] <zovty> Ja.
[16:03:06] <Fiebel> of eigenlijk moet ik zeggen WANNEER hij zegt dat hij NIET door de mcdrive is gegaan
[16:03:09] <zovty> zullen we voor hem uit reizen en alvast een potje havermout voor m klaarmaken?
[16:03:18] <Fiebel> och heerlijk
[16:03:22] <Fiebel> dat zou hij waarderen denk ik
[16:03:26] <zovty> Ja.
[16:03:28] <Fiebel> leer mij die jongen kennen
[16:03:33] <zovty> Havermout met yakmelk.
[16:03:37] <Fiebel> hmmmmmmm
[16:03:37] <zovty> Waar ligt Jemen eigenlijk?
[16:03:41] <Fiebel> yakmelk
[16:03:46] <Fiebel> och kind
[16:03:50] <Fiebel> zo een bietje dr tussenin
[16:03:50] <zovty> DAt is toch een beetje tussen israel en al die andere bozerts in/
[16:04:09] <zovty> Wel goed klimaatje.
[16:04:14] <Fiebel> zo boos
[16:04:14] <Fiebel> zo boos
[16:04:15] <Fiebel> och
[16:04:20] <Fiebel> ik had ht allemaal zo goed uitgdacht he
[16:04:22] <zovty> Moet je maar eens op klimaatinfo kijken.
[16:04:30] <Fiebel> als ik nu huthuhutenzuszuszusenzozoz
[16:04:34] <Fiebel> dan hoef ik maar 1 keer te lopen
[16:04:42] <zovty> Betse klimaat van de wereld, altijd goed weer, nooit risicos op orkanen of ellende, mooiste stukje aarde op aarde: de gazastrook.
[16:05:03] <Fiebel> nu heb ik een tas vol dingen die ik niet nodig heb en moet ik nog 4 keer lopen
[16:05:04] <Fiebel> :')
[16:05:06] <Fiebel> och heerlijk
[16:05:09] <Fiebel> zullen we daar naar toe?
[16:05:11] <Fiebel> naar gaza?
[16:05:17] <Fiebel> lekker sinaasappels en dadels eten
[16:05:22] <Fiebel> dadels met beestjes
[16:05:24] <zovty> Heerlijk.
[16:05:30] <zovty> Beestjes?
[16:05:32] <zovty> Iw.
[16:05:43] <Fiebel> och joh
[16:05:45] <Fiebel> oooooooooch joh
[16:05:51] <Fiebel> krijg jij een beetje weerstand van
[16:05:54] <Fiebel> mejjepipsebakkes
[16:05:56] <Fiebel> nou
[16:05:59] <Fiebel> moet dat nou weer zo
[16:06:12] <zovty> Jajoh.
[16:06:14] <zovty> Beetje weerstand.
[16:06:15] <Fiebel> in mijn hoofd klinkt dat dan heel speels en zo van pookiepookiepookie
[16:06:17] <Fiebel> en dan staat het er
[16:06:20] <Fiebel> en denk ik 
[16:06:21] <Fiebel> nou
[16:06:31] <Fiebel> zo klonk het in mijn hoofd niet
[16:06:42] <zovty> Het zou juist wel fijn zijn als ik eens een keertje met de stroom mee kon dobberen.
[16:06:44] <zovty> Ffkes.
[16:06:52] <zovty> Ffkes een paar maandjes gewoon beetje dobberen.
[16:06:53] <Fiebel> och kindje
[16:06:54] <Fiebel> doe lekker
[16:06:57] <Fiebel> dobber maar lekker
[16:07:03] <Fiebel> houdt bierb het fort wel in de gaten joh
[16:07:14] <zovty> Klein bierb zal de fort wel slopen.
[16:07:21] <zovty> Met d'r sloop alles.
[16:07:23] <zovty> Sloopmasjien.
[16:07:24] <zovty> Ik ga!
[16:07:26] <Fiebel> och heerlijk
[16:07:26] <Fiebel> dag
[16:07:27] <zovty> Hallee.
[16:08:33] <Fiebel> arme zovty
[16:08:36] <Fiebel> zo overwerken
[16:08:39] <Fiebel> :'<
[16:08:44] <Fiebel> op zo een mooie dag
[16:21:07] *** Joins: Fe2O3 (Fe2O3@h70248.upc-h.chello.nl)
[16:21:07] *** ChanServ sets mode: +o Fe2O3
[16:25:28] *** Joins: Fokker_8188 (Mibbit@5357994E.cm-6-8c.dynamic.ziggo.nl)
[16:25:31] <Fokker_8188> Hey
[16:25:38] <Fokker_8188> Ik verveel me een beetje
[16:29:49] <Fokker_8188> Is iedereen afk?
[16:30:19] *** Quits: Fokker_8188 (Mibbit@5357994E.cm-6-8c.dynamic.ziggo.nl) (Exit)
[16:30:28] *** Joins: Firewarrior (Mibbit@5357994E.cm-6-8c.dynamic.ziggo.nl)
[16:34:41] *** Joins: rhod (rhod@86.85.193.196)
[16:34:44] <Firewarrior> hey
[16:34:47] <Firewarrior> ik verveel me best wel
[16:34:55] <rhod> ah kut, dacht lekker thuis
[16:35:01] <rhod> vergeet ik boodschappen te doen
[16:35:08] <Firewarrior> lol
[16:35:14] <WvdL> alleen kinderenv ervelen zich, Firewarrior 
[16:35:32] <rhod> laters ;+
[16:35:38] <WvdL> shop ze.. rhod
[16:39:59] <Firewarrior> whatever
[16:40:12] <Firewarrior> ik heb echt niks te doen
[16:43:14] *** Joins: wirky (werken@ip503c7f23.speed.planet.nl)
[16:43:19] <wirky> suup
[16:44:26] *** Joins: Fokker_1953 (Mibbit@ip51cef1f7.speed.planet.nl)
[16:45:15] <Fokker_1953> hoi
[16:45:40] <Fem_LittleLady> hoi
[16:46:21] <Fokker_1953> alles goed
[16:47:14] *** Quits: Fokker_1953 (Mibbit@ip51cef1f7.speed.planet.nl) (Exit)
[16:49:07] <Fiebel> migado wat stink ik
[16:49:10] <Fiebel> oeioeioeioei
[16:52:38] *** Quits: Guyver2 (Guyver2@guyver2.xs4all.nl) (Exit)
[16:57:35] *** Quits: Fem_LittleLady (Mibbit@a82-161-112-138.adsl.xs4all.nl) (Exit)
[16:58:36] <WvdL> moet je emer drinekn, Fiebel 
[16:58:43] <WvdL> meer drinken*
[16:58:45] <Fiebel> och kind
[16:58:47] <Fiebel> ik drink me lam
[16:58:52] <WvdL> zweet je ook schonere vocht uit :+
[16:58:53] <Fiebel> ik ben aan mijn5e glas
[16:58:59] <WvdL> shotglas zeker
[16:58:59] <Fiebel> en het glas is 0,8 liter :')
[16:59:44] <WvdL> goed bezig
[16:59:46] <WvdL> wel water?
[16:59:53] <Fiebel> zeeeeker zeeeekr
[17:00:57] <WvdL> ik ben trots op jou
[17:01:01] <WvdL> albatrots
[17:01:01] <Fiebel> och wa lief!
[17:01:03] <Fiebel> vinklief!
[17:02:32] *** Quits: Firewarrior (Mibbit@5357994E.cm-6-8c.dynamic.ziggo.nl) (Exit)
[17:19:57] <Tweaker11032> negers
[17:20:15] *** Joins: Firewarrior (Mibbit@5357994E.cm-6-8c.dynamic.ziggo.nl)
[17:26:55] *** Joins: user (FossaMail@53532226.cm-6-4a.dynamic.ziggo.nl)
[17:27:27] *** Quits: user (FossaMail@53532226.cm-6-4a.dynamic.ziggo.nl) (Exit)
[17:27:32] *** Joins: user (FossaMail@53532226.cm-6-4a.dynamic.ziggo.nl)
[17:37:31] *** Joins: BD (ok@ftth-083-247-022-153.solcon.nl)
[17:57:10] *** Joins: Fokker_6631 (Mibbit@5ED75551.cm-7-8b.dynamic.ziggo.nl)
[17:57:10] *** Quits: Firewarrior (Mibbit@5357994E.cm-6-8c.dynamic.ziggo.nl) (Exit)
[17:57:17] <Fokker_6631> Hallo allemaal, ik heb zojuist de philips fidelio A3 gekocht zonder garantie maar de wifi setup knop is kapot en heb zo het vermoeden dat de lan kabelingang ook niet helemaal lekker werkt  weet iemand hoe ik deze speaker op een andere manier op ht internet kan krijgen?  p.s. ik heb nog een aux ingang die het doet
[17:57:41] *** Tweaker11032 is now known as Spacecowboy
[17:57:56] <Spacecowboy> zet 'm op je modem
[17:58:06] <Fokker_6631> ???4
[17:58:28] <Fokker_6631> hoe dan
[17:58:35] <Spacecowboy> oppakken
[17:58:38] <Spacecowboy> en op je modem zetten
[17:58:43] <Fokker_6631> grappig
[17:58:46] <Spacecowboy> nee
[17:58:50] <Fokker_6631> ???
[18:00:05] <Fokker_6631> Hallo allemaal, ik heb zojuist de philips fidelio A3 gekocht zonder garantie maar de wifi setup knop is kapot en heb zo het vermoeden dat de lan kabelingang ook niet helemaal lekker werkt  weet iemand hoe ik deze speaker op een andere manier op ht internet kan krijgen?  p.s. ik heb nog een aux ingang die het doet
[18:00:18] *** Fokker_6631 was kicked by Dubbeldrank (Ga weg!)
[18:00:20] <Spacecowboy> ja de eerste keer was je vraag ook duidelijk
[18:00:29] <zovty> Je kan m natuurlijk koppelen aan een airport express.
[18:00:30] *** Joins: Fokker_6631 (Mibbit@5ED75551.cm-7-8b.dynamic.ziggo.nl)
[18:00:34] <zovty> Maarja, dan moet je wel even wat langer blijven.
[18:00:40] <zovty> Och.
[18:00:43] <zovty> net gemist he.
[18:00:43] *** Joins: Jeroen (Jeroen@ip82-139-124-155.lijbrandt.net)
[18:00:44] <Fokker_6631> Hallo allemaal, ik heb zojuist de philips fidelio A3 gekocht zonder garantie maar de wifi setup knop is kapot en heb zo het vermoeden dat de lan kabelingang ook niet helemaal lekker werkt  weet iemand hoe ik deze speaker op een andere manier op ht internet kan krijgen?  p.s. ik heb nog een aux ingang die het doet
[18:00:55] *** Dubbeldrank sets mode: +b *!*@5ED75551.cm-7-8b.dynamic.ziggo.nl
[18:00:57] *** Fokker_6631 was kicked by Dubbeldrank (Beetje hardleers)
[18:01:10] <Spacecowboy> lol
[18:01:30] <Jeroen> lol
[18:01:39] <Spacecowboy> weekend
[18:01:44] <Spacecowboy> bier drinken en kut roepen
[18:06:37] *** Joins: Fokker_2547 (Mibbit@d54C5B8DF.access.telenet.be)
[18:06:45] *** Quits: Fokker_2547 (Mibbit@d54C5B8DF.access.telenet.be) (Exit)
[18:06:51] <Spacecowboy> kijk
[18:06:55] <BD> bier drinken heb ik ook zin in.
[18:06:55] <Spacecowboy> dat lost zichzelf tenminste op
[18:07:02] <BD> bier en songfestival! :) wat wil je nog meer.
[18:07:06] *** Joins: lol (Mibbit@d54c5b8df.access.telenet.be)
[18:07:11] <Spacecowboy> incestueus homofeestje
[18:07:13] <Spacecowboy> dat songfestival
[18:07:27] <lol> lol
[18:07:27] <Spacecowboy> maar dat was gister toch?
[18:07:41] <BD> vanaf zondag t/m zaterdag
[18:07:42] <BD> ja
[18:07:55] <BD> dus ook gisteren :)
[18:07:56] <lol> k ben nieuw
[18:08:01] <BD> dat kan gebeuren
[18:08:17] <lol> ;)
[18:08:26] *** Quits: lol (Mibbit@d54c5b8df.access.telenet.be) (Exit)
[18:09:16] <Spacecowboy> ook opgelost
[18:14:08] <BD> ik begrijp niet waarom iedereen het als een homofeestje ziet
[18:14:12] <BD> er doen best wat knappe vrouwen mee
[18:14:16] <BD> die van Australië bijvoorbeeld
[18:17:14] <Fiebel> is er iets dartigs?
[18:23:56] <rawplayer> och jonges
[18:26:33] <Fiebel> och jonges
[18:26:34] <Fiebel> gighiihghigghhgihig
[18:40:30] <zovty> Och jongens.
[18:42:20] <Fiebel> och jonges
[18:42:39] <Fiebel> ik heb een fantastisch maaltje
[18:42:39] *** Joins: QORRiE (dorian@dhcp-077-249-247-124.chello.nl)
[18:42:43] <Fiebel> perfect voor dit wrm weer
[18:43:53] <zovty> Goedzo.
[18:43:58] <zovty> Lekker eten.
[18:44:06] <zovty> Lekker eten is belangrijk.
[18:44:10] <Fiebel> is ook
[18:44:14] <Fiebel> is ook gwoon zeker zo
[18:44:17] <zovty> Ja, is toch.
[18:45:12] <Fiebel> manmanmanmanman
[18:48:52] <Fiebel> ik kan wel janken
[18:59:32] <QORRiE> ben je uien aan het snijden?
[18:59:44] <Fiebel> :N
[19:11:59] *** Quits: TooL (x@ip172-92-210-87.adsl2.static.versatel.nl) (Exit)
[19:12:21] *** Quits: SubSpace (subspace@D57DD135.static.ziggozakelijk.nl) (Ping timeout: 60 seconds)
[19:16:41] <QORRiE> sorry, ik weet niet waar het over gaat
[19:18:59] *** Joins: SubSpace (subspace@D57DD135.static.ziggozakelijk.nl)
[19:22:09] *** Joins: Andros (Andros@203.124-244-81.adsl-dyn.isp.belgacom.be)
[19:23:05] *** Joins: TooL (x@ip172-92-210-87.adsl2.static.versatel.nl)
[19:39:43] <zovty> Ik heb ribeye met groente.
[19:40:58] *** Joins: Firewarrior (Mibbit@5357994E.cm-6-8c.dynamic.ziggo.nl)
[19:41:58] *** Quits: Andros (Andros@203.124-244-81.adsl-dyn.isp.belgacom.be) (Exit)
[19:44:20] *** tozzert is now known as tozzniehiernie
[19:45:16] *** tozzniehiernie is now known as tozzert
[19:58:52] *** Joins: BeerWrk`_ (beer@5ED0808C.cm-7-1c.dynamic.ziggo.nl)
[19:59:19] *** Joins: Guyver2 (Guyver2@guyver2.xs4all.nl)
[20:01:49] *** Quits: WvdL (uid21241@2604:8300:100:200b:6667:2:0:52f9) (Exit)
[20:05:39] *** Quits: Jeroen (Jeroen@ip82-139-124-155.lijbrandt.net) (Exit)
[20:17:38] *** Joins: Jeroen (Jeroen@wlan-145-94-195-114.wlan.tudelft.nl)
[20:29:33] <zovty> Zo jongens.
[20:29:36] <zovty> Hoe is het hier?
[20:29:46] <zovty> Hoe was de mop van Stuiter vandaag?
[20:29:48] <zovty> Ik mis m steeds.
[20:30:00] <zovty> rawplayer, fiebel.
[20:30:04] <zovty> Komen jullie eens even gezellig doen.
[20:30:10] <zovty> Even niet meer bozen op elkaar.
[20:30:14] <zovty> Even gewoon leuk.
[20:30:16] <zovty> Het is nu wat afgekoeld.
[20:30:20] <zovty> Dus dan kan het wel.
[20:30:22] *** Quits: rhod (rhod@86.85.193.196) (Exit)
[20:35:25] <rawplayer> hoi
[20:35:27] <rawplayer> ik ben er
[20:35:27] <Pandora> gezellig, rawplayer is er!
[20:35:28] <rawplayer> thuis van werk
[20:36:00] <nomadz> das mooi
[20:36:01] <nomadz> ik ook
[20:36:05] <rawplayer> mooi
[20:36:07] <nomadz> ik ga zo wat gyros bakken
[20:36:10] <rawplayer> lekker
[20:36:39] <nomadz> eens vroeg thuis vanavond
[20:37:17] <nomadz> rode kruis geeft een les "tent opzetten", ik als eerste in 2 minuten opgezet en houdoe en bedankt
[20:37:19] <nomadz> dom gedoe
[20:37:51] <rawplayer> ik zag net een busje van het rode kruis
[20:38:14] <nomadz> heb je even je middelvinger voor me opgestoken?
[20:39:13] <rawplayer> nee
[20:39:24] <nomadz> jammer
[20:42:14] *** Joins: Beer`_ (beer@5ED0808C.cm-7-1c.dynamic.ziggo.nl)
[20:47:15] <zovty> Hoi.
[20:47:26] <zovty> Hoe was de bbq?
[20:48:29] <rawplayer> was er niet
[20:48:32] <rawplayer> was  gewoon eten
[20:48:36] <rawplayer> carpaccio
[20:48:39] <rawplayer> aspergesoep
[20:48:45] <rawplayer> gevuld gevolgete
[20:48:49] <rawplayer> aardappelcakemeuk
[20:48:51] <rawplayer> nagerecht
[20:48:54] <rawplayer> lif lafjes
[20:48:56] <rawplayer> ditjes en datjes
[20:49:02] <zovty> Nou klinkt goed.
[20:49:19] <rawplayer> zeker
[20:49:22] <rawplayer> en nu lig ik op de bank
[20:49:24] <rawplayer> kaas te vreten
[20:49:27] <zovty> Goedzo jong.
[20:49:30] <zovty> Jij hebt dat verdiend.
[20:49:33] <rawplayer> ja nou
[20:49:51] <zovty> Nouja.
[20:49:55] <zovty> Mag toch ook wel eens gezegd worden.
[20:50:10] <zovty> Ik heb m'n temperatuur sensor aan de praat.
[20:50:27] <zovty> Nou kan ik op me telefoon zien hoe warm ik het heb.
[20:50:43] <zovty> Krijg het alleen nog niet voor elkaar om het door Siri te laten zeggen.
[20:50:46] <rawplayer> duw je dat ding dan in je hol?
[20:50:55] <zovty> Want ik heb dat ding op de vlaamse vrouwenstem gezet.
[20:51:00] <rawplayer> (je telefoon)
[20:51:01] <zovty> En dan wil ik het hier 69 graden stoken.
[20:51:03] <zovty> Nee.
[20:51:09] <rawplayer> o ok
[20:51:19] <zovty> Ik heb een losse tmperatuur en vochtigheidssensor.
[20:51:22] <zovty> En die gekoppeld aan een wifi.
[20:51:28] <zovty> en dat dan weer gekoppeld aan homekit.
[20:51:31] <zovty> En zo verder.
[20:51:37] <rawplayer> ermmmmmmmmm
[20:51:37] <rawplayer> ok
[20:56:27] <zovty> Ik probeer ff een foto op te loaden.
[20:58:05] <zovty> http://tinypic.com/r/waqexx/9
[20:58:06] <digibot> Title: Image - TinyPic - Free Image Hosting, Photo Sharing & Video Hosting (at tinypic.com)
[20:58:38] <zovty> En dat witte dinkie recht is dan de temp. sensor.
[20:58:53] <zovty> En kan ook de vochtigheid meten.
[21:00:31] *** Quits: wirky (werken@ip503c7f23.speed.planet.nl) (Ping timeout: 67 seconds)
[21:00:34] *** Quits: welly7 (willy@ip503c7f23.speed.planet.nl) (Ping timeout: 60 seconds)
[21:00:47] <rawplayer> nice nice
[21:01:22] *** Joins: wirky (werken@ip503c7f23.speed.planet.nl)
[21:01:39] *** Joins: welly7 (willy@ip503c7f23.speed.planet.nl)
[21:01:47] <rawplayer> hoi wirky 
[21:01:49] <rawplayer> hoi welly7 
[21:02:37] <wirky> 4 x paracetamol
[21:04:19] <rawplayer> waaro
[21:04:20] <rawplayer> m
[21:04:25] <rawplayer> ik ga zo nog wat huilen
[21:04:54] <wirky> ik heb me pink afgezaagd met de decoupeer
[21:05:15] <wirky> als offer voor de goden
[21:05:17] <zovty> Je hebt toch 2 pinken.
[21:05:27] <zovty> Waarom ga je huilen rawpy?
[21:05:31] <zovty> Vind je huilen fijn?
[21:06:28] <rawplayer> nee
[21:06:37] <rawplayer> wirky: echt?
[21:07:07] <rawplayer> :|
[21:07:26] <wirky> neeh koppijn hoor
[21:07:27] <zovty> Me fitnissmatje wordt morgen beozrgd.
[21:07:30] <zovty> bezorgd.
[21:08:30] <Redhead> navondjes zomerse rakkers
[21:08:35] <Boots> Avobd
[21:08:36] <Boots> n
[21:08:38] <zovty> He reddie.
[21:08:52] <Redhead> heya zovtelie ende Boots 
[21:09:00] <Redhead> hoe is t leven ?
[21:09:09] <Boots> Ik heb honger
[21:09:12] <Boots> En geen energie om eten te maken
[21:09:24] <Boots> Heb net laatste restje gedeeld
[21:09:57] <Redhead> oh , en nu?
[21:10:00] <Antarez> blep
[21:10:07] <Boots> Ik had minder weg moeten geven
[21:10:15] <Boots> En meer voor mezelf moeten claimen
[21:10:31] <zovty> Ja, of gewoon ff opstaan en eten maken.
[21:10:35] <Boots> En nu weet ik niet :P
[21:10:41] <Boots> Gewoon ff, doe jij t ff?
[21:10:47] <zovty> Nee, te moe, te moe.
[21:10:54] <Boots> Lees dan ff
[21:11:39] <Redhead> en de mee eter? niet beschikbaar?
[21:11:43] <Boots> Mope
[21:11:44] <Boots> Nope
[21:12:00] <Redhead> k met peren
[21:12:06] <Redhead> alleen dan zonder peren
[21:12:06] <Boots> Jep
[21:12:09] <Redhead> ;p
[21:12:09] <Boots> :P
[21:12:17] <Redhead> anders kon je die wel lekker opsmikkelen
[21:12:31] <Boots> Daarom zeg ik ik had meer moeten claimen
[21:12:53] <Boots> Al vrees ik dat t dan nog niet genoeg was
[21:12:54] <Boots> :D
[21:15:53] *** Joins: SCHAPiE (dorian@dhcp-077-249-247-124.chello.nl)
[21:17:04] <Fiebel> kbener
[21:18:22] <Redhead> hola fiebselie 
[21:18:31] <Fiebel> rrrrrrrrrrrrrrrrrrrrrrrredieeeeeeeeeeeeeeeee
[21:18:33] <Fiebel> :***
[21:18:37] * rawplayer kroelt fabis
[21:18:40] <Boots> Aloha
[21:18:41] <Redhead> kusselies 
[21:19:04] <Fiebel> hallo hallo hallo
[21:26:11] *** Joins: coreblink (coreblink@145.132.131.160)
[21:26:29] *** Quits: coreblink (coreblink@145.132.131.160) (Exit)
[21:27:19] <rawplayer> morgen weer crossfit
[21:27:21] <rawplayer> vandaag niet gegaan
[21:29:22] <Fiebel> oooooh
[21:29:23] <Fiebel> goed zo
[21:29:26] <Fiebel> goed crossfitte\
[21:29:36] <rawplayer> haal de het niet
[21:30:52] *** Joins: Stuiterbal (Stuit@2001:980:5281:1:549f:dde3:122c:448)
[21:31:19] <Fiebel> 2 uur te laat
[21:31:20] <Fiebel> zovty
[21:31:23] <Fiebel> zeg er wat van
[21:31:53] <rawplayer> die is bezig met vocht in zijn kont te meten
[21:32:00] <rawplayer> en siri dat laten zeggen
[21:32:06] <rawplayer> via een knutselwerkje
[21:32:20] <Fiebel> ...
[21:32:21] <Fiebel> ah
[21:32:23] <Fiebel> die jonge ook he
[21:32:29] <Fiebel> ken zich zelf zo goed vermake
[21:32:36] <rawplayer> ja
[21:32:40] <rawplayer> hij is erg zoet
[21:36:38] <zovty> Jajoh.
[21:36:40] <zovty> Stuiter.
[21:36:44] <zovty> Beetje laat he.
[21:36:49] <Fiebel> goezo
[21:36:50] <zovty> Ik hoop niet dat je nu al sterallures krijgt.
[21:36:59] <zovty> Zo groot ben je nou ook weer niet.
[21:37:16] <zovty> Dat kan nog komen.
[21:37:23] <zovty> Maar je fans accepteren dit soort gedrag nog niet.
[21:37:29] <zovty> Je bent niet lady gaga of madonna.
[21:38:01] <Stuiterbal> Nee, Fiebel.
[21:38:05] <Stuiterbal> Je bent niet fcking Lady Gaga of Madonna.
[21:38:22] <zovty> Leuke poging.
[21:38:24] <Fiebel> kom maar een ritje maken op mijn discostok kul
[21:38:50] <Stuiterbal> wtf
[21:39:11] <zovty> Oja.
[21:39:17] <zovty> Player wilde ook met jou een ritje maken.
[21:39:22] <zovty> Met faboise.
[21:39:23] <Fiebel> :|
[21:39:29] <Fiebel> brrrrrrroembrrrrrrrroem
[21:39:51] <zovty> http://www.fitness-seller.nl/iron-force-pull-sled/
[21:39:52] <digibot> Title: Iron Force Pull Sled - Fitness Seller (at www.fitness-seller.nl)
[21:40:02] *** Quits: wirky (werken@ip503c7f23.speed.planet.nl) (Exit)
[21:40:10] <Fiebel> :|
[21:40:16] <Stuiterbal> gross
[21:40:20] <zovty> Ja, ik vond het ook smakeloos hoor.
[21:40:22] <zovty> Maarja.
[21:40:32] <zovty> Als ie het eenmaal in ze kop heb zitten, dan hebbie het niet in ze kont.
[21:40:46] <zovty> Ofzoiets.
[21:40:48] <zovty> Weet ik veel.
[21:40:54] <Fiebel> zooetma
[21:42:12] <zovty> Jajoh.
[21:42:59] * Fiebel bakert zovty in
[21:43:07] * Fiebel duwt een speen in zovty
[21:43:13] * Fiebel legt zovty zoet in de kribbe
[21:43:14] <zovty> *tuttut*
[21:43:26] <rawplayer> hoi
[21:43:27] <rawplayer> kben er
[21:43:28] <zovty> Hoi.
[21:43:31] <zovty> Gezellig.
[21:43:38] <zovty> Kom je ook in de kribbe?
[21:43:51] * Fiebel bakert rawplayer in
[21:43:56] <rawplayer> nee
[21:43:56] * Fiebel duwt een speen in rawplayer
[21:44:01] <rawplayer> ik lig hier prima
[21:44:03] * Fiebel legt rawplayer zoet in de kribbe
[21:44:04] <rawplayer> waar ik nu lig
[21:44:05] <zovty> Welcome to my crib yo.
[21:44:35] <rawplayer> zou er een bed bestaan met ingebouwde koelribben
[21:44:37] <Fiebel> this is where the magic happens
[21:44:37] <zovty> Dat was toch ook mooie tv he.
[21:44:47] <zovty> Ik neem aan dat je een waterbed ook wel kan laten koelen.
[21:44:53] <Fiebel> ik zoek nog steds dat ene fragmenje
[21:44:56] <rawplayer> ja maar das stom
[21:44:59] <Fiebel> met x to the z to the ibit
[21:44:59] <Fiebel> NO!
[21:45:02] <Fiebel> gihihghigighghghhgi
[21:45:14] <zovty> Dat weet ik niet zo goed.
[21:45:18] <Fiebel> wel
[21:45:20] <Fiebel> met die big mama
[21:45:34] <Fiebel> dat xzibit zo een beetje een foute omerking maakte
[21:45:35] <zovty> Oh, van pimp my ride?
[21:45:41] <Fiebel> en zij hem zo all nasty in de hoek zetten
[21:45:47] <Fiebel> met een korte maar duidelijke NO
[21:45:51] <Fiebel> waar hij ook van schrok
[21:45:53] <Fiebel> en toen moest lachen
[21:45:54] <Fiebel> van angst
[21:46:09] <zovty> Je hebt dat fragmentje helemaal niet nodig, het zit perfect in je hoofd.
[21:46:27] <Fiebel> ja maar dan wil ik het eens laten zien
[21:46:29] <Fiebel> aan anderen
[21:46:35] <Fiebel> en dan kunnen ze het deurtje naar mijn hoofd niet vinden
[21:46:41] <zovty> Joh, doe gewoon dit knippen en plakken.
[21:46:50] <Fiebel> ja dan heb ik het toch niet meer
[21:46:56] <Fiebel> zo leuk vind ik hullie nie thoor
[21:47:03] <Fiebel> ik heb het liever zelf dan dat hullie het hebben
[21:47:10] <zovty> Being Faboise from #fok.
[21:47:12] <rawplayer> ik heb zin in hotelcake
[21:47:17] <rawplayer> zo'n plakkerig stuk
[21:47:19] <zovty> Wat is hotelcake?
[21:47:21] <Fiebel> oc heerlijk
[21:47:23] <Fiebel> natte cake
[21:47:26] <rawplayer> ja
[21:47:30] <zovty> Oh, ok.
[21:47:33] <Fiebel> zo'n mooie naam
[21:47:35] <Fiebel> NATTEKEEK
[21:47:35] <rawplayer> waarom heet dat zo?
[21:47:39] <Fiebel> MMMMMMMMMMMMMMMMMMMMMMMMMMMMMMMMMMMMMMMMMMMMMMMMMMMMMMMMMMMMMMMMMMMMMOIST
[21:47:55] <zovty> Ik weet dat niet.
[21:47:56] <Fiebel> lekker met spuitbus slagroom
[21:47:57] <Fiebel> :r
[21:47:59] <zovty> Maar wikipedia vast wel.
[21:49:28] *** Joins: rhod (rhod@86.85.193.196)
[21:49:34] <zovty> Hoi rhod.
[21:50:01] <rawplayer>  De term 'hotelcake' wordt wel gebruikt voor fabrieksmatige gemaakte, soms wat grotere cake, waarvan voor recepties e.d. veel plakken kunnen worden afgesneden
[21:50:16] <zovty> Oh.
[21:50:20] <zovty> Ik vind die juist altijd kleiner.
[21:50:32] <zovty> Tenminste...
[21:50:45] <zovty> De caken die ik altijd bak zijn groter.
[21:50:48] <zovty> Cakes.
[21:50:52] <zovty> Caken.
[21:51:18] *** Joins: mtre (Mibbit@ip56514bae.adsl-surfen.hetnet.nl)
[21:51:29] <Fiebel> lekker hoor
[21:52:12] *** Quits: mtre (Mibbit@ip56514bae.adsl-surfen.hetnet.nl) (Exit)
[22:00:00] <Fiebel> pep leg mij voor schandaal
[22:00:01] <Fiebel> :|
[22:02:40] <rawplayer> kwil ook een pep
[22:02:48] <rawplayer> kank nu wel ff hebben
[22:02:51] <rawplayer> lekker tegenaan kroelen
[22:02:55] <rawplayer> en purren
[22:02:56] <rawplayer> O+
[22:03:15] <rawplayer> ik mag biebier lenen
[22:03:16] <rawplayer> van zovty
[22:03:17] <Fiebel> gihghighighi
[22:03:24] <Fiebel> lief
[22:03:43] <Fiebel> lekker met je neus in een poezenbuikje
[22:03:51] <rawplayer> ja
[22:04:54] <rawplayer> http://img.pr0gramm.com/2016/05/12/83027e1e5174ecc2.jpg
[22:05:26] <Fiebel> ghhighgighi
[22:05:53] <Firewarrior> dikke tieten
[22:06:14] <Firewarrior> toen ik me verveelde was er niemand en nu zijn er wel mensen
[22:06:14] <Firewarrior> pff
[22:07:06] <Fiebel> zo is het leven
[22:08:05] <Firewarrior>  maar ik verveelde me nu weer een beetje
[22:08:29] <Firewarrior> verveel*
[22:11:18] <Firewarrior> blijft een stroopwafel die in een trommel zit buiten de kast houdbaar?
[22:17:46] <Boots> Je moet 'm op een kop warme thee leggen
[22:17:51] <Boots> En dan in de diepvries doen
[22:17:54] <Boots> In een theedoek
[22:32:45] <rawplayer> hallo
[22:32:47] <rawplayer> ik ben er
[22:32:48] <Pandora> gezellig, rawplayer is er!
[22:50:25] *** Quits: Jeroen (Jeroen@wlan-145-94-195-114.wlan.tudelft.nl) (Exit)
[23:03:26] *** Joins: Jeroen (Jeroen@ip82-139-124-155.lijbrandt.net)
[23:03:37] *** Quits: Jeroen (Jeroen@ip82-139-124-155.lijbrandt.net) (Exit)
[23:18:48] <Firewarrior> wie ben jij?
[23:19:53] *** Joins: Andros (Andros@203.124-244-81.adsl-dyn.isp.belgacom.be)
[23:20:19] <zovty> Hoi.
[23:20:27] <Andros> aloha
[23:20:34] <zovty> He andros.
[23:20:36] <zovty> Alles goed?
[23:20:42] <Andros> zeker
[23:20:42] <Andros> me u?
[23:20:57] <zovty> Jahoor.
[23:21:04] <zovty> Echt supergoed.
[23:21:13] <zovty> Alleen kan ik niet slapen.
[23:21:22] <Andros> 'k woon in d'n Belgique en 'k zen Eurosong fan, wat kan er nie goe zen :P 
[23:21:42] <zovty> O, ik volg dat niet.
[23:21:46] <zovty> Heeft belgie het goed gedaan?
[23:21:59] <Andros> door naar de finale
[23:22:04] <zovty> Oh, netjes hoor.
[23:22:12] <zovty> Nederland ook toch?
[23:22:15] <Andros> als laatste genoemd, de klootzakken :P
[23:22:22] <Andros> NL dinsdag al he
[23:22:27] <zovty> Maximale spanning gehad ;)
[23:22:49] <Andros> beetje gelijk Anouk in 2013
[23:24:33] <zovty> Ja, dat kan wel ja.
[23:24:36] <zovty> Was ook al laastste.
[23:25:10] <rawplayer> en op ek?
[23:26:27] <zovty> Geen idee.
[23:28:22] <BD> Gefeliciteerd Andros!
[23:28:28] <BD> ja, ze hielden ons goed in spanning. 
[23:28:37] <BD> Als nr 8 Israel, ik baalde enorm
[23:28:40] <BD> daarna twee toffe landen :)
[23:31:08] <BD> het is jammer dat Macedonië niet door is, dat gold eergisteren ook al voor Bosnië en Herzegovina. Die landen zongen in eigen taal en dan ga je meestal minder makkelijk door.
[23:33:40] *** Quits: Fe2O3 (Fe2O3@h70248.upc-h.chello.nl) (Exit)
[23:38:09] <zovty> Eh, ja.
[23:38:11] <zovty> Dat is en keuze he.
[23:40:47] <Andros> balkan balladjes is altijd afwachten
[23:40:56] <Andros> Knez lukte het vorig jaar wel
[23:57:49] *** Quits: rhod (rhod@86.85.193.196) (Exit)
[23:58:46] *** Joins: rhod (rhod@86.85.193.196)
