[00:11:13] *** Quits: Guyver2 (Guyver2@guyver2.xs4all.nl) (Client exited)
[00:21:33] *** Quits: Jeroen (Jeroen@ip82-139-124-155.lijbrandt.net) (Exit)
[00:37:20] *** Quits: Punnik (Punnik@h103151.upc-h.chello.nl) (Exit)
[00:44:04] *** Quits: SubSpace (subspace@D57DD135.static.ziggozakelijk.nl) (Exit)
[00:51:12] <Fiebel> had ik maar sjippies
[00:57:26] * SOFIE geeft Fiebel shippies
[00:57:35] <Fiebel> och sofie
[00:57:41] <Fiebel> wat ben je toch een fantastisch mes
[00:57:56] <SOFIE> mes?
[00:58:02] <Fiebel> mens natuurlijk
[00:58:05] <Fiebel> mens!
[00:59:00] <SOFIE> oef
[00:59:01] <SOFIE> :3
[00:59:01] <SOFIE> <3
[00:59:03] <SOFIE> xoxoxoxoxox
[00:59:04] <SOFIE> <3
[00:59:10] <Fiebel> ex-ooh-ex-oooh
[01:01:27] *** Quits: coreblink (coreblink@145.132.131.160) (Exit)
[01:10:33] *** Joins: SubSpace (subspace@D57DD135.static.ziggozakelijk.nl)
[01:11:48] *** Quits: WvdL (uid21241@2604:8300:100:200b:6667:2:0:52f9) (Exit)
[01:16:42] *** Joins: Stuiterbal (Stuit@2001:980:5281:1:20db:d429:b251:e1fc)
[01:20:37] *** Quits: Fiebel (PrincessCo@d77048.upc-d.chello.nl) (Exit)
[01:27:37] *** Joins: Punnik (Punnik@h103151.upc-h.chello.nl)
[01:33:51] *** Quits: Teckna1 (jonathan@52487D74.cm-4-1b.dynamic.ziggo.nl) (Ping timeout: 60 seconds)
[01:50:37] *** Joins: Teckna (jonathan@52487D74.cm-4-1b.dynamic.ziggo.nl)
[01:56:10] *** Quits: Stuiterbal (Stuit@2001:980:5281:1:20db:d429:b251:e1fc) (Exit)
[01:57:55] *** Quits: t4rt4rus (t4rt4rus@s559686af.adsl.online.nl) (Client exited)
[01:58:17] *** Quits: Hepp (Geert@torino.marketimedia.nl) (Ping timeout: 60 seconds)
[02:00:20] *** Joins: t4rt4rus (t4rt4rus@s559686af.adsl.online.nl)
[02:05:23] *** Quits: Beer`__ (beer@5ED0808C.cm-7-1c.dynamic.ziggo.nl) (Exit)
[02:08:41] *** Joins: Hepp (Geert@torino.marketimedia.nl)
[02:09:12] *** Quits: QORRiE (dorian@dhcp-077-249-247-124.chello.nl) (Exit)
[02:36:02] *** Quits: Teckna (jonathan@52487D74.cm-4-1b.dynamic.ziggo.nl) (Ping timeout: 60 seconds)
[02:42:17] *** Joins: Teckna (jonathan@52487D74.cm-4-1b.dynamic.ziggo.nl)
[02:50:23] *** Quits: Teckna (jonathan@52487D74.cm-4-1b.dynamic.ziggo.nl) (Ping timeout: 60 seconds)
[02:53:11] *** Joins: Teckna (jonathan@52487D74.cm-4-1b.dynamic.ziggo.nl)
[03:04:24] *** Quits: Teckna (jonathan@52487D74.cm-4-1b.dynamic.ziggo.nl) (Ping timeout: 60 seconds)
[03:22:57] *** Joins: Teckna (jonathan@52487D74.cm-4-1b.dynamic.ziggo.nl)
[04:00:49] *** Quits: Teckna (jonathan@52487D74.cm-4-1b.dynamic.ziggo.nl) (Ping timeout: 60 seconds)
[04:03:55] *** Joins: Teckna (jonathan@52487D74.cm-4-1b.dynamic.ziggo.nl)
[06:19:40] <Spacecowboy> YOLO
[06:35:49] *** Quits: Teckna (jonathan@52487D74.cm-4-1b.dynamic.ziggo.nl) (Ping timeout: 60 seconds)
[06:36:19] *** Joins: Teckna (jonathan@52487D74.cm-4-1b.dynamic.ziggo.nl)
[06:51:18] <zovty> Hoi.
[06:51:23] * zovty heb een smoefie.
[06:51:49] <zovty> Van vla, avocado, sinaasappel, banaan, havermout en boerenkool.
[06:52:05] <zovty> Goed bezig zovty!
[07:21:11] *** Quits: Teckna (jonathan@52487D74.cm-4-1b.dynamic.ziggo.nl) (Ping timeout: 66 seconds)
[07:21:57] *** Joins: Teckna (jonathan@52487D74.cm-4-1b.dynamic.ziggo.nl)
[07:32:03] <zovty> Hoi teckna.
[07:32:07] <zovty> Leuk dat je er weer bent.
[07:33:15] <Teckna> niet voor lang
[07:33:17] <Teckna> zo naar werk
[07:33:46] <zovty> Oh, jammer.
[07:33:52] <zovty> Wij hebben altijd van die goeie gesprekken.
[07:33:57] <zovty> Over de kwaliteit van je internet verbinding.
[07:33:59] <zovty> Die is echt ruk he.
[07:34:02] <zovty> De tering he.
[07:34:07] <zovty> Jij bent vaker offline dan online.
[07:49:07] *** Joins: Jeroen (Jeroen@ip82-139-124-155.lijbrandt.net)
[08:00:20] <Redhead> morning
[08:00:21] *** Joins: Andros (Andros@203.124-244-81.adsl-dyn.isp.belgacom.be)
[08:02:20] <zovty> Redsel.
[08:02:22] <zovty> Goeiesmorgens.
[08:02:39] <zovty> Och jongens wat vroeg.
[08:02:47] <zovty> Ik heb nog wel veel slaap.
[08:02:51] <zovty> Waar is player?
[08:02:55] <zovty> Player kom er eens uit.
[08:03:00] <zovty> Je was gisteren ook al laat.
[08:03:53] <Redhead> morrie zovtelie , ik wil ook nog ff onder de deken terug kruipen maar jaaaaaaaa
[08:04:41] <zovty> Jah.
[08:04:44] <zovty> Maarja.
[08:04:47] <zovty> Ik zit al op kantoor.
[08:04:53] <zovty> En me collegas beginnen binnen te druppelen,
[08:04:58] <zovty> Kan nou niuet meer terug.
[08:05:11] <zovty> !seen kiekert
[08:05:11] <digibot> zovty: kiekert was last seen in #fok 15w 6d 19h 45m 37s ago: <kiekert> *dansje doet met punn en nieks*
[08:05:18] <zovty> Die komt ook nooit meer terug.
[08:05:46] *** Joins: Fiebel (PrincessCo@d77048.upc-d.chello.nl)
[08:05:48] <Fiebel> kbener
[08:06:01] <rawplayer> hallo
[08:06:02] <rawplayer> ik ben er
[08:06:02] <Pandora> gezellig, rawplayer is er!
[08:06:14] <Fiebel> ooooooooooooooooooooooooooooooooooooooooooooo
[08:06:15] <Fiebel> gezellig
[08:06:18] <Redhead> fiebselie:***
[08:06:24] <Fiebel> he reddie!
[08:06:27] <Fiebel> :***
[08:06:30] * rawplayer kroelt en knuffelt fabis
[08:06:50] * Fiebel spint als een poezeknor
[08:06:55] <rawplayer> O+
[08:07:03] <Redhead> lekker spinnen
[08:07:48] <Fiebel> poes lag helemaal languit
[08:07:57] <Fiebel> als een baantjelijk
[08:07:58] <Fiebel> gihgihhigghi
[08:07:59] <zovty> Faboise.
[08:08:00] <zovty> Player.
[08:08:01] <Fiebel> maar was niet
[08:08:02] <Redhead> als n knijn
[08:08:03] <Fiebel> gewoon lui
[08:08:03] <zovty> Gezellig dat jullie er zijn.
[08:08:06] <Fiebel> zovty
[08:08:07] <Fiebel> ja zo
[08:08:07] <Escovan> nee
[08:08:09] <Fiebel> was ook niet
[08:08:12] <Fiebel> gewoon lui
[08:08:26] <Fiebel> maar nu springt ze als een jonge hinde over mijn bipsje heen
[08:08:38] <Fiebel> ze klautert nooit
[08:08:38] <Escovan> bipsje?
[08:08:42] <Fiebel> ze springt
[08:08:44] <Escovan> eufemisme van de dag?
[08:08:48] <Fiebel> als een jonge hinde
[08:08:53] <Fiebel> nou
[08:08:59] <zovty> Heb je wel een jonge hinde zien strumpele.
[08:08:59] <Fiebel> hij is een hoop gekrompen hoor :{
[08:09:05] <zovty> Die zijn me een partij onhandig.
[08:09:06] <Fiebel> ik had liever eerst minder pens
[08:09:14] <zovty> Ja.
[08:09:15] <zovty> Nee.
[08:09:16] <Fiebel> jij hebthet over een beebiehinde
[08:09:20] <rawplayer> hallo ijsje
[08:09:24] <zovty> Niks aan die billen doen.
[08:09:26] <Fiebel> ik heb het gewoon over en jonge hinde
[08:09:26] <zovty> Geowon zo laten.
[08:09:29] <Fiebel> in de bloei van haar leven
[08:09:31] <rawplayer> HALLO IJSJE
[08:09:31] <zovty> Oh, een jongen.
[08:09:33] <Fiebel> t laat
[08:09:36] <zovty> Ja, hallo rawaplyer.
[08:09:41] <zovty> IK HAD AL WAT GEZEGD TEGEN JOU HE VREIND!
[08:09:46] <zovty> MAAR DAAR GING JE OOK WEER NIET OP IN!
[08:09:46] <Escovan> Ik word ook alleen maar vetter en vetter. Straks kan ik niet meer zelf uit bed komen, of kunnen mijn enkels me niet dragen.
[08:09:52] <zovty> EN FDAN GLIJK WEER ZO"N BEK OPZETTEN!
[08:09:57] <rawplayer> :|
[08:09:57] <zovty> OOK! FUCKING! GOEIEMORGEN!!!!!!!!!!!!
[08:10:01] <Fiebel> rustag!!!!!!
[08:10:21] <zovty> :|
[08:10:35] <Fiebel> lawaaipapagaai
[08:10:41] <zovty> Ja, ej.
[08:10:47] <zovty> Dat gedoe begint me danig de keel uit te komen.
[08:10:47] <Fiebel> EERSTVOLGENDE IN DE WACHTRIJ *O*O*O*
[08:10:52] <zovty> Ok.
[08:10:55] <zovty> Welke wachtrij?
[08:11:03] <Fiebel> van de telefoon
[08:11:07] <zovty> Ahja.
[08:11:10] <zovty> UWV?
[08:11:14] <Fiebel> tuulk niet
[08:11:17] <Fiebel> die mag je niet bellen he
[08:11:22] <zovty> Nee, maar kan wel.
[08:11:26] <zovty> Maar dan kom je in de wachtrij.
[08:11:29] <Fiebel> ja
[08:11:37] <Fiebel> en dan nemen ze op en zeggen ze dat je de werkmap moet gebruiken
[08:11:57] <Fiebel> och jonges
[08:11:58] <Fiebel> nog een week
[08:11:59] <zovty> En voor zover ik weet is xs4all na uwv de enige die meldt dat je de eerstvolgende wachtende bent.
[08:11:59] <Fiebel> dan vakantiegeld
[08:12:06] <zovty> En jij hoeft xs4all niet te bellne.
[08:12:06] <zovty> God nou!
[08:12:09] <zovty> Nog wel meer!
[08:12:16] <zovty> Bijna 2.
[08:12:20] <rawplayer> hey dat krijg ik volgens mij ook
[08:12:23] <rawplayer> vakantiegeld
[08:12:25] <rawplayer> van uwv
[08:12:26] <zovty> Ja!
[08:12:36] <zovty> Dan gaan we naar de efteling.
[08:12:42] <rawplayer> ja ik wil wel
[08:12:52] <rawplayer> neem ik pep aan een lijntje en bierbie
[08:12:53] <rawplayer> mee
[08:12:56] <rawplayer> lekkerk wandlen
[08:12:58] <rawplayer> met 2 poezen
[08:12:58] <zovty> :|
[08:13:00] <zovty> Mag niet.
[08:13:02] <rawplayer> en samen in de python
[08:13:04] <zovty> Geen huisdieren.
[08:13:14] <rawplayer> zijn dan ook geen huisdieren he
[08:13:16] <rawplayer> maar wilde tijgers
[08:13:18] <rawplayer> WRAAHWRAAH
[08:13:22] <zovty> En soberso moeten poezen neit aan lijntjes.
[08:13:24] <zovty> Maar dat is mijn mening.
[08:13:39] <zovty> Een lijntje van een poes daarentegen :9~.
[08:13:54] *** Joins: wirky (werken@ip503c7f23.speed.planet.nl)
[08:13:56] <bReChThOu> rawpie o/
[08:13:59] <rawplayer> ohhh vanavond crossfitten
[08:13:59] <bReChThOu> mogge zovty
[08:14:00] <bReChThOu> mogge wirky
[08:14:01] <rawplayer> wt fijn
[08:14:06] <rawplayer> boxjumps en squatten
[08:14:07] <zovty> Breggie.
[08:14:07] <Fiebel> och jonges
[08:14:11] <Fiebel> de dag is een halve seconde oud
[08:14:15] <Fiebel> en ik heb al een finkie
[08:14:19] <zovty> Goedzo.
[08:14:21] <zovty> Lekker kakken.
[08:14:22] <rawplayer> goedzo
[08:14:25] <Fiebel> poezen moeten niet aan lijntjes
[08:14:27] <zovty> Ik heb vnoggend ook gekakt.
[08:14:35] <zovty> Maar lijntjes van poezen daarentegen he!
[08:14:38] <zovty> hwhehehehehehehehehe.
[08:14:40] <wirky> morges bReChTly
[08:14:42] <zovty> :|
[08:14:52] <rawplayer> ik ga koffie zetten
[08:14:52] <Fiebel> tenzij ze met hun schobbejakpens het ordivreten van de hele buurt op gaan schrokken terwijl ze op streng dieet zijn
[08:14:53] <Fiebel> :')
[08:14:57] <rawplayer> en een grote plas doen
[08:15:00] <Fiebel> ik ook een bakkie graag
[08:15:04] <rawplayer> okido
[08:15:06] <zovty> Lekker hoor.
[08:15:09] <rawplayer> ik maak ook kapsalons
[08:15:12] <rawplayer> iemand ook 1?
[08:15:15] <zovty> Ja, lekker.
[08:15:16] <zovty> Lust ik wel.
[08:15:16] <Fiebel> mag ik 2?
[08:15:18] <rawplayer> okido
[08:15:19] <rawplayer> ja hoor
[08:15:22] <rawplayer> voor jou 2
[08:15:23] <zovty> Heb je weer vrij?
[08:15:26] <Fiebel> zonder sla plz
[08:15:31] <rawplayer> ja zonder sla
[08:15:33] <rawplayer> nee
[08:15:35] <rawplayer> geen vrij
[08:15:39] <zovty> GEwoon beetje laat.
[08:15:43] <rawplayer> och 
[08:15:44] <zovty> Of gewoon schijt aan de tijd.
[08:15:44] <rawplayer> laat
[08:15:45] <rawplayer> laat
[08:15:47] <rawplayer> wat is laat
[08:15:50] <rawplayer> ja dat laatste
[08:15:52] <zovty> Ja, dit is laat.
[08:16:00] <rawplayer> niemand die mij mist
[08:16:00] <zovty> Om nu nog in je nest te leggen met een echte baan is gewoon laat.
[08:16:08] <rawplayer> hoezo dat
[08:16:08] <Escovan> dat geen werk doen ¨vrij hebben¨ heet zegt al wel dat je parttime gevangen zit.
[08:16:15] <zovty> Ja, vind ik gewoon.
[08:16:17] <zovty> Ga ik niet uitleggen.
[08:16:26] <Fiebel> is goed hoor kindje
[08:16:29] <Fiebel> mag jij toch vinden
[08:16:30] <Fiebel> zoetma
[08:16:32] <zovty> Jajoh.
[08:16:38] <zovty> Jajoh, zoetma stilma lma.
[08:16:38] <rawplayer> werk en tijd is oud
[08:16:46] <zovty> Diep.
[08:16:48] <zovty> Onzinnig.
[08:16:49] <zovty> Maar diep.
[08:16:51] <Fiebel> rawpie is nieuw
[08:16:53] <Fiebel> och heerlijk
[08:16:54] <Fiebel> lekkr diep
[08:16:57] <bReChThOu> 5 vuisten diep
[08:16:58] <Fiebel> bambambambam
[08:16:59] <Fiebel> nou
[08:17:01] <zovty> Lekker diep pompen.
[08:17:03] <rawplayer> dat jij elke dag moet klokkken om 7:30
[08:17:07] <zovty> IN DE KONT!
[08:17:08] <rawplayer> en verveeld daar zit
[08:17:10] <Fiebel> ik weet niet waar ik het over heb hoor
[08:17:11] <Fiebel> excuseer mij
[08:17:14] <rawplayer> wil niet zeggen dat andere mensen dat ook doen
[08:17:15] <zovty> Ik moet dat niet he.
[08:17:27] <zovty> Maar ik ben gewoon lekker vroeg, kan ik hier een betje wakker worden, met jullie keuvelen.
[08:17:27] <Fiebel> willie gwoon
[08:17:32] <zovty> ZOnder dat iemand er last van heeft.
[08:17:36] <zovty> En ik gewoon dikke doekie verdien.
[08:17:46] <zovty> Doekoe.
[08:17:49] <rawplayer> buiten kantoor uren doe ik thuis ook hobby dat met werk te maken heeft
[08:17:57] <rawplayer> en waar werk zoals jij het kent van profiteert
[08:17:57] <zovty> Ja, ik ook.
[08:18:05] <zovty> Ja, doe ik ook.
[08:18:11] <zovty> Ik ben continue mijn gedachten aan het scherpen.
[08:18:19] <zovty> En mijn verbale capiciteiten aan het opschroeven.
[08:18:19] <rawplayer> wie is dat nu de dompie
[08:18:21] <rawplayer> gij of ik
[08:18:24] <zovty> Met jullie als mijn sparringspartners.
[08:18:28] <Escovan> https://twitter.com/MinPres/status/730130086721159168
[08:18:30] <digibot> Title: Minister-president op Twitter: "Goed nieuws: Ebru Umar komt naar Nederland. Blij dat het zover is." (at twitter.com)
[08:18:35] <zovty> Ik geloof niet dat ik een dompie ben.
[08:18:42] <zovty> En die indruk heb ik van jou ook niet.
[08:18:43] <rawplayer> ik ga koffie zetten
[08:18:48] <zovty> Maar als ik dan moet kiezen dan kies ik voor jou.
[08:18:52] <zovty> Zo ben ik dan ook wel weer.
[08:18:54] <rawplayer> en dadelijk douchen
[08:19:00] <rawplayer> mijn aars schoonspoeen
[08:19:18] <zovty> Heb je daar een aparte doucheslang voor?
[08:19:22] <rawplayer> ja
[08:19:22] <zovty> Of draai je gewoon even de kop los?
[08:19:25] <rawplayer> nee
[08:19:28] <zovty> Ok.
[08:19:28] <zovty> Fijn.
[08:19:38] <rawplayer> jij wel dan?
[08:19:40] <zovty> Nee.
[08:19:44] <zovty> Maar zou ik eigenlijk wel willen.
[08:19:46] <Fiebel> iedereen houdt van doekoe
[08:20:05] <rawplayer> nomadz: kunnen we even de wod doornemen?
[08:20:05] <zovty> Zullen we naar een optreden van Def Rhymes?
[08:20:14] <Fiebel> :N
[08:20:25] <zovty> :|
[08:20:33] <zovty> Iedere ochtnd weer hetzelfde liedje he.
[08:20:35] <Fiebel> :|
[08:20:40] <zovty> Helemaal onder de sinaasappelsapspetters.
[08:20:45] <rawplayer>  A: 8 min AMRAP:
[08:20:45] <rawplayer> 5 Box Jumps 24/20'
[08:20:45] <rawplayer> 10 BackSquats 115/83 Competition weight 135/95#
[08:20:45] <rawplayer> 3 min rest
[08:20:45] <rawplayer> B: 6 min AMRAP
[08:20:45] <Fiebel> ik wil naar veel imaginaire dingen met je zovty
[08:20:48] <rawplayer> 5 Box Jumps 24/20'
[08:20:50] <rawplayer> 10 Back Squats 95/63# Competition 115/83#
[08:20:51] <Fiebel> maar er zijn wel grenzen
[08:20:52] <rawplayer> 3 min rest
[08:20:55] <rawplayer> C: 4 min AMRAP
[08:20:55] <zovty> :|
[08:20:56] <zovty> Maar.
[08:20:57] <rawplayer> 5 Box Jumps 24/20'
[08:21:00] <rawplayer> 10 BackSquats 75/53# Competition 95/63#
[08:21:04] <Fiebel> misschien ga ik wel naar groove armada
[08:21:06] <zovty> We kunnen toch wel gewoon echt naar de efteling?
[08:21:11] *** Quits: Jeroen (Jeroen@ip82-139-124-155.lijbrandt.net) (Exit)
[08:21:11] <Fiebel> jajajaaaaa
[08:21:12] <zovty> I SEE YOU BAB!
[08:21:13] <Fiebel> thuuurlijk
[08:21:16] <zovty> SHAKING THAT ASS!
[08:21:19] <zovty> Hahahahahahahahaha.
[08:21:22] <zovty> Dat is milkie ze liedje.
[08:21:27] <zovty> In mijn hoofd.
[08:21:33] <Fiebel> !seen krt
[08:21:34] <digibot> Fiebel: krt was last seen in #fok 5y 45w 1d 11h 2m 38s ago: <KRT> SMEEJ >:(.
[08:21:35] *** Joins: Jeroen (Jeroen@ip82-139-124-155.lijbrandt.net)
[08:21:41] <rawplayer> ik mis milkt
[08:21:44] <rawplayer> milky
[08:21:46] <Fiebel> ik ook
[08:21:47] <zovty> Player.
[08:21:54] <zovty> Ga je ook mee naar de efteling?
[08:22:00] <zovty> Met mij en fabis?
[08:22:02] <Fiebel> je moet wel mee hoor
[08:22:06] <rawplayer> ja hoor
[08:22:08] <Fiebel> dan kan ik afzeggen en zijn jullie veel handiger met zijn 2
[08:22:08] <zovty> Ok.
[08:22:10] <rawplayer> in gedacht ben ik bij jullie
[08:22:14] <zovty> :|
[08:22:18] <zovty> Wat flauw.
[08:22:21] <rawplayer> ja Fiebel 
[08:22:23] <rawplayer> dat is flau
[08:22:24] <rawplayer> w
[08:22:31] <zovty> Stel je nou toch voor; wij 3en in de efteling.
[08:22:35] <zovty> Staan we in de rij van de vliegende hollander.
[08:22:38] <zovty> Allemaal grappen.
[08:22:40] <zovty> Allemaal grollen.
[08:22:45] <zovty> Heel de rij dubbel.
[08:22:46] *** Quits: Jeroen (Jeroen@ip82-139-124-155.lijbrandt.net) (Ping timeout: 66 seconds)
[08:22:49] <zovty> Zo zou dat gaan.
[08:22:49] <Fiebel> gghghghghghihighihig pep springt op de megahogekussenberg
[08:22:50] <rawplayer> en knetterstoned
[08:22:52] <zovty> En dan lekker bakkie koffie.
[08:23:03] <Fiebel> of 3 nukkige autistjes die naar hun schoenpunten staren
[08:23:04] <zovty> Ja, nemen we een paar dikke mee.
[08:23:06] <zovty> Bakkie slobber.
[08:23:10] <zovty> Jajoh.
[08:23:14] <zovty> Maar dat geeft toch niet.
[08:23:36] <zovty> Ik wil overal in, behalve het schip.
[08:23:40] <zovty> Dat zeg ik alvast.
[08:23:48] <zovty> En zomercarnaval hoeft van mij ook niet.
[08:23:50] <zovty> Of hoe heet dat.
[08:23:57] <zovty> carnavalfestival.
[08:24:08] <Escovan> er zitten meer maandag dan zaterdagen in het leven helaas.
[08:24:20] <zovty> Nou.
[08:24:20] <Fiebel> pleis
[08:24:24] <zovty> Dat zo uik niet willen zeggen.
[08:24:36] <zovty> Pleis?
[08:24:38] <zovty> Carnavalpaleis?
[08:24:39] <Fiebel> dar wil ik wel in
[08:24:39] <zovty> Neejoh.
[08:24:44] <Fiebel> wel toch
[08:24:48] * Escovan is now listening to: Doe Maar - Is dit alles
[08:24:57] <zovty> Lijkt me niet.
[08:24:59] <zovty> Maar maakt me niet uit.
[08:25:03] <zovty> Als jij het zo wil noemen doe je dat.
[08:25:10] <zovty> Maar niet zo hard dat andere mensen het kunnen horen.
[08:25:33] <zovty> In eurodisney hebben ze ook zoiets.
[08:25:35] <zovty> Preices hetzelfde.
[08:25:39] <zovty> Maar dan nog stommer.
[08:27:28] <Fiebel> nou
[08:27:31] <Fiebel> LAAT MAAR WEER
[08:27:52] <zovty> :\
[08:29:12] <Fiebel> mussjeuuukanibaaaaleeee
[08:29:47] <Fiebel> ochjonges
[08:29:53] <Fiebel> pep vanancht de trappelzak aanvallen
[08:29:55] <Fiebel> die werd geeeeeeeeeeeeeek
[08:30:48] <Fiebel> er is met merkstift op de deur van een buurman geschreven: GA MIJ BETALEN!!
[08:30:57] <Fiebel> in the gheeetthoooooooh
[08:31:06] <zovty> Wat moet hij betalen?
[08:31:25] <zovty> En welk merk stift?
[08:31:31] <Fiebel> weet ik niet
[08:31:33] <zovty> :D _O- *O*.
[08:31:34] <Fiebel> weet ik niet
[08:31:35] <zovty> Snapte.
[08:31:38] <Fiebel> ja
[08:31:43] <Fiebel> ik vond het alleen niet zo grappig
[08:31:58] <zovty> Ok.
[08:32:09] <zovty> Voel jij je nu bedreigd?
[08:32:15] <Fiebel> nee
[08:32:19] <zovty> Ok.
[08:32:30] <zovty> Anders kon player je wel beschermen.
[08:32:33] <Fiebel> denk je dat dat moet?
[08:32:36] <zovty> Nee, lijkt me niet.
[08:32:42] <zovty> Woorden doen geen pijn he.
[08:32:50] <Fiebel> stenen en stokken!!
[08:32:51] *** Joins: WvdL (uid21241@2604:8300:100:200b:6667:2:0:52f9)
[08:32:53] <Fiebel> die doen pas pijn
[08:32:55] <zovty> Jajoh.
[08:32:56] <Fiebel> billewasse
[08:32:59] <zovty> Of doornen.
[08:33:03] <zovty> Succes.
[08:33:07] <zovty> Hoi w.
[08:34:22] <WvdL> Hoi ZenF
[08:36:08] <zovty> zovty is met een kleine z.
[08:36:23] <zovty> Ik denk ik zeg het maar even voordat Faboise er weer over gaat flippen.
[08:41:27] <Fiebel> ja
[08:43:20] <Fiebel> mijn orcsen zijn kaduuk
[08:43:26] <Fiebel> terwijl ik no wel les 2 moet doen
[08:43:41] <Fiebel> en rawpy nog wel streng had gezegd dat ze niet kaduuk mochten
[08:44:17] <Fiebel> goffer :')
[08:44:21] <Fiebel> BILLEKIJKEVOOREENKWARTJE
[08:44:28] <Fiebel> BLOTEBILLEKIJKEVOOREENKWARTJE
[08:44:32] <Fiebel> pep legt mij voor schandaal
[08:46:26] <Fiebel> och
[08:46:26] <Fiebel> och
[08:46:27] <Fiebel> och
[08:46:28] <Fiebel> och
[08:46:28] *** Fiebel was kicked by Pandora (Stop repeating yourself!)
[08:46:28] *** Joins: Fiebel (PrincessCo@d77048.upc-d.chello.nl)
[08:49:30] <rawplayer> hoi
[08:49:36] <rawplayer> kreeg je een tik op je toet?
[08:49:45] <Fiebel> nee
[08:49:50] <Fiebel> ze zet het gordijn open
[08:49:54] <Fiebel> terwijl ik lig te airdryen
[08:49:55] <Fiebel> gihgihhig
[08:50:00] <rawplayer> ooo lekke
[08:50:00] <rawplayer> r
[08:51:41] *** Joins: Fem_LittleLady (Mibbit@a82-161-112-138.adsl.xs4all.nl)
[08:51:49] <Fiebel> ha femmie
[08:52:06] <Fem_LittleLady> Hoiii
[08:52:21] <WvdL> hoi Fem_LittleLady 
[08:52:25] <Fem_LittleLady> Hoe is het?
[08:52:38] <Fem_LittleLady> Hoi WvdL
[08:52:38] <WvdL> moe
[08:52:44] <WvdL> vooral moe
[08:52:55] <Fem_LittleLady> Och ken het, slapen is beetje lastig met het warme weer
[08:53:24] <WvdL> mjah,..  echt van dat bleuuhhh weer atm
[08:54:09] <Fem_LittleLady> Ja en ik kan niet slapen als ik zonder deken lig
[08:54:16] <Fem_LittleLady> dus draai draai draai, been eruit
[08:55:22] <rawplayer> femmie <#
[08:55:23] <rawplayer> <3
[08:55:25] <rawplayer> ja
[08:55:27] <rawplayer> dat hek ook
[08:55:33] <rawplayer> vanavond alleen het hoeslaken
[08:55:56] <Fiebel> ik slaap gewoon in de trappelzak
[08:56:01] <Fem_LittleLady> hahaha
[08:56:03] <Fiebel> ik ga weg
[08:56:04] <Fiebel> dag
[08:56:05] *** Quits: Fiebel (PrincessCo@d77048.upc-d.chello.nl) (Exit)
[08:56:12] <rawplayer> dag
[08:56:33] <zovty> Doei.
[08:56:36] <zovty> He femmie.
[08:56:37] <Fem_LittleLady> heb nu amandelmelk
[08:56:41] <rawplayer> lekker hoor
[08:56:41] <Fem_LittleLady> is ook lekker
[08:56:45] <Fem_LittleLady> hoi zovty
[08:56:50] <rawplayer> beter dan koeien meuk
[08:56:55] <rawplayer> nou ja
[08:56:57] <rawplayer> voor mannen iig
[08:56:58] <Fem_LittleLady> Ik drink amper melk
[08:57:06] <rawplayer> omdat in koeien meuk te veel hormonen in zitten
[08:57:13] <rawplayer> wat slecht is voor testosteron levels
[08:57:15] <zovty> Is dat zo?
[08:57:15] <Escovan> melk is voor kalveren
[08:57:23] <Fem_LittleLady> Nee ik drink het niet omdat we er amper wat aan hebben
[08:57:39] <Fem_LittleLady> de calcium kunnen we er haast niet uit halen
[08:57:57] * rawplayer gaat zo eens lekker douchen
[08:57:59] <Fem_LittleLady> Je haalt meer calcium uit een stronk broccoli dan uit een glas melk
[08:57:59] <rawplayer> als de koffie op is
[08:58:02] <bReChThOu> jij bent een kalf
[08:58:20] <rawplayer> broccoli +
[08:58:21] <rawplayer> O+
[08:58:29] <rawplayer> das zo gezond he
[08:58:30] <rawplayer> ijsje
[08:58:33] <rawplayer> ik wil eigenlijk
[08:58:37] <Fem_LittleLady> Daarbij zie ik niet in waarom mensen melk drinken
[08:58:37] <zovty> Ja.
[08:58:37] <rawplayer> dat je broccoli in je smoofies doet
[08:58:45] <zovty> Ik had boerenkool.
[08:58:48] <rawplayer> ok
[08:58:51] <zovty> Maar.
[08:58:53] <zovty> Weet je wat het is.
[08:58:54] <rawplayer> das ook lekker
[08:58:55] <Fem_LittleLady> en als je het al dood haal het dan gewoon bij de boer, rauwe melk
[08:58:56] <rawplayer> nou
[08:59:01] <zovty> Boerenkool kan gewoon in de vriezer.
[08:59:03] <rawplayer> ja
[08:59:04] <zovty> Pak je gewoon steeds een hadje.
[08:59:05] *** Quits: Andros (Andros@203.124-244-81.adsl-dyn.isp.belgacom.be) (Ping timeout: 66 seconds)
[08:59:06] <rawplayer> ja
[08:59:09] <zovty> En broccoli gaat zo meuren.
[08:59:12] <rawplayer> das makkelijk
[08:59:17] <zovty> Ja, is zo.
[08:59:20] <zovty> Spinazie kan ook wel.
[08:59:31] <rawplayer> maar wat bedoel je met meuren?
[08:59:36] <zovty> Stinken.
[08:59:37] <rawplayer> je an toch een paar stronkjes afsnijden?
[08:59:40] <rawplayer> van een stronkje?
[08:59:43] <zovty> Ja, en de rest dan?
[08:59:50] <rawplayer> 's avond bereiden?:$
[08:59:53] <zovty> Oh zo.
[08:59:56] <zovty> Ja, nee, dat zou kunnen.
[09:00:00] <rawplayer> ja nee ok
[09:00:06] <zovty> Ik neem het mee!
[09:00:08] <zovty> Bedankt voor je advies.
[09:00:09] <rawplayer> ik had mieren
[09:00:10] <rawplayer> in de keuken
[09:00:13] <zovty> Oh, choor.
[09:00:18] <rawplayer> die waren om mijn jumbo frambozenmeuk aan het dansen
[09:00:21] <Fem_LittleLady> Ohw daar heb je wat leuks voor
[09:00:28] <rawplayer> dus dat ligt in de prullenbak
[09:00:28] <rawplayer> en ff gepoetst
[09:00:28] <Fem_LittleLady> gewoon melk poeder
[09:00:35] <rawplayer> oh echt?
[09:00:38] <zovty> En dan?
[09:00:38] <Fem_LittleLady> vinden ze geweldig
[09:00:41] <zovty> Eh.
[09:00:58] <zovty> Dus dan krijg je meer mieren?
[09:01:00] <Fem_LittleLady> en dat nemen ze mee en omdat melk poeder uitzet bij vocht knallen hun achterlijfjes uit elkaar zodra ze het eten
[09:01:09] <zovty> Oh, ok.
[09:01:15] <zovty> Bruut.
[09:01:16] <Fem_LittleLady> Ja ik ben een echte dierenvriend
[09:01:21] <zovty> Nou inderdaad :D
[09:01:40] <Escovan> http://nos.nl/artikel/2104357-maaltijdbox-makkelijker-op-te-zeggen-na-ingrijpen-acm.html <--- wut? 6 bedriven die in feite alleen je boodschappen komen brengen? Fuck dat. Als ik een FoodBox order, dan zal het maar beter een kant-en-klare-dampende-direct-eten-nu-maaltijd zijn.
[09:01:41] <digibot> Title: Maaltijdbox makkelijker op te zeggen na ingrijpen ACM | NOS (at nos.nl)
[09:02:04] <zovty> Ok.
[09:02:09] <Fem_LittleLady> Maar goed ze hebben ook niets in de keuken te zoeken
[09:02:13] <zovty> Kende je dit concept nog niet esco?
[09:02:18] <zovty> Nee nouja.
[09:02:20] <zovty> Mieren zijn lief.
[09:02:24] <zovty> Harde werkers, en doen geen vlieg kwaad.
[09:02:24] <rawplayer> femmie kom eens even in ons prive venster bij rawpie
[09:02:26] <zovty> Ja, vliegen.
[09:02:29] <zovty> Maar verder niet.
[09:02:31] <zovty> En luizen.
[09:02:40] <zovty> Bladluizen.
[09:02:51] <Escovan> jawel, maar ik dacht dat het om kant en klaar maaltijden ging, niet om een doos boodschappen. Misschien omdat ik 300m van de Aldi af woon, dat ik daar niet op kom
[09:03:01] <zovty> Hmja.
[09:03:25] <zovty> HET grote voordeel van zo'n box is (voor mij) dat je helemaal niet meer hoeft na te denken over wat je wil of hoe het moet en wat je daar voor nodig hebt.
[09:03:32] <zovty> Er komt gewoon zo'n mannetje en dan is het eten wat de box schaft.
[09:04:00] <zovty> Maar als je denken geweldig vind moet je dat vooral lekker zelf blijven doen.
[09:04:03] <Fem_LittleLady> Dat is niets voor mij
[09:04:22] <zovty> Femkie.
[09:04:23] <Fem_LittleLady> Ik ben veel te dol op boodschappen doen
[09:04:25] <Escovan> Op psychiatrische instellingen maken ze het ook al voor je klaar. Heerlijk. Super service. In 2015 heb ik *maar* 10498 zorgkosten gedeclareerd. Omdat ik dat tegenwoordig niet zo vaak meer kom.
[09:04:35] <zovty> Als player en ik nou een paar keer gedate hebben...
[09:04:40] <zovty> Zullen we dan ook eens een triodate met jou hebben?
[09:04:49] <rawplayer> ijsj
[09:04:49] <rawplayer> e
[09:04:51] <zovty> Ja.
[09:04:55] <rawplayer> ik wil wel
[09:04:57] <rawplayer> jij ontlooopt mij
[09:05:00] <rawplayer> negeert mijn nquerie
[09:05:02] <zovty> ???
[09:08:17] <Fem_LittleLady> :D
[09:10:49] <rawplayer> ooo nog een beetje koffie
[09:11:16] <WvdL> woei
[09:11:22] <WvdL> whatsapp nu ook op pc
[09:11:26] <rawplayer> huh
[09:11:31] <rawplayer> alsin en losse app?
[09:11:35] <zovty> Ja.
[09:11:40] <WvdL> is beter voor mijn worstenvingers
[09:11:56] <rawplayer> ja maar
[09:12:01] <rawplayer> er was toch al een webapp?
[09:12:02] <zovty> Waaorm je anno 2016 nog en losse app zou willen ontwikllen is mij een raadsel.
[09:12:02] <WvdL> los.. los.. het moet wel syncen met je telefoon
[09:12:05] <zovty> Ja, dus, dat.
[09:12:08] <zovty> Webapp.
[09:12:12] <rawplayer> sorry
[09:12:13] <rawplayer> vergeef mij
[09:12:15] <zovty> Geeft niks.
[09:12:16] <rawplayer> dat ik webapp zei
[09:12:20] <rawplayer> dit wilde ik niet
[09:12:21] <zovty> Geeft niks joh.
[09:12:23] <rawplayer> eerlijk waar
[09:12:24] <zovty> Nee, laat maar gaan.
[09:12:28] <zovty> Het gebeurde.
[09:12:30] <rawplayer> ja
[09:12:32] <rawplayer> tis erg
[09:12:33] <zovty> En niet meer terug te draaien.
[09:12:39] <zovty> Het gaat juist om de volgende keer.
[09:12:40] <rawplayer> dat je snel biased bent
[09:12:42] <zovty> Niet stil hangen in het verleden.
[09:12:43] <rawplayer> en dat het vanzelf gaat
[09:12:50] <zovty> Is ook zo.
[09:13:02] <zovty> Zo gaan die dingen.
[09:13:11] <rawplayer> goed
[09:13:13] <rawplayer> nu echt douchen
[09:13:17] <zovty> Ja.
[09:13:19] <zovty> Ga maar eens echt douchen.
[09:13:19] <WvdL> webapp....
[09:13:24] <WvdL> het galmt nog na
[09:13:25] <zovty> Webapp...
[09:13:31] <zovty> app ap ap ap
[09:15:23] <Fem_LittleLady> Vanmiddag weer op pad
[09:15:48] <Fem_LittleLady> Dan morgen weer en dan helemaal niets meer wheehoe
[09:17:39] <zovty> Lekker hoor.
[09:18:03] <Fem_LittleLady> ja
[09:18:12] <Fem_LittleLady> vanmiddag ga ik bij een cavia stal kijken
[09:18:43] <Fem_LittleLady> zij loopt ook bij shows en zo
[09:19:00] <zovty> Een cavia stal is een caviafabriek?
[09:19:28] <Fem_LittleLady> nee, soort stamboom fokker
[09:19:44] <Fem_LittleLady> fokken op schoonheid
[09:19:51] <Fem_LittleLady> niet zo zeer op vermeerdering
[09:20:46] *** Joins: coreblink (coreblink@145.132.131.160)
[09:26:17] <zovty> En GELD!
[09:26:26] <zovty> KEIHARD CAVIA CASH
[09:38:57] <rawplayer> hoi
[09:38:59] <rawplayer> ik ben gedoucht
[09:39:18] <rawplayer> IT'S A FUCKING SHOW DOG
[09:39:43] <zovty> Wie?
[09:40:06] <rawplayer> ja joh
[09:40:07] <rawplayer> die cavia
[09:40:16] <rawplayer> en dit kwam uit the big lebowsky
[09:40:20] <rawplayer> ik denk he ijsje
[09:40:21] <rawplayer> als wij samen
[09:40:25] <rawplayer> bij jou the big lebowsky kijken
[09:40:32] <rawplayer> en een paar dikke joints roken
[09:40:38] <rawplayer> dat we eindigen met keiharde neukseks
[09:40:44] <rawplayer> erm
[09:42:34] *** Joins: Andros (Andros@203.124-244-81.adsl-dyn.isp.belgacom.be)
[09:42:45] <zovty> Ja.
[09:42:53] <zovty> Nou.
[09:42:57] <zovty> Dat denk ik eigenlijk niet.
[09:43:05] <zovty> Maar zeker wel intense orale sex.
[09:43:21] <zovty> En je zult je lippen er bij af likken.
[09:43:34] <rawplayer> :o
[09:48:12] <zovty> Heb je wel eens eerder seks met een man gehad?
[10:00:03] *** Quits: Fem_LittleLady (Mibbit@a82-161-112-138.adsl.xs4all.nl) (Exit)
[10:12:55] *** Joins: Fem_LittleLady (Mibbit@a82-161-112-138.adsl.xs4all.nl)
[10:13:47] <Fem_LittleLady> :D
[10:16:52] <zovty> Femmie!
[10:16:59] <zovty> Zo gaat ze, zo is ze er weer!
[10:18:26] <Fem_LittleLady> Hahaha
[10:18:29] <Fem_LittleLady> ja effe telefoon
[10:23:36] <zovty> Gvd.
[10:23:43] <zovty> Morgen zou er een mannetje komen om shit te fixen.
[10:23:46] <zovty> Beltie net af.
[10:23:46] <zovty> :(
[10:23:50] <zovty> Ik haat dat.
[10:32:31] <Fem_LittleLady> dat kan ik mij voorstellen
[10:33:05] <rawplayer> och jonges
[10:33:06] <rawplayer> ik ben er
[10:33:07] <Pandora> gezellig, rawplayer is er!
[10:33:12] <rawplayer> lekker in de koele airco
[10:33:14] <zovty> Gezellig.
[10:33:18] <rawplayer> nee ijsje
[10:33:21] <rawplayer> nog nooit
[10:33:22] <rawplayer> jij wel?
[10:33:42] <zovty> Niet echt.
[10:36:38] *** Quits: wirky (werken@ip503c7f23.speed.planet.nl) (Ping timeout: 66 seconds)
[10:37:01] <rawplayer> nou ik ook niet
[10:37:04] <rawplayer> ik pas eigenlijk ook
[10:37:29] <Fem_LittleLady> Hmm zal zo eens een broek aantrekken
[10:39:09] <zovty> Ik ga zo eens een broek uitdoen.
[10:39:38] <Fem_LittleLady> het is half 11 en heb hamper wat gedaan
[10:39:43] <Fem_LittleLady> dat is zoooo niets voor mij
[10:39:59] <Fem_LittleLady> maar heb wel de caafjes hun appel en hooi gegeven
[10:40:10] <Fem_LittleLady> moet wel voor mijn kleine wheebie's zorgen
[10:42:52] <zovty> Noujoh.
[10:49:32] <rawplayer> jajoh
[10:50:14] *** Quits: Andros (Andros@203.124-244-81.adsl-dyn.isp.belgacom.be) (Ping timeout: 61 seconds)
[10:51:47] <Fem_LittleLady> :D
[10:52:34] <rawplayer> femmie!
[10:52:45] <Fem_LittleLady> :>
[10:53:05] *** Joins: Fiebel (PrincessCo@d77048.upc-d.chello.nl)
[10:53:08] <Fiebel> kben er
[10:53:15] <zovty> Faboise.
[10:53:16] * Fiebel driet air
[10:53:18] * Fiebel drinkt een banaan
[10:53:20] <Fiebel> hallo zovty
[10:53:22] <Fiebel> waar is mijn whey?
[10:53:23] <zovty> Zullen we zo naar de efteling gaan?
[10:53:28] <Fiebel> waar is mij proteine?
[10:53:30] <Fiebel> hejje gezien?
[10:53:33] <zovty> Mijn afspraak morgen gaat toch niet door.
[10:53:37] <zovty> Dus heb ik nu wat meer vrij.
[10:53:38] <Fiebel> o mijn balboekje voor vandaag is vol
[10:53:40] <Fiebel> sorry
[10:53:43] <zovty> Geeft niks.
[10:53:46] <Fiebel> nee
[10:53:47] <zovty> Jij player?
[10:53:48] <Fiebel> is ook zo
[10:53:53] <Fiebel> kon ik toch zeker niet weten?
[10:54:04] <zovty> Jajoh, zoetma.
[10:55:02] <Fiebel> wat een lekkere banaan
[10:55:05] <Fiebel> mjammjam
[10:55:06] <Fiebel> smeksmek
[10:56:19] <Fiebel> windwaait
[10:56:20] <Fiebel> hihihihhi
[10:56:22] <Fiebel> langs mijn blootje
[10:56:24] <Fiebel> ihihihiihhihihihi
[10:56:34] * rawplayer eet PROTEINE
[10:56:37] <rawplayer> met HAVERMOUT
[10:56:40] <rawplayer> en YOGHURT
[10:56:42] <rawplayer> fabis
[10:56:43] <Fiebel> och heerlijk
[10:56:45] <Fiebel> havermout
[10:56:46] <rawplayer> vertel eens
[10:56:46] <Fiebel> wat lekker
[11:00:30] <Fiebel> WIEKOMPNAARMIJNBLOTEMOEDURKIJKU?
[11:00:33] <Fiebel> KOSTEENKWARTJE
[11:00:34] <Fiebel> KOMMA
[11:01:30] <rawplayer> :s
[11:03:09] <zovty> Geen geld.
[11:03:17] <Fiebel> sund
[11:07:07] <Fiebel> mogen kleine zwarte poesjes in sporttassen kruipen?
[11:07:16] <zovty> Jahoor.
[11:07:17] <rawplayer> sure
[11:07:18] <Fiebel> ok
[11:07:22] <Fiebel> dan gaat alles goed
[11:07:25] <Fiebel> gelukkig maar
[11:07:25] <zovty> Doen ze net of ze cattlebell zijn.
[11:07:32] <zovty> HIhihihihihihihihihi.
[11:07:32] <Fiebel> want ze had al een keer op dr dondertje gekregen vandaag
[11:07:36] <Fiebel> kattebel
[11:07:38] <Fiebel> hihihihhiihhihi
[11:08:02] <SJ> de kat van m'n vriendin heeft een andere kat die binnen zat het raam uitgeslagen :>
[11:08:18] <SJ> het kreng :>
[11:08:29] <Fiebel> net goed
[11:08:33] <Fiebel> PEMPEMPEMPEMPEM
[11:08:37] <Fiebel> MIJNESJOH!!!
[11:08:39] <SJ> jup
[11:08:47] <SJ> mijn territorium, opbokken 
[11:10:24] <rawplayer> ja terecht
[11:10:24] <rawplayer> idd
[11:12:17] <SJ> k:)
[11:12:19] <SJ> -k
[11:16:58] <Fem_LittleLady> Soms heb je van die dagen, dan wil je zoveel, maar je hebt geen zin
[11:17:04] *** Quits: Teckna (jonathan@52487D74.cm-4-1b.dynamic.ziggo.nl) (Ping timeout: 61 seconds)
[11:17:29] <Fem_LittleLady> heb gevoel dat ik de hele dag al door de vla loop, alles gaat traag
[11:19:38] *** Joins: Teckna (jonathan@52487D74.cm-4-1b.dynamic.ziggo.nl)
[11:20:05] <zovty> Hoi Teckna.
[11:20:51] *** Quits: Fem_LittleLady (Mibbit@a82-161-112-138.adsl.xs4all.nl) (Exit)
[11:22:21] <Fiebel> hihihiihiih
[11:22:25] <Fiebel> kleine poessie
[11:22:34] <Fiebel> had een balletje in mijn sporttas gedaan
[11:22:35] <Fiebel> ihihihhi
[11:22:36] <Fiebel> lief toch
[11:23:02] *** Quits: Mrwazig (mrwazoo@h102136.upc-h.chello.nl) (Ping timeout: 66 seconds)
[11:23:02] *** Quits: Teckna (jonathan@52487D74.cm-4-1b.dynamic.ziggo.nl) (Ping timeout: 66 seconds)
[11:25:47] <zovty> Superlief.
[11:28:05] <Fiebel> ik ga weg
[11:28:07] <Fiebel> god zij met jullie
[11:28:07] <rawplayer> xxxx
[11:28:09] *** Quits: Fiebel (PrincessCo@d77048.upc-d.chello.nl) (Exit)
[11:28:30] *** Joins: Jeroen (Jeroen@145.15.244.28)
[11:38:24] *** Joins: springt-op-stoel (Bertone@classics.xs4all.nl)
[11:38:31] *** Quits: Ou-Tannu (Ou-Tannu@5249248B.cm-4-2a.dynamic.ziggo.nl) (Ping timeout: 67 seconds)
[11:38:31] *** Quits: Henkie94 (Henkie94@hammetjus.nl) (Ping timeout: 67 seconds)
[11:38:31] *** Quits: Bertone (Bertone@classics.xs4all.nl) (Ping timeout: 67 seconds)
[11:38:31] *** Quits: botfather (dunker@shell1.dds.nl) (Ping timeout: 67 seconds)
[11:38:31] *** Quits: Punnik (Punnik@h103151.upc-h.chello.nl) (Ping timeout: 67 seconds)
[11:38:31] *** Quits: Bliksem (Tweaki7@a82-161-41-5.adsl.xs4all.nl) (Ping timeout: 67 seconds)
[11:38:31] *** Quits: Etienne (EtienneM@541F7E72.cm-5-8b.dynamic.ziggo.nl) (Ping timeout: 67 seconds)
[11:38:31] *** Quits: Remie (Remie@5ED5F214.cm-7-6d.dynamic.ziggo.nl) (Ping timeout: 67 seconds)
[11:38:31] *** Quits: Steephh (stephan@185.35.76.94) (Ping timeout: 67 seconds)
[11:38:31] *** Quits: coreblink (coreblink@145.132.131.160) (Ping timeout: 67 seconds)
[11:38:32] *** Joins: botfather (dunker@shell1.dds.nl)
[11:38:40] *** Quits: bbee (bbee@53541FA1.cm-6-5a.dynamic.ziggo.nl) (Ping timeout: 67 seconds)
[11:38:40] *** Quits: Spacecowboy (znc@149-210-165-180.colo.transip.net) (Ping timeout: 67 seconds)
[11:38:44] *** Joins: Punnik (Punnik@h103151.upc-h.chello.nl)
[11:38:49] *** Quits: Boots (boots@0011110000110011.nl) (Ping timeout: 66 seconds)
[11:38:49] *** Quits: Jeroen (Jeroen@145.15.244.28) (Ping timeout: 66 seconds)
[11:38:58] *** Quits: bReChThOu (bReChThOu@cloud.brechthouben.be) (Ping timeout: 66 seconds)
[11:38:58] *** Quits: TooL (x@ip172-92-210-87.adsl2.static.versatel.nl) (Ping timeout: 66 seconds)
[11:39:34] *** Joins: Ou-Tannu (Ou-Tannu@5249248B.cm-4-2a.dynamic.ziggo.nl)
[11:39:34] *** Joins: Bliksem (Tweaki7@a82-161-41-5.adsl.xs4all.nl)
[11:39:44] *** Joins: Henkie94 (Henkie94@hammetjus.nl)
[11:39:49] *** Joins: Boots (boots@0011110000110011.nl)
[11:39:54] *** Joins: Steephh (stephan@185.35.76.94)
[11:39:55] *** Joins: bReChThOu (bReChThOu@cloud.brechthouben.be)
[11:39:56] *** Joins: Spacecowboy (znc@149-210-165-180.colo.transip.net)
[11:39:57] *** Joins: Jeroen (Jeroen@145.15.244.28)
[11:40:01] *** Joins: TooL (x@ip172-92-210-87.adsl2.static.versatel.nl)
[11:40:02] *** Joins: bbee (bbee@53541FA1.cm-6-5a.dynamic.ziggo.nl)
[11:40:14] *** Joins: coreblink (coreblink@145.132.131.160)
[11:40:23] *** Joins: Etienne (EtienneM@541F7E72.cm-5-8b.dynamic.ziggo.nl)
[11:40:36] *** Joins: Teckna (jonathan@52487D74.cm-4-1b.dynamic.ziggo.nl)
[11:40:57] *** Spacecowboy is now known as Tweaker11032
[11:47:18] *** Joins: Remie (Remie@5ED5F214.cm-7-6d.dynamic.ziggo.nl)
[11:51:28] <rawplayer> och jonges
[11:51:35] <rawplayer> was er een pijntje
[11:51:37] <rawplayer> op het internet
[11:52:44] *** Joins: wirky (werken@ip503c7f23.speed.planet.nl)
[11:52:48] *** Quits: Ou-Tannu (Ou-Tannu@5249248B.cm-4-2a.dynamic.ziggo.nl) (Ping timeout: 67 seconds)
[11:52:48] *** Quits: Henkie94 (Henkie94@hammetjus.nl) (Ping timeout: 67 seconds)
[11:52:48] *** Quits: Steephh (stephan@185.35.76.94) (Ping timeout: 67 seconds)
[11:52:48] *** Quits: TooL (x@ip172-92-210-87.adsl2.static.versatel.nl) (Ping timeout: 67 seconds)
[11:52:48] *** Quits: Teckna (jonathan@52487D74.cm-4-1b.dynamic.ziggo.nl) (Ping timeout: 67 seconds)
[11:52:53] *** Joins: Ou-Tannu (Ou-Tannu@5249248B.cm-4-2a.dynamic.ziggo.nl)
[11:52:55] *** Joins: Bliksem1 (Tweaki7@a82-161-41-5.adsl.xs4all.nl)
[11:53:02] *** Joins: Teckna (jonathan@52487D74.cm-4-1b.dynamic.ziggo.nl)
[11:53:06] *** Quits: Bliksem (Tweaki7@a82-161-41-5.adsl.xs4all.nl) (Ping timeout: 66 seconds)
[11:53:06] *** Quits: bReChThOu (bReChThOu@cloud.brechthouben.be) (Ping timeout: 66 seconds)
[11:53:06] *** Quits: Remie (Remie@5ED5F214.cm-7-6d.dynamic.ziggo.nl) (Ping timeout: 66 seconds)
[11:53:50] *** Joins: TooL (x@ip172-92-210-87.adsl2.static.versatel.nl)
[11:56:13] *** Quits: Jeroen (Jeroen@145.15.244.28) (Exit)
[11:56:27] *** Joins: Henkie94 (Henkie94@hammetjus.nl)
[11:56:56] *** Joins: Steephh (stephan@185.35.76.94)
[11:58:19] *** Joins: bReChThOu (bReChThOu@cloud.brechthouben.be)
[11:58:21] *** Joins: Remie (Remie@5ED5F214.cm-7-6d.dynamic.ziggo.nl)
[12:01:50] <nomadz> vroeger
[12:01:54] <nomadz> toen henkie94 nog alive was
[12:02:19] <bReChThOu> :'(
[12:14:52] *** Joins: Fokker_3296 (Mibbit@213.206.255.180)
[12:14:58] <Fokker_3296> Hoi
[12:15:08] *** Quits: Fokker_3296 (Mibbit@213.206.255.180) (Exit)
[12:33:42] *** Joins: Jeroen (Jeroen@145.94.212.156)
[12:36:58] *** Quits: Teckna (jonathan@52487D74.cm-4-1b.dynamic.ziggo.nl) (Ping timeout: 60 seconds)
[12:37:58] *** Joins: Teckna (jonathan@52487D74.cm-4-1b.dynamic.ziggo.nl)
[12:43:13] *** Quits: Jeroen (Jeroen@145.94.212.156) (Ping timeout: 60 seconds)
[12:47:26] *** Joins: Jeroen (Jeroen@145.94.212.156)
[12:49:27] *** Quits: Jeroen (Jeroen@145.94.212.156) (Ping timeout: 67 seconds)
[12:57:03] *** Joins: Jeroen (Jeroen@ip82-139-124-155.lijbrandt.net)
[13:40:26] *** Quits: wirky (werken@ip503c7f23.speed.planet.nl) (Exit)
[14:54:10] *** Joins: klojo120 (Mibbit@a82-161-163-68.adsl.xs4all.nl)
[14:54:23] *** Quits: klojo120 (Mibbit@a82-161-163-68.adsl.xs4all.nl) (Exit)
[14:54:26] <rawplayer> hoi 
[14:54:28] <rawplayer> waar is zovty 
[15:30:43] *** Joins: Fokker_1894 (Mibbit@81.28.95.33)
[15:30:54] *** Quits: Fokker_1894 (Mibbit@81.28.95.33) (Exit)
[15:33:39] *** Joins: Fokker_5937 (Mibbit@81.28.95.33)
[15:51:53] *** Quits: coreblink (coreblink@145.132.131.160) (Ping timeout: 61 seconds)
[15:52:14] *** Joins: coreblink (coreblink@145.132.131.160)
[15:52:31] *** Quits: Fokker_5937 (Mibbit@81.28.95.33) (Exit)
[16:02:11] *** Joins: wirky (werken@ip503c7f23.speed.planet.nl)
[16:11:19] <rawplayer> wirky: o/
[16:19:04] <wirky> rawplayer 
[16:19:10] <wirky> sup
[16:47:22] *** Quits: TooL (x@ip172-92-210-87.adsl2.static.versatel.nl) (Ping timeout: 60 seconds)
[16:48:03] *** Quits: coreblink (coreblink@145.132.131.160) (Ping timeout: 66 seconds)
[16:48:35] *** Joins: coreblink (coreblink@145.132.131.160)
[16:56:05] *** Joins: TooL (x@ip172-92-210-87.adsl2.static.versatel.nl)
[17:04:03] *** Quits: tozzert (tozzke@541FBF87.cm-5-8c.dynamic.ziggo.nl) (Ping timeout: 61 seconds)
[17:05:33] *** Quits: springt-op-stoel (Bertone@classics.xs4all.nl) (Exit)
[17:12:31] *** Joins: tozzert (tozzke@541FBF87.cm-5-8c.dynamic.ziggo.nl)
[17:18:07] *** Quits: coreblink (coreblink@145.132.131.160) (Ping timeout: 66 seconds)
[17:18:30] *** Joins: coreblink (coreblink@145.132.131.160)
[17:31:31] *** Joins: Stuiterbal (Stuit@2001:980:5281:1:a549:9ca2:7878:dcab)
[17:32:00] *** Joins: Bertone (Bertone@classics.xs4all.nl)
[17:33:13] *** Quits: coreblink (coreblink@145.132.131.160) (Ping timeout: 67 seconds)
[17:34:43] <nomadz> bitches
[17:34:46] <nomadz> wat is het k k k k k oud he
[17:34:56] <nomadz> wat jij dan sofie 
[17:34:57] <nomadz> euh laura
[17:35:55] <Stuiterbal> kk koud?
[17:39:55] <nomadz> ja
[17:40:42] <nomadz> http://www.top40.nl/uploads/subtitle/formats/40087/songwiki.jpg
[17:41:06] <nomadz> https://www.youtube.com/watch?v=ogi4sUmNE5Y
[17:41:08] <digibot> Title: The V-Boys - Koud he? - YouTube (at www.youtube.com)
[17:42:58] <zovty> Hoi.
[17:43:01] <zovty> Ik ben er.
[17:43:05] <zovty> Gezellig dat ik er ben.
[17:43:41] <zovty> Hoe was mijn dag?
[17:43:43] <zovty> Ja, wel ok.
[17:44:08] <zovty> Nou mooi.
[17:46:38] <nomadz> ok
[17:47:58] <Jeroen> https://www.youtube.com/watch?v=KWJEM5Vcxmk
[17:48:00] <digibot> Title: Paul Elstak mixed a happy hardcore megamix - YouTube (at www.youtube.com)
[17:48:01] <Jeroen> HAKKKKKKEEEEEEEE
[17:49:48] <bReChThOu> Jerre o/
[17:50:20] <Jeroen> brechie o.
[17:50:21] <Jeroen> o/
[17:50:35] <Jeroen> ouwe ambtenaar
[17:50:38] <Jeroen> jij hebt zeker al weekend
[17:50:41] <Jeroen> of moet je week nog beginnen
[17:53:04] <bReChThOu> geen van beide
[17:53:11] <bReChThOu> 3 dagen gedaan, 2 te gaan
[17:54:02] <Jeroen> zozo
[18:01:16] <nomadz> had je maar een pretstudie moeten doen
[18:03:34] <Jeroen> haha
[18:03:37] <Jeroen> pretstudies ftw
[18:12:24] <Jeroen> https://www.youtube.com/watch?v=rw_AXwdYzKg
[18:12:25] <digibot> Title: Energy 52 - Cafe Del Mar (Nalin & Kane Remix) - YouTube (at www.youtube.com)
[18:12:27] <Jeroen> klassiekert
[18:17:23] *** Joins: miss_schreave (Mibbit@5ED02BB2.cm-7-1a.dynamic.ziggo.nl)
[18:17:30] <miss_schreave> heyy peepz
[18:17:58] *** Quits: miss_schreave (Mibbit@5ED02BB2.cm-7-1a.dynamic.ziggo.nl) (Exit)
[18:22:56] *** Quits: Teckna (jonathan@52487D74.cm-4-1b.dynamic.ziggo.nl) (Ping timeout: 66 seconds)
[18:39:38] *** Joins: Teckna (jonathan@52487D74.cm-4-1b.dynamic.ziggo.nl)
[19:11:07] *** Joins: QORRiE (dorian@dhcp-077-249-247-124.chello.nl)
[19:18:23] *** Joins: Guyver2 (Guyver2@guyver2.xs4all.nl)
[19:40:57] <rawplayer> hallo
[19:41:00] <rawplayer> ik ben er
[19:41:00] <Pandora> gezellig, rawplayer is er!
[19:41:05] <rawplayer> hoi ijsje
[19:41:07] <rawplayer> hoe was je dag
[19:43:01] <zovty> Ja, wel ok.
[19:43:05] <zovty> En de jouwe?
[19:44:20] <rawplayer> ja top
[19:44:22] <rawplayer> lekker gewerkt
[19:44:26] <rawplayer> er na lekker gecrossfit
[19:44:37] <rawplayer> en nu ga ik mijzelf verwennen met druivenpitolie en een zachte pulserende massage
[19:44:41] <rawplayer> erm.. ik bedoel 
[19:44:42] <zovty> Och heerlijk jongen.
[19:44:45] <zovty> Dat heb je ook verdiend.
[19:44:46] <rawplayer> ik ga zo aardappeltjes bakken
[19:44:50] <rawplayer> omdat ik zin heb in friet
[19:44:50] <zovty> Oh, ook lekker.
[19:44:52] <rawplayer> maar geen friet eet
[19:44:53] <zovty> Ik heb friet op.
[19:44:53] <rawplayer> krieltjes
[19:44:59] <rawplayer> en in een andere pan biefstuk met champignons
[19:45:00] <rawplayer> <3
[19:45:05] <zovty> Och jongen toch.
[19:45:11] <rawplayer> en dan douchen, en proberen te slapen
[19:45:18] <zovty> Echt even een mannenmaaltje.
[19:45:19] <rawplayer> op naar de nieuwe werkdag
[19:45:24] <zovty> Zonder avocados en hippievoer.
[19:46:17] <rawplayer> ja joh
[19:47:22] <rawplayer> zovty: ben jij dit? http://i.imgur.com/vA8iTzQ.gifv
[19:47:23] <digibot> Title: Time to go to bed. (at i.imgur.com)
[19:47:51] <zovty> Heb je die van Fabis?
[19:51:02] <rawplayer> maak dat wat uit?
[19:54:36] <zovty> Mwoah niet echt.
[19:54:50] <zovty> Maar je zult dit niet toevallig tegen zijn gekomen en gedacht hebben; oh, dit moet zovty wel zijnn.
[19:54:53] <zovty> Hier had ik niet eens een baard
[19:54:54] <zovty> .
[19:55:59] <rawplayer> ja maar toch kom ik je tegen
[19:56:00] <rawplayer> op het net
[19:56:27] <zovty> Janaja.
[19:56:31] <zovty> Veel fapplezier ermee.
[20:05:57] *** Joins: Beer`__ (beer@5ED0808C.cm-7-1c.dynamic.ziggo.nl)
[20:10:16] *** Joins: rhod (rhod@86.85.193.196)
[20:20:13] <rawplayer> :|
[20:36:42] <nomadz> :/
[20:37:21] <rawplayer> sup nommie
[20:37:33] <nomadz> yo rawpie
[20:37:47] <rawplayer> komend weekend moet je werken he?
[20:37:54] <rawplayer> lange sjiechten draaien
[20:38:20] <rawplayer> dat word nog leuk in landgraaf :)
[20:38:37] <rawplayer> lange weg naar kerkrade ligt helemaal open
[20:38:59] <nomadz> ja niet normaal
[20:39:08] <nomadz> ik moest in eygelshoven zijn vorige week
[20:39:10] <nomadz> 5 fucking omleidingen
[20:39:13] <rawplayer> ja
[20:39:13] <nomadz> omleiding in omleidng
[20:39:19] <rawplayer> nou ja
[20:39:25] <nomadz> vrijdag en/of maandag ben ik vrij geloof ik
[20:39:25] <rawplayer> je rijd verkeerd
[20:39:30] <bReChThOu> rijdt
[20:39:39] <nomadz> moet t rooster nog krijgen
[20:40:01] <rawplayer> als je via selfkant naar schinveld rijd en vervolgens uit schinveld via waubach naar eygelshoven
[20:40:04] <rawplayer> dan heb je al die shit niet
[20:40:24] <nomadz> hmja
[20:40:27] <nomadz> of via de a76
[20:40:40] <nomadz> meteen ff langs de burgerking
[20:40:50] <rawplayer> ja daar heb je het gezeik ook al in de buurt :S
[20:41:09] <nomadz> ohw
[20:41:27] <nomadz> ik hoorde dat die weg bij de mcdonalds ook voor 1,5 jaar dicht gaat
[20:41:39] <rawplayer> welke mac?
[20:41:43] <rawplayer> landgraaf?
[20:41:47] <rawplayer> daar zijn ze ook bezig nu
[20:41:49] <nomadz> ja
[20:41:51] <rawplayer> klopt
[20:42:01] <rawplayer> en die weg die daar naar eygelshoven gaat gaat nu onder het spoor door
[20:42:09] <rawplayer> zijn ze vorige week viaduct er in gaan schuiven
[20:42:30] <rawplayer> hebben ze ook een tribune gemaakt
[20:42:33] <rawplayer> kon je het inschuiven bekijken
[20:42:44] <rawplayer> gat in de heuvel gemaakt
[20:42:47] <rawplayer> spoor over geflext
[20:42:52] <rawplayer> hele hap er uit
[20:42:54] <rawplayer> en viaduct er in
[20:43:18] <nomadz> volgens mij heb ik daar een filmpje van gezien
[20:43:25] <rawplayer> ja kan :)
[20:48:52] *** Quits: Beer`__ (beer@5ED0808C.cm-7-1c.dynamic.ziggo.nl) (Connection reset by peer)
[20:53:49] *** Quits: wirky (werken@ip503c7f23.speed.planet.nl) (Ping timeout: 60 seconds)
[21:09:46] *** tozzert is now known as tozzniehiernie
[21:09:49] *** Joins: AndChat503 (AndChat503@84.241.213.87)
[21:10:03] <AndChat503> Ghihihi 
[21:10:14] <AndChat503> Loeloeloeeee
[21:10:32] <nomadz> ok
[21:10:44] <rawplayer> hmmm
[21:10:46] <rawplayer> HMMM
[21:10:53] <rawplayer> hallo AndChat503 
[21:11:00] <rawplayer> ben je hier weleens eerder geweest?
[21:11:08] <AndChat503> Nee
[21:11:17] <nomadz> niet liegen
[21:11:22] <AndChat503> Ik kom voor mijn huiswerk 
[21:11:32] <AndChat503> Wat ik niet snap
[21:11:38] <AndChat503> Ghihihi 
[21:11:45] <nomadz> das mooi
[21:11:49] <nomadz> tozzniehiernie kan je daar wel mee helpen
[21:11:55] <AndChat503> Jeukoor
[21:12:08] <nomadz> ik ga bankhangen
[21:12:11] <nomadz> groeten aan pep
[21:12:16] <AndChat503> Misschien zit er een natuurbeest in
[21:12:24] <AndChat503> Dag nomy
[21:12:31] <AndChat503> Arme peppie
[21:12:37] <AndChat503> Hemmaal alleen thuis 
[21:12:44] <AndChat503> In de grote stad 
[21:12:46] <rawplayer> ooooooo
[21:12:51] <AndChat503> Ooooöoooooo
[21:12:52] <rawplayer> je klinkt als een bekend persoon
[21:12:53] <rawplayer> mgighighgihgghi
[21:12:56] <AndChat503> Ghihihihihi 
[21:12:57] <rawplayer> een HEEL bekend persoon
[21:12:58] <rawplayer> mgighighghig
[21:13:05] <AndChat503> Ğggggggghihihihi
[21:13:08] <rawplayer> mggigghghg
[21:13:11] <rawplayer> je giechelt wat gek
[21:13:12] <rawplayer> dat wel
[21:13:12] <rawplayer> mgighgih
[21:13:14] *** tozzniehiernie is now known as tozzert
[21:13:16] <AndChat503> Ochoch
[21:13:30] <rawplayer> ik ga zo ff douchen
[21:13:31] <AndChat503> Lekker gegeten 
[21:13:33] <rawplayer> lekker douchen
[21:13:33] <AndChat503> Noooooh
[21:13:36] <rawplayer> ooo vertel mij alles
[21:13:38] <rawplayer> over je eten
[21:13:42] *** Joins: Fe2O3 (Fe2O3@h70248.upc-h.chello.nl)
[21:13:42] *** ChanServ sets mode: +o Fe2O3
[21:13:57] <AndChat503> Hejje gesportt als een tijgerprinsje?
[21:14:30] <rawplayer> jajajajajajaja
[21:14:32] <rawplayer> hard puffen
[21:14:33] <rawplayer> kreunen
[21:14:34] <rawplayer> steunen
[21:14:36] <rawplayer> hijgen
[21:14:42] <rawplayer> en er na omvallen
[21:14:45] <rawplayer> als een padlarf
[21:14:46] <rawplayer> mgighgighg
[21:14:51] <rawplayer> #sb18
[21:14:59] <rawplayer> morgen weer
[21:15:00] <rawplayer> O+
[21:15:13] <rawplayer> WANT, vandaag was alleen benen
[21:15:53] <rawplayer> en ijsje is er niet
[21:15:58] <rawplayer> die is weer op de bank liggen ofzo
[21:16:06] <rawplayer> die dacht geheid fabis is pleite
[21:16:11] <rawplayer> dus waarom zou ik dan er zijn voor rawpie
[21:16:30] <AndChat503> ...
[21:16:34] <AndChat503> Ghihihi 
[21:16:50] <AndChat503> Zchuterezovty
[21:17:02] <rawplayer> krijg geen hoogte van dat jong
[21:17:08] <rawplayer> ik denk dat die mak is
[21:17:08] <AndChat503> Ochoch 
[21:17:11] <rawplayer> en uit mijn hand eet
[21:17:14] <rawplayer> als een jong lammetje
[21:17:17] <AndChat503> Loeloeloe
[21:17:23] <rawplayer> of een springbokje
[21:17:29] <rawplayer> met halve solto
[21:17:30] <AndChat503> Meheee
[21:17:38] <rawplayer> of een poes die een motje wil vangen
[21:17:41] <rawplayer> als een debieltje
[21:17:55] <AndChat503> Had ik maar mijn laptopje 
[21:17:57] <AndChat503> En mijn pep
[21:18:06] <AndChat503> Ghihihi 
[21:18:09] <rawplayer> och je pep
[21:18:12] <rawplayer> dies zo lief
[21:18:17] <rawplayer> en teerassie
[21:18:18] <rawplayer> O+
[21:18:35] <AndChat503> Ghihihi ja
[21:18:49] <AndChat503> Ook al zo'n attention whore
[21:18:51] <nomadz> lekker zacht om op te zitten
[21:18:51] <AndChat503> Ghihihi 
[21:18:58] <nomadz> beter dan die gore stoelen in de trein waar je nu in zit
[21:19:39] <rawplayer> :|
[21:19:43] <AndChat503> Kbenni in de trein 
[21:19:47] <AndChat503> Kben ik bed
[21:19:49] <rawplayer> mggihgighg
[21:19:54] <AndChat503> Kben op missie
[21:19:59] <rawplayer> mgighgihghg
[21:20:01] <rawplayer> O+
[21:20:02] <AndChat503> Kkanni zegge waar 
[21:20:11] <AndChat503> Maar het is niet Jemen 
[21:20:16] <rawplayer> :o
[21:20:38] <AndChat503> :o
[21:20:52] *** Joins: Bzerky (Mibbit@5418E3DD.cm-5-1d.dynamic.ziggo.nl)
[21:21:02] <AndChat503> Oooooohnee
[21:21:10] <AndChat503> Het is NIET Jemen 
[21:21:13] <rawplayer> mgighgihgihgh
[21:21:17] <AndChat503> Ghihihi 
[21:21:19] <rawplayer> goe
[21:21:20] <rawplayer> d
[21:21:23] <rawplayer> ff verschonen
[21:21:25] <rawplayer> en douchen
[21:21:27] <rawplayer> en dan terug
[21:21:30] <rawplayer> liggen en rusten
[21:21:31] <rawplayer> en klessebessen
[21:21:33] <rawplayer> vaarwel
[21:22:01] <AndChat503> Fapse kind
[21:22:05] <AndChat503> Fapse
[21:22:43] <Bzerky> Kans maken op een VVV cadeaubon? Vul aub even mijn enquete in: https://docs.google.com/a/avans.nl/forms/d/1uX_-81KpFyPrlPJbDZrsnwoO03Gg1vuBhl9pxrPNfAU/viewform
[21:22:45] <digibot> Title: NetIQ Access Manager (at docs.google.com)
[21:22:53] <Bzerky> Duurt slechts een paar minuten
[21:24:23] *** Quits: Teckna (jonathan@52487D74.cm-4-1b.dynamic.ziggo.nl) (Ping timeout: 66 seconds)
[21:24:51] <AndChat503> Ga weg
[21:25:01] *** Bzerky was kicked by Dubbeldrank (kans op een ban bedoel je!)
[21:25:38] <AndChat503> Oooooooh ik ben zo'n goede DD
[21:25:56] <Dubbeldrank> tja, ga weg met je meuk
[21:25:57] <Jeroen> wie gooit daar even 1000 slechte responses in
[21:25:59] <AndChat503> Als DD een keer ziek is kunnen ze mij bellen
[21:26:06] <Dubbeldrank> ga je oma lastigvallen met enquetes
[21:26:09] <Jeroen> het ding werkt niet eens
[21:26:12] <Jeroen> :D
[21:26:19] <Dubbeldrank> lol
[21:26:34] <Jeroen> ik zie natuurlijk ook "avans.nl"
[21:26:36] <Jeroen> hbo'ers :')
[21:26:37] <AndChat503> Ghihihi 
[21:27:04] <bReChThOu> Jeroen: ff dimmen he
[21:27:09] <Jeroen> ik woon niet al te ver van een HBO-opleiding af
[21:27:13] <Jeroen> tering wat een mongolen
[21:27:18] <bReChThOu> wtf
[21:27:18] <Jeroen> ik weet dat ze jonger dan zijn studenten
[21:27:27] <Dubbeldrank> lekker generaliseren met Jeroen
[21:27:27] <Jeroen> maar altijd "kankerdit kankerdat"
[21:27:31] <Jeroen> doe normaal kutkind
[21:27:46] <AndChat503> Je moet ze pemmen
[21:27:54] <Dubbeldrank> ga dan ook niet in tokkietown wonen ;)
[21:28:00] <AndChat503> Op hun fontanel 
[21:28:02] <Jeroen> ik vind de marketing efforts ook altijd treffend
[21:28:13] <Jeroen> hier in delft hingen vaak van die posters
[21:28:29] <Jeroen> dan had je een poster voor de TU/e (yeah as if) met allemaal interessante shit erop afgebeeld
[21:28:35] <Jeroen> en een poster voor inholland met een of andere mooibooy
[21:28:55] *** Joins: Fokker_5913 (Mibbit@ip503c6608.speed.planet.nl)
[21:29:06] *** Quits: Fokker_5913 (Mibbit@ip503c6608.speed.planet.nl) (Exit)
[21:31:05] <Jeroen> maar bReChThOu 
[21:31:11] <Jeroen> jij of all people moet toch weten hoe kansloos inholland is
[21:31:12] <Jeroen> O-)
[21:32:09] <AndChat503> Dag
[21:32:47] *** Quits: AndChat503 (AndChat503@84.241.213.87) (Exit)
[21:32:57] <bReChThOu> Jeroen; zullen we anders salaris vergelijken?
[21:33:03] <bReChThOu> :+
[21:33:19] <Jeroen> ik denk dat we op jouw computer jouw salaris door het mijne moeten delen
[21:33:51] <bReChThOu> delen door 0 kan niet 
[21:34:15] <Jeroen> thatsthejoke.jpg
[21:34:24] <bReChThOu> tis eerder triestig
[21:34:25] <bReChThOu> :+
[21:34:42] <bReChThOu> hoe lang ga je nog studeren dan
[21:34:42] <Jeroen> dat jij zo veel betaald krijgt van de belgische belastingbetaler?
[21:34:45] <bReChThOu> blijft maar duren
[21:34:45] <Jeroen> ja absoluut
[21:34:47] <Jeroen> paar weken
[21:34:55] <Jeroen> heb het onderhand wel gehad
[21:35:50] <bReChThOu> ik ben alweer 5 jaar aan het werk
[21:36:01] <Jeroen> ja maar jij bent ook stokoud
[21:36:31] <bReChThOu> zo veel schelen we niet denk ik :P
[21:36:32] *** Quits: Stuiterbal (Stuit@2001:980:5281:1:a549:9ca2:7878:dcab) (Exit)
[21:36:34] <Jeroen> ik ben sowieso een van de eerste van m'n originele groep studenten die klaar is
[21:36:36] <Jeroen> ik ben 24
[21:36:45] <bReChThOu> '91 ?
[21:36:52] <Jeroen> ik denk dat ik de 2e ben uit m'n peer group van 30 man
[21:36:52] <Jeroen> ja
[21:37:00] <bReChThOu> 3 jaar verschil
[21:37:07] <Jeroen> heb je een master?
[21:37:31] <Jeroen> want ik heb ook al bijna 2 jaar een bachelor he
[21:37:42] <Jeroen> meer dan dat nog, eigenlijk
[21:38:04] <bReChThOu> 18de klaar met VWO, dan 5 jaar gestudeerd (3 jaar hbo, 2 jaar uni) klaar op 23
[21:38:48] <Jeroen> ik dus 18e klaar met VWO, maar al wel ver in de 18, 4 jaar voor anderhalve bachelor
[21:39:01] <Jeroen> dan nu 1,5jarige master 
[21:39:15] <Jeroen> ik vind 24 best prima :+
[21:40:02] <bReChThOu> juh
[21:40:06] <bReChThOu> maar moet ook neit blijven duren
[21:40:37] <Jeroen> daarom ben ik ook bijna klaar
[21:40:39] <Jeroen> thank god :p
[21:41:10] <bReChThOu> studententijd was wel de tijd van mn leven
[21:41:22] <bReChThOu> maar op den duur wil je gewoon keiharde euro's op je rekening zien verschijnen
[21:41:27] <bReChThOu> :+
[21:41:59] <Jeroen> dat is het idee ja :
[21:42:00] <Jeroen> :+
[21:42:05] <Jeroen> Het Grote Zakkenvullen
[21:42:17] *** Joins: Teckna (jonathan@52487D74.cm-4-1b.dynamic.ziggo.nl)
[21:42:25] <zovty> Als je maar geen voetballer wordt.
[21:42:42] <Jeroen> ghehe
[21:42:54] <Jeroen> ik probeer het allerergste in dat liedje te worden, zovty 
[21:42:57] <Jeroen> dus wat dat betreft :+
[21:43:07] *** Joins: Stuiterbal (Stuit@2001:980:5281:1:a921:93e4:64ba:eba4)
[21:43:11] <bReChThOu> Stuiterbal o/
[21:43:22] <Jeroen> Stuiterbal is ook wel een rijke boy
[21:43:38] <Stuiterbal> Teveel werken voor geld dat ik niet nodig heb.
[21:43:46] <Stuiterbal> Lekker kort leven door alle stress.
[21:43:52] <Stuiterbal> En dan de helft van je salaris overhouden.
[21:43:54] <Stuiterbal> fml
[21:44:15] <Jeroen> de uitkeringstrekkers moeten ook ergens bier van kunnen kopen
[21:44:24] <Stuiterbal> Ohja.
[21:44:29] <Stuiterbal> Hele level wajong ftw
[21:44:37] <zovty> Stuiterbal.
[21:44:37] <Stuiterbal> *leven
[21:44:39] <Stuiterbal> wat
[21:44:41] <zovty> Hoi.
[21:44:47] <Stuiterbal> Right
[21:45:02] <zovty> Wat hebben ze jou toch misdaan?
[21:45:11] <zovty> Was het je moeder?
[21:45:37] <zovty> Zoveel boosheid.
[21:45:41] <Jeroen> Stuiterbal is gewoon lekker cynisch
[21:45:44] <Jeroen> die mensen moeten er ook zijn
[21:45:55] <zovty> Er is nooit genoeg cynisme.
[21:46:55] *** Joins: Beer`__ (beer@84.241.197.125)
[21:47:50] <Jeroen> mozestering
[21:47:59] <Jeroen> ik denk: ik ga een kouwe pakken bij de studiekroeg
[21:48:06] <Jeroen> grande opening etc etc
[21:48:10] <Jeroen> van 5 tot 12 open
[21:48:14] <Jeroen> is het bier inmiddels op
[21:48:15] <Jeroen> ...
[21:48:21] <Jeroen> wat kunnen die mensen wel
[21:48:21] <Jeroen> :D
[21:48:42] <zovty> Bier drinken, overduidelijk.
[21:48:53] <Dubbeldrank> tja, ik denk ik zeg het niet 
[21:48:59] <Jeroen> wat een faalbende
[21:49:01] <Jeroen> ongelofelijk
[21:49:06] <Dubbeldrank> maar bezopen studenten die iets over HBO'ers zeggen :D
[21:49:17] <Jeroen> ben ik bezopen dan? :+
[21:49:23] <Dubbeldrank> nu niet
[21:49:27] <Jeroen> klopt
[21:49:39] *** Quits: Fe2O3 (Fe2O3@h70248.upc-h.chello.nl) (Exit)
[21:49:43] <Jeroen> jezus echt
[21:49:45] <Jeroen> hoe kan dit :D
[21:49:47] <Dubbeldrank> maar dat komt vast van het weekend wel weer goed :P
[21:49:55] <Jeroen> ik weet niet of ze tanks of vaten hebben
[21:50:00] <Dubbeldrank> slecht inkopen :P
[21:50:09] <Jeroen> maar ik zou verdomme groot inkopen en een dealtje maken met de brouwer
[21:50:11] <Jeroen> dat contract hebben ze inmiddels net vernieuwd
[21:50:33] <Jeroen> want dit kost ze geld
[21:50:34] <Jeroen> damn
[21:51:25] <Jeroen> ik organiseer zelf ook wel eens evenementen en heb de voorzichtige inkopers wel eens voorgerekend dat 1x nee zeggen iets van 6 tot 10x te veel inkopen kost
[21:51:40] <Jeroen> wat overblijft geef je mee aan de vrijwilligers of breng je terug naar je suppliers (ongeopende shit ed)
[21:51:41] <Jeroen> fixed
[21:52:04] <Jeroen> maar nee die zo "professionele" organisatie met full-time bestuur en dit en dat kan dat blijkbaar niet
[21:52:04] <Jeroen> idiots
[21:55:23] <zovty> Misschien was er gewoon niet meer geld.
[21:55:35] <Jeroen> het zou me weinig verbazen
[21:55:50] <Jeroen> maar als ik iets nog meer ben dan cynische hufter is het wel ramptoerist, dus ik ga toch maar ff kijken
[22:09:57] <rawplayer> hallo
[22:09:59] <rawplayer> ik ben er
[22:10:00] <Pandora> gezellig, rawplayer is er!
[22:10:02] <rawplayer> hoi ijsje
[22:15:30] <Bertone> gnvond
[22:15:34] <rawplayer> hoi
[22:15:44] <Bertone> hoi
[22:15:51] <rawplayer> Bertone: o/
[22:17:28] *** Quits: rhod (rhod@86.85.193.196) (Exit)
[22:22:55] *** Quits: Beer`__ (beer@84.241.197.125) (Ping timeout: 66 seconds)
[22:23:11] <rawplayer> ik mis fiebel
[22:25:56] *** Joins: Beer`__ (beer@193.172.46.138)
[22:30:05] <Stuiterbal> ^ :')
[22:36:14] <rawplayer> hoi Stuiterbal 
[22:44:42] *** Quits: Teckna (jonathan@52487D74.cm-4-1b.dynamic.ziggo.nl) (Ping timeout: 68 seconds)
[23:02:09] *** Joins: Teckna (jonathan@52487D74.cm-4-1b.dynamic.ziggo.nl)
[23:11:40] *** Joins: wirky (werken@ip503c7f23.speed.planet.nl)
[23:11:49] <wirky> sup
[23:13:41] <rawplayer> nm
[23:13:49] *** Joins: Andros (Andros@203.124-244-81.adsl-dyn.isp.belgacom.be)
[23:20:58] *** Quits: Jeroen (Jeroen@ip82-139-124-155.lijbrandt.net) (Exit)
[23:22:40] *** Quits: TooL (x@ip172-92-210-87.adsl2.static.versatel.nl) (Ping timeout: 66 seconds)
[23:24:16] *** Quits: Teckna (jonathan@52487D74.cm-4-1b.dynamic.ziggo.nl) (Ping timeout: 60 seconds)
[23:24:27] *** Joins: Teckna (jonathan@52487D74.cm-4-1b.dynamic.ziggo.nl)
[23:24:48] *** Quits: Teckna (jonathan@52487D74.cm-4-1b.dynamic.ziggo.nl) (Exit)
[23:28:56] *** Joins: Fokker_8660 (Mibbit@ip39-109-174-82.adsl2.static.versatel.nl)
[23:30:18] <Fokker_8660> hallo
[23:31:06] *** Joins: TooL (x@ip172-92-210-87.adsl2.static.versatel.nl)
[23:32:47] *** Quits: TooL (x@ip172-92-210-87.adsl2.static.versatel.nl) (Ping timeout: 64 seconds)
[23:33:30] <rawplayer> hoi
[23:34:32] <wirky> hoi Fokken_8660
[23:36:47] *** Quits: Fokker_8660 (Mibbit@ip39-109-174-82.adsl2.static.versatel.nl) (Exit)
[23:36:57] <wirky> doehiejjj
[23:41:47] *** Joins: TooL (x@ip172-92-210-87.adsl2.static.versatel.nl)
[23:42:25] <rawplayer> hoi tool
[23:44:38] *** Joins: Fokker_3043 (Mibbit@dD5E00212.access.telenet.be)
[23:44:59] *** Quits: Guyver2 (Guyver2@guyver2.xs4all.nl) (Exit)
[23:45:22] *** Quits: Fokker_3043 (Mibbit@dD5E00212.access.telenet.be) (Exit)
[23:47:35] *** Quits: TooL (x@ip172-92-210-87.adsl2.static.versatel.nl) (Ping timeout: 67 seconds)
[23:55:59] *** Joins: TooL (x@ip172-92-210-87.adsl2.static.versatel.nl)
