[00:00:10] *** Joins: Andros (Andros@36.149-200-80.adsl-dyn.isp.belgacom.be)
[00:05:03] *** Quits: Fiebel (PrincessCo@d77048.upc-d.chello.nl) (Exit)
[00:05:12] *** Joins: Fiebel (PrincessCo@d77048.upc-d.chello.nl)
[00:06:24] *** Quits: Fiebel (PrincessCo@d77048.upc-d.chello.nl) (Ping timeout: 66 seconds)
[00:07:19] *** Quits: Andros (Andros@36.149-200-80.adsl-dyn.isp.belgacom.be) (Ping timeout: 66 seconds)
[00:07:50] *** Joins: Andros (Andros@36.149-200-80.adsl-dyn.isp.belgacom.be)
[00:08:35] *** Quits: Michelp2 (Mibbit@5ED4110B.cm-7-5a.dynamic.ziggo.nl) (Exit)
[00:09:40] *** Quits: Andros (Andros@36.149-200-80.adsl-dyn.isp.belgacom.be) (Ping timeout: 67 seconds)
[00:14:45] *** Quits: wirky (werken@ip503c7f23.speed.planet.nl) (Exit)
[00:26:02] *** Joins: rhod (rhod@86.85.193.196)
[00:29:02] *** Quits: Guyver2 (Guyver2@guyver2.xs4all.nl) (Exit)
[00:38:02] *** boekee is now known as boekee_away
[00:39:33] <zovty> Wat is vandaag precies een dag te laat?
[00:39:36] <zovty> 2 april!
[00:39:41] <zovty> Hahahahhahahahahahhahahahahahah :D!
[00:39:44] <zovty> XD.
[00:39:47] <zovty> :{.
[01:29:51] *** Quits: coreblink (coreblink@145.132.131.160) (Exit)
[01:56:43] *** Quits: rhod (rhod@86.85.193.196) (Ping timeout: 60 seconds)
[02:06:32] *** Joins: rhod (rhod@86.85.193.196)
[02:18:21] *** Joins: Kratsbats (Mibbit@ip54541c8e.adsl-surfen.hetnet.nl)
[02:18:33] <Kratsbats> hallo
[02:19:04] <Kratsbats> Hoi mensen wat ben ik blij hier mensen te spreken
[02:19:22] <Kratsbats> Ik heb veel problemen gehad\
[02:20:43] <Kratsbats> Okeee
[02:23:04] <Kratsbats> Dikke snikkel in je zachte slijmbrein
[02:23:13] <Kratsbats> yehehehehe
[02:26:24] <Kratsbats> nee problemen niet nee
[02:26:32] <Kratsbats> hahaha
[02:26:54] <Kratsbats> Ik wil gewoon praten hehehehe
[02:29:29] <Kratsbats> hehehe
[02:29:43] *** Quits: Kratsbats (Mibbit@ip54541c8e.adsl-surfen.hetnet.nl) (Exit)
[02:58:23] *** Joins: Stuiterbal (Stuit@2001:980:5281:1:2dfc:57d6:4674:544f)
[03:04:03] *** Quits: Jeroen (Jeroen@54188FF8.cm-5-1c.dynamic.ziggo.nl) (Exit)
[03:13:35] *** Quits: Beer`__ (Beer@5ED0808C.cm-7-1c.dynamic.ziggo.nl) (Exit)
[03:25:15] *** Quits: SCHAPiE (dorian@dhcp-077-249-247-124.chello.nl) (Exit)
[03:52:30] *** Quits: Stuiterbal (Stuit@2001:980:5281:1:2dfc:57d6:4674:544f) (Exit)
[04:02:02] *** Joins: Salvad0R (asdfer@524BEC59.cm-4-4d.dynamic.ziggo.nl)
[04:02:06] <Salvad0R> toch
[04:02:32] <Salvad0R> jeweet
[04:02:50] <Salvad0R> keihard illegaal downloaden hier
[04:05:21] <Salvad0R> https://www.youtube.com/watch?v=6v_d56IwOTE
[04:05:23] <digibot> Title: D12 -Aint Nuttin but Music - YouTube (at www.youtube.com)
[04:09:30] <Salvad0R> 2002
[04:22:18] *** Joins: Fokker_2502 (Mibbit@ip4da372fd.direct-adsl.nl)
[04:22:56] *** Quits: Fokker_2502 (Mibbit@ip4da372fd.direct-adsl.nl) (Exit)
[05:29:22] *** Joins: Michel (Mibbit@82-169-33-154.ip.telfort.nl)
[05:29:56] <Michel> hoi
[05:30:17] *** Quits: Michel (Mibbit@82-169-33-154.ip.telfort.nl) (Exit)
[05:34:46] *** Quits: Salvad0R (asdfer@524BEC59.cm-4-4d.dynamic.ziggo.nl) (Exit)
[07:35:35] *** Quits: rhod (rhod@86.85.193.196) (Exit)
[07:46:58] <Escovan> ik ben er
[07:46:59] <Pandora> gezellig, Escovan is er!
[07:47:04] <Escovan> :)
[07:56:27] <Redhead> mogge
[08:00:51] <Dubbeldrank> hey Redhead
[08:00:56] <Dubbeldrank> vroege vogel
[08:01:19] <Redhead> hey DD , vandaag nog ff onder de deken sooze ;p dus valt mee
[08:01:26] <Redhead> jij dan?
[08:01:49] <Dubbeldrank> ik lag er om 22:46 al in gisteren
[08:01:59] <Redhead> lekker
[08:02:00] <Dubbeldrank> 22:45 dus
[08:02:05] <Dubbeldrank> ja, was gaar
[08:02:20] <Dubbeldrank> dus ik had wel genoeg geslapen
[08:02:35] <Redhead> dat uur helpt me echt niet met vroeg naar bed ;)
[08:02:46] <Redhead> 2 uur lag ik erin
[08:02:56] <Dubbeldrank> :D
[08:03:09] <Redhead> wel half 7 wakker
[08:03:11] <Redhead> doh
[08:03:13] <Dubbeldrank> och, mooie tijd toch
[08:03:18] <Dubbeldrank> mja, dat ken ik
[08:03:21] <Redhead> hehe
[08:03:29] <Dubbeldrank> als ik heel laat naar bed ga wordt ik nog steeds op tijd wakker
[08:03:39] <Redhead> juh
[08:03:47] <Dubbeldrank> en zo niet maakt de kat me wakker
[08:04:20] <Redhead> charlie vind dat uur ook niks , die ligt nu naast me op de bank verder te pitten
[08:04:21] <Dubbeldrank> en als ik dan uit bed ben gaat zij lekker slapen...
[08:04:27] <Redhead> hahaha
[08:04:38] <Redhead> katten....
[08:04:44] <Dubbeldrank> mja, mooi volk
[08:04:53] <Redhead> och ja dat wel
[08:04:56] <Redhead> :)
[08:05:19] <Dubbeldrank> ze doet het niet elke keer hoor :D
[08:05:25] <Dubbeldrank> dan zou ik een beetje gek worden
[08:05:35] <Redhead> gelukkig maar :))
[08:06:02] <Redhead> hier zijn veel katten om me heen dus ik hoef er zelf geen te nemen
[08:06:09] <Redhead> mooie beesten ook 
[08:06:22] <Dubbeldrank> wij hebben ook wel een mooie
[08:06:35] <Dubbeldrank> volgens mij heb ik wel eens een foto laten zien
[08:07:17] <Redhead> waarschijnlijk maar ik weet t niet meer , kan nu ook niks openen ,straks eerst weer geld vangenom bij te laden
[08:07:26] <Dubbeldrank> ah
[08:07:31] <Dubbeldrank> geen wifi meer?
[08:07:39] <Redhead> jawel maar met dongle
[08:07:47] <Dubbeldrank> ah
[08:08:24] <Redhead> 350 euri heb ik install en n jaar goede connectie....
[08:08:35] <Redhead> maaaaaaaaaaaaaaaaar , ff te weinig geld 
[08:08:53] <Dubbeldrank> sparen dan maar :P
[08:09:02] <Redhead> zodra dat weer n beetje meer gaat zijn ...dan
[08:09:10] <Dubbeldrank> weinig te doen daar nu?
[08:09:35] <Redhead> ja , alhoewel nu horeca seizoen aantrekt maar daar zie ik maar ff van af
[08:09:49] <Redhead> te zwaar in de zomer
[08:09:52] <Dubbeldrank> uhuh
[08:09:55] <Dubbeldrank> lange dagen
[08:09:57] <Redhead> en uurloon van slaaf
[08:10:12] <Dubbeldrank> toch raar eigenlijk
[08:10:14] <Redhead> en tip delen met iedereen 
[08:10:18] <Dubbeldrank> want er wordt veel verkocht
[08:10:24] <Redhead> lekker opflikkeren
[08:10:26] <Redhead> ;p
[08:10:36] <Dubbeldrank> uhuh
[08:10:59] <Redhead> gisteren toevallig , n goede bediening .... was ergens weg ... vertelt ze : 3 euro per uut
[08:11:02] <Redhead> uur
[08:11:05] <Redhead> jemig
[08:11:17] <Redhead> dat is toch crimineel
[08:11:28] <Dubbeldrank> ja, dat is bizar weinig
[08:11:43] <Redhead> en zolang mensen dat accepteren blijft t ook zo
[08:11:48] <Redhead> snap je
[08:12:02] <Dubbeldrank> nu is het leven daar wel iets goedkoper dan hier, maar 3 Euro is dan nog steeds erg weinig
[08:12:22] <Redhead> is met ouderenzorg ook , allemaal uitzendbureaus die de klant wel n boel geld vragen en de zorgverlenenden 4 euro per uur
[08:12:51] <Dubbeldrank> dat is het probleem, de tussenpartijen die graaien
[08:13:00] <Redhead> juh 
[08:13:07] <Dubbeldrank> beter rechtstreeks regelen
[08:13:12] <Dubbeldrank> maar ja, dat is wel zoeken
[08:13:16] <Redhead> jep 
[08:13:38] <Redhead> mja ik krijg aanvragen en soms is dat dan net minder , heb nu flyers
[08:13:54] <Redhead> maar die deel ik ook matig uit verder , want beetje moe 
[08:13:56] <Redhead> hehe
[08:14:00] <Dubbeldrank> :D
[08:14:29] <Dubbeldrank> het betere weer komt er weer aan
[08:14:29] <Redhead> kom er net aan , dus ok
[08:14:40] <Dubbeldrank> oh, je bent ff weggeweest?
[08:14:52] <Redhead> nee bedoel financieel , net aan
[08:14:56] <Dubbeldrank> oh zo
[08:15:38] <Redhead> maar daarvoor veel tijd om te tuinieren :)
[08:15:57] <Dubbeldrank> ben je weer wat aan het maken?
[08:16:06] <Redhead> ik heb al gemaakt
[08:16:25] <Redhead> volop aan het zaaien , planten en zelfs oogsten is al
[08:16:56] <Redhead> kreeg n stuk land , geploegd en wel omdat ik dat huisje hier zelf opgeknapt heb
[08:17:11] <Redhead> vd eigenaar die alfalfa veldje heeft hier
[08:17:30] <Dubbeldrank> ah cool
[08:17:47] <Redhead> en eigenlijk zou ook n buurman helft krijgen van datte omdat die ook huisje had verbetert met n dikke gemetselde bbq
[08:18:06] <Redhead> maar die doet geen ruk in moestuin dus dat stuk heb ik er nu ook bij
[08:18:20] <Dubbeldrank> lekker je eigen meuk verbouwen
[08:18:28] <Redhead> ja man 
[08:19:11] <Dubbeldrank> als je dat een beetje tactisch plant kan je er ook redelijk mee besparen
[08:19:29] <Redhead> het is vooral voor de lekker
[08:19:36] <Redhead> zonder gif
[08:19:52] <Dubbeldrank> ja, geen rommel erop scheelt ook
[08:20:14] <Redhead> en voor mn gemoed is het echt super
[08:21:51] <Dubbeldrank> beetje pielen in de tuin is ook wel rustgevend idd
[08:22:07] <Redhead> t is hier wel echt veel werk 
[08:22:25] <Redhead> hakken hakken en zitten keiveel stenen in de grond 
[08:22:34] <Redhead> steeds grond verbeteren ook 
[08:22:39] <Redhead> met geitenkak
[08:22:41] <Redhead> ;p
[08:23:06] <Dubbeldrank> ja, dat zal wel feest zijn met halve rotsblokken :D
[08:23:34] <Redhead> :)
[08:24:00] <Dubbeldrank> in welk plaatsje zit je nu?
[08:24:24] <Redhead> tussen nerja en torrox op de campo 
[08:24:40] <Redhead> 5 minuten afdalen naar zee , 10 minuten omhoog
[08:25:02] <Redhead> lopend dus
[08:25:04] <Redhead> :)
[08:25:24] <Dubbeldrank> oh, ik zie het, dat is mooi aan de kust
[08:25:29] <Redhead> over de weg is het langer , ik kan dwars door de campo
[08:25:47] <Redhead> dus mensen met autos hebben het verder
[08:26:00] *** Joins: Fiebel (PrincessCo@d77048.upc-d.chello.nl)
[08:26:25] <Dubbeldrank> uhuh
[08:26:30] <Redhead> met de scoot ben ik in n kwartier in beide dorpen
[08:26:36] <Fiebel> ik ben er
[08:26:36] <Pandora> gezellig, Fiebel is er!
[08:26:37] <Dubbeldrank> landbouw en vakantiehuisjes zie ik :D
[08:26:41] <Redhead> morrie fiebsie
[08:26:41] <Fiebel> dag reddie
[08:26:43] <Fiebel> dag DD
[08:26:46] <Dubbeldrank> hoi Fiebel
[08:27:52] <Redhead> landbouw / wonen / vakantie is hier redelijk gemengd
[08:28:12] <Dubbeldrank> vooral bij Torrox daar, veel kassen
[08:28:29] <Redhead> juh ik heb n kas voor me en n kas achter me 
[08:28:40] <Dubbeldrank> ahhh
[08:28:44] <Redhead> dacht ik eerst dat ik dat storend vind maar is juist prima
[08:28:53] <Dubbeldrank> lekker rutig
[08:28:57] <Dubbeldrank> +s
[08:28:58] <Redhead> ja man 
[08:29:03] <Redhead> geeft ruimte
[08:29:19] <Redhead> en voor t oog was het eerst wennen
[08:29:31] *** Joins: Megumi (Megumi@095-096-003-094.static.chello.nl)
[08:29:42] <Redhead> maar heb mn veranda ingepakt dus hoef ik t niet te zien steeds
[08:29:49] *** Quits: Megumi (Megumi@095-096-003-094.static.chello.nl) (Exit)
[08:29:51] <Redhead> kei knusjes
[08:29:58] <Dubbeldrank> :D
[08:30:16] <Redhead> de boeren zijn ook ok
[08:30:27] <Redhead> die vinden het leuk dat ik zwoeg 
[08:31:00] <Redhead> dus dan hebben ze niet dat gevoel dat ze verder hebben met die buiten;landers die alleen komen chillen en op hun neerkijken
[08:31:18] <Dubbeldrank> hehe
[08:31:21] <Redhead> is echt
[08:31:24] <Redhead> snap ik ook
[08:32:34] <Redhead> of van die idioten die hun honden niet onder controle hebben die dan hun kassen inrennen en de velden ...
[08:32:53] <Redhead> overlast
[08:33:27] <Redhead> kunnen ze bij mijn hond niet mekkeren want die luistert
[08:33:54] <Redhead> t is dat ze me dat zelf vertellen zo , ik verzin het niet zelf :)
[08:33:59] <Dubbeldrank> :D
[08:34:06] <Dubbeldrank> ja, dat is ook vervelend
[08:34:14] <Dubbeldrank> mensen die hun dier niet onder controle hebben
[08:34:22] <Redhead> uhu
[08:34:44] <Dubbeldrank> dat hebben we hier ook op de hei
[08:34:53] <Dubbeldrank> daar lopen van die schotse hooglanders
[08:35:01] <Redhead> juh i know 
[08:35:05] <Dubbeldrank> en in dat genied moeten honden aan de lijn
[08:35:08] <Dubbeldrank> gebied
[08:35:21] <Redhead> ben er vaak geweest is dat stuk 
[08:35:24] <Dubbeldrank> en toch mensen die het niet doen en die achter de koeien aan gaan
[08:35:26] <Redhead> ook met mn hond
[08:36:13] <Dubbeldrank> er hangen nu ook bordjes dat je op 25 meter afstand moet blijven omdat er iemand 'aangevallen' was door zo'n koe
[08:36:34] <Dubbeldrank> wat blijkt, iemand liep direct op een kalfje af
[08:36:36] <Redhead> ik had / heb wel respect voor die beesten
[08:36:37] <Dubbeldrank> moet je niet doen
[08:36:41] <Redhead> nee idd
[08:36:43] <Redhead> sukkels
[08:36:50] <Dubbeldrank> voor de rest zijn het lieve beesten
[08:37:00] <Redhead> natuur is niet iedermans zaak
[08:37:05] <Dubbeldrank> je kan ze gewoon aaien, maar alleen als ze zelf naar je toe komen
[08:37:10] <Redhead> beetje snappen hoe t werkt...
[08:37:36] <Dubbeldrank> ik zat een keer met Janet op een bankje, ineens 10 van die beesten om je heen
[08:37:38] <Dubbeldrank> prima
[08:37:41] <Dubbeldrank> doen niets
[08:37:45] *** Joins: wirky (werken@ip503c7f23.speed.planet.nl)
[08:37:49] <Redhead> :)
[08:37:59] <Dubbeldrank> het zijn koeien, geen monsters :P
[08:38:06] <Redhead> haha 
[08:38:11] <Dubbeldrank> alleen wel met hele grote horens :P
[08:38:32] <Redhead> :) mensen je weets
[08:38:36] <Dubbeldrank> jup
[08:38:38] <Redhead> en dan beesten de scdhuld geven
[08:38:55] <Redhead> maar hey , ik moet hobbelen
[08:39:08] <Redhead> eva braun verzorgen zo ;)
[08:39:16] <Dubbeldrank> haha
[08:39:18] <Dubbeldrank> sterkte
[08:39:19] <Redhead> leuk weer ff gekletst te hebben :)
[08:39:22] <Redhead> thnx
[08:39:23] <Dubbeldrank> yo
[08:39:26] <Dubbeldrank> werkse
[08:39:35] <Redhead> knufs mee vooor janet ook
[08:39:35] <Redhead> :)
[08:39:40] <Dubbeldrank> zal ik doen
[08:39:52] <Redhead> *foets*
[08:42:09] *** Quits: wirky (werken@ip503c7f23.speed.planet.nl) (Ping timeout: 60 seconds)
[08:44:57] *** Joins: wirky (werken@ip503c7f23.speed.planet.nl)
[08:47:11] *** Joins: Fem_LittleLady (Mibbit@a82-161-112-138.adsl.xs4all.nl)
[08:47:50] <Fem_LittleLady> een hele goedemorgen deze morgen
[09:07:58] *** Joins: Teckna1 (jonathan@52487D74.cm-4-1b.dynamic.ziggo.nl)
[09:08:39] *** Quits: Teckna (jonathan@2001:1c01:c07:4b00:c59e:932e:243d:7bf0) (Ping timeout: 66 seconds)
[09:20:01] <wirky> appeltaart meej huizengeur
[09:21:35] <Fiebel> ;9
[09:21:39] <Fiebel> :9
[09:21:53] <wirky> je bent er hoor Fiebel
[09:22:03] <Fiebel> ik ben er
[09:22:03] <Pandora> gezellig, Fiebel is er!
[09:23:19] *** Joins: Lott (Lott@101-168-158-163.dynamic.caiway.nl)
[09:23:22] <Fem_LittleLady> Goedmeorgen
[09:23:30] <Fem_LittleLady> pfff net wakker
[09:23:34] *** boekee_away is now known as boekee
[09:23:38] <Fem_LittleLady> Goedemorgen
[09:24:03] <Fiebel> ha fem
[09:24:26] <Fiebel> ik ben 10 kilo affgevallen
[09:24:29] <Fiebel> *O*
[09:24:39] <Escovan> ik 4. Ik voel me zwak.
[09:24:46] <Fiebel> ochoch
[09:25:04] <Escovan> Heb ik soms he van die dag....
[09:25:20] <Escovan> +en . Dat ik maar een beetje in mijn vel hang
[09:25:55] <Escovan> maar.
[09:26:12] <Escovan> wel fris gedoucht gepoetst en al even gewandeld vandaag.
[09:26:55] <Fem_LittleLady> netjes netjes
[09:27:21] <Fem_LittleLady> ja zit ook al weer fris in de klertjes
[09:27:34] <Fem_LittleLady> alleen nog niet helemaal wakker, 
[09:27:47] <Boots> Nu weeg je 90kg?
[09:27:51] <Fem_LittleLady> maar al wel de honden uitgelaten, nou ja die hebben me even door het bos geleid
[09:28:42] <Escovan> Boots, 94kg bij 1,87m
[09:30:43] <Fem_LittleLady> is netjes toch
[09:31:43] <Boots> hehe ja ik bedoelde fiebje
[09:32:38] <rawplayer> hallo
[09:32:40] <rawplayer> ik ben er
[09:32:40] <Pandora> gezellig, rawplayer is er!
[09:33:07] <Fem_LittleLady> goedmeorgen
[09:33:19] <Fem_LittleLady> Ik moet echt een bak sterke koffie
[09:35:35] <Boots> Of meer slaap?
[09:43:55] <Fem_LittleLady> Nee dat niet heb soms moeite met wakker worden
[09:45:21] <zovty> Goeiemorgen.
[09:45:31] <rawplayer> hoi ijsje
[09:45:35] <zovty> Player.
[09:45:38] <zovty> Sup dude.
[09:45:45] <rawplayer> ik heb gister nog een beetje gehuild :/
[09:45:56] <zovty> Goedzo jongen, gooi het er allemaal maar uit.
[09:46:02] <rawplayer> ja
[09:46:16] <zovty> Ik heb een smoofie.
[09:46:26] <rawplayer> lekker
[09:46:30] <rawplayer> met wat/
[09:46:32] <zovty> Banaan, druiven, boerenkool, ongezoete amandelmelk.
[09:46:37] <rawplayer> goedzo
[09:46:39] <zovty> En ananas.
[09:47:11] <zovty> Och jongens, mijn wekken ging zo vroeg vnoggend.
[09:47:15] <zovty> Om 8 uur al.
[09:47:23] <zovty> Toen heb ik nog 5 minuutjes gelegen en toen was het half 10.
[09:47:23] <Fem_LittleLady> Goedemorgen zovty
[09:47:28] <zovty> He femmert.
[09:47:40] <rawplayer> ik ben ook net pas wakker
[09:48:30] <Boots> ik ben er nog niet aan toe
[09:48:33] <Boots> aan ontbijt
[09:48:39] <Boots> ah daar reageert pandora niet op
[09:48:49] <Fem_LittleLady> straks even spullen halen
[09:48:52] <Boots> verkapte test
[09:49:07] <Boots> Ik heb verfkleurtjes!
[09:49:16] <zovty> Ik ben er.
[09:49:18] <Boots> En twijfel nu weer over de kleuren :D
[09:49:31] <Boots> Zelfs de punt nier
[09:49:31] <zovty> niet twijfelen boots.
[09:49:32] <Boots> Jeetje
[09:49:43] <zovty> Gewoon smeren, en als het niet bevalt smeer je er wat anders op.
[09:49:43] <Boots> Tuurlijk wel ik ben een hormonale vrouw.
[09:49:54] <zovty> ZO'n pot verf kost niks, en je hebt het in een zaterdagje gedaan.
[09:49:57] <Boots> Ja dat kost 21 euro per kleur
[09:50:01] <zovty> Jajoh.
[09:50:05] <zovty> Wat is nou 21 euro?
[09:50:09] <zovty> Het zit er 10 jaar op.
[09:50:14] <Boots> Nah
[09:50:19] <Boots> Vorige keer maar anderhalf :D
[09:50:27] <zovty> :)
[09:50:30] <Boots> Het kost vooral energie.
[09:50:47] <Boots> Daarom ook geen goedkope verf gehaald
[09:50:53] <Boots> Anders kost het nog dubbel zoveel
[09:51:26] <zovty> En zitten mieren over exact de juist teint heeft ook geen zin, het licht in je huis verandert toch de hele dag, iedere dag.
[09:51:29] <zovty> gewoon kiezen en klaar.
[09:51:36] <zovty> Namens alle mannen: BEDANKT!
[09:52:18] <zovty> goeiekope verf smeert ook minder lekker zeggen schilders altijd.
[09:52:53] <rawplayer> misschien moeten we dit ook met De Smerende Beren doen
[09:52:57] <rawplayer> verf verkopen
[09:53:13] <rawplayer> en een verfhoekje voor dames met dikke jetsers
[09:53:21] <rawplayer> die hun tietjes dan vol verfen
[09:53:25] <rawplayer> en dan een afdruk maken
[09:53:27] <rawplayer> op de muur
[09:53:33] <rawplayer> wat jij? zovty 
[09:54:18] *** Quits: BarthezZ (bart@monitoring.deheij-ict.nl) (Ping timeout: 60 seconds)
[09:54:32] <Boots> hehhhehe
[09:54:41] <Boots> Het is al beslist hoor
[09:54:51] <Boots> Ik heb wel eens een muur gevingerverfd
[09:55:35] <welly>  vandaag is rood
[09:56:05] <Boots> De kleur van je boot
[09:58:42] *** Quits: Teckna1 (jonathan@52487D74.cm-4-1b.dynamic.ziggo.nl) (Ping timeout: 60 seconds)
[09:58:58] *** Joins: coreblink (coreblink@145.132.131.160)
[10:01:02] <Boots> Ik weet niet wat ik zal eten
[10:07:01] <welly> ben je dat vergeten
[10:09:21] *** Joins: mijk (mijk@218-245-144-85.ftth.glasoperator.nl)
[10:09:32] *** Joins: Guyver2 (Guyver2@guyver2.xs4all.nl)
[10:12:48] <wirky> mijk garnalenpellende blauwe uitelkaar vallende roestige ikeakast zonder schroefjes
[10:15:51] <Boots> Ja no shit dat ie uit elkaar valt
[10:19:41] <zovty> Lijkt me een heel goed plan player.
[10:19:46] <zovty> Topplan.
[10:19:49] <zovty> Zou zo kopen.
[10:19:52] <zovty> *duimpje*
[10:20:43] <Fem_LittleLady> :D
[10:21:35] <Boots> Fem biedt zich aan 
[10:21:41] <Boots> Wat betaal je?
[10:25:08] <Fem_LittleLady> Uh waarvoor
[10:33:05] <Fiebel> ochtoch
[10:33:17] <nomadz> hallo
[10:33:19] <nomadz> ik ben er
[10:33:25] <Fiebel> ik ben er
[10:33:25] <Pandora> gezellig, Fiebel is er!
[10:33:30] <Fiebel> ik ben er 
[10:33:33] <Fiebel> ik ben er
[10:33:33] <Pandora> gezellig, Fiebel is er!
[10:33:56] <nomadz> fiebje
[10:33:57] <rawplayer> ik ben er
[10:33:57] <Pandora> gezellig, rawplayer is er!
[10:34:01] <nomadz> rawpy
[10:34:07] <Fiebel> nomy
[10:34:08] <rawplayer> ik ben er
[10:34:08] <Pandora> gezellig, rawplayer is er!
[10:34:09] <rawplayer> nomy
[10:34:11] <Fiebel> ik ben er
[10:34:11] <Pandora> gezellig, Fiebel is er!
[10:34:14] <nomadz> wie maakt er even ontbijt? ik kan maar 1 hand gebruiken
[10:34:15] *** Fiebel is now known as godverdomme
[10:34:17] <rawplayer> mgighgihgihgih
[10:34:19] <godverdomme> ik ben er
[10:34:19] <Pandora> gezellig, godverdomme is er!
[10:34:21] <rawplayer> GODVERDOMME
[10:34:21] <Pandora> !8 mondspoeling voor rawplayer?
[10:34:23] <digibot> Pandora: You're kidding, right?
[10:34:23] <godverdomme> godverdomme
[10:34:23] <Pandora> !8 mondspoeling voor godverdomme?
[10:34:24] <digibot> Pandora: It is possible.
[10:34:26] <rawplayer> mggighhigih
[10:34:27] <godverdomme> ik ben er
[10:34:27] <Pandora> gezellig, godverdomme is er!
[10:34:30] <rawplayer> hallo
[10:34:31] <rawplayer> ik ben er
[10:34:31] <Pandora> gezellig, rawplayer is er!
[10:34:34] *** godverdomme is now known as Fiebel
[10:34:46] *** boekee is now known as boekee_away
[10:35:09] <Fiebel> ik ben o moe
[10:35:11] <Fiebel> ik wil nog rusten
[10:35:15] <rawplayer> ja
[10:35:17] <Fiebel> maar ik wil ook koffie
[10:35:18] <rawplayer> anders ik wel
[10:35:22] <Fiebel> en weer eens een keertje drukken
[10:35:24] <rawplayer> nou dat heb ik nu al gehaald
[10:35:29] <Fiebel> ik wacht op een berichtje van mijn papa
[10:35:33] <rawplayer> O+
[10:35:40] <rawplayer> gaat hij lekkers voor je maken?
[10:35:43] <rawplayer> wandelen?
[10:35:46] <rawplayer> iets ophangen?
[10:35:52] <Fiebel> nee er komt een bestelling
[10:35:53] *** Joins: rhod (rhod@86.85.193.196)
[10:35:55] <rawplayer> :o
[10:35:58] <rawplayer> ojaojaojaojaoja
[10:35:58] <Fiebel> die neemt hij in ontvangst
[10:36:00] <Fiebel> en dan zegt hij
[10:36:01] <rawplayer> ik weet wat
[10:36:02] <Fiebel> er is een pakketje
[10:36:07] <Fiebel> en dan is het geen ups
[10:36:08] <Fiebel> ghghighighihighg
[10:36:13] <rawplayer> postn
[10:36:14] <rawplayer> nl
[10:38:13] <Fem_LittleLady> Heb gister nieuwe mokken gekocht, het lijken net soepbakken
[10:38:26] <Fem_LittleLady> dan heb je na 1 mok ook wel genoeg
[10:38:52] <rawplayer> bleh
[10:39:05] <rawplayer> als wij lovers zijn mag je daar geen koffie in doen
[10:39:06] <rawplayer> voor mij
[10:39:45] <Fem_LittleLady> Heb me er aardig op verkeken
[10:40:03] <Fem_LittleLady> Maar ze zijn wel erg schattig
[10:40:26] <Fiebel> hzbglmm
[10:40:28] <Fiebel> :')
[10:41:33] <Fem_LittleLady> Dacht dat we zon vandaag zouden krijgen
[10:41:37] <Fiebel> ik ga mijn lipjes balsemen
[10:41:40] <Fiebel> en ik ga koffie zettn
[10:41:44] <rawplayer> O+
[10:41:46] <Fiebel> nietbullitproofkoffie
[10:41:53] <rawplayer> ja echthe
[10:41:56] <rawplayer> wie dat verzint
[10:42:00] <rawplayer> boter op je hoofd
[10:45:46] <Fem_LittleLady> Denk dat ik volgende week maar een paar sportscholen ga bezoeken
[10:45:53] <Fem_LittleLady> waar je zo'n persoonlijke trainer bij krijgt
[10:46:09] <Fiebel> ihiihhiihhihiihhi
[10:46:13] <Fiebel> ik had pep zo gevangen
[10:46:18] <Fiebel> in een kamikazeknuffel
[10:46:19] <Fiebel> gighigiihghigihgihhig
[10:46:52] <Fem_LittleLady> eens kijken welke beetje geschikt is en waar veel eyecandy loopt
[10:46:55] <rawplayer> ooo lekker
[10:47:14] *** Joins: Jeroen (Jeroen@54188FF8.cm-5-1c.dynamic.ziggo.nl)
[10:47:24] *** Quits: Lott (Lott@101-168-158-163.dynamic.caiway.nl) (Ping timeout: 60 seconds)
[10:47:59] <Fem_LittleLady> Ja moet wel interessant blijven, maar ik heb meer vertrouwen in een sportleraar dan een fysiotherapeut
[10:51:09] <rawplayer> ik ga ook zo
[10:51:10] <rawplayer> sporten
[10:51:17] <rawplayer> wat roeien, buik en schouders
[10:51:35] <rawplayer> ik heb ene tosti
[10:51:40] <Fiebel> roeieroeieroeie
[10:51:56] <Fem_LittleLady> Mja ik wil alleen buik billen benen
[10:52:01] <Fem_LittleLady> niets aan armen
[10:52:17] <rawplayer> en verder ga ik moeilijk schreeuwen
[10:52:22] <rawplayer> alsof ik keutel dwars zit
[10:52:34] <Fem_LittleLady> tsss
[10:53:44] <Punnik> goeiemorgen !!
[10:53:52] <Fem_LittleLady> Goedemorgen Punnik
[10:53:57] <Punnik> hoihoi Fem_LittleLady
[10:55:36] <Fem_LittleLady> Zal zo eerst eens mijn haar opsteken
[10:56:12] <rawplayer> pics
[10:56:33] <Fem_LittleLady> Lijkt het altijd net of ik kort haar heb
[10:56:49] <Fem_LittleLady> Nu wel iets minder want wil mijn pony laten groeien
[10:56:56] <Spacecowboy> HOEREN NEUKEN NOOIT MEER WERKEN
[10:57:03] <Fiebel> och heerlijk
[10:57:06] <Fiebel> waddun leven
[10:57:24] <Spacecowboy> jaja
[10:57:26] <rawplayer> Spacecowboy: <3
[10:57:32] <Spacecowboy> rauwe
[10:57:33] <Spacecowboy> sup
[10:57:37] <rawplayer> nm
[10:57:39] <Spacecowboy> nog gecrossfit?
[10:57:40] <rawplayer> beetje huilen
[10:57:42] <rawplayer> nee
[10:57:44] <Spacecowboy> hahaha
[10:57:45] <rawplayer> ja
[10:57:47] <rawplayer> donderdag
[10:57:52] <Spacecowboy> wat een gay ben je ook he
[10:57:53] <rawplayer> ga kapot van de spierpijn
[10:57:56] <Spacecowboy> nice nice
[10:58:02] <rawplayer> straks ff gewone sportschool
[10:58:09] <Spacecowboy> gister mn topsnelheid op vlak verbeterd
[10:58:19] <rawplayer> en nu eelt op je leuter?
[10:58:23] <rawplayer> oh
[10:58:24] <Spacecowboy> ja men
[10:58:29] <rawplayer> niet met fappen?
[10:58:34] <Spacecowboy> ook
[11:00:42] <Fem_LittleLady> :D
[11:02:04] *** Quits: Guyver2 (Guyver2@guyver2.xs4all.nl) (Exit)
[11:04:33] *** Quits: wirky (werken@ip503c7f23.speed.planet.nl) (Exit)
[11:04:55] <Spacecowboy> och jee
[11:04:58] <Spacecowboy> een veger
[11:05:12] <Spacecowboy> net alsof ik een permanentmarker aan het afvegen ben
[11:05:46] <rawplayer> :/
[11:06:04] <Fiebel> hhhhhhhhhhhhhhhhhhhhhhhhhhhhhhhhhhhhhhhhhhhhhhhhhhhhhhhhhhhhhhhhhhhhhhhhhhhhhhhheerlijk
[11:06:11] <Fem_LittleLady> ;(
[11:06:55] * rawplayer kroelt Fem_LittleLady 
[11:07:03] <rawplayer> kommaa ff kroelen
[11:07:06] <rawplayer> met rawpie
[11:07:57] <Fiebel> koffie
[11:09:00] <rawplayer> lekker
[11:09:03] <rawplayer> leeeeeeekkkkkeeeeer
[11:09:05] <rawplayer> lekkerelelle
[11:09:21] * Fem_LittleLady gaat lekker tegen rawplayer aan zitten
[11:10:26] <rawplayer> oh my
[11:10:33] <rawplayer> ik word hier verlegen van
[11:11:09] <Fem_LittleLady> :)
[11:11:48] * Fem_LittleLady heeft het koud
[11:12:01] * rawplayer warmt Fem_LittleLady op
[11:12:03] <rawplayer> :9
[11:12:10] <Fem_LittleLady> O+
[11:15:47] <Fem_LittleLady> Straks even koffiezetapparaat halen
[11:17:13] <rawplayer> zo
[11:17:18] <rawplayer> met de beentjes hoog
[11:17:21] <rawplayer> oooo kind
[11:17:23] <rawplayer> wat een luxe
[11:17:24] <rawplayer> en weelde
[11:17:48] <Fem_LittleLady> Lekker toch
[11:17:57] <rawplayer> ja
[11:18:02] <rawplayer> je mag mij aanraken
[11:18:03] <rawplayer> en masseren
[11:18:09] <rawplayer> niet mijn voetjes
[11:18:15] <rawplayer> want dan word marcellis wallace boos
[11:18:28] <Fiebel> gihghihighighghigi
[11:18:59] <Fem_LittleLady> Ohw maar ik heb niets met voeten
[11:20:01] <Spacecowboy> jezus rawplayer 
[11:20:04] <Spacecowboy> Marcellus
[11:20:13] <Spacecowboy> niet Marcellis
[11:20:17] <Spacecowboy> ken je fucking klassiekers
[11:20:44] <Fem_LittleLady> Dacht altijd dat het William Wallace was
[11:21:00] <Spacecowboy> nee
[11:21:04] <Spacecowboy> Marcellus Wallace
[11:21:05] <Spacecowboy> die neger
[11:21:19] <Spacecowboy> die uiteindelijk in zn reet wordt geneukt door die politieagent
[11:21:33] <rawplayer> Spacecowboy: schijt taalnazi
[11:22:10] <Fem_LittleLady> Die ken ik niet
[11:22:18] <Spacecowboy> je kent pulp fiction niet?
[11:22:19] <rawplayer> pulp fiction?
[11:22:23] <Spacecowboy> jezus
[11:22:31] <Dubbeldrank> ff dimmen he
[11:22:33] <rawplayer> och meid
[11:22:34] <rawplayer> dan kijken we die wel
[11:22:40] <Dubbeldrank> anders een gagball
[11:22:42] <Fem_LittleLady> Ik ken de film wel, heb hem wel eens gezien, maar kan niet alles onthouden
[11:22:43] <Spacecowboy> Dubbeldrank 
[11:22:49] <Spacecowboy> ouwe gagball lover
[11:22:52] <Dubbeldrank> :P
[11:22:56] <Dubbeldrank> sup?
[11:23:09] <Spacecowboy> moet jij van je vrouw nou nog wel eens stofzuigen met die gagball in?
[11:23:20] <Spacecowboy> of is dat tegenwoordig niet meer?
[11:23:22] <Dubbeldrank> nee, alleen swifferen
[11:23:25] <Spacecowboy> ok ok
[11:23:28] <Spacecowboy> nice
[11:23:33] <Dubbeldrank> goed geregeld toch
[11:23:43] <Spacecowboy> ja zeker zker
[11:23:50] *** Quits: rhod (rhod@86.85.193.196) (Exit)
[11:23:55] <Spacecowboy> dat zal wel een mooi plaatje zijn
[11:24:08] <Dubbeldrank> ze stribbelt alleen wat tegen als ik weer eens een stok in de kat wil steken om te swifferen
[11:24:29] <Dubbeldrank> geen idee waarom
[11:26:20] <rawplayer> ooo das zo fijn
[11:26:25] <rawplayer> ik doe tegenwoordig ook de badkamer met de kat
[11:26:36] <rawplayer> ik pak die van de buren er dan ook bij
[11:26:39] <rawplayer> en bind ze onder mijn voetjes
[11:26:44] <rawplayer> en loop dan door de badkamer
[11:26:44] <rawplayer> O+
[11:26:50] <Spacecowboy> lol
[11:27:07] <Spacecowboy> Dubbeldrank weet je wat je eens moet proberen
[11:27:09] *** tozzbier is now known as tozzert
[11:27:12] <Spacecowboy> met een swiffer in je eigen hol
[11:27:16] <Spacecowboy> en dan goed hard raggen
[11:27:23] <rawplayer> komt al die koffieprut er wel uit
[11:27:33] * Fem_LittleLady staat op en gaat even haar haren vastzetten
[11:30:24] <rawplayer> zo
[11:30:24] <rawplayer> koffie
[11:30:25] <rawplayer> nr 2
[11:30:27] <rawplayer> en een ei
[11:30:38] <Fiebel> goed zo
[11:30:41] <Fiebel> zorg goed voor de tempel
[11:30:49] <Fiebel> wanneer worden de summerbodies van 2017 gemakt?
[11:30:57] <Fiebel> misschien kan ik vast in die rij gaan staan
[11:30:59] <Fiebel> gihgihghiihhigighighg
[11:31:05] <rawplayer> nu
[11:31:08] <rawplayer> as we speak
[11:31:32] <Fiebel> O++++++++++++++++++++++++++++++++++++++++++++++++++++
[11:31:41] <Fiebel> peach wast mijn hand
[11:31:49] <Fiebel> vieze hand
[11:31:56] <Fiebel> moet ff gekuist
[11:32:12] <Fiebel> duimm ook vies
[11:32:15] <rawplayer> lief
[11:32:20] <rawplayer> O+
[11:32:24] <rawplayer> schuurpapier O+
[11:32:30] <Fiebel> zo
[11:32:30] <rawplayer> waar ze net haar poephol mee heeft schoongelikt
[11:32:33] <Fiebel> alles schoon
[11:32:35] <Fiebel> klaar nu
[11:32:39] <Fiebel> nu even eigen pootjes
[11:32:47] <Fiebel> heb ze dr popholbacillen aan mijn hand gesmeerd
[11:32:52] <Fiebel> kan ze fris dr eigen pootjes kuizen
[11:32:52] <rawplayer> mgighgihgighgigihgigighghi
[11:32:57] <Spacecowboy> rawplayer lik jij je eigen poephol?
[11:32:57] <Spacecowboy> goor
[11:32:59] <rawplayer> wat is ze ook een slimpie
[11:33:09] <Spacecowboy> beter laat je je ff rimmen ofzo
[11:33:14] <rawplayer> van der steur kent mensen die dood zijn gegaan aan hun eigen poephol likken
[11:33:15] <Fiebel> :9
[11:34:50] <rawplayer> Spacecowboy: mijn werkgever heeft 11 tesla 3's besteld
[11:34:55] <rawplayer> als vervanger voor de golf
[11:35:33] <Spacecowboy> in de preorder?
[11:36:05] <Spacecowboy> wel wijs ding
[11:36:08] <rawplayer> ja
[11:36:08] <Spacecowboy> alleen de range is kut
[11:36:14] <Spacecowboy> 345 km
[11:36:17] <Spacecowboy> :|
[11:36:17] <rawplayer> actieradius bedoel je?
[11:36:19] <rawplayer> mja
[11:36:21] <Spacecowboy> ja
[11:36:29] <Spacecowboy> dat is cht het enige wat me tegenhoudt bij zo'n ding
[11:36:31] <rawplayer> triple aaa batts als reserve
[11:36:33] <rawplayer> :p
[11:36:53] <Spacecowboy> daarbij ben ik benieuwd hoe de batterijen zijn na een jaar of 4
[11:36:56] <Spacecowboy> of 8
[11:36:57] <rawplayer> ik vind dat ook kut
[11:37:00] <rawplayer> bij die auto's
[11:37:05] <rawplayer> ik ben te lui eignelijk
[11:37:06] <rawplayer> :P
[11:37:08] <Spacecowboy> naja
[11:37:14] <Spacecowboy> ik heb dagen dat 400km+ rij
[11:37:28] <Spacecowboy> geen zin om 2x per dag 1,5 aan zo'n laadpaal te hanegn
[11:37:33] <Spacecowboy> + uur ergens
[11:37:36] <rawplayer> 40 minuten
[11:37:40] <rawplayer> wordt vast nog minder
[11:37:48] <Spacecowboy> daarbij
[11:37:53] <Spacecowboy> het hele milieu aspect is bullshit
[11:37:57] <rawplayer> het punt is is dat je je manier van werken moet aanpassen
[11:37:58] <rawplayer> klopt
[11:38:01] <rawplayer> er gaat stroom in
[11:38:03] <Spacecowboy> accu's zijn killing voor het milieu
[11:38:06] <rawplayer> die geheid wordt opgewerkt met kolencentrales
[11:38:06] <rawplayer> :D
[11:38:12] <Spacecowboy> en de stroom komt ook fijn uit bruinkoolcentrales
[11:38:16] <Spacecowboy> precies
[11:38:30] <Spacecowboy> het enige probleem wat je oplost is luchtvervuiling in steden
[11:38:46] <Spacecowboy> maar ik zou dr op zich best een willen hebben
[11:38:51] <Spacecowboy> model s ofzo
[11:38:57] <Spacecowboy> met ludacris package
[11:39:03] <Spacecowboy> of hoe noemen ze dat
[11:39:09] <Spacecowboy> 2 seconden naar de 100 :P
[11:39:12] <rawplayer> het rijd lekker iig
[11:39:12] <Spacecowboy> of 3
[11:39:29] <Fem_LittleLady> Zooo
[11:39:31] <Spacecowboy> ze moeten eens wat gaan doen aan die accucapaciteit
[11:39:38] <Spacecowboy> dan ben ik om\
[11:39:52] <Spacecowboy> en ik moet zeggen
[11:39:58] <Fem_LittleLady> fijn even heen haren in het gezicht
[11:40:03] <Fem_LittleLady> al dat gekriebel
[11:40:08] <Spacecowboy> teslas zijn de eerste electrohokken die ik mooi vindt
[11:40:14] <Spacecowboy> -t
[11:40:41] <Spacecowboy> ben benieuwd wat ze straks gaan kosten als occassion
[11:40:48] <Spacecowboy> of dat een beetje in mijn budgetrange valt
[11:45:01] <zovty> Zijn nog erg duur 2e hands.
[11:45:07] <zovty> Maar hoe zit het straks met de accus?
[11:45:10] <rawplayer> http://www.volkskrant.nl/binnenland/glutenvrij-rauw-voedingshypes-vormen-bedreiging-voor-huisdieren~a4274264/
[11:45:12] <digibot> Title: Glutenvrij, rauw: voedingshypes vormen bedreiging voor huisdieren | Binnenland | de Volkskrant (at www.volkskrant.nl)
[11:45:17] <Spacecowboy> ja precies
[11:45:19] * rawplayer kroelt ijsje
[11:45:33] <rawplayer> Spacecowboy: ik vind jou wel een prius typje
[11:45:42] <rawplayer> Spacecowboy: en dan de combi prius, multipla en cactus
[11:45:44] * rawplayer rent
[11:45:47] <Spacecowboy> hahaha
[11:45:51] <Spacecowboy> fuck no
[11:45:54] <Spacecowboy> dan fietsen
[11:45:57] <rawplayer> :D
[11:46:00] <rawplayer> met sjoemelmoter
[11:46:13] <Spacecowboy> no fucking way dat ik in dat japanse verdriet ga zitten
[11:46:16] <zovty> Die cactus is toch niet lelijk?
[11:46:17] <Spacecowboy> ik moet geen spleetogenkar
[11:46:25] <zovty> Ik vind dat wel een geinig bakkie.
[11:46:37] <rawplayer> ik heb niks met lego op de weg
[11:46:48] <zovty> Of eenden.
[11:46:56] <rawplayer> waarom haal je dat punt altijd aan
[11:47:03] <Fem_LittleLady> Rawplayer zou dat maar niet allemaal zo serieus nemen
[11:47:03] <Spacecowboy> http://www.autotrader.nl/auto/tesla-model-s/2013/ommen/7apzx/tesla-model-s-85-signature20130bijtellingex-btwpan/
[11:47:04] <digibot> Title: Tesla Model S 85 SIGNATURE|2013|0%bijtelling|Ex BTW|Panoramadak|Luchtvering|21 inch - Overzicht - Auto Trader (at www.autotrader.nl)
[11:47:10] <Spacecowboy> 59k
[11:47:12] <Spacecowboy> ouch
[11:47:19] <zovty> Juh.
[11:47:21] <Spacecowboy> dat zit "net" ff buiten mijn range
[11:47:24] <Spacecowboy> :P
[11:47:33] <rawplayer> Fem_LittleLady: wat?
[11:47:35] <zovty> Dat is toch dat kvv wat jij ze geeft fem?
[11:47:49] <rawplayer> Fem_LittleLady: oh
[11:47:49] <Fem_LittleLady> Hondenbrokken worden gemaakt om net genoeg voedingsstoffen te geven dat de hond net niet dood neervalt
[11:47:51] <rawplayer> dat eten
[11:47:52] <rawplayer> mja
[11:47:54] <rawplayer> dunnno
[11:47:57] <Fem_LittleLady> Ja ik geef kvv
[11:48:06] <rawplayer> ik weet echt niks over dit onderwerp
[11:48:18] <Fem_LittleLady> Dat vegatarisch voor de hond si niet best en voor de kat ook niet
[11:48:33] <zovty> Bierbie krijgt brokke.
[11:48:35] <zovty> Vind ze lekker
[11:48:38] <zovty> Lekker brokken.
[11:48:50] <zovty> GHAPGHAPGHAPGHAPGHAPsmekkesmeksmeksmeksemksemkliklikliklik.
[11:48:51] <Fem_LittleLady> Maar je ziet duidelijk verschil tussen pups die brokjes kregen en welke kvv
[11:48:56] <Fiebel> peppie had gistere een prakkie
[11:49:05] <rawplayer> wat is de echte naam van bierbie? ijsje
[11:49:06] <zovty> Lekker stinke.
[11:49:07] <rawplayer> doe maari nquery
[11:49:11] <zovty> Bibi.
[11:49:11] <Fiebel> heb ze eerst lekker helemaal hysterisch lekker door de hele gang gesmeerd
[11:49:14] <rawplayer> eigenlijk wil ik ook een pic
[11:49:15] <rawplayer> van bibi
[11:49:22] <Fiebel> en daarna lekker op dr gemakje opgevrote
[11:49:23] <rawplayer> zodat ik haar ook kan vereren
[11:49:24] <zovty> Oh, die is zo lelijk jongen.
[11:49:31] <zovty> Da is zonne lilliken bist.
[11:49:31] <Fiebel> heb ze een bochel?
[11:49:37] <rawplayer> plzzzzz
[11:49:38] <Fem_LittleLady> De pups van de eene fokker waren rond de 6 kilo en kregen brokjes en de pups van de andere fokker waren rond de 11 kilo en kregen brokken
[11:49:39] <zovty> Soms.
[11:49:39] <Fiebel> en een puistengezicht?
[11:49:49] <zovty> Ik zal straks wel ff foto maken.
[11:49:56] <rawplayer> \o/
[11:50:09] <Fiebel> weet je wat je eens moet doen
[11:50:12] <Fiebel> dan moet je weggaan
[11:50:15] <Fiebel> lekker ergens anders naar toe
[11:50:22] <Fiebel> en haar dan filmen als je de printer aanzet
[11:50:24] <Fiebel> en dat aan ons sturen
[11:50:32] <zovty> Ja, dat zal ik wel eens proberen.
[11:50:47] <zovty> Maar dat moet je dan even zeggen voordat ik 's morgens wegga ofzo.
[11:50:51] <zovty> Dan kan ik het scherm een beetje kantelen.
[11:50:55] <zovty> Voor beter beeld he!
[11:50:56] <Fiebel> ppffff
[11:51:00] <Fiebel> jij gaat tiefusvroeg weg
[11:51:03] <Fiebel> rawplayer
[11:51:05] <Fiebel> zeg jij hem dat een keer
[11:51:26] <zovty> Och dan ligt dat prinsje toch nog heerlijk te slapen.
[11:51:34] <zovty> Je moet gewoon ff keertje vroeg opstaan.
[11:51:37] <Fem_LittleLady> https://scontent.xx.fbcdn.net/hphotos-xtl1/v/t1.0-9/10659288_304652596388032_2363705946256327394_n.jpg?oh=d5d0fcb5845f3d1df20928fc38595999&oe=5786CE71
[11:51:39] <zovty> HEB JE WAT BETERS TE DOEN OFZO!?
[11:51:44] <Fiebel> ja
[11:51:47] <Fiebel> lekker slapa
[11:51:48] <Fem_LittleLady> er zit twee week leeftijds verschil tussen
[11:51:49] <rawplayer> ik kan weer vroeg opstaan
[11:51:49] <Fiebel> slapeslapeslape
[11:51:52] <Fiebel> gpppfzzzz
[11:51:54] <rawplayer> ik eet weer gezonder
[11:51:54] <Fiebel> gggppfffzzzzz
[11:51:57] <Fiebel> ggggppffffzzzz
[11:52:11] <rawplayer> ik moet poepen
[11:52:15] <zovty> Oh, dat is wel een heel verschil ja fem.
[11:52:15] <Fiebel> jij wel
[11:52:16] <Fem_LittleLady> Voeding doet zoveel, en tuurlijk moet je opletten dat je niet teveel bot geeft
[11:52:16] <Fiebel> jij weer wel
[11:52:34] <rawplayer> als ik terugkom van het sporten eet ik een lekker biefstukje
[11:52:40] <rawplayer> oh nee
[11:52:40] <rawplayer> kip
[11:52:42] <rawplayer> bedenk ik mij
[11:52:43] <zovty> Och lekker hoor.
[11:52:46] <zovty> Lekker kippetje.
[11:52:47] <rawplayer> met champignons en dinges
[11:52:48] <rawplayer> gvd
[11:52:53] <rawplayer> sugarsnaps
[11:52:53] <rawplayer> !
[11:52:57] <zovty> Kippetje in de oven voor je gaat sporten, en als je terugkomt issie klaar.
[11:53:02] <rawplayer> nah
[11:53:05] <rawplayer> ik wil iets wokken
[11:53:08] <zovty> En dan eruit, laten rusten, douchen.
[11:53:08] <rawplayer> met pittig er bij
[11:53:13] <rawplayer> nee
[11:53:16] <rawplayer> niks er van
[11:53:17] <Fiebel> ik wil poepen
[11:53:17] <rawplayer> tis weekend
[11:53:19] <rawplayer> dit klinkt als taken
[11:53:20] <zovty> En dan samen met je pannetje onder de douche.
[11:53:24] <rawplayer> ik wil in het weekend geen taken
[11:53:29] <zovty> Taken?
[11:53:32] <rawplayer> ja taken
[11:53:32] <zovty> Wat is een taak?
[11:53:36] <rawplayer> dat je dingen moet doen
[11:53:39] <rawplayer> wat niet uit ontspanning is
[11:53:42] <rawplayer> en geplanned
[11:53:48] <zovty> Koken is toch ontspanennd?
[11:53:52] <rawplayer> niet zoals jij het zegt
[11:53:58] <zovty> Huh?
[11:53:59] <Fiebel> lekker je mies en plasje
[11:54:00] <rawplayer> want dan moet ik rekening houden met tijd
[11:54:02] <rawplayer> bij het sporten
[11:54:03] <Fiebel> lekker je snijbordje
[11:54:05] <Fiebel> lekker je mesje
[11:54:06] <rawplayer> omdat er iets in de oven staat
[11:54:10] <rawplayer> hoe is dat ontspannen?
[11:54:11] <Fiebel> alles lekker op een rijtje
[11:54:12] <Fiebel> lekker hakke
[11:54:12] <Fem_LittleLady> https://scontent.xx.fbcdn.net/hphotos-xta1/v/t1.0-9/10685450_324301187756506_53306035810996776_n.jpg?oh=74df00aed52def0ec5180d41361acd46&oe=5777A76C
[11:54:14] <Fiebel> lekker snije
[11:54:21] <zovty> Nee, je zet de temperatuur afhankelijk van hoeveel tijd je nodig denkt te hebben.
[11:54:22] <Fiebel> lekker roere
[11:54:26] <rawplayer> Fem_LittleLady: liever poezepics!
[11:54:29] <zovty> En dan gaat je oven uit en blijft het lekker warm.
[11:54:32] <rawplayer> te moeilijk
[11:54:37] <zovty> Nah.
[11:54:40] <zovty> Het kan echt niet makkelijker.
[11:55:02] <zovty> Maar fem.
[11:55:05] <zovty> Maal jij dat vlees dan zelf?
[11:55:10] <zovty> Of koop je dat in de winkel?
[11:55:31] <zovty> Anders kan player misschien z'n kipkarkassen opsturen.
[11:55:36] <rawplayer> hm
[11:55:39] <rawplayer> HMM
[11:55:48] <rawplayer> kan ik wellicht misschien overwegens ook doen
[11:55:50] <rawplayer> tis immers markt
[11:55:55] <rawplayer> kip in een zak halen
[11:55:56] <rawplayer> bij de poelier
[11:55:59] <zovty> Jajoh.
[11:55:59] <Fem_LittleLady> Dit blijft lief https://scontent.xx.fbcdn.net/hphotos-xta1/v/t1.0-9/10399699_543650945821528_3294190394036370599_n.jpg?oh=55339493910ef1bf99c56a41aa83cd02&oe=57733E23
[11:55:59] <rawplayer> voor vanavond
[11:56:03] <zovty> Doe je dat.
[11:56:08] <rawplayer> en ff naar de notenmeneer
[11:56:13] <zovty> Lekker door de rommel rollen.
[11:56:14] <rawplayer> en kaasmeneer
[11:56:15] <Fem_LittleLady> Helemaal wappie van de catnip
[11:56:23] <zovty> Smeerlappen,
[11:56:26] <rawplayer> Fem_LittleLady: OMG O+ O+ O+ O+
[11:56:28] <rawplayer> <3 <3 <3
[11:56:29] <Fem_LittleLady> Hahaha 
[11:56:30] <zovty> Hebt die nou 2 verschillende ogen
[11:56:31] <zovty> ?
[11:57:08] <Fem_LittleLady> Nee
[11:57:21] <Fem_LittleLady> Als er ooit nog een kat komt, dan zo een
[11:57:26] <Fem_LittleLady> https://scontent.xx.fbcdn.net/hphotos-xla1/v/t1.0-9/12391454_505378962982060_4722513125453271619_n.jpg?oh=7bc9267898feb44e410364dd62f106ba&oe=578BE0A1
[11:57:34] <Fem_LittleLady> Ik vind dit zoooooooo gaaf
[11:57:51] <Fem_LittleLady> Dan noem ik hem Mr Oortjes
[11:58:03] <rawplayer> of gremlin
[11:58:16] <rawplayer> die kijkt ook scheel
[11:58:44] <Fem_LittleLady> Ja ik moet even op pad
[11:58:54] <zovty> Jezus.
[11:58:57] <zovty> Lillik.
[11:58:57] <Fem_LittleLady> Allemaal kusss knufff fijne middag ik ga effe dat koffie ding halen
[11:59:05] <zovty> Doei fem.
[11:59:13] *** Quits: Fem_LittleLady (Mibbit@a82-161-112-138.adsl.xs4all.nl) (Exit)
[11:59:33] <Fiebel> klein poesje in mah fac
[11:59:33] <Fiebel> e
[11:59:35] <Fiebel> ikbenhier
[11:59:36] <Fiebel> ikbenhier
[11:59:38] <Fiebel> halloikbenhier
[11:59:51] <zovty> Hallo peppie.
[11:59:53] <rawplayer> mgighgihggihghigihihiihgihg
[11:59:55] <zovty> Waar is kokkie?
[11:59:58] <zovty> Hahahahaahhaahhahaahahahahahaha.
[11:59:58] <Fiebel> 'lo mneer
[11:59:59] <Fiebel> :|
[12:00:10] <zovty> Lo pep.
[12:00:13] <zovty> Hoe gaat het?
[12:00:19] <Fiebel> vwaardloosd
[12:00:24] <Fiebel> kbenvwaardloods
[12:00:29] <zovty> Ochgurm.
[12:00:31] <Fiebel> ja
[12:00:35] <zovty> Piep je wel hard genoeg?
[12:00:38] <Fiebel> :|
[12:00:51] <zovty> En priew je wel lief genoeg?
[12:00:55] *** Joins: Fe2O3 (Fe2O3@h70248.upc-h.chello.nl)
[12:00:55] *** ChanServ sets mode: +o Fe2O3
[12:01:02] <Fiebel> ze is al weg hoor
[12:01:04] <Fe2O3> Zo, we zijn weer in NL *O*
[12:01:05] <Fiebel> ze heb een ding ontdekt
[12:01:06] <zovty> Oh.
[12:01:08] <Fiebel> wb roest
[12:01:09] <zovty> he roest.
[12:01:10] <zovty> welkom terug.
[12:01:58] <rawplayer> ik moet poepen
[12:02:01] <rawplayer> en komt hoge druk
[12:02:02] <Fiebel> jij wel
[12:02:04] <rawplayer> uit het noorden
[12:02:06] <rawplayer> hooooooge dru
[12:02:06] <rawplayer> k
[12:02:15] <rawplayer> we gaan over naar een laagdrukgebied
[12:02:29] <Fe2O3> 480gb SSD gescoord, kijken hoe snel alles van de 128gb af is
[12:02:41] <zovty> Zo toemaar.
[12:02:50] <rawplayer> mooi
[12:02:57] <rawplayer> ik pm je mijn adres
[12:03:00] <rawplayer> kan je die 128 naar mij sturen
[12:07:00] <Fe2O3> ffs
[12:07:13] <Fe2O3> Als je ff een weekje geen anabolen spuit dan hebbie geld voor een 128
[12:07:18] <Fe2O3> Die gaan nu voor 45e oid
[12:08:09] <rawplayer> ben ik te groen voor
[12:08:23] <rawplayer> ik schooi computermeuk bij elkaar
[12:08:34] <rawplayer> vooral bij nomadz
[12:14:29] <Etienne> Ah, België... http://www.hln.be/hln/nl/36484/Aanslagen-Brussel/article/detail/2662766/2016/03/31/Fusie-Brusselse-politiezones-Onbespreekbaar-omdat-het-van-Vlaanderen-komt.dhtml
[12:14:30] <digibot> Title: Fusie Brusselse politiezones: "Onbespreekbaar omdat het van Vlaanderen komt" - HLN.be (at www.hln.be)
[12:16:22] *** Joins: SCHAPiE (dorian@dhcp-077-249-247-124.chello.nl)
[12:22:21] *** Joins: Lott (Lott@101-168-158-163.dynamic.caiway.nl)
[12:23:08] *** Quits: SCHAPiE (dorian@dhcp-077-249-247-124.chello.nl) (Exit)
[12:23:19] <Spacecowboy> TUDUDUDUUUDUUUUUDUUUUUDUUUUUU
[12:23:50] <Spacecowboy> [12:08:23]  <rawplayer>	ik schooi computermeuk bij elkaar
[12:23:58] <Spacecowboy> net zoals je big macs en kroketten bijelkaar schooit
[12:24:00] <Spacecowboy> vetnek
[12:26:17] *** Joins: SCHAPiE (dorian@dhcp-077-249-247-124.chello.nl)
[12:31:26] <rawplayer> ja
[12:40:20] <SCHAPiE> sowieso
[12:40:26] <SCHAPiE> môggeuh
[12:47:28] *** Joins: rhod (rhod@86.85.193.196)
[12:48:32] *** Quits: rhod (rhod@86.85.193.196) (Exit)
[12:51:05] <Fiebel> ik ben er
[12:51:05] <Pandora> gezellig, Fiebel is er!
[12:51:10] <Fiebel> ja
[12:51:19] <zovty> Ik heb worstjes op.
[12:51:41] <Fiebel> goed zo kulleke
[12:51:46] <Fiebel> goed voor de tempel zorgen
[12:52:20] *** Joins: wirky (werken@ip503c7f23.speed.planet.nl)
[12:52:20] <zovty> Oh die cookies ook op al die sites.
[12:52:22] <zovty> Pfff.
[12:52:26] <zovty> Hou dr nou eens mee op.
[12:52:27] <zovty> He willem.
[12:52:34] <wirky> hoi 
[12:54:15] <wirky> hoe is t nu hier op dit moment van de dag vandaag
[12:54:22] <zovty> Wel goed.
[12:54:25] <Spacecowboy> gwoon
[12:54:26] <Fiebel> et is hier 12.54
[12:54:26] <Spacecowboy> beetje
[12:54:31] <Spacecowboy> HOEREN NEUKEN NOOIT MEER WERKEN
[12:56:22] <wirky> katten waren aan t vechten
[12:56:27] <Fiebel> WRAAHWRAAH
[12:56:38] <wirky> de jongste domineerd nu zijn moeder af en toe
[12:57:02] <Fiebel> kleine dominatri
[12:57:03] <Fiebel> x
[12:58:51] <Escovan> Ha, lekker Akineton ... 
[12:58:56] <Escovan> minder wiebelig
[12:59:17] <wirky> hoeveel mg per dag
[12:59:41] <Escovan> 2 of 4 tijdens dat ik van depot naar tablet ga. 
[13:00:32] <wirky> ik hoorde hier eens dat die werkzaam stof in akineton van een paddestoelsoort komt/is afgeleid
[13:00:54] <Escovan> geen idee, het geeft wel een lekker roesje.
[13:01:01] <wirky> ja ckr
[13:12:32] <Punnik> zometeen mn buggy maar weer eens proberen te starten :D meer dan een half jaar stil gestaan 
[13:14:39] <Escovan> Punnik, jij hebt een buggy ? :D Zo´n kekke autootje waarmee je off the road kan rijden? Nice
[13:17:10] <Punnik> yup :P 
[13:17:30] <Punnik> http://punnik.nl/sb/bug2015.jpg
[13:18:03] <Punnik> maar deze is road-legal, dus rij eigenlijk alleen maar op de openbare weg :)
[13:19:38] *** Quits: Lott (Lott@101-168-158-163.dynamic.caiway.nl) (Ping timeout: 68 seconds)
[13:28:02] <wirky> wtfjolloo
[13:28:09] <wirky> nix geen zon
[13:29:07] <nomadz> fucking koud en grijs
[13:47:52] <mijk> godverdomme
[13:47:53] <Pandora> !8 mondspoeling voor mijk?
[13:47:54] <digibot> Pandora: What are you asking me for?
[13:47:56] <mijk> de kat is kwijt
[13:48:49] <zovty> Oh, dat is kut mijk.
[13:49:08] <mijk> 2 weken binnen gehouden
[13:49:10] <mijk> gister nara buiten
[13:49:13] <mijk> hij kwam elk uur terug
[13:49:16] <mijk> en nu sinds gisteravond
[13:49:18] <mijk> weg :(
[13:49:24] <zovty> Ben je pas verhuisd?
[13:49:48] <mijk> ja
[13:50:02] <zovty> :{
[13:50:10] <zovty> Misschien vond ie het wel lekker buiten.
[13:50:13] <zovty> Komtie zo weer.
[13:50:26] <zovty> Zo zijn ze.
[13:50:28] <mijk> ja hopelijk komt hij rond etenstijd
[13:54:01] *** Joins: Stuiterbal (Stuit@2001:980:5281:1:719a:d9f:6fe0:4b06)
[14:03:10] *** boekee_away is now known as boekee
[14:06:11] <Fiebel> ochoch
[14:06:43] <wirky> www.amivedi.nl kun je egevonden dieren op foto en regio
[14:09:01] * Escovan is now listening to: Lil' Kleine - 1, 2, 3
[14:10:36] <boekee> ahh :(
[14:11:30] <boekee> Al rondje gelopen door de buurt, en af en toe roepen. 
[14:14:26] <mijk> ja
[14:14:35] <mijk> staatie al op wirky
[14:17:45] <boekee> Komt wel goed.
[14:18:07] <Punnik> voorbereidingen voor de uitbouw hier, moet wel audio/video inkomen, 4way-speaker controller er tussen en de audio werkt al :)    http://punnik.nl/sb/aukabels.jpg   
[14:18:09] * Stuiterbal blaast nu Dead Letter Circus - Aesthesis - 01 - In Plain Sight door speakers.
[14:18:24] * Escovan is now listening to: Alan Walker - Faded
[14:18:26] <Stuiterbal> Kudos voor dat kabelgootje onder de TV.
[14:18:34] <Stuiterbal> Netjes weggewerkt +1
[14:18:48] <Punnik> mja, de rest van de kabels zie je dan niet :) alleen dat gootje als kastje tegen de muur staat :)
[14:19:45] <Escovan> De avonturen van Punnik in Kabeltjesland
[14:19:53] *** Quits: wirky (werken@ip503c7f23.speed.planet.nl) (Exit)
[14:20:06] <Punnik> en het zijn al heel wat kabels minder, dit zat er eerst achter ->  http://punnik.nl/sb/kabels.jpg
[14:20:38] <Punnik> ja, fuck draadloos, ik hou van kabeltjes 
[14:21:27] <Escovan> mwah, hier is het ook een kabelbende achter de TV en alles kastjes die daar aan vast zitten. Net alsof iemand ooit een kabel gebruikt die PRECIES lang genoeg is.
[14:21:50] <Punnik> ik koop ze ook liever te lang altijd ja
[14:22:36] <Punnik> nu de extra subwoofer even aansluiten :) cheers
[14:27:00] * Fiebel drinkt goed
[14:35:26] *** Quits: Fiebel (PrincessCo@d77048.upc-d.chello.nl) (Ping timeout: 67 seconds)
[14:38:57] *** Joins: Fem_LittleLady (Mibbit@a82-161-112-138.adsl.xs4all.nl)
[14:39:01] <Fem_LittleLady> hoii
[14:42:52] <mijk> hoi
[14:43:30] <Fem_LittleLady> nog wat leuks gedaan?
[14:44:15] *** Joins: Fiebel (PrincessCo@d77048.upc-d.chello.nl)
[14:44:20] <Fiebel> ik ben er
[14:44:21] <Pandora> gezellig, Fiebel is er!
[14:48:56] <Fiebel> ja
[14:50:54] <Fem_LittleLady> hoi Fiebel
[14:51:03] <Fiebel> ha fem
[14:52:47] <Escovan> ik ben er
[14:52:47] <Pandora> gezellig, Escovan is er!
[14:52:50] <Escovan> ok
[14:52:56] <Fiebel> ha escovan
[14:53:23] <Escovan> nog wat leuks beleefd Fiebel ?
[14:53:27] <Fiebel> nee
[14:53:30] <Escovan> ahwww
[14:53:31] <Fiebel> ik ben net uit bed :@
[14:53:36] <Escovan> tjemig
[14:53:43] <Fiebel> ja
[14:53:48] <Fiebel> dat was niet helemaal de bedoeling
[14:54:05] <Escovan> voel je je uitgerust nu?
[14:54:13] <Fiebel> nee
[14:54:23] <Escovan> hmmm
[14:54:42] <Redhead> zooooooooooooooooooooooooooooooo
[14:54:50] <Redhead> hoe is t met de fokkertjes?
[14:54:50] <Fiebel> reddie!
[14:54:51] <Fiebel> :*
[14:54:59] <Fiebel> gezellig, Reddie is er!
[14:55:00] <Redhead> ha fiebsie:*
[14:55:04] <Redhead> whoei***
[14:55:10] <mijk> GODVERDOMME
[14:55:10] <Pandora> !8 mondspoeling voor mijk?
[14:55:10] <digibot> Pandora: _I_ don't know.
[14:55:20] <Redhead> mijkie , sup
[14:55:27] <mijk> MN KAT IS WEG
[14:55:28] <mijk> GVD
[14:55:32] <Redhead> heh
[14:55:40] <Redhead> komt wel weer
[14:55:57] <Fiebel> oude buren al gebeld?
[14:56:30] <Redhead> ben je verhuisd mijk?
[14:57:10] <mijk> ja
[14:57:22] <mijk> oude buren wonen 100km verderop, alstie daarheen is, is hij nog 3 dagen onderweg
[14:57:53] <Redhead> oh dat is wel minder , hoelang nu op nieuwe plek?
[14:58:18] <mijk> we hebben ze 2 weken binnen gehouden, zoals aangeraden wordt... normaal is het 4-6 weken voor nieuwe katten
[14:58:22] <mijk> maar 2 weken voor ervaren buitenkatten
[14:58:24] <mijk> hijs vrij ervaren
[14:58:26] <mijk> al 5 jaar buiten
[14:58:50] <Redhead> t is wel krolse tijd nu
[14:59:21] <Redhead> dus er is hoop
[14:59:27] *** Quits: najtreve (najtreve@shell.xs4all.nl) (Exit)
[15:00:08] <Fiebel> waarom staat er achter het abuserstopic CREW in de topiclijst?
[15:00:21] <mijk> ja is bug in het forum
[15:00:29] <Fiebel> weird
[15:00:36] <mijk> ja dat komt vanwege aangemeld moeten zijn
[15:00:38] <mijk> om drg te zien
[15:01:00] <Fiebel> ok
[15:01:03] <Fiebel> aparsi
[15:01:08] <Fiebel> zou dan voor kpd toch ook moeten zijn?
[15:01:44] *** Joins: rhod (rhod@86.85.193.196)
[15:02:07] <Redhead> yo de rhod 
[15:04:19] <Fem_LittleLady> straks lekker hamburgertjes bakken
[15:05:06] <Fiebel> ik kom er aan
[15:05:43] <Fem_LittleLady> Even lekker makelijk
[15:06:29] <Redhead> heh wat zie ik nu
[15:06:33] <Redhead> heolaat is het?
[15:06:47] <Redhead> volgens mij klopt er iets niet
[15:06:49] <Fiebel> vijftien uur zes
[15:06:54] <Redhead> hmz
[15:07:16] <Redhead> mn foon staat op 16 en , mn lap ook
[15:07:18] <Redhead> pff
[15:07:37] <Fiebel> oeioei
[15:08:06] <Redhead> ik zat net al te vloeken waar ik n uur had gemist
[15:08:07] <Redhead> whehehe
[15:08:17] <Redhead> voor ik ineens timestamp zie en klokkie
[15:09:46] <Redhead> mn foon had ik op laptijd gezet , want weer ff sim gewisseld voor uppen data blaat voor mn dongle
[15:09:56] <Fiebel> blaaat
[15:10:01] <Redhead> hihi
[15:10:12] <Redhead> maar ik kan weer picas loeren
[15:10:22] <Redhead> dus gooi maar n mooie van je peppie
[15:10:27] <Redhead> :)
[15:10:36] <Fiebel> hiihihi
[15:10:38] <Fiebel> ze wil niet
[15:10:38] <Fiebel> diva
[15:13:22] <Redhead> hahahha
[15:13:38] <Redhead> divas willen heul op picas
[15:15:43] <Fem_LittleLady> :D
[15:15:58] <rawplayer> och jonges
[15:15:59] <rawplayer> ik ben er
[15:16:00] <Pandora> gezellig, rawplayer is er!
[15:16:03] <rawplayer> 120kg bankdrukken
[15:16:05] <rawplayer> 3 reps
[15:16:07] <rawplayer> WRAAHWRAAH
[15:16:13] <Fem_LittleLady> is goed voor je
[15:16:15] <rawplayer> ja
[15:16:20] <rawplayer> het ging super
[15:16:23] <rawplayer> en nu ga ik ff lekker koken
[15:16:47] <rawplayer> rode paprika, sugarsnaps, kastanje champignons, kip, cashewnoten
[15:16:51] <rawplayer> en pepertjes
[15:16:55] <rawplayer> en wat zoetige saus
[15:17:05] <rawplayer> en yasmijnrijst
[15:17:06] <rawplayer> o_
[15:17:09] <rawplayer> ik ken het nog niet
[15:18:34] <Redhead> adele bleert weer dor de radio
[15:19:00] *** Quits: rhod (rhod@86.85.193.196) (Exit)
[15:20:19] <Boots> rijst ftw
[15:20:26] <Boots> Ik heb zin in nasi kuning
[15:20:39] <Fem_LittleLady> en daar ging mijn tukje weer
[15:20:51] <Boots> kthnxbai?
[15:26:51] <Spacecowboy>  zoooo
[15:26:54] <Spacecowboy> lekker weertje
[15:28:27] *** Quits: SCHAPiE (dorian@dhcp-077-249-247-124.chello.nl) (Exit)
[15:29:25] *** Quits: Fe2O3 (Fe2O3@h70248.upc-h.chello.nl) (Exit)
[15:34:37] *** Joins: SCHAPiE (dorian@dhcp-077-249-247-124.chello.nl)
[15:40:32] <rawplayer> ooo dit gaat lekker worden
[15:47:17] <rawplayer> hallo
[15:47:18] <rawplayer> ik ben er
[15:47:18] <Pandora> gezellig, rawplayer is er!
[15:50:30] <Fem_LittleLady> gatver moet nog effe centrum in
[15:54:39] <rawplayer> :/
[15:54:57] <rawplayer> ik ga zo nog zonnenbanken
[15:54:59] <rawplayer> O+
[15:55:07] <rawplayer> Fem_LittleLady: moet ik mij eerst douchen?
[15:55:12] <rawplayer> ik heb nog niet gedoucht
[15:55:13] <rawplayer> na het sporten
[16:02:05] <Fem_LittleLady> Nee eerst zonnebanken dan douchen
[16:02:47] <Fem_LittleLady> Als je eerst gaat douchen heb je fijne druppeltjes water op de huid en dat zijn dan net kleine vergrootglasjes waardoor je vrij snel verbrand
[16:02:54] <Fem_LittleLady> tenminste dat is mij ooit eens verteld
[16:03:49] *** Joins: Mourie (Mibbit@s5147c0b9.adsl.online.nl)
[16:04:14] <Fem_LittleLady> hoi
[16:04:15] <rawplayer> Fem_LittleLady: ja ok
[16:04:16] <rawplayer> Fem_LittleLady: 
[16:04:22] <rawplayer> Fem_LittleLady: dus het maakt niks uit dat ik al heb gesport?
[16:04:27] <rawplayer> en daar gezweet heb
[16:04:30] <rawplayer> ik ben nu helemaal droog
[16:04:59] *** Quits: SCHAPiE (dorian@dhcp-077-249-247-124.chello.nl) (Exit)
[16:05:38] <Fem_LittleLady> Nee
[16:05:44] <Fem_LittleLady> als je maar droog bent
[16:05:58] *** Quits: Mourie (Mibbit@s5147c0b9.adsl.online.nl) (Exit)
[16:06:09] <Fem_LittleLady> als je wat klam of vochtig aanvoelt dan is een zonnebank niet zo'n best idee
[16:06:40] <Fem_LittleLady> Heb ook vaak raampje open als ik onder de zonnebank ga, anders wordt het te warm en ga ik zweten en dus verbranden
[16:07:43] <rawplayer> pl
[16:07:44] <rawplayer> ok
[16:07:46] <rawplayer> dank je
[16:07:49] <Fem_LittleLady> Gatver moet helemaal naar het centrum, heb zo geen zin
[16:07:51] <rawplayer> ik heb ook insmeer spul
[16:07:55] <rawplayer> speciaal voor zonnenbank
[16:08:11] <Fem_LittleLady> Okee nee dat gebrui ik nooit
[16:08:18] <rawplayer> mja ik ben een gevoelige jongen he
[16:08:25] <rawplayer> :P
[16:08:28] <Fem_LittleLady> Ach schatje toch
[16:08:34] <rawplayer> :D
[16:08:42] <rawplayer> ik krijg wel vaak een warme bips
[16:08:44] <rawplayer> dan wiebel ik even
[16:08:47] <rawplayer> zodat het vocht afloopt
[16:08:48] <rawplayer> xD
[16:09:08] <Fem_LittleLady> Och ik heb altijd koude voeten
[16:09:23] <Fem_LittleLady> die parkeer ik dan altijd tegen warme billen
[16:09:25] <Fem_LittleLady> hahahaha
[16:09:37] <Fem_LittleLady> dan zijn ze zo weer warm
[16:10:00] <rawplayer> ja billen heb ik wel
[16:10:09] <rawplayer> echt een goede kont
[16:10:12] <rawplayer> vooral van het squatten
[16:10:13] <rawplayer> mgighgihgihgh
[16:10:32] <welly> ja ben online hoor
[16:10:37] <rawplayer> nee
[16:10:40] <rawplayer> je bent niet meer afk
[16:10:42] <rawplayer> je bent altijd online
[16:11:12] <welly> nee nee nee dat klopt toch echt niet
[16:11:26] <welly> en dat hoef ik jou niet uit te leggen
[16:11:37] <Fem_LittleLady> gatver naar de stad voor batterijen
[16:11:58] <welly> gebruik gewoon een aaardappel
[16:12:07] <Boots> Is je vibo leeg?
[16:12:47] <Fem_LittleLady> Nee die doet het nog
[16:13:32] <Fem_LittleLady> maar heb wel andere dingen zoals afstandbediening en mijn konijnenradio die op batterijen lopen en heb nu geen muziek in de ochtend
[16:13:48] <Fem_LittleLady> en dat is erg, dat is heel erg en dan moet ik huilen en is er niemand om mij te troosten
[16:16:37] *** Joins: AndChat503 (AndChat503@e7179.upc-e.chello.nl)
[16:16:45] <AndChat503> Ik ben er
[16:16:46] <Pandora> gezellig, AndChat503 is er!
[16:16:53] <AndChat503> Ja
[16:16:58] <rawplayer> goffer
[16:17:01] <rawplayer> mgihggih
[16:17:02] <AndChat503> Goffer
[16:17:05] <AndChat503> Ghihihi 
[16:22:08] <rawplayer> dit is lekker
[16:22:09] <rawplayer> O+
[16:22:10] * rawplayer eet
[16:22:11] <rawplayer> O+
[16:22:14] <rawplayer> lekkker eten
[16:23:40] <Fem_LittleLady> Nou ja, ik zal maar even naar de winkel gaan
[16:23:46] <Fem_LittleLady> ze komen denk ik niet vanzelf
[16:23:53] <rawplayer> idd
[16:23:55] <rawplayer> pakze!!!
[16:24:00] <Fem_LittleLady> kan ik daarna eten koken en vanavond moet ik ook weer weg
[16:24:11] <Fem_LittleLady> Ja is zo lastig zappen zonder batterijen
[16:25:07] <Fem_LittleLady> tot laters!!!
[16:25:14] *** Quits: Fem_LittleLady (Mibbit@a82-161-112-138.adsl.xs4all.nl) (Exit)
[16:31:21] <welly> geld geld juwelen
[16:31:49] <rawplayer> welly: 
[16:31:52] <rawplayer> ben je op kantoor?
[16:32:14] <welly> nee man 1 kat heeft t geoccupied
[16:32:25] <welly> zit ik dan
[16:32:37] <welly> ik moet aan de slag verder door 
[16:33:03] <welly> maar die kat heeft de zetel gekraakt
[16:33:47] <welly> ik baal er ook een beetje van
[16:34:21] <rawplayer> :/
[16:34:29] <rawplayer> ja das zo kut
[16:34:31] <rawplayer> nadeel van katten
[16:34:34] <rawplayer> die claimen alles
[16:34:39] <rawplayer> en zit je met de gebakken peren
[16:34:47] <rawplayer> maar het zijn zo'n schatjes O+ O+ +O O+ O+
[16:35:08] <welly> dan maar even slobber en een sigaar
[16:35:20] <welly> en vrolijke muziek
[16:35:35] <welly> ik heb wel zin om iets te doen
[16:35:52] <welly> maar ik zit nu op zich ook wel ok
[16:36:05] <welly> dit is mijn update
[16:45:00] <zovty> Och mensen kinderen zeg.
[16:45:05] <zovty> Ik ben blij dat ik even zit.
[16:45:10] <zovty> Heb de hele dag gelegen.
[16:45:28] <rawplayer> ijsje
[16:45:31] <rawplayer> ik ben er
[16:45:31] <Pandora> gezellig, rawplayer is er!
[16:45:42] <rawplayer> ik heb lekker gegeten
[16:45:47] <rawplayer> en goed gesport
[16:45:48] <zovty> Wat heb je op??
[16:45:53] <zovty> Oh, goed bezig hoor.
[16:46:26] <rawplayer> rode paprika, pepertje, sugar snaps, kastanje champignons, peper, zout, kip, knoflook, yasmijn rijst, en een zakje saus (maar dat mag soms he :$ )
[16:46:57] <zovty> Zozo.
[16:47:01] <zovty> Mooi maaltje hoor.
[16:47:03] <rawplayer> zeker
[16:47:15] <rawplayer> en dadelijk ff zonnenbank
[16:47:38] <zovty> Helemaal compleet.
[16:47:51] <zovty> Buikje vol, billen bruin.
[16:48:07] <rawplayer> ja
[16:48:13] <zovty> Buikje bol, billen bruin.
[16:48:15] <zovty> Is dan beter.
[16:48:17] <rawplayer> ja ok
[16:48:26] <rawplayer> en straks weet ik nog inet
[16:48:27] <rawplayer> wat ik eet
[16:48:34] <rawplayer> ik heb iig een zak broccoli en wortel mix
[16:48:36] <rawplayer> in de diepvries
[16:48:41] <zovty> Nou dat dus.
[16:48:44] <zovty> Met iets erbij.
[16:48:46] <rawplayer> ja
[16:48:48] <rawplayer> dat iets is er niet
[16:49:08] <zovty> Hm.
[16:49:22] <zovty> Nou dan kijk je zo in de winkel wat een sticker heeft.
[16:51:21] <rawplayer> oh
[16:51:22] <rawplayer> doh
[16:51:28] <rawplayer> zonnenbank is naast de ah xl
[16:51:40] <rawplayer> wat zou ik ook zonder jou moeten
[16:52:06] <zovty> Zal ik jouw lifecoach worden?
[17:06:57] *** Joins: Fem_LittleLady (Mibbit@a82-161-112-138.adsl.xs4all.nl)
[17:06:59] <Fem_LittleLady> was ik weer
[17:07:11] <Fem_LittleLady> zo 3 pakjes batterijen opgehaald
[17:09:21] <welly> http://exopolitics.org/awakened-stasis-giants-secretly-located-imprisoned-by-global-elite/
[17:16:19] *** Quits: AndChat503 (AndChat503@e7179.upc-e.chello.nl) (Exit)
[17:17:11] <Spacecowboy> ik ber
[17:17:15] <Spacecowboy> ik ben er
[17:17:15] <Pandora> gezellig, Spacecowboy is er!
[17:17:17] <Spacecowboy> bedoel ik
[17:17:58] <rawplayer> hallo
[17:18:00] <rawplayer> ik ben er
[17:18:00] <Pandora> gezellig, rawplayer is er!
[17:18:05] <Fem_LittleLady> hoi
[17:18:40] * rawplayer kroelt femmie
[17:18:42] <rawplayer> ik drink nog ff koffie
[17:18:44] <rawplayer> en dan ga ik
[17:19:02] <Fem_LittleLady> Heb mijn batterijen
[17:19:58] <Boots> Mijn batterijen zijn op
[17:20:03] * Boots zet zichzelf aan de lader
[17:20:03] <Fem_LittleLady> was nog een grapjas die zei, nou mevrouw u koopt veel batterijen, echt zo'n opgeschoten snotjoch, ik zeg, klopt al mijn batterijen in mijn speeltjes zijn leeg. Kreeg hij een knalrode kop
[17:20:10] <Fem_LittleLady> Blijft lachen
[17:20:11] <Boots> hehehehe
[17:20:21] <Boots> :D
[17:20:41] <Fem_LittleLady> Beetje vent had dan gezegd, maar ik ben veel beter dan die speeltjes
[17:20:57] <Boots> "Ik heb geen batterijen nodig"
[17:21:18] <Boots> "Oh doe me dan het bonnetje maar mee, kan ik er nog ff over nadenken"
[17:21:38] <Fem_LittleLady> Ik zeg net tegen de hond, zal ik je even in bad doen? Keek ze zo
[17:21:42] <Spacecowboy> godsamme wat lag ik lekker te slapen
[17:21:42] <Fem_LittleLady> https://scontent.xx.fbcdn.net/hphotos-xfp1/v/t1.0-9/12931258_547425018777454_7952986993548969692_n.jpg?oh=2fe6a9bacea2e5b7a98abd2239438c77&oe=57886E7C
[17:21:45] <Spacecowboy> belt mn moeder
[17:21:46] <Spacecowboy> pleur op
[17:21:54] <Boots> Doe je telefoon op stil dan oetlul
[17:22:08] <rawplayer> zo
[17:22:09] <rawplayer> koffie
[17:22:16] <Spacecowboy> ja da's een geoie
[17:22:20] <Spacecowboy> ff bak koffie
[17:22:23] <Spacecowboy> dan ff schijten
[17:22:29] <rawplayer> ja
[17:22:31] <rawplayer> en dan zonnenbank
[17:22:39] <rawplayer> en mijn hol niet goed afvegen
[17:22:42] <rawplayer> zodat ik sporen achterlaat
[17:22:47] <Fem_LittleLady> gatverdamme
[17:22:56] <rawplayer> jai k ben een goorlap
[17:23:01] <Fem_LittleLady> Heb wel even een nieuw setje  gekocht nog even snel
[17:23:04] <Fem_LittleLady> Rood zwart
[17:23:09] <Fem_LittleLady> ik ben zo dol op lingerie
[17:23:13] <rawplayer> tis ook niet de bedoeling dat je alles leest
[17:23:14] <rawplayer> oo kind
[17:23:15] <rawplayer> ik ook
[17:23:17] <rawplayer> bij vrouwen
[17:23:18] <rawplayer> :9
[17:23:20] <Fem_LittleLady> vollopig maar uit de buurt blijven van die winkels
[17:23:20] <Boots> En al je 862 klanten ook?
[17:23:27] <rawplayer> mijn boxers zijn ook hot
[17:23:28] <rawplayer> tbh
[17:23:29] <rawplayer> :9
[17:23:33] <Fem_LittleLady> welke klanten?
[17:23:42] <Boots> Die van de speeltjes
[17:23:52] <Fem_LittleLady> dat weet niet die zijn blij met de batterijen
[17:24:03] <Boots> o ok
[17:24:25] <Fem_LittleLady> en mijn bellers zijn ook blij met blije speeltjes, steek je ze zo in een pot gel en laat ze maar zoemen
[17:24:35] <Fem_LittleLady> 80 cent per minuut zeg ik je
[17:24:47] <Boots> Bellers?
[17:25:08] <Boots> Zit je achter de 0906-lijnen?
[17:25:16] <Fem_LittleLady> Ja al 10 jaar
[17:25:21] <Boots> Ahh ja die klanten dan
[17:25:29] <Fem_LittleLady> Hahaha
[17:25:38] <zovty> Wat dacht je dan?
[17:25:59] <Fem_LittleLady> Gelukkig zie ik ze nooit
[17:26:04] <Fem_LittleLady> Ik hoor alleen
[17:26:06] <Boots> Maar zij jou wel?
[17:26:22] <Boots> Heheh ja ineens een vieze oude rokersstem
[17:26:26] <Boots> Hitsig heur
[17:26:31] <rawplayer> lekker bellen met femmie
[17:26:37] <rawplayer> ik zou alleen over haar poes praten
[17:26:38] <rawplayer> of kater
[17:26:40] <rawplayer> wat is het ?
[17:26:47] <rawplayer> die rode
[17:26:52] <Boots> Als je er maar genoeg alcohol in stopt
[17:26:53] <rawplayer> kater gok ik
[17:26:53] <Boots> oh
[17:26:55] <Boots> hehehe
[17:27:02] <Boots> Rood is toch altijd kater?
[17:27:08] <rawplayer> ja dat vroeg ik mij dus nu ook af
[17:27:20] <Boots> Ja fem weet het vast wel
[17:27:45] <Fem_LittleLady> ja mijn kater is rood
[17:28:01] <Fem_LittleLady> rood hoeft niet altijd een kater te zijn heel zelden is het een poos
[17:28:04] <Fem_LittleLady> poes
[17:28:07] <rawplayer> ja das wel cool
[17:28:08] <Boots> Onze beest(ige/en) encyclopedie
[17:28:09] <rawplayer> een rode poes
[17:28:11] <Boots> Oh
[17:28:14] <Boots> Hahaha
[17:28:16] <Fem_LittleLady> Maar een lapjeskat is wel altijd een poes
[17:28:17] <Boots> Die van sararaats?
[17:28:24] <rawplayer> lapjeskat <3
[17:28:47] <Boots> Kapjeslat
[17:28:51] <Fem_LittleLady> Ik heb een zwarte, een zwart/witte, een witte, een rode en een cypres
[17:28:58] <Boots> Lapjes is toch wel altijd poes
[17:29:00] <Boots> Of ook meestal
[17:29:12] <Fem_LittleLady> Nee ben nog nooit een lapjes kater tegen gekomen
[17:29:17] <Fem_LittleLady> wel een rode poes
[17:29:57] <rawplayer> https://www.ikhebeenvraag.be/vraag/3240/Hoe-komt-het-dat-lapjeskatten-bijna-altijd-of-altijd-vrouwelijk-zijn
[17:29:58] <digibot> Title: Hoe komt het dat lapjeskatten bijna altijd (of altijd?) vrouwelijk zijn? - Ik heb een vraag (2015) (at www.ikhebeenvraag.be)
[17:30:04] <rawplayer> goede uitleg
[17:30:12] <Fem_LittleLady> Nu rode lingerie, geweldig, kan ik mooi aan met zwarte jurkje hoge laklaarsjes zweep in de hand zal ik eens de zweep over Jacks billen halen
[17:30:28] <Fem_LittleLady> Dan heb ik ook rode billen in huis hahaha
[17:30:32] <rawplayer> mgighgighgihgih
[17:30:36] <rawplayer> hoeft hij niet naar de zonnenbank
[17:30:51] <Fem_LittleLady> Nee
[17:31:12] <Fem_LittleLady> denk dat hij helemaal gek wordt, hahaha eerst vastzetten met foute flufhandboeien
[17:31:39] <rawplayer> ik zeg doen
[17:31:47] <rawplayer> en dan doodleuk weggaan
[17:31:50] <rawplayer> naar beneden
[17:31:50] <rawplayer> oid
[17:32:06] <Fem_LittleLady> ja even geld uit zijn broek halen, hey ik ga shoppen tot zoooooo!!!!
[17:32:19] <rawplayer> lol
[17:32:21] <rawplayer> xD
[17:32:30] <rawplayer> wel kaarsjes uit dan
[17:32:41] <rawplayer> zou wat zijn he :/
[17:32:45] <rawplayer> de ironie
[17:32:48] <Fem_LittleLady> Hahaha Brandweerman omgekomen met brandende kaarsjes in slaapkamer
[17:32:54] <rawplayer> precies..
[17:33:07] <Fem_LittleLady> Ja dat zou lullig zijn
[17:33:20] <Fem_LittleLady> Nee hij moet maar niet stuk
[17:33:51] <Fem_LittleLady> zijn maar weinig mannen die bij mij passen en als er dan een is moet je er zuinig op zijn
[17:34:21] *** Joins: wirky (werken@ip503c7f23.speed.planet.nl)
[17:35:11] <wirky> opgestaan 
[17:35:16] <wirky> plaats vergaan
[17:36:30] <zovty> Zo is dat.
[17:39:57] <wirky> bakky koffie erbij
[17:40:13] <wirky> en voor me uit staren in t nix
[17:43:09] <zovty> Och heerlijk.
[17:43:17] <zovty> Jij drinkt wel veel koffie op dag hoor.
[17:43:22] <zovty> Misschien wel 10.
[17:44:00] <wirky> ja ongeveer ja
[17:45:09] <wirky> goed blijven drinken is heel belangrijk
[17:45:58] <zovty> Ja, is zo.
[17:46:00] <zovty> Is gewoon zo.
[17:46:18] <rawplayer> hoi
[17:46:22] <rawplayer> ik schijt
[17:46:25] <rawplayer> en goed
[17:46:29] <zovty> Goedzo jongen.
[17:46:30] <rawplayer> kwaliteit
[17:46:32] <zovty> Lekker schijten.
[17:46:35] <zovty> Dat is belangrijk.
[17:46:38] <zovty> Lekker schijten is belangrijk.
[17:46:38] <rawplayer> ja
[17:46:41] <zovty> Heeel belangrijk.
[17:46:43] <zovty> Ik drink lekker col.a
[17:46:52] <zovty> Want goed cola is heel belangrijk.
[17:46:54] <rawplayer> zoet hw
[17:46:56] <rawplayer> he
[17:46:59] <zovty> Ja, niet normaal.
[17:47:02] <zovty> Niet wg te krijgen bijna.
[17:47:05] <zovty> Maar het lukt wel.
[17:47:10] <rawplayer> en stroperig
[17:48:23] <zovty> Wat is stroperig?
[17:48:25] <zovty> Je poep?
[17:50:30] <Fem_LittleLady> :s
[17:50:51] <Stuiterbal> :/
[17:50:59] <zovty> Stuiter.
[17:51:00] <zovty> Sup.
[17:51:57] *** Joins: rhod (rhod@86.85.193.196)
[17:53:28] <rawplayer> cola
[17:53:56] <zovty> Oh, dat kan ik niet echt stroperig noemen.
[17:53:58] <zovty> Sorry.
[17:54:04] <zovty> Niks persoonlijks, maar dat ben ik gewoon niet met je eens.
[17:54:36] <Fem_LittleLady> Nee cola is niet stroperig
[17:54:46] <Fem_LittleLady> dan is het lichtelijk zwaar over datum
[17:55:32] <zovty> Of ingekookt tot sausdikte.
[17:55:34] <rawplayer> ok
[17:55:34] <zovty> Plakplak.
[17:55:46] <rawplayer> moet dat niet dan?
[17:55:56] <rawplayer> ik kookte het eerst
[17:56:00] <rawplayer> voor gebruik
[17:56:05] <zovty> Ja, doe ik ook hoor.
[17:56:08] <zovty> Ff in de waterkoker.
[17:56:12] <rawplayer> uhu
[17:56:19] <rawplayer> combineren met ei
[17:56:30] <zovty> En knakworstjes.
[17:56:35] <rawplayer> of spaghetti
[17:56:38] <zovty> :)
[17:56:39] <rawplayer> lekker
[17:56:42] <zovty> Lekker hoor.
[17:56:45] <rawplayer> uhu
[17:57:00] <rawplayer> ik was mijn fiets kwijt
[17:57:03] *** Joins: SCHAPiE (dorian@dhcp-077-249-247-124.chello.nl)
[17:57:04] <rawplayer> vannscht
[17:57:15] <zovty> Spaghetti cola carbonara con knakworst
[17:57:21] <rawplayer> uhu
[17:57:21] <zovty> Oh, en toen?
[17:57:26] <rawplayer> mja
[17:57:28] <rawplayer> niks
[17:57:32] <zovty> O.
[17:57:37] <zovty> Goed verhaal.
[17:57:38] <zovty> Lekker kort.
[17:57:41] <rawplayer> ty
[17:59:00] <Fiebel> ik ben er
[17:59:00] <Pandora> gezellig, Fiebel is er!
[17:59:01] <Fiebel> ja
[17:59:11] <rawplayer> ooooooo
[17:59:16] <rawplayer> mijn lover
[17:59:24] <rawplayer> met haar gekko
[17:59:24] <Fiebel> ja
[17:59:29] <Fiebel> gihgihhgihighigighiihgihgihghigih
[17:59:30] <Fiebel> och jonges
[17:59:35] <Fiebel> wat is internetwinkelen toch een uitkomst
[17:59:38] <rawplayer> ik ups nog
[17:59:44] <Fiebel> tuurlijk
[17:59:45] <Fiebel> jij wel
[17:59:49] <rawplayer> mghihi
[17:59:50] <Fiebel> ik mag pas in mei weer denk ik
[17:59:56] <rawplayer> maar ik ben klaar
[18:00:12] * Fiebel drinkt goed
[18:00:16] <Fiebel> 3 grote glazen
[18:00:21] <Fiebel> 2 grote bekers poepthee
[18:00:24] <Fiebel> en nog wat koffie
[18:00:26] <Fiebel> maar dat telt niet he
[18:00:28] <Fem_LittleLady> bah
[18:00:30] <Fiebel> dat telt niet
[18:01:20] <Fem_LittleLady> Ik heb vandaag 3 grote glazen  water met citroen gehad
[18:03:32] <Fiebel> ik heb een nieuw jurkje *O*
[18:03:35] <Fiebel> en een nieuwe broek *O*
[18:04:40] <Fem_LittleLady> Oh ook even wezen shoppen
[18:05:14] <Fiebel> nee ik heb het mij laten bezorgen
[18:05:18] <Fiebel> komma bij fiebel zei ik
[18:07:56] <Fem_LittleLady> hahaha ook makkelijk
[18:08:05] <Fiebel> ja ik haat winkelen
[18:09:09] <Fem_LittleLady> Nee ik vind het heerlijk, effe shoppen
[18:09:14] <Fem_LittleLady> zo ontspannend is het
[18:09:21] <Fiebel> o kind ik ga liever dood
[18:09:24] <Fiebel> ik loop liever door glas
[18:10:33] <Fem_LittleLady> Nee heerlijk en of het nou voor mezelf is of voor een ander maakt niet uit
[18:11:04] <Fiebel> o ga jij volgende keer lekker voor mij *O*
[18:16:21] <Fem_LittleLady> ja is leuk winkelen
[18:17:00] <Fiebel> had ik maar zin in eten
[18:17:02] <Fiebel> dan ging ik iets eten
[18:17:11] <wirky> dan zou je wel wat eten
[18:17:47] <Fiebel> dan wel ja
[18:17:52] <Fiebel> nu doe ik maar goed drinken
[18:17:56] <Fiebel> drinkedrinkedrinke
[18:20:54] <wirky> wat doe je dat ook goed
[18:21:07] <wirky> wat doe je dat toch eigenlijk goed
[18:21:10] <Fiebel> ja
[18:21:11] <Fiebel> is ook
[18:21:13] <Fiebel> is ook zo
[18:21:22] <Fiebel> aan mijn lijf geen mayonaise 
[18:25:39] <Fem_LittleLady> hmm heb broodje hamburger met kaas
[18:31:45] <Fiebel> eigenlijk dus een cheeseburger
[18:32:46] <Fem_LittleLady> jum jum
[18:44:04] <nomadz> hallo
[18:44:06] <nomadz> ik ben er
[18:44:38] <nomadz> ondanks mn lamme poot toch 2e geworden op de schietbaan
[18:44:38] <wirky> gezellig nomadz is er
[18:45:18] <Fiebel> ha nomy
[18:45:20] <Fiebel> ha wirky
[18:45:25] <Fem_LittleLady> gefeliciteerd
[18:45:28] <Fiebel> van harte gefeliciteerd nomy
[18:45:55] <wirky> gezellig in de chatbox
[18:46:13] <nomadz> ff pizza en dan zzz
[18:46:31] <Fiebel> ik moet nog minstens een uur en 3 kwartier niet in bed doorbrengen
[18:46:35] <nomadz> morgen om 07:00 op de draf en renbaan naar springende paarden kijken
[18:46:52] <nomadz> of nouja, kijken naar mensen die kijken naar springende paarden
[18:48:53] <nomadz> dromend van paardenbiefstuk en zuurvlees probably
[18:49:54] <Fem_LittleLady> Ik vind paardensport niet echt een sport
[18:50:27] <Fem_LittleLady> het is pas vakkundig als de ruiter zelfs het paard op de rug zal nemen en dan eens even wat hindernisjes gaat nemen
[18:50:36] <nomadz> ik heb geen idee, heb er geen verstand of interesse in
[18:51:21] <Fem_LittleLady> Of met zo'n groot renpaard op zijn rug even de 1000m gaat rennen
[18:51:40] <Fem_LittleLady> Geloof mij dan kom ik ook elke keer kijken
[18:52:13] <Fem_LittleLady> enige wat nog wel leuk is als ze roepen, Paard los!!! Dan zie je allemaal mensen hysterisch rondjes rennen en een heel blij paard rondrennen van kijk mij!!!
[18:53:42] <wirky> jouw voorstel om t paard door de ruiter te laten dragen is in tegenspraak met t proportiteitsbeginsel
[18:54:04] <wirky> dus die ruiter trekt een lange neus naar femmie
[18:54:53] <wirky> onee proportinaliteits natuurlijk
[18:58:30] <Fem_LittleLady> Maakt niet uit, als ik sommige konten zie van sommige ruiters zie ik geen verschil met dat van het paard en dat zie ik ook met bepaalde ruiters met hun gebit en lachje
[18:59:22] <wirky> je hebt ook gelijk hoor
[18:59:35] <wirky> laat die beesten in de wei
[18:59:54] <wirky> of gewoon overal los
[19:00:01] <Fem_LittleLady> http://www.stalgroenraven.com/wp-content/uploads/2015/06/large-man-on-a-horse.jpg
[19:00:22] <wirky> die beesten zoeken toch een plek op waar ze rustig hun gang kunnen gaan
[19:00:50] <Fem_LittleLady> Tja heb niets tegen paardrijden, maar wel tegen dat presteren, een uurtje door het bos vinden ze ook leuk en een strandwandeling houden ze ook van
[19:01:25] <Fem_LittleLady> Maar lijkt me niet fijn om met de randen van je hoeven tegen een houten balk aan te botsen, en het lijkt me ook niet fijn om constant die zweep over je flank te voelen
[19:01:32] <wirky> nee nix ze moeten die paarden met rust laten
[19:02:31] <Fem_LittleLady> heb ook wel paardgereden waarna we gezellig broodjes en appels aten, paard kwam er dan gewoon bij liggen
[19:02:49] <Fem_LittleLady> Maar niets moest
[19:03:09] <wirky> met een hele andere stedenbouw kun je gewoon dieren openbaar houden
[19:03:58] <Fem_LittleLady> Klopt, steden zijn trouwens erg ongezond
[19:05:32] <Fem_LittleLady> Mijn dochter rijdt ook paard, denk niet dat het paard van schoft hoogte zoveel last heeft van mijn 24 kilo wegende dochter die rondjes rijdt door een bak
[19:05:48] <Fem_LittleLady> 176 is het dier waar zij op rijdt
[19:05:57] <wirky> megastallen voor human beings
[19:07:27] <Fem_LittleLady> https://scontent.xx.fbcdn.net/hphotos-xal1/v/t1.0-9/11148632_492733954246561_1156966994332130704_n.jpg?oh=9eaa434a8fb049a5c231f0444b4c088a&oe=57BE53C0
[19:07:36] <Fem_LittleLady> Kijk haar benen komen niet eens over het zadel hahaha
[19:12:43] <wirky> die heb je hier ook tal van alle leeftijden en maten zitten hier heell wat maneges dicht in de buurt
[19:13:21] <wirky> en dan gaan ze naar zee soms met die paarden over t strand
[19:13:25] <Fem_LittleLady> Nee wij rijden niet bij manage
[19:13:30] <wirky> en die paarden trainen in zee
[19:13:50] <Fem_LittleLady> dit is een vrouw die het leuk vind om kinderen les te geven dus ze is de enige in de les
[19:14:04] <Fem_LittleLady> zo krijgen de paarden beweging en leren kleine kinderen rijden
[19:14:09] <wirky> en van die kleine minipaardjes zitten die jonkies op
[19:14:13] <Fem_LittleLady> dus het zijn echt allemaal paarden
[19:14:32] <Fem_LittleLady> dacht ook, ze komt vast op een shetlander, nou kwam ze met het bruine paard aan
[19:14:43] <Fem_LittleLady> Mijn dochter keek echt zo van whooooowwwww moet ik daar op?
[19:14:52] <wirky> zijn echt lieve dieren ook
[19:14:56] <Fem_LittleLady> Jazekers
[19:15:06] <wirky> hoe ze soms aan t mennen zijn hier
[19:16:00] <wirky> gaat er hard aan toe
[19:16:06] <Fem_LittleLady> ja dat absoluut
[19:16:18] <Fem_LittleLady> Nee hier bij ons niet, is ook maar half uurtje
[19:16:30] <Fem_LittleLady> is korter dan manage, maar lang genoeg vind ik
[19:16:45] <wirky> ze rijden hier ook veel met die wagens
[19:17:06] <wirky> wedstrijdwagens en gewoon vervoer
[19:17:09] <Fem_LittleLady> Waar mijn oma woonde reden er van die dravers door het bos en dat gaat echt keihard
[19:17:34] <Fem_LittleLady> dan hoor je gesnuif en gedreun en komen ze er ineens langs vliegen
[19:17:59] <Fem_LittleLady> met zo'n eng klein wagentje erachter
[19:33:44] <rawplayer> hoi
[19:33:48] <rawplayer> ik ben er
[19:33:49] <Pandora> gezellig, rawplayer is er!
[19:33:53] <rawplayer> lekker gezonnebankt
[19:34:03] *** Joins: Fe2O3 (Fe2O3@h70248.upc-h.chello.nl)
[19:34:04] *** ChanServ sets mode: +o Fe2O3
[19:35:20] <Fem_LittleLady> helemaal poepiebruin?
[19:35:35] <rawplayer> nee joh
[19:35:38] <rawplayer> ik ben voorzichtig
[19:35:43] <rawplayer> 600 watt ding
[19:35:45] <rawplayer> 10 minuten
[19:35:48] <rawplayer> ogen dicht
[19:35:49] <rawplayer> brilletje op
[19:35:51] <rawplayer> en mediteren
[19:36:35] <Fem_LittleLady> och ik lig er soms wel een uur onder
[19:36:39] <Fem_LittleLady> heerlijk gewoon
[19:40:25] <wirky> ik kwam onder douche uit op de juiste definitieve definitie :proportionaliteitsbeginsel
[19:40:34] <wirky> dit is hem
[19:41:22] <Fem_LittleLady> Zo laatste rit van vandaag zal meteen maar even tanken 
[19:41:28] <Fem_LittleLady> tot straks
[19:41:30] *** Quits: Fem_LittleLady (Mibbit@a82-161-112-138.adsl.xs4all.nl) (Exit)
[19:42:35] <wirky> 9 lettergrepen
[19:42:55] <wirky> klinkt als
[19:50:46] <wirky> umpa lumpa
[20:01:47] <Fiebel> poepietiepoeee
[20:06:04] *** Quits: Jeroen (Jeroen@54188FF8.cm-5-1c.dynamic.ziggo.nl) (Exit)
[20:07:03] <rawplayer> ups
[20:07:07] <rawplayer> 3e keer
[20:07:34] *** Joins: Beer`__ (Beer@5ED0808C.cm-7-1c.dynamic.ziggo.nl)
[20:07:40] <Fiebel> waarom kwel jij mij zo?
[20:08:50] <rawplayer> mijn aarsje doet wat pijn
[20:08:55] <rawplayer> ben ik heel eerlijk in
[20:08:57] <Fiebel> gigihgigihhig bofferd
[20:08:59] <rawplayer> mghihihihhiih
[20:09:23] <rawplayer> en ik ruik naar zonnenbank
[20:09:24] <Beer`__> owjee rawplayer uit de kast gekomen ja ? 
[20:09:26] <Beer`__> :)
[20:09:42] <Beer`__> goeieaaf allemaal :)
[20:09:46] <rawplayer> derde keer schijten
[20:09:54] <Beer`__> lol
[20:17:25] *** boekee is now known as boekee_away
[20:26:28] <rawplayer> hallo
[20:26:32] <rawplayer> ik ben er
[20:26:33] <Pandora> gezellig, rawplayer is er!
[20:26:36] *** Joins: crow (chatzilla@D97B3212.cm-3-4a.dynamic.ziggo.nl)
[20:29:20] <Fiebel> hmmm
[20:29:23] <Fiebel> cathsan is ook niks
[20:30:32] <Fiebel> HALF NEGEN
[20:30:35] <Fiebel> IK MAG NAAR BED!!!!!
[20:33:00] *** Quits: SCHAPiE (dorian@dhcp-077-249-247-124.chello.nl) (Exit)
[20:48:27] <Fiebel> och jonges
[20:48:30] <Fiebel> eindelijk
[20:49:01] *** Joins: Fem_LittleLady (Mibbit@a82-161-112-138.adsl.xs4all.nl)
[20:49:06] <Fem_LittleLady> was ik weer
[20:49:07] <Fiebel> fem!
[20:49:10] <Fiebel> mijn pepers hebben knop!
[20:49:13] <Fiebel> of nou ja 1
[20:49:15] <Fem_LittleLady> Beter beter
[20:49:35] <Fiebel> ja
[20:49:40] <Fem_LittleLady> Ben benieuwd
[20:49:40] * Fiebel was er zo lief voor geweest
[20:49:41] <Fiebel> O+
[20:49:43] <Fiebel> ik ook :D
[20:49:50] <Fem_LittleLady> Zou wel leuk zijn
[20:52:39] *** Joins: SCHAPiE (dorian@dhcp-077-249-247-124.chello.nl)
[20:53:00] <Fiebel> welk grit gebruik jij voor de katten?
[20:57:12] <crow> tuin van de buren is het beste kattegrit dat er is 
[20:58:00] <Fiebel> buren hebben geen tuin
[20:59:07] <Fem_LittleLady> Ik heb gewoon de goedkoopste meuk van de Jumper
[20:59:23] <Fem_LittleLady> schijten ze net zo goed op als op de duurste
[20:59:44] <Boots> Mja het ene stinkt alleen minder
[20:59:45] <Fiebel> ik zoek iets makkelijks
[20:59:56] <Fiebel> ik wil gewoon 1 keer per dag klonten scheppen
[21:00:03] <Fiebel> en gaan grit door heel mn huis
[21:00:22] <Fiebel> ah maakt klonten, maar loopt het hele huis door
[21:00:27] <Boots> Ik had altijd Biokats Micro maar dan heb je wel, met harige pootjes iig, overal kleine korrels
[21:00:31] <Boots> ipv grote
[21:00:34] <Fiebel> cathsan loopt minder door het hele huis, maar maakt geen klonten
[21:00:36] * bReChThOu slaps Boots around a bit with a large trout
[21:00:38] <Fiebel> ja dat wil ik dus niet
[21:01:09] <Boots> Er is ook biokats grovere korrel
[21:01:13] <Boots> Matje ervoor helpt ook
[21:01:21] <Boots> Zo'n rubber deurmat met gaten erin bijv
[21:01:22] <Fem_LittleLady> Ik heb de kattenbak in de kast
[21:01:34] <Boots> Of een andere mat maar die moet je dan uitkloppen
[21:01:36] <Boots> En dat is ook ruk
[21:01:55] <Fem_LittleLady> Dus als ze al wat meeslepen moeten ze eerst nog een halve kast door om eruit te komen
[21:02:19] <Fiebel> ja dat gaat hem ook niet worden bij me
[21:02:24] <Fiebel> zo'n rubbermat zou kunnen ja
[21:02:53] <Boots> Dan blijft alles ertussen liggen
[21:03:00] <Boots> En moet je 'm 1x per week optillen en stofzuigen eronder
[21:03:10] <Fiebel> ja boeien
[21:03:14] <Fiebel> beter dan door heel mn huis heen
[21:03:16] <Boots> Bij de microkorrel dan
[21:03:20] <Fiebel> misschien ga ik dat tetsten ja
[21:03:23] <Boots> Ja dat was mijn conclusie ook
[21:03:23] <Fiebel> dat kan niet zo heel duur zijn
[21:03:25] <Boots> Lekker tetsen
[21:03:32] <Fiebel> gihgihghigihihgihgih
[21:24:10] * Fe2O3 slaps a trout around a bit with Fiebel
[21:24:45] <Fe2O3> Fiebel, GROTE bak, tapijt vloertegel ervoor leggen, en gewoon bij de plantenhal die 25 liter zakken,3 voor 13,0
[21:25:28] <Fiebel> aaight
[21:26:15] <Fiebel> maar ik wil iets dat klompies maakt
[21:26:30] <Fiebel> ik haat die hele bak verschonen
[21:27:25] <Fe2O3> Pleur elke 2 wkn die bak helemaal leeg
[21:27:29] <Fe2O3> En elke avond ff scheppe
[21:27:38] <Fiebel> ja ik wil zo min mogelijk die hele bak verschonen
[21:27:45] <Fiebel> ik wil scheppescheppescheppe
[21:28:05] <Fe2O3> Die pislucht krijg je er toch nie uit
[21:28:15] <Fiebel> nou met die van ah valt het wel mee
[21:28:40] <Fiebel> alleen die loop je binnen een uur door het hele lijf
[21:28:54] <Fiebel> eh?
[21:28:55] <Fiebel> wat?
[21:28:57] <Fiebel> door het hele huis
[21:29:12] <Fe2O3> Heb je vloerbedekking waar de bak staat?
[21:29:16] <Fiebel> nee zeil
[21:29:25] <Fiebel> dus ik ga wel binnenkort een stuk vloerbedekking halen ja
[21:29:56] <Fe2O3> https://www.kwantum.nl/product/0322080?channel_code=110&s2m_product_id=0322080&gclid=Cj0KEQjw2_23BRDb_qbvzK3X8M8BEiQAg87AF5rSR6kZCXtj2H3recD3563PBYaNOGRTiVtchIabkbEaAq3E8P8HAQ
[21:30:04] <Fe2O3> 3 euro, die hebben wij liggen
[21:30:09] <Fiebel> of zo'n gatenmat wat boots zei
[21:30:11] <Fe2O3> Goed rondom die tegel ligt wel wat natuurlijk
[21:30:20] <Fe2O3> Maar ze lopen het er zo vanaf bij eruit lopen
[21:30:23] <Fiebel> 50 bij 50
[21:30:26] <Fe2O3> De ongelukjes houd je altijd :')
[21:30:31] <Fiebel> ja en deze is keidom
[21:30:33] <Fe2O3> Onze bak is 60x80 oid
[21:30:38] <Fiebel> denkt dat ze ady dufresne is :')
[21:30:43] <Fiebel> andy
[21:30:51] <Fe2O3> :r
[21:31:01] <Fiebel> gihgihihgihghi
[21:32:29] *** Quits: crow (chatzilla@D97B3212.cm-3-4a.dynamic.ziggo.nl) (Exit)
[21:34:05] <zovty> Hoi.
[21:34:07] <zovty> Ik ben er.
[21:34:32] <Fiebel> gezellig
[21:34:35] <Fiebel> zovty is er
[21:34:53] <zovty> Pandora is er ook.
[21:34:57] <Fiebel> ja
[21:34:58] <Fiebel> en
[21:34:59] <Fiebel> ik ben er
[21:34:59] <Pandora> gezellig, Fiebel is er!
[21:35:04] <zovty> Gezellig.
[21:35:09] <Punnik> hallo allemaal !!
[21:35:16] <zovty> Gezellig, punnik is er!
[21:35:27] <Punnik> hoihoi :D
[21:35:31] <Fiebel> dankjewel pandora
[21:36:07] <Fiebel> ha pun
[21:36:12] <Punnik> ha Fieb !
[21:48:57] <Fiebel> och jnges
[21:48:58] <Fiebel> tis ook allemaal wat
[21:49:04] <Fiebel> is toch ook gewoon zo
[21:50:11] *** Joins: Lott (Lott@101-168-158-163.dynamic.caiway.nl)
[21:50:30] <Lott> hay
[21:50:35] <Fiebel> ha lott
[21:50:56] <Lott> ga je nog feesten Fiebel?
[21:50:57] *** Joins: Guyver2 (Guyver2@guyver2.xs4all.nl)
[21:51:05] <Fiebel> neeut neeut
[21:51:52] <Fiebel> jij wel?
[21:51:54] *** Quits: Fem_LittleLady (Mibbit@a82-161-112-138.adsl.xs4all.nl) (Exit)
[21:52:23] <Lott> nee
[21:52:36] <Lott> ben net thuis van een verjaardag
[21:52:45] <Lott> en heb vanmiddag een vaatwasser gekocht:')
[21:55:12] <Fiebel> ooooooooooooooooooo
[21:55:14] <Fiebel> hhhhhhhhhhhhhhhhhhhhhhhhheerlak
[21:57:23] *** Joins: Fem_LittleLady (Mibbit@a82-161-112-138.adsl.xs4all.nl)
[22:06:22] <Fiebel> plasseplasseplasse
[22:19:38] <Boots> Ik heb een bamischijf gehad vanavond
[22:19:47] <Boots> bamischijf mmmmm
[22:19:50] <Boots> :')
[22:19:52] <Fiebel> brrrrrrrr
[22:19:56] <Boots> Niet dat ie zo lekker was
[22:20:12] <Boots> Maar ik zag vega bamischijf staan en dacht joh, ik had al zin in bami
[22:20:29] <Ou-Tannu> \o/
[22:20:44] <Boots> Denk dat ik zelf beter fatsoenlijke bami kan maken
[22:22:22] <Lott> ghe
[22:25:16] <Ou-Tannu> DIY eten is toch altijd lekkerder ;P
[22:25:22] <Ou-Tannu> das met liefde gemaakt :P
[22:29:35] <Fiebel> ik ben ook met liefde gemaakt
[22:30:10] <Ou-Tannu> Das mooi :)
[22:30:42] <zovty> Zou je dat kunnen meten?
[22:30:51] <Ou-Tannu> Nou :+
[22:30:53] <Fiebel> meteiswete
[22:31:13] <Boots> Nope, voeluh is wetuh
[22:31:15] <zovty> Zouden kinderen uit gedwongen huwelijken of verkrachtingen lelijker zijn dan kinderen die uit gelukkige succesvolle relaties zijn ontstaan?
[22:31:15] <Ou-Tannu> hoe zou je dat moeten meten?
[22:31:32] <Ou-Tannu> mijn mening: nee
[22:31:47] <Fem_LittleLady> Nee
[22:32:29] <zovty> Maar het geldt voor zoveel dingen; eten, kunst in al z'n vormen, maar ook in relaties zelf, of werk.
[22:32:56] <Fiebel> moeluk hoor
[22:32:57] *** Quits: Lott (Lott@101-168-158-163.dynamic.caiway.nl) (Exit)
[22:32:58] <Fiebel> echt moeluk
[22:33:00] <Fiebel> ik ben er 
[22:33:04] <Fiebel> :|
[22:33:10] <zovty> Toch gezellig dat je er bent.
[22:33:20] <Fiebel> dankjewel
[22:33:40] <Ou-Tannu> :P
[22:33:42] <Fiebel> ik ga nu even plassen
[22:33:47] <Ou-Tannu> zeikwijf ;)
[22:37:10] <Fiebel> ik ben er
[22:37:11] <Pandora> gezellig, Fiebel is er!
[22:37:15] <Fiebel> ziejewel
[22:37:51] <Ou-Tannu> even lekker naar je eigen gezeik geluisterd? :P
[22:38:07] <Fiebel> :Y
[22:38:13] <Fiebel> en met poesje gekroel
[22:38:14] <Fiebel> d
[22:38:23] <Fiebel> knorreknorreknorre
[22:38:40] <Ou-Tannu> dr hoeft dus nog geen nieuwe olie in ? :P ronkt nog als nieuw? :P
[22:38:52] <Fiebel> och alsof ze van een oud omaatje is geweest
[22:38:54] <Fiebel> is misschien ook wel zo
[22:38:57] <Fiebel> zullen we nooit weten
[22:39:09] <Ou-Tannu> altijd goed :Y
[22:39:33] <Fiebel> ze heb zo'n mooi knorretje
[22:39:43] <Fiebel> als er een hitparade voor was zou ze zeker op 1 staa
[22:39:45] <Fiebel> n
[22:39:52] <Fiebel> de knorretjes hitparade
[22:40:23] <Ou-Tannu> hehehe!
[22:46:06] *** Quits: Fem_LittleLady (Mibbit@a82-161-112-138.adsl.xs4all.nl) (Exit)
[22:47:15] *** Quits: AjDuLion (sid50412@id-50412.charlton.irccloud.com) (Ping timeout: 60 seconds)
[22:48:05] *** Joins: AjDuLion (sid50412@id-50412.charlton.irccloud.com)
[22:55:13] <Boots> Lelijker om te zien?
[22:55:28] <Boots> Of lelijk in de zin van beschadigd?
[22:55:31] <Boots> Lelijke imprint
[23:12:02] *** Quits: Fe2O3 (Fe2O3@h70248.upc-h.chello.nl) (Exit)
[23:56:31] <Spacecowboy> hoeren
[23:57:59] <tozzert> hoho
[23:58:09] <tozzert> behalve ik
