[00:00:09] <mijk> JONGE
[00:06:41] <Fe2O3> Jonge jong
[00:11:01] <rawplayer> ik ben er
[00:11:01] <Pandora> gezellig, rawplayer is er!
[00:11:11] <rawplayer> iksje
[00:11:13] <rawplayer> ijsje
[00:12:47] *** Quits: Fiebel (PrincessCo@d77048.upc-d.chello.nl) (Exit)
[00:53:21] <Spacecowboy> KONTNEUKEN OLE OLE
[00:54:56] *** Joins: Beer`__ (Beer@31.160.51.246)
[00:56:28] <mijk> TWEE LSD VERDER ZO
[00:56:29] <mijk> HE
[00:56:57] <Spacecowboy> SPEED SNATSEN CHICK IN DE KONT BATSEN
[01:07:01] *** Quits: Fe2O3 (Fe2O3@h70248.upc-h.chello.nl) (Exit)
[01:16:31] *** Quits: Guyver2 (Guyver2@guyver2.xs4all.nl) (Exit)
[01:18:51] *** Quits: coreblink (coreblink@145.132.131.160) (Exit)
[01:32:30] *** Quits: boekee_away (boekee@5ED2A61F.cm-7-3c.dynamic.ziggo.nl) (Ping timeout: 60 seconds)
[01:40:56] *** Joins: boekee_away (boekee@5ED2A61F.cm-7-3c.dynamic.ziggo.nl)
[01:51:54] *** Quits: Beer`__ (Beer@31.160.51.246) (Ping timeout: 66 seconds)
[01:52:49] *** Joins: Beer`__ (Beer@31.160.51.246)
[02:03:04] <mijk> LEKKER RITALIN SNUIVEN MET SPACECOWBOY
[02:05:44] <Spacecowboy> JALALALA
[02:05:56] <Spacecowboy> sup ouwe
[02:23:23] *** Quits: TooL (x@ip172-92-210-87.adsl2.static.versatel.nl) (Exit)
[02:35:52] <mijk> ja
[02:35:54] <mijk> 2 LSD
[02:35:58] <mijk> wat wil je horen
[02:36:02] <mijk> hoeveel dimensies ik heb?
[02:36:05] <mijk> stuk of 8
[02:36:24] <mijk> jij dan
[02:36:27] <mijk> met je pep
[02:36:30] <mijk> lekker oppervlakkig
[02:36:31] <mijk> he
[02:38:23] <mijk> met je afgeroste pepkop
[02:38:24] <mijk> he
[02:38:43] <mijk> lekker makkelijk he
[02:38:54] <mijk> easy way out noemen ze dat
[02:39:46] *** Joins: Jammelamme (Mibbit@ip54541c8e.adsl-surfen.hetnet.nl)
[02:40:00] <Jammelamme> hey peepz
[02:40:08] <mijk> wat
[02:40:12] <mijk> jij ook met je lamme gezeik?
[02:40:14] <Jammelamme> ja dat
[02:40:22] <mijk> ook zo'n pepkop
[02:40:28] <Jammelamme> yes sir
[02:40:39] <mijk> jezus men
[02:40:41] <mijk> help me Boots
[02:40:47] <Jammelamme> ja ach
[02:41:05] <mijk> wat heb je op
[02:41:07] <Jammelamme> Is het echt zo cynisch?
[02:41:55] <mijk> jonge
[02:41:58] <mijk> hoeveel heb je gezope
[02:42:02] <mijk> leg Spacecowboy maar ff uit
[02:42:06] <Jammelamme> Uitsluitend zilvervliesrijst icm wat sate 
[02:42:06] <mijk> hoeveel je gezopen heb
[02:42:18] <mijk> dan kan hij daar ff een oordeel over vellen
[02:42:20] <Jammelamme> Ja nee niks
[02:42:24] <mijk> ja jezus
[02:42:26] <mijk> wat kom je doen dan!
[02:42:40] <mijk> ook geen pep, LSD, of coke?
[02:42:42] <Jammelamme> Ja gewoon wat buurten
[02:42:45] <Jammelamme> nope
[02:42:48] <mijk> hmm
[02:42:51] <mijk> k
[02:42:51] <Jammelamme> helaas peepz
[02:43:07] <Jammelamme> hahaha
[02:43:08] <mijk> waar is Stuiterbal als je m nodig heb
[02:43:12] <Jammelamme> Low lifez
[02:43:16] <Stuiterbal> wat
[02:43:28] <mijk> leg m ff uit boxie
[02:43:34] <mijk> dat we hier niet komen zonder pille, coke of lsd
[02:43:43] <Stuiterbal> idd
[02:43:44] <Stuiterbal> Optyfen, hond
[02:44:31] <Jammelamme> Misschien kan ik iem interesseren voor ee experiment om menselijk spierweefsel voor culinaire gelegenheden af te staan?
[02:45:05] <mijk> ja of zullen we het ff hebben over quantum gedreven intergalactische handelsfederaties?
[02:45:23] <Stuiterbal> Of turboflaps.
[02:46:27] <mijk> whoop phargua - digital dew
[02:46:31] <mijk> knalle
[02:47:54] <Jammelamme> Voor een restaurant in het Caribisch gebied zoeken meerdere commerciele partijen vlees van menselijke oorsprong; ook vlees van mensenapen wordt op prijs gesteld door een zeer internationaal gezelschap; Uw gegevens worden24/7 via deze site opgenomen en afgenomen.
[02:48:32] <mijk> ja jonge, de laatsten die dat zeiden hangen nog steeds in mn kelder
[02:48:39] <mijk> dus ga je nog met wat nuttigs komen onnie
[02:49:12] <mijk> of zal ik weer ff een paar ritalin gaan snuiven
[02:49:13] <mijk> wat zeg jij boxie
[02:50:17] *** Joins: wirky (werken@ip503c7f23.speed.planet.nl)
[02:50:26] <wirky> sup mongolen
[02:50:33] <Jammelamme> Aangezien voorgaande boodschap onduidelijk bleek: Voor een restaurant in het Caribisch gebied zoeken meerdere commerciele partijen vlees van menselijke oorsprong; ook vlees van mensenapen wordt op prijs gesteld door een zeer internationaal gezelschap; Uw gegevens worden24/7 via deze site opgenomen en afgenomen.
[02:51:08] <mijk> LEKKER WELLY
[02:51:09] <mijk> eindelijk
[02:51:11] <mijk> nice men
[02:51:24] <wirky> moe man moe moe
[02:51:36] <Spacecowboy> whatup
[02:51:40] <wirky> ik heb nog net kunnen opladen voor deze chat
[02:51:56] <Spacecowboy> [02:50:33]  <Jammelamme>	Aangezien voorgaande boodschap onduidelijk bleek: Voor een restaurant in het Caribisch gebied zoeken meerdere commerciele partijen vlees van menselijke oorsprong; ook vlees van mensenapen wordt op prijs gesteld door een zeer internationaal gezelschap; Uw gegevens worden24/7 via deze site opgenomen en afgenomen.
[02:52:07] <Spacecowboy> Er lopen hier in utrecht nog wat nikkers vrij rond
[02:52:11] <Spacecowboy> misschien kan je daar wat mee?
[02:54:52] <mijk> space
[02:54:54] <mijk> met je pepkop
[02:54:55] <mijk> sup
[02:55:05] <Spacecowboy> beetje snatsen
[02:55:07] <Spacecowboy> btje muziek
[02:55:11] <Spacecowboy> bbtje fappen
[02:55:14] <Spacecowboy> the usual
[02:55:37] <mijk> lekker makkelijk he
[02:55:41] <mijk> die kk pep van je
[02:55:43] <mijk> godverdomme
[02:55:43] <Pandora> !8 mondspoeling voor mijk?
[02:55:44] <digibot> Pandora: The answer is def-- oooh! shiny thing!
[02:55:47] <mijk> ja shiny
[02:55:48] <mijk> zeker
[02:55:53] <mijk> mn dikke lul voor je Pandora
[02:56:42] <Spacecowboy> https://soundcloud.com/user-855506091/solutio-mma-invites-the-magic-show-warm-up-mix
[02:56:43] <digibot> Title: Solutio @ MMA invites The Magic Show - Warm Up Mix by MMA - Music Made Addict! | Free Listening on SoundCloud (at soundcloud.com)
[02:56:51] <Spacecowboy> check die kick op 21:30
[02:57:01] <Spacecowboy> IS DIE BRUUT OF NIET
[02:58:49] <Jammelamme> hahahah
[02:59:16] <Jammelamme> Ik leg mijn oor te luister
[02:59:22] <mijk> JONGE
[02:59:22] <Jammelamme> hahahaha
[02:59:29] <mijk> IK LUISTER ZO, EERST DISCARDED ENTITY TOCK
[02:59:31] <mijk> fuck
[02:59:32] <mijk> caps men
[02:59:33] <mijk> lekkermen
[02:59:36] <mijk> moet schijten en pisse tegelijk
[02:59:39] <mijk> maar de muziek
[02:59:43] <mijk> fuckkkkkkkkk
[02:59:46] <Spacecowboy> ik moet snatsen en fappen
[02:59:48] <Spacecowboy> moelluk
[02:59:51] <Jammelamme> ja.....
[03:01:14] <Jammelamme> Wees gelukkig, maar weet dat een dag een dolk je treft wanneer je het het minst verwacht. Hahahaha! Wat een Lol!!!
[03:02:08] <Spacecowboy> zeker zeker
[03:02:11] <mijk> dit is by far de grootste idioot die we hier hebben gezien
[03:02:17] <Spacecowboy> waar haal je al die wijsheid vandaan?
[03:02:25] <Spacecowboy> bij die bieb moet ik me ook eens reggen
[03:02:26] <mijk> ik snats nog ff 2 ritalin weg
[03:02:30] <Spacecowboy> lekker 
[03:11:04] <wirky> run run run run
[03:11:09] <mijk> man man man
[03:19:26] <Spacecowboy> man man man
[03:19:39] <Jammelamme> hahaha
[03:21:31] <Spacecowboy> hmm?
[03:22:01] <Jammelamme> jajajajajjaaj
[03:22:08] *** Quits: Jammelamme (Mibbit@ip54541c8e.adsl-surfen.hetnet.nl) (Exit)
[03:23:09] <wirky> mijk wat zie je allemaal
[03:24:57] <mijk> jonge
[03:25:14] <mijk> denk je dat je dingen gaat zien als in gekke olifantjes ofzo, teletubbies is 2 kanalen verder k
[03:25:37] <wirky> k
[03:37:19] *** Quits: Vipertje (tweak@54182E79.cm-5-1a.dynamic.ziggo.nl) (Connection reset by peer)
[03:41:50] *** Quits: Andros (Andros@248.151-244-81.adsl-dyn.isp.belgacom.be) (Ping timeout: 60 seconds)
[03:47:08] <wirky> s
[03:47:09] <wirky> u
[03:47:10] <wirky> p
[03:47:16] <wirky> meej
[03:47:16] <wirky> j
[03:47:20] <wirky> hoof
[03:47:22] <mijk> jonge
[03:47:25] <mijk> wat wil je nou
[03:47:30] <mijk> ffs
[03:47:56] <wirky> zou wel n biertje willen
[03:48:09] <wirky> koffie is ook wel over de kop
[03:49:46] <wirky> blikje alcoholvrij gevonden 
[03:53:01] <wirky> rustag rustag nou maart mijk e
[04:24:59] *** Quits: Stuiterbal (Stuit@2001:980:5281:1:24e2:86f7:33ac:b99) (Exit)
[04:26:48] <wirky> ze trekt mijn creditkaart door de hele fukking winkelstraat
[04:27:13] <wirky> en als ze mij nu eens met rust laat laat
[04:27:25] <wirky> maar ze loopt te rellen en te briesen
[04:28:03] <wirky> ze weet echt niet waar t over gaat
[04:28:20] <wirky> dan wil ze weer een gucci-tas
[04:28:38] <wirky> en als ze daar nu eens blij mee was
[04:29:01] <wirky> en je weet t ze heeft t 100 x aan je gevraagd
[04:29:09] <wirky> of je effe dit of dat wil doen
[04:29:18] <wirky> maar je hebt geen tijd vandaag
[04:31:41] <Spacecowboy> wat?
[04:32:06] <mijk> Spacecowboy
[04:32:09] <mijk> :D
[04:32:15] <Spacecowboy> mijk 
[04:32:19] <Spacecowboy> wat jij wakker?
[04:34:18] <mijk> 2 LSD man
[04:35:10] <Spacecowboy> nice
[04:35:12] <Spacecowboy> beetje lekker
[04:35:14] <Spacecowboy> ?
[04:35:51] <mijk> ja alleen de hele tijd kotsen/honger
[04:35:54] <mijk> en er nog niet uit wat het is
[04:36:03] <mijk> verder gaatie wel lekker ja
[04:36:06] <mijk> cola werkt wel ok
[04:38:51] <Spacecowboy> ok nice
[04:38:59] <mijk> jij dan
[04:39:01] <mijk> nog aan de pep?
[04:39:03] <Spacecowboy> hoe laat heb je gepakt?
[04:39:08] <Spacecowboy> joah net nog ff beetje
[04:39:10] <mijk> 10 uur en 11 uur
[04:39:14] <Spacecowboy> ok
[04:39:19] <Spacecowboy> joah dacht nog ff aan slapen
[04:39:21] <Spacecowboy> maar fuck dat maar
[04:39:23] <mijk> dus ben nog wel 3 uur onderweg
[04:40:56] <mijk> wanneer jij gepakt dan
[04:41:00] <mijk> net of jij gaat slapen met je pepkop
[04:41:06] <Spacecowboy> haha nee dus
[04:41:13] <Spacecowboy> neu 19:00 de eerste
[04:41:25] <mijk> ja en 3 min geleden de laatste zeker
[04:41:38] <mijk> jij bent nog gewoon wakker tot diep in de ochtend
[04:41:38] <mijk> :D
[04:41:45] <mijk> ik ook wel, daar niet van
[04:42:07] <Spacecowboy> hahaha
[04:42:12] <Spacecowboy> je kent me te goed
[04:47:13] * Beer`__ kijkt hier eens ff om het hoekje.. ah hier zijn er nog wel mensen wakker ;)
[04:47:51] <Spacecowboy> zeker zeker
[04:49:10] *** Quits: SCHAPiE (dorian@dhcp-077-249-247-124.chello.nl) (Exit)
[04:53:25] <mijk> jaja
[04:53:28] <mijk> ik lig alleen half out te gaan
[04:55:20] <rawplayer> doe je tof dan
[04:57:10] <Spacecowboy> och
[04:57:14] <Spacecowboy> heb je hem ook weer
[05:01:20] <Beer`__> goh doen ze hier ook out gaan
[05:01:30] <Beer`__> maar ja ik werk dan ook in verslavingskliniek :)
[05:03:53] <Spacecowboy> ja dat doen we niet allemaal
[05:06:21] *** Quits: Beer`__ (Beer@31.160.51.246) (Ping timeout: 67 seconds)
[05:08:37] *** Joins: TooL (x@ip172-92-210-87.adsl2.static.versatel.nl)
[05:14:57] <mijk> rawplayer
[05:29:09] <rawplayer> sup
[05:29:32] <mijk> wat doe je wakker
[05:29:46] <mijk> achterlijke
[05:29:47] <mijk> ga slapen man
[05:33:22] <Spacecowboy> ja man
[05:33:26] <Spacecowboy> slapen
[05:39:15] *** Quits: mijk (mijk@218-245-144-85.ftth.glasoperator.nl) (Ping timeout: 67 seconds)
[06:11:50] *** Quits: NoBody (Pipo@185.47.132.207) (Exit)
[06:17:15] *** Joins: mijk (mijk@218-245-144-85.ftth.glasoperator.nl)
[06:17:22] *** Joins: Fiebel (PrincessCo@d77048.upc-d.chello.nl)
[06:17:24] <Fiebel> kbener
[06:17:32] <mijk> mooie poging
[06:17:33] <mijk> maar jammer
[06:17:46] <Fiebel> mijk is je poes al terug
[06:18:47] <mijk> ja
[06:18:56] <Fiebel> ochhemelwateengeluk
[06:19:14] <mijk> ja en ze breken nu de tent aaf
[06:19:15] <mijk> gvd
[06:19:19] <Fiebel> netgoed
[06:19:51] <mijk> wat doe jij wakker toruwens
[06:20:09] <Fiebel> ik moest plassen
[06:20:19] <Fiebel> en toen ging mijn poesje kwebbelen tegen mij
[06:20:23] <Fiebel> en daar hield ze niet meer mee op
[06:20:31] <Fiebel> nu ben ik klaarwakker
[06:20:38] <Fiebel> dus ze zal wel als een blok gaan liggen slapen
[06:20:39] <Fiebel> :/
[06:20:45] <Fiebel> maar dan ga ik dr opjagen
[06:20:50] <Fiebel> met een taser
[06:20:52] <Fiebel> zal dr leren
[06:21:05] <mijk> k
[07:09:59] <mijk> sup
[07:35:52] <Redhead> mogge
[07:36:39] <Redhead> ah kat trug mijk ,mooi
[07:47:39] <mijk> Redhead
[07:48:04] <Redhead> yo
[07:48:43] <mijk> sup
[07:48:43] <zovty> fijn mijk
[07:48:57] <Redhead> koffie , morrie zovtelie
[07:49:12] <zovty> Morguh.
[07:49:19] <Redhead> sup
[07:50:30] <zovty> The sun is up.
[07:50:33] <zovty> The sun is shining.
[07:50:44] <Redhead> bewolkt hier
[07:50:56] <zovty> Maar toch is de zon up.
[07:51:39] <Redhead> ok
[07:54:53] <mijk> verwarming aangezet
[07:54:57] <mijk> teringkoud hier men
[07:55:45] <Redhead> k heb dekentje om
[08:20:58] *** boekee_away is now known as boekee
[08:21:34] *** Quits: Vlinder (carla@localhost.nl) (Ping timeout: 60 seconds)
[08:30:31] *** boekee is now known as boekee_away
[08:33:23] <Punn> goeiesmorgens !!
[08:34:13] <Redhead> morrie PunnPun
[08:34:31] <Punn> ochtend hali's Reds !! en koffie !! 
[08:34:45] <Redhead> cheers !! hali!
[08:34:58] * Punn ziet de zon ! woeii !
[08:35:13] <Redhead> whoei ,me too :)
[08:35:22] <Punn> -zwaait naar de zon- ! yeaaah !   
[08:38:03] *** Punn is now known as Punnik
[08:38:06] <Punnik> :P 
[08:41:44] *** Quits: milkshake (textual@76-14-185-84.wsac.wavecable.com) (Ping timeout: 66 seconds)
[08:50:20] *** Joins: Fem_LittleLady (Mibbit@a82-161-112-138.adsl.xs4all.nl)
[08:50:27] <Fem_LittleLady> een hele goedemorgen
[08:50:33] <Punnik> goeiemorgen Fem_LittleLady
[08:50:42] <Fem_LittleLady> Hoe is het
[08:50:50] <Punnik> prima ! en daarzo ?
[08:51:05] <Fem_LittleLady> ja ook goed
[08:51:30] <Punnik> mooi ! ook zon daar ? :D
[08:51:33] <Fem_LittleLady> heb de eerste was alweer aan de lijn
[08:51:51] <Fem_LittleLady> nu een draai met chemische kleurtjes en daarna beddegoed
[08:52:02] <Punnik> goed bezig :P
[08:52:14] <Fem_LittleLady> Ja lekker alles weer fris
[08:52:20] <Fem_LittleLady> ben dol op schoon beddegoed
[08:52:28] * Punnik too :P
[08:52:59] <Fem_LittleLady> Ja en als de zon schijnt kan het mooi buiten drogen, heb gister hele zak kleding opgehaald
[08:53:14] <Fem_LittleLady> dus heb alle joggingbroeken al gewassen de rest pleur ik weg
[08:53:23] <Fem_LittleLady> sommige mensen zijn zo niet zuinig op hun kleding
[08:53:38] <Punnik> ik ga vanmiddag ff kleding shoppen 
[08:53:50] <Fem_LittleLady> Rook jij?
[08:53:57] <mijk> ja
[08:53:59] <Punnik> nee, gelukkig niet
[08:54:07] <mijk> kon ik dat maar zeggen
[08:54:18] <Fem_LittleLady> Nou had deze zak van mensen die roken, oohh die lucht krijg je er gewoon haast niet uit
[08:54:20] <Punnik> zware roker mijk ?
[08:54:25] <Fem_LittleLady> 2 keer met veel wasverzahter gewassen
[08:54:38] <Fiebel> kbener
[08:54:39] <mijk> veelste zwaar Punnik
[08:54:52] <Fem_LittleLady> Nu hangen ze buiten in de zon dus hoop dat de geur er zo helemaal uit gaat
[08:55:45] <Fem_LittleLady> Vanmiddag zal ik ook even de konijnenren klaarmaken
[08:55:58] <Fem_LittleLady> dan kan die dikkerd eindelijk zijn poten strekken
[09:05:31] *** boekee_away is now known as boekee
[09:09:35] <zovty> Bassline.
[09:10:34] <Fem_LittleLady> hmmm yoghurt
[09:10:53] <zovty> He fem goeiemorgen.
[09:11:52] <Fem_LittleLady> goedemorgen
[09:16:46] <Fiebel> chili
[09:16:49] <Fiebel> ga ik maken
[09:16:51] <Fiebel> en eten
[09:16:52] <Fiebel> vandag
[09:22:19] *** Joins: Jeroen (Jeroen@54188FF8.cm-5-1c.dynamic.ziggo.nl)
[09:23:07] *** Joins: Guyver2 (Guyver2@guyver2.xs4all.nl)
[09:23:47] *** Joins: Vlinder (carla@localhost.nl)
[09:23:57] <Fem_LittleLady> Lekker toch, ik weet het nog wat ik ga maken
[09:24:04] <Fem_LittleLady> ben net blij met mijn ontbijt
[09:56:30] <Jeroen> http://journal.frontiersin.org/article/10.3389/fpsyg.2015.01100/full cadeautje, Escovan 
[09:58:48] <Fiebel> ochoch
[09:58:50] <Fiebel> gedoucht
[09:58:52] <Fiebel> even bjkomen
[09:58:53] <Fiebel> even rustn
[09:59:55] <rawplayer> hallo
[10:00:04] <rawplayer> ik ben er
[10:00:05] <Pandora> gezellig, rawplayer is er!
[10:00:09] <rawplayer> ja!!!
[10:00:14] <Fiebel> gezellig!
[10:00:17] <rawplayer> jullie mogen mij kroelen
[10:00:19] <rawplayer> en aajen
[10:00:23] <rawplayer> en streelen
[10:00:24] <Fiebel> ben je al gedoucht?
[10:00:26] <rawplayer> nee
[10:00:30] <Fiebel> dan laat ik het even
[10:00:34] <Fiebel> maar toch bedankt!
[10:00:44] <rawplayer> gisreravond he
[10:00:51] <rawplayer> dadelijl zonnenban
[10:00:52] <rawplayer> km
[10:00:54] <rawplayer> sporten
[10:00:56] <Fiebel> goed zo kind
[10:00:59] <Fiebel> verwen jezelf
[10:01:01] <Fiebel> pal de rustt
[10:01:05] <Fiebel> pakde rust
[10:01:09] <Fiebel> oooooooooooh
[10:01:11] <Fiebel> pep speet
[10:01:12] <rawplayer> er na mijn penis insmeren met druivenpitolie
[10:01:13] <Fiebel> en slooppt
[10:01:16] <Fiebel> en slopt en speeeelt
[10:01:18] <rawplayer> en op en neer
[10:01:23] <Fiebel> o heeeeerlijk
[10:01:25] <Fiebel> lichte druk
[10:01:30] <Fiebel> zodat het goed intrekt
[10:01:31] <Fiebel> gigigigiigig
[10:01:34] <Fiebel> in de huid
[10:01:35] <rawplayer> mggihigigigigigigi
[10:01:39] <Fiebel> voor en achterhuid
[10:01:44] <Fiebel> gighghghig
[10:02:18] <rawplayer> mggihihihihihigigi
[10:02:21] <rawplayer> gibibibibibibiibibi
[10:02:32] <Fiebel> ghigihghghhigighihggigghi
[10:02:33] <Fem_LittleLady> Bah
[10:03:18] <rawplayer> koffie
[10:04:22] *** Joins: Crip (Mibbit@541C880F.cm-5-5c.dynamic.ziggo.nl)
[10:04:38] <Fiebel> hallo crip
[10:04:42] <Fiebel> wat leuk dat je er weer eens bent
[10:04:45] <Fiebel> heb je al make up op?
[10:05:15] <Fiebel> ik ga mij zo koffie laten bedienen
[10:05:16] <Fiebel> door mijn vadertje
[10:08:19] <rawplayer> hoi
[10:08:26] <Fiebel> hoi
[10:20:14] <Fem_LittleLady> :D
[10:30:34] *** Joins: coreblink (coreblink@145.132.131.160)
[10:50:25] <Boots> ik ben er
[10:50:25] <Pandora> gezellig, Boots is er!
[10:50:32] <Boots> hispeed die pandora
[11:00:54] <Jeroen> wat een kutfeature
[11:02:45] <Boots> De buurvrouw heeft ook een kutfeature
[11:02:54] <Boots> Die is knoflook/uiensoep aan het koken ofzo
[11:03:04] <Boots> Geurlekken overal hier
[11:09:01] *** Quits: Guyver2 (Guyver2@guyver2.xs4all.nl) (Exit)
[11:10:33] <Fem_LittleLady> bah
[11:16:47] *** Joins: Teckna1 (jonathan@52487D74.cm-4-1b.dynamic.ziggo.nl)
[11:17:24] *** Quits: Teckna (jonathan@3E91C80C.cm-13.dynamic.ziggo.nl) (Ping timeout: 62 seconds)
[11:18:44] *** Joins: Andros (Andros@248.151-244-81.adsl-dyn.isp.belgacom.be)
[11:21:07] <mijk> Na hun ontmoeting merkte Kim dat ze gevoelens en erotische dromen had over haar zoon. En bij de tweede afspraak, nadat ze wat drankjes hadden gedronken, zoenden ze voor het eerst in een hotel. Ben besloot dat hij niet meer van zijn vrouw hield en stak zijn batsbajonet in de ontplofte egel van zijn biologische moeder ging met zijn biologische moeder naar bed.
[11:26:04] <Jeroen> de fokfrontpage zeker
[11:26:09] <Jeroen> voor alle achterlijken van nederland
[11:26:21] <Jeroen> als hart van nederland toch te high brow blijkt
[11:29:18] <mijk> nieuws ansich is voor achterlijken
[11:30:21] <Jeroen> ... wat
[11:31:42] <mijk> dat al het nieuws voor achterlijken is
[11:31:52] <Jeroen> again
[11:31:53] <Jeroen> ... wat
[11:32:05] <mijk> NOU DAT JE DIE KANKER PROPAGANDA IN JE FLIKKER KAN DOUWEN, DAT
[11:32:56] <Jeroen> ahja
[11:33:46] <rawplayer> hallo
[11:33:48] <rawplayer> ik ben er
[11:33:48] <Pandora> gezellig, rawplayer is er!
[11:34:10] <mijk> JA GEZELLIG
[11:35:03] *** Quits: Teckna1 (jonathan@52487D74.cm-4-1b.dynamic.ziggo.nl) (Ping timeout: 60 seconds)
[11:37:03] <rawplayer> !seen Fiebel 
[11:37:04] <digibot> rawplayer: Fiebel was last seen in #fok 1h 28m 36s ago: <Fiebel> hoi
[11:37:04] <rawplayer> och jonges
[11:37:06] <rawplayer> ik ga zo sporten
[11:37:09] <rawplayer> lekker bankdrukken
[11:37:10] <mijk> jonge
[11:37:21] <mijk> neem die Jeroen mee, en laat m ff zien hoe je sport
[11:37:43] <mijk> en zorg dat hij niet de zaal verlaat, voordat hij 90 bankt
[11:44:47] <rawplayer> ik doe nu 120
[11:44:48] <rawplayer> :$
[11:44:53] <rawplayer> 3 rm
[11:49:46] <rawplayer> och jonges
[11:49:47] <rawplayer> ik laat pufjes
[11:49:51] <rawplayer> en moet zo hard schijten
[11:49:56] <rawplayer> wat eenlucht
[11:53:50] <Fem_LittleLady> wat een niveau
[11:54:56] *** boekee is now known as boekee_away
[11:55:37] <mijk> smeerlap
[11:55:45] <rawplayer> ja
[11:55:49] <rawplayer> BEREN ALS EEN VARKEN
[12:01:12] <rawplayer> SCHIJTEN ALS EEN BEER
[12:01:16] <rawplayer> VRETEN ALS EEN VARKEN
[12:01:20] <rawplayer> SLAPEN ALS EEN BABY
[12:09:22] <mijk> GRAAIEN WAT JE GRAAIEN KAN
[12:09:25] <mijk> SNAAIEN WAT JE SNAAIEN KAN
[12:09:28] <mijk> LAAIEN WAT JE LAAIEN KAN
[12:09:32] <mijk> KAAIEN WAT JE KAAIEN KAN
[12:09:38] <mijk> EN NAAIEN WAT JE NAAIEN KAN
[12:09:46] <mijk> EN DAARNA VEEG JE M AF AAN DER GORDIJN
[12:10:41] <Fem_LittleLady> Kijk en daarom wil ik dus never meer samenwonen
[12:12:00] <mijk> wie zei dat jij wat te willen had?
[12:16:16] <Fem_LittleLady> de wetgeving he, geen kerel die hier in huis zich kan misdragen
[12:16:30] *** boekee_away is now known as boekee
[12:19:47] *** Quits: Crip (Mibbit@541C880F.cm-5-5c.dynamic.ziggo.nl) (Exit)
[12:24:58] *** Joins: Milena (Mibbit@ip105-70-212-87.adsl2.static.versatel.nl)
[12:27:06] *** boekee is now known as boekee_away
[12:28:25] <rawplayer> arme femmie
[12:30:46] *** Joins: SCHAPiE (dorian@dhcp-077-249-247-124.chello.nl)
[12:38:42] <Fiebel> ik ben er
[12:38:42] <Pandora> gezellig, Fiebel is er!
[12:38:46] <Fiebel> j
[12:38:47] <Fiebel> a
[12:39:09] * Fiebel drinkt goed
[12:39:42] <rawplayer> ja
[12:39:46] <rawplayer> goed drinken
[12:39:53] <Fiebel> goeeeeed drinke
[12:41:26] <rawplayer> ik ga zo
[12:41:28] <rawplayer> sporten
[12:41:31] <rawplayer> en daar ook goed drinken
[12:41:42] <rawplayer> eletrolyten tot mij nemen
[12:41:56] <Fiebel> heeel god
[12:41:59] <Fiebel> ik ga bonen tot mij nemen
[12:42:01] <Fiebel> gihgighighighigih
[12:42:18] <rawplayer> ooooo
[12:42:19] <rawplayer> lekker
[12:42:20] <rawplayer> chili
[12:42:25] <rawplayer> ruften als een varken
[12:42:28] <rawplayer> mgighgihgighghigihghgihg
[12:42:31] <Fiebel> gihihihiihi
[12:42:36] <Fiebel> pwepperdepeppwep
[12:42:43] <rawplayer> oooo
[12:42:48] <rawplayer> waars jgekko?
[12:43:03] <Fiebel> zit te priewen
[12:43:06] <Fiebel> en te kwebbelen
[12:43:11] <Fiebel> en dan doet ze ze wobbelwobbelwobbel
[12:43:11] <rawplayer> :o
[12:43:13] <rawplayer> mooie verhalen
[12:43:19] <rawplayer> van de padlarf bij kaarslicht
[12:43:19] *** Quits: Fem_LittleLady (Mibbit@a82-161-112-138.adsl.xs4all.nl) (Exit)
[12:43:21] <Fiebel> dat dr kleine spekpensje zo van links naar rechts lilt
[12:43:22] <Fiebel> gihgihghighighgihghhghghig
[12:43:30] <rawplayer> O+
[12:56:02] *** Quits: Milena (Mibbit@ip105-70-212-87.adsl2.static.versatel.nl) (Exit)
[12:56:28] <Fiebel> dag mileen
[12:57:00] *** Quits: mijk (mijk@218-245-144-85.ftth.glasoperator.nl) (Ping timeout: 66 seconds)
[12:57:19] <rawplayer> dag mileen
[13:01:43] <Fiebel> och jonges
[13:01:45] <Fiebel> 2e glas
[13:01:48] * Fiebel drinkt zo goed
[13:14:33] <Fiebel> oooooooooooooooooochjonegs
[13:18:33] <Fiebel> ochjonges
[13:18:41] <Fiebel> ik zat net midden in een mad max film
[13:18:45] <Fiebel> die uit 86 he
[13:18:48] <Fiebel> niet die uit 2015
[13:21:31] <zovty> Hoi.
[13:21:50] <Fiebel> dag zovty
[13:21:57] <Fiebel> heb je goed gedronken vandaag
[13:21:58] <Fiebel> ?
[13:22:11] <zovty> He
[13:22:13] <zovty> Nee totaal niet.
[13:22:16] <Fiebel> jemig
[13:22:17] <Fiebel> jeeemig
[13:22:18] <zovty> Ben er pas net uit.
[13:22:20] <Fiebel> vortsik!!!
[13:22:24] <Fiebel> vortsik jij!!!
[13:22:36] <Fiebel> waarom zo laat kind
[13:22:39] <Fiebel> waarom zo laat
[13:22:42] <Fiebel> er is zoveel te doen
[13:22:42] <zovty> Ja weet niet
[13:22:50] <zovty> Was er al eerder uit maar toe nterug.
[13:22:50] <Fiebel> kun je toch ook allemaal niet weten
[13:22:55] <Fiebel> is toch ook lastig
[13:22:58] <Fiebel> hedde druks op?
[13:23:17] <zovty> Nee, helaas.
[13:23:21] <Fiebel> zonde
[13:23:22] <Fiebel> gemiste kans
[13:23:24] <Fiebel> gemiste kans
[13:23:30] <Fiebel> het was echt zo'n druksige oggend
[13:23:55] <zovty> Ja?
[13:23:59] <Fiebel> vond ik wel
[13:24:02] <Fiebel> ik dacht de hele oggend
[13:24:07] <Fiebel> prima oggend voor druks
[13:24:14] <Fiebel> maar ik ging maar koffie drinken bij mijn oudertjes
[13:24:26] <Fiebel> omdat pep ze brokken en ze balle daar waren bezorgd
[13:24:29] <zovty> Het een hoeft het ander niet uit te sluite....
[13:24:32] <Fiebel> nee is
[13:24:33] <Fiebel> is ook zo
[13:24:37] <Fiebel> is ook gewoon zo
[13:24:39] <Fiebel> maar toch
[13:24:43] <Fiebel> dat deed het in dat geval wel
[13:25:45] <zovty> Och jongens toch.
[13:25:49] <zovty> Slimpie is zo lekker.
[13:25:58] <Fiebel> slimpie
[13:25:59] <zovty> Net lekker een groot glas ijskoude slimpie op.
[13:26:01] <Fiebel> ...
[13:26:01] <zovty> Puur.
[13:26:14] <zovty> Ja.
[13:26:19] <zovty> Daar knapt een mens van op.
[13:26:25] <zovty> Dat is precies wat een mens nodig heeft.
[13:26:28] <Fiebel> goezo
[13:26:31] <zovty> Een klein beetje suiker voor een goed gevoel.
[13:26:31] <Fiebel> goed drinken
[13:26:36] <Fiebel> goooooed drinken
[13:27:42] <zovty> Ga je nog iets leuks doen vadnaa??g
[13:27:58] <Fiebel> ik hoop het niet hoor
[13:28:00] <Fiebel> ik hoop het niet
[13:28:06] <Fiebel> al ga ik wel chili maken
[13:28:10] <Fiebel> en daar 4 hapjes van nemen
[13:28:15] <Fiebel> dat is denk ik wel leuk
[13:28:16] <zovty> Och kind wat heerlijk.
[13:28:18] <zovty> Wat heerlijk.
[13:28:22] <Fiebel> ja
[13:28:25] <zovty> Lekker boven de stompende potten.
[13:28:29] <Fiebel> maar daarvoor moet ik eigenlijk nog naar beneden
[13:28:30] <zovty> stomende.
[13:28:32] <zovty> o
[13:28:35] <Fiebel> leuke lezzer bar
[13:28:39] <Fiebel> de stompende potten
[13:28:47] <zovty> Hm.
[13:28:50] <zovty> Lijkt me niet zo.
[13:28:53] <zovty> Ga jij maar.
[13:28:57] <Fiebel> wil ik niet
[13:29:01] <Fiebel> wil ik echt niet
[13:32:17] <zovty> Hoeft toch ook niet popje.
[13:32:22] <zovty> Blijf toch lekker weg daan.
[13:32:23] <Fiebel> och
[13:32:26] <Fiebel> pak van mijn hart
[13:32:29] <Fiebel> pak van mn kleine hartje
[13:32:30] <zovty> Ammal die potten die lopen te stompen.
[13:32:31] <Fiebel> zeg ik eerlijk
[13:32:34] <zovty> Dat is toch niks voor jou.
[13:32:35] <Fiebel> BEMBEMBEMBEM
[13:32:36] <Fiebel> nee
[13:32:38] <Fiebel> is ook
[13:32:39] <Fiebel> is ook zo
[13:32:42] <Fiebel> is ook gewoon zo
[13:32:43] <zovty> Jij bent toch meer van de tedere, zachte vrouwelijke potten.
[13:32:47] <Fiebel> ja
[13:32:51] <Fiebel> die mij zo teder aaien
[13:32:54] <Fiebel> met hun borsten
[13:32:56] <Fiebel> en hun vulvas
[13:33:00] <zovty> Lekker aaien.
[13:33:28] <zovty> Godverdomme wat een goeikoop bureau.
[13:33:29] <Pandora> !8 mondspoeling voor zovty?
[13:33:31] <digibot> Pandora: One would be wise to think so.
[13:33:36] <zovty> Als je er al naar kijkt springt de fineer er al af.
[13:33:38] <Fiebel> nou moe
[13:33:43] <Fiebel> jij heb het toch zelf gekocht
[13:33:47] <Fiebel> eigen schuld hoor
[13:33:48] <zovty> Ja is ook.
[13:33:50] <zovty> Nou nee.
[13:33:50] <Fiebel> denk ik dan persoonlijk
[13:34:00] <zovty> Stond bij daar het duurzaam was.
[13:34:14] <zovty> En verf die niet tegen een liefdevolle blik kan lijkt me niet duurzaam.
[13:34:19] <Fiebel> zou ik ook zeggen
[13:34:22] <Fiebel> als ik er vanaf moest
[13:34:23] <zovty> Ja.
[13:34:30] <zovty> Ja, nee, ja.
[13:34:40] <zovty> Maar als jij dus gaat liegen bij verkoop dan is het dus jouw schuld.
[13:34:46] <Fiebel> welnee
[13:34:48] <zovty> Want dan doe je aan oplichting, zeg maar.
[13:34:49] <Fiebel> onderzoeksplicht
[13:34:50] <zovty> Zo heet dat.
[13:35:00] <zovty> Ik ben geen verfexpert he mevrouwtje.
[13:35:08] <Fiebel> nee ja ik ook niet
[13:35:10] <zovty> U bent hier de meubelexpert.
[13:35:15] <Fiebel> ik ben gewoon een dozenschuiver he
[13:35:19] <Fiebel> mensne maken een bureau
[13:35:20] <zovty> :|
[13:35:24] <Fiebel> mensen willen een bureau
[13:35:26] <zovty> Kleren maken de man.
[13:35:28] <Fiebel> en ik breng dat samen
[13:35:38] <zovty> Als je haar maar goed zit.
[13:35:39] <Fiebel> ik draag een skinnyjeans
[13:35:44] <zovty> Ik draag een boxer.
[13:35:45] <Fiebel> mijn kontje komt er formidabel in uit
[13:35:50] <Fiebel> en ik heb ook mooie swiephaartjes
[13:35:53] <Fiebel> die zitten ook wel goed
[13:35:54] <zovty> Toemaar.
[13:35:57] <Fiebel> hebben wel eens beter gezeten
[13:36:00] <zovty> Lekker zwiepen.
[13:36:00] <Fiebel> zeg ik ook eerlijk
[13:36:13] <Fiebel> maar GODBETERT het heb ook stukken slechter gezeten
[13:36:19] <zovty> Ja toch
[13:36:27] <Fiebel> zeker
[13:36:27] <Fiebel> zker
[13:39:42] <zovty> cker
[13:41:17] <Fiebel> :|
[13:43:00] <zovty> :|
[13:45:19] <zovty> Inflammatory is toch ontsteking/
[13:45:31] <Fiebel> jawel
[13:45:32] <Fiebel> dat wel
[13:45:47] <zovty> En een ontsteking is toch je lichaam dat een infectie aanvalt?
[13:45:58] <Fiebel> nee
[13:46:02] <Fiebel> dat denk ik niet
[13:46:07] <Fiebel> zit je te googlen wat je heb?
[13:46:14] <zovty> Nee.
[13:46:20] <Fiebel> goed zo
[13:46:22] <zovty> Maar stel nou dat dat zo is wat ik zeg.
[13:46:34] * Fiebel stelt
[13:46:38] <zovty> Waarom zou je dan preventief dingen willen eten die ontstekingsremmend zijn?
[13:46:53] <Fiebel> omdat ik denk dat je het verkeerd stelt
[13:46:54] *** Quits: wirky (werken@ip503c7f23.speed.planet.nl) (Exit)
[13:46:57] <zovty> Ja.
[13:46:59] <Fiebel> maar dat zijn maar mijn gedachten hoor
[13:47:00] <zovty> Ja, dat denk jij wel.
[13:47:06] <zovty> Omdat jij niet uit de doos kan denken.
[13:47:11] <Fiebel> is ook
[13:47:14] <Fiebel> is ook zo
[13:47:18] <Fiebel> is ook gewoon zo
[14:09:13] <Spacecowboy> sup
[14:09:38] <Spacecowboy> [13:46:38]  <zovty>	Waarom zou je dan preventief dingen willen eten die ontstekingsremmend zijn?
[14:09:45] <Spacecowboy> omdat je lichaam soms denkt dat er infecties zijn
[14:09:48] <Spacecowboy> als ze er niet zijn
[14:09:52] <Spacecowboy> bijvoorbeeld
[14:18:05] *** Quits: Andros (Andros@248.151-244-81.adsl-dyn.isp.belgacom.be) (Ping timeout: 66 seconds)
[14:18:09] *** Joins: Stuiterbal (Stuit@2001:980:5281:1:24e2:86f7:33ac:b99)
[14:27:29] <Fiebel> oooooooooooooooch
[14:27:33] <Fiebel> daar begint het geplas weer hoor
[14:27:35] <Fiebel> verskrikkelijk
[14:46:01] *** Joins: CoolGuy (Sentinel@541D7070.cm-5-6b.dynamic.ziggo.nl)
[15:15:23] <zovty> Heb je niet peronluk plasthee gedronken ipv poepthee?
[15:16:08] <Fiebel> nee
[15:16:12] <Fiebel> ik snap er ook niks van
[15:16:16] <zovty> Dan weet ik het ook niet.
[15:16:18] <Fiebel> MAAR!!!!!!!!!!!!!!!!!!!!!!!!!!!!!!!!!!!!!!!!!!!!!!!!!!!!!!!!!!!!!!!!!!!!!!!!!!!!!!!!!!!
[15:16:25] <Fiebel> ik heb een lekker potje chili op het vuur *O*
[15:16:26] <Fiebel> och jonges
[15:16:28] <Fiebel> ruik zo lekker he
[15:16:30] <zovty> Och kind wat heerlijk.
[15:16:31] <Fiebel> met al die kruidjes
[15:16:34] <Fiebel> ochochoch
[15:16:37] <Fiebel> nu even pruttelen
[15:16:37] <zovty> Lekker met gerookte paprika zeker?
[15:16:41] <Fiebel> och j heerlijk
[15:16:44] <Fiebel> dat maakt het wel hoor
[15:16:45] *** Joins: Fem_LittleLady (Mibbit@a82-161-112-138.adsl.xs4all.nl)
[15:16:47] <Fiebel> as je dat er in gooit
[15:16:48] <zovty> Ik kan dat niet vinden.
[15:16:48] <Fiebel> BOEM!
[15:16:49] <Fiebel> chili
[15:17:03] <zovty> En ik heb geen gas om zelf even m'n paprika te roken.
[15:17:14] <Fiebel> ja dan heb het allemaal niet zo veel zin om chili te maken
[15:17:18] <Fiebel> AH oudedijk hebbet
[15:17:23] <zovty> I no rijt
[15:17:24] <Fiebel> dat is een xl
[15:17:25] <Fem_LittleLady> Vanavond lekker patatjes
[15:17:33] <zovty> Het is friet hoor.
[15:17:36] <Fiebel> dus misschien heb je wel ergens een xl zitten
[15:17:37] <Fiebel> ha fem
[15:17:39] <Fiebel> lekker hoor
[15:17:41] <Fiebel> had ik mar jou
[15:17:43] <Fiebel> had ik ook zin in friet
[15:17:44] <Fiebel> :9
[15:18:00] <Fem_LittleLady> Met tzatiki
[15:18:07] <Fem_LittleLady> dat is zooooo lekker
[15:18:36] <Fem_LittleLady> Maar jij ging toch chili eten?
[15:18:40] <Fiebel> nu moet ik wel chili eten ja
[15:18:45] <Fiebel> omdat ik alleen maa daar zin in heb
[15:19:21] <Fem_LittleLady> Heb de hondjes al gewassen
[15:19:59] <Fem_LittleLady> De hele hal stinkt nu naar natte hond
[15:21:00] <Fiebel> hihihihihihihih
[15:21:03] <Fiebel> ik ging even in mijn chili roeren
[15:21:12] <Fiebel> en ik liet mijn megavijverglas op tafel staan
[15:21:17] <Fiebel> nu zit er op tafel een klein poesje
[15:21:22] <Fiebel> wat heus niks heb gedaan wat niet mag
[15:21:30] <Fiebel> maar wat gewoon per toeval een nat poezekinnetje heb
[15:24:06] <Fem_LittleLady> zo fijn he een dagje geen make up
[15:24:26] <Fiebel> oooooooooooh
[15:24:27] <Fiebel> ik heb ook geen
[15:24:31] <Fiebel> laat cripje het maar niet horen
[15:24:34] <Fiebel> die flipt als een malle
[15:25:06] <Fem_LittleLady> Ik vind het gewoon wel eens fijn, kan ik af en toe even lekker in mijn ogen wrijven
[15:28:37] <Fiebel> ochjonges
[15:28:42] <Fiebel> die geuren die geuren die geuren
[15:28:49] <Fiebel> als ik het niet zelf op mocht eten zou ik jaloers op mezelf zijn
[15:36:46] <Fiebel> och
[15:36:48] <Fiebel> het smaakt ook heerlijk
[15:36:52] <Fiebel> godverdomme
[15:36:53] <Pandora> !8 mondspoeling voor Fiebel?
[15:36:54] <digibot> Pandora: The outlook is poor.
[15:36:55] <Fiebel> wat smaakt het heerlijk
[15:38:48] <Fem_LittleLady> Nou beter
[15:39:21] <Fem_LittleLady> Pfff zal zo nog even snel het matras van mijn dochter naar beneden slepen
[15:39:32] <Fiebel> och
[15:39:36] <Fiebel> wat maak je je toch druk
[15:39:44] <Fiebel> met ammaal van die dingen die je ook gewoon prima niet kan doen
[15:39:46] <Fem_LittleLady> Nee moet gewoon aan de kant
[15:39:49] <Fiebel> zo hou je jezelf wel bezig
[15:39:54] <Fiebel> zooooo hou je jezelf wel bezig
[15:39:59] <Fem_LittleLady> Jazekers
[15:40:09] <Fem_LittleLady> maar heb alle wasjes al schoon
[15:40:29] <Fem_LittleLady> Kan hem ook naar de zolder slepen
[15:40:33] <Fem_LittleLady> Hmmm
[15:40:45] <Fem_LittleLady> Naar zolder is misschien beter
[15:47:04] <Fiebel> ja joh
[15:47:07] <Fiebel> lekker naar zolder
[15:56:45] <Fiebel> och heerlijk
[15:56:51] <Fiebel> wanne lekkere kom comfortfood
[16:03:09] <Fem_LittleLady> Hahaha
[16:03:14] <Fem_LittleLady> zo matras is op zolder
[16:08:20] <Fem_LittleLady> https://scontent.xx.fbcdn.net/hphotos-xlp1/v/t1.0-9/12932885_549968225189800_3132601532848542462_n.jpg?oh=778cc5b5c06490001e5464ae90afb5ca&oe=57BEC9E9
[16:08:30] <Fem_LittleLady> Ohhh wat was ze gelukkig met haar sopje
[16:29:19] <rawplayer> och jonges
[16:29:21] <rawplayer> hallo
[16:29:22] <rawplayer> ik ben er
[16:29:23] <Pandora> gezellig, rawplayer is er!
[16:29:27] <rawplayer> ik heb gerookte zalm :9
[16:29:30] <rawplayer> en een lekkere shake :9
[16:29:31] <Fiebel> oooooooooooooooooooooooooooooooooooooooooooooooooooooooooooooooooooooooooooooooooooooooooooooooooh
[16:29:36] <Fiebel> ik zat op je terugkomst te wachten
[16:29:38] <rawplayer> O+
[16:29:38] <Fiebel> smachtend
[16:29:39] <Fiebel> wachtend
[16:29:39] <rawplayer> O+
[16:29:42] <rawplayer> O+
[16:29:43] <Fiebel> vanaf het moment dat je wegging
[16:29:44] <rawplayer> :9
[16:29:47] <rawplayer> ooo wat lief
[16:29:48] <Fiebel> ik heb wel ven boodschapjes gehaald he
[16:29:50] <rawplayer> als een echte lover
[16:29:51] <Fiebel> en chili gmaakt
[16:29:53] <rawplayer> heel goed
[16:29:53] <Fiebel> en gegeten
[16:29:54] <Fiebel> in de tussentijd
[16:29:54] <rawplayer> heel goed
[16:30:00] <Fiebel> maar dat was gewoon multitasken he
[16:30:01] <rawplayer> ik ga guacamole maken
[16:30:02] <rawplayer> O+
[16:30:02] <Fiebel> gihgighihgihighigihghigihghggighhighighig
[16:30:09] <Fiebel> ooooooooooooooh samen zouden we de perfecte maaltijd hebben
[16:30:10] <Fiebel> gihgigihghighigihg
[16:30:17] <rawplayer> ja!
[16:30:21] <rawplayer> en ik doe er een pepertje in
[16:30:24] <rawplayer> ik ben zo'n rebels joch
[16:30:27] <Fiebel> pas je op
[16:30:27] <Fiebel> gighihghghighi
[16:30:51] <zovty> Eh.
[16:30:59] <zovty> Dat hoort toch?
[16:31:23] <Fiebel> maar ons rawplayer is een gevoelige jongen
[16:31:27] * rawplayer knikt
[16:31:28] <Fiebel> hij is zo gevoelig
[16:31:30] <Fiebel> een echt mensemens
[16:31:31] * rawplayer knikt
[16:31:40] <rawplayer> ik heb lekker gesport
[16:31:41] <rawplayer> met papa
[16:31:41] <rawplayer> O+
[16:31:47] <Fiebel> goed zo kind
[16:31:51] <Fiebel> heb je hem alle hoeken laten zien?
[16:31:58] <rawplayer> ja nee
[16:32:03] <rawplayer> ik laat hem in de waan dat het andersom is he
[16:32:07] <rawplayer> mgighgihgigghi
[16:32:08] <Fiebel> goed zo
[16:32:08] <Fiebel> gihghiggihgih
[16:32:11] <Fiebel> je bent een goede zoon
[16:32:17] <Fiebel> zo de helft va het gewicht van normaal
[16:32:18] <Fiebel> en dan hijgen he
[16:32:20] <Fiebel> puffen
[16:32:21] <Fiebel> steunen
[16:32:25] <Fiebel> en dat hij dan net eentje meer doet
[16:32:27] <rawplayer> ja
[16:32:28] <rawplayer> ja
[16:32:29] <rawplayer> ja
[16:32:32] <rawplayer> wat ken je mij ook goed
[16:32:33] <Fiebel> terwijl hij boven zn enkels afbreekt
[16:32:34] <Fiebel> gihghiighigihgh
[16:32:37] <rawplayer> mggihgighgihghi
[16:33:52] <rawplayer> zo
[16:33:53] <Fiebel> k heb echt veel grdronken joh
[16:33:55] <rawplayer> 100 gram zalm naar binnen gewerkt
[16:33:55] <Fiebel> misschien wel te veel
[16:33:58] <rawplayer> nu een avocado
[16:33:59] <rawplayer> O+
[16:34:00] <Fiebel> al zit ik nog niet op 17 liter
[16:36:31] <SCHAPiE> kheb weer op traditionele wijze ontbeten met 4 haringen @ albert cuyp markt
[16:36:36] <SCHAPiE> met uitjes en zuur
[16:36:48] <SCHAPiE> echt lekkâh
[16:37:02] <SCHAPiE> nu joint bouwen
[16:38:21] <Fiebel> ochochoch
[16:38:25] <Fiebel> at zorg je toch goed voor jezelf
[16:38:31] <Fiebel> wat zorg e toch goed voor jezelf
[16:39:23] <rawplayer> nom
[16:39:26] <rawplayer> lekker hoor
[16:39:27] <rawplayer> dikke joint
[16:39:30] <rawplayer> vanavond ook
[16:39:32] <rawplayer> amnezia:9
[16:39:43] <Fiebel> ik ben vergeten wat daat ook weer is
[16:39:50] <rawplayer> ~ ik vind je lekkâh, je bent een lekkâh ding
[16:39:51] <rawplayer> :9
[16:40:03] <rawplayer> Fiebel: och meid
[16:40:06] <rawplayer> ik kom er aan
[16:40:08] <rawplayer> gaak je verwennen
[16:40:11] <rawplayer> van top tot teen
[16:40:16] <Fem_LittleLady> Zo weer ingesmeerd
[16:40:17] <Fiebel> gihghighiihghigihg
[16:40:17] <rawplayer> mgighgihgihgighgihgihg
[16:40:20] <Fiebel> orcsenmassage
[16:40:22] <rawplayer> och daar is femmie
[16:40:22] <Fiebel> gihghigighgihighhighigghi
[16:40:25] <Fiebel> lekker eeltraspen
[16:40:28] <Fiebel> hallo femmie
[16:40:28] <rawplayer> die zouk ook weleens willen verwennen
[16:40:31] <rawplayer> van top tot teen
[16:41:04] <Fem_LittleLady> :D
[16:41:04] <Fiebel> ik moet zo plassen
[16:41:06] <Fiebel> heel veel plassen
[16:41:08] <Fiebel> en als ik dat heb gedaan
[16:41:10] <Fiebel> ga ik even rusten
[16:41:14] <Fiebel> eeeventjes rusten
[16:41:19] <Fiebel> er zijn 8 nieuwe balletjes in huis
[16:41:23] <Fiebel> en pep weet van niks
[16:41:32] <Fiebel> die is nog compleet oblivious over deze balletjes
[16:41:36] <Fiebel> als ze het zou weten...
[16:41:40] <Fiebel> dan hadden we de poppen aan het dansen
[16:42:02] <rawplayer> ja
[16:42:07] <rawplayer> ik ga zo kakken
[16:42:08] <rawplayer> ronde 2
[16:42:10] <rawplayer> ik voel het
[16:42:23] <rawplayer> in mijn endeldampje
[16:42:23] <Fiebel> och
[16:42:27] <Fiebel> wat heerlijk om jou te zijn
[16:42:28] <rawplayer> ja
[16:42:29] <rawplayer> ja
[16:42:31] <rawplayer> zo
[16:42:32] <rawplayer> avocado op
[16:42:32] <Fiebel> ik mag in mei pas weer denk ik
[16:42:35] <Fiebel> dan doe ik weer 8 ons
[16:42:37] <rawplayer> goed gegeten net
[16:42:37] <Fiebel> ihgigihhighigihghigighgighi
[16:42:39] <rawplayer> zalm en avocado
[16:42:42] <rawplayer> en een shakje
[16:42:44] <Fiebel> goed eten is belangrijk
[16:42:45] <rawplayer> lekker shakje
[16:42:46] <rawplayer> ja
[16:42:46] <Fiebel> is belangrijk!
[16:42:48] <rawplayer> ja
[16:42:50] <rawplayer> geen suiker he
[16:42:52] <rawplayer> ohhh nee
[16:42:54] <Fiebel> geeeeeeeeeeen suiker!
[16:42:55] <rawplayer> geen suiker
[16:42:59] <Fiebel> suiker is een sluipmoordenaar!
[16:43:03] <Fiebel> een instrument vn de duivel!!
[16:43:10] <rawplayer> !
[16:43:15] <Fem_LittleLady> hmmm zal nog even suiker halen
[16:43:19] <rawplayer> NEE
[16:43:21] <Fiebel> en corporate america gebruikt het om je aan hun wil te onderweren
[16:43:24] <Fiebel> werpen
[16:43:44] <Fem_LittleLady> Juist wel, dat werkt als een tierelier
[16:44:06] <Fiebel> oeh
[16:44:15] <Fiebel> ik liet een scheet waar de honden geen brood van lusten
[16:44:18] <Fiebel> die zag ik niet aankomen
[16:44:19] <Fiebel> gigihgiihgggighhgiigh
[16:44:25] <Fiebel> ik dacht dit wordt een bescheiden piepertje
[16:44:27] <Fiebel> maar NEE!!!
[16:44:28] <Boots> Het is aan jou of je je over laat nemen door dat instrument.
[16:44:31] <Fiebel> het bombardement was er niks bij!
[16:44:34] <Fiebel> ha boots!
[16:44:35] <Fem_LittleLady> suikerhars is geweldig
[16:44:37] <Fiebel> drink je goed vandaag?
[16:44:46] <Boots> Waterrr
[16:45:02] <Boots> Suikerhars? Wadda?
[16:45:27] <Fem_LittleLady> dat is geweldig krijg je een zacht huidje van
[16:45:36] <Boots> Ohhhh
[16:45:38] <Boots> Oja dat
[16:45:48] <Boots> Wordt gebruikt om te harsen
[16:45:55] <Fem_LittleLady> ja
[16:45:56] <Boots> De naam zegt t 
[16:46:01] <Boots> Eens geprobeerd
[16:46:06] <Boots> Gemaakt en geprobeerd
[16:46:11] <Boots> En gekocht en geprobeerd
[16:46:16] <Boots> Geknoei en ik had geen zin meer
[16:46:44] <Fem_LittleLady> oh vind het wel goed spul
[16:47:09] <Boots> Ja het is vast goed te doen als je eenmaal weet hoe
[16:47:38] <Fem_LittleLady> ja
[16:48:09] <Boots> Lukte mij alleen niet bij 2x proberen en toen had ik dus geen zin meer :d
[16:48:22] <Fem_LittleLady> kreeg laatst mooi compliment dat ik zo zacht aanvoel
[16:49:47] <Boots> Van wie
[16:49:56] *** Quits: Fiebel (PrincessCo@d77048.upc-d.chello.nl) (Ping timeout: 60 seconds)
[16:50:18] <Fem_LittleLady> van een kennis van mij
[16:50:59] *** Joins: Fokker_3818 (Mibbit@541ACF13.cm-5-3d.dynamic.ziggo.nl)
[16:51:29] *** Quits: Fokker_3818 (Mibbit@541ACF13.cm-5-3d.dynamic.ziggo.nl) (Exit)
[16:51:56] <Fem_LittleLady> Moet ook wel toegeven heb bijna aandelen in cremes
[16:51:59] *** Joins: marijke (Mibbit@541ACF13.cm-5-3d.dynamic.ziggo.nl)
[16:52:24] <marijke> hey
[16:52:30] *** boekee_away is now known as boekee
[16:52:38] *** Joins: Fiebel (PrincessCo@d77048.upc-d.chello.nl)
[16:53:01] <Fem_LittleLady> hoi
[16:53:19] <marijke> hoe is het ?
[16:53:29] <Fem_LittleLady> goed en daar dan
[16:53:38] <marijke> ja ook hoor
[16:53:56] <Fem_LittleLady> ook genoten van de zon?
[16:54:18] <marijke> nee lekker ik het donker op mijn kamer :)
[16:54:56] <Fem_LittleLady> Okee, kan ook
[16:55:18] <Fem_LittleLady> Zal even snel naar de winkel rijden, even patatjes halen en van die sate kroketjes hmmmm
[16:56:50] *** Quits: marijke (Mibbit@541ACF13.cm-5-3d.dynamic.ziggo.nl) (Exit)
[16:57:58] *** Joins: wirky (werken@ip503c7f23.speed.planet.nl)
[16:59:00] <Fiebel> kbener
[16:59:08] <Fiebel> wirky is er ook
[16:59:10] <Fiebel> gezellig
[17:00:22] <wirky> gezellig hoor zo tesaam
[17:00:35] <Fiebel> och heerlijk
[17:00:37] <Fiebel> dat is toch heerljk
[17:00:40] <Fiebel> dat is toch gewoon heerlijk
[17:01:01] <wirky> is ook
[17:01:04] <wirky> is ook zo
[17:01:52] <Fiebel> http://forum.fok.nl/topic/2295162
[17:01:53] <Fiebel> gihghighihghgihgh
[17:01:54] <digibot> Title: R / R / snel/veel ambetant op mijn vriendin voor niets - forum.fok.nl (at forum.fok.nl)
[17:01:56] <Fiebel> ampetant
[17:01:57] <Fiebel> gihgihghig
[17:04:42] <wirky> trollol dries
[17:05:17] *** Joins: cat91 (Mibbit@d54C31F84.access.telenet.be)
[17:05:39] <cat91> hallo :)
[17:18:41] *** boekee is now known as boekee_away
[17:27:13] <Boots> http://i.imgur.com/4HhNPuah.gif
[17:34:11] <Boots> http://i.imgur.com/NsArjke.gif Instantsnor
[17:40:12] <Fiebel> och heerlijk
[17:40:16] <Fiebel> nog een potje chili
[17:40:18] <Fiebel> ooooooooooooooooch herlijk
[17:40:36] <Fiebel> gigihgighhig boots
[17:42:19] <Boots> http://i.imgur.com/Y3CDApD.gifv
[17:42:21] <digibot> Title: Imgur (at i.imgur.com)
[17:44:46] <Redhead> hola
[17:46:16] *** Quits: Stuiterbal (Stuit@2001:980:5281:1:24e2:86f7:33ac:b99) (Exit)
[17:53:03] <zovty> Och jongens wat heerlijk.
[17:53:12] <zovty> Wat is het toch geweldig allemaal.
[17:54:23] <Boots> halo
[17:54:47] <Redhead> allemaal
[17:55:55] <Fem_LittleLady> hmmm patatjes
[17:59:21] <Fiebel> ik ga dood
[18:00:41] <Redhead> ooit
[18:01:03] <Fiebel> heerlak
[18:01:15] * Redhead mept fiebsel
[18:01:23] <Fiebel> gihihihi
[18:01:46] <Redhead> goed zo
[18:01:49] <Redhead> :)
[18:02:16] <Fiebel> ik krijg zo scheurbuik
[18:03:17] <Fem_LittleLady> das niet best
[18:03:33] <Boots> Ik hoop dat ik geen scheurbuik krijg
[18:03:34] <Boots> hihihi
[18:06:54] *** boekee_away is now known as boekee
[18:12:28] <Redhead> ;p
[18:18:30] <Fem_LittleLady> Das niet best als je dat hebt
[18:23:55] <Jeroen> Boots de piraat
[18:37:52] <Fem_LittleLady> :D
[18:37:54] *** Quits: CoolGuy (Sentinel@541D7070.cm-5-6b.dynamic.ziggo.nl) (Exit)
[18:48:07] *** Quits: SCHAPiE (dorian@dhcp-077-249-247-124.chello.nl) (Ping timeout: 61 seconds)
[18:48:13] <Boots> Yohoho
[18:48:16] <Boots> En geen fles met run
[18:48:17] <Boots> rum
[18:50:07] <Jeroen> maar jij mag geen kaap'ren varen
[18:50:09] <Jeroen> hoop ik voor je :+
[18:50:15] <Jeroen> ik ook niet trouwens
[18:52:38] <Fiebel> why is the rum always gone?
[18:52:50] <zovty> Is gewoon lekker.
[18:52:55] <Fiebel> is ook
[18:52:56] <Fiebel> is ook zo
[18:52:58] <Fiebel> is ook gewoon zo
[18:53:09] <Fiebel> ochjonges
[18:53:11] <Fiebel> ik ga harstikke dood
[18:53:19] <zovty> Eindeiljk.
[18:53:21] <zovty> Vaarwel.
[18:53:24] <zovty> Het was een mooie tijd.
[18:53:27] <Fiebel> valt wel mee
[18:53:33] <zovty> O nou.
[18:53:35] <Fiebel> het was en hoop gedoe
[18:53:36] <zovty> Houdoe dan.
[18:53:38] <Fiebel> en soms was het wel aardig
[18:53:41] <Fiebel> houdoei
[18:55:50] <Fiebel> och jonges
[18:55:55] <Fiebel> wel een fijn galgemaal
[18:56:01] <Fiebel> dat had niet beter gekund
[18:56:08] <Fiebel> ja met een beetje avocadoprut...
[18:56:15] <Fiebel> en zeker met een paar handen gerapste kaas
[18:56:23] <Fiebel> en een like creme fraiche
[18:56:28] <Fiebel> maar meer ontrbrak er niet aan hoor
[18:56:29] <Fiebel> echt niet
[18:59:16] <Boots> Ik ben geen Jan, Piet, Joris noch Korneel nee.
[18:59:38] <Jeroen> toch niet
[18:59:44] <Jeroen> ik zit nu wel allemaal pirate shanties te luisteren
[19:00:56] <Jeroen> https://youtu.be/fNaQS3vDQc4?t=31
[19:00:58] <digibot> Title: Think Like A Pirate - From Down Periscope - YouTube (at youtu.be)
[19:01:09] <Jeroen> nog steeds de beste onderzeebootfilm aller tijden
[19:03:48] *** Joins: SCHAPiE (dorian@dhcp-077-249-247-124.chello.nl)
[19:06:41] <Boots> http://youtu.be/i8ju_10NkGY
[19:06:42] <digibot> Title: You Are A Pirate Music Video | LazyTown - YouTube (at youtu.be)
[19:07:14] <Jeroen> beter in het duits
[19:07:32] <Jeroen> https://www.youtube.com/watch?v=wNtSYfXOjls
[19:07:34] <digibot> Title: Lazytown pirate song in german - YouTube (at www.youtube.com)
[19:07:34] <Jeroen> IHR SEID PIRATEN
[19:08:36] <Boots> hfhdhdjsjd dhshfhdjs fhsksjdisj jalals IHR SEID PIRATEN
[19:08:44] <Boots> jfkhjgugkskhgog gjgihjg IHR SEID PIRATEN
[19:08:44] <Jeroen> https://www.youtube.com/watch?v=C1_NpLKnWLU
[19:08:45] <digibot> Title: South Park , Somalian Pirates We (With Lyrics FULL) HD - YouTube (at www.youtube.com)
[19:08:57] <Jeroen> somalian pirates we!
[19:09:31] <Boots> https://youtu.be/FbYtASAakAI
[19:09:32] <digibot> Title: Kenya: Where Can You See Lions? : animated music video : MrWeebl - YouTube (at youtu.be)
[19:10:01] <Boots> Of was dat wel Somalia
[19:10:27] <Boots> https://youtu.be/NSBoO4GzHaI
[19:10:28] <Boots> Ja
[19:10:29] <Boots> Oeos
[19:10:31] <Boots> Oeps*
[19:11:12] <Jeroen> shut up woman get on my horse
[19:15:17] <Boots> MAH HORSE
[19:15:19] *** boekee is now known as boekee_away
[19:15:23] <Boots> MAH HORSE IS AMEEZING
[19:15:27] <Boots> Give it a lick
[19:15:35] <Boots> mmm it tastes just like raisins
[19:15:51] <Jeroen> i'll take you round the univeeeeerse
[19:16:01] <Jeroen> and all the other places too
[19:16:22] <Boots> Nee je mist een stuk
[19:16:38] <Boots> Stroke on its mane it turns into a plane
[19:16:51] <Boots> and then it turns back again when you tug on his winky
[19:16:56] <Boots> OOOHH THAT'S DIRTY
[19:17:16] <Boots> Do you think so?
[19:17:28] <Boots> Well I'd better not show you where the lemonade is made
[19:17:37] <Boots> Sweet lemonade
[19:17:40] <Boots> MMMM SWEET LEMONADE
[19:17:53] <Jeroen> ik sloeg gewoon een stuk over
[19:17:58] <Jeroen> artistieke vrijheid!
[19:18:00] <Boots> Ja dat zei ik
[19:18:00] <Boots> o
[19:18:32] <Boots> I think that you'll find that the universe pretty much cpvers everything
[19:18:46] <Boots> Doe ik met je mee
[19:19:17] <Jeroen> :p
[19:19:33] <Jeroen> badger badger badger
[19:19:36] <Jeroen> mushroom mushroooom
[19:19:52] <Boots> Nu heb je de epische keyboardsolo wel gemist
[19:20:18] <Boots> Maar ik moest je paard op?
[19:20:31] <Boots> HOKAI, SO..
[19:20:44] <Jeroen> :p
[19:21:00] <Jeroen> ik ben natuurlijk ook een prins op een wit paard
[19:21:28] <Boots> Dacht een witte prins op een knap paard
[19:22:01] <Jeroen> wano
[19:22:02] <Jeroen> u
[19:22:10] <Fem_LittleLady> :D
[19:23:50] <Jeroen> https://www.youtube.com/watch?v=9WbCfHutDSE&nohtml5=False
[19:23:51] <digibot> Title: Ariana Grande - Dangerous Woman (Visual 1) - YouTube (at www.youtube.com)
[19:23:56] <Jeroen> DANGERS WOOMAAAAAAAN
[19:23:56] <Jeroen> ariana
[19:23:57] <Jeroen> <
[19:23:58] <Jeroen> 3
[19:28:25] *** boekee_away is now known as boekee
[19:30:04] <Boots> http://speld.nl/2016/04/09/spelers-cambuur-gaan-encrypted-passes-verzenden/
[19:30:05] <digibot> Title: Spelers Cambuur gaan encrypted passes verzenden - De Speld (at speld.nl)
[19:36:57] *** Joins: mijk (mijk@218-245-144-85.ftth.glasoperator.nl)
[19:37:39] <Fem_LittleLady> gaap
[19:39:28] <Fem_LittleLady> Voel me net een duf konijn
[19:40:01] <Boots> Geen dwaze olifant?
[19:41:21] *** Quits: Fiebel (PrincessCo@d77048.upc-d.chello.nl) (Ping timeout: 67 seconds)
[19:45:06] *** Quits: mijk (mijk@218-245-144-85.ftth.glasoperator.nl) (Ping timeout: 66 seconds)
[19:50:12] *** Joins: Fiebel (PrincessCo@d77048.upc-d.chello.nl)
[19:50:16] <Fiebel> kbener
[19:50:33] <Boots> gzlg fiebel isr
[19:50:40] <Fiebel> O+
[19:54:21] <zovty> Mensenkinderen toch.
[19:54:40] <Fiebel> ja
[19:55:27] <zovty> https://www.youtube.com/watch?v=lSx4DGBstYA
[19:55:28] <digibot> Title: SpaceX CRS-8 Landing - "Im On A Boat" - YouTube (at www.youtube.com)
[19:55:52] <zovty> Tihihiihhi.
[19:55:59] <zovty> Gek genoeg zo geestig.
[19:56:06] <Punnik> https://www.youtube.com/watch?v=F36w4G7hJ_E
[19:56:08] <digibot> Title: Mensenkinderen - Het Zwarte Water (remix door Kettel) - YouTube (at www.youtube.com)
[19:56:54] *** Joins: chasingrainbows (Mibbit@541F9A6E.cm-5-8c.dynamic.ziggo.nl)
[19:56:58] <zovty> Rainbows.
[19:57:04] <Fiebel> och rainbowtje
[19:57:05] <zovty> Wat mot je?
[19:57:05] <Fiebel> wat doe je hier
[19:57:09] <Fiebel> je bent in de bloei van je leve
[19:57:10] <Fiebel> ga hoeren
[19:57:12] <chasingrainbows> oh hartelijk welkom
[19:57:12] <Fiebel> ga snoeren
[19:57:17] <Fiebel> beentjes scheren
[19:57:17] <chasingrainbows> ik heb goed nieuws
[19:57:19] <Fiebel> merkin in model
[19:57:21] <Fiebel> en dansen
[19:57:24] <Fiebel> en sjansen
[19:57:29] <chasingrainbows> JAJA wacht nou
[19:57:31] <chasingrainbows> ik ga vnv uit
[19:57:34] <chasingrainbows> is dat goed genoeg voor jullie?
[19:57:34] <Fiebel> goed zo kind
[19:57:35] <Fiebel> goed zo
[19:57:36] <Fiebel> ja
[19:57:38] <Fiebel> goed z
[19:57:39] <Fiebel> o
[19:57:56] <chasingrainbows> Ja en nu  ben ik aan de wijn
[19:58:00] <chasingrainbows> in mn eentje
[19:58:02] <chasingrainbows> MAAR
[19:58:06] <Fiebel> goed zo kind
[19:58:13] <Fiebel> das allemaal veel te duur in de club
[19:58:21] <zovty> Wat is het goede nieuws kind?
[19:58:23] <Fiebel> je moet zo dronken binnenkomen dat je nog wel naar binnen mag
[19:58:25] <chasingrainbows> omg ja
[19:58:27] <chasingrainbows> laatst was ik ergens
[19:58:29] <chasingrainbows> dus ik flink tanken
[19:58:34] <chasingrainbows> was het schijnbaar 8 euro per drankje
[19:58:35] <chasingrainbows> ug
[19:58:39] <Fiebel> maar dat je met minimale moeite en kosten je buzz kunt behouden
[19:58:47] <chasingrainbows> i mean het was niet eens lekker ofzo
[19:58:54] <Boots> En je tankte van tevoren?
[19:58:58] <chasingrainbows> MAAR ik heb kaartjes voor burning man
[19:59:00] <Fiebel> gihgiihgghig peppi lag zo zoet te dromen
[19:59:00] <chasingrainbows> waaah
[19:59:02] <chasingrainbows> zo blij
[19:59:03] <Fiebel> NEEEEEEEEEEEEEEEEEEEEEEEEEEEEEEEEEEEEEEEEEEEEEEEEEE
[19:59:06] <Fiebel> gaaf!!!
[19:59:23] <Fiebel> o daar ben ik wel een beetje jaloers op :D
[19:59:43] <chasingrainbows> jaaa
[19:59:53] <chasingrainbows> ik heb like letterlijk mn bankaccount leeg gemaakt
[19:59:58] <zovty> Oh!
[19:59:59] <Fiebel> de echte burning man dan toch he?
[19:59:59] <zovty> Dat!
[20:00:02] <zovty> Is wel stoer.
[20:00:03] <chasingrainbows> de ekte 
[20:00:05] <Fiebel> niet dat er op de veluwe ook ineens iets dat zo heet?
[20:00:08] <Fiebel> *O*
[20:00:12] <zovty> Vet hoor.
[20:00:13] <chasingrainbows> lol nee dat zou wel goedkoper zijn tho
[20:00:17] <Fiebel> was je kwijt?
[20:00:34] <chasingrainbows> met vliegtickets en alles 2500 euri
[20:00:41] <chasingrainbows> en ik ga paar dagen eerder naar florida 
[20:00:42] <Fiebel> godskolere
[20:00:44] <chasingrainbows> om te kieken 
[20:00:46] <Fiebel> you kids these days
[20:01:04] <Boots> Burning man is toch vet ver weg?
[20:01:09] <chasingrainbows> Ja
[20:01:10] <Fiebel> ja vlieland
[20:01:13] <Boots> Ja
[20:01:13] <Boots> lol
[20:01:18] <chasingrainbows> veluwe hahaha
[20:01:21] <chasingrainbows> treinticket naar arnhem 
[20:01:23] <Fiebel> maar daar hebben ze iig geen vluchtelngen!!
[20:01:28] <Boots> Vliegen naar de Veluwe
[20:01:29] <chasingrainbows> (waar the fuck is veluwe??)
[20:01:30] <Fiebel> daar hebben zovty en ik wel voor gezord
[20:01:41] <Boots> In Nederland
[20:01:52] <chasingrainbows> Ja ik moest x wandeltocht doen daar
[20:02:00] <Fiebel> hihihi pep zo dromen dromen
[20:02:01] <Boots> Dropping?
[20:02:03] <Fiebel> ik zo filmenfilmen
[20:02:04] <chasingrainbows> maar ik lifte mee met een mest tractor lol
[20:02:05] <Fiebel> hhihihihih
[20:02:10] <chasingrainbows> Ja dat Boots het was echt verschrikkelijk
[20:02:34] <Boots> Ik organiseerde eens een dropping als tienermeisje
[20:02:38] <Boots> Of nog geen tiener denk
[20:02:53] <Boots> Had vriendinnetje mee achterin de bus die wist precies waar we waren
[20:02:53] <Boots> :(
[20:03:02] <Boots> Klinkt best obscuur zo
[20:03:06] <chasingrainbows> oh vind je dat echt leuk
[20:03:10] <Boots> Allemaal kinderen achterin de bestelbus
[20:03:14] <chasingrainbows> LOL
[20:03:16] <chasingrainbows> creepy man
[20:03:25] <chasingrainbows> boots je bent een vrouw toch
[20:03:30] <Boots> Ja
[20:03:34] <chasingrainbows> creepy vrouwke
[20:03:36] <Boots> Allemaal meisjes achterin
[20:03:46] <Boots> Nee dat was m'n pa dan de creepy man
[20:03:46] <chasingrainbows> lesbo org
[20:03:47] <Fiebel> ochjongeskgabijnadood
[20:03:52] <Boots> Hoewel
[20:03:53] <Fiebel> scissorscissor
[20:03:57] <Fiebel> doek altijd met milky
[20:04:02] <Boots> Volgens mij max 4 meisjes incl mij
[20:04:04] <Boots> Still...
[20:04:14] <Fem_LittleLady>   :P
[20:04:17] <chasingrainbows> Mmmm
[20:04:41] <Boots> Ik had in mijn herinnering meer jongensvrienden
[20:04:49] <Boots> Maar kan ook wel eens 50/50 geweest zijn
[20:05:10] <Boots> Misschien omdat meiden altijd drama werd dus mensen tabee ging zeggen
[20:05:15] <chasingrainbows> Ik heb meer jongens dan meisjes vriendjes
[20:05:18] *** Quits: Fem_LittleLady (Mibbit@a82-161-112-138.adsl.xs4all.nl) (Exit)
[20:05:32] <Boots> Lekker poly met chasingrainbiws
[20:05:34] <Boots> o
[20:05:59] <chasingrainbows> Ik wil een hippere naam
[20:06:13] <Fiebel> lakeesja?
[20:06:24] <chasingrainbows> Taquila
[20:07:48] <Boots> Laqueesha-Marie
[20:08:33] <chasingrainbows> Jansen
[20:08:39] <Fiebel> ghghighihgihigihghighihigigighihgihg
[20:10:04] <Boots> hahaha
[20:10:12] <chasingrainbows> wat een slechte grappen hier
[20:10:17] <Fiebel> NEE
[20:10:20] <Fiebel> GIJ TREKT VOLLE ZALEN
[20:10:29] <Fiebel> MEEJOEWDRONKEHASSES
[20:10:34] <Boots> Doet denken aan Caitlynn Felicia SLAGHEKKE
[20:10:38] <Jeroen> rustig maar Fiebel 
[20:10:39] <Jeroen> het is ok
[20:10:43] <Fiebel> is ook
[20:10:44] <Fiebel> is ook zo
[20:10:47] <Fiebel> is ook gewoon zo
[20:10:49] <chasingrainbows> Lol fiebel alles oke verder
[20:10:54] <Fiebel> nee joh kind
[20:10:58] <Fiebel> het is 1 grote puinhoop
[20:11:03] <Fiebel> maar ik heb wel een lief poesje
[20:11:04] <Fiebel> EN!!!!!!
[20:11:06] <Fiebel> lekker gegeten
[20:11:11] <Fiebel> voor het eerst in dagen
[20:11:17] <Fiebel> dus we doen het er maar weer mee 
[20:11:18] <Jeroen> had ik maar een lief poesje
[20:11:23] <Fiebel> om te strelen
[20:11:28] <zovty> Whehehehe.
[20:11:31] <Fiebel> ghghighiighiiggihgihghi
[20:11:31] <zovty> I can help you with that.
[20:11:35] <zovty> O.
[20:11:36] <zovty> Traag.
[20:11:42] <Jeroen> ja en met veel gelik, Fiebel 
[20:11:47] <Jeroen> maar al dat haar hoeft van mij dan weer niet
[20:11:49] <Fiebel> lekker aan ze poephol likken
[20:11:57] <Fiebel> schlupschlupschlup
[20:12:09] <Fiebel> net deej ze zo dromen
[20:12:10] <Fiebel> zo schattig
[20:12:18] <Fiebel> met geen stok wakker te krijgen
[20:12:19] <Fiebel> gihghghiggihg
[20:12:27] <Fiebel> ik allemaal zo slaan dr op
[20:12:29] <Fiebel> als een pinata
[20:12:33] <Fiebel> gewoon doordromen
[20:12:49] <zovty> Waarom deed je dat?
[20:12:52] <zovty> Mag die niet slapen?
[20:12:55] <Fiebel> deed ik niet hoor
[20:12:58] <Fiebel> zeg ik alleen maar
[20:13:00] <zovty> Waarom zeg je dat dan?
[20:13:03] <Fiebel> om een beetje stroer te doen
[20:13:07] <Fiebel> bij jullie
[20:13:10] <zovty> Vindt je dat stroer dan?
[20:13:14] <Fiebel> in de hoop dat het wat goeds doet voor mijn reputatie
[20:13:19] <Fiebel> WEETIKVEEL
[20:13:21] <Fiebel> LAATMIJMETRUST
[20:13:35] <Fiebel> ik heb het gefilmd
[20:13:37] <zovty> Ingewikkeld.
[20:13:38] <zovty> Wat?
[20:13:40] <zovty> Dat slaan?
[20:13:41] <Fiebel> en ga het uploaden
[20:13:44] <zovty> Dat deed je toch niet.
[20:13:44] <Fiebel> squirming pussy
[20:13:52] <zovty> Oh.
[20:13:54] <Fiebel> nee het dromen
[20:14:00] <zovty> Heb je dromgen gefilmd? :o
[20:14:09] <Fiebel> JIJ WEET WEL WAT IK BEDOEL!!!!!!
[20:14:13] <zovty> Hoe is het toch mogelijk.
[20:15:12] *** Joins: Escovan (Escovan@107.6.175.170)
[20:15:18] <zovty> Een raket landt op een boot.
[20:15:26] <zovty> Dat is gewoon mindbogling.
[20:15:38] <Fiebel> ochoch
[20:15:40] <Fiebel> je kleine mindje
[20:15:42] <Fiebel> helemaal geboggeld
[20:15:43] <zovty> Jajoh.
[20:15:45] <zovty> Jajoh.
[20:15:50] <chasingrainbows> hoe kunnen ze dan een raket zo goed richten
[20:15:52] <Fiebel> zoetma
[20:16:05] <zovty> Ja!
[20:16:08] <chasingrainbows> maar als t terecht komt in de zee is t toch kei erg voor de zee dieren en planten enz
[20:16:08] <zovty> Dat is dus het bijzonder!
[20:16:26] <zovty> Jamaar lieve rainbows.... dat gebeurt dus altijd al.
[20:16:33] <zovty> En nu gaan ze dus landen op een boot.
[20:16:44] <chasingrainbows> aaaah kennen jullie 'moving art; underwater'?
[20:16:48] <zovty> Scheelt een hoop zooi in de zee en ze kennen die raket gewoon weer vullen en opnieuw afschieten.
[20:16:53] <zovty> Nee.
[20:16:53] <Fiebel> ik maak wel eens gele kunst
[20:16:54] <Fiebel> onder water
[20:16:57] <Fiebel> die beweegt ook
[20:17:00] <Fiebel> een beetje achter mij aan
[20:17:03] <chasingrainbows> zooo mooi gefilmd de zee en alles en vissen en koraal
[20:17:11] <chasingrainbows> als je jonko op hebt en je gaat dat kijken
[20:17:13] <chasingrainbows> zo chill
[20:17:19] <Fiebel> :|
[20:17:24] <chasingrainbows> echt aanrader
[20:17:32] <Fiebel> serieaanrader
[20:17:44] <chasingrainbows> nee is gewoon 1 aflevering 30 min ofzo
[20:17:49] <chasingrainbows> PLEASE kijk het een keer
[20:17:59] <Fiebel> ind
[20:18:03] <Fiebel> kind
[20:18:07] <Fiebel> waar moet ik 30 minuten vandaan halen
[20:18:12] <Fiebel> ik heb het al zo druk
[20:18:17] <chasingrainbows> ja met fokken
[20:18:19] <chasingrainbows> en chatten
[20:18:20] <Fiebel> j
[20:18:21] <Fiebel> a
[20:18:23] <Fiebel> pfffff
[20:18:24] <Fiebel> zwaar
[20:18:25] <chasingrainbows> en katten aaien
[20:18:28] <Fiebel> O+
[20:18:30] <chasingrainbows> en rotterdammer zijn
[20:18:38] <Fiebel> dat gaat moeiteloos eigenlijk
[20:18:39] *** boekee is now known as boekee_away
[20:18:40] <Fiebel> maar dat als enige
[20:18:43] <Fiebel> de rest is zwoegen
[20:18:46] <Fiebel> zwoegen
[20:18:56] <chasingrainbows> waar werkt u'
[20:21:08] <zovty> Godverdomme he.
[20:21:08] <Pandora> !8 mondspoeling voor zovty?
[20:21:09] <digibot> Pandora: It shall be.
[20:21:23] <zovty> Goeie lamsrack.
[20:21:27] <zovty> Mjammjammjam.
[20:22:12] <chasingrainbows> mmmm
[20:24:04] *** Quits: Hooglander1 (Hoog@isleet.nl) (Ping timeout: 60 seconds)
[20:24:36] *** Joins: Hooglander1 (Hoog@2001:984:ef56:1:211:32ff:fe51:1415)
[20:29:10] <Fiebel> occh heerlijk
[20:31:24] *** Quits: Tweaker3571 (DCM360@535509EC.cm-6-6a.dynamic.ziggo.nl) (Ping timeout: 60 seconds)
[20:32:16] <wirky> heerlijk he zo
[20:33:44] *** Quits: chasingrainbows (Mibbit@541F9A6E.cm-5-8c.dynamic.ziggo.nl) (Exit)
[20:34:03] *** Joins: DCM360 (DCM360@535509EC.cm-6-6a.dynamic.ziggo.nl)
[20:38:21] *** Joins: mijk (mijk@218-245-144-85.ftth.glasoperator.nl)
[20:50:04] <rawplayer> hallo
[20:50:07] <rawplayer> ik bem er
[20:50:12] <rawplayer> ik ben er
[20:50:13] <Pandora> gezellig, rawplayer is er!
[20:50:35] <Fiebel> oooooooooooooooooooooooooooooooooooooooooooooooooooooo+
[20:51:18] <rawplayer> g
[20:51:22] <rawplayer> m
[20:51:23] <rawplayer> o
[20:51:28] <rawplayer> ;9
[20:51:36] <rawplayer> kijk uit allemaal
[20:51:43] <rawplayer> er is een bombshell aanwezig
[20:51:49] <Fiebel> gihihihiihihi
[20:51:52] <rawplayer> mghihihih
[21:05:28] *** Joins: chasingrainbows (Mibbit@541F9A6E.cm-5-8c.dynamic.ziggo.nl)
[21:10:42] *** Joins: Fe2O3 (Fe2O3@h70248.upc-h.chello.nl)
[21:10:42] *** ChanServ sets mode: +o Fe2O3
[21:10:45] *** Joins: Fokker_4235 (Mibbit@host109-145-34-231.range109-145.btcentralplus.com)
[21:11:00] <Fokker_4235>  k
[21:11:13] *** Quits: Fokker_4235 (Mibbit@host109-145-34-231.range109-145.btcentralplus.com) (Exit)
[21:11:54] *** Quits: chasingrainbows (Mibbit@541F9A6E.cm-5-8c.dynamic.ziggo.nl) (Exit)
[21:12:25] *** Joins: JBINC (Mibbit@host109-145-34-231.range109-145.btcentralplus.com)
[21:12:31] *** Joins: Fokker_3228 (Mibbit@ip5452dfa1.speed.planet.nl)
[21:12:36] *** Quits: Fokker_3228 (Mibbit@ip5452dfa1.speed.planet.nl) (Exit)
[21:14:30] *** Quits: JBINC (Mibbit@host109-145-34-231.range109-145.btcentralplus.com) (Exit)
[21:14:42] <Boots> hihi
[21:14:46] * Boots heeft quiche
[21:14:51] <Boots> En we bedenken een naam
[21:14:56] <Boots> Dus ik zeg Laquichea
[21:15:06] <Boots> -Marie Jansen
[21:15:21] <Fiebel> gihihihihih
[21:16:09] <Boots> Ik lig helemaal dubbel
[21:16:19] <Boots> Hij smaakt dus mag in het receptendocje
[21:17:36] *** Joins: Fem_LittleLady (Mibbit@a82-161-112-138.adsl.xs4all.nl)
[21:17:38] <Fem_LittleLady> Hoii
[21:17:48] <Boots> Hoi
[21:17:49] <Redhead> smikkelse Boots , wat zit erin?
[21:17:53] <Redhead> hoi 
[21:17:54] <Boots> Alle fun gemist
[21:17:59] <Redhead> oh
[21:18:03] <Boots> Ehh
[21:18:21] <Redhead> wat zit/zat er in die quiche
[21:18:21] <Boots> Wortel zoete aardappel mais erwten courgette
[21:18:22] <Redhead> ?
[21:18:23] <Fem_LittleLady> Zo heb weer even de nieuwe aflevering van Vikings gekeken
[21:18:24] <Redhead> ah
[21:18:35] <Redhead> goed gevuld!
[21:18:39] <Boots> yes
[21:18:50] <Boots> Ik noem het altijd doperwten
[21:18:55] <Boots> Maar soms worden ze verkocht als tuinerwten
[21:18:55] <Redhead> ik was net aan t strand en op terugweg n voorgerechtje gesnaaid ergens
[21:18:58] <Boots> En dan ben ik confuus
[21:18:58] <Fem_LittleLady> blijft leuke serie, maar ik zou niet in die tijd willen leven
[21:19:20] <Redhead> n half voorgerechtje en dat was zo veel dat ik de kelner vroeg of ie geen fout had gemaakt
[21:20:08] <TooL> [21:18:36] <Boots> Wortel zoete aardappel mais erwten courgette  ... what happened to the meat ? :)
[21:20:48] <Redhead> hvegetariers eten geen vleesch TooL 
[21:20:54] <TooL> ieuwwww
[21:21:00] <Redhead> ik lag alweer eraf
[21:21:06] <TooL> ik eet graag vegetariers
[21:21:07] <Redhead> ik had wel vleesch
[21:21:13] <Redhead> hehe TooL 
[21:21:15] <Redhead> me too
[21:21:18] <Boots> Maar wel eeiiii en kaaaaas en rooomboooter
[21:21:23] <Redhead> maar omnivoren eet ik ook
[21:21:29] <TooL> ja
[21:21:31] <Redhead> :)
[21:22:10] <Redhead> k had varkenshaasje met geitenkaas in loempiavelletjes op n bed van gemende salade
[21:22:21] <TooL> dat klinkt al beter
[21:22:21] <Boots> :)
[21:22:27] <Redhead> met n sprankeltje salsa brava on top
[21:22:33] <Redhead> hihi
[21:22:41] <Redhead> en koffie!
[21:23:03] <TooL> ik heb een salami pizza in de oven geslingerd
[21:23:16] <TooL> met ansjovis er op
[21:23:23] <Redhead> eetse voor zo
[21:23:30] <TooL> is al op hoor
[21:23:34] <Redhead> ooh
[21:23:38] <Redhead> burpse
[21:23:48] <TooL> ja was goed te nassen
[21:31:36] *** Quits: SimonP (SimonP@znc.glasvezel-online.net) (Exit)
[21:34:21] *** Joins: SimonP (SimonP@2001:41d0:2:be61:0:0:0:96)
[21:49:20] <Fem_LittleLady> Hahaha
[21:49:41] <rawplayer> haalllloo
[21:49:45] <rawplayer> ik ben er
[21:49:46] <Pandora> gezellig, rawplayer is er!
[21:49:49] <rawplayer> femmi o/
[21:50:18] * Fem_LittleLady knuffelt rawplayer
[21:50:25] <rawplayer> mghihihhi
[21:50:27] <rawplayer> O+
[21:50:36] <Fem_LittleLady> Brrr heb net stukje gezien van vrouw die haar eigen pis drinkt
[21:50:56] <TooL> tosh.o  :)
[21:51:01] <Fem_LittleLady> Ja
[21:51:08] <Fem_LittleLady> ook gezien?
[21:51:17] <TooL> is niet zo ongezond als je denkt hoor
[21:51:32] <Fem_LittleLady> Nee maar ik heb niets met vieze dingen
[21:51:34] <Jeroen> nouja
[21:51:38] <Jeroen> gezond is het ook niet
[21:51:39] <Jeroen> _O-
[21:51:50] <TooL> werd vroeger ook als schoonmaakmiddel gebruikt
[21:52:09] <Fem_LittleLady> Ja volgens mij doen sommige mensen dat nog, dan kom je binnen en ruik je de wc al
[21:52:23] <Fem_LittleLady> Gelukkig ruikt die van mij naar lavendel
[21:52:26] <TooL> nee die pissen er wrsch gewoon naast
[21:53:02] <Fem_LittleLady> Stuk frisser, al moet ik wel zeggen, heb laatst wel iemand met schimmel nagels geadviseerd erover heen te pissen
[21:53:16] <Fem_LittleLady> Schijnt te helpen
[21:53:35] <Fem_LittleLady> weet niet, heb geen schimmelnagels, denk ook dat ik dan helemaal gek word dat moet er dan gewoon af
[21:54:19] <Fem_LittleLady> Ik ben ook zo'n vrouw die hysterisch rondjes gaat rennen als ze ook maa enigzins denkt dat er een spin op haar zit
[21:54:52] <TooL> als je hard genoeg rent werkt het wel :)
[21:56:28] <Fem_LittleLady> Weet je, ik heb 9 maand mijn man verzorgd tot luiers verschonen aan toe, maar viel toen 8 kilo af omdat ik overal van over mijn nek ging
[21:56:49] <Fem_LittleLady> Ik kan gewoon slecht tegen vieze luchtjes
[21:56:51] *** Joins: Guyver2 (Guyver2@guyver2.xs4all.nl)
[21:56:56] <Fem_LittleLady> hoi
[21:58:00] *** Quits: SimonP (SimonP@2001:41d0:2:be61:0:0:0:96) (Ping timeout: 61 seconds)
[21:58:33] *** Joins: SimonP (SimonP@remote.glasvezel-online.net)
[21:58:50] *** Quits: cat91 (Mibbit@d54C31F84.access.telenet.be) (Exit)
[21:59:04] *** Joins: cat91 (Mibbit@d54C31F84.access.telenet.be)
[21:59:16] *** Quits: cat91 (Mibbit@d54C31F84.access.telenet.be) (Exit)
[22:01:55] *** Joins: Teckna (jonathan@52487D74.cm-4-1b.dynamic.ziggo.nl)
[22:02:04] *** Joins: Teckna1 (jonathan@52487D74.cm-4-1b.dynamic.ziggo.nl)
[22:02:04] <Fem_LittleLady> https://scontent.xx.fbcdn.net/hphotos-xpf1/v/t1.0-9/12963416_550109115175711_8676452459513548517_n.jpg?oh=c132ce2f18684ef37ca58055a882447e&oe=57BBCAF1
[22:03:00] *** Quits: Teckna (jonathan@52487D74.cm-4-1b.dynamic.ziggo.nl) (Ping timeout: 61 seconds)
[22:04:46] <Redhead> oi fem , wat is t vor pica?
[22:05:51] <Fem_LittleLady> Gewoon een leuke
[22:06:17] <rawplayer> ff
[22:07:10] <Redhead> k
[22:10:14] <Fem_LittleLady> Sjow
[22:13:02] <Boots> grappig hoor
[22:13:11] <Boots> :')
[22:13:42] <Fem_LittleLady> Lekker flauw
[22:14:28] <Redhead> ~ when god made men , she was only joking ~
[22:15:43] <Fem_LittleLady> http://www.forestfeed.nl/hij-weigerde-deze-vrouw-met-downsyndroom-te-tattoeeren-wat-hij-wel-deed-respect/
[22:15:45] <digibot> Title: Hij weigerde deze vrouw met downsyndroom te tatoeëren. Wat hij wel deed? Prachtig! - ForestFeed (at www.forestfeed.nl)
[22:15:50] <Fem_LittleLady> Dit vind ik wel heel erg lief
[22:19:14] <Redhead> ja dat zeker , aan de andere kant denk ik , waarom dat mens geen tattoo zetten?
[22:19:22] <Redhead> wat is daar de crime aan?
[22:20:08] <Fem_LittleLady> Tja ik denk dat zo'n man het idee heeft dat je het bij een kind van 6 zet
[22:20:37] <Redhead> mja ik vind het echte betutteling aan zich .... 
[22:20:44] <Redhead> verder sweetwat ie dopet daar nie van
[22:20:52] <Redhead> doet
[22:21:05] <Fem_LittleLady> Mij maakt het niet uit
[22:21:16] <Redhead> och t valt me gewoon op
[22:21:30] <Redhead> zoals het me vaak opvalt hoe betuttelend mensen zijn
[22:21:37] <Redhead> :)
[22:21:55] <Fem_LittleLady> Ja dat wel, moet wel zeggen, hier is wel de regel, van mij mag mij dochter tattoo's maar pas als ze het huis uit is
[22:22:15] <Fem_LittleLady> voor de rest kan het me niets schelen, zelfde geldt voor piercings
[22:24:49] <Boots> Ik snap z'n gebaar ook niet
[22:25:00] <rawplayer> hallo
[22:25:02] <rawplayer> ik ben er
[22:25:02] <Pandora> gezellig, rawplayer is er!
[22:25:09] <Boots> Wel leuk om ff te wennen
[22:25:18] <Boots> Maar doe t dan een keer voor t echie
[22:25:30] <Fem_LittleLady> Ik denk dat het net zoiets is als jongeren van 12 tot 16 die mogen namelijk niet zonder toestemming een tattoo laten zetten
[22:25:55] <Boots> Mja maar wat Redhead zegt
[22:26:11] <Fem_LittleLady> Ik weet niet hoe het zit met mensen met down syndroom, maar hebben die ook niet een soort voogd om te voorkomen dat ze dingen doen
[22:26:18] <Boots> Maar goed misschien wat meer confirmatie nodig
[22:26:35] <Boots> Mja dunno
[22:26:44] <Boots> Als wel en die is eens dan niks aan de hand
[22:27:26] <Redhead> mja dat had dus , als we t ff doordenken zo kunnen gaan : begeleider - informeren - gesprek ook over t gaat wel pijn doen en t kan er nooit meer af...
[22:27:30] <Boots> De titel is w erg clickbait
[22:27:39] <Boots> ja
[22:27:40] <Redhead> en als degeen t snapt dan huppekeej lekker tattoo doen
[22:27:42] <Redhead> zo
[22:27:44] <Boots> Idd
[22:27:57] <Fem_LittleLady> Ja maar goed, zo kan het ook, kan ze ook wisselen
[22:27:59] <Boots> Ziet er niet minderjarig uit enzo
[22:28:13] <Redhead> gaat over n principe Fem_LittleLady 
[22:28:13] <Fem_LittleLady> Nee maar het verstand is vaak niet volwassen
[22:28:23] <Fem_LittleLady> sommigen blijven hangen op 4 a 8 jaar
[22:28:30] <Boots> Nee maar als volwassene mee heeft gedacht
[22:28:33] <Redhead> alsof van zonder down , volwassen zo verstandig zijn met zn allen
[22:28:34] <Redhead> ahum
[22:28:38] <Boots> hehehe
[22:28:39] <Boots> :D
[22:28:42] <Redhead> ja kom op
[22:28:44] <Redhead> ;p
[22:28:54] <Fem_LittleLady> sprak laatst een die verzorgde een met verstand van een 18 jarige, heb je de hele dag een puber
[22:29:01] <Boots> Ja en zo'n persoon heeft er misschien veel minder spijt van
[22:29:05] <Boots> En wprd tpch al raar aangekeken
[22:29:12] <Redhead> daarom Boots 
[22:29:14] <Boots> dus tattoo meer of minder boeit ook niet voor werk ofzo
[22:29:39] <Fem_LittleLady> Kijk mij maakt het allemaal niet uit, als iemand wat wil laten zetten moeten ze lekker doen, maar denk dat er wel iets mee is
[22:29:55] <Redhead> eris met iedereen wel wat
[22:29:57] <Redhead> ;)
[22:29:58] <Boots> Ik zou meer moeite hebben met trampstamp zetten bij 16jarige
[22:30:00] <Boots> of 18
[22:30:06] <Boots> :D
[22:30:14] <Fem_LittleLady> Tja wat ik zeg, mijn dochter pas als ze het huis uit is
[22:30:15] <Boots> oid
[22:30:26] <Boots> Of naam van vriendje/vriendinnetje
[22:30:37] <Fem_LittleLady> Voor de rest moet ze allemaal zelf weten, zal de laatste zijn die zegt dat moet je niet doen
[22:30:50] * rawplayer eet https://nl.wikipedia.org/wiki/Picodon
[22:30:54] <Boots> Ja dan gaat ze lekker tegen je in met dr 16e en t huis uit en lekker recalcitrant omdat t niet mag van mama lekker tpvh dpen
[22:30:57] <Boots> want nu vrijheid
[22:31:09] <Fem_LittleLady> Ohw dat maakt mij weinig uit
[22:31:13] <Boots> Ik zou het wel bespreken
[22:31:26] <Boots> Dan liever piercen dat kan nog weg
[22:31:27] <Fem_LittleLady> Als zij met haar 16e op zichzelf wil wonen, mij zege heeft ze
[22:31:38] <Boots> Dat is een ander verhaal
[22:31:47] <Boots> Niet mijn punt
[22:32:00] <Boots> Meer de reden met en manier waarop
[22:32:10] <Fem_LittleLady> Kijk ben niet zo moeilijk, alleen als je het huis uit bent mag je doen en laten wat je wil, mag je tattoo's piercings een halve veestapel
[22:32:28] <Fem_LittleLady> Om mij parkeert ze een paard in de gang
[22:32:33] <Fem_LittleLady> Allemaal haar ding
[22:32:42] <Boots> Dat zijn allemaal dingen die ongedaan gemaakt kunnen wprden, tattop niet echt
[22:32:51] <Fem_LittleLady> Klopt
[22:32:59] <Redhead> tegenwoordig is lazer hype
[22:33:00] <Fem_LittleLady> En ik heb zoiets van, zoek eerst werk
[22:33:15] <Boots> Ik wil alles in context zien
[22:33:24] <Boots> Dingen die ongedaan gemaakt kunnen worden be my guest
[22:33:25] <Fem_LittleLady> eenmaal werk dan maakt het weinig meer uit
[22:33:45] <Boots> HEHEHE en dan ontslagen worden
[22:33:46] <Boots> caps
[22:33:53] <Boots> Bijstand in
[22:33:54] <Boots> :P
[22:33:56] <Fem_LittleLady> Ik heb er 47 
[22:34:00] <Redhead> mja de tijden van levenslange banen zijn ook allang passe
[22:34:02] <Fem_LittleLady> en heb nog steeds werk
[22:34:15] <Boots> Ik zeg toch niet dat t moet belemmeren mrt werk
[22:34:17] <Fem_LittleLady> Heb ook erg goede referenties
[22:34:29] <Boots> Je kan gewopn spijt hebben van een levenslange keuze op jp ge leeftijd
[22:34:30] <Fem_LittleLady> Maar goed je moet eerst referenties opbouwen
[22:34:36] <Boots> jonge
[22:34:48] <Redhead> spijt komt na de zonde!
[22:34:51] <Boots> Pics van tattoos
[22:34:54] <Fem_LittleLady> Als je eenmaal hebt laten zien dat je wel wil werken
[22:35:00] <Fem_LittleLady> dan maaktw einig uit
[22:35:07] <Boots> Het gaat me dus niet alleen om werk
[22:35:12] <Redhead> iedere zo zn wereldbeeldje eh
[22:35:13] <Boots> Dat is maar een topje
[22:35:14] <Boots> :D
[22:35:37] <Boots> Ja dat sowieso maar dat is makkelijk gesprek eindigen :P
[22:35:40] <Fem_LittleLady> https://scontent.xx.fbcdn.net/hphotos-xfp1/v/t34.0-12/12966476_548775678642388_217776263_n.jpg?oh=57a38efa86f14ccf97522e7d66a2dcd2&oe=570AEB6F
[22:35:41] * Redhead moet denken aan anton 
[22:35:44] <Fem_LittleLady> Mijn laatste
[22:35:55] <Boots> Vind altijd zo'n dooddoener 'ja iedereen doet t op eigen manier he'
[22:36:32] <Redhead> https://www.youtube.com/watch?v=A7N6TOFyrLg
[22:36:33] <digibot> Title: Maybe Logic: The Lives & Ideas Of Robert Anton Wilson (2003) - YouTube (at www.youtube.com)
[22:36:36] <Boots> Rupshond?
[22:36:38] <Boots> :D
[22:36:42] <Fem_LittleLady> ja hahaha
[22:36:55] <Boots> wut
[22:37:05] <Redhead> ieder zn wereldbeeld is gewoon ... dus dat zie je dan ook verschijnen als je het over zule dingen hebt...
[22:37:11] <Fem_LittleLady> Ik vind hem zo tof
[22:37:12] <Jeroen> m'n pis stinkt
[22:37:18] <Redhead> ieuw
[22:37:24] <Boots> Mogen wel eens bijgewerkt worden, niet?
[22:37:32] <Fem_LittleLady> Nee 
[22:37:33] <Boots> Meer drinken Jeroen
[22:37:38] <Boots> En dan bedoel ik geen alcohol
[22:37:42] <Jeroen> minder asperges eten
[22:37:44] <Jeroen> :+
[22:37:50] <Redhead> asperges was ik al aan het tikken
[22:37:52] <Boots> Gaat t daarvan stinken ja?
[22:37:53] <Redhead> ;p
[22:37:56] <Jeroen> ja
[22:38:00] <Boots> Ik eet t nooit
[22:38:07] <Jeroen> wannie
[22:38:12] <Fem_LittleLady> Ik lust geen asperges
[22:38:13] <Jeroen> koning der groente
[22:38:14] <Fem_LittleLady> bah
[22:38:15] <Boots> Aspergesni
[22:38:21] <Redhead> lekkerlekker
[22:38:34] <Boots> Volgens mij steekt t nauw welke waar je koopt hoe je klaarmaakt
[22:38:34] <Redhead> groen en wit
[22:38:44] <Fem_LittleLady> Nee ik hoef ze niet
[22:38:57] <Boots> Ik heb alleen maar slape taaie gehad 
[22:39:04] <Boots> slappe
[22:39:08] <Boots> Mss soep van maken
[22:39:08] <Jeroen> jullie komen natuurlijk ook van boven de rivieren
[22:39:09] <Redhead> oh
[22:39:21] <Boots> Ik had wel aspergetelers in de klas
[22:39:22] <Redhead> asperges moeten ruim gepeld
[22:39:25] <Jeroen> boven de rivieren hebben ze geen verstand van goed eten :+
[22:39:26] <Redhead> dus niks taai
[22:39:29] <Redhead> en vers
[22:39:38] <Boots> Ja ik weet wel dat ze slecht klaargemaakt waren
[22:39:40] <Redhead> en niet te lang koken
[22:39:47] <Redhead> en dan nomnomnom
[22:39:57] <Boots> Mss nog eens zelf doen dan
[22:39:59] <Jeroen> en de juiste maat ook
[22:40:00] <Jeroen> erg belangrijk
[22:40:04] <Jeroen> niet van die vlezige krengen
[22:40:08] <Boots> De juiste homies
[22:40:15] <Boots> Slanke steeltjes?
[22:40:17] <Boots> Jong?
[22:40:21] <Redhead> nee 
[22:40:29] <Redhead> goeie
[22:40:30] <Redhead> ;))
[22:41:00] <Fem_LittleLady> https://scontent.xx.fbcdn.net/hphotos-xpt1/v/t1.0-9/12193459_493640064155950_8387988554368829981_n.jpg?oh=4bcc87b68df7ec9fcef0f2393747feba&oe=5787B0F1
[22:41:06] <Fem_LittleLady> deze is van afgelopen november
[22:41:13] <Boots> Ja goeie gog
[22:41:16] <Boots> Goh
[22:41:17] <Boots> Nee de slechte
[22:41:19] <Redhead> hihi
[22:41:29] <Boots> Does tips dan hoe je goeie herkent
[22:42:29] <Redhead> ff draaie , zo
[22:42:43] <Redhead> aan de onderkant van n asperge kun je zien hoe vers
[22:42:54] <Boots> Een feniks?
[22:42:59] <Boots> @fem
[22:42:59] <Redhead> als t alleen buitenste mm droog is of echt al doorgedroogd
[22:43:16] <Jeroen> ik vraag gewoon altijd om de beste kwaliteit :+
[22:43:17] <Redhead> en ferm , beetje glanzende huid 
[22:43:18] <Fem_LittleLady> Ja
[22:43:26] <Redhead> niet zo stomp droog
[22:43:36] <Jeroen> itt bij andere groenten heb je wel serieuze categorieen
[22:43:39] <Jeroen> dubbel A or go home
[22:43:52] <Redhead> en de dikte niet dikker dan je duim
[22:44:03] <Jeroen> maar ook niet dunner :p
[22:44:07] <Fem_LittleLady> Nee ik voel altijd heel zacht, moet nu wel zeggen, ga nu naar een andere artiest en die zet in mijn ogen beter
[22:45:02] <Boots> :)
[22:45:05] <Boots> kthnx
[22:45:30] <Boots> Hoezo een feniks Fem?
[22:45:32] <Redhead> en de groene hoef je niet te pellen daar breek je de steel gewoon aan de onderkant
[22:45:35] <Boots> Feniksen zijn wel tof tho
[22:45:55] <Redhead> en die gewoon ook keiferm , en niet dikker dan je pink
[22:46:10] <Fem_LittleLady> Die heb ik gekozen omdat ik op die plek geraakt ben door een auto, volgens mijn vriend overleven niet veel mensen zo'n ongeluk
[22:46:13] <Boots> Oh andere ging over de witte
[22:46:14] <Redhead> LEKKER MET ROERBAKKEN oops caps of in n chinese soep oid
[22:46:21] <Redhead> of gegrilled
[22:46:27] <Boots> LEKKER JOH
[22:46:28] <Boots> HMMMMMM
[22:46:30] <Boots> SMULLEN
[22:46:35] <Redhead> met knofi/olijfolie 
[22:46:38] <Fem_LittleLady> dus vond het wel toepasselijk want 2 dagen na het ongeluk stond ik al naast mijn bed
[22:46:49] <Redhead> eerst marineren met beetje zout erbij en dan ff grillen
[22:46:52] <Redhead> nomnomnom
[22:46:58] <Jeroen> ook lekker in een quiche
[22:47:01] <Redhead> ook
[22:47:09] <Redhead> of salade , ff blancheren eerst
[22:47:13] <Redhead> :)
[22:47:13] <Boots> hehehe ja idd ik zag recepten met
[22:48:07] <rawplayer> ik ga zo nog guacamole in elkaar klussen
[22:48:09] <rawplayer> :9
[22:48:11] <Boots> Auto total loss en jij springlevend?
[22:49:04] <Boots> Had je wel toestemming van je ouders dan voor je tats? ;)
[22:49:13] <Boots> Nee hoe oud ben je eigenlijk?
[22:49:17] <Fem_LittleLady> Ik was 22 en woonde al 2 jaar op mezelf
[22:49:21] <Fem_LittleLady> ik ben 33
[22:49:26] <Boots> ahhja
[22:49:28] *** Quits: Teckna1 (jonathan@52487D74.cm-4-1b.dynamic.ziggo.nl) (Ping timeout: 66 seconds)
[22:49:56] <Redhead> soms heeft men mazzel in t ongeluk :)
[22:52:06] <Fem_LittleLady> https://scontent.xx.fbcdn.net/hphotos-xpf1/v/t1.0-0/p206x206/1782105_229695707217055_838135145_n.jpg?oh=9ce3ecc62db7f427e43aa97c83126806&oe=577237CE
[22:52:18] <Fem_LittleLady> op deze stoel, nou ja stukje zat ik
[22:52:40] <Fem_LittleLady> https://scontent.xx.fbcdn.net/hphotos-frc1/v/t1.0-9/1798463_229695670550392_1214991023_n.jpg?oh=67d618407680a6756b0c26aca6b2354e&oe=57B68BDF
[22:53:48] <Fem_LittleLady> https://scontent.xx.fbcdn.net/hphotos-xfp1/v/t1.0-9/1972317_229695757217050_297195061_n.jpg?oh=6ddfee650a2b3c753d248c8067f5a416&oe=57744051
[22:53:59] <Fem_LittleLady> Dat was mijn mooie fiat coupe
[22:54:25] <Redhead> ik klik deze ff nie , zelf 4 crashes overleefd ;)
[22:54:56] <Redhead> loer liever naar moois :)
[22:55:10] <Fem_LittleLady> Mijn vriend had het wrak opgehaald en zijn collega's van de brandweer zeiden ook al, ze heeft zoveel mazzel gehad
[22:56:13] <Redhead> k heb n achterbak met mn hoofd gecrasht  dat als je achterklep open deed zag je t bolletje van mn achterhoofd geprint in t plastic en daat dwars over gescheurd 
[22:56:19] <Redhead> de hele bank
[22:56:20] <Fem_LittleLady> Moet ook zeggen, ik kan me niets herinneren en zag pas 3 week later wat er van over was, kwam de kameraad van mijn vriend naar mij toe en die zei, je mag blij zijn dat je zo smal bent anders was je er niet meer geweest
[22:56:21] <Boots> Goh ja
[22:56:24] <Redhead> hehe
[22:56:27] <Boots> Dat is nogal een smak
[22:56:40] <Redhead> daarna ben ik nog 5 km naar huis gelopen over velden en wegen
[22:56:46] <Fem_LittleLady> En die lul heeft nooit zijn excuus aangeboden 
[22:56:47] <Redhead> kotsend als reiger
[22:56:50] *** Quits: Fe2O3 (Fe2O3@h70248.upc-h.chello.nl) (Exit)
[22:57:00] <Redhead> en voor mn ingangsdeur vond ik 40 mark
[22:57:00] <Fem_LittleLady> nee stond naast mijn auto te bleren dat het mijn schuld was
[22:57:07] <Redhead> toen was ik echt pissed
[22:57:15] <Redhead> want vond n schrale vergoeding
[22:57:17] <Redhead> hahahaha
[22:57:19] <Boots> Lol dan geven ze iets
[22:57:21] <Boots> is t schraal
[22:57:24] <Redhead> hahahahhaha
[22:57:26] <Boots> Maar ja mss had ie niks meer ofzo
[22:57:52] <Redhead> meeeen  ;)
[22:57:58] <Boots> Ik loop nog met een lidteken op mn voet rond van iemand die me aanreed op de fiets
[22:58:05] <Boots> Ik zei is goed joh kan gebeuren
[22:58:06] <Fem_LittleLady> Nou ik was toen zo pissig he
[22:58:09] <Boots> Hij was al geschrokken genoeg
[22:58:28] <Boots> Wist niet dat ik er zo'n litteken aan overhield
[22:58:38] <Fem_LittleLady> ik zou mensen mijn net gekochte huis laten zien, was ik zo trots op, nee ik kon amper lopen
[22:58:38] <Redhead> mja life happens
[22:58:40] <Redhead> :)
[22:58:42] <Boots> Was nog te waus in mn hoofd van de adrenaline
[22:58:59] <Boots> Maar ach gift :)
[22:59:09] <Redhead> adrenaline is wel echt n vet iets als de shit echt de vent hits eh
[22:59:16] <Boots> Ja
[22:59:21] <Redhead> :)
[22:59:26] <Boots> hehehe ben ook eens over motorkap gevlogen
[22:59:33] <Boots> En die twee oude dames wilden me belazeren
[22:59:38] <Fem_LittleLady> Enige wat ik wel heel grappig vond, de woensdag na het ongeluk komt er een verpleger naast mijn bed staan, hij zegt weet je nog wie ik ben?
[22:59:41] <Boots> Ze stonden op t fietspad gewoon te blokkeren
[22:59:46] <Boots> Weer naar achter rijden
[23:00:01] <Fem_LittleLady> Nou kon die hele man niet, dus zeg nee, hij zegt ik was er toen ze je binnenbrachten wat heb jij keigave tattoo's
[23:00:02] <Boots> En lief doen enzo ahhh meisje geef je nummer maar dan komen we er wel uit
[23:00:11] <Boots> Als je die nog weet
[23:00:13] <rawplayer> psst psst maisje
[23:00:13] <Boots> :D
[23:00:22] <Boots> Ik heb de hele auto ngo staan inspecteren op krasjes
[23:00:29] <Boots> alleen op de lampenkapdinges
[23:00:38] <Boots> Maar zr kwamen nog wel mooi met flinke schadeclaims aan
[23:00:43] <Redhead> sja
[23:00:44] *** Joins: Vipertje (tweak@54182E79.cm-5-1a.dynamic.ziggo.nl)
[23:00:50] <Redhead> rotmensen
[23:00:52] <Boots> Ja zo schijnheilig
[23:00:55] <Redhead> ja
[23:00:58] <Boots> Ze baalden dat ik nog zo helder was
[23:01:02] <Redhead> hahahaha
[23:01:04] <Boots> Vloog er finaal overheen
[23:01:13] <Boots> Ik heb kenteken opgeschreven
[23:01:17] <Fem_LittleLady> Ohw ik heb een letselschade advocaat die is nu nog bezig, ik zeg we gaan wel voor de 8 ton
[23:01:17] <Boots> Hun gegevems gevraagd
[23:01:19] <Boots> etc
[23:01:33] <Fem_LittleLady> Minimaal
[23:01:54] <Boots> Op gegeven moment hadden xe door dat ze geen poot hadden om op te staan
[23:01:56] <Redhead> in nl gaat t niet zo hard met de bedragen , als uberhaupt
[23:02:09] <Boots> Dus toen hield t op gelukkig
[23:02:15] <Redhead> mooi 
[23:02:27] <Redhead> lekker opzouten met abusers
[23:02:28] <Boots> Ja geluk dat ik helder was
[23:02:34] <Boots> Had wel 6 klasgenoten om me heen
[23:02:42] <Boots> Maar die waren niet zo helder
[23:02:57] <Boots> Zagen t niet echt gebeuren ook
[23:02:58] <Boots> Maar gord.
[23:03:00] <Boots> goed.
[23:03:00] <Redhead> wel n hoop getuigen voor t geval...
[23:03:02] <Boots> Naaimensen.
[23:03:06] <Boots> Ja nee niet dus
[23:03:09] <Redhead> oh
[23:03:11] <Boots> Ze zagen me alleen ineens liggen
[23:03:20] <Boots> Fietsten meters achter me
[23:03:37] <Boots> Mgoed bla
[23:03:42] <Redhead> ja
[23:03:47] <Redhead> bladingen
[23:03:59] <Redhead> gelukkig ook whoei dingen !
[23:03:59] <Fem_LittleLady> Heb je er nu nog last van?
[23:04:53] <Boots> Nee joh
[23:05:06] <Boots> Was niks aan de hand
[23:05:14] <Boots> Ja beetje beurs en beschadigde fiets
[23:05:23] <Boots> :D maar had ff zin om over kudtmensen te ranten
[23:05:25] *** boekee_away is now known as boekee
[23:05:32] <Redhead> ja
[23:05:40] <Redhead> want er zijn veel van die
[23:05:43] <Redhead> ;p
[23:05:51] <Redhead> af en toe ff ranten!!
[23:05:56] <Fem_LittleLady> Okee, ik ervaar elke dag nog de klachten, heb de hele dag een zeurende pijn in mijn heup
[23:06:30] <Fem_LittleLady> verstrooidheid, slecht uit woorden kunnen komen en minder scherp zijn en als ik me eraan ga ergeren maak ik het ook nog eens erger
[23:06:31] <Redhead> ik had ook zeker 10 jaar last van migraine met scherp licht
[23:06:42] <Redhead> dus altijd zonnebril paraat en op
[23:06:51] <Redhead> toen klonk het af
[23:06:56] <Redhead> nu geen last meer
[23:06:56] <Fem_LittleLady> Chatten gaat wel goed, maar praten is soms erg lastig
[23:07:03] <Boots> Ja die klachten heb ik sowieso al
[23:07:04] <Boots> :P
[23:07:19] <Boots> Naja heup niet zozeer
[23:07:20] <Fem_LittleLady> soms lijkt het net of ik heb gezopen of val ik in herhaling
[23:07:27] <Boots> Ja chatten gaat hier goed
[23:07:33] <Boots> Hoe stuk mijn hoofd ook is
[23:07:33] <Redhead> that sucks Fem_LittleLady 
[23:07:36] <Fem_LittleLady> Mag nu eindelijk na 2 jaar naar de revalidatie arts
[23:07:41] <Boots> Typen gaat meestal nog
[23:07:48] <Boots> Zul je irl niet gauw denken op zo'n moment
[23:07:52] <Boots> Oef
[23:07:59] <Fem_LittleLady> Ik zei ook al tegen de advocaat heb inmiddels al in mijn ondergoedje voor 6 artsen gestaan wanneer is het klaar
[23:08:09] <Boots> hehe
[23:08:12] <Boots> Tja
[23:08:13] <Boots> Geduld
[23:08:14] <Fem_LittleLady> anders gaan we 500 euro per uur rekenen want voel me nu net een goedkope stripper
[23:08:29] <Boots> hehe
[23:09:07] <Fem_LittleLady> Dinsdag weer voor intake naar het ziekenhuis
[23:09:19] <Fem_LittleLady> heb er inmiddels zo'n gruwelijke hekel aan gekregen
[23:09:33] *** Joins: Teckna (jonathan@52487D74.cm-4-1b.dynamic.ziggo.nl)
[23:09:42] <Fem_LittleLady> en dan kijkt weer een, moet je het hele verhaal weer vertellen, ze zullen ook maar eens 1x het dossier lezen
[23:10:08] <Fem_LittleLady> Al je klachten, waar ik de helft alweer van vergeet tijdens gesprek
[23:10:43] <Redhead> daarom altijd goed vantevoren n lijst maken en die afwerken met afstrepen tijdens gesprek
[23:10:47] <Boots> Ja irritant is dat
[23:10:49] <Boots> Jup dat
[23:10:59] <Boots> Soort huiswerk telkens
[23:11:03] <Redhead> uhu
[23:11:03] <Fem_LittleLady> Nou meestal gaat mijn vriend nu mee
[23:11:03] <Boots> Ook irritant
[23:11:08] <Boots> Dat is wel handig
[23:11:09] <Fem_LittleLady> Ja heel irritant
[23:11:12] <Boots> Alsnog lijstje maken 
[23:11:20] <Redhead> sowieso is t niet voor t pleizer en gezien men de drill al weet
[23:11:22] <Boots> Mss nog te recyclen he
[23:11:24] <Fem_LittleLady> Maar heb woensdag gesprek met advocaat en tegenpartij en zal dan eens even mijn mening geven
[23:11:25] <Redhead> beter anticiperen erop
[23:11:27] <Boots> Als t telkens xelfde klachten is
[23:11:32] <Boots> Of je rvaagt dpssier pp
[23:11:37] <Boots> vraagt dossier op
[23:11:41] <Boots> Kun je t knippen plakken
[23:11:50] <Fem_LittleLady> Laatste keer had ik hele dossier bij me
[23:11:55] <Fem_LittleLady> ik zeg alstu 
[23:12:01] <Fem_LittleLady> en hier de cd met alle foto's
[23:12:35] <Fem_LittleLady> en ik denk echt dat het gewoon stuk is ze zeiden dat het gekneusd was en bleek achteraf finaal gebroken
[23:12:50] <Fem_LittleLady> Ik ben zo bang dat ik het overbelast heb
[23:12:56] <Fem_LittleLady> vanwege de verkeerde informatie
[23:13:04] <Fem_LittleLady> en dan lees ik permanente pijn
[23:13:20] <Fem_LittleLady> en soms word ik er zo gek van en denk ik, haal dat hele been maar weg
[23:13:36] <Redhead> mja gewoon n andere heup
[23:13:51] <Fem_LittleLady> Of sla er met een hamer op, dan doet het gewoon pijn en niet dat zeurende
[23:14:20] <Boots> Ja verkeerde informatie is zo ruk
[23:14:31] <Fem_LittleLady> Ja en dan krijg je oh sorry
[23:14:32] <Boots> Ik krijg telkens weer de herinnering dat ik t allemaal zelf moet doen
[23:14:40] <Boots> Ja en dan daar koop je geen nieuwe heup mee
[23:14:51] <Fem_LittleLady> Je zou er haast een mri voor aanschaffen
[23:14:57] <Fem_LittleLady> laat maar doe het zelf wel 
[23:15:10] <Redhead> ;p
[23:15:23] <Fem_LittleLady> Heb je zo'n arts aan de lijn, uhh ja je sleutelbeen is gebroken. 
[23:15:44] <Fem_LittleLady> Zeur je door om een foto van de heupen, nou vooruit pfff zeikwijf, week later, uuhhw die zijn ook gebroken
[23:15:56] <Fem_LittleLady> de bekken op 4 plekken
[23:16:11] <Fem_LittleLady> Goh mevrouw heeft u nog ergens pijn, maken we daar nu ook maar een foto van
[23:17:01] <Fem_LittleLady> En enige wat je dan denkt is, ik hoop dat ze je straks zo van de weg rijden, kom ik wel even naast je bed staan, nou niet zo aanstellen hoor
[23:17:22] <Fem_LittleLady> Ja het zit me soms nog best wel dwars hahahaha
[23:17:40] <Boots> hehehe
[23:17:47] <Boots> Achja
[23:17:59] <Boots> Of je word ff paar jaar bed/huisgebonden door nalatigheid van artsen
[23:18:00] <Redhead> breek me mn bek maar niet open over slordige gezondheidszorg
[23:18:03] <Boots> Lekker altijd dat soort dingen
[23:18:04] <Redhead> ommmmmmmmmmmmmmmmmmmmmmmmmmmmmmm
[23:18:10] <Boots> hahaha
[23:18:11] <Redhead> ommmmmmmmmmmmmmmmmmmmmmmmmmmmmmm
[23:18:16] <Fem_LittleLady> Ja en vertrouw ziekenhuizen al niet meer
[23:18:23] <Fem_LittleLady> al dat gestuntel met mijn zieke man toen
[23:18:47] <Fem_LittleLady> en die opmerking, goh mevrouw is vast een spiertje verrekt, 8 maand later, oohh het is toch een hernia
[23:19:19] <Fem_LittleLady> Nee meneer u heeft bronchitis. week later, er zit een tumor van 20 cm in uw long
[23:19:24] <Boots> Mja
[23:19:53] <Fem_LittleLady> En dan moet je net mij erbij hebben, ik kan dan zooooo boos worden
[23:20:12] <Fem_LittleLady> alsof het een auto is, ja nee bleek toch geen lekker band, u was gewoon uw wiel verloren
[23:21:31] <Boots> Ja mevrouw we zijn ook maar mensen
[23:21:37] <Fem_LittleLady> Altijd fijn voor mijn bloeddruk
[23:21:50] <Boots> Maar met zo druk maken schiet je ook zo weinig mee op
[23:21:54] <Boots> Snap t wel tho
[23:21:57] <Fem_LittleLady> En dan zeggen ze, goh u heeft atijd een hoge bloeddruk 
[23:22:11] <Fem_LittleLady> Ja gek he, moet ik eens doen zo klungelen
[23:22:13] <Boots> Mijn arts zegt bloeddruk is altijd hoger bij een arts
[23:22:17] <Boots> :D
[23:22:42] <Boots> Dan thuis
[23:22:49] <Redhead> is
[23:23:04] <Redhead> maar bij elke opwinding sowieso hoger en hoe kwaaier hoe hoger
[23:23:06] <Fem_LittleLady> Nou ja, laatste keer met mijn vriend in ziekenhuis was ook een daverend succes
[23:23:29] <Fem_LittleLady> had weer een nieuw hoogtepunt met bloeddruk bereijkt
[23:23:34] <Fem_LittleLady> bereikt
[23:24:00] <Redhead> mja ik hou het op kalmte bewaren en zakelijke aanpak , maar goed t is ook mn werk
[23:24:08] <Boots> hehe ja
[23:24:09] <Redhead> dus dat scheelt ff
[23:24:13] <Boots> Bereik je t meeste mee
[23:24:18] <Redhead> juh
[23:24:21] <Boots> En ergens anders afreageren
[23:24:30] <Redhead> als zij al niet eeficient willen doen , ik wel
[23:24:35] <Redhead> aansturen die hap
[23:24:37] <Boots> Ja dat
[23:24:37] <Fem_LittleLady> Ohw ik kan heel zakelijk zijn, heb heel veel dingen voor mijn man geregeld destijds
[23:24:53] <Boots> Ik laat me niet meer leiden dan
[23:24:59] <Boots> Maar artsen kunnen daar niet mee overweg
[23:25:26] <Fem_LittleLady> De huisarts van hem was ook stom verbaasd en vroeg ook hoe ik dat voor elkaar had gekregen, ik zeg nou noemde gewoon jullie fouten op
[23:25:45] <Boots> Mja gelijk halen heb ik nooit gedaan
[23:25:50] <Boots> Kost me teveel kostbare energie
[23:25:52] <Fem_LittleLady> Ja ik wel
[23:25:59] <Boots> Verdienen zij niet
[23:26:03] <Boots> Ik misschien het geld wel 
[23:26:15] <Boots> Maar aan die mensen mijn kostbare energie besteden..
[23:26:16] <Boots> Nah
[23:26:24] <Fem_LittleLady> Ik heb destijds een brief gekregen dat ze heel veel fouten hebben gemaakt, want ik was helemaal furius
[23:26:29] <Boots> Mijn energie/gezondheid is me meer waard dan dat
[23:26:50] <Fem_LittleLady> Ze hebben bij mijn man medicatie vergeten, behandelingen gewoon overgeslagen en gaven hem een chemokuur alsof ze een lolly uitdeelden
[23:26:57] <Boots> Trek m'n mond wel open als ik t er niet mee eens ben
[23:27:09] <Boots> Of ga naar huis en denk w/e ik regel t elders wel weer
[23:27:22] <Boots> hehehe ja zijn ook snoepjes
[23:27:24] <Fem_LittleLady> O ja en niet handen wassen he met bloedprikken, nou dat heeft die vrouw geweten
[23:27:28] <Boots> Verdien je lekker veel mee
[23:27:28] <Redhead> ok , ik gaat s bankhangen
[23:27:34] <Redhead> fijne avond nog!
[23:27:37] <Boots> hehehe goed plan Redhead
[23:27:45] <Fem_LittleLady> fijne avond
[23:27:49] <Boots> Ik snap niet dat ze alcohol op huid doen
[23:27:53] <Boots> Alle goede bacterien ook dood
[23:27:55] *** Joins: Stuiterbal (Stuit@2001:980:5281:1:59cc:402c:624e:d828)
[23:28:10] <Fem_LittleLady> Ik snap niet dat iemand zo binnenkomt en zo even wil gaan bloedprikken
[23:28:12] <Boots> Maar fem echt
[23:28:13] <Boots> Chill
[23:28:20] <Fem_LittleLady> jazekers
[23:28:26] <Boots> Ja doe je hier niet
[23:28:30] <Fem_LittleLady> krijg net lief berichtje van ijn vriendje
[23:28:46] <Boots> :)
[23:28:48] <Fem_LittleLady> Ben zo blij met hem he
[23:29:09] <Boots> Lieve vriendjes ftw
[23:29:15] <Boots> Al lang samen?
[23:29:33] <Fem_LittleLady> 3,5 jaar
[23:29:51] <Fem_LittleLady> https://scontent.xx.fbcdn.net/hphotos-xal1/v/t1.0-9/3393_1148232125210803_685088165418301769_n.jpg?oh=a926bfbb3a9749b6a37c59538b453df8&oe=577E54A6
[23:29:56] <Fem_LittleLady> Dit zijn wij samen
[23:30:52] <Boots> Cute
[23:31:34] <Fem_LittleLady> Hoe oud schat je hem
[23:31:43] <Boots> Goh euhh
[23:31:45] <Boots> Goede vraag
[23:31:47] <Fem_LittleLady> ben benieuwd
[23:32:03] <Boots> Schatten is lastig
[23:32:05] <Boots> *kijkt nog eens*
[23:32:24] <Boots> 46
[23:32:32] <Fem_LittleLady> Nee
[23:32:38] <Boots> Roodfilter ook maar ff uit want daar lijkt iedereen 10 jaar jonger mee
[23:32:49] <Fem_LittleLady> hahaha nee hij is 51
[23:33:15] <Boots> Ja ik wilde wel boven de 45 schatten iig
[23:33:30] <Boots> :D
[23:33:43] <Fem_LittleLady> Maar soms als hij moe is, dan ziet hij er wel oud uit
[23:33:44] <Boots> Maar mensen geven m minder ofzo?
[23:33:46] <Boots> hehehehe
[23:33:50] <Fem_LittleLady> Ja heel vaak
[23:34:04] <Fem_LittleLady> Laatst een moeder die zei, ja kwam een jonge vent je dochter ophalen
[23:34:11] <Fem_LittleLady> ik zeg een jonge vent?
[23:34:15] <Fem_LittleLady> ja jaar of 40
[23:34:25] <Fem_LittleLady> ik zeg ooh dat is mijn vriend die is 51
[23:34:43] <Boots> :P
[23:34:45] <Fem_LittleLady> Dan schrikken ze vaak wel
[23:34:52] <Boots> Lekker mensen laten schrikken
[23:34:57] <Boots> Is je sterke kant onnie
[23:35:05] <Fem_LittleLady> Soms krijg ik ook wel eens van die opmerkingen
[23:35:18] <Fem_LittleLady> Ja ik heb dikke lol altijd
[23:35:54] <Fem_LittleLady> mensen schrikken ook vaak van de hond, heb ik de deur half open, dus alleen de bovenkant, en dan ineens spring dat beest tevoorschijn
[23:35:57] <Boots> Je vraagstelling verraadde natuurlijk wel dat t anders was dan de meesten zouden denken
[23:36:07] <Boots> Maar 60 zeggen leek me ook weer overdreven
[23:36:09] *** Quits: t4rt4rus (t4rt4rus@s559686af.adsl.online.nl) (Ping timeout: 66 seconds)
[23:36:15] <Fem_LittleLady> Ja mijn man werdt altijd ouder geschat
[23:36:27] <Fem_LittleLady> vooral als hij na een week de vrachwagen uit kwam rollen
[23:36:37] <Boots> Ik moet nog ff leren shockeren soms
[23:38:01] <Fem_LittleLady> Ik hou ook wel van beetje lol trappen
[23:38:15] <Fem_LittleLady> heb een buurman verderop van 80 en die scheurt nog op zijn r1 rond
[23:38:31] <Fem_LittleLady> dus sta met hem te praten, hij zegt heb je mijn motor wel eens gezien
[23:38:52] <Fem_LittleLady> ik zeg nee, doe es even, dus hij zijn mobiel erbij en zoekt een foto en zegt vol trots kijk eens dit is hem
[23:39:10] <Fem_LittleLady> Ik kijk ernaar, ik zeg, oohh jij bent die gek die mij altijd aan het afsnijden is
[23:39:47] <Fem_LittleLady> Hij lachen, blijkt het de opa  te zijn van mijn nichtjes man
[23:43:12] <Jeroen> allemaal incest daar in drenthe
[23:44:04] <Fem_LittleLady> Hahaha nee is aangetrouwd
[23:46:45] <Boots> Ik heb zin in meer quiche
[23:46:51] <Boots> Maar dan moet ik naar beneden
[23:46:56] <Boots> Dat is nog niet het issue
[23:47:04] <Boots> Maar weer naar boven moeten wel
[23:47:27] <Fem_LittleLady> hahaha
[23:47:42] <Fem_LittleLady> Heb even gezocht, maar dit was mijn man
[23:47:46] <Fem_LittleLady> https://scontent.xx.fbcdn.net/v/t1.0-9/1521435_266722676847691_2692244157898098694_n.jpg?oh=863102f066b1a56a1dba4014a611dcc8&oe=57873B14
[23:48:21] <Fem_LittleLady> op dat moment lichtelijk zat op een feestje, mijn  moeder kreeg ook hoge bloeddruk van waar komt mijn dochter nou weer mee aan
[23:48:21] *** Joins: Beer`__ (beer@5ED0808C.cm-7-1c.dynamic.ziggo.nl)
