[00:05:52] *** Quits: Guyver2 (Guyver2@guyver2.xs4all.nl) (Exit)
[00:28:43] <Bertone> trusten all ( wie er nog zijn of zo) :)
[00:29:30] *** Quits: Teckna (jonathan@52487D74.cm-4-1b.dynamic.ziggo.nl) (Ping timeout: 66 seconds)
[00:41:27] <rawplayer> hallo
[00:46:31] *** Joins: Teckna (jonathan@52487D74.cm-4-1b.dynamic.ziggo.nl)
[00:51:31] *** Quits: SCHAPiE (dorian@dhcp-077-249-247-124.chello.nl) (Exit)
[01:21:41] *** Quits: Vipertje (tweak@54182E79.cm-5-1a.dynamic.ziggo.nl) (Exit)
[01:30:59] *** Quits: rhod (rhod@86.85.193.196) (Exit)
[02:03:00] *** Quits: coreblink (coreblink@145.132.131.160) (Ping timeout: 66 seconds)
[02:04:14] *** Quits: Teckna (jonathan@52487D74.cm-4-1b.dynamic.ziggo.nl) (Ping timeout: 67 seconds)
[02:06:39] *** Joins: Teckna (jonathan@52487D74.cm-4-1b.dynamic.ziggo.nl)
[02:11:31] *** Quits: Teckna (jonathan@52487D74.cm-4-1b.dynamic.ziggo.nl) (Ping timeout: 68 seconds)
[02:15:15] <Salvad0R> hoi
[02:15:54] <Salvad0R> ik zat gister op het terras met 12 studentes
[02:15:57] <Salvad0R> uit noorwegen
[02:16:00] <Salvad0R> allemaal blond
[02:16:10] <Salvad0R> allemaal studeren ze 2e jaar fysiotherapie
[02:16:19] <Salvad0R> Yep. De Salvad0R got it Locked Down like dat.
[02:17:35] <Salvad0R> uiteindelijk gewoon in een kaas pussy beland
[02:17:36] <Salvad0R> daar niet van
[02:17:40] <Salvad0R> ook blond
[02:17:42] <Salvad0R> jeweet.
[02:18:50] <Salvad0R> Nee Boots
[02:18:54] <Salvad0R> die worden niet zo snel muf
[02:19:10] <Salvad0R> ik deed nog meer gister, naast in tenten vol 20 jarigen staan
[02:19:19] <Salvad0R> https://www.youtube.com/watch?v=2aeac-fjwt0
[02:19:21] <digibot> Title: Protoje - Who Dem A Program (Official Music Video) - YouTube (at www.youtube.com)
[02:19:44] <Stuiterbal> k
[02:19:57] <Salvad0R> word
[02:23:48] <Salvad0R> https://www.youtube.com/watch?v=KUBoiELwio4
[02:23:50] <digibot> Title: Bob Marley Rastaman chant feat Flipmode Squad & Busta Rhymes - YouTube (at www.youtube.com)
[02:23:52] <Salvad0R> ya cant win the other way
[02:25:08] *** Joins: Teckna (jonathan@52487D74.cm-4-1b.dynamic.ziggo.nl)
[02:30:06] *** Joins: rhod (rhod@86.85.193.196)
[02:34:47] *** Quits: Teckna (jonathan@52487D74.cm-4-1b.dynamic.ziggo.nl) (Ping timeout: 60 seconds)
[02:37:40] *** Quits: welly7 (willy@ip503c7f23.speed.planet.nl) (Ping timeout: 60 seconds)
[02:37:40] *** Quits: wirky (werken@ip503c7f23.speed.planet.nl) (Ping timeout: 60 seconds)
[02:40:11] *** Joins: Teckna (jonathan@52487D74.cm-4-1b.dynamic.ziggo.nl)
[02:42:27] *** Joins: welly7 (willy@ip503c7f23.speed.planet.nl)
[02:43:05] *** Quits: rhod (rhod@86.85.193.196) (Exit)
[02:48:07] *** Quits: Teckna (jonathan@52487D74.cm-4-1b.dynamic.ziggo.nl) (Ping timeout: 66 seconds)
[02:49:06] *** Joins: Teckna (jonathan@52487D74.cm-4-1b.dynamic.ziggo.nl)
[02:50:48] *** Quits: Teckna (jonathan@52487D74.cm-4-1b.dynamic.ziggo.nl) (Ping timeout: 60 seconds)
[02:53:56] *** Joins: Teckna (jonathan@52487D74.cm-4-1b.dynamic.ziggo.nl)
[02:54:20] *** Quits: mrwazoo (mrwazoo@h102136.upc-h.chello.nl) (Ping timeout: 63 seconds)
[02:54:45] *** Joins: mrwazoo (mrwazoo@h102136.upc-h.chello.nl)
[02:55:56] *** Quits: Stuiterbal (Stuit@2001:980:5281:1:90eb:d236:8a0a:dee5) (Exit)
[02:56:18] *** Quits: Teckna (jonathan@52487D74.cm-4-1b.dynamic.ziggo.nl) (Ping timeout: 66 seconds)
[02:58:32] *** Joins: Teckna (jonathan@52487D74.cm-4-1b.dynamic.ziggo.nl)
[02:59:50] *** Quits: Teckna (jonathan@52487D74.cm-4-1b.dynamic.ziggo.nl) (Ping timeout: 60 seconds)
[03:04:26] *** Joins: Teckna (jonathan@52487D74.cm-4-1b.dynamic.ziggo.nl)
[03:06:22] *** Quits: Teckna (jonathan@52487D74.cm-4-1b.dynamic.ziggo.nl) (Ping timeout: 66 seconds)
[03:10:21] *** Joins: Teckna (jonathan@52487D74.cm-4-1b.dynamic.ziggo.nl)
[03:11:33] *** Quits: Teckna (jonathan@52487D74.cm-4-1b.dynamic.ziggo.nl) (Ping timeout: 66 seconds)
[03:17:12] *** Joins: Teckna (jonathan@52487D74.cm-4-1b.dynamic.ziggo.nl)
[03:24:49] *** Quits: Teckna (jonathan@52487D74.cm-4-1b.dynamic.ziggo.nl) (Ping timeout: 60 seconds)
[03:25:18] *** Joins: Teckna (jonathan@52487D74.cm-4-1b.dynamic.ziggo.nl)
[03:30:40] *** Quits: Teckna (jonathan@52487D74.cm-4-1b.dynamic.ziggo.nl) (Ping timeout: 60 seconds)
[03:33:58] *** Joins: Teckna (jonathan@52487D74.cm-4-1b.dynamic.ziggo.nl)
[03:42:08] *** Quits: Teckna (jonathan@52487D74.cm-4-1b.dynamic.ziggo.nl) (Ping timeout: 60 seconds)
[03:47:38] *** Joins: Teckna (jonathan@52487D74.cm-4-1b.dynamic.ziggo.nl)
[04:18:48] *** Quits: Teckna (jonathan@52487D74.cm-4-1b.dynamic.ziggo.nl) (Ping timeout: 66 seconds)
[04:21:05] *** Joins: Teckna (jonathan@52487D74.cm-4-1b.dynamic.ziggo.nl)
[04:22:17] *** Quits: Teckna (jonathan@52487D74.cm-4-1b.dynamic.ziggo.nl) (Ping timeout: 66 seconds)
[04:40:42] *** Joins: Teckna (jonathan@52487D74.cm-4-1b.dynamic.ziggo.nl)
[04:48:05] *** Quits: Teckna (jonathan@52487D74.cm-4-1b.dynamic.ziggo.nl) (Ping timeout: 67 seconds)
[04:49:12] *** Joins: Teckna (jonathan@52487D74.cm-4-1b.dynamic.ziggo.nl)
[04:50:19] *** Quits: Teckna (jonathan@52487D74.cm-4-1b.dynamic.ziggo.nl) (Ping timeout: 61 seconds)
[04:53:24] *** Joins: rhod (rhod@86.85.193.196)
[05:01:28] *** Quits: Salvad0R (asdfer@524BFA43.cm-4-4d.dynamic.ziggo.nl) (Exit)
[05:04:56] *** Joins: Teckna (jonathan@52487D74.cm-4-1b.dynamic.ziggo.nl)
[05:08:05] *** Quits: Teckna (jonathan@52487D74.cm-4-1b.dynamic.ziggo.nl) (Ping timeout: 66 seconds)
[05:27:04] *** Joins: Teckna (jonathan@52487D74.cm-4-1b.dynamic.ziggo.nl)
[05:30:49] *** Quits: Teckna (jonathan@52487D74.cm-4-1b.dynamic.ziggo.nl) (Ping timeout: 60 seconds)
[05:46:00] *** Quits: rhod (rhod@86.85.193.196) (Exit)
[05:57:02] *** Joins: Teckna (jonathan@52487D74.cm-4-1b.dynamic.ziggo.nl)
[05:58:09] *** Quits: Teckna (jonathan@52487D74.cm-4-1b.dynamic.ziggo.nl) (Ping timeout: 60 seconds)
[06:33:09] *** Joins: Teckna (jonathan@52487D74.cm-4-1b.dynamic.ziggo.nl)
[06:34:16] *** Quits: Teckna (jonathan@52487D74.cm-4-1b.dynamic.ziggo.nl) (Ping timeout: 61 seconds)
[07:00:32] *** Joins: Teckna (jonathan@52487D74.cm-4-1b.dynamic.ziggo.nl)
[07:02:57] *** Quits: Teckna (jonathan@52487D74.cm-4-1b.dynamic.ziggo.nl) (Ping timeout: 60 seconds)
[07:05:16] *** Joins: Teckna (jonathan@52487D74.cm-4-1b.dynamic.ziggo.nl)
[07:08:22] *** Quits: Teckna (jonathan@52487D74.cm-4-1b.dynamic.ziggo.nl) (Ping timeout: 60 seconds)
[07:26:05] *** Joins: Teckna (jonathan@52487D74.cm-4-1b.dynamic.ziggo.nl)
[07:26:18] *** Joins: Teckna1 (jonathan@52487D74.cm-4-1b.dynamic.ziggo.nl)
[07:26:18] *** Quits: Teckna (jonathan@52487D74.cm-4-1b.dynamic.ziggo.nl) (Connection reset by peer)
[07:34:30] <rawplayer> hallo
[07:34:40] <rawplayer> !seen teckna
[07:34:41] <digibot> rawplayer: teckna was last seen in #fok 1w 3d 20h 50m 53s ago: <Teckna> :p
[07:35:59] * rawplayer knuffelt en kroelt zovty
[07:57:45] <rawplayer> !seen fiebel
[07:57:45] <digibot> rawplayer: fiebel was last seen in #fok 11h 14m 35s ago: <Fiebel> neeeuh
[07:57:48] <rawplayer> !seen fabis
[07:57:49] <digibot> rawplayer: fabis was last seen in #fok 2w 4d 10h 28m 38s ago: <Fabis> :<
[08:13:19] *** Joins: wirky (werken@ip503c7f23.speed.planet.nl)
[08:16:56] <wirky> segs
[08:17:05] <wirky> drugs
[08:17:11] <wirky> rog en roll
[08:17:21] <rawplayer> ja
[08:17:31] <rawplayer> en paarse regen in 1999
[08:19:19] <Spacecowboy> hoeren
[08:20:13] <rawplayer> NEUKEN NOOIT MEER WERKEN
[08:20:15] <Escovan> op gegeven moment wordt dat rochelen en rollen he wirky 
[08:20:39] <Spacecowboy> NOOIT MEER WERKEN
[08:20:51] <Spacecowboy> ohnee
[08:20:55] <Spacecowboy> dat lijkt me ook een beetje kut
[08:20:58] <Spacecowboy> tijd voor koffie
[08:21:16] <rawplayer> ja
[08:21:19] <rawplayer> en schijten
[08:21:31] <rawplayer> schijten als een beer
[08:21:42] <Spacecowboy> je eerst ff twee koffie dr in gieten
[08:21:48] <Spacecowboy> dan komt de machinerie zo op gang
[08:21:55] <rawplayer> zeker
[08:21:57] <rawplayer> zeekr
[08:22:04] <rawplayer> misschien kunnen we stereokakken
[08:22:32] <rawplayer> ik vraag mij wel af wat we voor biochemischedampen krijgen als onze gassen zich mengen
[08:22:36] <rawplayer> :P
[08:23:39] <Spacecowboy> ooohe
[08:23:41] <Spacecowboy> jezus
[08:23:42] <Spacecowboy> nou
[08:23:49] <Spacecowboy> ik denk dat chemelot daar niks bij is
[08:25:07] <rawplayer> idd
[08:25:14] <rawplayer> accuut opschalen naar grip 5
[08:25:20] <rawplayer> allemaal proefmetingen
[08:26:12] <Spacecowboy> :D
[08:26:37] <zovty> Hoi.
[08:26:46] <rawplayer> ijsje 
[08:26:47] <rawplayer> o/
[08:26:48] <rawplayer> je bent er 
[08:26:49] <rawplayer> o/
[08:26:52] <zovty> Pleyer.
[08:26:54] <zovty> Hi Jong.
[08:26:55] <zovty> Goeiemorgen.
[08:27:01] <zovty> Heb je een leuke dag gehad?
[08:27:07] <rawplayer> ja hoor ja
[08:27:16] <zovty> Mooi zo.
[08:27:21] <rawplayer> ik lig nu te ruften
[08:27:23] <rawplayer> op de bank
[08:27:27] <zovty> Och jongen wat heerlijk.
[08:27:29] <rawplayer> en ga zo even meesterlijk schijten
[08:27:30] <zovty> Heb je al een jointje op?
[08:27:33] <rawplayer> nee
[08:27:37] <zovty> O jammer.
[08:27:42] <zovty> Dat is vind ik het mooiste wat er is.
[08:27:48] <rawplayer> ja?
[08:27:55] <zovty> Als je kollegas om kwart over 8 aan de eerste koffie gaan, jij je eerste jointje aansteken.
[08:28:04] <rawplayer> op het werk?
[08:28:07] <zovty> Dan weet je dat het een goeie dag gaat worden.
[08:28:07] <zovty> nee.
[08:28:10] <zovty> Op je bank.
[08:28:12] <Spacecowboy> ik voel een lichte aandrang komen
[08:28:26] <zovty> Gewoon evne wachten, wordt vanzelf zwaarder.
[08:28:58] <rawplayer> heb je dat dan eens meegemaakt?
[08:29:03] <zovty> Wat?
[08:29:06] <rawplayer> dat mijn collega's om 8 uur aan de koffie gaan
[08:29:10] <rawplayer> en ik dan een jointje aansteek
[08:29:15] <zovty> Eh.
[08:29:19] <zovty> Nee, dat heb ik nog nooit meegemaakt.
[08:29:32] <rawplayer> maar je zegt net dat dat het mooiste is wat er is
[08:29:36] <zovty> :|
[08:29:42] <zovty> Laat maar weten wanneer je bui weer over is.
[08:29:47] <rawplayer> IK PLAAG JE JONG
[08:29:49] <rawplayer> IK PLAAG JE 
[08:29:50] <zovty> :|
[08:29:57] <zovty> IK KAN DAAR NIEtTegEN!!!
[08:30:02] <rawplayer> ja zo praat je soms ook tegen mij hoor
[08:30:08] <zovty> Ja, soms doe ik dat wel.
[08:30:13] <zovty> Maar vooral fabis doet dat hoor.
[08:30:18] <zovty> Oh zo irritant.
[08:30:20] <rawplayer> och dat zie ik niet
[08:30:21] <rawplayer> bij fabis
[08:30:26] <rawplayer> maar dat is omdat ik blind ben he
[08:30:26] <zovty> Dat geneuzel van over "me".
[08:30:27] <rawplayer> bij haar
[08:30:34] <zovty> En dingen die "moeten".
[08:30:38] <zovty> Ja.
[08:30:38] <rawplayer> nee
[08:30:41] <rawplayer> niet dat woord
[08:30:43] <rawplayer> ik haat moeten
[08:30:44] <rawplayer> echt
[08:30:47] <zovty> Jij bent verblindt door haar schoonheid.
[08:30:48] <rawplayer> dat woord heb ik uitgebannen
[08:30:51] <rawplayer> in mijn leven
[08:31:00] <zovty> Ja, dat had je veel eerder moeten doen.
[08:31:04] <Spacecowboy> godver
[08:31:04] <zovty> *padumtsh*
[08:31:10] <Spacecowboy> dat wordt echt een dikke unit
[08:31:12] <rawplayer> erm
[08:31:18] <Spacecowboy> nog snel ff koffie dr bij
[08:31:20] <Spacecowboy> voor max result
[08:31:29] <rawplayer> ik heb vaker dat de plee op het werk verstopt
[08:31:31] <rawplayer> en niet door het papier
[08:32:13] <zovty> Oh, hier is die vaak verstopt jong.
[08:32:32] <zovty> Echt serieus 1 keer in de maand is er wel zo'n rioolrat om weer eens wat door te spuiten of te wroeten.
[08:32:36] <zovty> En gewoon niet oplossen.
[08:32:48] <zovty> gewoon iedere maand die mannen weer bellen, factuurtje betalen, tot volgende maand!
[08:32:53] <rawplayer> ik vraag mij soms af of het toeval is dat het waterreservoir van een wc even groot is als de inhoud van een pot
[08:32:58] <rawplayer> of dat het een soort russich roulette is
[08:33:16] <zovty> Een perpetuum mobile rond je poep?
[08:33:22] <rawplayer> wat?
[08:33:29] <zovty> Och niks jong.
[08:33:39] <rawplayer> wat is een perpetuum mobile
[08:33:40] <zovty> Ik probeer stoer te doen met moelukke woorden.
[08:33:50] <zovty> Ja, dat is zo'n motortje dat altijd blijft draaien.
[08:33:55] <zovty> Zonder energie toe te voegen.
[08:34:06] * Boots duwt zovty
[08:34:15] <Boots> Ben je ook een perpetuum mobile?
[08:34:25] * zovty grijpt boots bij d'r poten en schudt d'r leeg.
[08:34:31] <zovty> Nee boots, dat ben ik niet.
[08:34:35] <Boots> Stom.
[08:34:38] <rawplayer> stom ja
[08:34:50] <zovty> Alles wat je zegt ben je zelft, met je kont door de helft.
[08:34:55] <Boots> Kop!
[08:35:05] <Boots> Kont is al doormidden
[08:35:06] <zovty> Wta?
[08:35:09] <zovty> Oh.
[08:35:27] <zovty> Ja, dan weet ik het ook niet meer.
[08:35:44] <Boots> Ik kreeg allemaal technische termen geleerd vroeger
[08:35:47] <Spacecowboy> [08:32:53]  <rawplayer>	ik vraag mij soms af of het toeval is dat het waterreservoir van een wc even groot is als de inhoud van een pot
[08:35:51] <Boots> Zoals perpetuum mobile
[08:35:54] <Spacecowboy> ja dat zat ik laatst ook te denken
[08:35:56] <Boots> Echt heel nuttig als kleuter
[08:36:05] <Spacecowboy> ik had 't toilet in antwerpen volgescheten
[08:36:07] <Boots> :')
[08:36:11] <Spacecowboy> en toen trok ik door
[08:36:11] <zovty> Ja, kleuters zijn nutteloos toch.
[08:36:13] <rawplayer> nice
[08:36:17] <Spacecowboy> precies gevuld tot aan de rand
[08:36:20] <rawplayer> ja
[08:36:21] <rawplayer> daarom
[08:36:24] <rawplayer> en dan denk je
[08:36:31] <rawplayer> klem ik mijzelf tussen de muur
[08:36:33] <rawplayer> of blijf ik staan
[08:36:33] <rawplayer> :D
[08:36:45] <zovty> Met jouw katachtigen reflexen :').
[08:36:45] <Boots> :?
[08:37:08] <Boots> rawr
[08:37:31] <Boots> Ik vraag me soms af wat die reflexen zijn
[08:37:51] <Boots> Ik hoor wel eens dingen en herken die niet van mijn rolmodel kat.
[08:38:17] <zovty> Dan moet je hem eens van je bed afduwen.
[08:38:46] <Boots> :(
[08:38:47] <Spacecowboy> mijn kat heeft ook een rolmodel
[08:38:49] <Spacecowboy> zeg maar
[08:38:54] <Boots> Lag die nog maar op mijn bed
[08:39:01] <Boots> *pinkt traantje weg*
[08:39:29] <Boots> Met rolmodel bedoel ik een beeld van een kat die je creeert door het hebben van 1
[08:39:34] <Boots> Ben ik nog te volgen?
[08:39:48] <rawplayer> ja boots
[08:39:51] <Boots> Oke.
[08:39:52] <rawplayer> twitter.com/boots
[08:40:14] <Boots> Ik vermoed dat die bezet is en ik het niet ben.
[08:40:22] <zovty> O!
[08:40:30] <zovty> Wie loop ik dan te estalken???
[08:40:41] <Boots> Het is wel een aziaat zie ij
[08:40:42] <Boots> ik
[08:40:47] <zovty> Oh, nice :7.
[08:41:04] <zovty> Oei!
[08:41:08] <Boots> Volgebs mij is het een man
[08:41:19] <Boots> Not sure
[08:41:20] <Boots> Help
[08:41:24] <zovty> Ik had toch peroneluk weer bijna een antisemitisme gedaaan op de frontpage! :o
[08:41:32] <rawplayer> gewoon doen
[08:41:38] <rawplayer> schijt aan regels
[08:41:40] <rawplayer> schijt aan hokjes
[08:41:40] <zovty> Ja, het wordt door de vingers gezien denk ik.
[08:41:48] <rawplayer> een mens is niet hetzelfde
[08:41:52] <rawplayer> punt
[08:42:01] <Boots> http://twitter.com/Boots
[08:42:05] <digibot> Title: Boots (@Boots) | Twitter (at twitter.com)
[08:42:05] <Boots> Hep nou
[08:42:09] <Boots> help
[08:42:09] <zovty> De anne frank stichting gaat nu nog een huis kopen, want cultureel erfgoed en blablbablablabla.
[08:42:15] <Boots> Ik ben confuzzled
[08:42:35] <zovty> Ik had gezegd: "Haar kennende zal ze het wel goed vinden om dit uit te blijven melken"
[08:42:40] <zovty> Maar dat mag je natuurlijk neit zeggen over een joods iemand.
[08:42:53] <Boots> Lekker Anne Frank melken met zovty
[08:43:04] <zovty> Skwiekieskwiekie.
[08:43:17] <Boots> Bedoelt u: kiwi?
[08:43:27] <zovty> Kwiwi.
[08:43:36] <rawplayer> wie?
[08:43:39] <Boots> Kiki
[08:43:39] <zovty> Kwiwi.
[08:43:54] <rawplayer> wie?
[08:44:35] <zovty> kwiwi.
[08:44:38] <zovty> Die is zo leuk.
[08:44:43] <zovty> Maar meer van het forum.
[08:44:46] <zovty> !seen kwiwi
[08:44:47] <digibot> zovty: I have not seen kwiwi.
[08:45:12] <rawplayer> ja
[08:45:15] <rawplayer> van het forum
[08:46:34] <Boots> Je bent zelf van het forum.
[08:47:09] <zovty> >:(
[08:47:12] <zovty> Wat heb jij vandaag?
[08:49:16] <Spacecowboy> welk forum?
[08:50:10] <Boots> Niet zoveel gepland?
[08:50:21] <rawplayer> :/
[08:50:25] <zovty> :|
[08:50:28] <zovty> Ik heb ook geen plannen.
[08:50:32] <zovty> Anders dan lekker eten.
[08:50:32] <rawplayer> ik wel
[08:50:35] <rawplayer> nieuwe sneakers kopen
[08:50:36] <zovty> Ja, jij wel.
[08:50:38] <rawplayer> chillen
[08:50:38] <zovty> O.
[08:50:41] <rawplayer> wat dingen inpakken
[08:50:42] <rawplayer> schijten
[08:50:43] <zovty> Ik dacht dat je moest verhuizen.
[08:50:44] <rawplayer> fappen
[08:50:47] <Boots> Ik heb ook nieuwe schoenen nodig
[08:50:47] <rawplayer> grootste is morgen
[08:50:51] <zovty> Oh.
[08:50:51] <Boots> Geen zin om te halen
[08:50:55] <zovty> Ik heb ook nieuwe schoenen nodig.
[08:50:56] <Boots> Ik ga wel voor slippers
[08:50:57] <rawplayer> is niet meer veel
[08:50:59] <zovty> Maar ik kan niet kiezen.
[08:51:05] <Boots> Ik vind schoenen niet fijn
[08:51:09] <rawplayer> ik heb 10 paar
[08:51:09] <rawplayer> ofzo
[08:51:12] <rawplayer> <4
[08:51:13] <rawplayer> <3
[08:51:17] <zovty> Ja, het liefste zou ik ook op billen lopen.
[08:51:22] <Boots> Mijn slippers zijn kwijt
[08:51:27] <rawplayer> das zo fijn
[08:51:30] <rawplayer> op billen lopen
[08:51:32] <Boots> Mja ik kan mezelf niet zo goed warm houden
[08:51:39] <rawplayer> en op tetjes lopen
[08:51:48] <Boots> Veel kou verloren via voetzolen
[08:52:06] <Boots> Dus dan maar weer schoenen
[08:52:09] <Spacecowboy> tralalalala
[08:52:12] <Spacecowboy> vandaag weer geld 
[08:52:16] <rawplayer> GELD
[08:52:19] <Spacecowboy> eens denken wat ik ga kopen
[08:52:20] <zovty> Ja, ik hoop het ook hier.
[08:52:24] <rawplayer> te veel om niet arm te zijn
[08:52:26] <zovty> MAar officieel maandag.
[08:52:27] <rawplayer> en te weinig om rijk te zijn
[08:52:34] <rawplayer> precies zoals rothschild het wil
[08:52:40] * rawplayer ook
[08:52:42] <rawplayer> O+
[08:52:45] <zovty> Och och.
[08:52:55] <zovty> Ik zou wel 100 miljoen willen.
[08:52:57] <Boots> Morgen weer geld denk ik
[08:52:58] <Spacecowboy> als de 24e op zondag valt storten ze bij ons altijd voor 't weekend
[08:53:08] <Boots> Ohnee dat kan idd niet
[08:53:08] <Spacecowboy> oh en de salarisverhoging zit er bij
[08:53:10] <Boots> Dan vandaag
[08:53:14] <zovty> Ja, volgens mij hier alleen als het op zaterdag.
[08:53:16] <Spacecowboy> O+
[08:53:28] <zovty> Als het goed is zit mijn salarisverhoging er ook bij *O* *O*
[08:53:35] <zovty> 1 gratis ijsje!
[08:53:40] <zovty> Och jongens zo lekker.
[08:53:42] <zovty> Ik neem vanille.
[08:53:47] <Boots> 1 euro verhoging?
[08:54:38] *** Quits: Teckna1 (jonathan@52487D74.cm-4-1b.dynamic.ziggo.nl) (Ping timeout: 60 seconds)
[08:54:39] <zovty> Ja.
[08:55:20] <Boots> Wauw.
[08:55:35] <Boots> Ik heb ook wel zin in een ijsje
[08:56:02] <Boots> Volgens mij zijn de bolletjes hier 70 cent
[08:56:12] <Boots> Dan zal het hoorntje misschien 30 zijn
[08:56:15] <Boots> Neem jij die dan?
[08:56:51] <zovty> Eh, ja, dat is goed.
[08:56:53] <zovty> Maar wel voor mij he.
[08:56:57] <Spacecowboy> [08:54:39]  <zovty>	Ja.
[08:56:58] <Spacecowboy> nice
[08:57:00] <Spacecowboy> wou dat ik dat had
[08:57:12] <zovty> Ja.
[08:57:33] <zovty> Ja, eigenlijk is het 300 euro erbij, maar dat is weer zo overdreven.
[08:57:42] <rawplayer> bruto
[08:57:43] <Spacecowboy> ja precies
[08:57:47] <rawplayer> :|
[08:57:50] <zovty> Jaa, bruto.
[08:57:55] <Spacecowboy> ik had 7%
[08:58:03] <Spacecowboy> maar 7% van niks i snog steeds niks
[08:58:06] <bReChThOu> sup
[08:58:22] <zovty> Brechten.
[08:58:24] <bReChThOu> gewoon van baan veranderen :+
[08:58:33] <zovty> Ohja!
[08:58:34] <bReChThOu> zit toch in de detachering dus mn werkgever boeit me geen zak
[08:58:40] <zovty> Ik zou wel een succesvol pornoacteur willen zijn.
[08:58:52] <Spacecowboy> Brecht
[08:58:54] <Spacecowboy> sup
[08:58:58] <Spacecowboy> nepnederlander
[08:59:00] <Spacecowboy> :P
[08:59:02] <bReChThOu> werken wie ne malle
[08:59:05] <Spacecowboy> GRAPJE
[08:59:07] <Spacecowboy> werken
[08:59:08] <Spacecowboy> oh
[08:59:10] <Spacecowboy> ja
[08:59:11] <Spacecowboy> vrijdag
[08:59:19] <bReChThOu> keihard mijne nikkel afdraaien voor een hongerloontje
[08:59:29] <Spacecowboy> ja ik heb ook net 3 dagen lopen slaven
[08:59:30] <zovty> Je nikkel afdraaien?
[08:59:34] <Spacecowboy> afdragen zul je
[08:59:37] <bReChThOu> ja, mijn nikkel afdraaien
[08:59:37] <zovty> Is dat niet pijnljk?
[08:59:52] <bReChThOu> http://www.vlaamswoordenboek.be/definities/term/afdraaien,+zijne+nikkel+~
[08:59:54] <digibot> Title: Het Vlaams woordenboek afdraaien, zijne nikkel ~ (at www.vlaamswoordenboek.be)
[09:00:21] <zovty> Fijn, goeie link.
[09:00:28] <zovty> "Brecht heeft dit soort zelf verzonnen"
[09:00:46] <rawplayer> lief zijn tegen brecht
[09:00:48] <bReChThOu> :/
[09:00:48] <bReChThOu> ja
[09:00:55] <zovty> Brecht is ook lief.
[09:00:58] <rawplayer> tis een gevoelige jongen
[09:01:01] <rawplayer> ok
[09:01:07] <zovty> Ja, dat valt best mee denk ik.
[09:01:14] <zovty> Ik denk dat hij over lijken kan gaan als het moet.
[09:01:25] <bReChThOu> dat is wel waar
[09:01:42] <Boots> Wat is een nikkel?
[09:02:41] <Boots> En wat nou als je vrouw bent?
[09:02:45] <Boots> Is het dan ook nog zijne?
[09:03:23] <Spacecowboy> nikkel?
[09:03:28] <Spacecowboy> is dat een snikkel als ie slape is?
[09:03:30] <Spacecowboy> -e
[09:03:47] <Boots> http://www.vlaamswoordenboek.be/definities/term/nikkel
[09:03:49] <digibot> Title: Het Vlaams woordenboek nikkel (at www.vlaamswoordenboek.be)
[09:04:21] <Boots> Ja jij hebt zeker een Snikkel
[09:04:26] <Boots> Echte mannen hebben een Lnikkel
[09:04:42] <bReChThOu> :')
[09:04:50] <bReChThOu> ik heb een XXXLnikkel
[09:04:58] <Spacecowboy> haha
[09:05:00] <Boots> Dan wil niemand met je naar bed.
[09:05:03] <Spacecowboy> dat slapgebakken frietje
[09:05:05] <bReChThOu> klopt
[09:05:11] <Spacecowboy> :')
[09:06:57] <zovty> Friet!
[09:06:59] <zovty> Och jongens!
[09:07:05] <zovty> Zin! In! Friet!
[09:07:12] <Boots> Ik! Niet!
[09:07:16] <Boots> Ik heb net pasta op.
[09:07:23] <Boots> Ik wil meer maar dan moet ik nieuwe maken
[09:07:27] <Boots> Teveeeeelgedoe
[09:07:37] <rawplayer> chocopasta O+
[09:07:39] <zovty> Bootsje.
[09:07:40] <Boots> Nee
[09:07:41] <zovty> Wat leef jij toch raar.
[09:07:44] <Boots> Penne
[09:07:47] <zovty> Waarom is dat zo?
[09:07:54] <Boots> Ik ben het.
[09:07:59] <zovty> Jamaar hoe komt dat?
[09:08:15] <Boots> Omdat ik me niet laat weerhouden door wat anderen denken
[09:08:16] <Boots> ...
[09:08:18] <Boots> Ik lul.
[09:08:31] <zovty> :|
[09:09:11] <Boots> Mooi woord he?
[09:09:18] <Boots> Palindromen <3
[09:09:27] <Boots> Ik ga nog wel even over paling dromen
[09:10:00] <zovty> :|
[09:10:06] <zovty> Och och bootsje toch.
[09:13:54] <rawplayer> hoi
[09:14:01] <rawplayer> waar is fiebel
[09:14:06] <Spacecowboy> over rawplayer z'n paling?
[09:14:40] <rawplayer> 9
[09:14:41] <rawplayer> :9
[09:16:10] <Boots> Nee nier over een slapgebakken frietje
[09:16:49] <Boots> niet*
[09:18:23] <rawplayer> :|
[09:19:54] <zovty> :|
[09:20:16] <zovty> Ik heb uit doorgaans betrouwbare bronnen vernomen dat rawplayer in z'n broek juist wel indrukwekkend is.
[09:21:37] <Boots> Och buur wat is een container toch een geweldige klankkast he
[09:26:35] *** Joins: Teckna (jonathan@52487D74.cm-4-1b.dynamic.ziggo.nl)
[09:26:53] <Spacecowboy> http://www.nrc.nl/next/2016/04/18/opstand-burger-bereikt-nu-ook-de-wereldeconomie-1612057
[09:26:55] <digibot> Title: Opstand burger bereikt nu ook de wereldeconomie - NRC (at www.nrc.nl)
[09:31:10] <rawplayer> ijsje het gaat toch om de truukjes?
[09:31:26] <rawplayer> ik ben er niet zo in thuis
[09:32:40] <zovty> Sorry?
[09:32:53] <zovty> Oh.
[09:32:53] <zovty> Nee.
[09:32:56] <zovty> Dat is je tong.
[09:33:05] <zovty> Als het om de penis gaat willen vrouwen gewoon groot en dik.
[09:34:10] <Spacecowboy> en kloppend
[09:34:20] <Spacecowboy> beaderde liefdespaling
[09:35:08] <Boots> Hard.
[09:35:21] <wirky> 3-koppig-roterende tropische koningspython met liefde
[09:35:32] <Boots> Niet per se groot ook nie te dik
[09:35:35] <rawplayer> zovty: oh echt?
[09:35:58] <zovty> Ik weet het niet.
[09:36:11] <rawplayer> ijsje maar het gaat er toch om dat jij de seks goed vind?
[09:36:15] <rawplayer> en je cum aardig kan droppen?
[09:36:21] <rawplayer> wat maakt het uit wat de vrouw wil?
[09:36:21] <zovty> Ja, maar daar heb jij niks aan.
[09:36:28] <rawplayer> erm?
[09:36:36] <zovty> He?
[09:36:53] <rawplayer> wat?
[09:36:57] <zovty> ?
[09:37:03] <rawplayer> waar is fiebel
[09:37:05] <rawplayer> ik kan hier niet tegen
[09:37:11] <zovty> Waar niet?
[09:37:22] <rawplayer> hier
[09:37:39] <zovty> Dan ga je ergens anders heen.
[09:41:16] <rawplayer> okay
[09:44:08] <zovty> Och jognens toch.
[09:44:19] <zovty> Gistseren was ik zo lekker productief bezig aan m'n hobbie projectje.
[09:44:28] <zovty> Alles ging ineens werken en ik snapte weer waar ik mee bezig was.
[09:44:36] <Redhead> morrie
[09:44:37] <zovty> Het werkt al bijna 24h stabiel.
[09:44:39] <zovty> He reddie.
[09:44:47] <Redhead> he zovtelie
[09:44:52] <zovty> En nou denk ik; joh ik ga even een C++ linter in me vim installerne.
[09:44:54] <zovty> En ik heb geen idee.
[09:44:55] <zovty> Alels kwijt.
[09:45:04] <zovty> Ik weet niet waar ik moet beginnen of waar ik heen wil.
[09:45:09] <zovty> GEEN! IDEE!
[09:45:13] <Redhead> ojee
[09:45:38] <Redhead> dan maar fokken eh in je 
[09:45:46] <zovty> Ja.
[09:45:46] <Redhead> werktijd
[09:45:50] <zovty> Oh, ja.
[09:45:56] <zovty> Maar is toch voor me hobbieprojectje he.
[09:46:02] <zovty> Dus netto verliest m'n baas niet meer of minder tijd.
[09:48:30] *** Joins: Guyver2 (Guyver2@guyver2.xs4all.nl)
[09:51:50] <rawplayer> ijsje
[09:51:57] <rawplayer> ik wil niet dat je het zo bekijkt
[09:52:03] <rawplayer> die dingen die je leert
[09:52:06] <rawplayer> met je hobbyproject
[09:52:13] <rawplayer> gebruik je toch ergens weer bij je baas he
[09:53:34] <zovty> Ja, nou, nee.
[09:53:35] <zovty> :)
[09:53:39] <zovty> Maar het scherpt mijn geest.
[09:53:45] <zovty> En daar doet de hele wereld z'n voordeel mee.
[09:54:01] *** Quits: Teckna (jonathan@52487D74.cm-4-1b.dynamic.ziggo.nl) (Ping timeout: 60 seconds)
[09:54:02] <rawplayer> ah ja
[09:54:02] <rawplayer> ik merk het
[09:54:04] <rawplayer> in mijn broekje
[09:54:11] <rawplayer> mijn scherp broekje
[09:54:16] <zovty> Jouw lieve kleine broekje.
[09:54:21] <SJ> mogge
[09:54:25] <zovty> Hej sj.
[09:55:12] *** Joins: Teckna (jonathan@52487D74.cm-4-1b.dynamic.ziggo.nl)
[10:15:31] <milkshake> lekkere popjes
[10:15:51] <milkshake> ik kijk uit naar Zaterdag he 
[10:15:54] <milkshake> lekker selfcare saturday
[10:19:24] *** Joins: Fiebel (PrincessCo@d77048.upc-d.chello.nl)
[10:19:32] <Fiebel> wAAAAR IS MIJN PROTEINE?!!!
[10:19:37] <Fiebel> WAAAAAAAAAAAAAAAAR IS MIJN WHEeeeeeeeeeeeey
[10:19:41] <Fiebel> WAAR ZIJN MIJN AVOCADOS?!!
[10:19:46] <Fiebel> WAAAAAAAAAAAAAR IS MIJN KIPFILET
[10:25:27] <Fiebel> hihihihi
[10:25:29] <Fiebel> ik zag bierbie
[10:25:32] <Fiebel> op een tab
[10:25:34] <Fiebel> met dr tong druit
[10:25:36] <Fiebel> gihhihhihihihi
[10:30:06] *** Joins: coreblink (coreblink@145.132.131.160)
[10:39:00] *** Quits: Teckna (jonathan@52487D74.cm-4-1b.dynamic.ziggo.nl) (Ping timeout: 66 seconds)
[10:39:43] <zovty> Fiebie.
[10:39:51] <zovty> Milkie.
[10:48:22] <Fiebel> zovty
[10:49:47] <Fiebel> spierballe voele?
[10:58:04] <zovty> Jahoor.
[10:58:19] * zovty voelt ffies aan fabis ballen.
[10:58:22] <zovty> Lekker hoor.
[10:58:23] <zovty> Pwepppwep.
[10:58:28] * Fiebel flext
[11:01:59] <zovty> Flexi.
[11:02:37] *** Joins: Teckna (jonathan@52487D74.cm-4-1b.dynamic.ziggo.nl)
[11:13:50] *** Quits: Fiebel (PrincessCo@d77048.upc-d.chello.nl) (Exit)
[11:15:03] <zovty> Dag fiebie.
[11:23:58] *** Quits: Teckna (jonathan@52487D74.cm-4-1b.dynamic.ziggo.nl) (Ping timeout: 60 seconds)
[11:31:52] *** Joins: karel (Mibbit@213.219.147.5.adsl.dyn.edpnet.net)
[11:33:04] *** Quits: karel (Mibbit@213.219.147.5.adsl.dyn.edpnet.net) (Exit)
[11:40:13] *** Joins: Teckna (jonathan@52487D74.cm-4-1b.dynamic.ziggo.nl)
[11:45:38] <Escovan> Oh jonges!
[11:45:49] <Escovan> Het is vandaag zo´n moooooie dag
[11:45:55] <Escovan> Weten jullie waarom?
[11:51:43] <SJ> don't know, don't care 
[11:52:30] <Escovan> Het is gratis-geld dag!
[11:53:07] <SJ> ach ja, da's waar ook, Escovan 'ik-doe-geen-f
[11:53:21] <SJ> likker-en-ben-er-nog-trots-op-ook' 
[11:53:28] <SJ> what else is new :)
[11:53:52] <Escovan> Ik ben er niet trots op. En wat voor wereldwonder heb jij bewerktstelligd? 
[11:54:30] <Escovan> Beetje op je werk IRC´en is nog duurder dan gewoon toegeven dat je het niet kan.
[11:54:45] <SJ> awwww, wat lief toch <3
[11:54:49] * SJ aait Escovan 
[11:54:55] <SJ> koetsjie, koetsjie 
[11:56:09] <Spacecowboy> [11:54:30]  <Escovan>	Beetje op je werk IRC´en is nog duurder dan gewoon toegeven dat je het niet kan.
[11:56:12] *** Quits: Teckna (jonathan@52487D74.cm-4-1b.dynamic.ziggo.nl) (Ping timeout: 60 seconds)
[11:56:16] <Spacecowboy> maar dat wordt niet afgewenteld op de maatschappij
[11:56:18] <Spacecowboy> maar op je werkgever
[11:56:19] <Spacecowboy> :P
[11:56:25] <SJ> :)
[11:56:45] <Spacecowboy> SJ 
[11:56:48] <SJ> daarnaast, heb je wel eens gehoord van het begrip 'lunchpauze' Escovan ? 
[11:56:49] <Spacecowboy> lopend whiskyvat
[11:56:59] <Spacecowboy> ik ga zo nog eens 'n fles kopen
[11:57:03] <SJ> Spacecowboy: ouwe whiskysnuivert
[11:57:03] <Spacecowboy> wat zal ik kopen?
[11:57:35] <SJ> Lagavullin 16yo wel eens gehad?
[11:58:29] <Escovan> <SJ> likker-en-ben-er-nog-trots-op-ook'  - Ja, was echt mijn jongensdroom om later 75% van het minimumloon te verdienen en 15 jaar in behandeling te zitten. Flikker op man
[11:58:48] <Spacecowboy> yep
[11:58:51] <Spacecowboy> tijdje terug alweer
[11:58:54] <Spacecowboy> die maar weer eens doen
[11:59:24] <SJ> Escovan: prat gaan op het feit dat je een uitkering hebt en dat zeer regelmatig ventileren als middelvinger ('werken is voor de dommen'). Flikker op man
[11:59:41] <SJ> Spacecowboy: erg lekker indeed 
[11:59:52] <Escovan> die was van feej trouwens
[12:00:33] <Escovan> En het was ¨Werken is voor sukkelllzzzz¨ 
[12:00:53] <Escovan> En als je daar niet ziet dat het een grapje is, dan moet je je ook eens laten nakijken.
[12:01:26] <SJ> Escovan: je beseft niet helemaal hoe dat overkomt, zeker niet als je dat 3 keer per week roept
[12:02:04] <SJ> Spacecowboy: Bowmore 15 of 18yo is ook een aanrader
[12:02:39] <Escovan> onzin, doe ik niet. Ik ben gewoon terug gaan schoppen omdat ik 6 maanden lang doorlopend verwijten kreeg. Ga Tofik Dibi pesten ofzo.
[12:02:57] <Escovan> Ik heb heel wat werk gedaan waar jij je neus voor ophaalt.
[12:03:22] <SJ> <Deelder> Escovan heeft geen plaat voor ze kop, die loopt met een complete bunker voor ze taas </Deelder>
[12:03:34] <SJ> Escovan: hoe weet je dat precies? 
[12:03:59] <SJ> Escovan: aannames doen is zo makkelijk he
[12:04:07] <Escovan> QED.
[12:04:09] <Escovan> Goedzo
[12:04:26] <SJ> Escovan: gefeliciteerd! Je hebt de domme rukker award meer dan verdiend! :)
[12:12:43] *** Joins: Teckna (jonathan@52487D74.cm-4-1b.dynamic.ziggo.nl)
[12:18:09] *** Quits: Teckna (jonathan@52487D74.cm-4-1b.dynamic.ziggo.nl) (Ping timeout: 66 seconds)
[12:24:34] <rawplayer> hallo
[12:24:38] <rawplayer> ik ben er
[12:24:38] <Pandora> gezellig, rawplayer is er!
[12:24:49] <rawplayer> hard op de bank in slaap gevallrn
[12:24:55] <rawplayer> kolere
[12:25:18] <Spacecowboy> ik ben net ook nog even teruggegaan 
[12:25:19] <Spacecowboy> O+
[12:25:30] <rawplayer> nice nice
[12:25:32] <rawplayer> wat een leven
[12:25:38] <rawplayer> ik ga zo shitninpakken
[12:25:43] <rawplayer> ben bij besties
[12:25:46] <rawplayer> die zijn werken
[12:25:50] <Spacecowboy> oh nice
[12:25:51] <rawplayer> bezignmet verhuizing
[12:25:55] <Spacecowboy> ik ga zo ff shoppen
[12:25:59] <rawplayer> morgen gaat alles om
[12:26:07] *** Quits: coreblink (coreblink@145.132.131.160) (Exit)
[12:26:08] <Spacecowboy> dan vanavond ff met wat matties het bierlokaal onveiligmaken
[12:26:09] <rawplayer> nu ff laatste troepinpakke
[12:26:13] <rawplayer> nice nice
[12:26:37] <rawplayer> wagajeshoppen?
[12:28:52] <Spacecowboy> denk hier gewoon ff
[12:28:58] <Spacecowboy> moet ff nieuwe bril hebben
[12:29:07] <Spacecowboy> nieuwe zonnebril
[12:29:12] <Spacecowboy> nog ff wat schoenen
[12:29:22] <Spacecowboy> misschien nog ff langs de suitsupply ofzo
[12:29:30] <rawplayer> mijne heb ik bij blueprinteyewear.com gekocht
[12:29:52] <Spacecowboy> ja maar ik moet sowieso op sterkte
[12:30:02] <Spacecowboy> dus ga gewoon ff langs een fatsoenlijke brillenwinkel
[12:30:10] <Spacecowboy> pearl en hans anders ben ik echt helemaal klaar mee
[12:30:18] <Spacecowboy> wat een schrale zaken zijn dat
[12:30:29] <rawplayer> ah ja
[12:30:54] <Spacecowboy> maar mn zonnebril hoort eigenlijk nog bij mn vorige bril van 3 jaar terug
[12:31:02] <Spacecowboy> dus die kan ook wel ff vervangen worden
[12:35:30] *** Joins: Teckna (jonathan@52487D74.cm-4-1b.dynamic.ziggo.nl)
[12:35:45] <Spacecowboy> rawplayer
[12:35:51] <Spacecowboy> wat voor model zonnebril heb jij?
[12:50:08] *** Quits: TooL (x@ip172-92-210-87.adsl2.static.versatel.nl) (Ping timeout: 66 seconds)
[12:53:11] <Escovan> Wie dit elke dag in z´n mik stouwt mag van mij oordelen over arbeidscapaciteit. https://goo.gl/photos/2VvuyeKkqypYpPs66
[12:53:41] <Escovan> En nu ga ik heerlijk genieten van een biertje dat ik verdiend heb. Omdat ik dat zelf mag weten als volwassene.
[12:55:08] <zovty> Hoi.
[12:55:22] <Spacecowboy> he die pantozol heb ik ook
[12:55:31] <Spacecowboy> enne
[12:55:33] <Spacecowboy> #proost
[12:55:50] <Escovan> :)
[12:55:58] <zovty> Als er op een foldertje van een chinese massagesalon stat dat alle behandelingen mogelijk zijn behalve VIP dan bedoelen ze toch dat ze geen hoeren zijn?
[12:58:19] *** Joins: TooL (x@ip172-92-210-87.adsl2.static.versatel.nl)
[13:13:05] <Escovan> Nee zovty ¨Behalve Very Impressive Penises¨ 
[13:14:13] <SJ> ik zou dan eerder 'no happy end' verwachten
[13:26:19] <zovty> Ja, dat is ook weer zo wat om dat op je foldertje te zetten; massage zonder happy end.
[13:26:48] <zovty> U verlaat gegarandeerd gespannen en gestresst onze salon.
[13:34:24] *** Quits: TooL (x@ip172-92-210-87.adsl2.static.versatel.nl) (Ping timeout: 60 seconds)
[13:35:01] <rawplayer> Spacecowboy: http://www.blueprinteyewear.com/nl/noosa-black-midnight
[13:35:02] <digibot> Title: Noosa // Black Midnight zonnebril kopen | Blueprint® Eyewear Official Site (at www.blueprinteyewear.com)
[13:35:32] <rawplayer> oh goed idee
[13:35:33] <rawplayer> bier
[13:35:33] <rawplayer> !
[13:42:47] *** Joins: TooL (x@ip172-92-210-87.adsl2.static.versatel.nl)
[13:56:22] *** Joins: Stuiterbal (Stuit@2001:980:5281:1:5c7a:3b8d:d5b5:4031)
[14:00:36] *** Joins: rhod (rhod@86.85.193.196)
[14:00:46] <rawplayer> stuit o/
[14:25:21] <wirky> significantestuiterbel
[14:26:20] <Stuiterbal> wat
[14:26:30] <SJ> ohai Stuiterbal 
[14:26:38] <SJ> ons zonnetje in huis 
[14:26:51] <Stuiterbal> Hallo.
[14:27:01] <SJ> hoest?
[14:27:47] * Escovan steekt nog maar een peuk op. Heerlijk en *kuche*
[14:29:03] <wirky> japanse kersenbloesem staat nu in bloei
[14:29:41] <wirky> neem dan toch ns een bloemetje voor je vriendin mee
[14:29:52] <wirky> koop die doos chocola
[14:29:55] <Stuiterbal> Ouder worden & life sucks, toch, SJ?
[14:30:41] <wirky> geef haar die verwenweekend
[14:31:20] <wirky> want als ze thuiskomt
[14:31:28] <wirky> gaat ze rijden op die ponyy
[14:34:35] <Stuiterbal> Ik begrijp werkelijk niks van wat je nu zegt.
[14:35:30] <wirky> Wie is die ik
[14:35:36] <SJ> Stuiterbal: het leven zuigt, en altijd op de verkeerde plek :)
[14:35:47] <Stuiterbal> :(
[14:36:11] <SJ> joh, niet zo dramatisch 
[14:36:34] <bReChThOu> of door de verkeerde persoon
[14:36:39] <bReChThOu> bv een ouder familielid
[14:38:07] <Stuiterbal> eh, zeggen?
[14:38:10] <Stuiterbal> *zuigen
[14:51:05] *** Quits: TooL (x@ip172-92-210-87.adsl2.static.versatel.nl) (Ping timeout: 60 seconds)
[14:54:27] <welly7> @zittingszaal14 11m11 minutes ago
[14:54:27] <welly7> Overvaller dekt zichzelf in. Hij roept: Dit is geen gewapende overval als je meewerkt, 50 euro is genoeg. Juridisch vast niet houdbaar #z14
[14:55:15] <bReChThOu> "als je meewerkt" :')
[14:56:02] <welly7> geef die man 50 euro
[14:59:50] *** Joins: TooL (x@ip172-92-210-87.adsl2.static.versatel.nl)
[15:15:14] <Stuiterbal> Ik had €75 gegeven, voor de moeite
[15:16:57] *** Joins: Hieronymus (Mibbit@wlan-145-94-194-108.wlan.tudelft.nl)
[15:21:08] *** Quits: Guyver2 (Guyver2@guyver2.xs4all.nl) (Exit)
[15:25:33] <wirky> Is er nou een resolutie aangenomen op die drugstop in NY
[15:25:44] <rawplayer> ja, 1024x768
[15:26:04] <wirky> okee
[15:26:14] <rawplayer> tevreden?
[15:26:23] <rawplayer> eerlijk zeggen
[15:26:28] <rawplayer> wirky: 
[15:27:01] <wirky> ik denk er even over na maar vooralsnog ben ik tevreden gestemd
[15:27:39] <rawplayer> okay mooi
[15:27:41] <wirky> jouw antwoord doet daar noch afbreuk noch toevoeging aan
[15:34:30] <Spacecowboy> GEFELICITEERD HE
[15:34:40] <Spacecowboy> OUWE VETSCHUIF
[16:04:03] <zovty> Hij heeft wel een mooi verjaardagskado gehad.
[16:04:08] <zovty> Hij mag z'n vrienden helpen met verhuizen.
[16:07:03] <zovty> Of helpen....
[16:07:07] <zovty> Hij moet z'n vrienden verhuizen.
[16:10:41] *** Quits: Stuiterbal (Stuit@2001:980:5281:1:5c7a:3b8d:d5b5:4031) (Exit)
[16:53:02] *** Quits: rhod (rhod@86.85.193.196) (Exit)
[17:11:17] *** Joins: BD (ok@ftth-083-247-022-153.solcon.nl)
[17:23:34] <rawplayer> dank ne
[17:26:36] <Redhead> gefeli aap , opdat je wat wijzer mag worden ,met de jaaaaaaaaaaaaaaaaaaaaaaaaaaren
[17:27:55] <Boots> Was gisteren toch ak?
[17:27:56] <Boots> al
[17:28:02] <Boots> Of had ik gewoon vroeg gefeliciteerd
[17:32:58] *** Joins: Fe2O3 (Fe2O3@h70248.upc-h.chello.nl)
[17:32:58] *** ChanServ sets mode: +o Fe2O3
[17:35:00] <Redhead> geen id Boots , lees net zovty`s zin in scherm
[17:35:53] <Boots> Ik las topic
[17:37:04] <Redhead> ah , die gaat meestal aan me voorbij
[17:37:05] <Redhead> :)
[17:40:10] *** Quits: Teckna (jonathan@52487D74.cm-4-1b.dynamic.ziggo.nl) (Ping timeout: 66 seconds)
[17:41:38] *** Joins: Teckna (jonathan@52487D74.cm-4-1b.dynamic.ziggo.nl)
[17:44:45] <Bertone> unne goeje smiddags
[17:44:59] <Bertone> en feli raw
[17:47:59] *** Quits: TooL (x@ip172-92-210-87.adsl2.static.versatel.nl) (Ping timeout: 68 seconds)
[17:52:58] <Redhead> hola Bertone 
[17:53:11] <Bertone> heeee Redje :)
[17:53:19] <Redhead> k heb s vroeg eten
[17:53:25] <Redhead> :)
[17:55:21] *** Quits: Teckna (jonathan@52487D74.cm-4-1b.dynamic.ziggo.nl) (Ping timeout: 60 seconds)
[17:55:39] *** Joins: Teckna (jonathan@52487D74.cm-4-1b.dynamic.ziggo.nl)
[17:55:46] <BD> Gefeliciteerd rawplayer!
[17:56:28] *** Joins: TooL (x@ip172-92-210-87.adsl2.static.versatel.nl)
[18:07:07] <Bertone> ik moet nog eten maken, ben eerst even in de tuin bezig geweest... gazon gemaaid wat onkruid verwijderd en 2 klapstoelen met de hogedruk spuit weer toonbaar gemakt :)
[18:09:29] *** Joins: Fiebel (PrincessCo@d77048.upc-d.chello.nl)
[18:09:31] <Fiebel> kbener
[18:12:46] <Redhead> alhoa fiebselie
[18:12:56] <Redhead> kusselkes op je voorhoofie
[18:13:05] <Fiebel> ha reddie! 
[18:13:07] <Fiebel> :***
[18:17:28] <rawplayer> oo
[18:17:29] <rawplayer> mm
[18:17:30] <rawplayer> gg
[18:17:42] <Fiebel> omgighigihhigihghighighihighighihigihghighighig
[18:21:05] <Redhead> Bertone: ik bonenstakenconstructie gemaakt
[18:21:07] <Redhead> :)
[18:21:20] <Bertone> goed zo :(
[18:21:22] <Bertone> :)
[18:21:23] <Bertone> ¶:)
[18:21:25] <Redhead> en wat plantjes n ander plekkie gegeven
[18:21:41] <Bertone> goed bezig Redje :)
[18:21:53] <Redhead> en hey , ipv alleen lantanas was ook melisse in mn kweekbakkie gevlogen van mn vorig plekje
[18:22:01] <Redhead> vond ik zo sweet
[18:22:03] <Redhead> :)
[18:22:10] *** Quits: Teckna (jonathan@52487D74.cm-4-1b.dynamic.ziggo.nl) (Ping timeout: 61 seconds)
[18:22:31] <Bertone> goed verwennen en op laten groeien :)
[18:22:33] *** Joins: Teckna (jonathan@52487D74.cm-4-1b.dynamic.ziggo.nl)
[18:22:45] <Redhead> ja er is alweer genoeg voor n blaadje in de thee :)
[18:23:11] <Redhead> zonnebloemen komen ook mooi op \o/
[18:23:21] <Bertone> ik heb wat potten met munt staan... en ja de spaanse is wel hee lekker :)
[18:23:26] *** Quits: Hieronymus (Mibbit@wlan-145-94-194-108.wlan.tudelft.nl) (Exit)
[18:23:40] <Redhead> ja munt had ik ook verplant van t geitenveldje naar mn moestuin :)
[18:23:43] <Redhead> doet t prima
[18:23:53] <Bertone> en die is zo lekker :)
[18:23:58] <Redhead> ja heerlijk
[18:24:13] <Bertone> :)
[18:24:46] <Redhead> zo nog ff de spercieboontjes op aarden
[18:24:57] <Bertone> ik ga nu even wat te eten maken... begin trek te krijgen :) heb mezelf een steakje gekocht en met gebakken piepers en sla gedoe :)
[18:24:59] <Redhead> die groeien ook hard
[18:25:11] <Redhead> lekker !! eet smakelijk :)
[18:25:14] <Bertone> d eeerste sperciebonen in kweek hebben nu allemaal de kopjes boven de aarde
[18:25:23] <Redhead> \o/
[18:25:45] <Bertone> 8 van die goudd/gele en 8 van gewone groene stok
[18:26:08] <Bertone> dus even wachten tot de ijsheilige is geweest en dan de volle grond in
[18:32:09] *** Joins: coreblink (coreblink@145.132.131.160)
[18:41:29] *** Joins: Stuiterbal (Stuit@2001:980:5281:1:7ddd:d51a:b3aa:6d4c)
[18:41:43] <Spacecowboy> PROSTITUEE OLE OLE
[18:43:49] <BD> ok
[18:49:31] <zovty> Hoi.
[18:49:35] <zovty> Ik ben er.
[18:49:42] <zovty> ja, echt supergezellig.
[18:55:50] <Fiebel> vindikwelhoor
[18:55:51] <Fiebel> vindikwel
[19:01:08] <Boots> En toen zaten er ineens 2 lasagnaschalen in de oven
[19:01:14] <Boots> Sausmaakinschatfoutje
[19:01:16] <Fiebel> och heerlijk
[19:01:19] <Fiebel> och heerlijk
[19:10:10] *** Quits: Bertone (Bertone@classics.xs4all.nl) (Connection reset by peer)
[19:10:21] *** Joins: Bertone (Bertone@classics.xs4all.nl)
[19:10:30] <Bertone> goh
[19:26:46] <nomadz> gefeliciteerd jarigplayer!
[19:34:34] *** Joins: rhod (rhod@86.85.193.196)
[19:40:38] *** Quits: Teckna (jonathan@52487D74.cm-4-1b.dynamic.ziggo.nl) (Ping timeout: 61 seconds)
[19:41:48] <Fiebel> ooooooooooooooooooooooooooooooooooooooooooooooochjonges
[19:42:02] <Fiebel> h&m heeft mij per ongeluk een jurkje uit de uk collectie gestuurd :')
[19:43:23] <nomadz> verkeerde maten?
[19:43:30] <zovty> Linksdragend?
[19:43:40] <Fiebel> het lijfje komt tot 3 cm onder mijn kruis
[19:43:48] <Fiebel> het rokje bedoel ik natuurlijk
[19:43:51] <Stuiterbal> ieuw
[19:43:53] <zovty> Pics voor de beeldvorming?
[19:43:58] <Fiebel> gihgihgihg
[19:44:01] <Fiebel> gigihgihgihg
[19:44:05] <Fiebel> niks dat je niet eerder hebt gezien
[19:44:09] <nomadz> pics voor de fapcollectie?
[19:44:10] <Fiebel> met sokken
[19:44:17] <Fiebel> niets dat je niet ooit gaat zien
[19:44:18] <zovty> Hmhm.
[19:44:19] <Fiebel> met sokken
[19:44:20] <zovty> Oude man.
[19:44:24] <zovty> Slecht geheugen.
[19:44:27] <Fiebel> wietsakov
[19:44:31] <zovty> Ja.
[19:44:43] <zovty> Het heet niet voor niets amnesia.
[19:44:50] <Fiebel> waar hdden we het over?
[19:44:53] <nomadz> rook je amnesia?
[19:45:03] <zovty> Rookte.
[19:45:08] <nomadz> stoer
[19:45:16] <Fiebel> zo'n in in een fijne pilennacht
[19:45:24] <Fiebel> zo een die voor altijd duurt
[19:45:27] <Fiebel> tot dat je het zat bent
[19:45:31] <Fiebel> en dan nog even 5 uur doorgaat
[19:45:32] <Fiebel> gihgighihig
[19:45:46] <zovty> Och kind heerlijk.
[19:45:51] <Fiebel> ja
[19:45:51] <Fiebel> is ook
[19:45:52] <Fiebel> is ook zo
[19:45:54] <Fiebel> is ook gewoon zo
[19:45:55] <zovty> Lekker aan de pilen.
[19:46:03] <Fiebel> oempfoempfoempf
[19:46:31] <zovty> Is dat nou een techno of seksyes geluid?
[19:46:31] <nomadz> ik zit nu op een amerikaanse basis, die kinderen vragen me ook om "strong painmedicine"
[19:46:42] <Fiebel> flikker op kutkind
[19:46:43] <nomadz> lekker trippen
[19:46:44] <Fiebel> suck it up
[19:46:59] <zovty> en wat geef je ze, en wat verdien je er op?
[19:47:11] *** Quits: rhod (rhod@86.85.193.196) (Exit)
[19:47:23] <zovty> Dag rhod.
[19:47:43] <zovty> Leuke jongen.
[19:47:47] <nomadz> ik geef ze niets, stelletje aanstellers
[19:48:52] <nomadz> de codeine hou ik zelf
[19:51:06] <nomadz> oh, mijn baas zegt dat je enkel verzwikken in de states even erg is als je been breken in nederland en dat we ook zo handelen
[19:51:09] <Fiebel> vandaag had ik poes van bestie op mij
[19:51:09] <nomadz> dus toedels, work to do
[19:51:12] <Fiebel> en kind van bestie in arm
[19:51:25] <Fiebel> gipsen?
[19:51:44] <nomadz> nee, inzwachtelen en zwaar mediceren
[19:52:06] <Fiebel> o
[19:52:09] <nomadz> maar wat was er met kind van bestie?
[19:52:18] <Fiebel> niks
[19:52:26] <nomadz> zijn je eierstokken gaan klepperen?
[19:52:27] <Fiebel> alleen tis zo een lollige foto
[19:52:27] <nomadz> oh]
[19:52:30] <nomadz> pics
[19:52:31] <Fiebel> hangend op haar bank
[19:52:33] <Fiebel> met die hele toestand
[19:52:38] <Fiebel> ik had dr leven gepikt
[19:52:41] <Fiebel> voor een minuut
[19:53:04] <nomadz> poidh
[19:53:14] <Fiebel> tidh
[19:56:46] *** Joins: Teckna (jonathan@52487D74.cm-4-1b.dynamic.ziggo.nl)
[20:04:14] *** Joins: mijk (mijk@218-245-144-85.ftth.glasoperator.nl)
[20:05:16] <nomadz> mijk ouwe dekzwabber
[20:08:07] *** Joins: SCHAPiE (dorian@dhcp-077-249-247-124.chello.nl)
[20:54:03] <Boots> Amerikaanse basis?
[20:55:55] *** Quits: Teckna (jonathan@52487D74.cm-4-1b.dynamic.ziggo.nl) (Ping timeout: 60 seconds)
[21:00:33] *** Joins: Andros (Andros@248.151-244-81.adsl-dyn.isp.belgacom.be)
[21:12:24] *** Joins: Teckna (jonathan@52487D74.cm-4-1b.dynamic.ziggo.nl)
[21:14:12] *** Quits: Teckna (jonathan@52487D74.cm-4-1b.dynamic.ziggo.nl) (Ping timeout: 66 seconds)
[21:17:53] * Escovan is now listening to: Icona Pop - I Love It (feat. Charli XCX) - Original Version
[21:18:34] *** Joins: Teckna (jonathan@52487D74.cm-4-1b.dynamic.ziggo.nl)
[21:24:41] <rawplayer> och jonges
[21:24:48] <rawplayer> fiebel rust en drinkt goed
[21:24:57] <rawplayer> dat doet mij echt deugd
[21:25:12] <rawplayer> en neemt haar whey
[21:25:23] <Fiebel> oooooooooochjonges
[21:25:24] <Fiebel> ghigihgihhighigihg
[21:25:29] <rawplayer> mghhihiih
[21:25:31] <rawplayer> O+
[21:25:48] <Fiebel> lekker snacke :9
[21:26:05] <rawplayer> ooo wat snack jij
[21:26:24] <Fiebel> gerookte kip
[21:26:27] <Fiebel> huttenkase
[21:26:30] <Boots> Ik heb veeeeeeeel lasagna gegeten.
[21:26:31] <rawplayer> o
[21:26:32] <rawplayer> m
[21:26:33] <Fiebel> hoingsambal
[21:26:33] <rawplayer> g
[21:26:36] <Fiebel> 2 schalen boots?
[21:26:37] <rawplayer> lekker!
[21:26:42] <Boots> Nee een hele ongeveer
[21:26:57] <Boots> In 2 rondes
[21:27:02] <Fiebel> nomnomnom
[21:27:14] <Boots> Ik heb een parasiet ofzo
[21:28:01] <Fiebel> lintwormpie?
[21:28:01] <Fiebel> mag ik hem?
[21:28:03] <Fiebel> ghighihghighi
[21:28:11] <rawplayer> omnomnom
[21:31:08] <Boots> Nee
[21:31:10] <Boots> Mine
[21:31:15] <Fiebel> :|
[21:34:10] <Fiebel> nieseniese
[21:46:17] <SCHAPiE> yo, goeienavond, gappies
[21:46:22] <SCHAPiE> weekend, eindelijk
[21:46:28] <rawplayer> schapie o/
[21:46:39] <SCHAPiE> rauwespelert _0_
[21:48:14] <SCHAPiE> kheb gecheat op m'n sushibestelling, gezegd dat het voor 2 personen is
[21:48:23] <SCHAPiE> zodat ik meer gember/soja/wasabi erbij krijg
[21:48:29] <SCHAPiE> ;P
[21:51:23] <SCHAPiE> geniet momenteel van dit biertje: http://www.ratebeer.com/beer/boulevard-single-wide-ipa/95150/
[21:51:25] <digibot> Title: Boulevard Single-Wide I.P.A. (at www.ratebeer.com)
[21:51:32] <SCHAPiE> niet verkeerd
[21:52:38] <nomadz> sup
[21:53:41] <SCHAPiE> yo
[21:55:58] *** Joins: Lott (Lott@101-168-158-163.dynamic.caiway.nl)
[21:56:01] <Lott> hay
[21:56:06] <nomadz> lotteke
[21:56:17] <Lott> heey
[21:59:12] <nomadz> ik heb net nacho's met kaas, bonen en groene peper gegeten
[21:59:20] <Lott> iee
[21:59:25] <nomadz> maar dan de amerikaanse versies ervan
[22:00:13] <nomadz> zelfs de cola uit amerika smaakt anders (lees: beter) dan die hier in nederland
[22:06:17] <Lott> coca cola?
[22:06:30] <Lott> ik ben niet zo van de cola
[22:06:47] <nomadz> ja
[22:06:52] <nomadz> smaakt veel zachter
[22:06:59] <nomadz> blikje is ook heel anders
[22:07:13] <Escovan> vodka met vruchtensap
[22:07:19] <nomadz> ik drink normaal ook geen cola hoor
[22:07:37] <nomadz> alleen buiten de deur, bij het eten
[22:09:17] <nomadz> morgen ga ik de chilidog of hoe heet dat proberen
[22:10:31] <Lott> lol
[22:12:40] <Lott> heb morgen mijn huurvoorschot volledig betaald<3 volgende maand  niet meer 15 euro per week voor boodschappen!
[22:12:43] <Lott> jeej
[22:13:18] <nomadz> wtf is een huurvoorschot
[22:18:34] <Aprogas> Dat je de huur voor een maand van te voren betaald ipv achteraf
[22:18:43] <Aprogas> *betaalt
[22:19:32] <Lott> uhu
[22:19:43] <Lott> dubbele huur betaal je eigenlijk de eerste maand
[22:19:45] <Lott> soort borgg
[22:20:06] <Aprogas> Behalve dat je borg terugkrijgt.
[22:20:10] <Lott> maar als ik dat in 1x betaalde had ik geen geld meer om de boel leuk op te knappen
[22:20:15] <nomadz> heb je wat aan, aan die borg
[22:20:15] <Lott> dit krijg ik ook terug;)
[22:20:23] <nomadz> ik heb hier 350 gulden betaald aan borg
[22:20:45] <Aprogas> Ik vind borg voor lange termijnen contracten raar.
[22:20:54] <Aprogas> Alleen logisch bij vakantiehuisjes enzo.
[22:21:14] <Lott> tja
[22:21:28] <Lott> is volgens mij meer zodat je hem niet zomaar peert
[22:21:46] <Lott> maakt ook niet uit moest t toch betalen anders had ik geen huis
[22:22:26] <Aprogas> Thuisloos zijn is niet zo fijn.
[22:22:32] <Aprogas> Heb ik gelukkig nooit zelf gehad.
[22:22:45] <nomadz> ik helaas wel
[22:23:58] <nomadz> toen ik m op mn 15e peerde thuis had ik natuurlijk nergens recht op en kon niets huren want geen tekenbevoegdheid etc
[22:24:07] <nomadz> erg fijn geregeld 
[22:24:37] <Lott> ik begin nu eindelijk mijn huis als huis te voelen
[22:24:57] <Lott> omdat ik steeds in stapjes nieuwe deco spulletjes kocht
[22:25:04] <nomadz> das wel belangrijk ja :)
[22:25:42] <Lott> maar nu word het wat
[22:25:44] <Lott> <3
[22:25:56] <nomadz> ik woon hier nu 20 jaar en ben nog steeds spulletjes aan het kopen
[22:25:59] <Lott> ghe
[22:26:00] <nomadz> ongoing proces in life
[22:26:09] <Lott> ja dat blijf ik ook wel doen
[22:26:15] <Lott> maar mijn muren waren nog kaa
[22:26:17] <Lott> kaal
[22:26:23] <Lott> heb nu wat dingen aan de muur
[22:26:26] <Lott> das al veel fijner
[22:26:40] <nomadz> dan echo'd het niet zo hard :)
[22:26:54] <Lott> en heb n badkamerkastje in de keuken staan om schoon te maken en in elkaar te zetten
[22:26:58] <mijk> THE
[22:26:59] <mijk> FACE
[22:26:59] <mijk> OF
[22:27:00] <mijk> SUN
[22:27:00] <Lott> dan heb ik daar ook wat staat
[22:27:12] <Lott> staan
[22:27:13] <Lott> brb
[22:27:50] <nomadz> mijk ouwe predikatenverkondiger
[22:30:22] <Lott> ik ga mijn badkamerkast nu in elkaar zetten
[22:30:35] <Lott> kan toch nog niet slapen en dan staat t ding tenminste
[22:31:14] <nomadz> ik ga zo slapen
[22:31:17] <nomadz> om 07:00 weer werken
[22:31:51] <Fiebel> kannislape
[22:32:39] <nomadz> fiebje
[22:32:46] <Fiebel> nomy
[22:32:51] <nomadz> was het maar morgen
[22:32:53] <nomadz> ik wil een chilidog
[22:33:02] <Fiebel> och heerlijk
[22:38:39] <mijk> /wa
[22:38:47] <mijk> AGNETON - DE STERRENREIZIGER
[22:41:37] <Lott> jeej dies ook klaar
[22:50:05] <Boots> Oh ben je over Lott?
[22:51:43] *** Quits: wirky (werken@ip503c7f23.speed.planet.nl) (Ping timeout: 66 seconds)
[22:54:11] <mijk> AAAAI
[22:54:53] <Boots> Klinkt niet als een rustige aai
[22:54:58] <Boots> Aaien zijn rustig
[22:55:41] <mijk> BOOTS
[22:55:44] <mijk> _O_
[22:56:59] <Boots> Klinkt niet als een rustige Boots
[22:57:03] <Boots> Bootsen zijn rustig
[22:57:04] <Boots> ofzo
[22:57:10] <Boots> :D
[22:57:53] <Boots> Het is wel geinig dat irssi de O dan ook underscored maakt
[22:58:39] <Boots> Geen buiging maar een ei
[22:58:45] <Boots> Ovaal ei?
[23:03:02] <mijk> WAT EEN KANKERGOD BEN JE
[23:03:08] <mijk> ALS JE DIE PIANO ZELF VERZINT!
[23:03:13] <mijk> ZILLION - ANDROMEDA
[23:03:15] <mijk> WAT EEN GOD!
[23:04:38] *** Joins: Vipertje (tweak@54182E79.cm-5-1a.dynamic.ziggo.nl)
[23:12:16] <Lott> al 1,5 maand Boots;)
[23:17:02] <Boots> o, dan had je dat de laatste keer dat je er hier war over zei waarschijnlijk ook al gezegd
[23:17:18] <Boots> Bevalt?
[23:17:56] *** Quits: Lott (Lott@101-168-158-163.dynamic.caiway.nl) (Ping timeout: 66 seconds)
[23:23:36] <Boots> I'll take that as a .. ehh
[23:23:47] <Boots> w/e
[23:25:06] <Stuiterbal> Take that as carelevel 0/10
[23:26:16] *** Joins: Guyver2 (Guyver2@guyver2.xs4all.nl)
[23:29:06] *** Quits: Fiebel (PrincessCo@d77048.upc-d.chello.nl) (Exit)
