[00:05:50] *** Joins: Beer`__ (beer@5ED0808C.cm-7-1c.dynamic.ziggo.nl)
[00:06:50] *** Quits: QORRiE (dorian@dhcp-077-249-247-124.chello.nl) (Exit)
[00:34:21] *** Quits: Stuiterbal (Stuit@2001:980:5281:1:b54d:de9b:1c82:d9d) (Exit)
[01:02:24] <SOFIE> urh
[01:02:26] <SOFIE> hoii
[01:03:27] <Punnik> hoihoi
[01:26:20] *** Joins: wirky (werken@ip503c7f23.speed.planet.nl)
[01:27:07] *** Quits: Beer`__ (beer@5ED0808C.cm-7-1c.dynamic.ziggo.nl) (Exit)
[01:46:58] *** Quits: rhod (rhod@86.85.193.196) (Exit)
[01:47:34] *** Joins: rhod (rhod@86.85.193.196)
[01:47:42] *** Quits: rhod (rhod@86.85.193.196) (Exit)
[01:47:50] *** Quits: Dubbeldrank (is@niet.te.zuipen) (Input/output error)
[01:48:12] *** Quits: SCHAPiE (dorian@dhcp-077-249-247-124.chello.nl) (Exit)
[01:48:38] *** Joins: Dubbeldrank (is@niet.te.zuipen)
[01:48:38] *** ChanServ sets mode: +qo Dubbeldrank Dubbeldrank
[02:16:24] *** Quits: Guyver2 (Guyver2@guyver2.xs4all.nl) (Exit)
[03:17:56] *** Joins: Beer`__ (beer@193.172.46.138)
[03:32:06] *** Joins: rhod (rhod@86.85.193.196)
[03:32:13] *** Quits: rhod (rhod@86.85.193.196) (Exit)
[03:48:41] *** Quits: V2 (V2@aeon.hgd.crondor.net) (Ping timeout: 60 seconds)
[03:50:36] *** Quits: Beer`__ (beer@193.172.46.138) (Ping timeout: 66 seconds)
[03:58:43] *** Joins: V2 (V2@aeon.hgd.crondor.net)
[04:04:16] *** Joins: Beer`__ (beer@193.172.46.138)
[04:14:20] *** Quits: Hooglander1 (Hoog@2001:984:ef56:1:211:32ff:fe51:1415) (Ping timeout: 61 seconds)
[04:14:56] *** Joins: Hooglander1 (Hoog@2001:984:ef56:1:211:32ff:fe51:1415)
[04:29:52] *** Quits: wirky (werken@ip503c7f23.speed.planet.nl) (Ping timeout: 68 seconds)
[05:05:59] *** Quits: Beer`__ (beer@193.172.46.138) (Ping timeout: 66 seconds)
[05:12:52] *** Joins: Beer`__ (beer@193.172.46.138)
[05:55:21] *** Joins: wirky (werken@ip503c7f23.speed.planet.nl)
[07:16:56] <SOFIE> rawplayer: Goedemorgen
[07:20:05] <zovty> Hoi.
[07:30:12] *** Quits: Ou-Tannu (Ou-Tannu@5249248B.cm-4-2a.dynamic.ziggo.nl) (Input/output error)
[07:34:58] *** Quits: Beer`__ (beer@193.172.46.138) (Connection reset by peer)
[07:41:24] *** Quits: wirky (werken@ip503c7f23.speed.planet.nl) (Ping timeout: 66 seconds)
[07:45:22] *** Joins: wirky (werken@ip503c7f23.speed.planet.nl)
[07:46:34] <wirky> morges
[07:46:41] <wirky> sup fokkens
[07:46:44] <SOFIE> Yoyo
[07:47:47] <wirky> heeuuuu sofieken
[07:48:02] <wirky> ouwe belse ponyafstraffer
[07:48:16] <SOFIE> Ponyafstraffer?
[07:48:18] <SOFIE> Uwot
[07:48:45] <wirky> naja anyway t is weer maandag
[07:48:58] <wirky> dus wat staat er op de planning
[07:51:26] <SOFIE> Het leven.
[08:10:58] *** Quits: Steff (quassel@trinity.msrv.nl) (Ping timeout: 67 seconds)
[08:11:10] *** Joins: Steff (quassel@trinity.msrv.nl)
[08:24:04] <zovty> Hoi.
[08:24:26] <zovty> Godversdikke file mensen.
[08:24:27] *** Joins: Jeroen (Jeroen@54188FF8.cm-5-1c.dynamic.ziggo.nl)
[08:24:43] <zovty> Al maanden en maanden wordt er aangekondig dat de weg waar ik altijd langs moet is afgesloetn.
[08:24:50] <zovty> En vnoggend was het natuurlijk zo ver.
[08:25:05] <zovty> En denk je dat al die maanden en maanden aan communicatie tot mij doorgedrongen waren?
[08:25:08] <zovty> Hahahahahha.
[08:25:11] <zovty> Neejoh, gek, natuurlijk niet.
[08:25:27] <zovty> Een oog in, andere oor uit.
[08:25:33] <zovty> Ja, vnoggend wissik het wel weer ineens he.
[08:25:42] <zovty> Oja! Dat zouden ze afsluiten ja!
[08:25:52] <zovty> Maar toen ston ik al met me wieletjes in de blubber.
[08:26:04] <zovty> Dra-ma!
[08:26:06] <zovty> Hoest hier?
[08:26:10] <zovty> Hoest met jeroen?
[08:26:13] <zovty> Nog geneukt?
[08:26:13] <Jeroen> je schrijft natuurlijk ook geregeld "me" als bezittelijk voornaamwoord, dus het verbaast me dat je kan typen en ademen tegelijk
[08:26:22] <Jeroen> ik heb er weer een pandapuntje bij
[08:26:25] <zovty> Zie zie je maar weer.
[08:26:29] <zovty> Je bent nooit te oud om te leren.
[08:34:49] *** Quits: V2 (V2@aeon.hgd.crondor.net) (Ping timeout: 61 seconds)
[08:36:42] <wirky> jeroen is ook al oud en leert nog steeds
[08:36:50] <Jeroen> uhuh
[08:36:56] <zovty> Jeroen is toch niet zo oud?
[08:37:03] <Jeroen> stokoud
[08:37:05] <Jeroen> 24
[08:37:12] <zovty> Vind ik niet zo oud.
[08:37:16] <zovty> Maar dat moet je nog leren.
[08:39:00] <wirky> haleekes ben naar de huisarts
[08:39:04] *** Quits: wirky (werken@ip503c7f23.speed.planet.nl) (Exit)
[08:40:50] <zovty> Succes.
[08:40:53] <zovty> Moet ik ook zo even bellen.
[08:44:51] *** Joins: V2 (V2@aeon.hgd.crondor.net)
[08:57:16] *** Joins: coreblink (coreblink@145.132.131.160)
[09:01:13] <rawplayer> hoi
[09:02:20] <zovty> Hoi.
[09:03:35] <rawplayer> je hebt mij alleen gelaten
[09:03:40] <rawplayer> de laatste paar dagen
[09:03:46] <rawplayer> :(
[09:04:02] <zovty> Ja, ik zag het ja.
[09:04:03] <zovty> Ff momentje.
[09:04:08] <zovty> Ik laat je weer even alleen.
[09:04:11] <zovty> Maar kom zo terug.
[09:04:30] <rawplayer> ik ga maar eens aankleden
[09:04:43] <rawplayer> en naar de werkplaats
[09:04:53] <rawplayer> beetjenuit mijj neus peuren
[09:20:54] *** Joins: Fem_LittleLady (Mibbit@a82-161-112-138.adsl.xs4all.nl)
[09:21:00] <Fem_LittleLady> :D
[09:21:09] <Fem_LittleLady> een hele goedemorgen
[09:24:48] <SJ> mogge
[09:25:00] <SJ> mogge
[09:26:00] <Fem_LittleLady> weer een heerlijke maandag
[09:28:06] <zovty> Femke.
[09:28:08] <zovty> Sj.
[09:28:09] <zovty> Sup.
[09:28:14] <zovty> Femke.
[09:28:17] <Fem_LittleLady> Goed goed en met jou
[09:28:20] <zovty> Doe is nie zo blij he.
[09:28:22] <zovty> Sjesus.
[09:28:26] <zovty> Maandag is gewoon kut.
[09:28:30] <zovty> Hoe zonnig en blauw ook.
[09:28:34] <zovty> Gvd.
[09:28:53] <SJ> bijna weekend 
[09:28:57] <SJ> zeik niet :)
[09:28:57] <Fem_LittleLady> nee maandag is een heerlijke dag
[09:28:58] <zovty> Ja, dat wel.
[09:29:02] <zovty> :|
[09:29:13] <zovty> Donderdag lekker vij.
[09:29:14] <zovty> vrij.
[09:29:45] <Fem_LittleLady> is ook fijn
[09:30:09] <zovty> Ja.
[09:30:22] <zovty> Maar waarschijnlijk stortsneeuwt het dan.
[09:31:18] <Fem_LittleLady> och
[09:31:23] <Fem_LittleLady> nou mag hopen van niet
[09:33:04] <zovty> Ja.
[09:34:03] <Fem_LittleLady> zal zo de kleden even wassen van de bank
[09:34:13] <Fem_LittleLady> ruikt die ook weer lekker naar was verzachter
[09:35:27] <zovty> Eh.
[09:35:44] <zovty> Heb je nou zoveel kleden of vertel je het ons iedere keer als je iets in de was deot?
[09:36:07] <Fem_LittleLady> Ik was heel veel
[09:36:27] <Fem_LittleLady> mijn man werdt er stapelgek van
[09:36:32] <Fem_LittleLady> hahaha
[09:36:37] <zovty> Hoeft hij toch niet te doen ;)
[09:36:42] <Fem_LittleLady> deed hij zijn trui uit even over de stoel
[09:36:45] <bReChThOu> ik word gek van d/t fouten
[09:36:47] <Fem_LittleLady> kwam hij terug weg trui
[09:36:55] <Fem_LittleLady> al in de was machine
[09:38:11] <Fem_LittleLady> Gewoon ik vind dat alles lekker fris moet zijn
[09:38:31] <zovty> Ja, is ook lekker.
[09:39:37] <zovty> PLayer.
[09:39:53] <Fem_LittleLady> Ja, met de katten liggen er ook op, wil gewoon niet dat mensen als ze hier zijn onder de haren zitten en zo
[09:40:37] <zovty> Mja, daar doe je toch niks aan.
[09:40:42] <zovty> Die haren zitten nou eenmaal overal.
[09:41:09] <Fem_LittleLady> Ja maar weggaan met paar haren is heel anders dan weggaan met een halve angora trui
[09:41:09] *** Joins: WvdL (uid21241@2604:8300:100:200b:6667:2:0:52f9)
[09:44:04] <zovty> True.
[09:44:17] <zovty> Daarom ontkleed ik mijn visite altijd zsm na binnenkomst.
[09:44:50] <Fem_LittleLady> hahahaha
[09:46:08] <zovty> Ja, je lacht....
[09:46:16] <zovty> Omdat je me niet gelooft.
[09:48:26] <WvdL> klopt
[09:48:38] <WvdL> of iig.. akn ik mij voorstellen :P
[09:51:01] <Fem_LittleLady> tja of je moet al veel omgaan met nudisten
[09:52:11] <zovty> Nee.
[09:52:18] <zovty> Ik krijg gewoon weinig visiste.
[09:52:28] <Fem_LittleLady> hahaha
[09:54:21] <zovty> Alles in bloei.
[09:54:24] <zovty> Alles groeit.
[09:54:26] <zovty> Op naar de winter!
[09:54:52] <Fem_LittleLady> :|
[09:57:45] *** Joins: Guyver2 (Guyver2@guyver2.xs4all.nl)
[09:58:02] *** Joins: wirky (werken@ip503c7f23.speed.planet.nl)
[10:00:04] <zovty> :|
[10:00:07] <zovty> Willem.
[10:00:34] <wirky> zovty
[10:00:50] <wirky> ik heb nu zure oordruppels
[10:01:00] <wirky> voor ooronsteking
[10:01:18] <wirky> tegen dan
[10:01:43] <wirky> die huisarts is ook haven en scheepsarts
[10:02:00] <wirky> toen ik hem vroeg naar de kunst die die had hangen
[10:02:21] <wirky> bootjes aan de muur
[10:03:43] <wirky> en nu de leegte
[10:03:55] <wirky> nou ja niet helemaal
[10:04:03] <wirky> slobber + ne dikke
[10:04:15] <zovty> Zure oordruppels?
[10:04:21] <zovty> Heb je ze geproefd dan?
[10:04:26] <wirky> ja zo heet dat
[10:04:31] <zovty> Oh, ok.
[10:04:35] <zovty> Zodat het de smurrie oplost?
[10:04:46] <wirky> nee was niet verstopt
[10:04:58] <wirky> ontsteking
[10:05:08] <wirky> waarschijnlijk van t buitenzwemmen
[10:05:43] <zovty> Shirtloos buitenzwemmen zeker.
[10:05:47] <zovty> Je bent gewaarschuwd.
[10:05:49] <zovty> Meermalen.
[10:06:00] <wirky> broekloos ook
[10:06:10] <wirky> oostduitse taferelen
[10:06:22] <wirky> in de ddr was nudisme standaard
[10:06:26] <wirky> vernam ik eens
[10:06:43] <zovty> Dat kan ik me haast niet voorstellen.
[10:07:07] <wirky> ik wel
[10:07:16] <zovty> Fantast.
[10:07:32] <wirky> zal t welles opzoeken
[10:07:42] <zovty> Ja, er was zo'n vakantieoord toch?
[10:07:59] <wirky> hoorde ik op ovt radioprogramma
[10:08:18] *** Joins: Fokker_0248 (Mibbit@535165C2.cm-6-2b.dynamic.ziggo.nl)
[10:09:10] <Fokker_0248> hallo,ik ben m 55 j op zoek naar een trans/cd 
[10:09:16] <Jeroen> lol
[10:09:34] <Fokker_0248> ik draag zelf graag panty,s en wil meer 
[10:09:45] <Jeroen> jij denkt "zo het is maandagochtend, koffietijd, ik ga eens op zoek naar een lekkere travestiet"?
[10:09:53] <Jeroen> o
[10:10:02] <Fokker_0248> waarom niet?
[10:10:06] <Jeroen> Dubbeldrank is wel wat voor je
[10:10:09] <Jeroen> nouja raar tijdstip
[10:10:23] <Jeroen> en dit is een mainstream kanaal waar ook kleine kinderen komen
[10:10:28] <Dubbeldrank> ja idd, dat doe ik normaal op vrijdagavond
[10:10:34] <SJ> zomg /o\
[10:10:52] <Dubbeldrank> SJ is wel gewillig though
[10:11:02] <Dubbeldrank> query hem maar
[10:11:07] <SJ> that's what she said
[10:11:16] <SJ> Dubbeldrank: zeg
[10:11:16] <Jeroen> maar jij hebt dus een victor's secret?
[10:11:29] <SJ> Dubbeldrank: zal ik jou eens lekker in je bek schijten? :> 
[10:11:36] <Dubbeldrank> nu moet ik gaan googlen Jeroen...
[10:11:46] <Jeroen> waarop?
[10:11:50] <Dubbeldrank> bedankt dat je even aangeeft waar mijn kennis tekort schiet
[10:11:53] <Jeroen> ik verzin dat net ter plekke dus ik denk niet dat je veel hits krijgt
[10:11:57] <Dubbeldrank> oh
[10:12:03] <Dubbeldrank> dan ligt het niet aan mij
[10:12:08] <SJ> ik durf het niet te googlen ;-)
[10:12:13] <Dubbeldrank> ik ook niet
[10:12:13] <Jeroen> het was meer een grap over een... eh geheimpje icm victoria's secret
[10:12:17] <Dubbeldrank> ahhhh
[10:12:19] <Jeroen> een bekend lingeriemerk
[10:12:34] <Dubbeldrank> maar er zal vast een site zijn voor mensen die verkeerd tikken
[10:12:38] <Jeroen> haha
[10:12:43] <Jeroen> ik durf het niet te googelen
[10:13:04] <Dubbeldrank> http://66.media.tumblr.com/53c56c7fbb828c10334b5b452ba1325a/tumblr_mozfzmzjJO1rmqzv4o1_400.jpg
[10:13:09] <Dubbeldrank> you were aying?
[10:13:11] <Jeroen> hahaha
[10:13:11] <Dubbeldrank> saying
[10:13:37] <Jeroen> http://uncyclopedia.wikia.com/wiki/Victor's_Secret nsfw
[10:13:37] <Jeroen> :D
[10:13:38] <Dubbeldrank> ok Jeroen, nu wordt het verdacht
[10:13:38] <digibot> Title: Victor's Secret - Uncyclopedia - Wikia (at uncyclopedia.wikia.com)
[10:13:39] <Jeroen> <3 uncyclopedia
[10:13:42] <Dubbeldrank> http://resources.wimpmusic.com/images/866e0228/e0b6/483c/a6b5/47d26be407c9/1280x1280.jpg
[10:13:49] <Jeroen> hahahaha
[10:13:50] <SJ>  /o\
[10:13:54] *** Quits: Fokker_0248 (Mibbit@535165C2.cm-6-2b.dynamic.ziggo.nl) (Exit)
[10:14:03] <Dubbeldrank> haha
[10:14:07] <SJ> goh 
[10:14:07] <Jeroen> Where else did you think I got all my thongs from?”
[10:14:07] <Dubbeldrank> DOEI HE
[10:14:07] <Jeroen> ~ Oscar Wilde on Victor's Secret
[10:14:21] <Jeroen> die neppe oscar wildecitaten :D
[10:14:24] <Jeroen> schitterend
[10:14:29] <Dubbeldrank> https://img.buzzfeed.com/buzzfeed-static/static/imagebuzz/web05/2010/11/20/14/victors-secret-winter-2010-nsfw-21034-1290282772-17.jpg
[10:14:55] <Jeroen> gozer
[10:15:29] <Jeroen> http://simpsons.wikia.com/wiki/Victor's_Secret
[10:15:31] <digibot> Title: Victor's Secret - Simpsons Wiki - Wikia (at simpsons.wikia.com)
[10:15:39] <Jeroen> ik ben gelukkig niet de enige die de parodie heeft bedacht, dus
[10:19:16] <zovty> Gelukkig maar.
[10:19:43] <Jeroen> uhuh
[10:25:22] <wirky> schijnen steeds meer transeksuele geboren te worden op die radio hoorde ik nu in nederland 1 op de 10
[10:25:29] <wirky> misschien vergis ik me
[10:25:38] <wirky> gender nog wat
[10:26:18] <zovty> Geboren, of aan het tippelen?
[10:26:26] <wirky> genderidentificatieproblemen
[10:26:52] <rawplayer> hoi
[10:27:06] <wirky> nou in thailand schijnt t een staussymbool te zijn of heb ik dat mis
[10:27:06] <zovty> Hoi.
[10:27:11] <rawplayer> ik heb rosbief
[10:27:12] <rawplayer> en koffie
[10:27:14] <rawplayer> en drank
[10:27:15] <rawplayer> en drugs
[10:27:17] <rawplayer> oh nee
[10:27:17] <zovty> Lekkere combi.
[10:27:20] <rawplayer> die laatste 2 niet
[10:27:23] <zovty> Oh nou.
[10:29:41] <Fem_LittleLady> :D
[10:29:51] <rawplayer> :D
[10:29:56] <rawplayer> och jonges
[10:29:57] <rawplayer> vanavond
[10:29:59] <rawplayer> handstand pushups
[10:31:23] <Fem_LittleLady> hmmm vanavond lekker bankhangen
[10:31:50] <zovty> Oh, dat vind ik zo stoer he.
[10:31:55] <zovty> Die handstand pushups dan he.
[10:32:00] <zovty> Bankhangen..... not so much.
[10:32:18] <Fem_LittleLady> ohw maar hoeft niet stoer, ben dan gewoon aan het werk
[10:33:59] <WvdL> bankhangen als werk
[10:35:00] <zovty> Dat wil ik ookwel.
[10:35:04] <zovty> Ik kan dat ook heel goed.
[10:35:23] <Fem_LittleLady> Ja je bent wel aan het bellen he
[10:37:56] <zovty> Oh met je babbelbox,
[10:38:01] <zovty> Nee, dat zou niks voor mij zijn.
[10:38:07] <zovty> Zouden hele ongemakkelijke gesprekken worden.
[10:38:13] <zovty> "Heb je iets aan?"
[10:38:15] <zovty> Ja.
[10:38:21] <zovty> "...".
[10:38:27] <zovty> <zucht>
[10:38:54] <Fem_LittleLady> Oh das zo makkelijk he
[10:39:33] <Fem_LittleLady> Hmmm hoe zie je eruit? Ben je geschoren, Hoe groot ben je geschapen, wat vind je leuk, wat vind je kinky, hou je van lingerie, hou je van hoge laarzen
[10:39:45] <Fem_LittleLady> Allemaal van die simpele vragen
[10:40:08] <zovty> Zijn er ook vrouwen die bellen?
[10:40:11] <Fem_LittleLady> Ben je in relatie? Heb je kinderen?
[10:40:13] <zovty> Want die zou ik wel leuk aan de praat kunnen houden.
[10:40:19] <zovty> Relatie? Kinderen? Begin je daar echt over??
[10:40:24] <Fem_LittleLady> Heb in 10 jaar nog maar 1x een vrouw aan de lijn gehad
[10:40:26] <Fem_LittleLady> Jazekers
[10:40:31] <Fem_LittleLady> altijd handig om te weten
[10:40:32] <zovty> Oh, turn off.
[10:40:48] <Fem_LittleLady> Nou nee, sommige mannen vertellen dan heel trots over hun kinderen
[10:40:48] <zovty> "op welke dagen komt de vuilniswagen".
[10:40:54] <Fem_LittleLady> hahahaha
[10:40:59] <rawplayer> zovty: ja
[10:41:02] <Fem_LittleLady> Zal het een keer vragen
[10:41:05] <rawplayer> doorgaans lukt mij wel alleen 1 pushup
[10:41:07] <rawplayer> voor de rest negatives
[10:41:07] <zovty> :)
[10:41:13] <rawplayer> omdat het altijd gecombineerd wordt met gewone pushups
[10:41:15] <zovty> Oh, dat is al 100% meer dan ik.
[10:41:20] <rawplayer> das snel verzuring
[10:42:11] <zovty> Lekker in je eigen zure sloot happen.
[10:42:18] <rawplayer> ojajoh
[10:42:23] <Fem_LittleLady> Maar goed, dan drukken ze weg en begin je weer opnieuw
[10:43:17] <zovty> Achja
[10:45:21] <Fem_LittleLady> Wel makkelijk
[10:45:50] <Fem_LittleLady> Nadeel is altijd als ze willen afspreken, dan vind ik het gesprek niets meer aan
[10:46:16] <zovty> Nouja zeg.
[10:46:26] <rawplayer> 10 Rounds For Time
[10:46:26] <rawplayer> 1 L-Sit Rope Climb
[10:46:26] <rawplayer> 10 Ring Push Ups
[10:46:26] <rawplayer> 2 Deadlift 275/193#
[10:46:27] <zovty> Zit je en beetje met hun gevoelens te spelen en dan willen ze daar uiting aangeven.
[10:46:28] <rawplayer> 8 (Strict) HandStand Push Ups
[10:46:30] <zovty> Schandalig.
[10:46:31] <rawplayer> Competition: Upscale DL to Max 335/233#
[10:46:34] <rawplayer> dat is mijn wod, nomadz 
[10:46:52] <rawplayer> 335 :')
[10:46:54] <rawplayer> lbs
[10:46:56] <rawplayer> is maar 150kg
[10:46:58] <rawplayer> maar goed
[10:47:08] <Fem_LittleLady> Tja als ze goed lezen, staat er duidelijk dat er niet af te spreken valt
[10:47:11] <zovty> Maar.
[10:47:23] <zovty> 150 kg, als gewichtheffen?
[10:47:26] <Fem_LittleLady> Dan moeten ze een escort nummer bellen
[10:47:29] <rawplayer> deadlift
[10:47:34] <zovty> Ik weet neit wat dat is.
[10:47:53] <rawplayer> ja joh
[10:47:57] <rawplayer> stang optillen van de grond
[10:48:05] <zovty> Ja.
[10:48:05] <Fem_LittleLady> dat is zo'n lift waarbij sommige mannen uit hun broek scheuren
[10:48:10] <zovty> Ja, dat bedoel ik met gewichtheffen.
[10:48:15] <zovty> Dus jij tilt 150kg op?
[10:48:25] <zovty> Zo van de grond, pats boem, tikkie takkie, 150 kilo boven je hoofd?
[10:48:53] <zovty> En met sommige mannen bedoel bedoel je player?
[10:48:56] <rawplayer> nee
[10:49:10] <rawplayer> mijn squat clean suckt nog
[10:49:19] <zovty> Oh.
[10:49:21] <rawplayer> uit het rek lukt 100kg wel
[10:49:36] <zovty> Niet normaal.
[10:49:37] <Fem_LittleLady> Oohhw maar dan kan ik nog wel even dooreten
[10:49:40] <zovty> Hoeveel weeg je zelf?
[10:49:46] <rawplayer> ik?
[10:49:46] * Fem_LittleLady pakt nog een chocolade gebakje
[10:49:56] *** Joins: Fokker_9728 (Mibbit@4dae8436.ftth.telfortglasvezel.nl)
[10:49:57] <zovty> Oh, het is de bedoel dat player jou gaat deadliften femmie?
[10:50:07] <zovty> Ben je nou ook met zijn gevoelentjes aan het spelen?
[10:50:11] <zovty> En dan straks afhouden?
[10:50:15] <zovty> Dat zou ik niet sympathiek vinden.
[10:50:27] <Fem_LittleLady> Ik weeg maar 58,5 kilo
[10:50:29] <Fokker_9728> beetje jammer dit
[10:50:32] <Fem_LittleLady> zo flauw altijd he
[10:50:38] <Fokker_9728> ja echt
[10:50:42] <zovty> zZelf beetje jammer.
[10:50:52] <SJ> wie is Fokker_9728 nu weer? 
[10:51:30] <Fokker_9728> gwn iemand die ff checked wat er hier te doen is
[10:51:36] <Fokker_9728> du
[10:51:37] <Fokker_9728> s
[10:51:40] <SJ> welkom! :) 
[10:51:40] <Fokker_9728> wat is hier te doen ?
[10:51:42] <Fokker_9728> thnx
[10:51:58] <zovty> Niet zo veel.
[10:52:03] <SJ> hmmm, goed punt :') 
[10:52:10] <Fokker_9728> hahaha
[10:52:32] <Fokker_9728> wat is er met die Fem_LittleLady 
[10:52:44] <Fokker_9728> wat was er aan de gang voor ik der was :P
[10:53:25] <SJ> Fem_LittleLady speelt Femme Fatale en rawplayer was er met open ogen in aan het tuinen ;-)
[10:55:24] *** Quits: Fokker_9728 (Mibbit@4dae8436.ftth.telfortglasvezel.nl) (Exit)
[10:56:11] <Fem_LittleLady> Oh joh, het is algemeen bekend dat ik een vriend heb
[10:56:40] <SJ> voel je niks van 
[10:56:50] <SJ> :>
[10:57:17] <Fem_LittleLady> Ik wel, ik zou zo'n groot schuld gevoel krijgen
[10:57:28] <Fem_LittleLady> en weet zelf hoe het is, dat is zo kwetsend
[10:57:29] <SJ> ik ook hoor, no worries ;-)
[10:57:47] <SJ> not done
[10:57:48] <Fem_LittleLady> mijn ex had er een handje vol van
[10:58:02] <rawplayer> hoi
[10:58:06] <Fem_LittleLady> en dan kwam je de kroeg binnen hoorde je hem nog net zeggen, oh sssttt daar is mijn vriendin
[10:58:16] <rawplayer> :(
[10:58:26] <SJ> meh, respectloos 
[10:58:42] <rawplayer> ik zeg wel vaker "daar is SJ, snel chinees praten"
[10:58:48] <rawplayer> maar dan snapt hij nog wat menu 10 en menu 11 is
[10:58:52] *** Joins: barry (Mibbit@4dae8436.ftth.telfortglasvezel.nl)
[10:59:12] <barry> halo
[10:59:13] <Fem_LittleLady> Nou ik mag gewoon rawplayer graag, gewoon om wie hij is
[10:59:23] <barry> ik mag rawplayer ook heel graag
[10:59:31] *** Quits: barry (Mibbit@4dae8436.ftth.telfortglasvezel.nl) (Exit)
[10:59:38] <Fem_LittleLady> hahaha
[11:00:14] <rawplayer> <3
[11:00:37] * Fem_LittleLady knuffelt rawplayer
[11:00:40] <zovty> Ik mag rawplayer ook heel graag.
[11:00:44] * zovty knuffel rawplayer ook.
[11:00:48] <Fem_LittleLady> hij is gewoon mijn suikerkonijntje
[11:00:48] <zovty> En voelt gelijk even aan femmie.
[11:00:53] <bReChThOu> zovty.
[11:01:03] <bReChThOu> hey Fem en Rawpie
[11:01:11] <zovty> Brecht.
[11:12:44] <WvdL> oi brecht
[11:12:53] <WvdL> wat een zoetsappigheid hier
[11:12:56] <WvdL> :D
[11:13:38] <zovty> Bek houe.
[11:15:41] <rawplayer> ik ga even een banaan lezen
[11:20:11] <welly7> de grote vraag blijft altijd
[11:20:25] <welly7> waar betaald die dan zen huur van
[11:24:13] *** Quits: DCM360 (DCM360@535509EC.cm-6-6a.dynamic.ziggo.nl) (Ping timeout: 60 seconds)
[11:24:56] *** Joins: DCM360 (DCM360@535509EC.cm-6-6a.dynamic.ziggo.nl)
[11:29:15] <zovty> Kan me eigenlijk weinig schelen.
[11:39:41] <nomadz> huur betalen :')
[11:58:18] *** Joins: mijk (mijk@218-245-144-85.ftth.glasoperator.nl)
[11:59:03] <zovty> Daar is mijk weer.
[11:59:10] <zovty> Hoi mijk.
[11:59:20] <zovty> Gezellig dat je er weer bent.
[12:03:06] *** Joins: Fiebel (PrincessCo@d77048.upc-d.chello.nl)
[12:03:15] <Fiebel> WAAAAAAAAAAAAAAAR IS MIJN PROTEINE?!!!
[12:03:19] <Fiebel> WAAAR IS MIJN Whey??!?!?!?
[12:03:24] <zovty> Fabis.
[12:03:27] <zovty> Goeiemorgen.
[12:03:28] <Fiebel> zovty
[12:03:30] <Fiebel> waar is het toch?!!
[12:03:31] <zovty> Gezellig dat je er weer bent.
[12:03:36] <rawplayer> hoi
[12:03:38] <Fiebel> goeieMIDDAG!!!!]
[12:03:39] <rawplayer> ik kak
[12:03:39] <Fiebel> het is middag
[12:03:41] <Fiebel> OOOOOOOOOOOOOOO+
[12:03:41] <zovty> Waar heb je het voor het laatst gezien?
[12:03:46] <Fiebel> kakplayer is er ook weer
[12:03:49] <Fiebel> op een reclame
[12:04:04] * Fiebel drinkt goed
[12:04:11] <zovty> Goedzo jong.
[12:04:19] <zovty> Allebei.
[12:04:22] <Fiebel> jij ook he zovty
[12:04:22] <zovty> Lekker kakken en lekker drinken.
[12:04:25] <Fiebel> het is hitteallarm
[12:04:25] <zovty> Goed bezig jullie.
[12:04:31] * Fiebel let goed op de ouderen
[12:04:33] <zovty> Nee, ik ap ermee.
[12:04:35] <zovty> kap.
[12:04:36] <Fiebel> ihihihihihihihihihihihihihihhihihiihhihhhihihi
[12:04:44] <zovty> het heeft toch allemaal geen zin meer.
[12:04:47] <Fiebel> is ook
[12:04:48] <Fiebel> is ook zo
[12:04:51] <zovty> Ik weeg nu nog maar 71,2.
[12:04:53] <Fiebel> is ook gewoon zo
[12:04:55] <Fiebel> goed zo kind
[12:05:01] <Fiebel> je bent een inspiratie voor ons allen
[12:05:08] <zovty> Ja.
[12:06:41] <zovty> Het is toch geen echt hittealarm makg ik hop[en?
[12:07:06] <Fiebel> jawel
[12:07:09] <Fiebel> goed drinken kind
[12:07:10] <Fiebel> goed drinken
[12:07:27] <zovty> Echt?
[12:07:29] <zovty> het is 21 graden ofzo.
[12:07:50] <zovty> Neeman.
[12:07:52] <zovty> je lult.
[12:07:57] <zovty> Helemaal geen alarm.
[12:08:17] <Fiebel> :|
[12:08:21] <Fiebel> zelflult
[12:08:31] <zovty> :|
[12:09:06] <Fiebel> ochjonges
[12:09:08] <Fiebel> oooooooooooooochjonges
[12:09:14] <Fiebel> zo lekker havermout
[12:09:16] <Fiebel> ik kijk er al naar uit
[12:09:22] <Fiebel> maar k zit nog een beetje vol van mijn banaan
[12:09:27] <nomadz> het is al >25 graden
[12:09:28] <Fiebel> en het stukje cake in de supermakt
[12:09:29] <nomadz> lekker
[12:09:35] <Fiebel> hallo nomy
[12:09:37] <nomadz> binnenkort weer sneeuw ofzo
[12:09:38] <nomadz> hoi fiebje
[12:10:07] <nomadz> oh zaterdag 11 graden
[12:10:59] <Fiebel> och heerlijk
[12:11:22] *** Joins: Teckna1 (jonathan@52487D74.cm-4-1b.dynamic.ziggo.nl)
[12:11:26] *** Quits: Teckna (jonathan@52487D74.cm-4-1b.dynamic.ziggo.nl) (Exit)
[12:13:45] *** Quits: Teckna1 (jonathan@52487D74.cm-4-1b.dynamic.ziggo.nl) (Connection reset by peer)
[12:13:47] *** Joins: Teckna (jonathan@52487D74.cm-4-1b.dynamic.ziggo.nl)
[12:15:28] <zovty> Was je op een begravenis.
[12:15:57] <Fiebel> nee
[12:15:57] <Fiebel> jij?
[12:17:16] <zovty> Nee.
[12:17:27] <zovty> Ik heb wel mijn erfdeel ontvangen.
[12:17:32] <Fiebel> goed zo kind
[12:17:37] <Fiebel> een fraberge ei?
[12:17:48] <Fiebel> of iets wat er in ieder geval heel erg veel op lijkt?
[12:18:13] <zovty> Nee.
[12:18:15] *** Quits: mijk (mijk@218-245-144-85.ftth.glasoperator.nl) (Ping timeout: 68 seconds)
[12:18:17] <Fiebel> o
[12:18:18] <zovty> Faberyayo.
[12:18:23] <Fiebel> yayo
[12:18:27] <zovty> Wel het allerschattige koffieaparaatje ter wereld.
[12:18:29] <zovty> Zal zo even foto maken.
[12:18:33] <Fiebel> pics!
[12:18:35] <Fiebel> a
[12:18:35] <Fiebel> ja
[12:25:39] <zovty> Momentje nog hoor.
[12:25:41] <zovty> Zoveel mensne aan de telefoon.
[12:25:51] <Fiebel> halloooooohhhh hallooooo
[12:27:14] <zovty> Wie heb ik aan de lijn?
[12:27:21] <Fiebel> drin!
[12:27:22] <zovty> Tele romia?
[12:27:44] <Fem_LittleLady> wat heb je aan?
[12:27:55] <zovty> Een harnas.
[12:28:00] <Fiebel> piewpiew
[12:28:36] <Fem_LittleLady> hahaha
[12:28:39] <Fem_LittleLady> hoi Fiebel
[12:28:43] <zovty> *dinkdink*
[12:28:45] <Fiebel> ha fem!
[12:28:48] <zovty> Kom hier maar eens in.
[12:28:51] <Fiebel> :|
[12:28:53] <zovty> :|
[12:29:12] <zovty> Ja, behalve als je het sleuteltje van het luikje hebt natuurijk.
[12:29:14] <zovty> Dan ben je zo binnen.
[12:29:19] <zovty> En gleijk waar je wezen moet.
[12:29:32] <Fiebel> :|
[12:29:42] <zovty> :|
[12:30:10] <zovty> :|
[12:30:11] <zovty> :|
[12:30:13] <zovty> |:
[12:30:14] <zovty> :|
[12:30:25] <Fiebel> : |
[12:30:37] <zovty> ;|
[12:34:14] <zovty> Momentje nog hoor.
[12:34:22] <zovty> Gaat allemaal zo traag he.
[12:34:28] <Fiebel> sgoed hoor kulleke
[12:34:30] <Fiebel> ik jaag je niet op
[12:34:32] <Fiebel> ik kijk lekker tv
[12:34:37] <Fiebel> en ik rust
[12:34:39] <Fiebel> lekker ruste
[12:34:58] <Fiebel> want ik had al weer zo veel gedaan he
[12:35:03] <Fiebel> kzou er haast moe van worde
[12:35:47] <zovty> Lekker bezig hoor.
[12:35:58] <zovty> gewoon om 12 uur al klaar met je leven.
[12:36:05] <Fiebel> och kindje
[12:36:06] <Fiebel> gihghighighighiihghighigh
[12:36:11] <Fiebel> ik was toch al eeuwen klaar
[12:36:12] <Fiebel> ggihgihhigihgihgihghighihighgi
[12:36:14] <Fiebel> gek kind
[12:36:24] <zovty> :|
[12:36:29] <Fiebel> :|
[12:36:58] <rawplayer> zo
[12:37:00] <rawplayer> gegeten
[12:37:06] <Fiebel> wat heb jij op?
[12:37:07] <rawplayer> salade met 125 gram gerookte kipfilet
[12:37:09] <rawplayer> 1 ei
[12:37:13] <Fiebel> hm
[12:37:13] <Fiebel> hm
[12:37:17] <rawplayer> en een gevogelte bouillon met kip
[12:37:18] <Fiebel> was ik maar jou
[12:37:20] <rawplayer> ja zo heet dat
[12:37:20] <Fiebel> keurige maaltijd
[12:37:23] <Fiebel> voedzaam
[12:37:25] <Fiebel> smakelijk
[12:37:37] <rawplayer> en vanavond ga ik sporten
[12:37:41] <rawplayer> #sb16
[12:37:44] <Fiebel> wraaaaaaag
[12:37:46] <Fiebel> guugguguu
[12:39:30] <Fem_LittleLady> :D
[12:41:14] <rawplayer> ik overweeg op rustdagen 300 rep kb swing te doen
[12:41:21] <rawplayer> erm
[12:41:26] <rawplayer> das dan actieve rust he
[12:41:51] <Fiebel> ooo jaaa
[12:41:52] <Fiebel>  oooo jaa
[12:48:41] <rawplayer> ja
[12:49:00] <WvdL> echt waar?
[12:49:54] <zovty> Willen jullie echt die foto zien?
[12:49:57] <zovty> Want het is altijd zo'n werk he.
[12:50:06] <rawplayer> ik wil niks zien
[12:50:08] <zovty> Dus ik dan allemaal gedoe en jullie dan zo van klikklik, ohleuk.
[12:50:10] <zovty> Dan laat maar.
[12:50:12] <zovty> Dan doe ik dat niet.
[12:50:14] <zovty> Ok rawplayer.
[12:50:16] <zovty> Dan niet.
[12:50:21] <zovty> Verpest je ook gelijk voor fabis.
[12:50:27] <zovty> Mar goed.
[12:50:34] <zovty> het draait toch allemaal om jou.
[12:50:37] <rawplayer> lijkt mij sterk
[12:50:41] <rawplayer> ik heb haar al een foto van mij laten zien
[12:54:45] <zovty> O.
[12:54:50] <zovty> Ik ook.
[12:54:57] <zovty> Ik bedoel ik heb ook een foto van jou gezien.
[12:55:47] <rawplayer> :|
[12:58:00] <zovty> En jij ook van mij toch?
[12:58:55] <rawplayer> dunno
[12:59:38] *** Quits: DCM360 (DCM360@535509EC.cm-6-6a.dynamic.ziggo.nl) (Ping timeout: 60 seconds)
[13:00:47] *** Joins: DCM360 (DCM360@535509EC.cm-6-6a.dynamic.ziggo.nl)
[13:03:42] <zovty> http://tinypic.com/r/wv21qc/9
[13:03:44] <digibot> Title: Image - TinyPic - Free Image Hosting, Photo Sharing & Video Hosting (at tinypic.com)
[13:04:34] <Jeroen> werkt dat met druk, zovty?
[13:04:41] <zovty> Wat?
[13:04:45] <zovty> Nee.
[13:04:47] <zovty> gewoon druppelen.
[13:04:54] *** Quits: wirky (werken@ip503c7f23.speed.planet.nl) (Ping timeout: 61 seconds)
[13:04:54] *** Quits: welly7 (willy@ip503c7f23.speed.planet.nl) (Ping timeout: 61 seconds)
[13:06:00] *** Joins: welly7 (willy@ip503c7f23.speed.planet.nl)
[13:07:04] <rawplayer> zovty: valt de koffie niet er uit?
[13:07:37] <Punnik> https://soundcloud.com/punnikknp/punnik-korte-broek-demo
[13:07:38] <digibot> Title: Punnik - Korte Broek [DEMO] by PunnikKnP | Punnik Kn P | Free Listening on SoundCloud (at soundcloud.com)
[13:07:48] *** Joins: wirky (werken@ip503c7f23.speed.planet.nl)
[13:07:55] <wirky> https://dl.dropboxusercontent.com/s/2n96p42orb2ou3q/DSCN2195.JPG
[13:08:02] <zovty> Nee, wnat ik hier heb ik m opsekop staan.
[13:10:11] <rawplayer> ah ok
[13:10:12] <rawplayer> gelukkig
[13:10:34] <Fem_LittleLady> :P
[13:13:54] <zovty> Maar klinkt zo gezellig.
[13:13:56] <zovty> En het ruikt lekker.
[13:13:59] <zovty> En is gewoon zo superschattig.
[13:14:05] <zovty> Die kleine filterzakjes ook O+ O+ O+.
[13:18:49] <rawplayer> ja
[13:19:02] <rawplayer> is die prive
[13:19:04] <rawplayer> voor op jouw bureau?
[13:19:45] <zovty> Mja.
[13:19:50] <zovty> Weet ik nog niet.
[13:19:56] <zovty> Kan ook zijn dat ik m thuis zet.
[13:20:00] <zovty> Daar heb ik allene nespresso.
[13:20:04] <zovty> Maar dat geluid is zo agressief.
[13:20:14] <zovty> Deze doet zo prutteprutprrutprut.
[13:20:50] <WvdL> "drink koffie slet, nu!"   mompelt de koffie automaat
[13:20:52] <zovty> En die nespresso doet ZO NGRRRRRRRRHHHHHHHHHHH.
[13:21:20] <WvdL> en zovty doet dan :  "what else"   
[13:23:42] *** Quits: DCM360 (DCM360@535509EC.cm-6-6a.dynamic.ziggo.nl) (Ping timeout: 66 seconds)
[13:23:55] *** Joins: DCM360 (DCM360@535509EC.cm-6-6a.dynamic.ziggo.nl)
[13:24:13] <zovty> Nog maar een paar minuutjes.
[13:34:27] <zovty> Is mercurius al voor de zon?
[13:35:02] <bReChThOu> jep
[13:39:44] *** Quits: DCM360 (DCM360@535509EC.cm-6-6a.dynamic.ziggo.nl) (Ping timeout: 60 seconds)
[13:40:22] *** Joins: DCM360 (DCM360@535509EC.cm-6-6a.dynamic.ziggo.nl)
[13:42:07] *** Quits: Jeroen (Jeroen@54188FF8.cm-5-1c.dynamic.ziggo.nl) (Ping timeout: 60 seconds)
[13:43:07] <zovty> Pazzop.
[13:43:14] <zovty> Sgattugse fotow oooooit.
[13:43:25] <zovty> Klikken op eigen risico van fatale vertedering.
[13:43:31] *** Quits: Henkie94 (Henkie94@hammetjus.nl) (Ping timeout: 66 seconds)
[13:44:28] <zovty> http://tinypic.com/r/2nhlu6x/9
[13:44:29] <digibot> Title: Image - TinyPic - Free Image Hosting, Photo Sharing & Video Hosting (at tinypic.com)
[13:46:41] *** Quits: DCM360 (DCM360@535509EC.cm-6-6a.dynamic.ziggo.nl) (Ping timeout: 60 seconds)
[13:46:48] *** Joins: Henkie94 (Henkie94@hammetjus.nl)
[13:47:18] *** Joins: DCM360 (DCM360@535509EC.cm-6-6a.dynamic.ziggo.nl)
[13:48:46] *** Quits: Fem_LittleLady (Mibbit@a82-161-112-138.adsl.xs4all.nl) (Exit)
[13:53:40] <wirky> analyse zovty
[13:53:51] <wirky> lange vingers redelijk korte duim
[13:54:23] *** Quits: welly7 (willy@ip503c7f23.speed.planet.nl) (Ping timeout: 66 seconds)
[13:54:38] <wirky> daar gaat welly7 hoor
[13:55:21] *** Joins: welly7 (willy@ip503c7f23.speed.planet.nl)
[13:55:45] <zovty> Ja, dat betekende toch dat ik grote sokken moest dragen voor m'n grote voeten?
[13:55:56] <zovty> En m'n wijsvinger is korter dan m'n ringvinger.
[13:56:05] <zovty> Dat betekende toch dat ik makkelijk je zusje in bed krijg?
[13:56:21] <wirky> w8
[13:56:32] <wirky> krijg een belangrijke kleur door
[13:56:41] <wirky> en een getal
[13:57:06] <wirky> ja ja jaja helemaal duidelijk
[13:57:06] <zovty> Ik denk dat het een positief getal is.
[13:57:13] <Fiebel> och jonges
[13:57:16] <zovty> Fabis.
[13:57:16] <wirky> rood 7
[13:57:20] <Fiebel> lekker potje havemout
[13:57:21] <zovty> Heb jij al mijn fotoen gezien?
[13:57:23] <zovty> Lekker hoor.
[13:57:27] <Fiebel> nee!
[13:57:32] <rawplayer> Fiebel: AANDACHT GVD
[13:57:34] <rawplayer> :|
[13:57:37] <zovty> :|
[13:57:38] <rawplayer> kzit mijn leven te delen
[13:57:39] <Fiebel> ja wag ff
[13:57:41] <rawplayer> in ons venster
[13:57:41] <Fiebel> ik ben haske moe
[13:57:44] <Fiebel> kmoes slape
[13:57:45] <zovty> Oh.
[13:57:47] *** Joins: Fem_LittleLady (Mibbit@a82-161-112-138.adsl.xs4all.nl)
[13:57:50] <zovty> Oh fem.
[13:58:04] <Fiebel> foto?
[13:58:06] <Fem_LittleLady> :D
[13:58:36] <zovty> Ik had 2 fotos gedeeld.
[13:58:40] <Fiebel> geefma
[13:58:44] <Fem_LittleLady> Oh leuk ha
[13:59:50] <zovty> Heb ik al gedaan he.
[14:00:10] <Fiebel> geefma aan mij
[14:00:16] <zovty> Ja, scroll even terugh e.
[14:00:19] <zovty> Sjes.
[14:00:23] <Fiebel> :/
[14:00:26] <zovty> :\
[14:00:45] <Fiebel> hihihihhihihiih
[14:01:42] <Fiebel> gossiepoeppiemesjientje
[14:02:02] <Fiebel> heb je ook een heel klein maatscheptje?
[14:02:02] <zovty> Is poepig toch.
[14:02:05] <zovty> Nee.
[14:02:07] <zovty> Dat niet.
[14:02:08] <Fiebel> en hele kleine koppies?
[14:02:09] <Fiebel> o
[14:02:12] <Fiebel> moet je nog even achteraan da
[14:02:15] <zovty> Want gaat gewone koffie in he.
[14:02:20] <zovty> Maar dan 2 kopjes max.
[14:02:22] <zovty> Hiihhihihihihihihhihi.
[14:02:23] <Fiebel> och heerlijk
[14:02:25] <Fiebel> lieflieflief
[14:02:33] <Fiebel> was dat je hele erfenis?
[14:02:38] <zovty> Ja.
[14:02:47] <zovty> En dan nog bergen goud, maar dat moet nog omgesmolten worden.
[14:02:50] <Fiebel> heeft F misschien het maatschepje?
[14:02:53] <Fiebel> naar een krooon?
[14:02:55] <zovty> Nen.
[14:03:00] <zovty> Nee, een staf.
[14:03:05] * zovty be pimpin
[14:03:10] <Fiebel> toema
[14:03:27] <Fiebel> ochochoch
[14:03:30] <Fiebel> wat was dat lekker
[14:03:41] <Fiebel> mogelijk verteert het slapend het best...
[14:03:45] *** Quits: Fiebel (PrincessCo@d77048.upc-d.chello.nl) (Exit)
[14:03:46] <zovty> Nee.
[14:03:48] <zovty> Oh, doei.
[14:04:01] <zovty> Is toch heel slecht met volle maag gaan slapen/
[14:04:36] *** Joins: Fiebel (PrincessCo@d77048.upc-d.chello.nl)
[14:04:41] <Fiebel> nou moe
[14:05:16] <zovty> Och toch.
[14:05:20] <zovty> Kom maar weer gauw hier.
[14:05:26] <zovty> En ga nu maar even met rawpie praten.
[14:05:27] <Fiebel> kmoe nieuwe brtaterij
[14:05:29] <Fiebel> ja
[14:05:30] <zovty> Die zit zo in de knoop.
[14:05:32] <Fiebel> hij negeert mij nu
[14:05:35] <Fiebel> om mij te straffen
[14:05:37] <zovty> Oh, is het nu zo ver.
[14:05:41] <Fiebel> :|
[14:05:44] <zovty> Hij was ook allemaal aan het roepen dat ik hem negeerde.
[14:05:49] <zovty> En dat was eigenlijk niet zo.
[14:05:49] <Fiebel> ochoch
[14:05:52] <Fiebel> dat moet jij ook niet doen
[14:05:56] <Fiebel> die jongen kijkt zo naar jou op
[14:06:16] <zovty> Ik kijk naar hem op.
[14:06:18] <zovty> En ik deed dat niet.
[14:06:20] <Fiebel> jawael
[14:06:25] <Fiebel> maar dat is wederzijds he
[14:06:31] <zovty> Het was een ongelukkig samenloop van omstandigheden.
[14:06:40] <Fiebel> dus jullie zouden elkaar veel meer moeten brohuggen en over de bolletjes aaien
[14:06:41] <Fiebel> ipv dat geboos
[14:06:43] <Fiebel> de hele tijd
[14:06:55] <zovty> Is ook.
[14:07:00] <zovty> Dat zou ook beter zijn.
[14:07:17] <zovty> Maar ja.
[14:07:20] <zovty> Ik vind dat zo moeilijk.
[14:07:24] <Fiebel> is ook
[14:07:24] <zovty> En hij ook wel denk ik.
[14:07:26] <Fiebel> is ook zo
[14:07:31] <Fiebel> is ook gewoon zo
[14:07:36] <zovty> Maar misschien komend weekend?
[14:07:41] <zovty> Hoe zit hij dan?
[14:07:42] <Fiebel> missien
[14:07:48] <Fiebel> moet jij zo maar even vragen
[14:07:53] <Fiebel> enthousiasmerend
[14:07:58] <zovty> Oh, ik dacht dat jij zijn sociale agenda beheerde.
[14:07:59] <Fiebel> maar niet bedreigend
[14:08:02] <zovty> Nee, ok.
[14:08:02] <Fiebel> neeeh
[14:08:03] <Fiebel> nheeeee
[14:08:06] <zovty> Ik weet wel hoe ik dat moet doen.
[14:08:14] <Fiebel> ...
[14:08:17] <zovty> ...
[14:08:24] <zovty> Wat?
[14:08:28] <Fiebel> zo moe
[14:08:39] <zovty> Van wat?
[14:08:48] <Fiebel> van de leef he
[14:08:49] <Fiebel> van de leef
[14:08:53] <Fiebel> zo veel geleefd
[14:08:56] <Fiebel> zo van vermoeid
[14:08:57] <zovty> :|
[14:09:05] <zovty> Uitslover.
[14:09:10] <zovty> Dat zeg je ook allene maar omdat wij geen leven hebben.
[14:09:11] <Fiebel> :|
[14:09:11] *** Quits: DCM360 (DCM360@535509EC.cm-6-6a.dynamic.ziggo.nl) (Ping timeout: 66 seconds)
[14:10:34] <Fiebel> khad ook veel gedanst
[14:10:38] <Fiebel> ook vermoeiend
[14:10:45] <Fiebel> zo vermoeiend allemaal
[14:11:02] <zovty> Oh, goedzo.
[14:11:04] <zovty> Is ook.
[14:11:10] <zovty> Dikke pillen in je mik?
[14:11:18] <Fiebel> neeutneeut
[14:11:29] <Fiebel>  neeeeeut
[14:11:34] <Fiebel> ik mag da niet van rawpy
[14:11:41] <rawplayer> hoi
[14:12:06] <Fiebel> hallo rawplayer
[14:12:14] <Fiebel> zovty en jij gaan dit weekend iets leuks doen!!!
[14:12:19] <Fiebel> *O*O*O*O*O*O*O*O*O*
[14:12:21] <rawplayer> right
[14:12:29] <rawplayer> ik heb zovty vorige week aangeboden om iets leuks te doen
[14:12:33] <rawplayer> hij heeft mij 4 dagen genegeerd
[14:12:37] <Fiebel> ja
[14:12:42] <Fiebel> maar dat is water onder de brug
[14:12:44] <Fiebel> in het verleden
[14:12:44] <rawplayer> niet eens afgemeld
[14:12:46] <Fiebel> bygones
[14:12:51] <zovty> ff momentje.
[14:12:52] *** Joins: DCM360 (DCM360@535509EC.cm-6-6a.dynamic.ziggo.nl)
[14:12:56] <rawplayer> dus waarom zou hij nu wel iets met mij gaan doen
[14:13:06] <Fiebel> kmoet altijd zo plassen van al dat gedrink :"
[14:13:07] <Fiebel> :|
[14:13:14] <Fiebel> omdat hij zo tegen jou opkijkt
[14:25:02] <zovty> Zo.
[14:25:06] <zovty> Wat gaan we doen?
[14:25:11] <zovty> Ja, player sorry.
[14:25:29] <zovty> Ik had het eerst niet gezien, en de volgende dag wilde ik het al zeggen maar toen kwam het er niet van.
[14:25:39] <zovty> Ik wilde je geensins negeren of ontwijken of wat dan ook.
[14:25:44] <zovty> Ik vind je een leukerd.
[14:26:33] <rawplayer> ja dat zie ik adv responses
[14:26:34] <rawplayer> in query
[14:26:43] <rawplayer> eigenlijk wil je gewoon geen contact met dit zielige kutnerdje
[14:26:48] <rawplayer> en je energy er niet aan verbrassen
[14:26:51] <rawplayer> zeg dat dan gewoon
[14:26:56] <rawplayer> ipv te ontwijken
[14:28:04] <Fem_LittleLady> :/
[14:29:16] <zovty> Nee.
[14:29:21] <zovty> Dat is gewoon onzin.
[14:29:25] *** Quits: TooL (x@ip172-92-210-87.adsl2.static.versatel.nl) (Ping timeout: 60 seconds)
[14:29:26] <zovty> Ik vind je geen zielig kutnerdje.
[14:29:28] <zovty> In tegendeel.
[14:29:34] <zovty> En ik wil wel graag contact met je.
[14:29:44] <zovty> Maar... ik ben niet zo'n sociale held.
[14:29:50] <rawplayer> ja nee ik wel wil je zeggen
[14:29:59] <rawplayer> ik heb hier een grote bek hoor
[14:30:11] <rawplayer> achter mijn macbook
[14:30:23] <zovty> Ja.
[14:30:33] <zovty> Ik heb een macbook pro.
[14:30:39] <zovty> :?
[14:30:48] <zovty> Maar goed.
[14:30:54] <zovty> We spreken gewoon iets af.
[14:31:04] <zovty> En dan maar kapot.
[14:34:10] <rawplayer> wat?
[14:34:15] <rawplayer> je wil mij kapot maken?
[14:34:18] <rawplayer> als we iets afspreken?
[14:34:20] <zovty> :').
[14:34:21] <rawplayer> :|
[14:34:24] <zovty> Niet zo doen nou he.
[14:34:31] <rawplayer> ja als ik weer gezond ben
[14:34:32] <rawplayer> spreken we af
[14:34:39] <zovty> ?
[14:34:45] <rawplayer> ja joh
[14:34:45] <rawplayer> ik heb iets
[14:34:46] <zovty> Je bent nu beterder dan afgelopen weekend.
[14:34:48] <rawplayer> hooikoorts
[14:34:51] <rawplayer> of verkoudheid
[14:34:56] <rawplayer> mijn oren zitten dicht
[14:35:01] <rawplayer> dus ik hoor maar voor de heflt
[14:35:03] <rawplayer> of minder
[14:35:04] <rawplayer> :s
[14:35:33] <zovty> Oh nou.
[14:36:10] <Fiebel> de naweeen van een hele heftige manflu
[14:36:12] <zovty> maar dat is goed.
[14:36:12] <Fiebel> gihgighighighi
[14:36:16] <Fiebel> manfluenza
[14:36:16] <zovty> :\
[14:36:20] <zovty> Ja hoor ja.
[14:36:21] <zovty> Superleuk.
[14:36:36] <rawplayer> ik vind dit niet leuk
[14:36:37] <zovty> En wij fabis? Wanneer gaan wij eens een bakkie koffie drinken?
[14:36:37] <rawplayer> echt
[14:36:39] <rawplayer> vrouwen zeuren altijd
[14:36:41] <rawplayer> over manflu
[14:36:41] <zovty> Jajoh.
[14:36:44] <Fiebel> :|
[14:36:46] <rawplayer> terwijl het fucking ernstig is
[14:36:46] <zovty> :').
[14:36:49] <zovty> Ja, is ook.
[14:36:53] <zovty> Mannengriep is gewoon veel ernstiger.
[14:36:55] <rawplayer> ja
[14:37:07] <rawplayer> en ik werk tijdens griep
[14:37:07] <rawplayer> hoor
[14:37:10] <zovty> Weet je wat negeren is player?
[14:37:14] <zovty> Datgene fabis nu doet.
[14:37:15] <rawplayer> ik blijf niet bij de pakken neerzitten
[14:37:16] <zovty> Precies nu.
[14:37:18] <zovty> Dat is negeren.
[14:37:20] <zovty> Dat deed ik niet.
[14:37:24] <Fiebel> ik deed een :|
[14:37:26] <Fiebel> dat is geen negeren
[14:37:29] <Fiebel> hOOR
[14:37:31] <zovty> Oh, was dat een raktie?
[14:37:35] <Fiebel> hmhm
[14:37:38] <zovty> VInd je dat een normale reaktie op een contrete vraag?
[14:37:42] <Fiebel> :Y
[14:37:46] <zovty> Stom.
[14:37:50] <Fiebel> zelfstom
[14:38:00] <zovty> >:(.
[14:38:02] *** Joins: TooL (x@ip172-92-210-87.adsl2.static.versatel.nl)
[14:38:05] <Fiebel> }:{
[14:38:41] <zovty> Dus.
[14:38:46] <zovty> En daarna doen we een triodate.
[14:38:57] <zovty> Als player weer volledig is hersteld van z'n hooiaids.
[14:39:10] <Fiebel> jonges \
[14:39:14] <Fiebel> gullie witte toch dat ik dat allemaal niet do
[14:39:15] <Fiebel> e
[14:39:21] <Fiebel> laatmemetrust
[14:39:24] <zovty> Pff, aansteller.
[14:39:30] <Fiebel> zelf aansteller
[14:39:32] <zovty> Doen we gewoon.
[14:39:36] <zovty> En dan op vakantie.
[14:39:55] <zovty> Dat doen we.
[14:40:00] <zovty> We spreken gewoon af bij een reisburo.
[14:40:10] <zovty> Gratis koffie, gratis vermaak.
[14:40:12] <zovty> En we meoten dat toch eens doen.
[14:40:37] <rawplayer> ja en dan eerst naar een ah xl
[14:40:42] <rawplayer> kan je koffie met koekjes krijgen
[14:40:42] <zovty> Kan.
[14:40:43] <zovty> Voor wat?
[14:40:45] <zovty> Ok.
[14:40:52] <zovty> Afgesproken.
[14:40:55] <zovty> Maar.
[14:40:59] <rawplayer> of de jumbo
[14:41:00] <rawplayer> in breda
[14:41:01] <rawplayer> die grote
[14:41:02] <rawplayer> ken je die?
[14:41:04] <zovty> Bij het reisburo krijgen we toch ook al koffie en koekjes?
[14:41:05] <zovty> Nee.
[14:41:08] <zovty> Breda?
[14:41:08] <rawplayer> o ok
[14:41:11] <zovty> Zegt me niks.
[14:41:25] <rawplayer> misschien moeten we fiebel vervangen
[14:41:27] <rawplayer> voor femmie
[14:41:31] <rawplayer> die wil wel meeten
[14:42:12] <zovty> Maar femmie mag niet op vakantie denk ik.
[14:42:13] <Fem_LittleLady> Ja gezellig
[14:42:19] <zovty> Of zou dat wel mogen?
[14:42:21] <Fem_LittleLady> Van wie niet?
[14:42:25] <zovty> Ja, van je man.
[14:42:29] <zovty> Met 2 nerds van internet op vakantie?
[14:42:39] <Fem_LittleLady> Nou die maakt zich nergens druk om
[14:42:47] <zovty> Hmja.
[14:42:51] <zovty> Dat is wel fijn voor hem.
[14:42:56] <zovty> Maar niet echt bevestigend voor jou.
[14:42:57] <zovty> Maar goed.
[14:42:58] <Fem_LittleLady> Ja 
[14:43:03] <rawplayer> ja ik bescherm je wel
[14:43:05] <rawplayer> tegen zovty
[14:43:09] <rawplayer> ;d
[14:43:09] <Fem_LittleLady> hahaha
[14:43:11] <zovty> :')
[14:43:24] <zovty> Neem je ook je riskleger mee?
[14:44:02] <zovty> Ik allemaal zo hardcore advances maken op Femmie, en als ze bijna overstag gaat ga je haar eer verdedigen met alles en gooi je steeds 2-en en 3-en.
[14:44:09] <zovty> :|
[14:46:15] *** Quits: TooL (x@ip172-92-210-87.adsl2.static.versatel.nl) (Ping timeout: 66 seconds)
[14:48:29] <rawplayer> :|
[14:48:45] <zovty> :|
[14:49:06] <Fem_LittleLady> zal zo even mijn dochter halen
[14:49:12] <Fem_LittleLady> had ik beloofd
[14:49:44] <rawplayer> lol
[14:49:51] <Fem_LittleLady> En de auto tanken voor mijn vriend
[14:50:11] <zovty> Hoezo beloofd?
[14:50:18] <zovty> Dat doe je toch altijd?
[14:50:23] <zovty> Of komt ze al zelf naar huis?
[14:50:28] <Fem_LittleLady> Nou ze mag soms alleen
[14:50:38] <Fem_LittleLady> Ik moet minder bewegen van de fysio
[14:50:50] <Fem_LittleLady> Heel irritant
[14:50:57] <Fem_LittleLady> de hond is ook vervelend
[14:51:22] <Fem_LittleLady> die is van 15 km per dag naar 4 km per dag gegaan
[14:51:22] <zovty> Och och och.
[14:51:28] <zovty> O.
[14:51:38] <Fem_LittleLady> Nou voel ik geen verschil, die plek zeurt en die zeurt na twee weken nog
[14:51:38] <zovty> Misschien kunnen player en ik een uitlaatrobot voor je maken.
[14:51:41] <zovty> of voor je hond eigenlijk.
[14:51:50] <zovty> Nee, maar dat gaat toch ook niet in 2 weken weg.
[14:51:53] <zovty> Loop je al jaren mee toch.
[14:51:59] <Fem_LittleLady> 2 jaar
[14:52:39] <Fem_LittleLady> maar slik nu pijnstillers en loop aardig normaal, maar ben op deze manier veel misselijk
[14:52:53] <zovty> Van de pijnstillers?
[14:52:57] <Fem_LittleLady> Ja
[14:53:25] <zovty> Misschien kan je dokter andere pijnstillers voorschrijvne.
[14:53:30] <Fem_LittleLady> Nou ja, goed voor de lijn, heb op deze manier ook weinig honger
[14:54:10] <Fem_LittleLady> Ja ze begonnen al met parachetamol, maar dat werkt niet, ibuprofen is ook nutteloos, diclofinac werkt ook niet, nu tramadol
[14:54:28] *** Joins: TooL (x@ip172-92-210-87.adsl2.static.versatel.nl)
[14:54:55] <Fem_LittleLady> nu is het net of ik een tennisbal in mijn heup heb en het zeurt, maar kan aardig normaal lopen, ik kan ook heel goed slapen nu
[14:55:09] <zovty> Oh nou.
[14:55:15] <zovty> Dat gaat de geoie kant op.
[14:55:22] <zovty> Het zal nooit helemaal goed komen ben ik bang.
[14:55:30] <Fem_LittleLady> Nee ben er ook bang voor
[14:55:31] <zovty> (Ik ben natuurlijk geen dokter, dus mij vooral niet geloven.)
[14:55:42] <Fem_LittleLady> die fysio zei ook, ze hadden je direct serieus moeten nemen
[14:56:00] <Fem_LittleLady> en niet, aahhh mevrouw het is gekneusd
[14:56:01] <zovty> En jij wheheheheheheheheheheheheheheh.
[14:56:02] <zovty> Serieus nemen.
[14:56:07] <zovty> Whwhwhwhwhwhwhwhehheheheheehehhehe.
[14:56:27] <Fem_LittleLady> Nee hij heeft nu een stagiar en zij en ik kunnen elkaar schieten
[14:56:34] <Fem_LittleLady> erg gezellig dus
[14:56:49] <zovty> Och.
[14:56:53] <zovty> Wat maakt dat nou toch uit.
[14:56:57] <zovty> Zo'n meiske moet het toch ook leren.
[14:57:06] <zovty> Jij hebt ook wel een talentje om je om dingen druk te maken he?
[14:57:15] <Fem_LittleLady> Ik zag haar en kwam tot de conclusie dat ik haar gewoon niet moet
[14:57:24] <Fem_LittleLady> en die conclusie trok zij ook
[14:57:33] <Fem_LittleLady> Soms heb je dat met mensen
[14:57:36] <zovty> Jullie lijken zo op elkaar.
[14:57:44] <zovty> Ja, is ook zo.
[14:57:50] <zovty> Soms klikt het gewoon niet.
[14:58:04] <Fem_LittleLady> Jaren geleden kwam ik een vent tegen en dat botste ook
[14:58:30] <Fem_LittleLady> zat bij ons bij de opleiding, echt dat ging soms opmerking tegen opmerking
[14:58:56] <rawplayer> femmie toch
[14:59:02] <Fem_LittleLady> Ja dat heb je soms
[14:59:14] *** Quits: Teckna (jonathan@52487D74.cm-4-1b.dynamic.ziggo.nl) (Ping timeout: 61 seconds)
[14:59:15] <zovty> Is ook.
[14:59:32] *** Quits: TooL (x@ip172-92-210-87.adsl2.static.versatel.nl) (Ping timeout: 61 seconds)
[14:59:52] <Fem_LittleLady> Nou ja, ik zal eens even naar school tuffen eens even gescheiden vaders bekijken
[15:00:02] <rawplayer> doe dat
[15:00:06] <rawplayer> ik rij er nu ook heen
[15:00:14] <rawplayer> ik heb een roos in mijn knoopsgat
[15:00:18] <zovty> Oh.
[15:00:31] <zovty> Ik draag een bolhoed.
[15:00:35] <Fem_LittleLady> Ik ben die moeder in dat jurkje en al dat  inkt
[15:01:03] <rawplayer> mgighgih
[15:01:07] *** Joins: Teckna (jonathan@52487D74.cm-4-1b.dynamic.ziggo.nl)
[15:01:07] <Fem_LittleLady> tot zo xxxxxxxx
[15:01:10] <rawplayer> xxxx
[15:01:12] *** Quits: Fem_LittleLady (Mibbit@a82-161-112-138.adsl.xs4all.nl) (Exit)
[15:01:15] <zovty> XXXXXXXXXXXXX
[15:01:23] <zovty> Player.
[15:01:26] <rawplayer> hoi
[15:01:30] <zovty> Je weet dat ze speelt he?
[15:01:43] <rawplayer> de blokfluit?
[15:01:44] <rawplayer> Hahahahahahahahahah.
[15:01:45] <rawplayer> :|
[15:01:56] <zovty> Want jij bent zo'n enthousiaste puppy die gelijk meeloopt met iedereen die een hondenkoekje geeft.
[15:02:05] <rawplayer> tuurlijk
[15:02:07] <zovty> Ok.
[15:02:16] <rawplayer> eigenlijk interesseert het mij geen reet
[15:02:19] <zovty> O.
[15:02:25] <zovty> Is ook zo.
[15:02:31] <zovty> Hondenkoekje is hondenkoekje.
[15:02:36] <rawplayer> ja joh
[15:02:38] <rawplayer> wat een kuttopic
[15:02:38] <zovty> En hoe zij er aan komt kan jou niks schelen.
[15:02:41] *** ChanServ sets mode: +o rawplayer
[15:02:41] <zovty> Ja.
[15:02:47] <zovty> Zei boots gisterne ook al.
[15:02:47] <rawplayer> wat gaan we er in zetten
[15:02:49] <zovty> Eh.
[15:02:56] <rawplayer> iets over ajax?
[15:03:02] <zovty> Dat we binnen een maand een triodate hebben, jij ik en fabis.
[15:03:08] <zovty> Ajax kan me echt geen kont schelen.
[15:03:12] <rawplayer> ja mij ook niet
[15:03:15] <rawplayer> ja fabis
[15:03:18] <rawplayer> diw wil niet
[15:03:22] <rawplayer> ik probeer het niet
[15:03:22] <rawplayer> meer
[15:03:23] <zovty> Ja joh, die wil wel.
[15:03:30] <zovty> Maar die vind dat soort dingen ook een beetje eng.
[15:03:39] *** rawplayer changes topic to 'JA hoi'
[15:03:41] *** rawplayer sets mode: -o rawplayer
[15:03:44] <rawplayer> ja joh
[15:03:45] <zovty> Mooi, topic.
[15:03:54] <rawplayer> vooral baarden
[15:04:08] <zovty> Ja, nou, ze woont in Rotterdam, die zal wel genoeg baarden zien.
[15:04:28] <zovty> En dan zijn van die lieve schattige baarden met een zachte G een heel welkome afwisseling.
[15:05:07] *** Quits: DCM360 (DCM360@535509EC.cm-6-6a.dynamic.ziggo.nl) (Ping timeout: 61 seconds)
[15:05:23] <zovty> !seen dcm360
[15:05:23] <digibot> zovty: dcm360 was last seen in #fok 1y 13w 4d 21h 10m 47s ago: <DCM360> dan valt de achterkant nog wel mee
[15:05:31] <zovty> Wat kom je nou toch doen denk ik dan.
[15:05:36] <zovty> Ben je hier een jaar niet geweset.
[15:05:46] *** Joins: DCM360 (DCM360@535509EC.cm-6-6a.dynamic.ziggo.nl)
[15:05:48] <zovty> Kom je hier weer, zeg je niks, doe je alleen maar joinen en timoutten.
[15:05:52] <zovty> Ja, hoi DCM360, wat kom je doen?
[15:05:54] <bReChThOu> automatische piloot
[15:05:55] <bReChThOu> :p
[15:05:59] <bReChThOu> bnc'tje
[15:07:10] <zovty> ER IS EEN MEISJESNERD OP VISITE!!!!!!!!!!!!!!!!!!!!!!!!!!!!!
[15:07:16] <zovty> Ze praat techische shit!
[15:07:19] <zovty> Godverdomme wat geil.
[15:07:19] <Pandora> !8 mondspoeling voor zovty?
[15:07:20] <digibot> Pandora: Of course.
[15:07:40] <zovty> Oh!
[15:07:44] <zovty> Ze maakt een lusers grapje!
[15:07:47] <zovty> Godverodmme.
[15:07:52] <zovty> Ik ga haar trouwen.
[15:08:03] <zovty> Jezus.
[15:08:06] <zovty> Ik ben verliefd.
[15:08:07] <zovty> Op slag.
[15:08:15] *** Quits: DCM360 (DCM360@535509EC.cm-6-6a.dynamic.ziggo.nl) (Ping timeout: 62 seconds)
[15:08:19] <zovty> Ze zei REST API!!!!!!!!!!
[15:08:21] <zovty> En het klopte
[15:08:27] <zovty> Jzues.
[15:08:30] <zovty> Wat een lekker wijf.
[15:10:45] *** Joins: TooL (x@ip172-92-210-87.adsl2.static.versatel.nl)
[15:12:24] <rawplayer> pics
[15:12:47] <rawplayer> hier kwam net ook iemand naar mij
[15:12:50] <rawplayer> nieuw meisje
[15:12:59] <rawplayer> HOI MIJN COMPUTER IS GECRASHED, BEN JIJ EEN IT'ER
[15:13:04] <SJ> lol
[15:13:05] <rawplayer> "nee, doei"
[15:13:26] <rawplayer> vraag mij af hoe zoiets in dienst word genomen
[15:13:27] <rawplayer> ;d
[15:13:50] <zovty> Ze is echt leuk hoor.
[15:13:53] <zovty> Jong ding.
[15:13:56] <zovty> Leuk snoetje.
[15:14:00] <zovty> En kei nerdy.
[15:14:18] <rawplayer> <3
[15:14:32] <zovty> En zachte g.
[15:14:36] <rawplayer> heeft ze ook een honingkutje op een mooie lentedag?
[15:14:41] <rawplayer> erm.. wat zeg ik nu weer
[15:14:45] <zovty> Eh.
[15:14:47] <rawplayer> ik bedoel, drinkt ze ook een kopje koffie?
[15:14:48] <zovty> Ik zal zo ff proberen.
[15:14:53] <zovty> Nee, water.
[15:14:55] <rawplayer> ohhhh
[15:14:56] <rawplayer> wat goed
[15:14:58] <zovty> Dus dat zal de smaak van d'r foef bevorderen.
[15:15:07] <zovty> Ja, en ze heft zo'n filterfles ij.
[15:15:32] <rawplayer> ah ja
[15:17:24] <zovty> Ik durf geen foto gte maken.
[15:17:49] <rawplayer> wat is de naam van haar?
[15:17:58] <rawplayer> waarom irc je nog?
[15:18:04] <rawplayer> zoek liever aanknopingspunten
[15:18:26] <Fiebel> och jonge
[15:18:27] <Fiebel> s
[15:18:29] <zovty> ~Ja, ze zei het wel.
[15:18:30] <Fiebel> ik drink zo goed
[15:18:33] <zovty> Maar ik wet het neit meer.
[15:18:34] <Fiebel> zoooo goooeeed drinkeeee
[15:18:39] <zovty> FF niet fabis.
[15:18:42] <zovty> Ff mannenpraat only.
[15:18:46] <zovty> We zijn op jacht.
[15:18:51] <zovty> We moeten onze jachttaktiek bespreken.
[15:18:54] <Fiebel>  beter ga je gewoon even met die meissie prate
[15:18:57] <Fiebel> ipv met rawplayer
[15:19:01] <rawplayer> ja
[15:19:05] <rawplayer> ik ben het eens
[15:19:05] <Fiebel> denk je niet dat dat effectiever is?
[15:19:07] <rawplayer> met favis
[15:19:08] <rawplayer> fabis
[15:19:17] <zovty> Jahoor.
[15:19:20] <zovty> Facebook al geovnden.
[15:19:33] <Fiebel> deezertje
[15:19:34] <rawplayer> GEEF DAN
[15:20:45] *** Quits: Teckna (jonathan@52487D74.cm-4-1b.dynamic.ziggo.nl) (Ping timeout: 66 seconds)
[15:21:52] <zovty> Mag niet.
[15:21:56] <zovty> Denk ik.
[15:22:03] <zovty> Vind het wel heel onprofessioneel.
[15:22:38] <rawplayer> een pic
[15:22:39] <rawplayer> ;d
[15:22:48] <zovty> https://media.licdn.com/mpr/mpr/shrinknp_200_200/AAEAAQAAAAAAAAU9AAAAJDNmYTFlMDk3LWE0MGItNGE0NC1hMTE4LWFjODMxMzlhZmFjOA.jpg
[15:22:52] <zovty> Hihihihihihihihiih.
[15:22:56] <zovty> Leutig ding toch.
[15:23:14] <rawplayer> hot
[15:24:19] <zovty> Woont in asmterdam.
[15:24:28] <zovty> En komt uit den bosch.
[15:24:34] <zovty> Dat is toch perfect voor jou.
[15:24:43] <zovty> Meisjes nerd uit amsterdam met brabantse roots.
[15:24:47] <zovty> En ze kan prachtig mooi zingen.
[15:25:02] <zovty> Als ze iets moet zoeken in de computer doet ze zo "hmmmmhmhmh mh mh mm hhmm mhh"
[15:25:17] <rawplayer> ik geeff er geen shit om
[15:25:18] <rawplayer> om meisjes
[15:25:23] <rawplayer> ik ben van de markt
[15:25:25] <rawplayer> en te oud voor dit
[15:25:39] <rawplayer> ik heb wel een 24 jarige belgische op tinder
[15:25:49] <rawplayer> waar de pa een kroeg heeft
[15:26:00] <zovty> Hoezo ben je van de markt?\
[15:28:56] <rawplayer> ja joh
[15:29:05] <rawplayer> vrouwen willen alleen criminelen
[15:29:23] <rawplayer> ik ben een pid aan het schrijven
[15:29:28] <rawplayer> als dit rond is kan ik 24/7 werken
[15:29:30] <rawplayer> \o/
[15:29:38] <zovty> Wat?
[15:29:49] <zovty> Vrouwen willen helemaal geen criminelen.
[15:29:59] <zovty> En wat is een PID?
[15:30:13] <zovty> En waarom zo uje 24/7 willen werken.
[15:30:21] <zovty> Oh shit.
[15:30:30] <zovty> Ze zit gebukt tegen over me.
[15:30:34] <zovty> Op het scherm te turen.
[15:30:39] <zovty> En ik durf niet te kijken.
[15:30:50] <zovty> Want ze kan zo zien dat ik an in haar blousje gluur.
[15:33:20] <rawplayer> nou en
[15:33:34] <rawplayer> process id
[15:33:34] <rawplayer> erm
[15:33:35] <rawplayer> nee
[15:33:40] <rawplayer> ja zo'n ding
[15:33:43] <rawplayer> voor project
[15:33:46] <rawplayer> doel, mensen
[15:33:47] <rawplayer> kwaliteit
[15:33:49] <rawplayer> blaar
[15:33:50] <rawplayer> blaat
[15:34:03] <rawplayer> beperkingen
[15:34:06] <rawplayer> IK BEN EEN MEGOOL
[15:34:49] <zovty> Owja.
[15:35:05] <zovty> Project I...... Document....
[15:35:08] <zovty> Zoiets.
[15:35:14] <rawplayer> ja joh
[15:35:16] <rawplayer> gewoon een txt
[15:35:19] <rawplayer> en dan committen
[15:35:20] <rawplayer> naar git
[15:35:24] <zovty> Hupsa.
[15:35:27] <zovty> Kan er maar staan he.
[15:35:29] <rawplayer> ja
[15:35:39] <rawplayer> nog een uur
[15:35:40] <rawplayer> en dan pleite
[15:35:47] <zovty> Cleavage!!!!
[15:35:49] <zovty> Ja!
[15:35:51] <zovty> Ik zag het!
[15:35:52] <rawplayer> crossfit chicks kijken
[15:35:53] <rawplayer> lekker
[15:35:54] <zovty> Och och.
[15:35:57] <zovty> Beetje klein.
[15:35:58] <zovty> Maar ok.
[15:36:18] <rawplayer> lekker hoor
[15:36:22] <rawplayer> kleine tietjes
[15:36:48] <zovty> Mja.
[15:37:37] <zovty> Groterts zijn ook fijn.
[15:37:44] *** Joins: Teckna (jonathan@52487D74.cm-4-1b.dynamic.ziggo.nl)
[15:38:17] <rawplayer> ja joh
[15:41:53] <zovty> Lekkere dikke jopen.
[15:41:56] <zovty> Mjammmjam.
[15:43:09] <rawplayer> och dat is zo lekker
[15:43:12] <rawplayer> van die goede jopen
[15:43:18] <rawplayer> waar je lekker in kan kneden
[15:43:28] <zovty> Ja.
[15:43:37] <zovty> Als waren het spuitzakken bakkersroom.
[15:44:02] <zovty> (De vrouwen met grote borsten grijpen nu naar hun borsten omdat ze het voelen.)
[15:44:14] <zovty> (Net als mannen flinchen als ze een andere man in z'n noten geschopt zien worden.)
[15:45:08] <rawplayer> flinch jij ook als je ziet dat een andere man een b/j krijgt?
[15:45:27] <zovty> Eh, nee.
[15:45:36] <zovty> Dan krijg ik soms wel een stijfje.
[15:45:51] <rawplayer> ah ja
[15:47:58] <rawplayer> ik ga zo maar een avocado lezen
[15:48:05] <rawplayer> WTF
[15:48:08] <rawplayer> eten
[15:48:09] <rawplayer> ETEN
[15:48:38] <zovty> :|
[15:48:43] <zovty> Bedoel je dat??????????????
[15:48:46] <zovty> Bedoel je dat steeds????
[15:48:49] <zovty> >:(
[15:48:50] <rawplayer> nee
[15:51:32] <zovty> Ohnou.
[15:51:55] *** Joins: DCM360 (DCM360@535509EC.cm-6-6a.dynamic.ziggo.nl)
[15:52:00] <rawplayer> !seen DCM360 
[15:52:01] <digibot> rawplayer: DCM360 was last seen in #fok 1y 13w 4d 21h 57m 24s ago: <DCM360> dan valt de achterkant nog wel mee
[15:52:23] <zovty> Ze is weer weg.
[15:52:25] <zovty> Awww.
[15:52:31] <zovty> Zo dottig.
[15:52:33] <rawplayer> :<
[15:54:02] <zovty> Ik gaat naar huus!
[15:54:51] <rawplayer> tjuus
[15:54:53] <rawplayer> :D!
[15:55:06] <rawplayer> ben je om 7:30 begonnen?
[15:58:48] <rawplayer> ga je een avocado eten
[15:58:54] <rawplayer> meteen commentaar
[15:58:56] <rawplayer> ja vind ik niet lekker
[15:58:57] <rawplayer> moet zout op
[15:58:59] <rawplayer> dit en dat
[15:59:03] <rawplayer> :')
[16:08:37] <WvdL> ze accepteerd de avocade niet zoals ie is
[16:08:39] <WvdL> spijtig
[16:09:04] *** Joins: Vlien (Vlien@108-176.wlan.rocvantwente.nl)
[16:09:12] <Vlien> Ja hoi
[16:09:46] <rawplayer> ja wilm
[16:09:47] <rawplayer> hoi Vlien 
[16:09:48] <rawplayer> je bent er
[16:09:49] <rawplayer> \o/
[16:09:58] <Vlien> ja :o
[16:10:26] <Vlien> jij ook
[16:10:28] <WvdL> Vlien \o/
[16:10:38] <rawplayer> ja nog 20 minuten
[16:10:40] <rawplayer> en dan weg
[16:11:01] <Vlien> oke doei
[16:11:07] *** Joins: Fem_LittleLady (Mibbit@a82-161-112-138.adsl.xs4all.nl)
[16:11:16] <Fem_LittleLady> :D
[16:11:44] <rawplayer> hoi femmie
[16:11:48] <rawplayer> nee Vlien 
[16:11:49] <rawplayer> ben er nog
[16:11:50] <Vlien> Alles goed met rawpie
[16:13:27] <rawplayer> nog wat last van manflu!
[16:13:36] <rawplayer> voor de rest prima
[16:13:39] <rawplayer> en met jou
[16:13:40] <Fem_LittleLady> Jeeuujjj 
[16:13:40] <rawplayer> en de paardjes
[16:13:42] <rawplayer> en je poes
[16:13:52] <Fem_LittleLady> medicatie ligt klaar, mag het morgen halen
[16:14:53] <Vlien> Van manflu?
[16:15:01] <Vlien> Mijn paard is net bevallen
[16:15:15] <Vlien> dus nu 2 paarden en een poes
[16:15:17] <Fem_LittleLady> och een hengstje of een merrie
[16:15:21] <Vlien> met poes is het ook goed.
[16:15:22] <Vlien> merrie
[16:15:38] <Fem_LittleLady> welk merk
[16:15:39] *** Joins: Fokker_4547 (Mibbit@5357994E.cm-6-8c.dynamic.ziggo.nl)
[16:15:41] <Fokker_4547> Hey
[16:15:54] <rawplayer> oh leuk
[16:16:03] <Vlien> Ja heel leuk
[16:16:16] <rawplayer> kmoet plasse
[16:17:12] <Fem_LittleLady> dan moet je gaan he
[16:19:52] <rawplayer> ja
[16:19:54] <rawplayer> net gedaan
[16:24:27] <Vlien> braaf
[16:24:32] *** Quits: coreblink (coreblink@145.132.131.160) (Ping timeout: 61 seconds)
[16:24:49] <Fem_LittleLady> ;)
[16:25:32] <rawplayer> ;d
[16:25:38] <rawplayer> ik ga
[16:25:39] <rawplayer> doeg
[16:25:41] *** Joins: coreblink (coreblink@145.132.131.160)
[16:26:12] <Fem_LittleLady> doei doei
[16:30:49] *** Quits: Fem_LittleLady (Mibbit@a82-161-112-138.adsl.xs4all.nl) (Exit)
[16:31:58] *** Quits: Vlien (Vlien@108-176.wlan.rocvantwente.nl) (Exit)
[16:48:24] *** Joins: Ou-Tannu (Ou-Tannu@5249248B.cm-4-2a.dynamic.ziggo.nl)
[16:52:13] <zovty> Waarom mag rawplayer zo vroeg weg?
[16:52:19] <zovty> werkt hij maar halve dagen tegenwoordig?
[16:52:24] <zovty> Op therapeutische basis?
[16:52:31] <zovty> Om te herstellen van z'n manflu?
[16:59:31] *** Joins: djdylan512 (Mibbit@ip51ce13dd.speed.planet.nl)
[16:59:55] *** Quits: djdylan512 (Mibbit@ip51ce13dd.speed.planet.nl) (Exit)
[17:24:10] *** Quits: Fokker_4547 (Mibbit@5357994E.cm-6-8c.dynamic.ziggo.nl) (Exit)
[17:30:01] *** Joins: Fem_LittleLady (Mibbit@a82-161-112-138.adsl.xs4all.nl)
[17:44:06] *** Quits: coreblink (coreblink@145.132.131.160) (Ping timeout: 60 seconds)
[17:46:35] *** Joins: Jeroen (Jeroen@ip82-139-124-155.lijbrandt.net)
[18:20:39] *** Quits: wirky (werken@ip503c7f23.speed.planet.nl) (Ping timeout: 60 seconds)
[18:25:16] <zovty> Hoi.
[18:25:17] <zovty> Ik ben er.
[18:25:35] <zovty> En gezellig dat Pandora er ook is.
[18:29:15] *** Joins: wirky (werken@ip503c7f23.speed.planet.nl)
[18:30:25] <Fiebel> ochochochoch
[18:30:30] <Fiebel> ik ben weer wakker
[18:30:53] <Ou-Tannu> niet mekkeren :P
[18:30:59] <Fiebel> behehehe
[18:40:00] *** Joins: Stuiterbal (Stuit@2001:980:5281:1:ecfb:e2f5:3e70:89ce)
[18:49:09] <Fiebel> heeft iedereen vandaag goed gedronken?
[18:49:25] <SOFIE> Hoezo Fiebel 
[18:49:36] <Fiebel> is belangrijk he
[18:49:40] <Fiebel> je moet goed drinke
[18:49:41] <Fiebel> goed drinke
[19:07:47] *** Quits: Fiebel (PrincessCo@d77048.upc-d.chello.nl) (Ping timeout: 66 seconds)
[19:07:55] *** Joins: Fiebel (PrincessCo@d77048.upc-d.chello.nl)
[19:08:03] <Fiebel> }:{
[19:10:07] <Spacecowboy> negers
[19:11:15] <Fiebel> pimp
[19:12:13] <Spacecowboy> sup
[19:17:51] *** Joins: Salvad0R (asdfer@524BFA43.cm-4-4d.dynamic.ziggo.nl)
[19:22:48] *** Joins: Antarez_ (ozymandias@niflheim.quidor.net)
[19:23:03] <Antarez_> mplop
[19:23:06] *** Antarez_ is now known as Antarez
[19:28:37] <Spacecowboy> mplop
[19:35:53] <Fiebel> och jonges
[19:35:57] <Fiebel> was ik maar Spacecowboy
[19:36:52] <nomadz> sup antarez 
[19:36:54] <nomadz> fiebje
[19:37:00] <nomadz> de stofzuiger al gezien vandaag? spacecowboy 
[19:38:21] <Fiebel> ha nomy
[19:38:26] <Fiebel> moet ik de stofzuiger zie?
[19:38:27] <Fiebel> n
[19:38:29] <Antarez> yo nomadz 
[19:38:33] <Antarez> zwaar leven he :)
[19:38:54] <Spacecowboy> [19:37:00]  <nomadz>	de stofzuiger al gezien vandaag? spacecowboy 
[19:38:56] <Spacecowboy> nee
[19:38:57] <Spacecowboy> net thuis
[19:39:08] <Spacecowboy> gezegd dat ze de tering kon krijgen met dr stofzuiger
[19:39:30] <nomadz> als je je bek maar houdt, toch?
[19:39:39] <Spacecowboy> precies
[19:43:53] <rawplayer> sup bitches
[19:44:09] <rawplayer> heeft Spacecowboy weer een duim op zijn voorhoofd?
[19:44:31] <nomadz> yo nigga
[19:46:35] <Stuiterbal> aight G
[19:53:23] <nomadz> stuitje
[19:53:30] <zovty> Oh!
[19:53:32] <zovty> Gemist!
[19:53:36] <zovty> He, wat jammer.
[19:53:38] <rawplayer> ja
[19:53:42] <zovty> Niemand die me dan ook even roept he.
[19:53:43] <Fiebel> half 11 herhaling
[19:53:47] <zovty> Oh, ok.
[19:53:51] <zovty> Dan scroll ik niet terug.
[19:54:06] <zovty> Hoe wassie?
[19:54:07] <Fiebel> *O*
[19:54:07] <zovty> Nee, neit zeggen!
[19:54:13] <Fiebel> ik heb -
[19:54:18] <zovty> Wassie schunnig of melig?
[19:54:20] <zovty> Nee, neit zeggen!
[19:54:23] <zovty> Moet een verassing blijven.
[19:54:28] <Fiebel> :|
[19:54:40] <zovty> |:
[19:54:53] <Fiebel> ik zou wel een appeltaartje lusten
[19:54:59] <Fiebel> met net niet hard genoeg geslagen slagroom
[19:55:01] <zovty> Ff maken dan.
[19:55:13] <zovty> Is zo gemaakt.
[19:55:15] <Fiebel>  nee joh
[19:55:19] <Fiebel> ik ben al zo'n klepje
[19:55:27] <zovty> Achjoh.
[19:55:37] <zovty> Is toch gewoon appel met wat kaneel.
[19:55:42] <zovty> is hardstikke gezond.
[19:55:48] <Fiebel> en een flinke hand glute
[19:55:55] <zovty> Jajoh.
[19:55:59] <Fiebel> smeksmek
[19:56:00] <zovty> Van spelt krijg je geen appeltaart.
[19:56:32] <rawplayer> waar heb je het over zovty 
[19:56:35] <zovty> Dag rawplayer.
[19:56:43] <zovty> Hoe bedoel je?
[19:56:50] <zovty> Ik heb het over vanalles gehad al.
[19:56:55] <rawplayer> ok
[19:56:58] <rawplayer> ik moet eten
[19:57:00] <rawplayer> geen zin om te koken
[19:57:04] <Fiebel> van wie?
[19:57:07] <zovty> Ja, dat had ik net ook.
[19:57:08] <rawplayer> mijzelf
[19:57:12] <Fiebel> goedzo
[19:57:14] <zovty> Maar gelukkig had ik gisteren soep gemaakt.
[19:57:17] <rawplayer> ja
[19:57:18] <Fiebel> de rest moet je laten mekkeren
[19:57:19] <zovty> Die maar even op gewarmt.
[19:57:22] <rawplayer> ja
[19:57:22] <zovty> En straks nog een restje.
[19:57:23] <Fiebel> maar naar jezelf moet je luisteren
[19:57:24] <rawplayer> lekker opwarmen
[19:57:36] <zovty> Lekker schep whey erdoor.
[19:57:41] <rawplayer> lekker hoor
[19:57:44] <rawplayer> een schepje whey
[19:57:48] <rawplayer> ik ga voor havermout
[19:57:54] <zovty> Ook lekker.
[19:57:58] <Fiebel> och heerlijk
[19:58:02] <zovty> Havermout met vla en blauwe bessen ga ik zo nog eten.
[19:58:11] <rawplayer> en een schep whey
[19:58:24] <zovty> Lekker.
[20:00:55] *** Joins: wasbak` (wasbak@f107090.upc-f.chello.nl)
[20:01:06] <Fiebel> wasbak is er
[20:01:06] *** Joins: Fe2O3 (Fe2O3@h70248.upc-h.chello.nl)
[20:01:06] *** ChanServ sets mode: +o Fe2O3
[20:01:10] <wasbak`> oi
[20:01:10] <Fiebel> roest is er
[20:01:33] <wasbak`> ik eet bitterballen
[20:01:37] <Fiebel> goed zo
[20:01:40] <Fiebel> goed ete
[20:02:13] <wasbak`> :)
[20:06:01] <zovty> Lekker.
[20:06:08] <zovty> Bitterballen met mosterd.
[20:07:06] <Fiebel> hhihihihihiihhiihihihihih
[20:08:31] <Fiebel> peppy with the good haid
[20:08:33] <Fiebel> hair
[20:08:38] <Salvad0R> gewoon thee drinken
[20:08:42] <wasbak`> :)
[20:08:43] <Salvad0R> shag roken
[20:08:49] <wasbak`> wie heeft morgen vrij
[20:08:52] <wasbak`> en wil amfeta brengen
[20:08:56] <wasbak`> O.o
[20:11:30] <Antarez> toeters roken
[20:11:43] <Fiebel> oh oh oh oh
[20:12:02] *** Joins: crow (chatzilla@D97B3212.cm-3-4a.dynamic.ziggo.nl)
[20:12:59] <Fiebel> hopelijk moet ik nog wel even drukken voor vandaag
[20:13:07] <zovty> Gisteren?
[20:13:12] <zovty> Beetje laat he.
[20:13:25] <Fiebel> JIJ SNAPT MIJ WEL!!!!!
[20:13:26] <Fiebel> }:{
[20:13:34] <zovty> :|
[20:13:37] <zovty> Lekker bozen.
[20:13:49] <Fiebel> ja ik heb nog niet gepoept
[20:13:54] <Fiebel> daar word ik altijd zo kriegel van
[20:13:56] <zovty> Och kind.
[20:13:58] <zovty> Ga dan even.
[20:14:02] <zovty> Ga gewon even op de pot zitten.
[20:14:06] <Fiebel> ja ik hoef niet
[20:14:08] <rawplayer> hoi
[20:14:09] <Fiebel> en ik rook niet meer
[20:14:11] <zovty> Breng verslag uit vanaf je mobiel, en laten het lopen.
[20:14:12] <Fiebel> en het is te laat voor koffie
[20:14:14] <zovty> Ja, je heoft wel.
[20:14:15] <rawplayer> roken is vies
[20:14:19] <zovty> Dat is duidelijk.
[20:14:20] <Fiebel> OOOOOOOOOOOOOOOOOOOOOOOOOOOOOO+ rawpy
[20:14:23] <Fiebel> zelf vies
[20:14:25] <zovty> Roken is gezond, stoer en lekker.
[20:14:32] <rawplayer> ik ben ook vies
[20:14:35] <rawplayer> ik heb gezweet
[20:14:37] <Fiebel> ik ook
[20:14:41] <Fiebel> ik stink wel 2 uuur in de wind
[20:14:42] <rawplayer> en ik heb stinkende ballen
[20:14:43] <Fiebel> ggihgigihhghighig
[20:14:50] <rawplayer> harige stinkende
[20:14:51] <rawplayer> zelfs
[20:14:59] <Fiebel> :|
[20:15:06] <zovty> Ja, nou, als je er niet aan snuffelt of aanzit heb je er ook geen last van.
[20:15:17] <rawplayer> ja dat is weer makkelijk gezegd
[20:15:21] <rawplayer> wat als ik er wel aan wil zitten
[20:15:23] <rawplayer> en aan wil snuffelen
[20:15:31] <zovty> Dan ga je eerst ff douchen.
[20:15:33] <crow> snuffelen kan je erbij dan ?
[20:15:35] <rawplayer> ja dat doe ik zo
[20:15:35] <rawplayer> ja
[20:15:40] <zovty> Of gewoon een fochtig lappie erover.
[20:15:53] <rawplayer> iedereen kan er toch bij
[20:15:53] <crow> baby doekje 
[20:15:57] <rawplayer> crow: jij kan er ook bij
[20:16:06] <crow> mjah maar niet met me neus
[20:16:12] <rawplayer> kom maar eens hier
[20:16:27] <zovty> Eh.
[20:16:41] <crow> mjah dan heb je gewoon een ver gevordert hernia 
[20:17:07] <crow> of een zak die tot je knieën hang kan ook
[20:17:12] *** Joins: QORRiE (dorian@dhcp-077-249-247-124.chello.nl)
[20:17:17] <rawplayer> erm
[20:17:22] <rawplayer> ik had het over jij bij mij ruiken hoor
[20:17:29] <rawplayer> hallo QORRiE 
[20:17:34] <rawplayer> we hebben het over mijn zwetende harige ballen
[20:17:38] <rawplayer> en crow die er aan wil ruiken
[20:17:49] <zovty> Zijn ze ook van chocolade?
[20:17:53] <rawplayer> nope
[20:17:56] <rawplayer> ik heb wel een chocolade penis
[20:17:56] <zovty> Oh jammer.
[20:17:58] <rawplayer> die geld spuit
[20:18:00] <crow> rawplayer	wat als ik er wel aan wil zitten
[20:18:00] <zovty> Oh, lekker.
[20:18:01] <crow> [20:15]	rawplayer	en aan wil snuffelen
[20:18:03] <rawplayer> dus elke vrouw valt voor mij
[20:18:03] <zovty> Oh, heerlijk.
[20:18:07] <crow> dit word verwarrend 
[20:18:08] <zovty> En man.
[20:19:13] <zovty> Wat komt er nou weer aan?
[20:19:16] <zovty> Pinksteren?
[20:20:33] <Fiebel> zullen we naar pinkpop?
[20:20:38] <Fiebel> kopen we nog snel even een kaartje
[20:20:41] <QORRiE> ah nog zo'n boekreligie-feestdag?
[20:20:57] <zovty> Ja, is goed.
[20:21:20] <Fiebel> regel jij maar even de kaartjes dan
[20:21:28] <zovty> Eh.
[20:21:47] <zovty> Welke dag?
[20:21:51] <Fiebel> alle
[20:22:14] <zovty> Oh, dat duurt nog wel even.
[20:22:18] <zovty> Dat is namelijk niet met pinksteren.
[20:22:21] <Fiebel> o
[20:22:22] <Fiebel> gek
[20:22:25] <zovty> Ja.
[20:22:29] <Fiebel> lama dan
[20:22:41] <zovty> Zondag.
[20:22:49] <zovty> Afsluiten met Lionel Richie.
[20:22:55] <Fiebel> oh
[20:23:02] <Fiebel> kunnen e mooi alvast voor de menigte uit naar huis
[20:23:04] <zovty> Ne,e maandag is dat dan.
[20:24:23] <Fiebel> kheb zoveel geslapen
[20:24:25] <zovty> Ik snap er niks.
[20:24:27] <zovty> Goedzo.
[20:24:30] <Fiebel> maar ik ben nog steeds best moe
[20:24:30] <zovty> Slapen is gezond.
[20:24:32] <zovty> En veilig.
[20:24:35] <Fiebel> ja
[20:24:35] <Fiebel> is ook
[20:24:36] <Fiebel> is ook zo
[20:24:40] <Fiebel> behalve aan een bergwand
[20:24:59] <zovty> Ik denk dat het veiliger is om aan bergwand te slapen dan te klimmen.
[20:25:06] <Fiebel> weet ik niet hoor
[20:25:08] <Fiebel> dat weet ik niet
[20:25:51] <zovty> Ik denk..
[20:26:15] <zovty> Dat er meer klimmers naar beneden flikkeren tijdens het klimmen dan dat er over het randje van bergbedje kukelen.
[20:26:30] <Fiebel> weet ik niet
[20:27:25] <zovty> Geeft toch niks.
[20:27:29] <zovty> Jij ken ook nie alles weten.
[20:27:41] <Fiebel> :N
[20:29:22] <rawplayer> hoi
[20:29:24] <rawplayer> ik heb eten
[20:29:31] <Fiebel> oooooooooooooooooooooooooooooooooooooooooooooooooooooooooh
[20:29:43] <zovty> Goedzo jongen.
[20:29:45] <zovty> Lekker eten.
[20:29:51] <rawplayer> salade bestaande uit; appel, ongeveer 70 gram gerookte kip, hard gekookt ei, goede lepel hoemoes en een goede lepeel hutenkase
[20:30:08] <zovty> Lekker hoor.
[20:30:21] <rawplayer> kak
[20:30:24] <rawplayer> dit is lekker
[20:30:28] <zovty> :)
[20:30:37] <zovty> je hebt je eigen salade uitgevonden.
[20:30:42] <zovty> Nou mag jij de naam verzinnen.
[20:31:00] <QORRiE> klinkt niet verkeerd idd
[20:31:44] <rawplayer> SB16POSTCROSSFITHEALTHYEIWITBOM
[20:31:49] <rawplayer> ja dit is de naam
[20:31:51] <rawplayer> dit is het echt
[20:31:54] <rawplayer> binnenkort in de schappen
[20:31:57] <rawplayer> van johma
[20:32:01] <rawplayer> met allemaal slechte ingredienten
[20:32:05] <rawplayer> en artificial smaak
[20:34:29] <zovty> Jajoh.
[20:34:32] <zovty> Kan jou het rotten.
[20:34:46] <rawplayer> ja dat zeg jij wel zo
[20:34:55] <rawplayer> maar klopt dat ook
[20:34:59] <rawplayer> ik ga zo lekker douchen
[20:35:03] <rawplayer> fris bedje maken
[20:35:05] <Fiebel> dan rot het hjuist toch niet?
[20:35:06] <rawplayer> en rustig liggen
[20:35:14] <Fiebel> even met jezelf vechten?
[20:35:23] <rawplayer> oooo nee
[20:35:26] <rawplayer> ooooooooooooooooooo nee
[20:35:29] <rawplayer> ben jij helemaal gek!
[20:35:35] <rawplayer> tis 25 graden
[20:35:35] <Fiebel> :|
[20:35:56] <zovty> ?
[20:35:57] <rawplayer> ik denk pas in oktober weer
[20:36:01] <rawplayer> als het koel is
[20:36:51] <zovty> Mijn huis is lekker koel.
[20:36:56] <Fiebel> goed zo
[20:37:53] <rawplayer> lekker
[20:38:19] <zovty> Kamer huren?
[20:38:26] <Fiebel> ik heb toch kamers?
[20:38:30] <zovty> Nee, die ander.
[20:38:38] <Fiebel> die ook hoor
[20:38:43] <zovty> Oh, nou, eh.
[20:38:48] <rawplayer> ik trek al bij Fiebel in
[20:38:48] <zovty> Het was maar een aanbod hoor.
[20:38:53] <zovty> Ok, nou prima.
[20:38:58] <rawplayer> ik moet dan wel al mijn salaris inleveren
[20:39:01] <Fiebel> ja
[20:39:02] <rawplayer> en op de grond slapen
[20:39:03] <Fiebel> dat wel
[20:39:10] <zovty> O.
[20:39:13] <Fiebel> dat werkt voor mijn ouders heel goed
[20:39:14] <zovty> Da is maar karig.
[20:39:16] <Fiebel> ik neem dar een voorbeeld aan
[20:39:31] <rawplayer> zovty: wat heb jij te bieden?
[20:39:45] <zovty> Van mij mag je gewoon op je eigen kamertje je eigen bedje neerzetten.
[20:39:51] <rawplayer> oh wat lief
[20:39:57] <zovty> En er zit een aansluiting voor kabel tv. maar die zit achter het behang denk ik.
[20:40:01] <zovty> Maar dat peuteren we wel los.
[20:40:04] <rawplayer> das prima
[20:40:06] <rawplayer> ik kijk geen tv
[20:40:08] <zovty> Ok.
[20:40:09] <Fiebel> wat voor behang?
[20:40:16] <zovty> Maar je gaat niet me wifi zitten hoggen he.
[20:40:17] <rawplayer> wat maakt het uit?
[20:40:19] <rawplayer> tis mijn kamer
[20:40:22] <rawplayer> jij komt er niet
[20:40:24] <zovty> Ja, inderdaad, wat maak dat uit?
[20:40:24] <Fiebel> mijn wifi
[20:40:28] <Fiebel> ik wil dat je een beetje sjiek zit
[20:40:39] <rawplayer> waarom bemoei jij je er mee
[20:40:42] <rawplayer> tis toch mijn kamer
[20:40:45] <rawplayer> en jij komt er toch niet
[20:40:51] <Fiebel> omdat ik wil dat je een beetje sjiek zit
[20:40:51] <zovty> Is glasvezelel behang met lichtgrijze verf op de muren.
[20:40:55] <zovty> Heel neutraal.
[20:40:57] <zovty> Kannie alles van maken.
[20:41:02] <Fiebel> och heerlijk
[20:41:15] <rawplayer> och wat fijn
[20:41:23] <rawplayer> wat ben je ook een fijn mens
[20:41:30] <rawplayer> waarom ben jij nog niet aan de vrouw?
[20:41:33] <zovty> Ja, dat is ook wel zo.
[20:41:34] <rawplayer> elke vrouw valt voor je
[20:41:37] <zovty> Jajoh die motten mij niet.
[20:41:45] <zovty> Ja, en dan leren ze me een beetje kennen en dan is het snel over.
[20:41:49] <rawplayer> ja net als de moeder van fabis
[20:41:54] <rawplayer> die moet normaal iedereen
[20:41:55] <zovty> Ja.
[20:42:01] <Fiebel> gihihihiiihhhhhih
[20:42:16] <rawplayer> ik heb nog honger
[20:42:21] <zovty> Dan eet je nog wat.
[20:42:29] <rawplayer> ja over een uur
[20:42:32] <zovty> Ok.
[20:42:34] <rawplayer> wat yghurt
[20:42:35] <zovty> Als de honger weg is.
[20:42:36] <rawplayer> en wat whey
[20:42:37] <rawplayer> bv
[20:42:46] <rawplayer> morgen ga ik iig hard schijten
[20:42:49] <rawplayer> van die hutenkase
[20:42:52] <rawplayer> ik kan niet awchten
[20:43:22] <zovty> Zal toch moeten.
[20:43:49] <Fiebel> iepieeep
[20:45:16] <zovty> Lekker piepen.
[20:46:08] <Fiebel> ochjonges
[20:46:13] <Fiebel> kleine peppie with the good hair
[20:46:18] <Fiebel> die gaat gewoon op het terras
[20:46:24] <zovty> Wat een held.
[20:46:24] <Fiebel> en dan gaat ze gewoon lekker zitten
[20:46:33] <Fiebel> niet op richeltjes waar ze niet mag komen
[20:46:33] <rawplayer> och wat lief
[20:46:39] <Fiebel> niet op relingen waar ze niet hoort
[20:46:40] <zovty> Bierbie had een klit in d'r vacht.
[20:46:42] <Fiebel> gewoon lekker zitten
[20:46:43] <zovty> Grote dikke klomp.
[20:46:43] <Fiebel> oei
[20:46:55] <zovty> En ze vind kammen wel leuk.
[20:46:59] <zovty> Maar dan om te stoeien.
[20:47:04] <Fiebel> oei
[20:47:04] <zovty> Dus dat is altijd ene beetje gedoe.
[20:47:20] <rawplayer> katten O+
[20:47:21] <Fiebel> peppie with the good hair vinnet het lekkerste oit
[20:47:21] <zovty> Maar tister allemaal uit hoor.
[20:47:22] <zovty> Ze is zo mooi.
[20:47:26] <rawplayer> mag bierbie ook op mijn kamer?
[20:47:32] <zovty> Ja, van mij wel.
[20:47:34] <rawplayer> O+
[20:47:36] <Fiebel> O+
[20:47:37] <zovty> Maar ze verhaart he.
[20:47:39] <zovty> Blijft een kat.
[20:47:44] <zovty> Ik ga d'r nit plastificeren.
[20:47:52] <rawplayer> why not?
[20:47:54] <rawplayer> weleens overwogen?
[20:47:58] <zovty> Zeker.
[20:48:07] <zovty> Ik heb al wel eens een vat perspex gesmolten.
[20:48:11] <zovty> Maar toch maar niet gedaan.
[20:48:17] <rawplayer> hm
[20:48:19] <rawplayer> zonde
[20:48:26] <zovty> Kan altijd nog.
[20:48:40] <zovty> Maar zo is ze ook wel gezellig.
[20:48:43] <rawplayer> ja ok
[20:48:45] <rawplayer> hou maar zo
[20:48:58] <rawplayer> ik zeg maar zo
[20:49:03] <rawplayer> als je tevreden bent ben je tevreden
[20:49:06] <rawplayer> toch?
[20:49:06] <Fiebel> kleine bierb
[20:49:10] <zovty> Ja toch.
[20:49:14] <zovty> Dat zeg jij wel vaak ja.
[20:49:50] <Fiebel> (ik heb dat nog nooit gehoord..?)
[20:50:07] <zovty> (ik praat maar mee, ik denk dat het niet slim is om nu overal tegenin te gaan.)
[20:50:17] <Fiebel> (zie je wel! Je kan het wel!)
[20:50:34] <zovty> (Ik ben zo'n gevoelsmens.)
[20:50:42] <Fiebel> (is ook)
[20:50:44] <Fiebel> (is ook zo)
[20:50:48] <Fiebel> (is ook gewoon zo)
[20:50:50] <zovty> (ik schakel de ration helemaal uit en doe aslow pfurur opwef eoel)
[20:51:01] <Fiebel> (wat?)
[20:51:03] <rawplayer> ja joh
[20:51:07] <rawplayer> ik heb dat andersom
[20:51:11] <rawplayer> bij mij is ration altijd uit
[20:51:11] <zovty> O.
[20:51:15] <rawplayer> en schakel het in als het moet
[20:51:29] <zovty> En als in je een winkel komt?
[20:51:43] <rawplayer> dan denk ik aan welke voedingsstoffen ik nodig heb
[20:51:48] <zovty> Ok.
[20:51:53] <rawplayer> en ga dan nadenken wat allemaal lekker is
[20:52:00] <rawplayer> en dan vergeet ik eerst de sjippies
[20:52:01] <rawplayer> en chocolade
[20:52:05] <zovty> Och kind.
[20:52:08] <rawplayer> en ga dna door voor echt eten
[20:52:10] <zovty> Ik kom nooit meer in die schappen.
[20:52:13] <zovty> Tis helemaal uit m'n loop.
[20:52:18] <rawplayer> ja he
[20:52:23] <rawplayer> ik maak soms kiekjes er van
[20:52:25] <rawplayer> en app die dan
[20:52:28] <rawplayer> naar mijn appvriendin
[20:52:38] <zovty> Oh, gezellig.
[20:52:44] <rawplayer> ja
[20:53:01] <Fiebel> gihihhhhhihhihi
[20:53:08] <rawplayer> ik denk dat ik zo ga douchen en stevig aan mijn pik ga sjorren
[20:53:10] <rawplayer> erm
[20:53:15] <rawplayer> dat moest niet hier
[20:53:26] <zovty> Waar dan?
[20:53:32] <rawplayer> /msg Fiebel ik denk dat ik zo ga douchen en stevig aan mijn pik ga sjorren
[20:53:35] <rawplayer> GODVERDOMME
[20:53:36] <Pandora> !8 mondspoeling voor rawplayer?
[20:53:36] <digibot> Pandora: Unlikely.
[20:53:39] <zovty> Nounou.
[20:53:43] <zovty> Moeluk allmeaal hoor dat irc.
[20:53:45] <Fiebel> :|
[20:53:46] <rawplayer> ja
[20:53:49] <rawplayer> erg moeluk
[20:54:10] <zovty> Zullen we naar sziget?
[20:54:25] <rawplayer> ik rook niet
[20:54:33] <zovty> Ik ook niet.
[20:55:11] <zovty> Maar zullen we naar sziget?
[20:55:31] <Fiebel> nee hoor
[20:55:31] <Fiebel> nee
[20:55:34] <bReChThOu> veel te wam
[20:56:41] <Fiebel> ik was in de dsjim
[20:56:46] <Fiebel> warm jonges
[20:56:46] <Fiebel> warm
[20:56:53] <Fiebel> kolere
[20:56:55] <Fiebel> wat was dat warm
[20:57:03] <Fiebel> en toen moest de dag eigenlijk nog beginnen
[20:58:41] <zovty> Kun je de warmingup wel overslaan.
[20:58:43] <zovty> Wheheheheheheheehhehee.
[20:58:46] <Fiebel> :|
[20:58:53] <Fiebel> maar was het op de fiets wel lekker?
[20:59:01] <zovty> Neeman.
[20:59:08] <Fiebel> :|
[20:59:09] <zovty> Die fukkers hebben heel de weg weer open gebroken.
[20:59:12] <zovty> Het lag net 2 weken goed.
[20:59:12] <Fiebel> fukkers
[20:59:15] <zovty> Sjesus man.
[20:59:26] <zovty> Weer 2 maanden omrijden.
[20:59:30] <Fiebel> :|
[21:00:04] <zovty> Ja, voor de straat van jouw goede vriendin ze voormalige huis te fixen.
[21:00:10] <zovty> P.
[21:00:13] <Fiebel> och
[21:00:16] <Fiebel> dat doet maar
[21:00:18] <Fiebel> en dat doet maar
[21:00:28] <zovty> Ben benieuwd.
[21:00:32] <Fiebel> nou
[21:00:33] <Fiebel> ik ook hoor
[21:00:34] <Fiebel> ik ook
[21:00:43] <zovty> Ik hoop dat ze er soort tube van maken.
[21:00:53] <zovty> Waar ik dan met dan 200 km per uur door heen kan zoeven.
[21:00:57] <Fiebel> maar dan wel aluniminium
[21:00:58] <zovty> Dat zou ve zijn.
[21:01:02] <zovty> Waarom?
[21:01:15] <Fiebel> die plastieken knijpen zo kut uit
[21:01:25] <zovty> Nee.
[21:01:29] <zovty> Dat is juist het hele punt.
[21:01:33] <Fiebel> vind ik wel
[21:01:34] <zovty> Dat is niet meer nodig.
[21:01:37] <zovty> Omdat het spul naar beneden zakt.
[21:01:38] <Fiebel> o
[21:02:03] <Fiebel> dan zijn die van mij steeds stuk denk ik
[21:02:05] <zovty> All alone in space and time.
[21:02:08] <zovty> Ja, zou kunenn hoor.
[21:02:11] <Fiebel> nothings here
[21:02:22] <zovty> Every me.
[21:02:31] <Fiebel> had ik van de week nog even op gedanst
[21:02:39] <zovty> Leuk heur.
[21:02:57] <zovty> Lekker dansen.
[21:03:01] <zovty> Met je losse haren.
[21:03:14] <Fiebel> swiepeswoepeswiepe
[21:03:14] <Fiebel> OI!!!
[21:03:24] <Fiebel> PAS OP MET JE PINT STINKLUL!!!
[21:03:28] <Fiebel> WEET JE WAT DAT KOST!!!!!!!!!!!
[21:03:29] <zovty> nou nou nou.
[21:03:50] <zovty> Beetje vriendelijker kan ook wel tegen zo'n knul he.
[21:03:59] <Fiebel> rot op
[21:04:02] <Fiebel> dan vreten ze je op
[21:04:04] <zovty> Nou nou nou.
[21:04:06] <zovty> Wie?
[21:04:09] <Fiebel> ze
[21:04:12] <Fiebel> in de urbanjungle
[21:04:22] <zovty> Jaja.
[21:04:55] <Fiebel> vannacht ga ik maar in een trappeszak
[21:04:59] <Fiebel> trappelzak
[21:05:26] <Fiebel> och jonges
[21:05:32] <Fiebel> vrijdag haad ik zo'n slechte workout
[21:05:36] <zovty> Is het echt zo warm ja?
[21:05:38] <Fiebel> ik ben er nog niet over uit hoe slecht die waas
[21:05:40] <Fiebel> hier wel ja
[21:05:59] <zovty> Ik ben gewoon cool.
[21:06:01] <zovty> Want zo ben.
[21:06:02] <Fiebel> al koelt het nu AS WE SPEAK een tikje af
[21:06:04] <zovty> Zo cool als ijs.
[21:06:09] <Fiebel> ik bben gewoon een warm mens
[21:06:13] <zovty> Zo ben jij.
[21:06:17] <Fiebel> ja
[21:06:25] <zovty> Echt een warm mensenmens.
[21:06:29] <Fiebel> ja
[21:06:36] <zovty> Met een warm woord voor een ieder die het horen wil.
[21:06:43] <zovty> Behalve biergooiers.
[21:06:47] <Fiebel> of niet
[21:06:51] <Fiebel> wnt soms krijg je niet wat je wil
[21:06:55] <Fiebel> maar altijd wat je nodig hebt
[21:07:13] <zovty> Dat is toch van die filosofische onzin.
[21:07:29] <zovty> Ik heb toch een hoop dingen gehad die ik echt niet nodig had.
[21:07:37] <Fiebel> weet je niet
[21:07:41] <zovty> En dat vind ik altijd zo jammer.
[21:07:41] <Fiebel> weet je gewoon niet
[21:07:50] <zovty> gaan van die gasten gewoon een bandje beginnen om in meisjesbroekjes te komen.
[21:07:54] <zovty> En da is op zich prima.
[21:08:03] <Fiebel> och heerlijk
[21:08:04] <zovty> Maar ga er dan nie allerlei diepzinnige dingen in zoeken.
[21:08:11] <Fiebel> lekker wroeten in een meisjesbroekje
[21:08:33] <zovty> Je gaa ook niet in de gevangenis vragen aan allerlei verkrachters wat zij nou vna het concept vrijheid in ee nrlatie vinden.
[21:09:15] <Fiebel> ik zou dat best doen
[21:09:17] <zovty> En daarmee wil ik neit suggeren dat de rolling stones nou van die verkrachters zijn.
[21:09:23] <zovty> mar hun motieven waren wel hetzelfde.
[21:09:32] <zovty> Wat is suggeren nou weer?
[21:09:44] * Fiebel haalt schouwertjes op
[21:09:53] <zovty> Ik weet het ook alelmaal niet meer.
[21:10:02] <Fiebel> kleine peppie with the good hair
[21:10:08] <Fiebel> lekker naar mama koekeloeren
[21:10:13] <Fiebel> met dr kontje in de wind
[21:10:15] <zovty> Loeloeloe.
[21:14:56] *** Quits: Fem_LittleLady (Mibbit@a82-161-112-138.adsl.xs4all.nl) (Exit)
[21:16:26] <rawplayer> hallo
[21:16:29] <rawplayer> ik ben er
[21:16:29] <Pandora> gezellig, rawplayer is er!
[21:16:42] <rawplayer> ik ben schoon
[21:16:45] <zovty> Hallo, rawplayer.
[21:16:46] <zovty> Wat fijn.
[21:16:54] <zovty> Snuffel nu eens?
[21:17:00] <rawplayer> ja lekker
[21:17:02] <rawplayer> lekker fris
[21:17:03] <zovty> Ok.
[21:17:04] <zovty> Fijn.
[21:17:06] <zovty> geschoren ook?
[21:17:14] <rawplayer> erm
[21:17:17] <rawplayer> wat geschoren?
[21:17:20] <zovty> Eh.
[21:17:25] <zovty> Wat gesnuffeld?
[21:17:35] <rawplayer> ik ben nu een verward man
[21:17:38] <rawplayer> waar gaat dit over
[21:17:42] <zovty> Ik weet het niet.
[21:17:51] <rawplayer> :|
[21:17:54] <rawplayer> waar is fabis
[21:17:58] <zovty> Weet ik veel.
[21:18:00] <zovty> Kan mij dat rotten.
[21:18:07] <zovty> Die zal wel met d'r gekko aan het knuffelen zijn.
[21:18:19] <rawplayer> ok
[21:18:26] <rawplayer> ik ga volgend jaar wel naar sha2017
[21:18:32] <rawplayer> ga je ook? ijsje
[21:18:33] <zovty> Wat?
[21:18:41] <rawplayer> nl hacker event
[21:18:45] <rawplayer> elke 4 jaar
[21:18:46] <zovty> Oh, dat ken ik niet.
[21:18:49] <rawplayer> ik ga al vanaf 2005
[21:18:49] <zovty> Oh, neit zo vaak.
[21:18:53] <rawplayer> heeft telkens een andere naam
[21:18:56] <rawplayer> maar orga is hetzelfde
[21:18:58] <zovty> O.
[21:19:03] <rawplayer> aanrader hoor
[21:19:09] <zovty> En. Maar.
[21:19:13] <zovty> Wat voor hacken?
[21:19:17] <rawplayer> vanalles
[21:19:27] <zovty> Blikjes drinken??
[21:19:29] <rawplayer> https://ohm2013.org/site/
[21:19:31] <digibot> Title: OHM2013 OHM2013: Observe. Hack. Make. July 31 August 4, 2013 (at ohm2013.org)
[21:19:39] <rawplayer> neem die site ff door
[21:20:10] *** Quits: QORRiE (dorian@dhcp-077-249-247-124.chello.nl) (Exit)
[21:20:21] <zovty> Loopt soepel.
[21:20:28] <zovty> Maar niet heus.
[21:20:34] <rawplayer> god
[21:20:38] <rawplayer> die site ligt half er uit
[21:21:00] <rawplayer> jammer
[21:21:02] <rawplayer> maar goed
[21:21:06] <rawplayer> via google vind je wel genoeg dingen
[21:21:10] *** Joins: Fem_LittleLady (Mibbit@a82-161-112-138.adsl.xs4all.nl)
[21:21:16] <Fiebel> o
[21:21:17] <Fiebel> daar is fem
[21:21:19] <Fiebel> spaans praten
[21:21:32] <zovty> Oh.
[21:21:45] <zovty> Ik ken dat wel een klein beetje ja.
[21:21:54] <zovty> Da is toch ook van hackin in progress
[21:22:10] <zovty> Ik ga dat morgen even beter kijken.
[21:22:15] <zovty> En nu ga ik spaans praten.
[21:22:18] <rawplayer> ja
[21:22:19] <Fiebel> ola
[21:22:23] <zovty> Ola torilla telebancos.
[21:22:46] <rawplayer> ola telebankieren omelet
[21:22:47] <rawplayer> ?
[21:22:47] <wasbak`> :)
[21:22:53] <zovty> Goedzo.
[21:22:54] <rawplayer> sup wasbak` 
[21:23:04] <rawplayer> weer ghb aan het roken
[21:23:07] <rawplayer> ouwe goorlap
[21:23:15] <zovty> Lekker.
[21:23:30] <zovty> Lekker ghb met een schepje whey.
[21:23:36] <Fiebel> ghwhey
[21:23:52] <zovty> :|
[21:23:55] <Fiebel> :>
[21:23:57] <zovty> Denk je nou dat je grappig bent?
[21:24:04] <Fiebel> :Y
[21:24:09] <zovty> Nou, valt best tegen.
[21:24:14] <wasbak`> haha
[21:24:16] <wasbak`> rawpje
[21:24:17] <wasbak`> o//
[21:24:20] <Fiebel> :|
[21:24:21] <wasbak`> :)
[21:24:24] <rawplayer> zo
[21:24:24] <wasbak`> kom je naar ouddorp
[21:24:24] <rawplayer> ik lig
[21:24:25] <rawplayer> naakt
[21:24:25] <wasbak`> heb weekend
[21:24:31] <rawplayer> ja tuurlijk
[21:24:33] <rawplayer> ik kom eraan
[21:24:35] <wasbak`> :)
[21:24:35] <rawplayer> hele dag gewerkt
[21:24:39] <rawplayer> er na gecrossift
[21:24:45] <rawplayer> kapot gezweet
[21:24:48] <rawplayer> en nu ben ik net gedoucht
[21:24:50] <rawplayer> en lig ik eens
[21:24:51] <rawplayer> rustig
[21:24:55] <rawplayer> en ga ik nu wel even naar ouddorp
[21:24:57] <rawplayer> omdat jij weekend hebt
[21:25:03] <zovty> Wat ben je toch een goed mens.
[21:25:07] <rawplayer> yup
[21:25:11] <zovty> Ik zou het persoonlijk nei gedaan hebben.
[21:25:13] <rawplayer> 2 uur rijden
[21:25:13] <zovty> Maar jij psringt toch gelijk de wagen in.
[21:25:14] <rawplayer> 3 boten
[21:25:20] <rawplayer> 5 eilanden
[21:25:25] <rawplayer> 2 overnachtigingen
[21:25:27] <rawplayer> en je bent in ouddorp
[21:25:28] *** Joins: Fokker_1306 (Mibbit@dhcp-077-248-224-106.chello.nl)
[21:25:36] *** Quits: Fokker_1306 (Mibbit@dhcp-077-248-224-106.chello.nl) (Exit)
[21:25:53] <rawplayer> tyfus wat is dit lekker
[21:26:01] <zovty> Wa nu weer?
[21:26:03] <rawplayer> bubbeltjeswater
[21:26:08] <zovty> Oh nou.
[21:26:10] <zovty> Ik zal je eerlijk zeggen.
[21:26:17] <zovty> Ik had dat dus vorige week een keer.
[21:26:20] <zovty> Ik vond he echt lekkker.
[21:26:29] <zovty> En dat vond ik nooit.
[21:26:46] <zovty> Ik begin echt te ontgiften en afkicken.
[21:27:26] <rawplayer> ja is ook lekker
[21:27:35] <rawplayer> schijfje citroen er in
[21:27:41] <rawplayer> als je ontgift proef je dat ook
[21:27:47] <rawplayer> maar!
[21:27:50] <rawplayer> liever geen citrone
[21:27:51] <rawplayer> eigenlijk
[21:27:57] <zovty> O.
[21:27:58] <rawplayer> alleen biohipstercitroenschijf
[21:28:01] <rawplayer> die niet bewerkt is
[21:28:03] <rawplayer> met zooi
[21:28:10] <zovty> Joh.
[21:28:11] <rawplayer> of anders de schil er af halen
[21:28:17] <zovty> Gewoon afwassen met afwasmiddel.
[21:28:23] <rawplayer> nou
[21:28:27] <zovty> Sponsje erover.
[21:28:30] <rawplayer> dan zou ik het eerder in de vaatwasser doen
[21:28:36] <zovty> :|
[21:28:39] <rawplayer> wat nu weer
[21:28:43] <zovty> Soms denk ik wel eens dat je mij niet serieus neemt.
[21:28:50] <rawplayer> buk maar
[21:28:56] <zovty> Stoere praat.
[21:28:59] <rawplayer> klopt
[21:29:00] <rawplayer> dit is fok
[21:29:01] <rawplayer> en internet
[21:29:04] <rawplayer> en ik heb een macbook
[21:29:05] <rawplayer> pro
[21:29:09] <rawplayer> en ik doe crossfit
[21:29:16] <rawplayer> maar eigenlijk beni k een 40 year old virgin
[21:29:20] <rawplayer> :|
[21:29:22] <zovty> :|
[21:29:30] *** Quits: Steephh (stephan@185.35.76.94) (Ping timeout: 61 seconds)
[21:29:37] <rawplayer> tyfus
[21:29:40] <rawplayer> morgne hebi k pijn
[21:29:42] <rawplayer> in mijn pens
[21:29:44] <rawplayer> nu al pijn
[21:29:46] *** Joins: QORRiE (dorian@dhcp-077-249-247-124.chello.nl)
[21:29:51] <zovty> Jajoh.
[21:30:00] <zovty> En overmogen heb je betere spieren.
[21:30:06] <zovty> Als je maar genoeg eitjes eet.
[21:30:33] <rawplayer> ja
[21:30:33] *** Joins: Steephh (stephan@185.35.76.94)
[21:30:33] <rawplayer> oo dat is zo lekker
[21:30:33] <rawplayer> eitjes
[21:30:35] <rawplayer> misschien zo nog ff 2
[21:30:43] <rawplayer> zonder eigeel
[21:30:53] <zovty> Iew.
[21:30:59] <rawplayer> waarom zeggen mensen nooit ik eet het eiwit op
[21:31:02] <rawplayer> maar altijd zonder eigeel
[21:31:09] <zovty> Bah.
[21:31:14] <zovty> Omdat ze eigeel vies vinden.
[21:31:17] <rawplayer> hoezo bah
[21:31:23] <rawplayer> ik vul die opening met mayo he
[21:31:25] <zovty> Ja, ik vind het wit juist het minste.
[21:31:40] <rawplayer> ok niet heus
[21:31:45] <rawplayer> maar tis meer dat ik het vet niet nodig heb
[21:31:47] <rawplayer> op dit tijdstip
[21:31:51] <wasbak`> :D
[21:31:56] <rawplayer> wat in het eigeel zit
[21:32:01] <rawplayer> snaptge?
[21:32:03] <wasbak`> special ingredient
[21:32:04] <zovty> Ik snap.
[21:32:06] <rawplayer> anders legt fabis het uit
[21:32:12] <zovty> Maar ik denk dat je dan wel wel erg precies bezig bent.
[21:32:12] <rawplayer> die heeft ook verstand van sport
[21:32:13] <rawplayer> en voeding
[21:32:25] <rawplayer> klopt
[21:32:25] <zovty> En celebs.
[21:32:27] <rawplayer> tis een kleine moeite
[21:32:37] <rawplayer> over een maand tijd is dat wel vet hoor
[21:32:39] <rawplayer> alles bij elkaar
[21:32:54] <zovty> Ja, met de hoeveelheid eieren die jij ee wel ja.
[21:33:16] <rawplayer> net had ik wel het geel
[21:33:22] <rawplayer> in mijn salade
[21:34:05] <zovty> Dat is toch beter.
[21:34:08] <zovty> maar ik ga tv kijken.
[21:34:09] <zovty> Haleekes.
[21:35:02] *** Quits: Steephh (stephan@185.35.76.94) (Ping timeout: 68 seconds)
[21:36:58] <rawplayer> http://frontpage.fok.nl/nieuws/735892/1/1/50/actrice-kaley-cuoco-officieel-gescheiden.html
[21:37:00] <digibot> Title: FOK.nl / Nieuws / Actrice Kaley Cuoco officieel gescheiden (at frontpage.fok.nl)
[21:37:02] <rawplayer> i heb weer hoop
[21:37:02] <rawplayer> <3
[21:38:49] <wirky> n8yn8y
[21:38:53] *** Quits: wirky (werken@ip503c7f23.speed.planet.nl) (Exit)
[21:38:56] <bReChThOu> nn wil
[21:38:56] <bReChThOu> oh
[21:41:02] <Stuiterbal> doei fag
[21:42:17] <bReChThOu> does normaal Stuiterbalzak
[21:43:29] *** Joins: Steephh (stephan@185.35.76.94)
[21:45:11] <Stuiterbal> wtf
[22:00:40] *** Quits: Fiebel (PrincessCo@d77048.upc-d.chello.nl) (Exit)
[22:04:19] *** Quits: mrwazoo (mrwazoo@h102136.upc-h.chello.nl) (Ping timeout: 67 seconds)
[22:04:43] <Salvad0R> beetje gta5
[22:06:14] *** Joins: mrwazoo (mrwazoo@h102136.upc-h.chello.nl)
[22:13:34] <bReChThOu> sup derek
[22:14:50] <rawplayer> bReChThOu: <3
[22:16:03] <bReChThOu> rawpie
[22:32:39] *** Joins: Beer`__ (beer@5ED0808C.cm-7-1c.dynamic.ziggo.nl)
[22:35:29] *** Quits: Etienne (EtienneM@541F7E72.cm-5-8b.dynamic.ziggo.nl) (Exit)
[22:36:23] *** Quits: Fe2O3 (Fe2O3@h70248.upc-h.chello.nl) (Exit)
[22:37:54] *** Joins: Etienne (EtienneM@541F7E72.cm-5-8b.dynamic.ziggo.nl)
[22:45:06] *** Quits: Etienne (EtienneM@541F7E72.cm-5-8b.dynamic.ziggo.nl) (Exit)
[22:49:52] *** Joins: Etienne (EtienneM@541F7E72.cm-5-8b.dynamic.ziggo.nl)
[22:51:14] <Fem_LittleLady> :D
[22:51:23] <rawplayer> femmie 
[22:51:26] <rawplayer> hoi
[22:53:52] <Fem_LittleLady> hoiii
[22:54:03] * Fem_LittleLady knuffelt rawplayer
[22:54:41] *** Quits: crow (chatzilla@D97B3212.cm-3-4a.dynamic.ziggo.nl) (Client exited)
[22:56:59] <rawplayer> O+
[22:57:02] * rawplayer kroelt femmie
[22:57:16] <Fem_LittleLady> hahaha
[22:57:26] <Fem_LittleLady> Ik ben zo blij he
[22:57:44] <rawplayer> :o
[22:57:51] <rawplayer> met erm... je cavia's?
[22:58:08] <Fem_LittleLady> Ja daar ben ik ook blij mee
[22:58:17] <Fem_LittleLady> zijn mijn kleine poepelewoepsie's
[23:02:32] <nomadz> !st redhead 
[23:05:44] <rawplayer> :|
[23:05:53] * rawplayer knijpt femmie in haar wangetje
[23:06:00] <rawplayer> je bent een poepelewoepsie
[23:07:10] <Fem_LittleLady> wat lief
[23:07:17] <Fem_LittleLady> O+
[23:28:06] *** Quits: Fem_LittleLady (Mibbit@a82-161-112-138.adsl.xs4all.nl) (Exit)
[23:29:04] *** Quits: Teckna (jonathan@52487D74.cm-4-1b.dynamic.ziggo.nl) (Ping timeout: 60 seconds)
[23:33:11] <nomadz> bitches
[23:33:34] <Boots> zelf
[23:34:05] <rawplayer> zo
[23:34:08] <rawplayer> ei op
[23:34:13] <rawplayer> nu kan ik  vredig slapen
[23:40:02] <Dubbeldrank> zo zo, dikke matpartij hier voor de deur
[23:40:39] * Jeroen np Frank Sinatra - Come Fly With Me
[23:40:40] <rawplayer> oO
[23:40:45] <Jeroen> a bar in far bombay <3
[23:43:24] *** Quits: QORRiE (dorian@dhcp-077-249-247-124.chello.nl) (Exit)
[23:43:57] <Jeroen> https://www.youtube.com/watch?v=aq33c6FhRes
[23:43:59] <digibot> Title: American Beauty: This is my life - YouTube (at www.youtube.com)
[23:47:32] *** Joins: Teckna (jonathan@52487D74.cm-4-1b.dynamic.ziggo.nl)
[23:47:48] <rawplayer> Teckna: o/
[23:47:49] <rawplayer> !seen Teckna 
[23:47:49] <digibot> rawplayer: Teckna was last seen in #fok 1w 4d 5h 49m 55s ago: <Teckna> hee
