[00:01:20] <Redhead> ole
[00:01:34] <Boots> ola
[00:01:45] <Redhead> alo
[00:02:52] *** Quits: coreblink (coreblink@145.132.131.160) (Exit)
[00:05:53] <wirky> ollo
[00:06:34] <wirky> ik ben klaarwakker
[00:07:01] <wirky> ready to some funny things
[00:07:19] <wirky> die gekke pem ranakisjoen is op de radio]
[00:08:00] <Redhead> ik loer survival
[00:12:15] <Boots> Ik survival zelf.
[00:12:17] <Boots> :D 
[00:24:29] *** Joins: Pwuts (uid111349@id-111349.brockwell.irccloud.com)
[00:25:21] *** Quits: Pwuts (uid111349@id-111349.brockwell.irccloud.com) (Exit)
[00:27:50] <Redhead> of anders komt er gezellig n biggy kakkerlak naar binnen gewandeld
[00:29:03] <Redhead> ook weer naar buiten na chemische aanval
[00:29:07] <Redhead> hihi
[01:14:18] *** Joins: Moonflouwer (Lurkerd@ip1-230-174-82.adsl2.static.versatel.nl)
[01:14:39] <Moonflouwer> wat the fok
[01:16:27] *** Joins: Bralboei (Lurkerd@ip1-230-174-82.adsl2.static.versatel.nl)
[01:16:49] <Bralboei> jj
[01:17:16] <Bralboei> ook
[01:17:22] <Moonflouwer> ok
[01:17:36] *** Parts: Bralboei (Lurkerd@ip1-230-174-82.adsl2.static.versatel.nl) ()
[01:18:26] *** Parts: Moonflouwer (Lurkerd@ip1-230-174-82.adsl2.static.versatel.nl) ()
[01:25:46] *** Joins: Moonflouwer (Lurkerd@ip1-230-174-82.adsl2.static.versatel.nl)
[01:26:11] <Moonflouwer> ok dan
[01:26:16] *** Parts: Moonflouwer (Lurkerd@ip1-230-174-82.adsl2.static.versatel.nl) ()
[01:32:18] *** Joins: Moonflouwer (Lurkerd@ip1-230-174-82.adsl2.static.versatel.nl)
[01:32:46] *** Parts: Moonflouwer (Lurkerd@ip1-230-174-82.adsl2.static.versatel.nl) ()
[01:34:18] *** Joins: Moonflower (Lurkerd@ip1-230-174-82.adsl2.static.versatel.nl)
[01:34:52] <Moonflower> r
[01:34:57] *** Parts: Moonflower (Lurkerd@ip1-230-174-82.adsl2.static.versatel.nl) ()
[02:15:26] *** Joins: Beer`__ (beer@5ED0808C.cm-7-1c.dynamic.ziggo.nl)
[02:56:54] *** Quits: wirky (werken@ip503c7f23.speed.planet.nl) (Ping timeout: 66 seconds)
[03:07:19] *** Joins: rhod (rhod@86.85.193.196)
[03:09:28] *** Joins: Moonflower (Android@188.207.67.181)
[03:09:47] *** Quits: Moonflower (Android@188.207.67.181) (Exit)
[03:25:51] *** Joins: Teckna (jonathan@52487D74.cm-4-1b.dynamic.ziggo.nl)
[03:44:37] *** Quits: Fiebel (PrincessCo@d77048.upc-d.chello.nl) (Exit)
[03:44:37] *** Quits: Teckna (jonathan@52487D74.cm-4-1b.dynamic.ziggo.nl) (Ping timeout: 69 seconds)
[04:38:49] *** Quits: Beer`__ (beer@5ED0808C.cm-7-1c.dynamic.ziggo.nl) (Exit)
[04:43:20] *** Quits: rhod (rhod@86.85.193.196) (Exit)
[07:13:00] <zovty> Hoi.
[07:13:03] <zovty> Och jongens wat vroeg.
[07:13:20] <zovty> Player.
[07:13:21] <zovty> Fabis.
[07:13:27] <zovty> Worren jullie ook eens wakker.
[07:13:35] <zovty> 's avonds de man sogges de man.
[07:18:01] <rawplayer> jaja
[07:18:04] <rawplayer> ben er al
[07:42:33] *** Joins: Teckna (jonathan@52487D74.cm-4-1b.dynamic.ziggo.nl)
[07:49:43] *** Joins: Fiebel (PrincessCo@d77048.upc-d.chello.nl)
[07:49:52] <Fiebel> oooooooooooooooooooooooooooo fokvrienden
[07:49:54] <Fiebel> ik ben er
[07:49:55] <Pandora> gezellig, Fiebel is er!
[08:03:04] *** Quits: Teckna (jonathan@52487D74.cm-4-1b.dynamic.ziggo.nl) (Ping timeout: 60 seconds)
[08:12:28] *** Quits: Fiebel (PrincessCo@d77048.upc-d.chello.nl) (Exit)
[08:21:40] <zovty> Hoi.
[08:22:15] <zovty> Ik ben er ook weer.
[08:22:25] <zovty> Maar nu live vanuit kantoor.
[08:22:29] <zovty> Wat een drukte op de weg he.
[08:22:31] <zovty> Sodeju.
[08:22:34] <zovty> Laag hangende zon.
[08:22:38] <zovty> Vakantie weer voorbij.
[08:22:49] <zovty> Iedereen er weer lekker tegenaan.
[08:22:55] <zovty> Stelletje huichelaars.
[08:23:51] *** Joins: wirky (werken@ip503c7f23.speed.planet.nl)
[08:25:52] <zovty> Willem.
[08:25:56] <zovty> Willem is niet zo anders.
[08:26:00] <zovty> Nee.
[08:26:01] <zovty> Ik bedoel.
[08:26:03] <zovty> WIllem is niet zo.
[08:26:06] <zovty> Willem is anders.
[08:28:14] *** Quits: wirky (werken@ip503c7f23.speed.planet.nl) (Ping timeout: 66 seconds)
[08:29:18] *** Joins: wirky (werken@ip503c7f23.speed.planet.nl)
[08:29:55] <Escovan> meh
[08:32:37] <zovty> Goeiemorgen esco.
[08:45:46] *** Joins: Teckna (jonathan@52487D74.cm-4-1b.dynamic.ziggo.nl)
[08:54:05] *** Joins: Andros (Andros@248.151-244-81.adsl-dyn.isp.belgacom.be)
[09:12:07] <rawplayer> hallo
[09:12:09] <rawplayer> ik ben er
[09:12:10] <Pandora> gezellig, rawplayer is er!
[09:13:03] *** Joins: Jeroen (Jeroen@54188FF8.cm-5-1c.dynamic.ziggo.nl)
[09:17:20] <zovty> Hallo.
[09:17:25] <zovty> Rawplahyer.
[09:17:27] <zovty> Goeiemorgen.
[09:17:34] <zovty> Zullen we vandaag proberen om even geen ruzie te maken?
[09:18:52] <rawplayer> erm?
[09:19:01] <rawplayer> ik zou zeggen probeer het?
[09:19:44] <zovty> Ok.
[09:19:47] <zovty> Ik ga m'n best doen.
[09:19:47] <zovty> Jij ook?
[09:19:51] <rawplayer> okay
[09:19:52] <rawplayer> okay
[09:19:54] <zovty> Ok.
[09:19:55] <zovty> Fijn.
[09:20:02] <zovty> Ik eet een worstje.
[09:20:23] <rawplayer> wil je mijn worstje ook eten?
[09:20:51] <zovty> Bedoel je je piemel?
[09:21:22] <rawplayer> ja
[09:21:34] <rawplayer> je denkt toch niet dat ik eten ga delen?
[09:22:23] <SJ> mogge
[09:22:24] *** Parts: Jeroen (Jeroen@54188FF8.cm-5-1c.dynamic.ziggo.nl) ()
[09:23:51] <rawplayer> sup sj
[09:27:22] <zovty> Ok.
[09:27:28] <zovty> Nou dan wil ik dat wel eens proberen.
[09:28:22] <zovty> Volgens mij kan ik dat hardstikke goed.
[09:28:29] <zovty> Omdat ik geen slikreflex heb.
[09:28:33] *** Quits: Teckna (jonathan@52487D74.cm-4-1b.dynamic.ziggo.nl) (Ping timeout: 61 seconds)
[09:32:43] *** Joins: Teckna (jonathan@52487D74.cm-4-1b.dynamic.ziggo.nl)
[09:33:51] <rawplayer> ah ok
[09:34:01] <rawplayer> nog 3 dagen
[09:34:02] <rawplayer> en dan weekend
[09:34:03] <rawplayer> O+
[09:35:29] <nomadz> nog 4 dagen en dan werken :s
[09:35:48] <rawplayer> was ik maar jou
[09:37:15] <nomadz> want dat is zo leuk \o/
[09:38:51] <nomadz> rawplayer, ik ben geslaagd he voor dat examen acute zorg waar je me voor overhoord hebt :)
[09:39:56] <zovty> Gefeliciteerd.
[09:39:59] <zovty> Names player.
[09:40:09] <nomadz> dankje wel player
[09:43:58] <rawplayer> ooo met dat hele riedeltje
[09:44:00] <rawplayer> nice nice
[09:44:11] <rawplayer> feli!
[09:44:13] <rawplayer> GODVERDOMME
[09:44:13] <Pandora> !8 mondspoeling voor rawplayer?
[09:44:14] <digibot> Pandora: In your dreams.
[09:44:14] <rawplayer> ik moet schijten
[09:45:27] <rawplayer> vanavond crossfitten
[09:45:33] <rawplayer> een wod die mij wel ligt
[09:45:53] <rawplayer> laten we hem even doorneme, nomadz 
[09:45:57] <Redhead> morning
[09:45:58] <rawplayer> 22 Min AMRAP
[09:45:58] <rawplayer> 8 DeadLifts @ 225/155#
[09:45:58] <rawplayer> 4 Box Jumps 27/23′
[09:45:58] <rawplayer> 8 Box Steps 24/20′ (holding a 20kg/10kg plate)
[09:45:59] <rawplayer> 12 Ab Mat Sit Ups
[09:46:15] <rawplayer> alleen die box meuk wordt voor mij alleen box steps
[09:46:17] <Redhead> gefeliciteerd nomadz :**
[09:46:21] <rawplayer> op 24" box
[09:46:56] <Escovan> Ik droomde vannacht dat ik een of andere sport deed die vet veel energie kostte, met wapens ook enzo. Leek wel militaire training. Volgende moment zat ik weer op een zaal in het gekkenhuis. Heel raar.
[09:47:40] <zovty> Dromen zijn bedrog.
[09:47:48] <rawplayer> ik eet paleohavermout
[09:47:53] <zovty> Lekker jong.
[09:47:58] <zovty> Leg me dat nou eens uit, hoe doe je dat?
[09:48:07] <zovty> Maak je dan gisterenavond die havermout?
[09:49:05] <zovty> En dan nu zo in de magnetron.
[09:50:04] <nomadz> redje :*
[09:50:29] <nomadz> escovan, die zaal is realiteit. al het andere, tja
[09:50:36] <rawplayer> ijsje met yoghurt :)
[09:50:45] <rawplayer> die maak ik het 's avonds klaar
[09:51:16] <rawplayer> ik heb mijn eetpatroon aangepast
[09:51:21] <rawplayer> ik ditch de avocado
[09:51:24] <rawplayer> ik eet te veel vetten
[09:51:41] <rawplayer> tis jammer dat je het moeizaam kan bewaren
[09:51:45] <rawplayer> een halve
[09:51:57] <zovty> Ja.
[09:52:07] <zovty> Ik eet wel veel avocado.
[09:52:55] <rawplayer> ijsje what about een laagje olijfolie op huishoudfolie
[09:53:06] <rawplayer> en dan de avocado er op drukken
[09:54:07] <rawplayer> mja, je kan wel weer het oxideren vertragen
[09:54:26] <rawplayer> maar dan smaakte geheid je avocdo choor
[09:57:48] <Boots> http://i.imgur.com/pJXTN6x.jpg
[09:58:16] <Boots> http://i.imgur.com/Mzjj60a.jpg higihi
[09:58:36] <rawplayer> ja
[09:58:47] <rawplayer> ik heb weleens tegen een dikzak in de trein gezegd dat die moet opbokken
[09:58:56] <rawplayer> omdat ik niet beknelt wil zitten en in zijn stinklucht wilde zitten
[09:59:24] <Boots> En toen 
[09:59:34] <rawplayer> toen pufte ne pufte doe
[09:59:40] <rawplayer> en had geen energy om weg te gaan
[09:59:44] <rawplayer> en ben ik ergens anders gaan zitten
[10:02:41] *** Joins: Fiebel (PrincessCo@d77048.upc-d.chello.nl)
[10:02:50] <Fiebel> WAAAAAAAAAAAAAAAAAAAAAAAR IS MIJN PROTEINE?!!
[10:02:58] <Fiebel> WAAAAAAAAAAAAAAAR IS MJN WHEY?!!
[10:03:05] <Fiebel> WAAAAAAAAAAAAAR IS MIJN AVOCADO?!!!!
[10:03:15] <Fiebel> WAAAAAAAAAAAAAAAAAAAAAAAAAR IS MIjn BULLITPROEFKOfFIE?
[10:03:30] <Redhead> hier hebbie koffie
[10:03:33] <Redhead> koest maar!
[10:03:43] <Fiebel> och heerlijk redje
[10:03:46] <Fiebel> heeeelijk
[10:03:48] <Redhead> kusje drbij
[10:03:51] <Redhead> zooooooooooooooooooooo
[10:03:58] <Fiebel> :***
[10:04:01] <Fiebel> heerlijkheerlijkheerlijk
[10:04:09] <Redhead> net als uitslapen
[10:04:14] <Redhead> ook zo heerlijk!
[10:04:50] <Fiebel> heeerlijkheerlijkheerlijk
[10:06:43] <Fiebel> ghighigih
[10:06:44] <Fiebel> net in oto
[10:06:46] <wirky> fantastisch dat jij er ook bent Fiebel
[10:06:52] <Fiebel> twobrothersonthefourthfloor op de radio
[10:06:53] <Fiebel> gihghigigh
[10:06:58] <Fiebel> wederzijs wirky
[10:07:00] <Fiebel> wederzijds
[10:07:11] <Fiebel> ik vind het fantastisch gezellig dat jij er bent
[10:07:34] <wirky> en daar bovenop nog al het goede wat ons leven mag brengen
[10:07:42] <Fiebel> ja
[10:09:20] <Fiebel> kleine pep heb lekker dr kleine beterweterkoppie opgezet
[10:09:29] <Fiebel> ik weet wel dat je mijn bal niet hebt
[10:09:43] <Redhead> morrie wirky , heb je een goede ochtend ?
[10:09:44] <Fiebel> maar ik weettochbeter dat je hem wel hebt
[10:09:50] <wirky> ja nu wel
[10:10:05] <wirky> maakte me een beetje zorgen over een begeleider die mij negeert
[10:10:20] <wirky> zal hem straks wel effe aanspreken als ik hem zie
[10:10:33] <Redhead> hmz...
[10:10:45] <Redhead> groet ie niet terug oid?
[10:10:47] <wirky> waarom hij zo inconsequent is in zijn gedrag naar mij
[10:10:50] <wirky> ja dat
[10:11:04] <Redhead> sommige mensen zijn gewoon horken
[10:11:15] <wirky> valt wel mee met hem
[10:11:19] <Redhead> oh
[10:11:21] <wirky> maar hij is dubbel
[10:11:25] <rawplayer> Fiebel: O+
[10:11:31] <wirky> ene keer ouwe jonges krentebrood
[10:11:39] <wirky> en daarna besta je niet
[10:11:48] <wirky> dus is lastig begrijp je
[10:11:50] <Redhead> hm hm , zijn er wel meer van
[10:11:57] <Redhead> gewoon negeren 
[10:12:09] <Redhead> als t zo is
[10:12:16] <Fiebel> OOOOOOOOOOOOO+
[10:12:18] <wirky> ja nee dat kan niet daar leven we te dicht voor op elkaar
[10:12:24] <Fiebel> vaak niets met jou te maken wirky
[10:12:31] <wirky> ja weet ik
[10:12:40] <Redhead> je veranderd hem toch niet
[10:13:07] <Redhead> er zijn mensen die zo doen  , gewoon laten wapperen
[10:13:11] <Fiebel> mogelijk komt er een pakketje
[10:13:16] <Fiebel> maar het kan ook volgende maand ergens zijn
[10:13:17] <Fiebel> gigihghigiighghigi
[10:13:22] <Fiebel> het is zo onzeker allemaal
[10:13:22] <Fiebel> gihghighhig
[10:13:22] <Redhead> wat hebbie besteld ?
[10:13:24] <Fiebel> poep
[10:13:25] <Fiebel> gigihghihig
[10:13:44] <Redhead> watvoor poep hebbie besteld ?
[10:13:57] <Fiebel> afvalpoep
[10:14:23] <zovty> Maar wat player.
[10:14:34] <zovty> Wat nou als je een laagje avocadoolie op een folietje doet.
[10:14:39] <zovty> En dan de pit er ook nog in laat zitten.
[10:14:43] <zovty> Als dat niet werkt dan weet ik het ook niet meer.
[10:15:04] <Fiebel> dag zovty
[10:15:05] <rawplayer> wat is avocadoolie
[10:15:06] <Fiebel> jij bent er
[10:15:15] <rawplayer> fiebel ijsje en ik proberen een probleem op te lossen
[10:15:25] <Fiebel> goed zo
[10:15:26] <rawplayer> we hebben een avocadoprobleem
[10:15:27] <Fiebel> lekker oplossen
[10:15:30] <Fiebel> ja
[10:15:30] <Fiebel> vervelend
[10:15:31] <Fiebel> voor jullie
[10:15:38] <rawplayer> hoe hou je een avocado houdbaar
[10:15:41] <rawplayer> een halve
[10:15:44] <Fiebel> rode ui snipperen
[10:15:45] <rawplayer> nee
[10:15:46] <rawplayer> ja
[10:15:48] <rawplayer> weet ik wel
[10:15:50] <Fiebel> en dan in de koelkast leggen
[10:15:50] <rawplayer> tegen oxidatie
[10:15:53] <rawplayer> maar dand smaakte die naar ui
[10:15:53] <rawplayer> :r
[10:15:56] <Fiebel> was de meest onzinnige tip die ik ooit las
[10:15:57] <Fiebel> ja
[10:16:00] <Fiebel> en dat kost je een ui :')
[10:16:03] <rawplayer> ja
[10:16:04] <rawplayer> ook nog eens
[10:16:08] <Redhead> lol Fiebel 
[10:16:13] <rawplayer> dus wat win je dan?
[10:16:22] <Fiebel> weet ik het kind
[10:16:23] <Fiebel> weet ik het
[10:19:03] <rawplayer> ja niks toch?
[10:19:14] <Fiebel> is ook
[10:19:16] <Fiebel> is ook zo
[10:19:18] <Fiebel> is ook gewoon zo
[10:19:22] <zovty> Avocado olie is olie gewoon uit..... wacht er even op.... avocado.
[10:19:46] <zovty> gewoon=gewonnnen
[10:22:27] <zovty> Maar.
[10:22:29] <zovty> Player.
[10:22:35] <zovty> wat doe je dan verder nog in ide yoghurt?
[10:22:55] <zovty> En als jij zegt: klaarmaken; dan bedoel je, ik doe yoghurt in een bakje en daar paar scheppen havermout bovenop.
[10:22:58] <zovty> Kleine keukenprins.
[10:24:39] <rawplayer> schep whey poedr
[10:24:42] <rawplayer> goed roeren
[10:24:51] <rawplayer> en dan in de koelkast
[10:24:53] *** Joins: WvdL (uid21241@id-21241.ealing.irccloud.com)
[10:25:09] <zovty> Maar waarom?
[10:25:18] <zovty> Waarom doe je dat niet?
[10:25:26] <zovty> Eh.
[10:25:29] <zovty> Laat even.
[10:26:33] <rawplayer> okay
[10:29:14] <zovty> Zo.
[10:29:14] <zovty> Ja.
[10:29:16] <zovty> Maar.
[10:29:33] <zovty> Waarom doej e niet gewoon yoghurt ineen bakje en dan vers de whey en havermout er door roeren?
[10:29:37] <zovty> Dan wordt het toch zompig?
[10:31:41] <rawplayer> ik zoek niet een olossing voor een probleem dat er niet is
[10:31:45] <rawplayer> oplossing
[10:32:30] <zovty> Ok, toppie jongen!
[10:32:31] <zovty> :)
[10:32:34] <Fiebel> slecht nieuws lieve fokvrienden
[10:32:35] <Fiebel> slecht nieuws
[10:32:44] <zovty> Och heerlijk.
[10:34:28] *** Quits: Andros (Andros@248.151-244-81.adsl-dyn.isp.belgacom.be) (Ping timeout: 61 seconds)
[10:37:54] <Redhead> het reeeeeeeeeeeeeegent het reeeeeeeeeeeeegent 
[10:37:59] <Redhead> whoei
[10:38:05] <Redhead> druppeltjes om me heen
[10:38:34] <Fiebel> snel de pannetjes naar binnen!
[10:38:46] <Redhead> k zit gewoon buiten ;)
[10:38:51] <Redhead> lekker weertje
[10:39:17] <Redhead> sowieso is dat buitje zo over , k zie alweer blauw 
[10:39:26] <Redhead> paar meter verderop
[10:39:26] <Redhead> ;p
[10:46:35] <zovty> Ik heb asperger
[10:46:38] <zovty> Aspergesoep.
[10:46:45] <Fiebel> och heerlijk ind
[10:46:48] <Fiebel> was ik maar jou
[10:47:54] <zovty> En dan?
[10:48:14] <zovty> Dan kon je je vanavond je emmertje aspergesoep weer vullen met tranen.
[10:48:17] <zovty> Het is niet zo leuk om mij te zijn.
[10:48:18] <Fiebel> dan zou ik mn gezichtje scheren
[10:48:26] <zovty> Natuurlijk; het is fijn om er goed uit te zien en lekker te ruiken.
[10:48:27] <zovty> Maar verder.
[10:48:31] <Fiebel> hadden we niet afgesproken dat het klaar was met dat gejank?
[10:48:36] <zovty> Jajoh.
[10:48:40] <zovty> Vertel dat tegen me tranen.
[10:48:40] <Fiebel> Jankertje Stinpies!
[10:48:46] <Fiebel> mijn tranen
[10:49:25] <zovty> Och kindje.
[10:49:36] <zovty> Als je al verdriet hebt, waarom wil je dan rulen met mijn verdriet?
[10:49:39] <zovty> Dat is heus niet beter hoor.
[10:49:44] <zovty> Niet om jouw verdriet te baggetaliseren.
[10:49:54] <Fiebel> :|
[10:51:37] <zovty> Dat was het.
[10:51:46] <Fiebel> lekker uitgebagetaliseerd 
[10:52:28] <Fiebel> armpies au
[10:52:30] <Fiebel> bipsje au
[10:52:32] <Fiebel> alles au
[10:52:58] <zovty> Durf ik nog te vragen wat je dan in hemelsnaam hebt uitgespookt?
[10:53:05] <Fiebel> weet ik toch niet zovty
[10:53:09] <Fiebel> zo goed ken ik je toch helemaal iet
[10:53:18] <zovty> Ik ga het risico niet meer nemen.
[10:53:19] <Fiebel> dat ik zulke intieme vragen kan beantwoorden voor je
[10:53:20] <zovty> Ik doe het niet meer.
[10:53:31] <zovty> Kun je wel hard en ongeinterreseerd vinden.
[10:53:37] <Fiebel> je bent toch gekke gerritje niet
[10:53:41] <rawplayer> hallo
[10:53:44] <zovty> Maar laatste keer dat ik het deed zat ik anderhalf uur naar een verhaal over cavias te luisterne.
[10:53:46] <rawplayer> ASPERGES O+
[10:53:48] <Fiebel> hallo rawplayer
[10:53:49] <zovty> KLaar ermee, met dat soort valstrikken.
[10:54:04] <Fiebel> ik heb nog nooit een anderhalf uur durend verhaal over cavias gehouden
[10:54:05] <Fiebel> us
[10:54:06] <Fiebel> dus
[10:54:11] <Fiebel> ik vind niet dat je mij dat aan kunt rekeken
[10:54:11] <zovty> Ja, nee.
[10:54:16] <zovty> Nee, klopt ook.
[10:54:17] <Fiebel> rekenen
[10:54:18] <Fiebel> nou dan
[10:54:20] <Fiebel> }:{
[10:54:24] <zovty> Ik veralgemenesieer het.
[10:54:32] <zovty> 1 rotte appel heeft het voor de hele wereld verpest.
[10:54:33] *** Joins: Jeroen (Jeroen@54188FF8.cm-5-1c.dynamic.ziggo.nl)
[10:54:34] <Fiebel> zaljouesveralgemeniseren
[10:54:36] <Fiebel> nou
[10:54:40] <Fiebel> als je het ver de duivel hebt
[10:54:43] <Fiebel> ihihihhiihiihihhiiiihhihiihhhi
[10:54:47] <Fiebel> net of jeroen de rotte appel is
[10:54:48] <Fiebel> hhihihihii
[10:54:53] <Fiebel> (was het jeroen?)
[10:54:54] <zovty> JIj insinueert dat.
[10:54:56] <zovty> (Nee.)
[10:55:00] <Fiebel> (ok.)
[10:55:03] <Jeroen> it's the barrel, not the apple
[10:55:10] <zovty> (Wat zegtie?)
[10:55:26] <Fiebel> (het is de ton, niet de appel)
[10:56:54] <WvdL> (een ton appels?)
[10:57:17] <zovty> Veel appels.
[10:57:32] <zovty> Ik snap even niet zo goed waarom we allemaal maar geld blijven verspillen aan die Demmink afaire.
[10:57:32] <rawplayer> dat er uberhaupt mensen 1,5 uur over cavia's kunnen vertellen
[10:57:41] <zovty> Die gasten zijn toch knetterstapelgestoord.
[10:57:45] <zovty> Waar gaat dit nog over?
[10:57:58] <zovty> Gewoon een keer een tets op z'n vingers geven en verder laten rotten in Turkije.
[10:58:59] <zovty> En we zijn allemaal zo tolerant in Nederland.
[10:59:07] <zovty> Ohja, die man is homo, nou dan zallie wel pedo zijn ook.
[10:59:41] <wirky> hoezo is die affaire weer in t nieuws
[10:59:50] <wirky> ff radio aan starten
[10:59:59] <zovty> Ja, verhoren zijn vandaag begonnne.
[11:00:32] <wirky> ow die begeleider zei t spijt me hij was er zich niet van bewust
[11:00:55] <wirky> toen zei ik laat t niet meer voorkomen
[11:01:47] <wirky> vertelde hij over zijn vriendin die haar enkel had gebroken vorig jaar
[11:01:56] <wirky> en dattie nu heel druk was
[11:02:08] <wirky> toe zei ik ja stress is heel normaal
[11:02:26] <wirky> nee nee zei die maar ik dacht ja ja wel
[11:04:39] <Redhead> laat t niet meer voorkomen.... euh
[11:05:12] <wirky> ijdele hoop denk je
[11:10:13] <wirky> of vind je dat ik dat niet mag zeggen
[11:11:22] <wirky> 11h11
[11:11:27] <wirky> ojee
[11:11:34] <wirky> helemaal los
[11:13:20] <wirky> wat doe ik binnen fokkin zon hier
[11:13:31] <wirky> ga es effe allemaal naar buiten
[11:13:45] <wirky> niet zo staren naar je scherm
[11:22:24] <Fiebel> ja
[11:26:30] <zovty> Buiten spiegelt m'n scherm teveel.
[11:26:46] <Fiebel> is toch ook zo
[11:27:10] <Fiebel> ochjonges
[11:27:15] <Fiebel> blijft niks van mij over
[11:27:40] <zovty> Jammer hoor.
[11:27:52] <Fiebel> jammerschmammer
[11:32:00] <Fiebel> drinkedrinke
[11:32:02] <Fiebel> drinkedrinke
[11:33:45] <zovty> Lekker drinken.
[11:33:50] <zovty> Ik heb een grote kan met slimpie.
[11:33:53] <zovty> Lekker hoor.
[11:33:54] <zovty> Lekker lekker.
[11:33:57] <Fiebel> och heerlijk kind
[11:33:59] <Fiebel> ook echt opdrinken he
[11:34:04] <Fiebel> niet alleen maar naast gaan zitten glimbiggen
[11:34:08] <Fiebel> zo van kijk mij eens goed bezig zijn
[11:34:12] <Fiebel> met mijn grote kan slimpie
[11:34:54] <wirky> ruike
[11:34:59] *** Quits: wirky (werken@ip503c7f23.speed.planet.nl) (Exit)
[11:35:06] <Fiebel> ruike
[11:41:54] <zovty> Nee.
[11:41:58] <zovty> Ook drinke.
[11:42:04] <zovty> Lekker drinke naast me soep.
[11:42:09] <Fiebel> lekker paranootjes
[11:42:13] <Fiebel> lekker dadeltje
[11:42:14] <zovty> Heb ik ook.
[11:42:15] <Fiebel> nomnomnomnom
[11:42:17] <zovty> Heb ik niet.
[11:42:20] <zovty> Wel goji.
[11:42:23] <Fiebel> och heerlijk
[11:42:24] <zovty> Lekker gojibessen.
[11:42:26] <Fiebel> smeksmeksmek
[11:42:27] <zovty> Die zijn super.
[11:42:42] <Fiebel> ik wou dat ik meer dadeltjes gekocht had
[11:42:46] <Fiebel> maar misschien maar goed ook
[11:43:27] <zovty> Waren dat de laatste dadels van de wereld?
[11:43:34] <Fiebel> nee ik denk het niet
[11:43:39] <Fiebel> ik weet het natuurlijk niet 100%zeker
[11:43:41] <Fiebel> maar ik denk het niet
[11:43:48] <Fiebel> maa deze lekkere zompige hebben ze niet zomaar overal
[11:43:54] <Fiebel> en het meneertje is er pas zaterdag weer
[11:43:57] <Fiebel> zo een leuk meneertje
[11:44:07] <Fiebel> grappen en grollen en allemaal mooie dinkies
[11:45:30] <Fiebel> kgawegdag
[11:45:32] *** Quits: Fiebel (PrincessCo@d77048.upc-d.chello.nl) (Exit)
[11:47:01] <zovty> Ok, doei fabis.
[11:47:04] <zovty> Tot een volgende keer.
[11:47:08] <zovty> Hopelijk is het dan weer zo gezellig.
[11:49:46] <rawplayer> hoi
[11:51:04] <zovty> Hoi.
[11:51:12] <rawplayer> waar is fabis nu weer
[11:51:31] <zovty> Dunno.
[11:51:35] <zovty> Lopen, boodschappen doen.
[11:51:39] <zovty> Vermoed ik.
[11:51:44] <zovty> Maar het kan van alles zijn.
[11:51:52] <zovty> Misschien is ze wel een trekhaak laten monteren onder d'r auto.
[11:51:56] <zovty> Ik heb geen idee.
[12:20:35] <zovty> Voor onze fietsvakantie.
[12:20:44] <zovty> Een trippyload.
[12:25:05] <rawplayer> k
[12:25:40] <zovty> Heb jij wel een fiets eigenlijk?
[12:30:34] <rawplayer> nee
[12:30:46] <zovty> Ok.
[12:31:02] <zovty> Heb je in Amsterdam ook niks aan.
[12:33:08] <nomadz> ik doe alles met de auto in amsterdam
[12:43:44] <Spacecowboy> sup
[12:45:07] <rawplayer> TIETEN
[12:45:08] <rawplayer> sup Spacecowboy 
[12:45:11] <rawplayer> hoe was de RACE?
[12:45:25] <Spacecowboy> fucking taai
[12:45:28] <Spacecowboy> kloteweer gehad
[12:45:31] <Spacecowboy> maargoed
[12:45:51] <Spacecowboy> gister en vandaag kunnen bijkomen
[12:47:56] <rawplayer> nice nice
[12:48:05] <rawplayer> ik hoorde dat mart smeets gaat stoppen?
[12:50:50] <zovty> Ja.
[12:50:54] <zovty> Met wielrennen.
[12:51:05] <zovty> Althans, de verslaggeving van wielrennen.
[12:51:33] <zovty> Na Rio zijn we er definitief vanaf.
[12:51:45] <zovty> Tenzij zijn goede vriend van ziggo hem weer een baantje aanbiedt.
[12:51:50] <zovty> Maar dan moet je maa rniet naar ziggo kijken.
[12:53:02] <rawplayer> wie kijkt er sowieso naar die dikke varkenskop
[12:54:43] <zovty> Maar weinig mensen.
[12:54:48] <zovty> Hij is zelden zelf in beeld.
[12:54:52] <zovty> Relatief gezien.
[13:28:11] *** Joins: wirky (werken@ip503c7f23.speed.planet.nl)
[13:28:19] <rawplayer> sup wirky 
[13:28:20] <wirky> hey fokkens
[13:28:25] <rawplayer> ne dikke?
[13:28:30] <wirky> broodje pesto
[13:28:37] <wirky> nee kom net thuis 
[13:28:42] <wirky> ff eten
[13:29:11] <rawplayer> chill
[13:29:15] <zovty> i.
[13:29:15] <rawplayer> in de zon geweest?
[13:29:53] <wirky> ja en boodschappen
[13:30:07] <wirky> ga zo weer in de zon
[13:30:45] <rawplayer> mooi leven man
[13:30:46] <rawplayer> mooi leven
[13:37:55] *** Quits: Etienne (EtienneM@541F7E72.cm-5-8b.dynamic.ziggo.nl) (Ping timeout: 60 seconds)
[13:37:55] <wirky> je wil altijd meer he
[13:38:10] <wirky> beter
[13:38:13] <wirky> mooier
[13:38:47] <zovty> Harder better faster stronger.
[13:39:06] <wirky> Wittgensteijn?
[13:40:00] <wirky> nein
[13:40:04] <wirky> Tampert
[13:47:31] *** Quits: Teckna (jonathan@52487D74.cm-4-1b.dynamic.ziggo.nl) (Ping timeout: 61 seconds)
[13:49:21] *** Quits: wirky (werken@ip503c7f23.speed.planet.nl) (Ping timeout: 67 seconds)
[13:49:43] *** Joins: Teckna (jonathan@52487D74.cm-4-1b.dynamic.ziggo.nl)
[13:58:56] *** Quits: Teckna (jonathan@52487D74.cm-4-1b.dynamic.ziggo.nl) (Ping timeout: 60 seconds)
[14:04:13] *** Joins: Etienne (EtienneM@541F7E72.cm-5-8b.dynamic.ziggo.nl)
[14:34:04] <Punnik> cheers allemaal !!
[14:36:34] *** Joins: Teckna (jonathan@52487D74.cm-4-1b.dynamic.ziggo.nl)
[14:49:06] *** Joins: coreblink (coreblink@145.132.131.160)
[14:59:16] *** Quits: Teckna (jonathan@52487D74.cm-4-1b.dynamic.ziggo.nl) (Ping timeout: 60 seconds)
[15:17:26] *** Joins: Teckna (jonathan@52487D74.cm-4-1b.dynamic.ziggo.nl)
[15:26:19] <Redhead> cheers PunnPun !!
[15:29:04] <welly7> spelt is toch geen tarwe
[15:29:11] <welly7> oweldan
[15:29:43] <welly7> staat er n zak speltmeel in de aanbieding
[15:30:05] <welly7> staat er achter op t pak heerlijk tarweprodukt
[15:30:10] <welly7> wtfjolloo
[15:32:57] <zovty> CHeck enes hoveel % daadwerkelijk spelt is.
[15:36:09] <Redhead> ja
[15:38:35] <welly7> stond er niet op
[15:39:45] <Redhead> ingredienten : 
[15:39:59] <Boots> Het is toch gewoon tarwe
[15:40:19] <welly7> graansoort
[15:41:01] <Boots> Spelt (Triticum spelta) is een eenjarige plant uit de grassenfamilie (Poaceae) uit het geslacht Tarwe (Triticum).
[15:41:34] <welly7> oh dank je wel
[15:50:36] <welly7> http://www.voedingswaar.nl/speltmeel.htm     >>Spelt is, zoals men vaak leest niet een tarwesoort, maar een graan, wat de bakker vroeger gebruikte, voordat het hedendaagse graan, tarwe, werd gekweekt.
[15:50:36] <welly7> Het bevat wel gluten maar deze zijn niet te vergelijken met tarwegluten. Anders dan bij tarwe zitten de belangrijke voedingsstoffen in spelt, ook in het meellichaam ofwel bloemlichaam. 
[15:50:36] <digibot> Title: Voedingswaar gezonde voeding, Speltmeel, Spelt is zeer gezond (at www.voedingswaar.nl)
[15:51:48] <welly7> bootie boetie
[15:51:52] <welly7> sup
[15:53:05] <Punnik> RedReds !! :D
[16:06:30] *** Joins: wirky (werken@ip503c7f23.speed.planet.nl)
[16:13:11] *** Joins: Guyver2 (Guyver2@guyver2.xs4all.nl)
[16:13:52] <Escovan> http://www.parool.nl/amsterdam/damiaan-denys-psychiatrie-moet-terug-naar-de-kern~a4283297/
[16:13:55] <digibot> Title: Damiaan Denys: Psychiatrie moet terug naar de kern - Binnenland - PAROOL (at www.parool.nl)
[16:29:37] *** Joins: Fe2O3 (Fe2O3@h70248.upc-h.chello.nl)
[16:29:37] *** ChanServ sets mode: +o Fe2O3
[16:29:46] <zovty> Hoi.
[16:48:46] <wirky> hoi zovty
[16:48:50] <wirky> sup
[16:52:33] *** Quits: coreblink (coreblink@145.132.131.160) (Ping timeout: 66 seconds)
[16:53:18] *** Joins: coreblink (coreblink@145.132.131.160)
[17:04:00] *** Joins: Fiebel (PrincessCo@d77048.upc-d.chello.nl)
[17:04:03] <Fiebel> kbener
[17:04:15] *** Joins: rhod (rhod@86.85.193.196)
[17:12:30] *** Quits: Jeroen (Jeroen@54188FF8.cm-5-1c.dynamic.ziggo.nl) (Connection reset by peer)
[17:14:16] *** Joins: Jeroen (Jeroen@54188FF8.cm-5-1c.dynamic.ziggo.nl)
[17:16:36] <wirky> t slechtste vrouwenteam heeft na 200 tegendoelpunten afgelopen weekend hun 1e doelpunt gemaakt
[17:16:44] <Fiebel> *O*
[17:16:47] <wirky> tegen de koplopers nb
[17:17:06] <wirky> Fiebel
[17:17:09] <wirky> echt
[17:17:14] <Fiebel> dag wirky
[17:17:18] <wirky> de vehaales leggen op straat
[17:17:23] <Fiebel> is ook
[17:17:26] <Fiebel> is ook zo
[17:17:53] <wirky> over 1 huishouden kan je een groote volledige encyclopedie kunnen lezen
[17:18:26] <wirky> weet je kanne kunne
[17:18:34] <Fiebel> jot
[17:19:54] *** Quits: rhod (rhod@86.85.193.196) (Exit)
[17:22:58] *** Joins: rhod (rhod@86.85.193.196)
[17:30:51] *** Joins: Beer`__ (beer@5ED0808C.cm-7-1c.dynamic.ziggo.nl)
[17:32:57] *** Quits: coreblink (coreblink@145.132.131.160) (Ping timeout: 66 seconds)
[17:33:16] *** Joins: coreblink (coreblink@145.132.131.160)
[17:48:55] <Fiebel> ik heb 2 paranoten
[17:49:02] <Fiebel> en ik had een bietensmoefie
[17:49:11] * Fiebel is paleo
[17:56:43] <zovty> Ha!
[17:56:48] <zovty> 2 paranoten maakt nog paleo.
[17:57:06] <Fiebel> zelfnoggeenpalei
[17:57:09] <Fiebel> hahahahahahaha
[17:57:14] <zovty> Behalve als je ze zelf gejaagd cq verzameld hebt.
[17:57:16] <Fiebel> wel paleoei
[17:57:18] <Fiebel> ahahhahahahhahahahahah
[17:57:26] <Fiebel> ik heb ze zelf verzmeld
[17:57:27] <zovty> Och kind wat heerlijk.
[17:57:28] <Fiebel> op de mert
[17:57:40] <zovty> Wat zit er in jouw bietensmoefie?
[17:57:40] <zovty> Oh!
[17:57:45] <zovty> Daarrrrrrr moet je zo van plassen.
[17:57:45] <Fiebel> biet
[17:57:47] <zovty> Van bieten.
[17:57:57] <Fiebel> och heerlijk
[17:58:00] <Fiebel> lekker doorlopen
[17:58:06] <zovty> Jajoh.
[17:58:08] <zovty> Hehe.
[17:58:11] <zovty> Het lek is gevonden hoor.
[17:58:16] <zovty> Pfew.
[17:58:20] <Fiebel> few
[17:58:25] <zovty> Nee, pfew.
[17:59:05] <Fiebel> PFEW
[17:59:12] <Fiebel> zovty?
[17:59:15] <zovty> Yes.
[17:59:22] <Fiebel> heb je goed gedronken vandaag?
[17:59:30] <zovty> Nou best wel eigenlijk.
[17:59:35] <Fiebel> keurig!!
[17:59:37] <zovty> Ik had een grote kan slimpie gemaakt.
[17:59:40] <zovty> En die was toch best ver op.
[17:59:46] * Fiebel geeft zovty een schouderklopje
[17:59:50] <zovty> En net al weer een groot glas 
[17:59:52] <Fiebel> en een stompie op zn arm
[17:59:54] <Fiebel> och kind
[17:59:58] <Fiebel> wabende toch lekker bezig
[18:00:03] <Fiebel> wabendetochlekkerbezig!
[18:00:07] <zovty> Ik zorg zo goed voor mijn zelf.
[18:00:11] <Fiebel> was ik maar jou
[18:00:14] <Fiebel> was ik maar jou
[18:00:17] <Fiebel> of rawplayer
[18:00:21] <Fiebel> dat lijkt me ook leuk
[18:00:27] <zovty> Ik zou voor rawplayer kiezen dan als ik jou was.
[18:00:29] <Fiebel> die poept zo vaak als ik plas
[18:01:16] <zovty> Het is ook zo'n poepie.
[18:01:21] <Fiebel> ja
[18:01:25] <Fiebel> een klein geolied scheetje
[18:01:26] <zovty> We hebben nog geen ruzie gemaakt vandaag.
[18:01:30] <Fiebel> goed zo!
[18:01:34] <zovty> Maar ik heb m dan ook nauwelijks gesproken.
[18:01:35] <Fiebel> ik ben fier op jullie
[18:01:38] <Fiebel> soms is dat goed
[18:01:44] <zovty> Ja, is ook.
[18:01:53] <zovty> Hij moet gewoon afstand houden af en toe.
[18:01:58] <zovty> Anders wordt 'ie weer jaloers.
[18:02:00] <zovty> Op me shine.
[18:02:11] <Fiebel> soms is ht gewoon net een lieve nog niet zo goed opgevoede puppie
[18:02:19] <zovty> Jajoh.
[18:02:25] <Fiebel> even met z'n neus dr door
[18:02:30] <Fiebel> dan leert hij het wel
[18:02:30] <zovty> Waar het staartje nog niet van afgeknipt is.
[18:02:36] <zovty> Zwieptie alle zooi van tafel.
[18:02:41] <Fiebel> KLATS KLATS
[18:02:44] <zovty> In z'n blijheid he.
[18:02:53] <Fiebel> met z'n
[18:02:54] <zovty> Is gewoon enthousiasme.
[18:02:55] <Fiebel> "staartje"
[18:03:02] <zovty> Maar het moet er wel af.
[18:03:09] <zovty> Blijf niet de afstandsbediening oprapen.
[18:03:24] <Fiebel> och kind
[18:03:31] <Fiebel> gelijk heb je
[18:03:35] <zovty> Jajoh.
[18:03:47] <zovty> Ik vind het wel een goed idee dat Apple die autos als service zou aanbieden.
[18:04:04] <zovty> Lost een hoop juridische issues op.
[18:04:13] *** Joins: Vlien (Vlien@108-176.wlan.rocvantwente.nl)
[18:04:13] <zovty> Verzekering/aansprakelijkheid.
[18:04:16] <Fiebel> ik weet niet wat je zegt
[18:04:18] <zovty> Ammal appel.
[18:04:18] <Fiebel> zeg ik eerlijk
[18:04:20] <Fiebel> hallo vlen
[18:04:22] <Fiebel> vlien
[18:04:24] <zovty> Geeft toch niet kind.
[18:04:43] <Fiebel> welnee
[18:04:46] <Fiebel> geefniks
[18:04:48] <Vlien> hoi
[18:05:05] <zovty> Kijk Apple werkt onder de codenaam "Project Titan" aan een eigen auto. Waarschijnlijk wordt die zelfrijdend. En nu heeft iemand gesuggereerd dat Apple zo'n soort auto als service wil aanbieden in Duitsland.
[18:05:15] <zovty> Hoi vlien.
[18:05:17] <zovty> Lang niet gezien.
[18:05:18] <Fiebel> brrrrrrrrrrrrrrrroembrrrrrrrrrrrrrrrrrrrrrrrrrrrrrrrrrroem
[18:05:20] <Fiebel> serviceauto
[18:05:26] <zovty> Autoservice.
[18:05:30] <Vlien> ja, dat klopt.
[18:05:40] <zovty> Nou welkom terug.
[18:05:43] <Vlien> nou dankje!
[18:05:53] <zovty> Hoe was, daarbuiten?
[18:05:59] <Fiebel> er zit een rare brom in mijn oor
[18:06:11] <zovty> Zit pep er in?
[18:06:12] <Vlien> Koud vooral
[18:06:17] <Fiebel> nee dr neffe
[18:06:18] <Fiebel> gihgihgighig
[18:06:22] *** Quits: Teckna (jonathan@52487D74.cm-4-1b.dynamic.ziggo.nl) (Ping timeout: 66 seconds)
[18:06:25] <zovty> Oh nou.
[18:06:34] <Fiebel> maar er belde een schooier aan dus ze moest even panikeren
[18:06:37] <Fiebel> en nu zit ze ergens anders
[18:06:46] <Fiebel> kutschooiers
[18:06:47] <zovty> Och opgelost.
[18:08:17] <zovty> Hoe weet je of een koe een haas heeft gevangen?
[18:08:23] <zovty> Dan ligt ze te kauwen.
[18:08:44] <Fiebel> kan toch ook kauwgom zijn?
[18:08:55] <zovty> Ja joh kind.
[18:09:02] <Fiebel> nou dan
[18:09:06] <Fiebel> dan weet je toch nog niks?
[18:09:09] <Fiebel> of supermarkthaas
[18:09:11] <zovty> Soms beweeg ik mijn bewingers ove het toetsenbord en dan laten ze woorden achter.
[18:09:18] <zovty> Wil niet zeggen dat er over nagedacht is ofzo.
[18:09:21] <Fiebel> plehplehpleh
[18:09:23] <Fiebel> poezenhaar in mijn mond
[18:10:15] <zovty> Ja, ik zeg altid maar zo; wie een kat in huis haalt is nooit meer echt helemaal schoon.
[18:10:36] <Fiebel> ik heb je dat nog nooit horen zeggen
[18:11:17] <zovty> nee, is ook nog nie zo lang.
[18:11:23] <Fiebel> dus niet altijd?
[18:11:35] <zovty> Maar ik zeg zo vaak dat ik binnen paar maanden de schade wel heb ingehaald.
[18:11:47] <Fiebel> ok
[18:11:47] <zovty> Ja, dat is toch een uitdrukking.
[18:11:50] <Fiebel> ja?
[18:11:54] <zovty> Jajoh.
[18:12:03] <Fiebel> ok
[18:12:06] <zovty> Ik zeg altijd maar zo dit of dat, zus en zo.
[18:12:07] <Fiebel> jij zal het wel wete
[18:12:10] <zovty> Heel bekende uitdrukking.
[18:12:15] <zovty> Ja, ik ben nogal belezen.
[18:12:34] <zovty> Ik mag graag een pamfletje lezen.
[18:12:36] <Fiebel> goed zo
[18:12:37] <Fiebel> goed lezen
[18:12:41] <zovty> Jajoh, lezen is belangrijk.
[18:12:48] <zovty> Maar je gaat er wel woordenbrij van uitbraken.
[18:12:56] <zovty> Zo hep elk voordeel toch ook ze nadeel.
[18:12:59] <Fiebel> ja
[18:13:07] <zovty> Ja.
[18:13:26] <Fiebel> och zovty
[18:13:29] <Fiebel> och zoooooooooovty toch
[18:13:35] <zovty> Wot?
[18:13:38] <Fiebel> niks
[18:13:41] <Fiebel> gewoon even zuchten
[18:13:46] <zovty> Laat me er dan buiten he.
[18:13:49] <Fiebel> o
[18:13:53] <Fiebel> ik vond het wel een mooi moment
[18:13:58] <Fiebel> sorry als je er aanstoot aan neemt
[18:14:00] <Fiebel> dat spijt me
[18:14:01] <zovty> Ja voor jou misschien.
[18:14:08] <Fiebel> dat was op generlei wijze mijn intentie
[18:14:11] <zovty> Maar ik was even met mijn gedachten elders.
[18:14:16] <Fiebel> ik heb het verkeerd ingeschat
[18:14:22] <zovty> Jajoh
[18:14:22] <Fiebel> ik bied je mijn nerderige excuses aan
[18:14:25] <zovty> Verkeerd ingschat.
[18:14:31] <zovty> Bedankt voor je nerderige excuses.
[18:14:38] <zovty> Maar eigenlijk ben je dat niet.
[18:14:40] <Fiebel> harstikke graag gedaan
[18:15:02] <zovty> Je bent echt 0,0 tehcnisch aangelegd of geinteresseerd.
[18:15:08] <Fiebel> s ook
[18:15:11] <Fiebel> is ook gewoon zo
[18:15:17] <zovty> Vind ik toch wel een vereiste om jezelf nerd te kunnen noemen.
[18:15:51] <Fiebel> excuses
[18:15:57] <Fiebel> ik heb het verkeerd ingeschat
[18:16:03] <zovty> Ja, wat voor excuses?
[18:16:10] <Fiebel> bombshell excuses
[18:16:15] <zovty> :)
[18:16:17] <zovty> Dan is het goed.
[18:16:20] <Fiebel> ja
[18:16:26] <Fiebel> zijn we nu weer goed?
[18:16:32] <zovty> Jajoh.
[18:16:43] <zovty> Ahweljajoh.
[18:16:47] <zovty> Is wel goed joh.
[18:16:50] <Fiebel> fijn
[18:16:51] <zovty> Is goed zo.
[18:16:52] <zovty> Jajoh.
[18:16:52] <Fiebel> mijn moedertje
[18:16:55] <zovty> Och ja.
[18:16:55] <Fiebel> stuurt mij een berichtje
[18:16:57] <zovty> Ojee.
[18:17:01] <Fiebel> via facebookmessenger
[18:17:03] <zovty> Zozo.
[18:17:09] <Fiebel> "ik kan niet meer inloggen op facebook"
[18:17:15] <zovty> Ahja.
[18:17:28] <zovty> Ja, leg dat maar eens uit dan he :)
[18:17:31] <zovty> Fijne avond!
[18:17:36] <Fiebel> :|
[18:17:42] <Fiebel> rij jij maar even langs
[18:17:50] <zovty> Ja is goed.
[18:17:58] *** Joins: SCHAPiE (dorian@dhcp-077-249-247-124.chello.nl)
[18:18:16] <zovty> Schapie.
[18:18:26] <zovty> Schapie kookt nooit.
[18:18:26] <SCHAPiE> yo, zovty
[18:18:31] <zovty> Schapie gaat altijd dingen bouwen.
[18:19:18] <SCHAPiE> klopt, koken is iets voor waterkokers
[18:19:52] <SCHAPiE> kwaliteitsmaaltijden zijn zaken die opgebouwd moeten worden
[18:20:20] <SCHAPiE> "Lekker gemakkelijk en snel!" <-- Nee, dat dus niet. Dan heb je het dus echt niet begrepen.
[18:20:34] <SCHAPiE> affijn
[18:20:36] <zovty> Wat ga je vanavond bouwen?
[18:20:45] <SCHAPiE> Spaghetti alla Carbonara
[18:21:52] <SCHAPiE> dat zal beslist gaen smaecken
[18:22:46] <zovty> Lekkert hor.
[18:23:59] <SCHAPiE> sicuramente
[18:24:20] <SCHAPiE> (zeker te weten)
[18:38:53] <Fiebel> http://www.ad.nl/ad/nl/1013/Buitenland/article/detail/4284777/2016/04/18/Geitendrieling-krijgt-wollen-truitje-tegen-de-lentekou.dhtml
[18:38:54] <digibot> Title: Geitendrieling krijgt wollen truitje tegen de lentekou - AD.nl (at www.ad.nl)
[18:38:55] <Fiebel> O+++++++++++++++++++
[18:39:17] <wirky> welke kruiden en specerijen gebruik je wat is je basis SCHAPiE
[18:40:04] <SCHAPiE> mijn carbonara wijkt iets af vd gangbare methodes, heb 'm afgekeken van mn oma
[18:40:29] <SCHAPiE> begin met blokjes spek (of pancetta), vet en vocht loskoken op laag vuurtje
[18:40:51] <SCHAPiE> als het vet bijna helemaal vloeibaar is, versnipperde uien erbij, ongeveer evenveel qua volume als het spek
[18:41:12] <SCHAPiE> even de uien laten glazen
[18:41:19] <SCHAPiE> dan scheut witte wijn erbij, tot het geheel submerged is
[18:41:25] <SCHAPiE> vuur iets hoger en dat vocht wegkoken
[18:42:03] <SCHAPiE> ondertussen, een diep bord (los) met 2 geroerde eieren, versgemalen zwarte peper, verse peterselie + veel versgeraspte parmezaanse kaas
[18:42:17] <SCHAPiE> dat ei/peper/peterselie mengsel daarmee aandikken, tot het dikkig wordt
[18:42:25] <SCHAPiE> stroperig maar niet te vast, niet te waterig ook
[18:42:44] <SCHAPiE> ondertussen spaghetti koken, al dente, die afgieten, vuurtje laag aan laten staan
[18:43:13] <SCHAPiE> dan dat ei/parmiggiano/peper/peterselie mengsel erbij, vuur iets omhoog, al roerende stol je dat eigoedje
[18:43:34] <SCHAPiE> vervolgens de volledig droog/sappig uitgekookte spek/ui zooi daar weer overheen, helemaal op het eind
[18:43:47] <SCHAPiE> dat spek/ui mengsel moet eigenlijk nóg een keertje een ronde submerging @ witte wijn ontvangne
[18:43:52] <SCHAPiE> voordat die smaken echt goed geblend zijn
[18:44:33] <SCHAPiE> denk aan ongeveer 75-100gr spek, 100gr uien, 100gram spaghetti en 1.5 a 2 eieren per persoon
[18:45:47] <SCHAPiE> kunst is ook om het ei/parmiggiano mengsel op de ideale viscositeit te krijgen
[18:45:57] <SCHAPiE> en niet te overdrijven met de zwarte peper en verse peterselie
[18:46:23] <SCHAPiE> indien je geen verse peterselie hebt, gedroogde gebruiken (maar die dan erbij gooien tegelijk met de wijn @ spek/ui mengsel, ipv bij de ei/parmiggiano/peper)
[18:46:44] <SCHAPiE> anders dan jouw methode, wirky ?
[18:48:30] <Fiebel> ik heb zin in knapperige poezenbuikspek
[18:48:35] <wirky> ja ckr ik blendeer tomaten uien rozemarijn peterselie 5-spicepowder jinten jahee kurkuma knoflook lenteui en bewaar dit in de koeling en gebruik dit als basis voor mijn gerechten
[18:49:01] <wirky> plus zit daar nog 500gram madam janette in
[18:49:07] <SCHAPiE> mensen vertellen me wel eens dat ik TV kok zou moeten worden
[18:49:19] <SCHAPiE> dat klinkt tamelijk spicy, wirky
[18:49:19] <wirky> soms doe ik nog wat prei erin
[18:49:29] <wirky> ja heb ik nodig
[18:50:39] <wirky> maar de kracht van de scherpte neemt wel af als je t wat langer in de koeling bewaart heb ik ondervonden
[18:51:02] <wirky> en ik maak dan zunn kg of 1,5 - 2
[18:51:23] <wirky> bak ik in cocosboter meestal
[18:51:49] <wirky> of een mengsel van olieen
[18:52:53] <wirky> 1,5 - 2kg doe ik nu al 2 weken zo`n beetje mee
[18:53:10] *** Quits: SCHAPiE (dorian@dhcp-077-249-247-124.chello.nl) (Ping timeout: 64 seconds)
[18:56:38] <Escovan> https://www.youtube.com/watch?v=NgUU6ZmtICQ
[18:57:15] <Vlien> dus
[18:58:18] <Redhead> 500 gram jeannette ?
[18:58:23] <Redhead> wow wirky , lees net
[18:58:27] <Redhead> haha
[19:02:03] <wirky> gooi der ook welles wat rooie pesto bij
[19:02:19] <wirky> ja zo`n beetje krijg elke week 2 behoorlijke zakjes
[19:02:20] *** Quits: Vlien (Vlien@108-176.wlan.rocvantwente.nl) (Exit)
[19:03:20] <wirky> een vriendin van een vriend van een vriend woont in de buurt waar ze die elke dag geloof ik hebben en schijnbaar goeie prijs want ik hoef nooit te betalen
[19:03:39] <wirky> altijd gele tot nu toe
[19:03:51] <Redhead> lekker
[19:04:01] <wirky> daar zit dan ook altijd een bosje munt bij
[19:04:58] <Redhead> mooimooi
[19:05:24] <wirky> ja die gooi ikmeestal door de smoedie samen met lavendel bloemen
[19:05:41] <wirky> maar nu eeve die rust pakken redly
[19:06:36] <Redhead> doe dat
[19:07:10] <Fiebel> erwtjes zijn lief
[19:07:12] <Fiebel> ook uit de vriezer
[19:07:23] <Redhead> yumyum
[19:07:49] <Redhead> mn erwtjes in de tuin krullen zich ook al mooi omhoog
[19:08:16] <Redhead> ende peentjes drbij ook 
[19:08:39] *** Joins: SCHAPiE (dorian@dhcp-077-249-247-124.chello.nl)
[19:08:41] <Boots> Wortelsoep \o/
[19:08:42] <Redhead> de helft vd erwtjes zijn wel opgevroten 
[19:08:48] <Redhead> ook lekker Boots 
[19:09:12] *** Joins: Lott (Lott@101-168-158-163.dynamic.caiway.nl)
[19:09:22] <zovty> Lott.
[19:09:23] <Redhead> ik doe zo worteltjes en erwtjes bij de vis 
[19:09:37] <Redhead> lotteke 
[19:10:17] <Fiebel> telefoon is misplaatst
[19:11:35] <Lott> zovty.
[19:11:37] <Lott> hey redje
[19:11:48] <Fiebel> opgelost
[19:11:50] <Fiebel> ha lott
[19:11:55] <Lott> hay Fiebel
[19:12:58] *** Quits: Jeroen (Jeroen@54188FF8.cm-5-1c.dynamic.ziggo.nl) (Exit)
[19:21:34] <Fiebel> och jonges
[19:21:36] <Fiebel> roxette stopt dr mee
[19:25:31] <zovty> Waren die nog bezig ja?
[19:25:36] <Fiebel> ja blijkbaar
[19:25:40] <Fiebel> maar ze had een tumor in dr hoofd
[19:25:46] <Fiebel> en daarna werkte het allemaal niet zo goed
[19:25:46] <Fiebel> dus
[19:25:46] <Fiebel> ze zong
[19:25:50] <Fiebel> (HAHHAHAHAHAHAHAHAAH)
[19:25:56] <Fiebel> LISTEN TO  YOUR HEAAAAAAAAAAAAAHEAAAAAAAAAAAAAAAAAAAAAAAAAAAAAD
[19:25:59] <Fiebel> MHgghGHGHGHGHHGHGHIGHGHIGIIHG
[19:26:25] <Fiebel> ik vond hun altijd wel lieffies
[19:26:34] <Fiebel> simpetiek
[19:26:38] *** Quits: TooL (x@ip172-92-210-87.adsl2.static.versatel.nl) (Ping timeout: 60 seconds)
[19:28:27] *** Joins: Bertone (Bertone@classics.xs4all.nl)
[19:28:56] <Fiebel> waar is rawplayer toch
[19:35:10] *** Joins: TooL (x@ip172-92-210-87.adsl2.static.versatel.nl)
[19:38:23] <rawplayer> hallo
[19:38:24] <rawplayer> ik ben er
[19:38:24] <Pandora> gezellig, rawplayer is er!
[19:38:29] <Fiebel> OOOOOOOOOOOOOOOOOOOOOOOOOOOOOOOOOOOOOOOOOOOOOOOOOOOOOOOOOOOOOOOOOOOOOOOOOOOOOOOOO+
[19:38:34] <rawplayer> de WOD was awesome
[19:38:38] <rawplayer> GRINDEN ALS EEN BEEST
[19:38:38] <Fiebel> goed zo kind
[19:38:41] <Fiebel> lekker sporte
[19:38:42] <rawplayer> 8 rondes
[19:38:43] <rawplayer> gedaan
[19:38:44] <rawplayer> ja
[19:38:47] <rawplayer> goeed sporte
[19:38:49] <Fiebel> goed zo
[19:38:51] <Fiebel> sommige mense
[19:38:52] <rawplayer> ken je nog een wijze quote?
[19:38:54] <rawplayer> over niet sporte?
[19:38:55] <Fiebel> (ik noem geen namen)
[19:38:59] <Fiebel> kunnen een voorbeeld aan je nemen
[19:39:00] <Fiebel> ja hoor
[19:39:20] <rawplayer> OOOOOOOOOOOOOOOO bombshelleke
[19:39:22] <rawplayer> vertel mij alles
[19:39:27] <Fiebel> ghighghhigihigh
[19:39:31] <Fiebel> de enige slechte workout
[19:39:34] <Fiebel> is een slechte workout
[19:39:37] <Fiebel> gihhgghihigighighighigihghigihghi
[19:39:59] <milkshake> oh 
[19:40:02] <milkshake> at een mooi iets
[19:40:24] <Fiebel> OOOOOOOOOOOOOOOOOOOOOOOOOOOOOOOOOOOOOOOOOOOOOOOOOOOOOOOOOOOOOOOOOOOOOOO+++++++++++++
[19:40:27] <Fiebel> mhoooooooooooooi rhaaaaaaaaaaaaaam
[19:42:02] <rawplayer> omg
[19:42:03] <rawplayer> milkshake: 
[19:42:08] <rawplayer> en Fiebel 
[19:42:09] <rawplayer> tegelijk
[19:42:10] <rawplayer> hier
[19:42:16] <rawplayer> god wat zou ik grag met jullie 2 in een bed liggen
[19:42:17] <Fiebel> het is prachtig
[19:42:20] <Fiebel> en ontroerend
[19:42:20] <rawplayer> alle 2 aan mijn zijde
[19:42:23] <rawplayer> O+
[19:42:24] <Fiebel> dan zouden we broodje rawpy maken
[19:42:25] <Fiebel> gihggihhighigih
[19:42:27] <Fiebel> was jij het burgertje
[19:42:27] <rawplayer> mgihgighgihgighgihghigi
[19:42:28] <Fiebel> gighghhigihgihg
[19:42:30] <rawplayer> mgighighgihgihggihgihgihghgi
[19:42:31] <rawplayer> O+
[19:43:32] <milkshake> hgihgighigh 
[19:43:37] *** rawplayer is now known as koene_ridder
[19:43:37] <milkshake> rauwburgertje
[19:43:44] <koene_ridder> O+
[19:43:45] <milkshake> koene?
[19:43:49] <Fiebel> gihgihghig
[19:43:51] <Fiebel> kalkoen
[19:44:06] <koene_ridder> Fiebel is mijn gwendoline <3
[19:44:13] <koene_ridder> mggihgighig
[19:44:16] <Fiebel> ik heb een kek hoedje
[19:44:23] <koene_ridder> :O
[19:46:01] <milkshake> had ik maar een kek hoedje 
[19:46:48] <Fiebel> 2 euro
[19:46:50] <Fiebel> bij de kruitvat
[19:46:51] <Fiebel> gihghhgihig
[19:47:31] <koene_ridder> pics
[19:50:45] <koene_ridder> och jonges
[19:50:47] <koene_ridder> oooooch jonges
[19:50:50] <Fiebel> ooooooooooooooochjonges
[19:50:51] <koene_ridder> wat heeft Fiebel het zwaar
[19:50:52] <Fiebel> ik stink een beetje
[19:50:53] <Fiebel> gigihghihigihg
[19:50:55] <koene_ridder> ben ik heel eerlijk in
[19:50:56] <Fiebel> ja
[19:50:57] <Fiebel> heb ik wel
[19:50:58] <Fiebel> gighighihig
[19:51:00] <koene_ridder> ja
[19:51:03] <koene_ridder> waaorm stink je?
[19:51:07] <Fiebel> van de leef
[19:51:08] <koene_ridder> heb je je al gedoucht
[19:51:09] <koene_ridder> vandaag
[19:51:12] <Fiebel> jawel
[19:51:13] <koene_ridder> na het sporten
[19:51:18] <koene_ridder> ok
[19:52:05] <koene_ridder> hallo zovty 
[19:52:09] <koene_ridder> leuk dat jij ook met ons babbelt
[19:52:11] <koene_ridder> in de babbelbox
[19:52:48] <Fiebel> och die zovty
[19:52:53] <Fiebel> die was een beetje op mij geworden
[19:54:10] <koene_ridder> hoe bedoel je?
[19:54:27] <Fiebel> hij was een beetje BOOS op mij geworden
[19:54:35] <koene_ridder> hoe kan dat nou
[19:54:42] <Fiebel> ja
[19:54:49] <Fiebel> ik bood hem mijn nerderige excuses aan
[19:54:52] <koene_ridder> lief
[19:54:52] <Fiebel> en dat vond hij niet kunnen
[19:55:00] <koene_ridder> issie weer opstandig?
[19:55:06] <Fiebel> :|
[19:55:12] <koene_ridder> :|
[19:55:18] <koene_ridder> ik moet even dingen doen
[19:55:23] <koene_ridder> mgighighg
[19:55:26] <Fiebel> zet hem op tijger
[20:01:34] *** Quits: WvdL (uid21241@id-21241.ealing.irccloud.com) (Exit)
[20:01:50] <koene_ridder> gggmgighhi
[20:07:38] <zovty> Ridder.
[20:07:53] <zovty> Zit je te kakken?
[20:08:15] <zovty> The white knight of the white throne.
[20:09:11] <koene_ridder> wtf :S
[20:09:13] <koene_ridder> nou Fiebel 
[20:09:16] <koene_ridder> je hebt gelijk
[20:09:22] <Fiebel> ghigihghiigihg
[20:09:31] <koene_ridder> er kan niet eens een fijne welkom van af
[20:10:08] <zovty> https://www.youtube.com/watch?v=94IdL3djJVU
[20:10:10] <digibot> Title: Detroit Grand Pubahs - Sandwiches - YouTube (at www.youtube.com)
[20:10:18] <zovty> Sjongejonge.
[20:10:21] <zovty> Het is ook niet snel goed he.
[20:10:26] <koene_ridder> ja daag
[20:10:30] <koene_ridder> ik weet het al allemaal
[20:10:32] <zovty> Is toch een mooie verwelkoming.
[20:10:33] <koene_ridder> jij hebt slechte zin
[20:10:37] <zovty> Ik heb geen slechte zin.
[20:10:39] <zovty> Helemaal niet.
[20:10:59] <zovty> Maar fabis daar wilde er met onze teerbeminde en hardverdiende geuzennaam vandoor gaan.
[20:11:02] <zovty> Maar.
[20:11:20] <zovty> Aangezien ze het later toch, onverwachts, weer goed maakte is het allemaal water onder de brug.
[20:11:27] <zovty> Dus ze moet gewoon niet zo'n drama maken.
[20:11:29] <zovty> En jij ook niet.
[20:11:30] <zovty> Meeloper
[20:11:32] <zovty> .
[20:11:53] <Fiebel> :|
[20:12:09] <koene_ridder> hoho
[20:12:13] <koene_ridder> je geeft mij niet de kans
[20:12:17] <koene_ridder> om dit objectief te bekijken
[20:12:18] <zovty> En dat liedje wat ik linkdumpte was ook nog eens van toepassing op je eerdere conversatie waarin je mij zo overduidelijk vergeet te noemen.
[20:12:21] <koene_ridder> en jou verhaal netjes aan te horen
[20:12:31] <zovty> Je vraagt er niet eens naar en je hebt je mening al klaar.
[20:12:32] <koene_ridder> en dan kom jij gelijk met En jij ook niet.
[20:12:33] <koene_ridder> Meeloper.
[20:12:42] <koene_ridder> ja dat was niet handig
[20:12:45] <koene_ridder> ben ik het mee eens
[20:12:47] <zovty> Ok.
[20:12:53] <zovty> Laten we dan evne opnieuw beginnen.
[20:13:10] <zovty> Waar is player?
[20:13:21] <koene_ridder> dunno
[20:13:22] <koene_ridder> koken
[20:13:29] <zovty> Oh, ok.
[20:13:35] <zovty> Die jongen zorgt ook zo goed voor zichzelf.
[20:13:50] <zovty> Dat is nou ware liefde.
[20:13:54] <zovty> Goed voor jezelf zorgen.
[20:14:03] <zovty> Want als je het zelf al niet waard bent... wie dan wel?
[20:14:05] <koene_ridder> hij maakt mexicaans
[20:14:11] <zovty> Oh, lekker hoor.
[20:14:11] <koene_ridder> runderhahkt
[20:14:15] <koene_ridder> mexicaanse groente
[20:14:17] <koene_ridder> chili kruiden
[20:14:23] <koene_ridder> ik heb alleen de bonen niet
[20:14:25] <koene_ridder> bedenk ik mij net
[20:14:27] <koene_ridder> xD
[20:14:32] <koene_ridder> maar goed
[20:14:38] <koene_ridder> niet zo boeiend
[20:14:40] <zovty> Ja, wat is chili zonder bonen.
[20:14:47] <zovty> ili.
[20:15:25] <koene_ridder> nou ijsje
[20:15:33] <koene_ridder> chili zonder bonen is chili zonder bonen
[20:15:53] <zovty> Jajoh, is toch ook zo.
[20:15:56] <zovty> https://www.youtube.com/watch?v=i3Jv9fNPjgk&ebc=ANyPxKqcWTS3n3UVrcd5y4cu0AyAj5BE5LFOuK7kPux-pY5438OEY-Wd3uUNdcVdKLMoYgnmOhFWZLVWOcH1rd2KdusbfArOvg
[20:15:58] <digibot> Title: AZEALIA BANKS - 212 FT. LAZY JAY - YouTube (at www.youtube.com)
[20:16:07] <rhod> http://9gag.com/tv/p/azzmE7/girlfriend-watches-doctor-strange?ref=fbl9
[20:16:14] <rhod> te herkenbaar
[20:19:19] <zovty> :)
[20:24:14] *** Quits: Lott (Lott@101-168-158-163.dynamic.caiway.nl) (Exit)
[20:30:51] <koene_ridder> hoi
[20:31:00] <koene_ridder> ijsje ik ben rawplayer
[20:31:04] <koene_ridder> had je niet verwacht he
[20:33:07] <Fiebel> och jonges
[20:33:09] *** Joins: Moonflower (Android@ip1-230-174-82.adsl2.static.versatel.nl)
[20:33:11] <Fiebel> nog 2 paleonoten
[20:33:12] <Fiebel> wat een feest
[20:33:15] <Fiebel> wat hebben we het toch goed
[20:33:16] <koene_ridder> jaaa
[20:33:17] <koene_ridder> feest O+
[20:33:20] <koene_ridder> lekker feesten
[20:33:21] <koene_ridder> danse
[20:33:25] <koene_ridder> kwebbele
[20:33:25] <koene_ridder> drinke
[20:37:00] *** Quits: Moonflower (Android@ip1-230-174-82.adsl2.static.versatel.nl) (Exit)
[20:37:35] <zovty> Och jongens toch.
[20:37:36] *** Joins: Moonflower (Android@ip1-230-174-82.adsl2.static.versatel.nl)
[20:37:49] <zovty> Hoi maanbloem.
[20:37:57] <Fiebel> oooooooooooooochjonges
[20:37:57] <Moonflower> dag
[20:38:02] <zovty> Dag.
[20:38:26] <koene_ridder> op de maan groeien toch geen bloemen?!!?!?!?!??!!?!!?
[20:38:35] <koene_ridder> de maan is toch van kaas?!?!!:!:!!!?!?!!
[20:38:38] <zovty> Hij is toch hier.
[20:39:06] <Fiebel> jullie mogen aan mijn oksel snuffen
[20:39:21] <Moonflower> op de maan groeien palmbomen 
[20:39:34] <koene_ridder> cool
[20:39:36] <koene_ridder> O+
[20:39:39] * zovty wist dat niet.
[20:39:44] <koene_ridder> ijsje?
[20:39:47] <zovty> Ja?
[20:39:54] <koene_ridder> zullen wij De Smerende Beren op de maan beginnen?
[20:40:03] <zovty> Hm.
[20:40:12] <zovty> Zijn daar klanten?
[20:40:20] <zovty> En hoe zit het met de bevoorading?
[20:40:28] <koene_ridder> erm..
[20:40:33] <koene_ridder> we hebben een heel universum
[20:40:38] <Fiebel> en zijn er romige rondborstige maanvrouwtjes voor de bediening?
[20:40:39] <koene_ridder> en hier alleen dom klootjesvolk
[20:40:40] <zovty> Ik wil het plan niet gelijk afschieten...
[20:40:51] <zovty> Dat is wel weer zo.
[20:41:14] <zovty> We moeten ons niet laten beperken door onze beperkingen, maar we moeten kansen creeeren waar er geen zijn.
[20:41:27] <Moonflower> 😇
[20:41:33] <zovty> IK ZIE NIKS!
[20:41:41] <zovty> MOON!!
[20:41:46] <zovty> WAT ZEI JE NOU!?!!!?
[20:42:13] <zovty> Och mensen kinderen.
[20:42:45] <Moonflower> ik moet weer rerug
[20:42:50] <Fiebel> reerug
[20:42:52] <Fiebel> :9
[20:43:12] <zovty> Lekker hoor.
[20:43:20] <zovty> Maar "moeten"...
[20:43:28] <Moonflower> mijn raket vertrekt over 10 minuten
[20:43:28] <Fiebel> gaan we nou met zn drietjes naar jonnie boer?
[20:43:29] <zovty> Is een varkenshaasje ook niet lekker?
[20:43:33] <zovty> Ja, is goed.
[20:43:35] <zovty> Lijkt me goed.
[20:43:35] <Fiebel> ok
[20:43:37] <zovty> Ok.
[20:43:37] <Fiebel> rawpy betaalt
[20:43:39] <zovty> Yup.
[20:43:46] <zovty> Lief van hem.
[20:44:00] <Fiebel> vinkook
[20:44:03] <Fiebel> pep is ook lief
[20:44:05] *** Quits: Moonflower (Android@ip1-230-174-82.adsl2.static.versatel.nl) (Exit)
[20:44:07] <zovty> Maar dan wil ik wel 1/3 van de benzine kosten betalen.
[20:44:11] <Fiebel> ik niet
[20:44:24] <zovty> Ok.
[20:44:41] <zovty> (Je zet me nu wel een beetje voor het blok hoor.)
[20:44:58] <zovty> (Kun je niet gewoon met tegenzin betalen?)
[20:45:14] <Fiebel> (nee)
[20:45:40] *** Joins: dreammer (Dreammer@i142073.upc-i.chello.nl)
[20:45:42] <zovty> Gezellig.
[20:46:10] <dreammer> hela hola
[20:46:24] <Fiebel> dag dreammer
[20:46:30] <dreammer> ola fiebel
[20:49:14] <koene_ridder> zo
[20:49:16] <koene_ridder> paleorijst in de pan
[20:49:22] <koene_ridder> gezeefde tomatenprut bij de andere prut
[20:59:00] <koene_ridder> eten bijna klaar
[20:59:01] <koene_ridder> O+
[20:59:04] <koene_ridder> de rijst rookt even
[20:59:14] <dreammer> klinkt gezond koene_ridder
[21:19:36] <koene_ridder> zo
[21:19:38] <koene_ridder> ja
[21:19:39] <koene_ridder> guess so
[21:19:41] <koene_ridder> buikje vol
[21:25:36] *** Joins: Jeroen (Jeroen@ip82-139-124-155.lijbrandt.net)
[21:38:37] *** Joins: Schijtleister (Android@ip1-230-174-82.adsl2.static.versatel.nl)
[21:39:20] *** Quits: Schijtleister (Android@ip1-230-174-82.adsl2.static.versatel.nl) (Exit)
[21:39:45] <Fiebel> ging goed
[21:40:28] *** Joins: Schijtleister (Scheitleis@ip1-230-174-82.adsl2.static.versatel.nl)
[21:41:02] *** Parts: Schijtleister (Scheitleis@ip1-230-174-82.adsl2.static.versatel.nl) ()
[21:52:33] <Fiebel> poesje een rotschop gegeven
[21:52:35] <Fiebel> netgoed
[21:54:45] *** Quits: wirky (werken@ip503c7f23.speed.planet.nl) (Ping timeout: 61 seconds)
[21:55:15] <koene_ridder> WAT
[21:55:19] <koene_ridder> DAT DOE JE NIET
[21:55:23] <koene_ridder> HOOR JE MIJ
[21:56:34] <Redhead> goeie zaak Fiebel 
[21:56:42] <Redhead> dat zal dr leren
[22:33:58] *** Quits: Fiebel (PrincessCo@d77048.upc-d.chello.nl) (Exit)
[22:43:56] *** Quits: Jeroen (Jeroen@ip82-139-124-155.lijbrandt.net) (Exit)
[22:53:06] *** Quits: Fe2O3 (Fe2O3@h70248.upc-h.chello.nl) (Exit)
[22:58:32] *** Quits: sofie (saartj@obs.wzff.de) (Exit)
[23:04:15] *** Joins: s0fi3 (saartj@2001:1608:12:1:beef:beef:1a1a:ffee)
[23:05:50] *** Joins: Stuiterbal (Stuit@2001:980:5281:1:8fa:1300:666b:3673)
[23:18:54] *** Joins: Schijtleister (Scheitleis@188.207.71.133)
[23:21:29] *** Parts: Schijtleister (Scheitleis@188.207.71.133) ()
[23:26:36] *** Quits: Guyver2 (Guyver2@guyver2.xs4all.nl) (Exit)
