[00:05:44] <zovty> Fijne donderdag.
[00:05:55] <zovty> (Tihihihihiihihihihi)
[00:06:03] *** Quits: Guyver2 (Guyver2@guyver2.xs4all.nl) (Exit)
[00:16:55] *** Quits: Beer`_ (beer@5ED0808C.cm-7-1c.dynamic.ziggo.nl) (Exit)
[00:19:40] *** Quits: Milena (Mibbit@ip105-70-212-87.adsl2.static.versatel.nl) (Exit)
[00:29:23] *** Quits: wirky (werken@ip503c7f23.speed.planet.nl) (Exit)
[00:31:21] *** Joins: Vipertje (tweak@54182E79.cm-5-1a.dynamic.ziggo.nl)
[00:31:26] *** Quits: Vipertje (tweak@54182E79.cm-5-1a.dynamic.ziggo.nl) (Client exited)
[00:37:49] *** Joins: Beer`_ (beer@5ED0808C.cm-7-1c.dynamic.ziggo.nl)
[00:44:11] *** Joins: mijk (mijk@218-245-144-85.ftth.glasoperator.nl)
[00:46:45] *** Quits: SCHAPiE (dorian@dhcp-077-249-247-124.chello.nl) (Exit)
[01:53:08] *** Quits: coreblink (coreblink@145.132.131.160) (Exit)
[02:06:19] *** Quits: Bliksem (Tweaki7@a82-161-41-5.adsl.xs4all.nl) (Ping timeout: 60 seconds)
[02:10:13] *** Quits: mijk (mijk@218-245-144-85.ftth.glasoperator.nl) (Ping timeout: 60 seconds)
[02:13:10] *** Joins: Bliksem (Tweaki7@a82-161-41-5.adsl.xs4all.nl)
[02:15:34] *** Quits: Bliksem (Tweaki7@a82-161-41-5.adsl.xs4all.nl) (Ping timeout: 66 seconds)
[02:16:25] *** Joins: Bliksem (Tweaki7@a82-161-41-5.adsl.xs4all.nl)
[03:18:23] *** Quits: Beer`__ (Beer@5ED0808C.cm-7-1c.dynamic.ziggo.nl) (Exit)
[04:12:30] *** Quits: Beer`_ (beer@5ED0808C.cm-7-1c.dynamic.ziggo.nl) (Exit)
[05:06:09] *** Quits: Andros (Andros@71.100-244-81.adsl-dyn.isp.belgacom.be) (Ping timeout: 66 seconds)
[05:07:11] *** Joins: Andros (Andros@71.100-244-81.adsl-dyn.isp.belgacom.be)
[06:12:10] <welly> sup broeders & zusters
[06:19:39] <rawplayer> ja
[06:22:30] <welly> raapie ouwe zwengelstengel
[06:25:03] <rawplayer> in je broekje
[06:40:05] <Boots> Jouw zwengelstengel in zijn broekje?
[06:59:50] *** Quits: Andros (Andros@71.100-244-81.adsl-dyn.isp.belgacom.be) (Ping timeout: 67 seconds)
[07:00:42] *** Joins: Andros (Andros@71.100-244-81.adsl-dyn.isp.belgacom.be)
[07:14:31] *** Quits: Andros (Andros@71.100-244-81.adsl-dyn.isp.belgacom.be) (Ping timeout: 67 seconds)
[07:15:30] *** Joins: Andros (Andros@71.100-244-81.adsl-dyn.isp.belgacom.be)
[07:28:12] *** Joins: Fiebel (PrincessCo@d77048.upc-d.chello.nl)
[07:28:15] <Fiebel> ik ben er
[07:28:15] <Pandora> gezellig, Fiebel is er!
[07:28:17] <Fiebel> bedankt
[07:28:43] *** Quits: Andros (Andros@71.100-244-81.adsl-dyn.isp.belgacom.be) (Ping timeout: 66 seconds)
[07:29:23] *** Joins: Andros (Andros@71.100-244-81.adsl-dyn.isp.belgacom.be)
[07:35:03] *** Joins: Smileface2 (smile@62.140.132.206)
[07:35:08] *** Quits: Smileface2 (smile@62.140.132.206) (Exit)
[07:35:21] *** Joins: Smileface (smile@62.140.132.206)
[07:44:02] *** Quits: Andros (Andros@71.100-244-81.adsl-dyn.isp.belgacom.be) (Ping timeout: 66 seconds)
[07:44:32] *** Joins: Andros (Andros@71.100-244-81.adsl-dyn.isp.belgacom.be)
[07:44:56] <Fiebel> veter zit los
[07:48:37] *** Joins: Metalfrost (Metalfrost@46.166.188.193)
[07:49:08] <Metalfrost> mogge
[07:49:18] <Smileface> Heb heen schoenen meer aan :p
[07:50:58] <Smileface> Geen*
[07:51:43] <Metalfrost> k
[07:53:44] <zovty> Hoi.
[07:54:03] <Smileface> Moggu
[07:54:18] <zovty> Hoi smile.
[07:54:26] <zovty> Wat ben jij vroeg?
[07:55:30] <Smileface> Nee laat
[07:55:48] <Smileface> Ik was uur geleden thuis pas
[07:56:23] <zovty> Oh.
[07:56:27] <zovty> Had je nachtdienst?
[07:56:31] <rawplayer> hallo
[07:56:33] <rawplayer> ik ben er
[07:56:33] <Pandora> gezellig, rawplayer is er!
[07:56:41] <rawplayer> ik ben op kantoor
[07:56:42] <Smileface> Nachtdienst tot 5 uur en dan op het werk blijven hangen daarna thuis server met probs
[07:56:43] <rawplayer> al 10 minuten
[07:56:51] <zovty> Thuisserver?
[07:56:55] <zovty> Wat moet je thuis nou met ee nserver?
[07:56:59] <zovty> Zet toch alles in de cloud!
[07:57:01] <zovty> Daar issie voor!
[07:57:02] <rawplayer> chatten
[07:57:02] <Smileface> Nee die staat in Frankrijk :p
[07:57:05] <zovty> Gmorgel player.
[07:57:10] <rawplayer> hallo ijsje
[07:57:17] <zovty> Heb je er weer zin in?
[07:57:29] <Smileface> Maar thuis is makkelijker werken dan onderweg via foon
[07:57:30] <rawplayer> ja
[07:57:33] <rawplayer> nog een paar uur
[07:57:34] <rawplayer> en dan weekend
[07:57:39] <rawplayer> ik kijk er eigenlijk niet naar uit
[07:57:39] <zovty> Ja.
[07:57:41] <Smileface> :(
[07:57:42] <rawplayer> maar ja
[07:57:42] <zovty> Godverdommme nou.
[07:57:44] <zovty> Ik wel.
[07:57:46] <Smileface> Weekend net over
[07:57:50] <zovty> Ik ga boodschappen doen.
[07:57:55] <zovty> En dan thuis even opruimen.
[07:57:55] <Smileface> Dinsdag weer weekend
[07:57:57] <rawplayer> nou ik moet blijkbaar helpen met verbouwen
[07:57:58] <rawplayer> bij iemand
[07:57:59] <rawplayer> :/
[07:58:02] <zovty> Oh.
[07:58:04] <zovty> :\
[07:58:07] <rawplayer> dus ik ga liever werken
[07:58:11] <zovty> Ja. Dat snap ik.
[07:58:19] <zovty> Zeg je gewoon dat je moet overwerken.
[07:58:23] <Smileface> Lol
[07:58:25] <Smileface> Idd
[07:58:34] <Smileface> Ben je er ook vanaf
[07:58:38] <rawplayer> en dan op terras gaan zittn
[07:58:40] <rawplayer> en zelfies maken
[07:58:42] <rawplayer> en posten op facebook
[07:58:46] <rawplayer> (niet dat ik facebook heb)
[07:58:52] <zovty> Ja, bijvoorbeeld
[07:58:59] <zovty> En tinderen met fiebie.
[07:59:02] <zovty> En grindren met mij.
[07:59:32] <rawplayer> ik ben moe
[07:59:39] <rawplayer> ik ben vergeten wakker te worden
[07:59:39] <zovty> Och jongen toch.
[07:59:41] *** Quits: Andros (Andros@71.100-244-81.adsl-dyn.isp.belgacom.be) (Ping timeout: 66 seconds)
[07:59:42] <rawplayer> bedenk ik mij net
[07:59:44] <zovty> Strakjes mag je lekker verbouwen.
[07:59:49] <zovty> Daar knap je van op.
[07:59:51] <rawplayer> ik geef niet thuis
[07:59:56] <zovty> Jawel.
[07:59:59] <zovty> Je hebt het beloofd.
[08:00:31] *** Joins: Andros (Andros@71.100-244-81.adsl-dyn.isp.belgacom.be)
[08:01:08] *** Quits: WvdL (uid21241@id-21241.ealing.irccloud.com) (Ping timeout: 67 seconds)
[08:01:15] *** Quits: AjDuLion (sid50412@id-50412.charlton.irccloud.com) (Ping timeout: 60 seconds)
[08:01:30] *** Joins: WvdL (uid21241@id-21241.ealing.irccloud.com)
[08:02:03] <Smileface> Ik gaat is slapen, zeg werk ze allemaal en zo
[08:02:37] *** Joins: AjDuLion (sid50412@id-50412.charlton.irccloud.com)
[08:02:53] *** Quits: Smileface (smile@62.140.132.206) (Exit)
[08:03:26] <zovty> Ik heb lekker een eitje op.
[08:03:29] <zovty> Trusten smile.
[08:03:34] <zovty> Hoi AJ De leeuw.
[08:03:37] <zovty> FIjne verjaardag alvast.
[08:04:32] <rawplayer> ah ja
[08:04:33] <Redhead> morrie
[08:04:33] <rawplayer> dank je
[08:04:35] <rawplayer> nog 20 dagen
[08:04:42] <rawplayer> :/
[08:04:46] <zovty> Morgen redhead.
[08:04:46] <rawplayer> dan word ik oud
[08:04:52] <zovty> Och och kleine bejaarde.
[08:04:55] <zovty> hoe oud wordt je dan? 34?
[08:04:59] <rawplayer> ja :/
[08:05:00] <Redhead> morrie zovtelie
[08:05:08] <rawplayer> EN FITTER DAN OOIT
[08:05:12] <zovty> Ja, dan is het ook wel afgelopen.
[08:05:18] <zovty> Ja, heb je dan toch niks meer aan.
[08:05:25] <rawplayer> waarom niet?
[08:05:30] <zovty> Na je 34ste is jeleven afgelopen.
[08:05:39] <rawplayer> waarom 34 en niet 35?
[08:05:44] <zovty> Zo is de natuur.
[08:05:45] <Escovan> ha. ik word dit jaar ook 34.
[08:05:49] <rawplayer> wat een onzin
[08:05:52] <zovty> Ja, is ook.
[08:06:03] <rawplayer> waar kan ik er over klagen?
[08:06:28] <rawplayer> ik heb koffi
[08:06:29] <rawplayer> e
[08:06:33] <rawplayer> zelf gemaakt met een groot apparaat
[08:06:34] * Escovan is now listening to: Martin Solveig - Hello - Radio Edit
[08:06:38] <Escovan> Ik heb wodka
[08:07:05] <Escovan> Gister bij de Putin bus gekregen.
[08:07:38] <zovty> Wat is een putin bus?
[08:08:30] <Escovan> http://www.geenstijl.nl/mt/archieven/2016/03/rust_bewaren.html
[08:09:44] <Escovan> Ik was erbij, maar ze hebben mij gelukkig buiten beeld gelaten :P
[08:10:29] <Escovan> Van Leeuwen kan heel eng kijken trouwens in het echt.
[08:10:44] <zovty> Wie is van Leeuwen?
[08:10:49] <rawplayer> waar is Fiebel 
[08:10:52] <rawplayer> en haar gekko
[08:11:13] <Fiebel> ik ben er
[08:11:14] <Pandora> gezellig, Fiebel is er!
[08:11:14] <Fiebel> gihgihgihghiighihg
[08:11:24] <Fiebel> de gekko was vannacht OVERALL!!!
[08:11:28] <Fiebel> als ik mij omdraaide
[08:11:30] <Fiebel> BOEM!!!
[08:11:31] <Fiebel> GEKKO!!
[08:11:37] <Fiebel> en dan draaide ik mij weer om
[08:11:39] <Fiebel> BOEEEEEEEEEEM!!!
[08:11:42] <Fiebel> gekko!!
[08:12:01] <Redhead> gekkos ftw
[08:12:06] <Redhead> morrie fiebsie
[08:12:09] <Fiebel> reddie ftw
[08:12:11] <Fiebel> :***
[08:12:18] <Redhead> :***
[08:15:59] <zovty> Gekkos zijn toch een soort hagedissen?
[08:16:04] <zovty> Die hun staart kunnen afbreken?
[08:16:11] <rawplayer> maakt niks uit
[08:16:13] <rawplayer> wat het is
[08:16:19] <rawplayer> maar fiebs heeft er 1
[08:16:21] <rawplayer> met een buikje
[08:16:29] <Redhead> gekkos zijn lief 
[08:16:44] <rawplayer> och jonges
[08:16:48] <rawplayer> ik heb havermout
[08:16:54] <rawplayer> ik denk dat ik het ook kan gebruiken als cement
[08:16:57] <rawplayer> om een huis mee te metselen
[08:17:09] <Redhead> die hebben van die schattige voetjes 
[08:18:06] <zovty> Ik snap niet hoe je dat doet player.
[08:18:12] <zovty> Sta je dan daar die havermout te koken?
[08:18:18] <zovty> Of doet de kokkie dat?
[08:19:21] <rawplayer> erm dat maak ik het 's avonds thuis klaar
[08:19:23] <rawplayer> met yoghurt
[08:19:25] <rawplayer> in een bakje
[08:19:27] <rawplayer> en dat neem ik dan mee
[08:20:24] <rawplayer> ooo jonges
[08:20:26] <rawplayer> oooo jonges toch
[08:20:29] <rawplayer> de zon schijnt
[08:20:31] <rawplayer> in mijn broeke
[08:20:32] <rawplayer> je
[08:20:33] <rawplayer> mgighgihghi
[08:20:47] <rawplayer> http://www.rijnmond.nl/nieuws/140336/Rijnmond-nl-maakt-einde-aan-gratis-reageren-op-website
[08:20:48] <digibot> Title: Rijnmond.nl maakt einde aan gratis reageren op website - RTV Rijnmond (at www.rijnmond.nl)
[08:21:16] <Redhead> microsoft not changed from nazi to stoner 
[08:21:24] <Redhead> not - bot
[08:21:32] <Redhead> weljaaaaaaaaaaaaaaaaaa
[08:21:46] <Redhead> mensen mensen mensen
[08:22:30] <rawplayer> en jij? ijsje
[08:22:44] <zovty> Wat?
[08:22:51] <zovty> OH.
[08:22:54] <zovty> Met yoghurt.
[08:22:57] <rawplayer> ja
[08:22:59] <rawplayer> is keilekker
[08:23:06] <zovty> Maar.
[08:23:07] <rawplayer> lactosevrije yoghurt zelfs!
[08:23:10] *** Joins: Lott (Lott@101-168-158-163.dynamic.caiway.nl)
[08:23:12] <zovty> Ik vind dat niet lekker als eht al de hele nacht staat te weken.
[08:23:14] <rawplayer> hallo Lott 
[08:23:17] <Redhead> morrie Lott 
[08:23:17] <rawplayer> ohhhhh 
[08:23:29] <zovty> Ik vid het wel lekker als het nog een beetje krokant is.
[08:23:31] <zovty> He lottje.
[08:23:32] <rawplayer> tis 1 nacht
[08:23:33] <rawplayer> en niet weken
[08:23:34] <rawplayer> :D!
[08:23:37] <zovty> :D
[08:23:40] <zovty> _O-!
[08:23:42] <zovty> :|
[08:23:44] <rawplayer> :/
[08:23:54] <zovty> :\
[08:23:56] <rawplayer> mijn tindermatch zegt weer iets
[08:24:00] <Redhead> havermout is sowieso niet krokant zovtelie
[08:24:01] <rawplayer> knappe meid hoor
[08:24:11] <Redhead> of ga je t roosteren?
[08:24:16] <zovty> Nee.
[08:24:18] <zovty> Maar droog.
[08:24:18] *** Quits: Lott (Lott@101-168-158-163.dynamic.caiway.nl) (Ping timeout: 60 seconds)
[08:24:20] <zovty> Dag lott.
[08:24:23] <zovty> Goed internet meid.
[08:24:26] <zovty> Haske goed aangsloten.
[08:24:30] <rawplayer> glasveezl toch?
[08:24:34] <zovty> Jajoh.
[08:24:35] <zovty> Supersnel.
[08:24:39] <zovty> Zo blij mee.
[08:24:46] <rawplayer> ja dat klopt, snelle ping timeout he
[08:24:49] <zovty> :)
[08:24:54] <zovty> Binnen 60 seoncden al!
[08:24:56] <rawplayer> !
[08:25:09] <rawplayer> wat leuk is dat he
[08:25:10] <rawplayer> zo snel
[08:25:13] <rawplayer> snel snel frikandel
[08:25:18] <rawplayer> god daar heb ik nu wel zin in
[08:25:20] <rawplayer> frikandel speciaal
[08:25:23] <rawplayer> ipv havermout
[08:25:23] <zovty> Ik kreeg gisteren een brief van ziggo.
[08:25:27] <zovty> Meneer!
[08:25:27] <rawplayer> oh leuk!
[08:25:30] <zovty> HE! MENEERTJE!
[08:25:33] <rawplayer> ja hoi
[08:25:34] <zovty> Je internet is 25% sneller.
[08:25:37] <rawplayer> ZOMG
[08:25:39] <zovty> Ff modem rebooten.
[08:25:43] <rawplayer> welke heb je?
[08:25:43] <zovty> Dus ik dat doen.
[08:25:50] <zovty> Ik heb nog maar 50% van me snelheid over!
[08:25:51] <zovty> >:(
[08:25:54] <rawplayer> :/
[08:26:02] <Redhead> lol
[08:26:02] <zovty> Ik snap wel dat ze iedereen ze snelheid kunnen ophogen als ze dat van mij afpakken.
[08:26:15] <rawplayer> gebruik je wel genoeg internet?
[08:26:20] <zovty> Jahoor.
[08:26:28] <zovty> De porno komt sneller binnen dan ik kan kijken.
[08:26:33] <rawplayer> ja ok
[08:26:37] <rawplayer> maar dat is al jaren zo eigenlijk he
[08:26:38] <zovty> Dus ik kijk alles met ffwd ingedrukt.
[08:26:51] <zovty> Ja, is ook zo.
[08:26:59] <rawplayer> met jouw leeftijd duurt het 12 uur voordat je de volgende lading uit kan zetten he
[08:27:02] <zovty> Maar ik zou 120/12 moeten hebben gehad. En dat dus +25%.
[08:27:04] <zovty> Dus reken maar uit.
[08:27:08] <zovty> Oh, dat valt best mee hoor.
[08:27:16] <zovty> Soms kan ik gelijk door maar vaak wel binnen een uurtje.
[08:27:21] <rawplayer> dus je hebt aaan 5mbit toch echt wel genoeg aan 60mbit
[08:27:26] <rawplayer> erm
[08:27:26] <rawplayer> wt
[08:27:27] <rawplayer> at
[08:27:31] <rawplayer> ik denk dat ik verlof neem
[08:27:34] <rawplayer> rest van de dag
[08:27:36] <rawplayer> ik typ warrig
[08:27:36] <zovty> Ja.
[08:27:39] <zovty> Dit gaat nergens over.
[08:27:43] <rawplayer> mee eens
[08:27:55] <rawplayer> maar ja
[08:27:59] <rawplayer> moet het dan ook ergens over gaan
[08:28:00] <rawplayer> tis 1 apri
[08:28:01] <rawplayer> l
[08:28:02] <rawplayer> vrijdag
[08:28:05] <rawplayer> weekend voor deur
[08:28:06] <zovty> Oh, is dat zo ja?
[08:28:07] <rawplayer> zon schijnt
[08:28:08] <zovty> Oja.
[08:28:11] <zovty> Inderdaad zeg.
[08:28:18] <zovty> Zo.
[08:29:56] *** Quits: Andros (Andros@71.100-244-81.adsl-dyn.isp.belgacom.be) (Ping timeout: 67 seconds)
[08:30:52] *** Joins: Andros (Andros@71.100-244-81.adsl-dyn.isp.belgacom.be)
[08:36:31] <Fiebel> och jonges
[08:36:41] <Fiebel> kunnen jullie nou alleen maar over porno praten
[08:36:59] <zovty> Ok, is goed.
[08:37:03] <zovty> Heel de dag?
[08:37:09] <Fiebel> :Y
[08:37:15] <zovty> Afgesproken.
[08:38:21] <rawplayer> poezendocu's
[08:38:23] <rawplayer> !
[08:38:27] <rawplayer> ik heb spierpijn
[08:39:05] <zovty> Ik ook.
[08:39:09] <zovty> In mijn rechterarm.
[08:39:26] <rawplayer> wat heb je gedaan dan?
[08:39:33] <zovty> ...
[08:39:41] <zovty> Oh!
[08:39:43] <rawplayer> stozuigen?
[08:39:46] <zovty> Ik DENK DAT IK ER OP HEB GESLAPEN!
[08:39:47] <zovty> Ja!
[08:39:49] <zovty> Dat was het.
[08:39:50] <rawplayer> ah ja
[08:40:50] <zovty> Sow.
[08:41:03] <zovty> Van de neiuwe tesla zijn er binnen 24 uur 115000 verkocht.
[08:41:09] <zovty> Ding komt in 2017 op de weg.
[08:41:13] <zovty> Aanbetaling van 1000.
[08:41:22] <zovty> Ik wil er ook een.
[08:42:09] <rawplayer> hier op kantoor zijn er 7 aambetaald gister
[08:43:12] <zovty> Echt?
[08:43:14] <zovty> Toemaar.
[08:43:41] <rawplayer> ja joh
[08:43:47] <rawplayer> dat verdient zich toch terug
[08:44:08] <zovty> Weet ik niet.
[08:44:28] <rawplayer> en anders is het om tof te doen
[08:45:02] <zovty> Groot gelijk.
[08:45:04] <zovty> Krijg jij er ook een?
[08:45:23] <rawplayer> krijg
[08:45:23] <rawplayer> lol
[08:45:26] <rawplayer> vast niet
[08:45:31] <rawplayer> sterker nog
[08:45:33] <rawplayer> ik wil er geen
[08:45:40] <rawplayer> ik ben niet capabel er voor
[08:45:44] <rawplayer> ik wil naar tankstation gaan
[08:45:45] <rawplayer> tanken
[08:45:46] <rawplayer> en weg
[08:45:47] <zovty> Is ook zo.
[08:45:54] <zovty> Afrekenen.
[08:46:01] <zovty> Balletje mayo naar binnen douwen.
[08:46:04] <rawplayer> en niet 40 minuten daar staan
[08:46:05] <zovty> Och zo lekker is dat he.
[08:46:08] <rawplayer> met een stekker er in
[08:46:09] <rawplayer> ja
[08:46:13] <rawplayer> een goede bal is altijd lekker
[08:46:18] <rawplayer> maar dan ook echt een goede
[08:46:21] <rawplayer> ik heb cappuccino
[08:46:28] <zovty> Ja maar een matige bal met mayo is toch lekker.
[08:46:36] <zovty> Maar.
[08:46:37] <Fiebel> DE GEKKO IS ER WEER!!!
[08:46:42] <Fiebel> UIT HET NIETS!
[08:46:43] <zovty> Als je nou toc h's avonds die aut oaan de lader hangt.
[08:46:43] <Fiebel> WRAAAAAH
[08:46:49] <zovty> Dan hoef je toch nooit meer te tanken?
[08:46:58] <zovty> Sorry fiebie. Even niet.
[08:47:08] <zovty> We praten nu even niet over porno, en dadt moet je dan niet onderbreken.
[08:47:10] *** Quits: Andros (Andros@71.100-244-81.adsl-dyn.isp.belgacom.be) (Exit)
[08:47:36] <rawplayer> ja ijsje
[08:47:39] <rawplayer> maar dan kom je op je wek
[08:47:40] <rawplayer> werk
[08:47:41] *** Joins: Jeroen (Jeroen@ip82-139-124-155.lijbrandt.net)
[08:47:42] <rawplayer> weer stekker er aan
[08:47:50] <rawplayer> en ga je dan via X naar Y op bezoek bij Z
[08:47:51] <rawplayer> na je werk
[08:47:53] <rawplayer> en dan?
[08:48:03] <rawplayer> triple A kopen?
[08:48:05] <rawplayer> voor als je accu leeg is
[08:48:25] <zovty> Joh, 350 km.
[08:48:33] <zovty> Hoever werk jij van je woon?
[08:48:42] <rawplayer> um
[08:48:42] <Escovan> Goedemorgen Nederland: Heeft een meisje GHB EN Heroïne in d´r drankje gehad... 
[08:48:44] <Escovan> pffft duur drankje.
[08:48:54] <rawplayer> 50km ofzo
[08:48:55] <zovty> Ja vast :D.
[08:49:05] <zovty> Gaat toch geen herione in iemand z'n drankje doen.
[08:49:07] <zovty> Meisje jokt.
[08:49:10] <Escovan> nee psies
[08:49:23] <zovty> Ja, dan ken je 7 keer op en neer rijden zonder te laden.
[08:49:40] <Jeroen> https://www.facebook.com/Google/videos/10154074614107838
[08:49:40] <Jeroen> :D
[08:49:41] <digibot> Title: Inhoud niet gevonden (at www.facebook.com)
[08:54:28] <zovty> Leuk.
[08:56:14] <Fiebel> och jonges
[08:56:21] <Fiebel> kben zo verliefd op kleine peppie he
[08:56:23] <Fiebel> zo verliefd
[08:56:35] <Jeroen> verliefd op de drugs?
[08:56:40] <Jeroen> daar hebben ze een ander woord voor
[08:56:51] <Fiebel> O+
[08:56:59] <rawplayer> <3
[09:03:21] <rawplayer> och jongrd
[09:03:24] <rawplayer> jojges
[09:03:27] <rawplayer> jojges
[09:03:30] <rawplayer> jonges
[09:05:03] <Fiebel> mogen kleine gekkoos mama ze hand helemaal naar de klote trappe?
[09:05:26] <rawplayer> nee
[09:05:32] <Fiebel> nee dacht ik ook al
[09:05:43] <rawplayer> afplallen
[09:05:46] <rawplayer> plakken
[09:05:48] <rawplayer> met tape
[09:06:07] <Fiebel> goed idee 
[09:06:08] <Fiebel> goed idee
[09:06:13] <Fiebel> afplakken
[09:06:15] <Fiebel> met tape
[09:06:19] <Fiebel> tegen het plafond
[09:06:46] <rawplayer> ja
[09:07:46] <zovty> Poepje.
[09:07:49] <zovty> Was misschien nat.
[09:07:50] <zovty> :o
[09:07:53] <Fiebel> scheetjemet
[09:07:54] <zovty> En nu?
[09:07:55] <Fiebel> :9
[09:07:59] <Fiebel> lekker marineren
[09:08:07] <Fiebel> mjammjammjam
[09:08:09] <zovty> Vies.
[09:08:10] <zovty> Ff kijken.
[09:08:12] <Fiebel> gemarineerde sluitspier
[09:13:01] <Fiebel> och jonges
[09:13:03] <Fiebel> weer minder fiebel
[09:14:29] <rawplayer> oooo
[09:14:34] <rawplayer> ik hoop dat ik ook minder ben
[09:14:37] <rawplayer> zoveel midner
[09:14:38] <rawplayer> zo veel
[09:14:42] <rawplayer> maar vast niet :/
[09:14:45] <rawplayer> ik wil minder rawpie
[09:14:49] <rawplayer> fiebel wil minder rawpie
[09:14:52] <rawplayer> maar ook meer rawpie
[09:15:03] <Fiebel> nog 2.6 kilo
[09:15:05] <Fiebel> en dan nog 1 ons
[09:15:09] <zovty> Zo.
[09:15:10] <zovty> Dat viel mee.
[09:15:11] <Fiebel> dan is er minder fiebel dan ooit
[09:15:12] <zovty> Wel lekker gepoept.
[09:15:13] <Fiebel> behalve toen ik 4 was
[09:15:16] <Fiebel> o meid heerlij
[09:15:16] <Fiebel> k
[09:15:21] <Fiebel> ik noteer het even in excel
[09:15:28] <zovty> Och kindje toch.
[09:15:30] * rawplayer schrijft ook mee
[09:15:31] <zovty> Hou toch op met je excel.
[09:15:33] <Fiebel> klein, medium, groot?
[09:15:34] <rawplayer> kan je ff pics appen?
[09:15:36] <Fiebel> :o
[09:15:37] <zovty> GEbruik csv.
[09:15:41] <zovty> Of Google Sheets.
[09:15:49] <Fiebel> ja is ook google sheets inmiddels hoor
[09:15:54] * Fiebel is helemaal in de cloud
[09:15:56] <zovty> Ik heb besloten om te stoppen met www.poepdagboek.nl
[09:16:01] <Fiebel> maar
[09:16:04] <Fiebel> het was zo'n succes
[09:16:10] <zovty> Ja.
[09:16:15] <Fiebel> zelfs beyonce gebruikte het las ik op elle.nl
[09:16:16] <zovty> Excuses aan alle fans.
[09:16:20] <Fiebel> en aan..?
[09:16:21] <zovty> Klopt ook.
[09:16:26] <zovty> Maar met een valse naam.
[09:16:28] *** Joins: Phaxinity (Phaxinity@tsn109-201-154-145.dyn.nltelcom.net)
[09:16:32] <Fiebel> ja hehe
[09:16:32] <rawplayer> och jonges
[09:16:37] <zovty> Hoi Pax.
[09:16:38] <Fiebel> niet dat beyonce12 echt beyonce is
[09:16:48] <zovty> Nee.
[09:16:49] <rawplayer> ik ga even in mijn hand knippen
[09:16:53] <rawplayer> ik doe zo'n sport
[09:16:55] <Fiebel> pas op he
[09:16:57] <Fiebel> je veter zit los
[09:16:58] <rawplayer> wat weleens vel van de hand trekt
[09:17:01] <zovty> TheBlackKatyPerry.
[09:17:03] <zovty> Zo heet ze.
[09:17:04] <rawplayer> dat heb ik gister weer gedaan
[09:17:06] <Fiebel> ghighihighighig
[09:17:09] <Fiebel> mocht ze willen
[09:17:12] <Fiebel> dat ze zukke jetsers had
[09:17:25] <zovty> Godverdomme nou.
[09:17:26] <Pandora> !8 mondspoeling voor zovty?
[09:17:26] <digibot> Pandora: The outlook is good.
[09:17:30] <zovty> Die heb me toch een partij kanonnen he.
[09:17:43] <zovty> Kende een flinke middeleeuwse stad me kapotkanonneren.
[09:18:49] <rawplayer> GEIL
[09:18:53] <rawplayer> DIKKTE TIETEN
[09:18:57] <rawplayer> EN EEN MOOIE POES
[09:20:28] <zovty> Dat weet ik niet.
[09:20:48] <rawplayer> heb je nog gehuild
[09:21:11] <zovty> Ja.
[09:21:29] <rawplayer> wil je mijn schouder?
[09:21:40] <rawplayer> (links is groter)
[09:21:45] <rawplayer> ik kan goed kroelen
[09:21:47] <zovty> Waarom is links groter?
[09:21:51] <zovty> Ben je linkshandig?
[09:21:55] <rawplayer> omdat een mens assymetrisch is
[09:21:55] <rawplayer> ja
[09:21:58] <zovty> Oh echt?
[09:21:59] <rawplayer> ja
[09:22:02] <zovty> Oh, dat valt me tegen.
[09:22:14] <zovty> Ik weet niet waarom.
[09:22:20] <rawplayer> eigenlijk ben ik bi
[09:22:21] <zovty> Maar.. ik vind linkshandigen....
[09:22:25] <zovty> Weenie.
[09:22:27] <zovty> Het is gewoon niet natuurlijk.
[09:22:29] <rawplayer> ik ben links en rechts handig
[09:22:32] <zovty> Jahoor ja.
[09:22:33] <rawplayer> ik voetbal bv met rechts
[09:22:35] <zovty> Nou ineens weer wel.
[09:22:37] <rawplayer> niet dat ik voetbal
[09:22:39] <rawplayer> schrijven met links
[09:22:46] <zovty> En chips eten?
[09:22:49] <zovty> Of roken?
[09:22:49] <rawplayer> ook links
[09:22:54] <rawplayer> links hoor
[09:23:06] <zovty> Aan welke kant leg je het tipje als je een joint rolt?
[09:23:13] <rawplayer> rechts
[09:23:17] <zovty> Eh.
[09:23:20] <zovty> En de plakrand dan?
[09:23:23] <zovty> Boven of onder?
[09:23:34] <zovty> En de vouw in het midden neem ik aan.
[09:23:39] <rawplayer> onder en naar de achterkant
[09:23:47] <zovty> :?
[09:23:56] <rawplayer> wat nu weer
[09:24:02] <zovty> Dat kan niet kloppen.
[09:24:05] <rawplayer> echt je begint meteen te koeren en te tieren
[09:24:12] <rawplayer> nou denk er maar eens over na
[09:24:16] <rawplayer> ik ben keigoed met origami
[09:24:21] <zovty> Hoe kun je nou EN koeren EN tieren?
[09:24:25] <zovty> Dat kan toch niet.
[09:24:28] <rawplayer> nou jij dus wel
[09:24:36] <rawplayer> en ik zou er niet trots op zijn
[09:24:38] <zovty> PRIEWPRIEW!GODVERDOMMEPRIWPRIW!
[09:24:39] <Pandora> !8 mondspoeling voor zovty?
[09:24:40] <digibot> Pandora: It shall be.
[09:24:41] <rawplayer> ik ga wel naar prive window
[09:24:43] <rawplayer> van Fiebel 
[09:24:46] <zovty> Jajoh.
[09:24:48] <zovty> Doe dat joh.
[09:24:49] <rawplayer> en naar haar gekkoverhalen luisteren
[09:24:58] <rawplayer> die snapt mij tenminste
[09:25:06] <zovty> Jajoh.
[09:25:14] <zovty> Fiebie is zo'n begripvol mens.
[09:25:16] <zovty> Die snapt dingen.
[09:25:21] <zovty> Die kan zich in situaties verplaatsen.
[09:25:23] <zovty> Die voelt dingen aan.
[09:25:27] <zovty> Ook dingen die niet uitgesproken worden.
[09:31:09] *** Quits: ranzbak (pi@5ED2A76A.cm-7-3c.dynamic.ziggo.nl) (Ping timeout: 61 seconds)
[09:36:25] <Spacecowboy> sup
[09:39:08] <zovty> Hoi Space.
[09:39:55] <Spacecowboy> net overheerlijk 14 uur liggen ronken in bed
[09:40:38] <zovty> God lang.
[09:41:39] <Spacecowboy> ja heerlijk
[09:42:28] <rawplayer> ik zit te schijten
[09:43:04] <zovty> Goedzo jongen.
[09:43:08] <Spacecowboy> lekker
[09:43:17] <zovty> Maar.
[09:43:17] <Spacecowboy> ik ga even een kop koffie pakken
[09:43:35] <Spacecowboy> dan zal ik zo ook wel een bruine trui moeten breien
[09:44:24] <zovty> Ja, tis best fris.
[09:44:28] <zovty> Kleed je goed aan.
[09:46:58] *** Joins: ranzbak (pi@5ED2A76A.cm-7-3c.dynamic.ziggo.nl)
[09:49:09] *** Quits: Phaxinity (Phaxinity@tsn109-201-154-145.dyn.nltelcom.net) (Exit)
[10:05:01] *** Joins: Michelp2 (Mibbit@5ED4110B.cm-7-5a.dynamic.ziggo.nl)
[10:05:39] <welly> hey Michelp2 gabbertje in de house
[10:05:47] <welly> reeven
[10:05:48] <zovty> Ik ben er.
[10:05:52] <welly> reeven
[10:05:55] <zovty> Ik ben er
[10:05:56] <Pandora> gezellig, zovty is er!
[10:06:01] <welly> hoi zovty
[10:06:02] <zovty> :').
[10:06:03] <zovty> Hoi willem.
[10:06:09] <welly> ik ben ook online
[10:15:12] <rawplayer> och jomges
[10:15:21] <rawplayer> ik heb 2 eitjes op
[10:18:14] <welly> vandaag exakt woon ik 11 jaar in den haag
[10:18:57] <zovty> He?
[10:19:06] <zovty> Ik dacht datj ij ergens in zeeland woonde joh :D
[10:19:13] <rawplayer> :D
[10:19:19] <zovty> Oh, heel mijn wereldbeeld staat op z'n grondvesten te schudden.
[10:19:33] <welly> nou ligt er niet ver vanaf
[10:20:36] *** Quits: Michelp2 (Mibbit@5ED4110B.cm-7-5a.dynamic.ziggo.nl) (Exit)
[10:21:06] *** Joins: Fem_LittleLady (Mibbit@a82-161-112-138.adsl.xs4all.nl)
[10:21:15] <Fem_LittleLady> Een goedemorgen
[10:22:11] <Escovan> hoi Femmie
[10:22:31] <Fem_LittleLady> Hoii Escovan
[10:22:38] <WvdL> Morguhh
[10:22:45] <Spacecowboy> GOEDEMORGEN
[10:23:26] <Fem_LittleLady> Plannen vandaag?
[10:23:48] <zovty> Femmie.
[10:24:07] * rawplayer kroelt femmie
[10:24:08] <Fem_LittleLady> Hoi
[10:24:20] * Fem_LittleLady knuffelt rawplayer
[10:24:35] <Fem_LittleLady> Ik ga denk ik vanmiddag eens even de schuur opruimen
[10:24:54] <zovty> Alweer?
[10:25:04] <Fem_LittleLady> Ja gister niet aan toe gekomen
[10:25:07] <Fem_LittleLady> heb even gekeken
[10:25:24] <Fem_LittleLady> en toen zakte mijn enthousiastme naar niveau ijspegel
[10:25:43] <zovty> Nou.
[10:25:46] <zovty> Ga maar gauw beginnen dan.
[10:25:53] <zovty> Anders zit je weer tot de lunch hier en daarna geen zin meer.
[10:25:55] <zovty> Ik ken ons.
[10:25:57] <Fem_LittleLady> Ja vanmiddag, is mij veel te koud nu buiten
[10:26:04] <zovty> Wij zuigen alle energie en lust uit mensen.
[10:26:09] <Fem_LittleLady> Ohw
[10:27:19] <Spacecowboy> rawplayer 
[10:27:22] <Spacecowboy> vet varken
[10:27:25] <rawplayer> :(
[10:27:27] <Spacecowboy> sup
[10:27:33] <rawplayer> werken
[10:27:33] <rawplayer> slaven
[10:27:39] <rawplayer> ik ben door mijn proeftijd!
[10:27:39] <Spacecowboy> en terecht
[10:27:43] <Spacecowboy> werken voor je geld
[10:29:08] <WvdL> van ahrte rawplayer 
[10:29:19] <WvdL> nu gaat je irc uptime emt 300% omhoog? :p
[10:29:33] *** Joins: Guyver2 (Guyver2@guyver2.xs4all.nl)
[10:29:48] <Spacecowboy> ja precies
[10:29:55] <Spacecowboy> weken zie je 'm hier niet
[10:29:58] <Spacecowboy> even mooi weer spelen bij de baas
[10:31:13] <Fem_LittleLady> :D
[10:33:01] <Spacecowboy> daarna gewoon weer zitten vegeteren in de stoel en op irc hangen en tietenplaatjes kijkn
[10:33:40] <Fem_LittleLady> is ook fijn
[10:34:12] <Spacecowboy> vorige baan deed ik dat de hele dag
[10:34:21] <Spacecowboy> maar na een jaar of 2 was ik dat ook wel zat
[10:35:47] <rawplayer> fapfap
[10:36:13] <Spacecowboy> fap jij op je werk?
[10:36:32] <Escovan> Deed ik ook altijd.
[10:36:37] <Spacecowboy> en dan fantaseren over hoe je de secretaresse keihard in dr reet neukt op het toilet?
[10:36:37] <Escovan> Daarom heb ik nu geen werk.
[10:36:48] <Spacecowboy> :D
[10:36:55] *** Joins: coreblink (coreblink@145.132.131.160)
[10:36:58] <Spacecowboy> hoe de fuck komen ze daar achter?
[10:37:06] <Escovan> fap geluiden in de wc
[10:37:10] <Spacecowboy> lol
[10:37:17] <zovty> Hoe fap je dan?
[10:37:20] <rawplayer> secretatresse die dna matched met haarzelf
[10:37:22] <Spacecowboy> *tsjop*tsjop*tsjop
[10:37:23] <zovty> In het water?
[10:37:30] *** Quits: coreblink (coreblink@145.132.131.160) (Exit)
[10:37:32] <zovty> Wat wil je zeggen player?
[10:37:37] *** Joins: coreblink (coreblink@145.132.131.160)
[10:37:42] <zovty> Wilde je een grapje?
[10:37:49] <rawplayer> nee
[10:37:53] <zovty> O.
[10:37:54] <rawplayer> waarom zou ik dat willen
[10:37:55] <zovty> Probeer het nog eesn dat.
[10:37:58] <zovty> dan.
[10:37:58] <rawplayer> wat
[10:37:59] <zovty> eens.
[10:38:00] <rawplayer> wat
[10:38:05] <zovty> Ja, je zinnetje te zeggen.
[10:39:05] * Escovan kijkt 1 seizoen ¨The Returned¨ op Netflix
[10:39:24] <Spacecowboy> rawplayer 
[10:39:26] <Spacecowboy> zeg eens wat
[10:40:30] <rawplayer> HOERRRRR
[10:41:42] <Spacecowboy> :D
[10:41:43] <Spacecowboy> :D
[10:41:50] <Spacecowboy> HOEREN NEUKEN NOOIT MEER WERKEN
[10:42:42] <Escovan> ^^
[10:42:42] <Fem_LittleLady> :O
[10:43:54] <zovty> Dat lijkt me toch niks.
[10:44:02] <zovty> Hoeren neuken is als jagen in de supermarkt.
[10:44:22] <Escovan> Eerst hoer kopen, niet huren.
[10:44:27] <Escovan> Iets met ring
[10:44:51] <Fem_LittleLady> Mja weet niet, is dure hobby
[10:45:13] <Fem_LittleLady> Heb liever gewoon mijn relatie, is veel fijner
[10:45:13] <zovty> Ligt eraan natuurlijk.
[10:45:26] <zovty> En elke hobbie mag wat kosten natuurlijk.
[10:45:53] <Fem_LittleLady> Mja maar seks is ook gratis te krijgen
[10:45:58] <rawplayer> seks O+
[10:46:37] <Fem_LittleLady> Ja zijn zat vrouwen die gewoon een avond willen spelen en daarna doei doei
[10:46:42] <Fem_LittleLady> het zogenaamde dekken en vertrekken
[10:47:00] <rawplayer> lekker
[10:47:03] <rawplayer> nummer plz
[10:47:06] <zovty> Ja.
[10:47:09] <zovty> Mag ik dan daarna?
[10:47:22] <rawplayer> ja
[10:47:22] <zovty> Dekken en doorschuiven en dan vertrekken.
[10:47:49] <Fem_LittleLady> Tja die vrouwen vind je wel op badoo
[10:47:58] <Fem_LittleLady> mijn buurman heeft er 3 jaar dikke lol gehad
[10:48:04] <Fem_LittleLady> soms wel 3 dates in de week
[10:48:14] <zovty> Oh god
[10:48:18] <zovty> Dat is echt teveel van het goede.
[10:48:29] <zovty> Ik ken eigenlijk niemand die op badoo zit?
[10:48:32] <Fem_LittleLady> Heb dat ook wel eens gedaan
[10:48:35] <zovty> Ik vind dat altijd zo schimmig.
[10:48:39] <Fem_LittleLady> Gewoon afspreken doe leuk en rot op
[10:48:43] <zovty> Nou nou.
[10:48:44] <zovty> Niet zo boos.
[10:49:03] <Fem_LittleLady> Hahaha nee zo is het gewoon en was daar heel eerlijk over
[10:49:06] <zovty> Ik kan dat niet hoor.
[10:49:10] <Fem_LittleLady> Ik zit op badoo
[10:49:11] <zovty> Ik wil er gevoel bij voelen.
[10:49:18] <Fem_LittleLady> Ik ken mijn vriend ook van badoo
[10:50:16] <rawplayer> gevoel
[10:50:18] <rawplayer> zit tussen je  benen
[10:50:31] <zovty> Nee. Ik bedoel het geovel in me hart.
[10:50:39] <Fem_LittleLady> Soms wil je gewoon een leuke vent waar je mee mag spelen, maar je wil vooral niet zijn prive leven in je leven
[10:50:53] <zovty> Ik heb dat eigenlijk nooit.
[10:51:02] <zovty> Wil jij wel eens een leuke vent player?
[10:51:04] <zovty> Anders dan ik natuurlijk.
[10:51:09] <rawplayer> nee, niet echt..
[10:51:42] <Fem_LittleLady> Nu niet meer, maar destijds wel, ben erg blij met mijn mannetje
[10:52:00] <rawplayer> zovty: ik wilde voor femmie gaan
[10:52:06] <rawplayer> maar ze heeft al een brandweerman
[10:52:08] <Fem_LittleLady> en soms heb je ook dates dat je denkt, ik wil naar huis
[10:52:14] <rawplayer> ja
[10:52:16] <rawplayer> bekend
[10:52:18] <rawplayer> :P
[10:52:22] <rawplayer> WAT DE FUCK DOE IK HIER
[10:52:25] <rawplayer> xD
[10:52:29] <Escovan> Ja, ga es werken man
[10:52:34] <Fem_LittleLady> Heb eens een date gehad in cafe de krullebol in Almere
[10:52:44] <Fem_LittleLady> kwam binnen zag dat dropjes gebit en wou naar huis
[10:53:13] <Fem_LittleLady> en ging ook naar huis
[10:53:25] <rawplayer> zoiets als die van bReChThOu 
[10:53:59] <Fem_LittleLady> Had een date en na het kijken van de film, dacht de beste vent serieus dat je een dvd moest terugspoelen
[10:54:19] <Fem_LittleLady> dat is overigens al 13 jaar geleden, maar blijft verbazingwekkend hoe stom die vent was
[10:54:53] <rawplayer> kind toch :(
[10:55:11] <zovty> Ja, als je dat toch niet weet.
[10:55:34] <zovty> Ik kwam er vorige week ook pas achter dat er nog een hulsje om tampons zit.
[10:55:41] <zovty> Als je daar nooit mee te maken hebt...
[10:56:17] <rawplayer> ik kwam er pas achter dat vrouwen veel kunnen praten zonder iets te zeggen
[10:56:27] <Fem_LittleLady> :D
[10:56:31] <zovty> Daar kwam je pas achter??
[10:56:35] <zovty> Lekker simpel.
[10:56:44] <rawplayer> ja mijn apenbrein is simpel
[10:56:52] <Fem_LittleLady> Nou ik weet wel, als deze relatie stuk gaat ik een jonge vent ga zoeken
[10:57:07] <Fem_LittleLady> elke keer die stress van gezondheid is slecht voor mijn bloeddruk
[10:57:21] <zovty> Bij een oude vent ben je wel eerder van die stress af...
[10:57:34] <zovty> Met een jonge vent schuif je die stress alleen maar een paar jaar voor je uit.
[10:57:36] <zovty> Maar het komt er toch.
[10:57:41] <zovty> Jongen venten gaan aftakelen.
[10:57:42] <rawplayer> ooo dan heb ik een kans
[10:57:44] <rawplayer> bij femmie
[10:57:48] <rawplayer> kan ik haar gaan squatten
[10:57:49] <zovty> Of het meoten van die onverwoestbare machines als player zijn.
[10:57:49] <rawplayer> en deadliften
[10:57:53] <rawplayer> en overheadpressen
[10:58:08] <rawplayer> ik ben alleen mentaal erg jong
[10:58:12] *** Quits: Jeroen (Jeroen@ip82-139-124-155.lijbrandt.net) (Exit)
[10:58:13] <rawplayer> en een wildebras
[10:58:33] *** Quits: Guyver2 (Guyver2@guyver2.xs4all.nl) (Exit)
[10:59:08] <zovty> Jij bent toch niet zo'n wildebras?
[10:59:27] * Fem_LittleLady knuffelt rawplayer
[10:59:36] <Fem_LittleLady> ach je bent gewoon mijn vriendje
[10:59:45] <rawplayer> friendzoned
[10:59:47] <rawplayer> great
[10:59:54] <zovty> Femmie.
[11:00:09] <zovty> Ik wil je langs deze weg formeel vezoeken je standpunt omtrent rawplayer nog eens te overwegen.
[11:00:12] <Fem_LittleLady> hahaha
[11:00:23] <zovty> Hij is veel meer dan je vriendje.
[11:00:26] <zovty> Althans... dat kan hij zijn.
[11:00:30] <zovty> Hij kan jouw alles worden.
[11:00:35] <zovty> Het centrum van jouw universum.
[11:00:49] <zovty> Jouw redder, jouw voorbeeld, jouw held, jouw vriend, je geliefde, je minaar.
[11:01:10] <zovty> Hij kan die kleptomane van je weer op het rechte pad krijgen.
[11:01:21] <zovty> Sta open voor zijn goedheid.
[11:01:27] <zovty> Hij verdient het, en jij eigenlijk ook wel.
[11:01:38] <zovty> (Wie heeft er nog vijanden nodig met een wingman als ik)
[11:01:58] <rawplayer> :D
[11:10:37] <Fiebel> ik ben er
[11:10:37] <Pandora> gezellig, Fiebel is er!
[11:10:40] <Fiebel> ja
[11:10:40] <Fiebel> gezellig
[11:11:02] <Escovan> geef Fiebel een bot en je hebt geen kind meer aan d´r
[11:11:20] <zovty> Lekker kluiven.
[11:11:38] <Fiebel> hnghnghnghng
[11:15:53] <Fiebel> ooo jonges
[11:15:54] <Fiebel> ook deze maand
[11:15:57] <Fiebel> moeten we GOED drinken
[11:16:01] <Fiebel> vandaag 3 glazen
[11:16:02] <zovty> Oja.
[11:16:04] <Fiebel> en 2 bekers poepthee
[11:16:06] <zovty> 3?
[11:16:07] <zovty> Oh.
[11:16:07] <Fiebel> dat is het streven
[11:16:08] <Fiebel> ja
[11:16:13] <Fiebel> maar wel van die vaasglazen he
[11:16:14] <zovty> Bekers van een halve liter?
[11:16:16] <zovty> Ja, ok.
[11:16:18] <Fiebel> 0.8
[11:16:21] <zovty> Oh, ok.
[11:16:25] <zovty> Oh, echt.
[11:16:27] <zovty> Groot!
[11:16:28] <zovty> :D
[11:16:33] <Fiebel> ja die ken jij wel zovty
[11:16:34] <Fiebel> die ken jij wel
[11:16:39] <zovty> Oh.
[11:16:41] <zovty> Zijn die nog heel?
[11:16:42] <zovty> :?
[11:16:45] <zovty> :? :? 
[11:16:45] <Fiebel> tuurlijk
[11:16:47] <zovty> :')
[11:16:48] <Fiebel> ik maak nooit iets stuk
[11:16:53] <zovty> :')_!
[11:16:54] <Fiebel> ik weet niet wat je impliceert
[11:17:06] <zovty> Ik zal jou eens impliceren.
[11:17:09] <Fiebel> zelf
[11:17:10] <Fiebel> :|
[11:17:39] <Fiebel> ik zag ivo opstelten
[11:17:46] <Fiebel> hij snoot 4 keer zijn neus in de zelfde katoenen zakdoek
[11:17:48] <Fiebel> vies toch?
[11:17:49] <Fiebel> onveilig
[11:17:50] <Fiebel> ook
[11:17:54] <zovty> Oh echt choor.
[11:18:02] <zovty> Maar.
[11:18:15] <zovty> Het is wel fijn dat ik 's morgesn zo vroeg wakker ben en zo vroeg op kantoor.
[11:18:20] <Fiebel> ja
[11:18:22] <Fiebel> vind ik ook
[11:18:23] <zovty> Maar i kheb nu het gevoel alsof het kwart over 3 is.
[11:18:23] <Fiebel> waarom?
[11:18:26] <zovty> Maar dat klop;t niet.
[11:18:49] <Fiebel> is kwart over 11
[11:19:01] <Escovan> 18 over zelfs
[11:19:01] <zovty> Juistems.
[11:19:03] <zovty> Ja.
[11:19:05] <zovty> He ik ook.
[11:19:05] <Fiebel> 19
[11:19:07] <zovty> 19.
[11:19:08] <zovty> Ja.
[11:19:12] <zovty> Ik zag het springen.
[11:19:14] <zovty> Hahahahahahahhaha.
[11:19:15] <zovty> :|
[11:19:16] <Fiebel> PLIEP
[11:19:17] <Escovan> :P
[11:19:17] <Fiebel> :|
[11:19:44] <Boots> Lekker verspringen met zovty 
[11:20:47] <Fiebel> Silverlight wordt niet meer ondersteund door Google Chrome.
[11:20:53] <Fiebel> is dat nou ineens een 1 april grap ofzo?
[11:22:03] <Boots> Je bent zelf een 1-aprilgrap
[11:22:31] <Escovan> Silverlight wordt ook niet ondersteund door Edge.
[11:23:50] <Spacecowboy> solverlight moet dood
[11:23:50] <Escovan> IE11 starten dus
[11:23:54] <Spacecowboy> *i
[11:23:57] <Spacecowboy> net zoals flash
[11:23:59] <Fiebel> k
[11:24:00] <Spacecowboy> en java
[11:24:02] <Escovan> psies
[11:24:04] <Spacecowboy> STERF
[11:24:10] <Escovan> GA DOOD
[11:24:20] <Spacecowboy> rot op met je technieken uit de steentijd
[11:24:51] <Escovan> En je 100 updates per maand omdat het gatenkaas is.
[11:25:00] <Spacecowboy> ja precies
[11:26:24] <Boots> Leuk joh die vogels bij de buren :D
[11:27:13] *** Quits: Fem_LittleLady (Mibbit@a82-161-112-138.adsl.xs4all.nl) (Exit)
[11:33:56] <Fiebel> och jonge
[11:33:58] <Fiebel> s
[11:34:02] <Fiebel> anderhalf glas drin
[11:34:05] <Fiebel> gloeckgloeckgloeck
[11:35:03] <rawplayer> och och
[11:35:05] <rawplayer> och och
[11:35:08] <rawplayer> ik heb 2 wortels op
[11:35:16] <Fiebel> goed zo
[11:43:47] <zovty> Ik ga zo druiven eten.
[11:43:52] <zovty> Blauwe en witte.
[11:43:54] <zovty> En een ei.
[11:43:55] <zovty> Goeie combi.
[11:43:55] <zovty> nee.
[11:43:59] <zovty> Maar beter had ik ff niet
[11:45:26] *** Quits: TooL (x@ip172-92-210-87.adsl2.static.versatel.nl) (Ping timeout: 66 seconds)
[11:53:37] *** Joins: TooL (x@ip172-92-210-87.adsl2.static.versatel.nl)
[12:01:43] <Fiebel> geft toch niks
[12:02:19] <zovty> Is ook zo.
[12:02:21] <zovty> En een bifi.
[12:02:32] <Fiebel> klein stinkvarkje
[12:02:42] <Fiebel> stinkvarkje vol afvalvlees
[12:02:44] <Fiebel> en druiven
[12:02:59] <zovty> Nogmaals.
[12:03:04] <zovty> Als het je kan verkopen is het geen afval.
[12:03:09] <zovty> Einde stokpaardje.
[12:03:12] <Punnik> goedenmiddag allemaal !!
[12:03:33] <Fiebel> ha pun!
[12:04:30] <Punnik> hoihoi Fiebs !
[12:13:35] *** Joins: Jeroen (Jeroen@ip82-139-124-155.lijbrandt.net)
[12:17:04] <zovty> Oh jongens!
[12:17:10] <zovty> Brigget is weer vrijgezel!
[12:17:19] <Fiebel> welke?
[12:17:21] <zovty> Daar zou ik graag eens mee op de bank hangen he.
[12:17:23] <zovty> Maasland.
[12:17:27] <Fiebel> och kindje
[12:17:27] <zovty> Bridget.
[12:17:28] <zovty> Ja.
[12:17:30] <Fiebel> die ken jij toch niet aan
[12:17:36] <Fiebel> en dat is een hondemens
[12:17:36] <Fiebel> :r
[12:17:37] <zovty> Nee?
[12:17:42] <Fiebel> tuurlijk niet kind
[12:17:43] <zovty> Oh, ik kan wel hondenmensen aan hoor.
[12:17:49] <Fiebel> die kraakt je ballen voor een snack
[12:20:45] <zovty> Dat lijkt me niet eigenlijk.
[12:20:52] <zovty> Dat lijtk me echt een avondmens.
[12:21:02] <zovty> Dus gewoon zorgen dat ze 's morgens weg is.
[12:21:28] <Fiebel> in de avond wil je toch juist snacken? :s
[12:24:08] <zovty> Ja.
[12:24:14] <zovty> :?
[12:25:20] <zovty> Weet je wat het is met Bridget.
[12:25:26] <zovty> Ze is niet veeleisend ofzo.
[12:25:34] <zovty> Maar ze wil niet vergeten worden.
[12:25:45] <zovty> Zoals je haar in het middelpunt lijkt te zetten is ze happy.
[12:25:46] <Fiebel> oja o ja
[12:25:48] <zovty> En zo ga je daar mee om.
[12:25:54] <Fiebel> oja oja
[12:26:25] <zovty> Dus ik zet haar dan zo op de bank; zo hier zit jij *wijst naar het midden*
[12:26:27] <zovty> En dan ga ik er naast zitten.
[12:26:44] <zovty> En kijken we elkaar diep in de ogen, en dan voelt zij wat ik voelt en dan gaat alles vanzelf.
[12:27:17] <Fiebel> oja oja
[12:27:34] <zovty> Tot dan d'r kleine sem of sterre of weet ik veel, dan een glaasje water wil.
[12:27:44] <Fiebel> en dan zo kLATS
[12:27:50] <Fiebel> sienas in dr smoel
[12:27:58] <zovty> Murmelt ze zo; ja, pak maar even zelf, mama heeft even d'r mond vol.
[12:28:37] <zovty> So raise your glass.
[12:29:03] <zovty> Half een pas he.
[12:29:07] <zovty> Sodetering.
[12:29:24] <Fiebel> och kind
[12:29:33] <Fiebel> ga toch lekker buiten het concept van de tijd leven joh
[12:29:45] <zovty> Ik zou wel willen..
[12:38:25] <rawplayer> och jonges
[12:38:26] <rawplayer> ik ben
[12:38:27] <rawplayer> er
[12:38:30] <rawplayer> ik heb lekker gegeten
[12:38:35] <Fiebel> ik ben er
[12:38:35] <Pandora> gezellig, Fiebel is er!
[12:38:55] <rawplayer> hallo
[12:38:55] <rawplayer> ik ben er
[12:38:55] <Pandora> gezellig, rawplayer is er!
[12:40:41] <zovty> Ik ben er.
[12:41:05] <zovty> Gezellig he Pandora, dat ik er ook ben.
[12:41:14] <Fiebel> hmwoah
[12:41:20] <Fiebel> denkt pandori
[12:41:28] <zovty> >:|
[12:41:32] <Fiebel> :|
[12:41:36] <zovty> Zo stom ben jij.
[12:41:44] <Fiebel> zelf
[12:42:02] <zovty> Waarom toch.
[12:42:09] <zovty> Waarom werkt de wereld toch zo onlogisch.
[12:42:20] <zovty> Dus ik wijzig me rekeningnummer bij de belastingdienst.
[12:42:20] <WvdL> ik ben er
[12:42:21] <Pandora> gezellig, WvdL is er!
[12:42:28] <zovty> Allemaal netjes verwerkt.
[12:42:29] <Fiebel> wvdl ook al zo gezellig
[12:42:31] <zovty> Alleen....
[12:42:36] <zovty> Dat geld niet voor de wegenbelasting.
[12:42:39] <zovty> Dat moet je weer apart doen.
[12:42:40] <Fiebel> mijn rekeningnummer 
[12:42:40] <zovty> Want...
[12:42:43] <zovty> Omdat...
[12:42:44] <Fiebel> WANT!!!!!!!!!!!
[12:42:47] <zovty> Godverdomme.
[12:42:47] <Pandora> !8 mondspoeling voor zovty?
[12:42:48] <digibot> Pandora: Yes!
[12:42:51] <WvdL> ovenwant?
[12:42:58] <zovty> :|
[12:43:29] <Fiebel> hoofdpijn
[12:43:32] <Fiebel> arme ik
[12:43:49] <rawplayer> och kind
[12:43:53] <rawplayer> weet je wat helpt
[12:44:02] <Fiebel> nee
[12:44:03] <Fiebel> geen idee
[12:44:03] <rawplayer> met voeten in een voetenbad en dan een zak diepvries erwten in de nek
[12:44:06] <rawplayer> true story
[12:44:11] <rawplayer> warm voetenbad
[12:44:11] <Fiebel> ik heb geen erwten
[12:44:14] <rawplayer> ja iets
[12:44:16] <rawplayer> voor in de nek
[12:44:17] <rawplayer> dat koud is
[12:44:22] <Fiebel> mijn hart?
[12:44:25] <rawplayer> mgihggihgighighghi
[12:44:34] <Fiebel> gigihgihihgihg
[12:45:28] <zovty> :|
[12:45:33] <zovty> Paracetamol helpt.
[12:45:50] <welly> ik ben er.
[12:46:02] <welly> ik ben nu online
[12:49:05] <zovty> Dat is fijn.
[12:49:11] <zovty> Het is fijn om online te zijn.
[12:49:37] <welly> tussen of and online zit ne dunne scheidslijn
[12:50:29] <rawplayer> je bent altijd online
[12:50:32] <rawplayer> je bent alleen soms afk
[12:50:50] <welly> is ook is ook zo 
[12:51:16] <welly> hoe verder je afk bent hoe minder online
[12:51:34] <welly> en afk is soms ook wel fijn
[12:58:14] <Fiebel> ik heb de helft van mijn water op
[12:58:16] <Fiebel> de helft van mijn thee
[12:58:21] <Fiebel> en 2 ibuprofens
[12:58:25] <Fiebel> en het is nog geen eens 1 uur
[12:58:32] <zovty> Wel.
[12:58:41] <Fiebel> nee hoor
[13:03:59] *** Quits: najtreve (najtreve@rmslr.xs4all.nl) (Exit)
[13:04:17] *** Joins: najtreve (najtreve@shell.xs4all.nl)
[13:05:04] <welly> hoi eeffie jee
[13:05:24] <welly> wees welkom in de chatbox
[13:05:30] <najtreve> whoei
[13:05:58] <welly> waddun leve heb je nu sinds je bij ons bent
[13:06:20] <welly> had je t zelf ooit voor mogelijk gezien
[13:06:42] <welly> je komt hier als herboren
[13:07:01] <welly> fris kapsel snelle auto en netjes geschoren
[13:08:10] <najtreve> ff de webcam afplakken...
[13:09:26] <welly> ben jij t uit vroegere tijden uit de bilt najtreve
[13:09:42] <welly> dat ik je hier tegenkom
[13:09:47] <najtreve> Nee dat dan weer niet.
[13:09:56] <welly> ik krijg een kleur door
[13:11:17] <najtreve> Ja vooral blauw zo te zien...
[13:15:44] *** Joins: Lott (Lott@101-168-158-163.dynamic.caiway.nl)
[13:20:19] *** Quits: Jeroen (Jeroen@ip82-139-124-155.lijbrandt.net) (Exit)
[13:26:14] *** Quits: Lott (Lott@101-168-158-163.dynamic.caiway.nl) (Ping timeout: 60 seconds)
[13:36:04] <welly> 180
[13:36:10] <welly> tinten geel
[13:59:33] <welly> oooww smoedy-time hoor
[13:59:56] <welly> der is watermeloen
[14:00:07] <welly> der zijn aardbeien
[14:00:19] <welly> der is amandelmelk
[14:00:38] <welly> en guarana en spinazie
[14:02:09] <zovty> Lekker heur.
[14:16:06] <welly> aardbeien 3 euro voor halve kilo
[14:17:15] <welly> is toch geen geld meer
[14:17:21] <zovty> Nee.
[14:17:26] <zovty> Is ook zo.
[14:18:15] <welly> en geen kleintjes alhowel van sommige vruchten wordt gezegd dat hoed kleiner hoe fijner de smaak
[14:18:37] <welly> datzelfde zeiden n paar gasten ook over wietbloemetjes
[14:18:54] <welly> of nee een of andere persoon in de coffeeshop
[14:21:24] <welly> die daar wat rondhing, t leek alsof ie ook wat klusjes deed ofzo want hij gedroeg zich bekend met t personeel op die manier waarop je zegt ja die doet vast klusjes
[14:22:39] <welly> en wil zich er tegenaan bemoeien
[14:23:20] <welly> bemoeien met de klanten en hen wijsmaken dat kleine wietbloemetjestoppen beter potenter zijn
[14:23:32] <welly> ja zo zei die t potenter
[14:24:17] <welly> want hij had vast gezien dat er meer trichomen op de toppen en blaadjes zaten
[14:24:54] <welly> en daarvoor had hij een microscoop gebruikt die die uit zijn mislukte studie biologie had overgehouden
[14:27:59] *** Quits: Aprogas (aprogas@enki.aprogas.net) (Exit)
[14:32:31] *** Quits: Devrim (Dev@kthnxbai.info) (Ping timeout: 60 seconds)
[14:32:42] *** Quits: Henkie94 (Henkie94@hammetjus.nl) (Ping timeout: 63 seconds)
[14:33:24] *** Joins: Henkie94 (Henkie94@hammetjus.nl)
[14:35:08] <zovty> Ja.
[14:35:18] <zovty> Dat is het altijd he.
[14:35:26] <zovty> Die stoners praten elkaar allmeaal maar na.
[14:38:04] *** Joins: Devrim (Dev@2001:41d0:2:d439:0:0:0:1)
[14:40:39] <zovty> !seen devrim
[14:40:39] <digibot> zovty: devrim was last seen in #fok 50w 3d 14h 59m 49s ago: <Devrim> tegenwoordig is alles met accu
[14:40:44] <zovty> Hoi devrim.
[14:40:56] <zovty> Zou je even een teken van leven willen geven.
[14:41:01] <zovty> We zijn bang dat je misschien bent overleden.
[14:43:53] <welly> mark zuckenberg heeft ook welles een pretsigaartje gesukt denk ik
[14:44:16] <welly> en steven jobs dan
[14:44:22] <welly> en kanye
[14:44:28] <welly> en lady gaga
[14:44:48] <Escovan> Drogreden 154: ¨<X bekend persoon>  gebruikte dus het is niet zo heel slecht.
[14:44:48] <welly> dus wiet gaat wel samen met iets prettigs
[14:45:41] <welly> ow jij moet zonodig dwarsliggen met je therapeutjesweetjes
[14:45:49] <Escovan> Amy Whinehouse en Kut Cobain gebruikten overigens ook.
[14:46:02] <zovty> Ik ook.
[14:46:39] <Escovan> Ik heb geen therapeut nodig om zelf na te kunnen denken.
[14:46:50] <welly> jewel
[14:48:44] <welly> Amy winehouse leeft nu in een gele onderzeer
[14:48:59] <welly> met haar vrienden 
[14:50:36] <zovty> Doen we allemaal toch.
[14:50:44] <zovty> We leven allemaal in een gele onderzeeer.
[14:51:45] * Escovan is now listening to: The Beatles - Yellow Submarine - Remastered 2015
[14:53:16] <welly> nou ik drink nog een glas smoedy maar hopen dat t niet slecht valt bij escovan want sommige celebrities drinken dat ook
[14:53:58] <welly> en hij heeft een hekel aan bekende mensen
[14:53:59] <Escovan> nou bestrijd je je eigen argument. Je kunt wel merken dat je door de war bent.
[14:54:09] <welly> in de war
[14:54:16] <welly> niet door de war
[14:56:01] <welly> jij hebt gewoon een taalbarrière
[14:56:39] <Escovan> Jij hebt gewoon al heel lang geen seks gehad.
[14:57:03] <welly> wat noem je heel lang
[14:58:57] <zovty> Is dit nou het IRC equivalent van een bummfight?
[15:01:41] <welly> hij loopt altijd te mekkeren dat wiet zo slecht is
[15:02:05] <Escovan> Misschien omdat ik weet waar ik het over heb? :P
[15:02:50] <welly> waar heb jij t nou over
[15:03:21] *** Joins: Jeroen (Jeroen@54188FF8.cm-5-1c.dynamic.ziggo.nl)
[15:16:45] <zovty> Jamaar jongens.
[15:16:49] <zovty> Doe gewoon eens lief naar elkaar.
[15:16:52] <zovty> Het is haske mooi weer.
[15:16:56] <zovty> Jullie hebbe nniks te doen.
[15:17:01] <zovty> En dan zitten jullie hier te bozen naar elkaar.
[15:20:40] *** Joins: Aprogas (aprogas@enki.aprogas.net)
[15:20:51] <welly> ik ben niet boos ik ben teleurgesteld
[15:20:57] <welly> hoi Aprogas
[15:22:06] <welly> welkom in de chatbox
[15:24:27] <Aprogas> hoi
[15:25:32] <Fiebel> ik ben er
[15:25:33] <Pandora> gezellig, Fiebel is er!
[15:26:18] <Escovan> AHHHHHHAAAAA!!!!
[15:26:21] <Escovan> !bier
[15:26:22] <digibot> Escovan: bier <an alias, 1 argument>
[15:26:33] <Escovan> !bier Escovan
[15:26:34] * digibot schenkt een koud biertje in voor Escovan
[15:50:01] * Fiebel heeft 4 drankjes voor zich stiaan
[15:57:54] *** Quits: TooL (x@ip172-92-210-87.adsl2.static.versatel.nl) (Ping timeout: 60 seconds)
[16:06:32] *** Joins: TooL (x@ip172-92-210-87.adsl2.static.versatel.nl)
[16:09:29] <rawplayer> hallo
[16:09:32] <rawplayer> ik ben er
[16:09:32] <Pandora> gezellig, rawplayer is er!
[16:09:39] <Fiebel> hallo
[16:09:41] <Fiebel> ik ben er
[16:09:41] <Pandora> gezellig, Fiebel is er!
[16:14:07] <welly> gezellig jullie zijn er
[16:14:24] <Fiebel> gezellig
[16:14:30] <welly> lkkr gezellig
[16:14:42] <Fiebel> is toch
[16:14:47] <welly> ja
[16:15:23] <welly> t is toch ook gewoon los van ons oordeel
[16:15:39] <Fiebel> niks is ooit los van oordeel
[16:15:46] <welly> een op zichzelfstaand fenomeen
[16:17:26] <welly> is toch zo
[16:24:13] *** Quits: WvdL (uid21241@id-21241.ealing.irccloud.com) (Exit)
[16:28:50] *** boekee_away is now known as boekee
[16:38:39] <Fiebel> och jonges
[16:38:46] <Fiebel> je zou het knapst poesje van Rotterdam zijn
[16:39:01] <Fiebel> is toch wat he
[16:39:03] <Fiebel> is toch wat
[16:43:36] <Fiebel> och jonge
[16:43:37] <Fiebel> s
[16:43:40] <Fiebel> nog 17 minuutjes
[16:43:43] <Fiebel> dan gaat de toeter
[16:45:10] <zovty> Hoi.
[16:45:15] <zovty> Ik ben thuis.
[16:45:19] <Fiebel> hallo zovty
[16:45:22] <Fiebel> waat heerlijk voor je
[16:45:25] <zovty> Ja.
[16:45:26] <Fiebel> hoe maakt bierbie het?
[16:45:32] <zovty> Ik heb alle boodschappen gedaan.
[16:45:37] <Fiebel> ALLE boodschappen?
[16:45:39] <zovty> Bierbie weet niet of ze nou wil stoeien, spelen of kroelen.
[16:45:45] <Fiebel> sook altijd zo lastig
[16:45:46] <zovty> Ja, voor iedereen.
[16:45:51] <Fiebel> igt ook allemaal zo dicht bij elkaar
[16:45:56] <zovty> Ja.
[16:46:00] <Fiebel> zeker voor zo'n pindabrien
[16:46:02] <Fiebel> brein
[16:46:06] <zovty> Klein pindabreintje.
[16:46:12] <zovty> Lekker pindabrein met zout.
[16:46:17] <Fiebel> smeksmeksmek
[16:46:21] <Fiebel> zout is het oude suiker he
[16:46:24] <Fiebel> dat is ook van de duivel
[16:46:26] <Fiebel> moet je ook mee oppassen
[16:46:34] <Fiebel> heb je bacon?
[16:47:58] <zovty> Ja.
[16:47:59] <zovty> Nouja.
[16:48:04] <zovty> Op beukenhout gerookt ontbijtspek.
[16:48:04] <Fiebel> kalokoenbacon?
[16:48:07] <Fiebel> kalkoen
[16:48:08] <Fiebel> hm
[16:48:09] <Fiebel> stoch anders
[16:48:15] <zovty> Ja, nee, ja.
[16:48:17] <zovty> Maar ook lekker.
[16:48:18] <Fiebel> nee ja nee
[16:48:30] <Fiebel> ik heb veel gedronken joh
[16:48:32] <Fiebel> tiefuskolere
[16:48:40] <zovty> Och kind toch.
[16:48:45] <zovty> Pas je er wel mee op?
[16:48:53] <zovty> Teveel drinken is ook niet goed hoor.
[16:48:53] <Fiebel> ik zwel op
[16:48:54] <Fiebel> als die ene
[16:48:57] <Fiebel> van die film
[16:49:03] <zovty> Violet.
[16:49:03] <Fiebel> met die kleine oranje mannetjes
[16:49:06] <zovty> Violet Barneby.
[16:49:11] <Fiebel> ja
[16:49:12] <Fiebel> booregaard
[16:49:15] <zovty> Die ja.
[16:49:17] <zovty> Beauregard.
[16:49:29] <Fiebel> en ik had geslapen
[16:49:33] <zovty> Zozo.
[16:49:33] <Fiebel> en nu moet ik even rusten
[16:49:37] <Fiebel> om daar weer van bij te komen
[16:49:47] <Fiebel> van al dat geslaap en al dat gedrnk
[16:49:48] <zovty> Ja, nee, ik snap het.
[16:49:49] <Fiebel> gedrink
[16:49:50] <zovty> Vanzzelfsprekend.
[16:50:05] <Fiebel> en ik had ook een puistje uitgeknepen
[16:50:07] <zovty> Ik ga zo een saucijzenbroodje en kipsaterboodje in de oven doen.
[16:50:08] <Fiebel> PATS!
[16:50:10] <zovty> Maar zovty! MAAR ZOVTY!
[16:50:13] <Fiebel> o lekker paleo
[16:50:13] <zovty> dat is toch niet paleo?
[16:50:16] <zovty> Nee, klopt.
[16:50:18] <zovty> En nu?
[16:50:22] <Fiebel> paddapoef
[16:50:23] <Fiebel> }:{
[16:50:25] <zovty> Ahjoh.
[16:50:31] <zovty> Vandaag mag ik zondigen.
[16:50:37] <zovty> Straks ook friet met frisdrank.
[16:50:39] <Fiebel> je mag altijd zondigen
[16:50:42] <zovty> jajoh.
[16:50:46] <zovty> God let toch niet op mij.
[16:50:58] <Fiebel> blijf je toch gewoon lekker een omega
[16:51:11] <zovty> Ik heb wel omega 3 eieren.
[16:51:16] <Fiebel> och heerlijk
[16:51:18] <zovty> Mar waarom ik dat nou eigenlijk doe.
[16:51:19] <Fiebel> ooooooooooch heerlijk
[16:51:22] <zovty> het zijn best lekkere eitjes.
[16:51:23] <Fiebel> smeksmeksmeksmek
[16:51:28] <Fiebel> lekker eierpoeppies
[16:51:34] <Fiebel> patjoeeeeeeeeeeeeeeeeeeeeeeeeeeeeeeeeeeeeeeeeeeeeeeeeeeeeeeeeeeeeeeeeeeeeeeeh
[16:52:08] <Fiebel> jongesjonge
[16:52:11] <Fiebel> wat heb IK veel gedronken
[16:52:14] <Fiebel> keiVEEL
[16:52:26] <zovty> Is geod hoor.
[16:52:31] <zovty> Goed drinken is zo belangrijk.
[16:52:32] <Fiebel> ja
[16:52:37] <Fiebel> end an heb ik het maar gehad he
[16:52:40] <zovty> Water is de smeerolie van je machine.
[16:52:45] <Fiebel> kan ik voor het slapen gaan nog lekker goed plassen
[16:52:49] <Fiebel> plasseplasseplasse
[16:53:00] <Fiebel> is mijn hele masjientje weer lekker goed gesmeerd
[16:53:00] <zovty> Och heerlijk.
[16:53:09] <zovty> En dan 's nachts nog een keertje.
[16:53:17] <zovty> Das het lekkerste he.
[16:53:20] <Fiebel> en nog een keertje
[16:53:23] <Fiebel> en nog een keertje
[16:53:25] <zovty> Nee, niet overdrijven.
[16:53:26] <Fiebel> en nog een keertj
[16:53:26] <zovty> Ik blijf niet lopen.
[16:53:29] <Fiebel> ik wel
[16:53:32] <zovty> Ok.
[16:53:32] <Fiebel> ik loop mj een ongeluk
[16:53:36] <Fiebel> maar is maar 4 pasjes ofzo
[16:53:40] <zovty> Ik heb nou zo'n slaapapp.
[16:53:43] <zovty> Of eigenlijk een wek app.
[16:53:44] <Fiebel> lekker!
[16:53:47] <Fiebel> slaappap :9
[16:53:52] <Fiebel> ik heb poepthee!
[16:53:55] <zovty> Maar ze zouden ook een optie in moeten bouwen voor een middennachtplasje.
[16:54:02] <zovty> Dat hij je even op het juiste moment wakker maakt voor een plas.
[16:54:07] <Fiebel> bel ze maar even
[16:54:09] <zovty> Werkt het al?
[16:54:11] <zovty> Ja, ik heb ze al gemaild.
[16:54:13] <Fiebel> maar ik word altijd op het juiste moment wakker
[16:54:17] <Fiebel> preceis als ik moet plassen
[16:54:21] <zovty> Ja, nee. Ja.
[16:54:25] <Fiebel> nee ja nee
[16:54:26] <zovty> Ik wordt altijd net te laat wakker.
[16:54:30] <Fiebel> :|
[16:54:31] <zovty> Als ik al kankerhard moet plassen.
[16:54:39] <Fiebel> platte praat
[16:54:45] <Fiebel> je praat is platter dan je kont
[16:54:47] <Fiebel> :|
[16:54:52] <zovty> Nouwwww.
[16:55:05] <Fiebel> ihihhhihii
[16:55:20] <zovty> tis echt een beetje griezelig.
[16:55:24] <zovty> Ik denk dat ik formeel ondervoed ben.
[16:55:33] <Fiebel> hm
[16:55:34] <Fiebel> hm
[16:55:43] <Fiebel> misschien moet je jezelf dan beter voeden
[16:55:50] <Fiebel> zwelt je buikje al op?
[16:55:54] <Fiebel> en heb je al vliegjes op je oog?
[16:56:08] <zovty> Nee.
[16:56:15] <Fiebel> oekoekoekoekoekoek
[16:56:17] <zovty> Ik zat gisteren nog wel even door oude fotos te swipen.
[16:56:23] <zovty> Ik had me ooit toch een vette kop en pens jonge.
[16:56:25] <zovty> En tetten.
[16:56:27] <Fiebel> moest je daar bij huilen?
[16:56:30] <Fiebel> tetten ja?
[16:56:30] <zovty> Ff fapje gedaan op me eigen tetjes.
[16:56:43] <Fiebel> zat je toen ook vaak aan je eigen tetjes?
[16:56:47] <Fiebel> zo van BOEPBOEP
[16:56:54] <zovty> Nee.
[16:56:56] <zovty> Maar wel aan me tepeltjes.
[16:57:05] <Fiebel> SKWIEKSKWIEK
[16:57:08] <Fiebel> mijn tepeltjs
[16:57:09] *** Joins: Fem_LittleLady (Mibbit@a82-161-112-138.adsl.xs4all.nl)
[16:57:13] <Fiebel> hallo fem
[16:57:13] <zovty> Plienkplienk.
[16:57:14] <Fem_LittleLady> hoiii
[16:57:18] <zovty> Fe hem.
[16:57:18] <Fiebel> we spreken over de tepeltjes van zovty
[16:57:20] <zovty> Eh.
[16:57:21] <zovty> He fem.
[16:57:27] <Fem_LittleLady> Ga straks Tikka marsala maken
[16:57:33] <zovty> Och heerlijk.
[16:57:39] <zovty> Ik ga zo de bolero dansen.
[16:57:45] <Fem_LittleLady> ohw
[16:57:51] <Fiebel> ik blijf nog even rusten
[16:57:57] <Fiebel> lijkt me voor alle betrokken partijen beter
[16:58:16] <Fem_LittleLady> hahaha
[16:58:56] <Fem_LittleLady> heb nu van die amandeldrink
[16:59:03] <Fem_LittleLady> nou wat een rare zooi is dat
[16:59:29] <Fiebel> beter dan cola fem
[16:59:32] <Fiebel> beter dan cola!!
[17:00:07] <Fiebel> dat moet je maar denken
[17:00:12] <Fiebel> je zou ook lekker water kunnen drinken
[17:00:17] <Fem_LittleLady> Ja dat zeker, maar heb ook weer van die citroen siroop meegenomen, zelfs mijn vriend vind het lekker
[17:00:21] <Fiebel> maar daar moet je nog even naar toe groeien
[17:00:30] <Fem_LittleLady> Ik hou wel van dat beetje zuur
[17:01:33] <Fem_LittleLady> Vriendin van mij vond het ook lekker, zij heeft een speciaal dieet door maagverkleining en veel problemen ermee, maar dit mag zij ook
[17:01:43] <Fiebel> maar waarom zou je dat doen
[17:01:49] <Fiebel> warom zou je dat no toch doen
[17:01:56] <Fiebel> suikerzooi je lichaam in pompen
[17:01:59] <Boots> Citroen <3
[17:02:04] <Fiebel> ha bootsie
[17:02:04] <Fem_LittleLady> Zit er niet in
[17:02:12] <Boots> Ik heb gisteren citroenschijfjes door m'n avondeten gedaan
[17:02:39] <Boots> Was t alleen wel vergeten dus op gegeven moment zat ik schil te kauwen
[17:02:48] <Fiebel> yuck
[17:03:16] <Fem_LittleLady> er zit 3 kcal in per 100 ml verdunde drank
[17:03:34] <Fem_LittleLady> en daar neem ik nog weer de helft van want ik hou niet van overheersende limonade
[17:03:41] <Fiebel> o!!!!!!
[17:03:45] <Fiebel> ik ook niet!!!!!!!!!
[17:03:46] <Fiebel> OMG!!!!!!!!
[17:04:23] <Boots> Wat ist voor spul dan?
[17:04:25] <Boots> URL enzo
[17:04:30] <Fem_LittleLady> http://www.teisseire.be/nl/teisseire/de-wereld-van-siropen
[17:04:31] <digibot> Title: Teisseire (at www.teisseire.be)
[17:04:59] <Fiebel> had ik maar zin in eten
[17:05:04] <Fiebel> dan nam ik lekker wat te ete
[17:05:05] <Fem_LittleLady> en ik heb dan de Citroen Limoen 
[17:05:20] <Boots> Ik zie geen ingredienten
[17:06:11] <Fem_LittleLady> http://www.teisseire.be/nl/teisseire/product/citroen-stevia
[17:06:16] <Boots> Ik heb wel siroop uit concentraat met stevia
[17:06:33] <Boots> Is in feite nog steeds suiker, dat concentraat
[17:06:40] <Boots> Maar doe er zo weinig van in dus care
[17:06:57] <Boots> Ja sucralose mot ik niet
[17:06:58] <Fem_LittleLady> http://www.teisseire.be/nl/teisseire/product/limoen deze heb ik
[17:07:21] <Boots> Die van carvan cevitam heeft minder zooi
[17:07:35] <Boots> Mgoed
[17:07:35] <Boots> :D
[17:07:39] <Boots> w/e
[17:07:57] <Fem_LittleLady> nee die van mij is toch weer anders
[17:08:05] <Fem_LittleLady> ik heb een zilver kleurige fles
[17:08:11] <Fem_LittleLady> en daar staat op
[17:08:23] <Fem_LittleLady> geen kunstmatige smaakstoffen
[17:08:28] <Fem_LittleLady> zonder aspartaam
[17:08:38] <Fem_LittleLady> 0% suiker
[17:08:50] <Fem_LittleLady> )% calorieen
[17:08:52] <Fem_LittleLady> 0
[17:09:10] <Fem_LittleLady> staat ook geen stevia op
[17:10:35] <Boots> Maar wel andere zoetstoffen
[17:10:37] <Boots> :D
[17:10:50] <Boots> Of ist nieuw
[17:10:51] <Boots> maar godd
[17:10:57] <Boots> Nu heb ik dorst
[17:11:08] <Fem_LittleLady> weet niet, vind het wel erg lekker en val af
[17:11:17] <Boots> :)
[17:11:22] <Boots> Dat is voor mij geen zorg
[17:11:32] <Boots> Lekkers is wel fijn :9
[17:11:44] <Fem_LittleLady> Nou het is dit of cola
[17:12:00] <Fem_LittleLady> want die amandel drink is niet echt een succes
[17:12:40] <Fiebel> drink toch lekker water kind
[17:13:35] <Fem_LittleLady> nee bah
[17:14:46] <Boots> Nee amandeldrink is ook ranzig
[17:14:54] <Boots> Thee dan
[17:15:04] <Boots> Lol ik zag thee met maltodextrine
[17:15:05] <Boots> :D
[17:15:32] <Boots> Muntthee met stukjes citroen en sinaasappel 
[17:15:35] <Boots> Of juist koud
[17:15:37] <Boots> Lente enzo
[17:15:45] <Boots> Zomer enzo
[17:21:17] <Metalfrost> zonet een boek van krantenpapier binnengekregen
[17:21:36] <zovty> Hoi.
[17:21:39] <zovty> Ik ben er.
[17:21:41] <zovty> En ik heb een idee.
[17:21:51] <Metalfrost> oh wat voor idee
[17:22:04] <zovty> Hoe heet die site ook alweer dat je geld in kan leggen op een project te starten?
[17:22:28] <Metalfrost> kickstarter
[17:22:28] <zovty> Kickstarten.
[17:22:31] <zovty> Ja.
[17:22:35] <Metalfrost> ha ik was je voor
[17:23:15] <Metalfrost> verder is er nog zo´n microfund project waar je kleine bedrijfjes elders op de planeet kan financiëren
[17:23:23] <Metalfrost> financieren?
[17:23:26] <Metalfrost> kutwoord
[17:23:28] <Metalfrost> maar enfin
[17:23:43] <Metalfrost> kibila?
[17:23:44] <Metalfrost> kubota?
[17:23:48] <Metalfrost> nee wacht dat is een motormerk
[17:23:49] <zovty> Wat nou als we een site maken waar je artiesten kan boeken op die manier. Stel je wil Adele in HMH. Begin je een campagne om de benodigde kosten bij elkaar te halen, en als je dat hebt huur je HMH en boek je Adele.
[17:24:10] <Metalfrost> zal adele net maar kunnen dat weekend
[17:24:26] <zovty> Ja, nee, dat meot je wel ff afstemmen natuurlijk, ook met HMH.
[17:24:33] <Metalfrost> mijn mening aan dat idee, zovty, is als de titel van dit boek https://www.bol.com/nl/p/echt-episch-dit/9200000045296023/
[17:24:50] <zovty> Ok.
[17:26:23] <Boots> Nu heb ik zin jn siroop
[17:26:30] <Fiebel> ik heb zin in plassen
[17:26:35] <Fiebel> ik moet eigenlijk gewoon best nodig plassen
[17:26:37] <Boots> Doe eens dan
[17:26:45] *** Joins: Beer`_ (beer@5ED0808C.cm-7-1c.dynamic.ziggo.nl)
[17:26:47] <Boots> Nu bijv
[17:26:50] <Fiebel> minder dan 10 minuten
[17:26:54] <Fiebel> is mijn film afgelopen
[17:26:57] <Fiebel> dat moet wel lukken
[17:39:16] <Fiebel> grote plas zeg
[17:39:21] <Fiebel> straks loopt de maas nog over
[17:40:07] <nomadz> altijd van je af laten overlopen
[17:40:22] <Fiebel> dee ik
[17:40:23] <Fiebel> dee ik
[17:43:58] *** Quits: Henkie94 (Henkie94@hammetjus.nl) (Ping timeout: 66 seconds)
[17:44:56] *** Joins: Henkie94 (Henkie94@hammetjus.nl)
[17:46:23] <zovty> Och jongens. Lekker saucijzenbroodje.
[17:46:41] <zovty> Wat hebben we het toch goed he.
[17:46:44] <zovty> Zo op een vrijdagmiddag.
[17:46:47] <Fiebel> jij wel
[17:46:50] <zovty> Lekker saucijzenbroodje.
[17:46:53] <zovty> De boodschapjes in de koelkast.
[17:46:57] <zovty> De vaatwasser leeg.
[17:47:01] <zovty> De was draait.
[17:47:02] <Spacecowboy> zo
[17:47:04] <zovty> De poes spint.
[17:47:07] <zovty> Cowboy is er.
[17:47:08] <Spacecowboy> even lekker paar uurtjes in de zon gezeten
[17:47:10] <zovty> beter wordt het gewoon niet.
[17:47:14] <Spacecowboy> biertje dr bij
[17:47:19] <Fiebel> tenzij rawplayer er zou zijn
[17:47:31] <zovty> Dat zou echt de hemel op aarde zijn.
[17:47:41] <Spacecowboy> zo ff uit eten
[17:47:54] <zovty> Waddun leven.
[17:48:03] <Fiebel> waren wij maar jou
[17:48:17] <zovty> Als Hugh Hefner een keertje ziek is dan kan jij zijn plaats zo innemen denk ik.
[17:48:26] <zovty> Die leeft toch nog wel?
[17:48:52] <Spacecowboy> geen idee
[17:49:06] <zovty> Jahoor.
[17:49:09] <zovty> 89 issie.
[17:49:14] <Metalfrost> eten
[17:49:15] *** Quits: Metalfrost (Metalfrost@46.166.188.193) (Exit)
[17:49:20] <zovty> Smake.
[17:49:21] <zovty> lijk.
[17:51:11] <zovty> http://www.glassceiling.com/wp-content/uploads/Christie_Hefner.jpeg
[17:51:14] <zovty> Z'n dochter.
[17:51:19] <zovty> Ff fappen.
[17:51:24] <zovty> Kijken offie dat zo leuk vind!
[17:51:28] <Spacecowboy> lol
[17:53:48] <Fiebel> en?
[17:54:08] <Spacecowboy> zovty 
[17:54:11] <Spacecowboy> print die foto uit
[17:54:15] <Spacecowboy> en kom over dr gezicht
[17:54:19] <Spacecowboy> en dan opsturen naar hugh
[17:54:27] <Fiebel> to pull an yvonne
[17:54:39] <Spacecowboy> pull an yvonne?
[17:54:40] <Spacecowboy> nee
[17:54:43] <Spacecowboy> die term zegt me niks
[17:54:44] <Fem_LittleLady> https://scontent.xx.fbcdn.net/hphotos-xta1/v/t1.0-9/12932717_547027658817190_8222895166278437979_n.jpg?oh=fba328e3993bfdc1d9333db3eecbd9b5&oe=5786309B
[17:55:02] <Fem_LittleLady> hmmmm
[17:55:03] <zovty> Ja, hoe krijg ik dat ook fatsoenlijk opgestuurt? Lamineren?
[17:55:16] <Spacecowboy> ligt daar nou een volgespoten zakdoek Fem_LittleLady?
[17:55:27] <Fiebel> faplap
[17:55:35] <zovty> Tsatziki.
[17:55:38] <Fiebel> tiefus
[17:55:41] <Fiebel> wat een berg eten man
[17:55:49] <zovty> Ja, ik vind het ook best veel.
[17:55:50] <Spacecowboy> nou ja
[17:55:53] <Spacecowboy> dat valt ook wel weer mee
[17:55:56] <Fem_LittleLady> Ja dat eet ik elke dag
[17:56:04] <Spacecowboy> zo heel veel is het toch nit?
[17:56:07] <Fiebel> ik eet dat in een week
[17:56:10] <Spacecowboy> lol
[17:56:18] <zovty> Ik vind flinke borden hoor.
[17:56:32] <Fem_LittleLady> valt wel mee
[17:56:46] <zovty> Als het lekker is gaat het er wel in.
[17:57:08] <Fem_LittleLady> Moet wel zeggen, als we gaan stappen heb ik het na 2 drankjes wel gehad
[17:57:23] <Fem_LittleLady> maar als we uit eten gaan dan wordt het prijzig
[17:57:33] <zovty> Let je op player...
[17:57:44] <zovty> Onthouden he.
[17:58:01] <Fem_LittleLady> hahaha
[17:58:23] <Fem_LittleLady> Ben dol op eten, ik ben ook een morbide obesitas patien in een lichaam van 58 kilo
[17:58:36] <zovty> :)
[17:59:02] <zovty> Ik heb ook een babyface achter m'n baard.
[17:59:08] <Fiebel> elnee
[17:59:10] <Fiebel> welnee
[17:59:13] <Fem_LittleLady> weet je en dan durven mensen soms ook nog te vragen, eet je wel genoeg
[17:59:14] <zovty> Nee.
[18:00:29] <zovty> Nou, je eet genoeg zo tezien.
[18:00:31] <zovty> En smakelijk.
[18:01:01] <Fem_LittleLady> Ja laatst Kip tabouleh, vriendin ook opgeschept die keek me al aan van, he eet je dat allemaal op, oohh moet ik dat allemaal opeten
[18:01:27] <zovty> Oh, dus we zijn niet de enigen.
[18:01:29] <Fem_LittleLady> nou ze kwam net tot de helft, ik stamp gewoon door
[18:01:37] <zovty> Lekker douwen.
[18:01:39] <Fem_LittleLady> Mijn vriend eet ook behoorlijk wat
[18:01:49] <Fem_LittleLady> Dus is altijd leuk koken dan
[18:01:54] <zovty> Ja, dat zal wel. Die eet natuurlijk vaak in de kazerne.
[18:02:12] <Fem_LittleLady> Keer scaloppa gemaakt, kilo kip erin, aardappeltjes erbij salade erbij en was niets over
[18:02:20] <zovty> Hophop.
[18:02:33] <Fiebel> overdaad schaadt!
[18:02:34] <Fiebel> zeg ik altijd maar
[18:02:36] <Fiebel> niet waar hoor
[18:02:39] <zovty> Maar is wel fijn ja als het allemaal lekker op gaat :)
[18:02:41] <Fiebel> zeg ik eigenlijk bijna nooit
[18:02:43] <Fiebel> een enkele keer
[18:02:50] <zovty> Ik heb het je wel ene paar keer horen zeggen.
[18:02:54] <zovty> Meer dan een enkele keer.
[18:02:56] <Fiebel> ja
[18:02:56] <zovty> Maar zeker niet vaak.
[18:03:00] <Fem_LittleLady> Nou snoep bijna niet he
[18:03:02] <Fiebel> maar dat was ook al 100 jaar geleden
[18:03:11] <zovty> Snoep is geen eten.
[18:03:17] <Fiebel> poep is ook eten
[18:03:22] <zovty> Zij mijn oma altijd.
[18:03:23] <zovty> Snoep is geen eten.
[18:03:24] <Fiebel> zei
[18:03:26] <zovty> En dat was ook zo.
[18:03:27] <Fem_LittleLady> Dus in de ochtend schaaltje muesli, tussen de middag broodje en dan in de avond heel bord vol
[18:03:30] <zovty> Ja, deed zij.
[18:03:49] <Fiebel> ik heb ook al in geen tijden gesnoepd
[18:03:53] <Fiebel> ik heb iet eens een paasei op
[18:03:57] <zovty> Ik ook niet.
[18:04:02] <Fiebel> niet eens 1!!!!!!!
[18:04:05] <Fiebel> 0 paaseis had ik
[18:04:19] <Fem_LittleLady> Nou vroeger snoepte ik heel veel, liep eigenlijk de hele dag met een zak chips onder de arm
[18:04:20] <Fiebel> en dan zeggen ze dat nederland geen armoe kent...
[18:04:22] <zovty> Maar wel bijna een kilo jelly beans sinds mijn verjaardag.
[18:04:26] *** Quits: coreblink (coreblink@145.132.131.160) (Ping timeout: 67 seconds)
[18:04:29] <Fiebel> veel jellybeans
[18:04:33] <zovty> Ja eel he.
[18:04:34] <Spacecowboy> burp
[18:04:35] <zovty> veel.
[18:04:38] <Spacecowboy> casave op
[18:04:39] <zovty> Hore core.
[18:04:40] <Fiebel> welke sluipmoordenaar heeft je dat cadeau gegeven?
[18:04:42] <Fiebel> och heerlijk
[18:04:47] <Fiebel> casave :9
[18:04:48] <Spacecowboy> ik ga dr vandoor
[18:04:49] <Spacecowboy> houdoe
[18:04:50] <Fiebel> met pindasaus?
[18:04:52] <Fiebel> houdoei
[18:05:09] <zovty> Mijn broer wou niks geven want hij had al een keer iets betaald voor. Maar hij moest van z'n vrouw toch iets geven.
[18:05:17] <Fiebel> :')
[18:05:18] <Fem_LittleLady> toen ik naar mbo ging was er meisje die zei, jij gaat heel dik worden aan eind van de 3 jaar, wogen bijna hetzelfde allemaal rond de 58 kilo, na 3 jaar woog ik met mijn zak chips en snoepgoed nog 58 kilo en zij 80 met haar rare crackers
[18:05:42] <Fiebel> vind je het gek dat je tietjes krijgt
[18:05:50] <zovty> Ik?
[18:05:54] <Fiebel> ja
[18:05:59] <zovty> Ik krijg geen tietjes.
[18:06:02] <Fiebel> nee
[18:06:02] <Fem_LittleLady> menboobie's
[18:06:02] <zovty> Die zijn wel weer weg.
[18:06:03] <Fiebel> is ook
[18:06:04] <Fiebel> is ook zo
[18:06:08] <Fiebel> maar toch
[18:06:15] <zovty> Nee, niks te maar toch.
[18:06:20] <zovty> Er is niks te maren of tochen.
[18:06:31] <Fiebel> hou toch maar je snep
[18:06:35] <Fiebel> met je gesnepper
[18:06:37] <Fiebel> en je tietes
[18:06:39] <zovty> :|
[18:06:41] <Fiebel> :|
[18:06:45] <Fem_LittleLady> Ach beetje snoepen kan geen kwaad
[18:06:51] <zovty> Nou.
[18:06:59] <zovty> Je gaat nog wel terugkomen van die gedachte.
[18:07:06] <zovty> Geef m nog een maandje.
[18:07:06] <Fem_LittleLady> Hoezo
[18:07:07] <Fiebel> suiker is van de duivel
[18:07:21] <zovty> Player indoctrineerd je helemaal.
[18:07:23] <Fem_LittleLady> Suiker komt van de suikerbiet
[18:07:25] *** Joins: coreblink (coreblink@145.132.131.160)
[18:07:28] <zovty> Net zoals hij ons allemaal te grazen heeft genomen.
[18:07:34] <Fem_LittleLady> Nee dat doet hij niet
[18:07:41] <zovty> O.
[18:07:55] <Fiebel> och jonges
[18:07:59] <Fiebel> ik had een puistje uitgeknepen
[18:08:03] <zovty> Jaja.
[18:08:03] <Fiebel> daar kwam een prut uit!
[18:08:04] <Fiebel> een prut!
[18:08:08] <zovty> Jaaa jaaaa.
[18:08:09] <Fiebel> ik had er een ei mee kunnen vullen
[18:08:10] <Fiebel> :9~
[18:08:17] <zovty> Lekker gevuld chocoladeeitje.
[18:08:18] <Fem_LittleLady> Nee ben blij met mezelf zoals ik ben, als een ander je probeert te veranderen is hij/zij het niet waard om bij je te zijn
[18:08:26] <Fiebel> het was eigenlijk meer een puist dan een puistje
[18:08:29] <zovty> Die kan zo op een tegeltje.
[18:08:34] <Fiebel> en het was eigenlijk meer een alienprobe dan een puist
[18:08:39] <zovty> Ook al.
[18:08:45] <Fiebel> o ik ben totaal niet blij met mezelf zoals ik ben
[18:08:45] <zovty> iedereen heb maar alienprobes tegenwoordig.
[18:08:53] <Fem_LittleLady> Ik wel
[18:08:54] *** Quits: TooL (x@ip172-92-210-87.adsl2.static.versatel.nl) (Ping timeout: 61 seconds)
[18:08:54] <Fiebel> als ik veel geld had liet ik mij van top tot teen restaurrerereren
[18:09:00] <Fiebel> en dan kocht ik ook een ander karakter
[18:09:04] <Fiebel> eigenlijk kan ik beter dood gaan
[18:09:09] <Fiebel> en een ander mijn plaats in laten nemen
[18:09:19] <zovty> mag ik dan pep?
[18:09:28] <Fem_LittleLady> Oh als ik veel geld had, wou ik wel siliconen
[18:09:29] <Fiebel> ja ik zou pep wel aan jou toevertrouwen
[18:09:35] <Fem_LittleLady> dan zou ik gaan voor een cupje meer
[18:09:35] <zovty> Ok.
[18:09:38] <Fiebel> maar dan moet je niet altijd bierbie voortrekken als ze fittie hebben
[18:09:44] <Fiebel> dat moet je beloven
[18:09:47] <zovty> Nee, ja.
[18:09:55] <zovty> Dat kan ik wel beloven.
[18:10:00] <Fiebel> mooi
[18:10:06] <Fiebel> zal ik dr alvast brengen?
[18:10:08] <zovty> Ja is goed.
[18:10:10] <Fiebel> dan is het maar vast rond
[18:10:12] <zovty> Wel brokken enzo meenemen he.
[18:10:13] <Fiebel> ihihihihiihiiiiiihhi nee
[18:10:16] <Fiebel> ik ben zo verliefd op haar
[18:10:21] <Fiebel> ze is zo doddig
[18:10:23] <zovty> Och och.
[18:10:26] <Fiebel> ze wordt ook steeds doddiger
[18:10:31] <Fiebel> dan kan ik haar wel pulveren
[18:10:35] <zovty> SPLUT!
[18:10:38] <Fiebel> wil ze niet
[18:10:41] <Fiebel> maar zou ik wel kunnen
[18:10:44] <zovty> Als een puistje zo lekker uitknijpen.
[18:11:06] <Fiebel> nEEEEEEEEEEEEEEEEEEEEEE IIIIIIIIIIIIIIIIRRRRRRRRRRRRRRRLLLLL NIeTTEPUISJEEEEEEEEEEEEEEEEEE
[18:11:08] <Fiebel> zeg ze dan
[18:11:17] <zovty> Doddig hoor.
[18:11:32] * Escovan kijkt nog steeds ¨The returned¨ 
[18:11:33] <Fiebel> en dan rent ze keihard weg
[18:11:36] <Escovan> Aanradertje Fiebel 
[18:11:41] <Fiebel> en komt ze een secondje later en zegt ze PWRIEEE
[18:11:42] <Escovan> Drama en spooky
[18:11:46] <Fiebel> ja ik durf niet zo goed te downloaden meer
[18:11:54] <Fiebel> ik snap dat allemaal niet met vpn enzo
[18:11:55] <Escovan> gewoon netflix nemen
[18:12:00] <Fiebel> alleen paar serietjes
[18:12:06] <Fiebel> is ook complet random :')
[18:12:09] <Fiebel> maar whatever
[18:12:09] <Escovan> netflix is groot hoor
[18:12:16] <Fiebel> ik vond netflix niks
[18:12:23] <Fiebel> ik hoop nog steeds dat ik ooit iemands inlog krijg
[18:12:45] <zovty> Kan wel.
[18:12:51] <Escovan> hoor je dat zovty - als fiebel jarig is wil ze een netflix prepaid card
[18:12:54] <Fiebel> lekker delen
[18:13:03] <Fiebel> och even lekker ontluchten
[18:13:05] <Fiebel> hhhhhhhhhhhhhhhheerlijk
[18:13:07] <Fiebel> het is geen poepen
[18:13:15] <Fiebel> maar het zorgt toch voor een iets minder opgeblazen gevoel he
[18:13:29] <zovty> Yup yup.
[18:14:15] <Fiebel> ochjonges
[18:14:20] <Fiebel> mn paket is onderweg *O*
[18:14:28] <Fiebel> krijgt mn kleine ouwe moedertje weer een rolberoertje
[18:14:29] <Fiebel> gihghigghih
[18:14:59] <zovty> How so?
[18:15:04] <Fiebel> kompdaar
[18:15:15] <Fiebel> ik mag op eigen adres niks op krediet bestellen :')
[18:15:20] <Fiebel> PROBLEEMWIJKENJONGUUUUUUH
[18:15:28] <zovty> Oh.
[18:15:34] <Fiebel> en is sowieso handiger omdat zij wel de deur open doen als ze niemand verwachten
[18:15:36] <Fiebel> gihgghihighihig
[18:15:37] <zovty> Zo'n pakket.
[18:15:39] <Fiebel> ja
[18:15:39] <zovty> Verwarrend hoor.
[18:15:40] <Fiebel> gghighhigigh
[18:15:41] <Fiebel> ja
[18:15:42] <Fiebel> snap ik wel
[18:15:45] <Fiebel> snap ik goed
[18:16:40] <zovty> Ja.
[18:16:47] <zovty> Dat is toch ook wat he.
[18:16:59] <zovty> Wie doet hier de deur open als je niemand verwacht?
[18:17:02] * zovty niet.
[18:17:51] <Fiebel> supergevaarlak
[18:18:54] <Fem_LittleLady> pfff ben helemaal duf van het eten
[18:19:00] <Fiebel> ja gek he
[18:19:20] <Fem_LittleLady> maar was grandioos lekker
[18:19:30] <Fem_LittleLady> straks tukje doen
[18:19:43] <zovty> SUGAH!
[18:19:54] <Fem_LittleLady> effe languit kwijlend op de bank
[18:20:01] <zovty> Och heerlijk.
[18:20:06] <zovty> Lekker herkauwen.
[18:20:14] <Fem_LittleLady> das zo fijn he
[18:20:15] <Boots> hehehe
[18:20:38] <Boots> Mijn (voormalige) buren wilden geen pakketjes meer voor mij aannemen
[18:20:45] <Fem_LittleLady> oh
[18:20:47] <Boots> Ik was er zo blij mee :D
[18:21:00] <Boots> Doe maar bij postkantoor haal ik zelf wel op meurt het niet naar rook
[18:21:05] <Boots> En hoef ik geen gesprekken aan te gaan
[18:23:17] <Fiebel> lekker klessebesse
[18:27:05] <zovty> Hebben jullie de tesla3 aankondiging gezien?
[18:30:15] <Fiebel> nee
[18:30:42] <zovty> https://vimeo.com/161138986
[18:30:43] <digibot> Title: Tesla Unveils Model 3 on Vimeo (at vimeo.com)
[18:31:04] <Fiebel> o ik hoef ook niet te zien hoor
[18:31:07] <Fiebel> maar bedankt!
[18:31:09] <Fiebel> voor de service
[18:31:12] <zovty> Ik zeg toch ook niet dat je moet kijken ofzo?
[18:31:18] <Fiebel> :|
[18:31:39] <zovty> :|
[18:32:35] <Fiebel> ik ben zo moe
[18:32:39] <Fiebel> zo verschrikkelijk moe
[18:32:45] <zovty> Och kindje toch
[18:32:47] <Fiebel> misschien moet ik maar weer een dutje doen
[18:32:47] <Fiebel> ja
[18:32:51] <Fiebel> heel erg och kindje toch
[18:32:52] <zovty> Jajoh.
[18:32:55] <zovty> gewoon dutje doen.
[18:32:58] <zovty> Lekker kwijlen op de bank.
[18:33:07] <Fiebel> smaksmeksmak
[18:37:44] *** Joins: crow (chatzilla@D97B3212.cm-3-4a.dynamic.ziggo.nl)
[18:37:46] <Fem_LittleLady> ja is zo lekker he
[18:38:09] <Fem_LittleLady> gewoon languit liggen, kussen onder het hoofd en dan gewoon lekker slapen en kwijlen
[18:38:27] *** Quits: Fem_LittleLady (Mibbit@a82-161-112-138.adsl.xs4all.nl) (Exit)
[18:38:53] <Fiebel> daad bij het woor
[18:38:54] <Fiebel> d
[18:39:11] <zovty> Gvd.
[18:39:27] <zovty> Mijn favo porno site doet een 1 april grapje.
[18:39:30] <zovty> Site opsekop.
[18:39:36] <Fiebel> cornhub
[18:39:49] <zovty> Oh lekker corn on the hub.
[18:41:22] *** Joins: Fem_LittleLady (Mibbit@a82-161-112-138.adsl.xs4all.nl)
[18:41:28] <Fiebel> wb fem
[18:41:34] <Fem_LittleLady> ja 
[18:41:46] <Fem_LittleLady> :D
[18:42:59] *** Quits: crow (chatzilla@D97B3212.cm-3-4a.dynamic.ziggo.nl) (Connection reset by peer)
[18:43:21] *** Joins: crow (chatzilla@D97B3212.cm-3-4a.dynamic.ziggo.nl)
[18:51:38] *** Joins: Michelp2 (Mibbit@5ED4110B.cm-7-5a.dynamic.ziggo.nl)
[18:59:18] <Fem_LittleLady> :)
[18:59:54] <Fiebel> ochochoch
[19:01:21] <Fiebel> kleine peppie is zo mijn kleine poezrvriendinnetje
[19:01:26] <Fiebel> en ze stinkt zo uit dr bek
[19:01:28] <Fiebel> O+
[19:02:58] <Fem_LittleLady> Och wat geef je haar te eten
[19:03:08] <Fiebel> sanabelle
[19:03:33] <Fem_LittleLady> Oke, ik geef kvv aan de katten
[19:03:43] <Fiebel> ja weet ik
[19:04:21] <Fem_LittleLady> Laatst brokjes snel gegeven, snel snel snel moesten immers naar ziekenhuis
[19:04:38] <Fem_LittleLady> whoooaaaa die kattenbak stonk wel weer aardig pikant
[19:04:46] <Fiebel> :|
[19:05:09] <Fem_LittleLady> ze zijn nu lekker buiten aan het spelen
[19:15:04] <Fem_LittleLady> zo even wat voor vriendje geregeld
[19:26:31] *** Quits: Michelp2 (Mibbit@5ED4110B.cm-7-5a.dynamic.ziggo.nl) (Exit)
[19:32:00] *** crow is now known as foodd
[19:50:44] *** Joins: Lott (Lott@101-168-158-163.dynamic.caiway.nl)
[19:51:19] *** Joins: SCHAPiE (dorian@dhcp-077-249-247-124.chello.nl)
[19:54:44] <Fem_LittleLady> hoi
[19:59:13] *** foodd is now known as crow
[19:59:54] *** Quits: Fem_LittleLady (Mibbit@a82-161-112-138.adsl.xs4all.nl) (Exit)
[20:07:33] <Fiebel> ochjonges
[20:07:36] <Fiebel> plasseplasseplasse
[20:07:43] <Fiebel> plasseofmelevedrvanafhangt
[20:07:53] <zovty> je lever misschien.
[20:08:06] <Fiebel> welnneee
[20:08:16] <Fiebel> pep zegt hallo
[20:08:21] <Fiebel> en pwrie
[20:08:27] <zovty> Hallo pep.
[20:08:34] <Fiebel> 'lomneer
[20:08:41] <crow> miueww terug ofzo enne knipoog 
[20:08:56] <Fiebel> 'lomneer
[20:09:08] <zovty> Wa een voorbeeldig bistje.
[20:09:14] <Fiebel> is
[20:09:16] <Fiebel> is ook
[20:09:39] <zovty> Wat was de beste 1 april grap tot nu toe?
[20:09:46] <Fiebel> k kwam zo uit bed
[20:09:47] <Fiebel> pep zo van
[20:09:48] <Fiebel> EEJ!!
[20:09:51] <Fiebel> VETER LOS!!!!
[20:09:55] <Fiebel> die vonk wel lek
[20:09:56] <Fiebel> leuk
[20:10:08] <zovty> Die was wel sterk.
[20:10:20] <Fiebel> me had nie eens schoenen aan
[20:10:38] <zovty> Oh, slaap je tegenwoordig zonder schoenen?
[20:10:43] <Fiebel> me kan nie eens /me doen
[20:10:45] <Fiebel> ja
[20:10:49] <Fiebel> stoch beter hoor
[20:10:54] <zovty> Oh, life of pablo is op iTunes.
[20:11:00] <Fiebel> lama
[20:11:29] <zovty> Lama?
[20:11:34] <SCHAPiE> Alpaca
[20:11:53] <crow> schaap
[20:12:25] <zovty> Kraai.
[20:12:33] <Fiebel> gekko
[20:12:41] <rawplayer> hallo
[20:12:44] <Fiebel> hallo
[20:12:46] <rawplayer> ik ben er
[20:12:46] <Pandora> gezellig, rawplayer is er!
[20:12:48] <Fiebel> ik ben er
[20:12:48] <Pandora> gezellig, Fiebel is er!
[20:12:51] <zovty> Ik ben er ook.
[20:12:54] <zovty> :|
[20:12:55] <Fiebel> pep zit lekker op de bedrand
[20:12:55] <zovty> Lauw.
[20:12:58] <rawplayer> vind ik ook
[20:13:01] <Fiebel> een schilderijtje te bekijken
[20:13:03] <rawplayer> duimlje omhoog
[20:14:19] *** Joins: LuNaTiC (blaat@5468D119.cm-12-1d.dynamic.ziggo.nl)
[20:15:01] *** LuNaTiC is now known as LuNaTiC|HJ
[20:15:25] <SCHAPiE> gezelly
[20:20:30] <LuNaTiC|HJ> nou he!
[20:21:21] <Boots> ik ben er
[20:21:21] <Pandora> gezellig, Boots is er!
[20:21:48] <LuNaTiC|HJ> PARTY HARDY
[20:37:59] <LuNaTiC|HJ> of niet
[20:38:01] <LuNaTiC|HJ> natuurlik
[20:39:16] *** Joins: Metalfrost (Metalfrost@46.166.186.216)
[20:42:13] <rawplayer> hallo ijsje
[20:42:32] <Metalfrost> zovtijse
[20:42:38] <Metalfrost> dag heer zachtheid
[20:42:43] <Metalfrost> rawplayer meneer
[20:42:47] <rawplayer> hallof
[20:42:50] <rawplayer> hallo mf
[20:43:10] <Metalfrost> iemand anders nog ?
[20:43:14] <Metalfrost> of was dat het
[20:43:33] <rawplayer> kweet niet
[20:43:36] <rawplayer> ikga douchen
[20:44:18] <Metalfrost> ok
[20:49:05] <Fiebel> ik ben er
[20:49:05] <Pandora> gezellig, Fiebel is er!
[20:49:07] <Fiebel> ja
[20:49:11] <Fiebel> hallo metal
[20:53:52] <Metalfrost> he fiebs
[20:54:11] <Metalfrost> ik ben vaag in de harses
[20:54:15] <Metalfrost> beetje duizelig en zo
[20:54:23] <Metalfrost> beetje onzin uitkramen
[20:54:25] <Metalfrost> de moeder
[20:54:31] <Metalfrost> zie
[20:54:34] <Metalfrost> weer zo´n uitspatting
[20:54:36] <Metalfrost> goodver
[20:58:11] <Metalfrost> ik kan de oorzaak niet plaatsen.
[20:58:15] <Metalfrost> ik ga serie kijken, tot later
[20:58:18] *** Quits: Metalfrost (Metalfrost@46.166.186.216) (Exit)
[21:01:22] *** Quits: Lott (Lott@101-168-158-163.dynamic.caiway.nl) (Ping timeout: 61 seconds)
[21:04:05] <Fiebel> :|
[21:04:59] <crow> kee
[21:10:38] *** tozzert is now known as tozzbier
[21:13:10] *** Joins: Chasingrainbows (Mibbit@5ED28F9E.cm-7-3c.dynamic.ziggo.nl)
[21:13:20] *** Joins: wirky (werken@ip503c7f23.speed.planet.nl)
[21:13:43] <Chasingrainbows> Gezellig hier
[21:15:54] *** Joins: Lott (Lott@101-168-158-163.dynamic.caiway.nl)
[21:20:43] *** Quits: Chasingrainbows (Mibbit@5ED28F9E.cm-7-3c.dynamic.ziggo.nl) (Exit)
[21:22:24] *** Quits: crow (chatzilla@D97B3212.cm-3-4a.dynamic.ziggo.nl) (Ping timeout: 67 seconds)
[21:27:59] <Fiebel> ochoch
[21:28:05] <Fiebel> wannemientjeongeduld ook he
[21:28:31] <rawplayer> hallo
[21:28:32] <rawplayer> ik ben er
[21:28:33] <Pandora> gezellig, rawplayer is er!
[21:28:52] <Fiebel> ik ben er
[21:28:52] <Pandora> gezellig, Fiebel is er!
[21:29:30] *** Joins: Guyver2 (Guyver2@guyver2.xs4all.nl)
[21:35:38] <rawplayer> mgiggihghig
[21:54:10] <Lott> 1 maand op mijzelf en ik wil n vaatwasser:')
[21:54:34] <Fiebel> ja hehe
[21:55:56] *** Joins: chasingrainbows (Mibbit@5ED28F9E.cm-7-3c.dynamic.ziggo.nl)
[21:56:09] *** Joins: Metalfrost (Metalfrost@46.166.186.216)
[22:04:16] *** Quits: chasingrainbows (Mibbit@5ED28F9E.cm-7-3c.dynamic.ziggo.nl) (Exit)
[22:06:51] <rawplayer> hallo zovty 
[22:06:54] <rawplayer> ben je weg?
[22:07:07] <Fiebel> nou
[22:07:10] <Fiebel> hij vertelde 
[22:07:18] <Redhead> eloha , zo food whopwhop
[22:07:19] <Fiebel> dat zijn favo pornosite vandaag alles opdekop had
[22:07:22] <Fiebel> en sindsdien is hij stil
[22:07:24] <Fiebel> rrrrrrrrrrrrrrrrrrrrrreddie
[22:07:26] <Fiebel> :***
[22:07:28] <Fiebel> wat heb je?
[22:07:32] <Redhead> !seen opdekop
[22:07:33] <digibot> Redhead: opdekop was last seen in #fok 1y 43w 3d 23h 5m 30s ago: <Opdekop> jetzt geht loss
[22:07:39] <Redhead> !seen opdemob
[22:07:40] <digibot> Redhead: opdemob was last seen in #fok 1y 8w 1d 21h 47m 20s ago: <Opdemob> Jaa
[22:08:05] <Redhead> eer[pels , kip met nomsausje van gro3entjes enzo en spercieboontjes in tomaat en knofi
[22:08:23] <Redhead> maar eerst n slokje thee en n stikkie
[22:08:28] <Redhead> :)
[22:09:14] <Fiebel> omnomnomnomnomnomnom
[22:09:19] <Fiebel> dat klinkt niet vervelend
[22:09:23] <Fiebel> de hele planning O+
[22:10:32] <Redhead> kip had ik nog in de vriezer klaar :)
[22:10:47] <Redhead> dat was toen idd n heel gekook ;)
[22:10:58] <Fiebel> smeksmeksmeksmek
[22:11:04] <Redhead> jejejeje
[22:17:19] <bReChThOu> Redhead :*
[22:17:21] <bReChThOu> fibbel
[22:18:07] <Redhead> ha bReChThOu :*
[22:18:16] * Redhead doet bReChThOu ook n hapje
[22:18:56] <Fiebel> breggie
[22:19:04] *** Quits: Lott (Lott@101-168-158-163.dynamic.caiway.nl) (Ping timeout: 61 seconds)
[22:19:07] <bReChThOu> nom
[22:42:13] *** Joins: rhod (rhod@86.85.193.196)
[23:02:06] <nomadz> ik was dus net bij Fortuna-jong Ajax
[23:02:17] <nomadz> ajax schoot in de laatste 2 minuten 2 goals
[23:02:18] <nomadz> lol
[23:02:28] <nomadz> ik moest echt mn lachen inhouden want iedereen was pissig
[23:03:15] <rawplayer> lol
[23:03:28] <rawplayer> lekker tokkie uithangen met nomadz 
[23:03:38] <nomadz> nee, ik was tokkies aan het opdweilen
[23:05:31] <Redhead> nomadzie :*
[23:05:40] <Redhead> held van de natie :)
[23:06:08] <nomadz> redhead :*
[23:06:25] <nomadz> deze held heeft zn vingers tussen de deur van de ambu gehad
[23:06:32] <Redhead> auwwwwwwwwwwwwwwwwwww
[23:06:39] <nomadz> pijnlijk en gekneusd blablabla maar dat maakt niet uit
[23:06:45] <Redhead> ik heb alleen n blaar van t hakken in de tuin ;)
[23:06:48] <nomadz> maar ik zou dus morgen naar de schietbaan met een hoop vrouwen :(
[23:07:09] <Redhead> naaaaaaaaaaah zie je , iets leuks en dat zon auw
[23:07:12] <Redhead> armejij
[23:07:14] <Redhead> knufffffffffffffffffffff
[23:07:53] <nomadz> prrrrrrrrrrrrrrrrrr
[23:14:33] *** Joins: Beer`__ (Beer@5ED0808C.cm-7-1c.dynamic.ziggo.nl)
[23:26:36] <Metalfrost> nn
[23:26:36] *** Quits: Metalfrost (Metalfrost@46.166.186.216) (Exit)
[23:44:14] *** Joins: Michelp2 (Mibbit@5ED4110B.cm-7-5a.dynamic.ziggo.nl)
[23:50:13] *** Quits: rhod (rhod@86.85.193.196) (Exit)
[23:51:13] <Michelp2> yoyoooo
[23:51:35] <Michelp2> l
[23:51:36] <Michelp2> ;
[23:51:39] <Michelp2> '
[23:53:38] <nomadz> yolo
[23:53:48] <Michelp2> yolo
