[00:02:36] *** Quits: Beer`__ (beer@5ED0808C.cm-7-1c.dynamic.ziggo.nl) (Ping timeout: 61 seconds)
[00:15:27] *** Quits: Fe2O3 (Fe2O3@h70248.upc-h.chello.nl) (Exit)
[00:24:39] *** Joins: Fiebel (PrincessCo@d77048.upc-d.chello.nl)
[00:24:53] <Fiebel> kbener
[00:26:09] <wirky> hoi Fiebel
[00:26:17] <Fiebel> hoi wirky
[00:26:22] <Fiebel> ik kn niet op actief hoor
[00:26:23] <Fiebel> ik moet zo ruste
[00:26:29] <Fiebel> ik neem alleen nog even wat notulen door
[00:27:07] <wirky> wat voor vergadering had je
[00:27:43] <Fiebel> kan ik niet zeggen
[00:27:46] <Fiebel> need to know basis
[00:27:50] <Fiebel> jouw clearance is te laag
[00:29:11] <wirky> ik hoop ook ooit eens een hogere te kunnen laten manifisteren
[00:29:29] <Fiebel> geef het tijd
[00:29:37] <wirky> voorlopig zal ik t hiermee moeten doen
[00:29:49] <stervende_zwaan> john titor kan het vertellen
[00:29:51] <stervende_zwaan> ik heb contact
[00:30:01] <wirky> wtf
[00:30:05] <wirky> jolloo
[00:47:27] * Stuiterbal blaast nu Queen - Thank God It's Christmas door speakers.
[00:48:25] *** Quits: coreblink (coreblink@145.132.131.160) (Exit)
[00:58:25] *** Quits: Guyver2 (Guyver2@guyver2.xs4all.nl) (Exit)
[01:03:05] *** Joins: rhod (rhod@86.85.193.196)
[01:23:51] *** Quits: milkshake (textual@76-14-185-84.wsac.wavecable.com) (Ping timeout: 68 seconds)
[01:27:24] *** Quits: Andros (Andros@147.64-244-81.adsl-dyn.isp.belgacom.be) (Ping timeout: 67 seconds)
[02:24:59] *** Quits: Vipertje (tweak@54182E79.cm-5-1a.dynamic.ziggo.nl) (Exit)
[02:28:22] *** Quits: wirky (werken@ip503c7f23.speed.planet.nl) (Ping timeout: 66 seconds)
[02:30:06] *** Joins: wirky (werken@ip503c7f23.speed.planet.nl)
[02:36:34] *** Quits: rhod (rhod@86.85.193.196) (Exit)
[02:37:43] *** Quits: BarthezZ (bart@monitoring.deheij-ict.nl) (Ping timeout: 60 seconds)
[02:55:42] *** Quits: SCHAPiE (dorian@dhcp-077-249-247-124.chello.nl) (Exit)
[03:02:40] *** Joins: SCHAPiE (dorian@dhcp-077-249-247-124.chello.nl)
[03:03:14] <Salvad0R> http://i.imgur.com/xShjaqM.gifv
[03:03:15] <digibot> Title: Imgur (at i.imgur.com)
[03:03:18] <Salvad0R> he he he he he he he he
[03:07:50] *** Quits: SCHAPiE (dorian@dhcp-077-249-247-124.chello.nl) (Exit)
[03:09:26] <Salvad0R> https://www.youtube.com/watch?v=LalrYd-BYlk
[03:09:27] <digibot> Title: Paris - Guerillas In The Mist (Excellent Quality) - YouTube (at www.youtube.com)
[03:15:12] <BD> hoi
[03:15:26] <Salvad0R> oi
[03:15:43] <BD> is dat leuke muziek? Houd ik daarvan?
[03:15:56] <Salvad0R> is wel Echte muziek
[03:16:01] <Salvad0R> niet van dat empty V ding
[03:16:12] <Salvad0R> wel negers
[03:16:32] <BD> ik ga eerst even naar de wc en dan luisteren
[03:16:38] <BD> ik heb het lied van Douwe Bob in mijn hoofd
[03:16:38] <Salvad0R> Akkoord
[03:16:42] <BD> dus dit is vast beter! :)
[03:16:45] <Salvad0R> hehehehe
[03:17:12] *** Quits: Teckna (jonathan@52487D74.cm-4-1b.dynamic.ziggo.nl) (Ping timeout: 66 seconds)
[03:20:53] <Salvad0R> https://www.youtube.com/watch?v=pZtBzii05VE
[03:20:54] <digibot> Title: Young Buck - You Know How I Get Down - YouTube (at www.youtube.com)
[03:22:31] <BD> valt mee. Tis niet iets waar ik zin in heb :D
[03:30:50] <Salvad0R> soms moet je even door de zure appel heenbijten 
[03:32:27] <BD> ja :)
[03:32:32] <BD> dat zijn wijze woorden
[03:32:34] <BD> ik mag je wel!
[03:33:52] <Salvad0R> :3
[03:34:02] <Salvad0R> ik ben een mensen mensch
[03:34:09] <Salvad0R> communicatie ftw
[03:34:25] <Salvad0R> maar je hebt wel voorrang als je een lekker wijf bent tho
[03:34:28] <Salvad0R> eerlijk is eerlijk
[03:34:36] *** Joins: Teckna (jonathan@52487D74.cm-4-1b.dynamic.ziggo.nl)
[03:34:40] <Salvad0R> mensen die me kennen zullen beamen
[03:34:45] <Salvad0R> IRL
[03:34:59] <BD> geen voorrang voor mij! :)
[03:35:24] <Salvad0R> nouja, ben ook geen dwangmatige gas gever
[03:37:03] <BD> \o/
[03:37:04] <BD> ik ben moe
[03:40:29] <BD> Slaapwel! :)
[03:42:30] <Salvad0R> slaapzacht
[03:42:42] <Salvad0R> ON AN UNRELATED NOTE
[03:42:45] <Salvad0R> https://www.youtube.com/watch?v=4ibDx7WtmGU
[03:42:47] <digibot> Title: Young Buck - Let Me In - YouTube (at www.youtube.com)
[03:49:32] *** Quits: BD (ok@ftth-083-247-022-153.solcon.nl) (Exit)
[03:51:42] *** Quits: Stuiterbal (Stuit@2001:980:5281:1:88b6:69ae:cfe7:457b) (Exit)
[04:27:00] *** Quits: Teckna (jonathan@52487D74.cm-4-1b.dynamic.ziggo.nl) (Ping timeout: 67 seconds)
[04:45:04] *** Joins: Teckna (jonathan@52487D74.cm-4-1b.dynamic.ziggo.nl)
[05:12:08] *** Quits: Salvad0R (asdfer@524BFA43.cm-4-4d.dynamic.ziggo.nl) (Exit)
[05:19:10] *** Quits: wirky (werken@ip503c7f23.speed.planet.nl) (Ping timeout: 60 seconds)
[05:52:57] *** Quits: Fiebel (PrincessCo@d77048.upc-d.chello.nl) (Exit)
[07:55:19] *** Joins: Fokker_8994 (Mibbit@81.19.42.250)
[07:58:36] *** Quits: Fokker_8994 (Mibbit@81.19.42.250) (Exit)
[08:39:25] <zovty> Hoi.
[08:39:35] <zovty> Och jongens, ik ben blij dat ik even zit zeg.
[08:39:39] <zovty> Ik heb de hele nacht gelegen.
[08:43:17] *** Joins: Teckna1 (jonathan@52487D74.cm-4-1b.dynamic.ziggo.nl)
[08:43:24] <welly7> och och och jonge toch
[08:43:32] *** Quits: Teckna (jonathan@52487D74.cm-4-1b.dynamic.ziggo.nl) (Exit)
[08:43:56] *** Joins: wirky (werken@ip503c7f23.speed.planet.nl)
[08:46:48] *** Joins: Fiebel (PrincessCo@d77048.upc-d.chello.nl)
[08:46:51] <Fiebel> kben er
[08:49:25] *** Quits: mrwazoo (mrwazoo@h102136.upc-h.chello.nl) (Ping timeout: 68 seconds)
[08:49:38] <wirky> welkom Fiebel
[08:49:45] <Fiebel> dank wirky
[08:50:00] *** Joins: mrwazoo (mrwazoo@h102136.upc-h.chello.nl)
[08:55:37] <Boots> dank memes
[08:58:29] <Escovan> ik ben er
[08:58:29] <Pandora> gezellig, Escovan is er!
[09:00:07] <Fiebel> gezellig
[09:06:47] <Fiebel> ik hoop dat mij nog rust is gegund
[09:16:10] *** Joins: coreblink (coreblink@145.132.131.160)
[09:27:26] *** Quits: Teckna1 (jonathan@52487D74.cm-4-1b.dynamic.ziggo.nl) (Ping timeout: 60 seconds)
[09:30:11] <zovty> Hoi
[09:31:02] <zovty> Och jongens toch.
[09:31:07] <zovty> Ik heb lekker al boodschapjes gedaan.
[09:31:09] <zovty> Echt.
[09:31:19] <zovty> Suiker brood en binmiddel.
[09:31:24] <zovty> Ik ga een nieuw dieet proberen.
[09:31:27] <zovty> +d.
[09:32:42] <Fiebel> ok
[09:37:07] <zovty> Ja.
[09:37:10] <zovty> Goeiemorgen fabis.
[09:37:12] <zovty> Lekker geslapgen?
[09:37:20] <zovty> Mijn pakketjes zijn onderweg!
[09:37:21] <zovty> *O*
[09:37:26] <Fiebel> *O*
[09:37:31] <Fiebel> echte pakketjes?
[09:37:33] <Fiebel> of ups?
[09:37:38] <zovty> Nee, echte pakketjes.
[09:37:44] <zovty> Van PostNL.
[09:37:50] <Fiebel> wziterin?
[09:38:05] <zovty> Electronica speelgoed.
[09:38:12] <Fiebel> magic wand?
[09:38:17] <Fiebel> sybian?
[09:38:24] <Fiebel> in geval van het laatste wanneer magi k even langskomen?
[09:38:26] <zovty> Een huzzah, wat kleine breadboards, een digitale temperatuur/vochtigheids sensor, en wat mosfets.
[09:38:29] <Fiebel> o
[09:38:31] <Fiebel> lama
[09:38:33] <Spacecowboy> hoeren
[09:38:44] <zovty> Zal ik zelf een symbian bouwen?
[09:38:45] <Fiebel> pimpy
[09:38:46] <Spacecowboy> sup
[09:38:50] <Fiebel> gewoon doen kind
[09:38:54] <zovty> Een siri gestuurde sybian.
[09:38:54] <Fiebel> houd je van de straat
[09:38:56] <Spacecowboy> een sybian
[09:38:58] <Spacecowboy> ?
[09:39:02] <Spacecowboy> voor je vriendin?
[09:39:07] <zovty> Nouja.
[09:39:10] <zovty> Ex in dit geval.
[09:39:10] <Spacecowboy> nice
[09:39:12] <Fiebel> of gezellig
[09:39:14] <Fiebel> verdorie
[09:39:17] <Fiebel> grappepikker
[09:39:19] <zovty> :|
[09:39:21] <zovty> Slome.
[09:39:23] <Spacecowboy> ja en dan een afdruk maken van jouw willie
[09:39:23] <Fiebel> :|
[09:39:30] <zovty> Nou.
[09:39:35] <zovty> Misschien beter een afdruk van jouw willie dan.
[09:40:04] <Fiebel> ja ikb en toch nog helemaal niet wakker enzo
[09:40:07] *** Quits: mrwazoo (mrwazoo@h102136.upc-h.chello.nl) (Exit)
[09:40:09] <Fiebel> jij hebt er al een halve dag op zitten
[09:40:12] <zovty> Jajoh.
[09:40:12] <stervende_zwaan> hallo
[09:40:14] <stervende_zwaan> ik ben er
[09:40:15] <Pandora> gezellig, stervende_zwaan is er!
[09:40:19] <zovty> Hoi zwaantje.
[09:40:22] <stervende_zwaan> mijn neus loopt niet meer
[09:40:24] <stervende_zwaan> \o/
[09:40:26] <zovty> Heb je wel eens op een sybian gezet fabis?
[09:40:30] <zovty> Issie moe?
[09:40:30] <Fiebel> nee
[09:40:33] <zovty> Je neus.
[09:40:33] <Fiebel> :'(
[09:40:37] <stervende_zwaan> nu wel
[09:40:39] <stervende_zwaan> o/
[09:40:41] *** Joins: Andros (Andros@147.64-244-81.adsl-dyn.isp.belgacom.be)
[09:40:45] <zovty> *o8.
[09:40:45] <zovty> Wat?
[09:40:47] <zovty> *O*.
[09:40:55] <stervende_zwaan> hallo Andros 
[09:40:59] <stervende_zwaan> !seen Andros 
[09:40:59] <digibot> stervende_zwaan: Andros was last seen in #fok 2d 13h 56m 1s ago: <Andros> doei
[09:41:52] *** Joins: mrwazoo (mrwazoo@h102136.upc-h.chello.nl)
[09:42:43] <zovty> Wat zal ik eten?
[09:42:47] <Fiebel> tenenkaas
[09:42:52] <zovty> Ik heb al een smoefie op.
[09:42:53] <zovty> Oh.
[09:42:59] <zovty> Dat ben ik vergeten mee te nemen.
[09:43:07] <Fiebel> ik had vast water
[09:43:12] <Fiebel> en een krakker
[09:43:13] <Fiebel> met honing
[09:43:13] <zovty> Ik heb wel speciaal op player z'n advies frambozendressing gekocht.
[09:43:17] <Fiebel> och heerlijk
[09:43:18] <zovty> Oh lekker hoor.
[09:43:29] <Fiebel> ik zou wel koffie willen
[09:43:30] <Fiebel> maar dat heb ik niet
[09:43:33] <zovty> Oh lekker stom.
[09:43:41] <zovty> Ik heb een miljar koffie.
[09:43:44] <zovty> Maar niet zo zin in.
[09:43:47] <Fiebel> gmeen
[09:43:52] <zovty> Achja.
[09:43:56] <zovty> Zo ben ik.
[09:44:05] <zovty> Ik ben zo gemeen.
[09:44:06] <Fiebel> dat is gewoon niet zo
[09:44:09] <zovty> Echt doortrapt ben ik.
[09:44:11] <Fiebel> dat zou je wel graag willen
[09:44:11] <zovty> En vals.
[09:44:18] <zovty> Wat?
[09:44:22] <Fiebel> dat je een gemene doortrapte valse schurk met een stierennek was
[09:44:27] <Fiebel> maar dat is gewoon niet zo
[09:44:29] <Fiebel> dat weet jij
[09:44:30] <zovty> Een ragbull.
[09:44:32] <Fiebel> dat weet rawpy
[09:44:34] <Fiebel> dat weet ik
[09:44:39] <Fiebel> dus wie nemen we nou in de maling
[09:44:44] <zovty> Rawpy weet dat niet zo zeker hoor.
[09:44:46] *** Joins: Teckna (jonathan@52487D74.cm-4-1b.dynamic.ziggo.nl)
[09:45:19] <Fiebel> wel
[09:45:24] <stervende_zwaan> hallo
[09:45:26] <stervende_zwaan> ik ben er
[09:45:27] <Pandora> gezellig, stervende_zwaan is er!
[09:45:31] <Fiebel> och heerlijk
[09:45:33] <Fiebel> heeeeerlijk
[09:45:35] <Fiebel> rawpy is er
[09:46:08] <zovty> Is ook heerlijk.
[09:47:07] <zovty> Och jongens toch.
[09:47:11] <zovty> Zon lange dag nog voor de boeg.
[09:47:13] <zovty> En geen idee wat te doen.
[09:47:18] <stervende_zwaan> blowen
[09:47:20] <stervende_zwaan> en masturberen
[09:47:22] <zovty> Ik heb maar 1 taak vandaag; wachten op de postbode.
[09:47:23] <Fiebel> heb je al porno gekeken?
[09:47:30] <Fiebel> en je staafje gestreeld?
[09:47:34] <zovty> Nee, straks staat de postbode voor het raam.
[09:47:38] <Fiebel> met lichte druk en een fijn ritme?
[09:47:38] <Fiebel> nou en
[09:47:44] <zovty> :|
[09:47:44] <stervende_zwaan> misschien wil hij meedoen?
[09:47:44] <Fiebel> niks dattie niet eerder heb gezien hoor
[09:47:48] <Fiebel> de ziet de hele dag niks anders
[09:47:50] <zovty> Nee, dat is waar.
[09:48:00] <zovty> Ken je die porn muziek videos?
[09:48:06] <zovty> met z'n fapmeter ding.
[09:48:06] <Fiebel> nee
[09:48:08] <Fiebel> nee
[09:48:10] <zovty> O.
[09:48:16] <zovty> Is een soort eh...
[09:48:18] <zovty> hoe heet het.
[09:48:24] <zovty> Dat je zo moet meezingen met een liedje?
[09:48:29] <zovty> Dat japanse.
[09:48:35] <Fiebel> faparoke?
[09:48:37] <zovty> Ja.
[09:48:44] <zovty> Soort karaoke voor fappers.
[09:48:53] <Fiebel> ik voel druk
[09:48:54] <Fiebel> kriebel
[09:48:59] <Fiebel> seismische beweging
[09:48:59] <stervende_zwaan> ups?
[09:49:01] *** Quits: Andros (Andros@147.64-244-81.adsl-dyn.isp.belgacom.be) (Ping timeout: 67 seconds)
[09:49:03] <zovty> Heb je onderin beeld zo'n balkje dat ophoog gaat als je met je hand omhoog moet gaan, en omlaag enzo.
[09:49:09] <zovty> Bepalen hun het ritme.
[09:49:09] <stervende_zwaan> ohjee, andros wordt al bang
[09:49:11] <zovty> Zo nerdy.
[09:49:17] <zovty> Andros komt wel weer terug.
[09:49:18] <Fiebel> maar dat is toch het fijne van fappen?
[09:49:22] <zovty> Met de staart tussen de benen.
[09:49:26] <Fiebel> dat je niet afhankelijk bent van andersmans onkunde?
[09:49:29] <zovty> Jajoh.
[09:49:29] <stervende_zwaan> Fiebel: kan jij ook fappen?
[09:49:33] <zovty> Maar het is dan ook op muziek he.
[09:49:36] <stervende_zwaan> heb je er gevoel voor?
[09:49:39] <zovty> Het is wel knap gemaakt hoor.
[09:49:41] <zovty> Maar wel stom.
[09:49:45] <stervende_zwaan> of zwengel je gewoon wat
[09:49:51] <stervende_zwaan> alsof je water uit een put omhoog haalt
[09:49:55] <Fiebel> ligt aan de bebossing
[09:50:13] <Fiebel> als er zo'n krop sla uitkomt dan wil ik er gewoon niks meer mee te maken hebben
[09:50:15] <Fiebel> dat zeg ik eerlijk
[09:50:28] <stervende_zwaan> terecht hoor
[09:50:29] <Fiebel> maar ja als je eenmaal op dat punt bent aanbeland kun je haast niet meer terug
[09:50:30] <stervende_zwaan> terecht
[09:50:41] <zovty> NIet zo aanstellen.
[09:50:44] <zovty> Het is maar haar.
[09:51:09] <zovty> En veilig en hygienisch in broek ipv maar de hele dag gifwalmen opsoeperen in de buitenlucht.
[09:51:11] <Fiebel> ik vind het desinteresse uitstralen
[09:51:25] <Fiebel> ik kom toch ook iet met een marcaramema
[09:51:26] <Fiebel> t
[09:51:37] <zovty> Wat zeg je?
[09:51:46] <Fiebel> lama kind
[09:51:47] <Fiebel> lama
[09:52:55] <zovty> Hoe was ook dat ook weer bij winamp.
[09:53:04] <zovty> hmhmhm is gonna kick a lamas ass?
[09:53:16] <stervende_zwaan> zoiets ja
[09:53:23] <stervende_zwaan> fiebel heeft gelijk
[09:53:26] <stervende_zwaan> hier in
[09:53:42] <stervende_zwaan> zodra de boel begint te verslonzen is de liefde over
[09:54:03] *** Joins: Andros (Andros@147.64-244-81.adsl-dyn.isp.belgacom.be)
[09:54:51] <zovty> Ik vind dat makkelijk gezegd hoor.
[09:54:55] <zovty> Schaamhaar zit er niet voor niks.
[09:55:17] <zovty> Je kunt ook zeggen dat mensen die biologisch eten niet genoeg om gezin geven om fatsoenlijk gevormede groenten op tafel te zetten.
[09:55:26] <zovty> Maar zo zullen die gezinnne dat vaak zelf toch niet zo zien.
[09:55:59] <zovty> En nu mogen jullie weer met een tegenargument komen.
[09:56:50] <zovty> En zo gaan we dan over en weer tot jullie het zat zijn en mij gelijk geven.
[09:57:20] <Spacecowboy> jongens
[09:57:23] <Spacecowboy> jongens
[09:57:26] <Spacecowboy> ik ga even schijten
[09:59:09] <Fiebel> pcj kpm
[09:59:12] <Fiebel> och jonges
[09:59:18] <Fiebel> peppie en ik zaten tegelijk te kakken
[09:59:18] <stervende_zwaan> helder
[09:59:29] <stervende_zwaan> ooo mijn telfoon deed brrb brr
[09:59:39] <stervende_zwaan> ik moet mijn arm srekken
[09:59:40] <stervende_zwaan> om te apkken
[09:59:56] <Spacecowboy> ooohe
[09:59:58] <Spacecowboy> oooooh
[10:00:00] <Spacecowboy> zooo
[10:00:04] <Spacecowboy> die unit is weg
[10:00:07] <Spacecowboy> jeetje
[10:00:11] <Spacecowboy> ik zweef zo van de pot af
[10:00:42] <Fiebel> ik heb ook zo lekker zitten kakken
[10:00:45] <Fiebel> ik dacht da tik klaar was
[10:00:51] <Fiebel> maar toen was er nog een rommeltje
[10:00:52] <Fiebel> en dacht ik
[10:00:57] <Fiebel> er komt nog een klein keuteltje!!
[10:01:05] <Fiebel> maar toen kwam er nog een gigantische delivery
[10:01:13] <Fiebel> gigihghihgiihgghighig
[10:01:13] <zovty> Oh nou.
[10:01:18] <zovty> Lekker gestretcht.
[10:01:22] <stervende_zwaan> dat was van een week?
[10:01:29] <Fiebel> ik denk het
[10:01:30] <Fiebel> gihghighigi
[10:01:38] <Fiebel> nee ik heb op koningsdag nog gekakt
[10:01:39] <Fiebel> gigihghigi
[10:02:23] <zovty> Lekker poepverhalen in #fok.
[10:02:31] <Fiebel> ik moet gapen joh
[10:02:40] <Fiebel> hopelijk krijg ik van deze inspanning nog een paar uur rust
[10:02:52] <stervende_zwaan> ja
[10:02:56] <stervende_zwaan> ik gun het jou ook
[10:03:00] <stervende_zwaan> als ik iemand rust gun
[10:03:00] <Fiebel> dank je rawpy
[10:03:03] <Fiebel> dank je
[10:03:06] <Fiebel> eeuwige rust
[10:03:09] <stervende_zwaan> ja
[10:05:17] <stervende_zwaan> ik ga pogen om op te staan
[10:05:24] <stervende_zwaan> zou koffie mij weer smaken?
[10:05:32] <Spacecowboy> gaan we vandaag nog wat leuks doen?
[10:05:37] <Fiebel> ik niet hoor
[10:05:38] <Fiebel> gatver
[10:05:39] <stervende_zwaan> ik heb hele nacht doorgeslapen
[10:05:41] <Fiebel> ik haat leuke dingen
[10:05:47] <stervende_zwaan> nou sapce
[10:05:49] <Spacecowboy> ik heb kut geslapen
[10:05:52] <stervende_zwaan> ik ga pogen naar buiten te gaan
[10:05:54] <Spacecowboy> weet niet hoe het komt
[10:05:58] <stervende_zwaan> en stad in
[10:06:01] <Spacecowboy> ah nice
[10:06:03] <stervende_zwaan> kijken of ik dat overleef
[10:06:11] <Spacecowboy> ik ga denk ik nog ff een broek kopen ergens
[10:06:16] <Spacecowboy> en auto ff door de wasstraat
[10:06:26] <stervende_zwaan> v&d is gesloten hoor
[10:06:28] <stervende_zwaan> :D
[10:06:34] <Spacecowboy> oooh
[10:06:35] <Spacecowboy> nou ja
[10:06:37] <Spacecowboy> scheelt
[10:06:44] <Spacecowboy> bij die armoedige graftent kwam ik sowieso al niet
[10:06:47] *** Joins: Guyver2 (Guyver2@guyver2.xs4all.nl)
[10:06:50] <stervende_zwaan> hoi Guyver2 
[10:07:01] <zovty> Ja, hoi Guyver2, ook namens mij een hartelijk hoi.
[10:07:12] <stervende_zwaan> nog bij de mac geweest?
[10:07:18] <Spacecowboy> nee
[10:07:19] <zovty> Vraag je dat aan mij?
[10:07:24] <stervende_zwaan> nee, aan Guyver2 
[10:07:25] <zovty> Ik was er gisteren nog.
[10:07:26] <zovty> Ok.
[10:07:27] <Spacecowboy> ohw
[10:07:28] <Spacecowboy> ok
[10:07:30] <Spacecowboy> nou ja
[10:07:32] <stervende_zwaan> je ziet de joke toch
[10:07:33] <Spacecowboy> ik in ieder geval niet
[10:07:40] <zovty> owwwwww
[10:07:44] <zovty> MEK GUYVER!
[10:07:48] <Guyver2> ja 
[10:07:48] <stervende_zwaan> :D!
[10:07:49] <zovty> Hahahahahahahahahahhahahhahahhahahahahahahah.
[10:08:04] <Guyver2> :P
[10:08:10] <zovty> Jezus.
[10:08:15] <zovty> Slechte grap zeg.
[10:08:33] <stervende_zwaan> :|
[10:08:37] <Dubbeldrank> RUSTAAAAGH
[10:08:44] <stervende_zwaan> ik ga afk
[10:08:48] <stervende_zwaan> hier heb ik geen zin in
[10:08:48] <Dubbeldrank> doei
[10:08:52] <stervende_zwaan> :P
[10:09:04] <Dubbeldrank> doe je wel de deur achter je dicht
[10:09:11] <Dubbeldrank> zovty heeft het nogal snel koud
[10:09:22] *** Quits: Steff (quassel@trinity.msrv.nl) (Ping timeout: 62 seconds)
[10:09:26] <Guyver2> softie
[10:10:41] <Spacecowboy> oh
[10:10:43] <Spacecowboy> daar is Dubbeldrank 
[10:10:49] <Spacecowboy> dan ga ik denk ik ook weg
[10:10:53] <Spacecowboy> niet zo veel zin in 
[10:11:20] <zovty>  Oh, hoi, DD.
[10:11:22] <zovty> Ik moet gaan.
[10:11:26] <Spacecowboy> hoi Dubbeldrank 
[10:11:29] <Spacecowboy> wat leuk dat je er bent
[10:11:36] <Spacecowboy> maar wij gaan allemaal ff weg
[10:11:40] <Dubbeldrank> ja leuk
[10:11:40] <Spacecowboy> ligt niet aan jou hoor
[10:11:43] <Dubbeldrank> superdoei!
[10:11:47] <Spacecowboy> (klein beetje misschien)
[10:11:52] *** Joins: Steff (quassel@trinity.msrv.nl)
[10:11:53] <Spacecowboy> toen ik net zat te kakken
[10:11:56] <Dubbeldrank> geeft niet hoor
[10:11:59] <Spacecowboy> en ik zag die enorme drol
[10:12:01] <Dubbeldrank> ik kan genieten van de rust
[10:12:06] <Spacecowboy> moest ik ook aan jou denken Dubbeldrank 
[10:12:17] <Dubbeldrank> cute
[10:12:25] <Spacecowboy> nouja
[10:12:30] <Spacecowboy> meer monsterlijk eigenlijk
[10:13:10] <stervende_zwaan> doe eens aardig tegen Dubbeldrank ja
[10:13:15] <stervende_zwaan> dat gekat de hele tijd
[10:16:39] <Spacecowboy> HOUD JE BEK ZEIKWIJF
[10:21:23] <stervende_zwaan> wat een schijtweer
[10:21:49] <stervende_zwaan> http://frontpage.fok.nl/nieuws/735145/1/1/50/premier-gedagvaard-om-uitslag-referendum.html
[10:21:50] <digibot> Title: FOK.nl / Nieuws / Premier gedagvaard om uitslag referendum (at frontpage.fok.nl)
[10:21:53] <stervende_zwaan> :D
[10:22:01] <stervende_zwaan> hoe zit dat met mh17
[10:22:06] <stervende_zwaan> en de uitspraak dat wij in oorlog zijn
[10:22:08] <stervende_zwaan> van rutte
[10:23:50] <stervende_zwaan> http://frontpage.fok.nl/nieuws/735145/1/1/50/premier-gedagvaard-om-uitslag-referendum.html
[10:23:52] <digibot> Title: FOK.nl / Nieuws / Premier gedagvaard om uitslag referendum (at frontpage.fok.nl)
[10:23:54] <stervende_zwaan> erm
[10:24:05] <zovty> Wat wil je nou toch allmeaal zeggen jongen?
[10:24:08] <stervende_zwaan> http://twitter.com/tanteschnitt/status/726159005161283584
[10:24:08] <stervende_zwaan> :D
[10:24:09] <digibot> Title: José van Koppenhagen op Twitter: "Daar zijn ze weer. De toeristen met de oude Lonely Planet. #queensday https://t.co/5R8WoXcNaE" (at twitter.com)
[10:25:39] <zovty> Ik snap m niet denk ik.
[10:26:00] <stervende_zwaan> 30 april..
[10:26:04] <stervende_zwaan> koninginnedag
[10:26:07] <stervende_zwaan> niks meer
[10:26:12] <stervende_zwaan> geen feestdag meer
[10:26:15] <stervende_zwaan> SNAP JE HET?
[10:29:44] *** Quits: Andros (Andros@147.64-244-81.adsl-dyn.isp.belgacom.be) (Ping timeout: 66 seconds)
[10:30:19] <Spacecowboy> http://www.geenstijl.nl/mt/archieven/2016/04/als_het_je_hier_niet_bevalt____________dan_weet_je_wat_je_doen_kunt.html
[10:30:21] <digibot> Title: GeenStijl: VideoColumn - Jan Roos wil het land voor zichzelf (at www.geenstijl.nl)
[10:30:22] <Spacecowboy> :D
[10:34:20] <stervende_zwaan> omg :D
[10:34:22] <stervende_zwaan> nice
[10:35:06] <Spacecowboy> TOEDELEDOKI
[10:35:11] <Spacecowboy> als je het niet zint
[10:35:12] <stervende_zwaan> ja
[10:35:12] <Spacecowboy> spullen pakken 
[10:35:16] <stervende_zwaan> OPROTTEN
[10:35:17] <Spacecowboy> oprotten
[10:35:19] <Spacecowboy> RAUS
[10:35:21] <stervende_zwaan> WEG
[10:35:29] <stervende_zwaan> MEER LEBENSRAUM
[10:35:37] *** stervende_zwaan is now known as rawplayer
[10:35:38] <Spacecowboy> gezeik altijd hier om het minderheden altijd maar naar de zin te maken
[10:35:45] <rawplayer> ja
[10:35:56] <rawplayer> idioot gedoe
[10:36:24] <rawplayer> kan er een wet komen dat verbied om buitenlanders kinderen te krijgen in nederland?
[10:36:42] <Spacecowboy> gewoon bij binnenkomst chemisch castreren
[10:36:53] <Spacecowboy> anders komen ze binnen
[10:36:55] <Spacecowboy> gelijk kinderen fokken
[10:37:02] <Spacecowboy> ja maar mijn kinderen zijn hier geboren
[10:37:04] <Spacecowboy> niks mee te maken
[10:37:07] <Spacecowboy> rause
[10:38:24] <rawplayer> WEG
[10:43:28] *** Joins: Jeroen (Jeroen@ip82-139-124-155.lijbrandt.net)
[10:47:59] <zovty> Gaat het weer een beetje?
[10:50:41] <rawplayer> ja
[10:50:44] <rawplayer> super
[10:50:54] <rawplayer> mijn temperatuur is stabiel
[10:51:00] <rawplayer> geen loopneus meer
[10:51:08] <rawplayer> wel hoofd nog aardig dicht
[10:51:11] <rawplayer> nou ja
[10:51:11] <Spacecowboy> ik ga zo even mijn zak scheren
[10:51:13] <rawplayer> minder dicht
[10:51:19] <rawplayer> hartslag is weg uit het oor
[10:51:19] <Spacecowboy> en mijn godelijke totempaal
[10:51:28] <rawplayer> pics
[10:52:03] <Spacecowboy> zal straks even showen voor de webcam ok?
[10:52:42] <zovty> Ok.
[10:52:43] <rawplayer> zeker
[10:52:47] <rawplayer> zovty: erm
[10:52:50] <rawplayer> hij had het tegen mij
[10:52:52] <zovty> Wat?
[10:52:53] <rawplayer> niet tegen jou
[10:52:58] <zovty> Oh, pardon.
[10:53:04] <rawplayer> nu moet je niet even alles wegpikken voor mijn neus
[10:53:09] <zovty> Hiihhihhiihhiih.
[10:53:13] <rawplayer> (ik neem het wel op voor je)
[10:53:13] <zovty> Wegpikken.
[10:53:23] <rawplayer> Hahahahahahahahaha.
[10:53:25] <zovty> :|
[10:53:26] <rawplayer> ik maakte een funny
[10:53:28] <rawplayer> en zag het niet eens!
[10:53:29] <zovty> Ja!
[10:53:32] <zovty> Hahahahahahahahahaha.
[10:53:35] <zovty> Echt garpig.
[10:53:37] <rawplayer> Hhahahahahahahahahhaahahahah.
[10:53:40] <rawplayer> goeie garp ja
[10:53:42] <zovty> Ja.
[10:53:51] <rawplayer> zie je dat het al beter gaat
[10:53:52] <rawplayer> met mij
[10:53:58] <zovty> Jajoh.
[10:54:11] <rawplayer> ik ben een garpenmaker
[10:54:17] <zovty> Ik moet echt even wat met de poes doen.
[10:54:20] <zovty> Doe moet iets van mij.
[10:54:41] <rawplayer> ik kijk al hele tijd kattenfilmpjes
[10:55:48] *** Quits: wirky (werken@ip503c7f23.speed.planet.nl) (Ping timeout: 66 seconds)
[10:56:16] <rawplayer> https://www.youtube.com/watch?v=aHuy7OfqYGk
[10:56:17] <rawplayer> :D
[10:56:17] <digibot> Title: EPIC Cat Castle! - YouTube (at www.youtube.com)
[11:08:09] <nomadz> whyyyyyyy
[11:10:39] <Escovan> hey nommie!
[11:10:47] <Escovan> Weer een beetje opgeknapt?
[11:11:30] <nomadz> jahoor, thanks
[11:11:32] <nomadz> gisteren gewoon gewerkt
[11:11:49] <Escovan> held
[11:12:26] <nomadz> alleen donderdagavond werd ik niet goed, al dagen in de kou en hagel buiten gewerkt en toen wilden ze een les buiten doen (communicatie/verbindingen) en daarmee kilometers lopen
[11:12:36] <nomadz> dus toen besloot ik ziek ziek te zijn
[11:12:45] <nomadz> met mn gloeiende kop
[11:12:58] <nomadz> ik denk dat ik afgelopen 2 weken meer dan 60 uur buiten heb gestaan in de kou
[11:13:21] <Escovan> tja, zelfzorg eerst hè
[11:13:22] <rawplayer> je lijkt wel een vluchteling
[11:14:00] <Escovan> Ik ben ook al een weekje behoorlijk aan het snotteren/kuchen, maar weinig mensen missen mij :P
[11:14:13] <nomadz> nu heb ik alleen mijn aantekening niet dat ik verbindingen heb gedaan
[11:14:27] <rawplayer> b1 a b2 over
[11:14:33] <rawplayer> vlugge japie hier
[11:14:41] <Spacecowboy> hier de baron
[11:14:42] <Spacecowboy> over
[11:14:56] <rawplayer> DROMMELS DROMMELS DROMLLE
[11:14:57] <rawplayer> S
[11:15:05] <rawplayer> ik moet zo schijten
[11:15:06] <rawplayer> voel ik
[11:15:14] <Escovan> geeft ie kopjes?
[11:15:17] <Spacecowboy> ik voel een nalevering aankomen
[11:15:26] <Spacecowboy> ik neem nog even een kop koffie
[11:15:28] <nomadz> ja nee,  77-1-00 hier is 77-1-49, over.    77-1-49 hier is 77-1-00 geef mededeling, over.  etc flauwekul handshake
[11:15:32] <Spacecowboy> dan ga ik mij even naar het toilet begeven
[11:15:40] <Spacecowboy> en daarna ga ik even in bed liggen denk ik
[11:16:02] <nomadz> ik ben kipsateh aan het warm maken
[11:16:05] <Escovan> nomadz, praten jullie in TCP/IP met elkaar ofzo?!
[11:16:05] <rawplayer> nom
[11:16:07] <nomadz> voor op mijn stokbrood
[11:16:44] <nomadz> escovan, zoiets. 
[11:17:29] <nomadz> en o wee als je iets afwijkt van het protocol, dan zeggen ze keihard "77-1-49 hier is 77-1-00 herhaal mededeling, over"
[11:17:33] <nomadz> ookal snappen ze heel goed wat je zegt
[11:18:54] <nomadz> het ergste is dat er iemand van upstairs besluit om mee te laten luisteren om de boel te beoordelen
[11:18:57] <nomadz> maargoed
[11:18:57] <nomadz> </rant>
[11:19:11] *** Quits: Guyver2 (Guyver2@guyver2.xs4all.nl) (Exit)
[11:19:24] <nomadz> en met upstairs bedoel ik ergens in den haag
[11:21:12] <Escovan> daar zou ik ook kriegelig van worden... maargoed, de kans dat ik ooit kritieke situaties ga managen is nihil.
[11:21:38] <nomadz> nahja ik word er leip van
[11:22:18] <nomadz> lokale jaarmarkt, sta je daar tussen de mensen "zevenenzevetigeendubbelnul hier is zevenenzeventigeeneenenveertig over" te mompelen de hele tijd
[11:22:23] <nomadz> om je lokatie te melden
[11:22:32] <nomadz> gaat nergens over
[11:22:46] <Escovan> Elkaar gewoon allemaal GPS meegeven is niet genoeg? :P
[11:28:34] *** Quits: Teckna (jonathan@52487D74.cm-4-1b.dynamic.ziggo.nl) (Ping timeout: 66 seconds)
[11:38:18] *** Joins: Stuiterbal (Stuit@2001:980:5281:1:f953:94bf:141d:d478)
[11:38:35] <rawplayer> stuit o/
[11:41:47] *** Joins: Andros (Andros@147.64-244-81.adsl-dyn.isp.belgacom.be)
[11:44:49] *** Joins: Teckna (jonathan@52487D74.cm-4-1b.dynamic.ziggo.nl)
[11:49:03] *** Quits: TooL (x@ip172-92-210-87.adsl2.static.versatel.nl) (Ping timeout: 67 seconds)
[11:52:15] <nomadz> rawplayer, zit jij ook altijd te wachten op een snedige oneline van stuiterbal ? ik vind ze geniaal
[11:55:06] *** Quits: Andros (Andros@147.64-244-81.adsl-dyn.isp.belgacom.be) (Ping timeout: 60 seconds)
[11:56:34] *** Joins: wirky (werken@ip503c7f23.speed.planet.nl)
[11:57:11] *** Joins: Andros (Andros@147.64-244-81.adsl-dyn.isp.belgacom.be)
[11:57:12] *** Joins: TooL (x@ip172-92-210-87.adsl2.static.versatel.nl)
[11:58:17] *** Quits: Andros (Andros@147.64-244-81.adsl-dyn.isp.belgacom.be) (Ping timeout: 60 seconds)
[11:58:47] <zovty> Stel je eet 3kg.
[11:58:51] <zovty> Gewoon gemiddeld voer.
[11:59:00] <zovty> Vlees, kip, eitjes, groentjes, fruit en een biertje erbij.
[11:59:04] <zovty> Hoeveel poep je dan weer uit?
[11:59:42] <nomadz> meet het eens
[12:00:04] <zovty> Ja, nee, ja, 1,43 kilo.
[12:00:05] <zovty> Maar klopt dat?
[12:00:07] <zovty> Is dat gezond?
[12:00:21] <zovty> Poep ik teveel of te weinig?
[12:05:59] *** Quits: coreblink (coreblink@145.132.131.160) (Ping timeout: 66 seconds)
[12:06:23] *** Joins: crow (chatzilla@D97B3212.cm-3-4a.dynamic.ziggo.nl)
[12:06:55] *** Joins: coreblink (coreblink@145.132.131.160)
[12:10:47] <nomadz> kan goed hoor
[12:11:03] <nomadz> meuk zit vol met vocht, dat schijt je grotendeels niet uit, afhankelijk van hoeveel vezels je vreet
[12:13:06] <rawplayer> ik schijt ook
[12:13:10] <rawplayer> as we speak
[12:13:48] <rawplayer> niks is zo lekker als goed schijten
[12:14:06] <nomadz> lekker hoor
[12:14:26] <rawplayer> ja
[12:17:22] *** Quits: TooL (x@ip172-92-210-87.adsl2.static.versatel.nl) (Ping timeout: 60 seconds)
[12:26:06] *** Joins: TooL (x@ip172-92-210-87.adsl2.static.versatel.nl)
[12:43:46] <wirky> wat ze tegenwoordig allemaal niet verzinnen er is nu een vrouwengids v maxime hartman de komiek
[12:48:01] <Fiebel> "komiek"
[12:55:41] *** Quits: coreblink (coreblink@145.132.131.160) (Ping timeout: 68 seconds)
[12:55:56] *** Joins: coreblink (coreblink@145.132.131.160)
[12:58:08] <zovty> Ik zag dat die ene nou een kwisje presenteert.
[12:58:20] <zovty> Met d'r haar.
[12:58:34] <zovty> Wel zo'n grachtengordelkwisje.
[12:58:56] <zovty> Goed verhaal zovty, lekker duidelijk.
[12:59:09] <zovty> Tis een gave he.
[12:59:50] <Fiebel> ja
[13:03:39] *** Quits: coreblink (coreblink@145.132.131.160) (Ping timeout: 66 seconds)
[13:10:37] <Fiebel> och jonges
[13:10:38] <Fiebel> heerlijk
[13:10:42] <Fiebel> een potje havermout
[13:10:43] <Fiebel> heerlijk
[13:13:18] *** Quits: Teckna (jonathan@52487D74.cm-4-1b.dynamic.ziggo.nl) (Ping timeout: 60 seconds)
[13:18:03] <zovty> Me speelgoed ister!
[13:18:14] <zovty> Vind je dat echt lekker havermout?
[13:18:22] <Fiebel> och kind
[13:18:23] <Fiebel> heerlijk!!
[13:18:28] <Fiebel> mijn speelgoed!!!
[13:18:29] <zovty> Hoe maak je dat klaar dan?
[13:18:33] <Fiebel> ik vind havermout heerlijk
[13:18:36] <Fiebel> met besjes
[13:18:37] <Fiebel> die ik heb verzameld
[13:18:40] <zovty> Jij fopt mij.
[13:18:43] <Fiebel> en kaneel dat ik heb gejaagd
[13:18:48] <Fiebel> heerlijk heerlijk
[13:18:52] <Fiebel> echt comfortfood
[13:18:52] <zovty> Je kan het beter temmen.
[13:18:54] <zovty> Hoef je niet zo te jagen.
[13:19:00] <Fiebel> o ja o ja o ja
[13:19:12] <zovty> Ik ben ook echt een maker van niks he, ik heb niet eens een afbreekmesje.
[13:19:20] <Fiebel> och jong toch
[13:19:24] <Fiebel> wabende toch een beginnertje
[13:19:37] <Fiebel> je kunt ook gewoon beter taartjes maken
[13:19:41] <zovty> Ja echt.
[13:19:46] <zovty> En vlechtjes draaien.
[13:19:54] <Fiebel> dat weet ik niet
[13:20:00] <Fiebel> maar je taartjes zijn altijd goed
[13:20:18] <zovty> Och jongens wat een poepig klein spul allemaal.
[13:20:34] <zovty> Zit het ook in zo'n klein bruin doosje.
[13:20:36] <zovty> Hihihiihhi
[13:20:39] <zovty> Bruin doosje.
[13:20:41] <Fiebel> :|
[13:21:14] <Spacecowboy> zo
[13:21:18] <Spacecowboy> eerste middagslaapje gehad
[13:21:33] <Fiebel> och
[13:21:38] <Fiebel> ik ben er net uit van mijn ochtendslaapje
[13:21:38] *** Joins: coreblink (coreblink@145.132.131.160)
[13:25:31] <zovty> Och och och.
[13:25:37] <zovty> Vnoggend allemaal stoere praatjes.
[13:25:49] <zovty> Ik ga de autos wassen, ik ga broeken kopen.
[13:25:58] <zovty> En nu met de kat op de buik op de bank.
[13:26:27] <Fiebel> gihgihghghigihgihghighigighghihghighighighigih
[13:26:32] <Fiebel> mijn poesje stint
[13:26:34] <Fiebel> stinkt
[13:26:43] <Fiebel> omdat ze in dr eigen drollen heb liggen roetsjesn
[13:26:46] <Fiebel> vies beest
[13:26:51] <zovty> Choor.
[13:26:54] <zovty> Choorlappen zijnt.
[13:26:55] <zovty> Echt.
[13:27:04] <zovty> "ze zijn zo schoon op zichzelf"
[13:27:10] <Fiebel> :')
[13:27:11] <zovty> Ze wassen zich met spuug!
[13:27:17] <Fiebel> hihihihhihi
[13:27:23] <Fiebel> poesje vond mjn voorhoofd vies vanmorgen
[13:27:28] <Fiebel> GRASPGRASPGRASPGRASP
[13:27:29] <Fiebel> zo
[13:27:31] <Fiebel> oppelost
[13:27:35] <Fiebel> o nee toch niet
[13:27:41] <Fiebel> GRASPGRASPGRASPGRASP
[13:27:48] <zovty> lekker hoor.
[13:27:55] <Fiebel> viel wel mee
[13:27:57] <Fiebel> was best vies allemaal
[13:28:03] <zovty> maar toch lief.
[13:28:11] <zovty> Scheelt jou weer wat gepoets.
[13:28:16] <Fiebel> is ook
[13:28:16] <Fiebel> is ook zo
[13:28:43] *** Quits: coreblink (coreblink@145.132.131.160) (Ping timeout: 66 seconds)
[13:28:46] <zovty> Och jongens, een digitale thermometer.
[13:28:49] <zovty> Hoe moet ik dat aansluiten?
[13:28:51] *** Quits: crow (chatzilla@D97B3212.cm-3-4a.dynamic.ziggo.nl) (Ping timeout: 60 seconds)
[13:29:52] *** Joins: coreblink (coreblink@145.132.131.160)
[13:31:01] *** Joins: Teckna (jonathan@52487D74.cm-4-1b.dynamic.ziggo.nl)
[13:48:49] *** Joins: crow (chatzilla@D97B3212.cm-3-4a.dynamic.ziggo.nl)
[14:00:19] <Spacecowboy> [13:25:58]  <zovty>	En nu met de kat op de buik op de bank.
[14:00:22] <Spacecowboy> hihi ja
[14:00:27] <Spacecowboy> maar de dag is nog niet om!
[14:07:52] *** Quits: Fiebel (PrincessCo@d77048.upc-d.chello.nl) (Exit)
[14:23:43] <nomadz> al je bek gehouden en aan de stofzuiger? spacecowboy 
[14:27:01] <Spacecowboy> nee
[14:27:10] <Spacecowboy> ik zit nog goor te stinken in mn trainers
[14:27:16] <Spacecowboy> dover
[14:27:20] <Spacecowboy> tweede nalevering al vandaag
[14:27:24] <Spacecowboy> *godver
[14:29:56] <Spacecowboy> panzer division totenkopf
[14:30:02] <Spacecowboy> oh
[14:30:02] <Spacecowboy> lol
[14:31:14] <nomadz> http://www.ad.nl/ad/nl/1041/Amsterdam/article/detail/4292480/2016/04/30/Weer-oranjetoeristen-in-Amsterdam-gespot.dhtml
[14:31:15] <digibot> Title: Weer oranjetoeristen in Amsterdam gespot - AD.nl (at www.ad.nl)
[14:32:14] <Boots> lol nog steeds
[14:32:41] <Boots> Maar SOFIE is er ook lees ik
[14:32:57] <nomadz> s/SOFIE/Laura het zeilmeisje/
[14:33:45] *** ChanServ sets mode: +o nomadz
[14:34:09] *** nomadz changes topic to 'Lang leve de koningin! #30april #koninginnedag2016 '
[14:34:12] *** nomadz sets mode: -o nomadz
[14:34:15] <Boots> :D
[14:34:43] <Boots> Ik heb een oranje papiertje op mijn bureau liggen /ó\
[14:35:11] <zovty> Ik heb een oranje muur.
[14:38:09] <Boots> pics
[14:39:47] <zovty> Van me muur?
[14:41:26] <Spacecowboy> nee
[14:41:28] <Spacecowboy> van je zak
[14:41:54] <zovty> http://tinypic.com/r/mw6syo/9
[14:41:56] <digibot> Title: Image - TinyPic - Free Image Hosting, Photo Sharing & Video Hosting (at tinypic.com)
[14:42:00] <zovty> Dis van me muur.
[14:42:15] <Spacecowboy> nice
[14:42:27] <Boots> Dat is wel goed oranje ja
[14:42:32] <zovty> Ja, ik ben er ook echt blij mee. Tis mooi oranje.
[14:42:44] <Boots> Niet echt een zovte kleur
[14:43:00] <zovty> Nee, tis geen pastelletje.
[14:43:12] <Boots> :P
[14:43:14] <zovty> De andere muren zijn pastelgrijs.
[14:43:33] <Boots> Ik heb wel heel erg pastel
[14:43:34] <Boots> Zo pastel dat het wit is
[14:43:54] <Boots> Nee grapje ha ha ha 
[14:44:03] <zovty> :|
[14:44:25] <Boots> http://i.imgur.com/q7r8j81.jpg
[14:44:32] <Boots> Zie hier 3 kleuren waarvan 1 wit
[14:44:48] <zovty> Oja, plafond is ook wit.
[14:44:58] <Boots> Ohja 4 dan
[14:45:00] <Boots> :P
[14:46:50] <Boots> Het is wel een slechte kleurweergave
[14:46:52] <Boots> Maar ok.
[14:47:55] <zovty> Oh netjes hoor :)
[14:48:07] <zovty> Ben je nu aan het schilderen of dat een oude fot?
[14:48:09] <zovty> o
[14:48:36] <Boots> Oude foto
[14:48:50] <Boots> Ik zit thuis terwijl er daar laminaat gelegd wordt
[14:52:03] <Spacecowboy> ze leggen het laminaat niet in jouw huis Boots?
[14:52:57] <bReChThOu> mogge
[14:53:35] <Spacecowboy> Brechie
[14:54:02] <bReChThOu> tijd voor koffie me dunkt
[14:58:32] *** Quits: Teckna (jonathan@52487D74.cm-4-1b.dynamic.ziggo.nl) (Ping timeout: 67 seconds)
[15:01:39] <Boots> ghehe
[15:01:51] <wirky> wellekome kanonnen 
[15:01:54] <Boots> Mja officieel is de woning op de foto mijn thuis, maar ik slaap er nog niet
[15:02:17] <Spacecowboy> ah zo
[15:15:32] *** Joins: Teckna (jonathan@52487D74.cm-4-1b.dynamic.ziggo.nl)
[15:31:05] <Escovan> het is de bedoeling dat iemand begint te zeiken over dat topic hè? 
[15:33:39] *** Joins: Fiebel (PrincessCo@d77048.upc-d.chello.nl)
[15:33:44] <Fiebel> hallojonges
[15:36:04] <Escovan> hoi fiebs!
[15:36:11] <Escovan> Wat fijn dat jij er bent!
[15:36:15] <Fiebel> hallo esco
[15:36:16] <Fiebel> dank je wel
[15:36:37] <Escovan> nog wat meegemaakt vandaag?
[15:36:50] <Fiebel> gelukkig niet
[15:36:53] <Fiebel> gelukkig niet!
[15:36:56] <Fiebel> ik moet er niet aan denken
[15:37:00] <Escovan> ha ha
[15:37:16] * Escovan heeft zijn ¨DRAMA KING¨ longsleeve aan - BRING IT ON!
[15:37:28] <Fiebel> nou jij liever dan ik!
[15:37:54] *** Joins: Fokker_1719 (Mibbit@91.181.185.218)
[15:39:37] <zovty> Hoi Fokker_1719.
[15:39:42] <zovty> Gezellig dat je er bent.
[15:40:00] <Fiebel> :|
[15:40:07] *** Quits: Fokker_1719 (Mibbit@91.181.185.218) (Exit)
[15:40:13] <zovty> Padaa.
[15:40:15] <rawplayer> hoi ijsje
[15:40:19] <zovty> Hoi rawplayer.
[15:40:21] <Fiebel> rawplayer?
[15:40:30] <Fiebel> zou zovty hebben gezien dat ik er ook was?
[15:40:32] <Fiebel> denk je?
[15:40:35] <zovty> Fabis.
[15:40:38] <zovty> Ja natuurlijk meid.
[15:40:39] <Fiebel> o hallo zovty!
[15:40:45] <zovty> Hallo fiebie.
[15:40:54] <rawplayer> fabis ik denk het wel
[15:41:03] <rawplayer> vroeger werden we nog begroet
[15:41:07] <Fiebel> ja
[15:41:08] <Fiebel> ooit
[15:41:10] <zovty> Ja, nou, jongens. Zeg.
[15:41:15] <zovty> Ik ga gewoon praten met die fokker.
[15:41:18] <Fiebel> toen we er nog toe deden
[15:41:20] <zovty> En jullie waren er toevallig ook.
[15:41:27] <zovty> Jullie zeiden ook niks ofzo.
[15:41:32] <Fiebel> toen wij nog belangrijk waren
[15:41:38] <rawplayer> ja
[15:41:39] <zovty> Jahoor ja.
[15:41:40] <rawplayer> maar ha
[15:41:40] <zovty> Doe maar zo.
[15:41:42] <rawplayer> ja
[15:41:46] <rawplayer> mooie tijden
[15:41:47] <zovty> Lekker sfeertje weer.
[15:41:48] <rawplayer> waren dat
[15:41:48] <Fiebel> die tijden zijn blijkbaar ook voorbij
[15:41:53] <rawplayer> precies
[15:41:59] <Fiebel> ga maar lekker met fokker zoveel naar de maladiven
[15:42:01] <zovty> Een en al afgunst is misegonie.
[15:42:09] <zovty> Ik weet niet wat dat betekent, maar ik wilde het gewoon een keer gebruiken.
[15:42:10] <rawplayer> ja
[15:42:12] <rawplayer> ga maar
[15:42:14] <rawplayer> laat ons maat
[15:42:15] <Fiebel> dat totaal niet
[15:42:16] <rawplayer> achter
[15:42:17] <Fiebel> maar toch schattig
[15:42:18] <zovty> Oh!
[15:42:19] <zovty> Nou!
[15:42:24] <zovty> Ons plan voor kaap verdie...
[15:42:26] <rawplayer> neem bierbie ook maar mee
[15:42:30] <zovty> Daar zijn we ook mooi aan ontsnapt he.
[15:42:33] <Fiebel> ja?
[15:42:58] <zovty> Ja, staatsgreep toch?
[15:43:02] <Fiebel> ist heus?
[15:43:02] <zovty> Of wat was dat nou?
[15:43:08] <zovty> Een moordenaar on the loose.
[15:43:08] <Fiebel> ik leef buiten de wereld van de actualiteiten he
[15:43:09] <zovty> Ik weet het niet.
[15:43:15] <Fiebel> goed verhaal
[15:43:21] <zovty> Ik hoorde zoiets en ik kon alleen maar opgelucht ademhalen.
[15:43:27] <Fiebel> goed zo
[15:43:30] <Fiebel> goed ademe
[15:43:41] *** Joins: Beer`__ (beer@5ED0808C.cm-7-1c.dynamic.ziggo.nl)
[15:43:52] <zovty> http://www.nu.nl/buitenland/4253297/elf-doden-bij-schietpartij-kazerne-kaapverdie.html
[15:43:54] <zovty> Dit.
[15:43:57] <zovty> Ja, was eigenlijk niks aan de hand dus.
[15:44:06] <zovty> Nouja, wel wat, maar niks gekkers dan in breda of roffa.
[15:44:07] <Fiebel> ja daar waren wij toch niet geweest
[15:44:12] <Fiebel> wij waren in het resort
[15:44:18] <zovty> Tis maar klein.
[15:44:23] <zovty> Tis echt heel klein.
[15:44:26] *** Quits: Teckna (jonathan@52487D74.cm-4-1b.dynamic.ziggo.nl) (Ping timeout: 66 seconds)
[15:44:27] <Fiebel> wij toch ook
[15:44:29] <Fiebel> wij vallen niet op
[15:44:34] <Fiebel> iepiepiep
[15:44:40] <zovty> Je kunt niet zeggen; daar waren we niet in de buurt, want alles is eigenlijk wel in de buurt.
[15:44:41] <Fiebel> og 3 cocktails alstublieft iepiep
[15:45:01] <zovty> GLoekgloek.
[15:45:12] <zovty> CAn i see your bracelet.
[15:45:26] <Fiebel> *wapperwapper*
[15:45:45] *** Joins: Teckna (jonathan@52487D74.cm-4-1b.dynamic.ziggo.nl)
[15:46:17] <zovty> Ik stond ene keertje in zo een rij. Een gesprekje tussen een engelse mevrouw en een spaans sprekende barman te volgen.
[15:46:19] <rawplayer> ups
[15:46:22] <rawplayer> mghihi
[15:46:29] <zovty> Ze wilde ananassap, maar dat begreep hij niet.
[15:46:56] <zovty> Zij allemaal pinapplejuice pineapple. Hij steeds zo: apple? apple juice?
[15:46:56] <Fiebel> ochoch
[15:46:59] <Fiebel> wat een armoe
[15:47:10] <rawplayer> nou
[15:47:14] <rawplayer> niks voor mij
[15:47:19] <zovty> Dus dat duurde zo even, en lalala.
[15:47:28] <zovty> Dus ik zeg: pino!
[15:47:32] <rawplayer> is daar internet?
[15:47:37] <zovty> Ohhhhhhhhh zei de man en ging ananassap pakken.
[15:47:40] <Fiebel> pino griegio
[15:47:46] <zovty> Die mevrouw vond me de grootste talenwonden van de wereld.
[15:47:52] <zovty> Totdat ik zei dat het van pino collado was.
[15:47:54] <Fiebel> lekker bloeden uit je talenwond
[15:47:58] <rawplayer> kreeg je een b/j?
[15:48:03] <zovty> Nee.
[15:48:07] <zovty> Maar wel een vriendelijk knikje van haar man.
[15:48:23] <bReChThOu> zumo de piña
[15:48:28] <Fiebel> nee daar kom je lekker veel voor
[15:48:29] <bReChThOu> pina collada
[15:49:06] *** Quits: Beer`__ (beer@5ED0808C.cm-7-1c.dynamic.ziggo.nl) (Exit)
[15:50:18] <zovty> Dag beer.
[15:50:18] *** Joins: Beer`__ (beer@5ED0808C.cm-7-1c.dynamic.ziggo.nl)
[15:50:21] <zovty> Hoi beer.
[15:50:23] <zovty> Daar ben je weer.
[15:50:28] <zovty> Heb je het heen en weer beer?
[15:50:42] <zovty> Of ga je over 3 minuten weer een keer?
[15:51:07] <Fiebel> wat een heerlijk bakje koffie
[15:51:11] <Fiebel> en ook zo welverdiend
[15:51:19] <zovty> Dat heb jij ook welverdiend.
[15:51:22] <Fiebel> ja
[15:51:27] <Fiebel> ik ammaal zo tippetippetip
[15:51:31] <zovty> Met al jouw goed en pracht en praal heb jij de wereld weer een beetje beter gemaakt.
[15:51:32] <Fiebel> terwijl ik daar helemaal geen zin in had he
[15:51:34] <Fiebel> dat zeg ik eerlijk
[15:51:37] <zovty> Het was niet makkelijk, maar het is het waard.
[15:51:40] <Fiebel> maar ik ging toch zo van tippetippe!!
[15:51:45] <zovty> Goed hoor.
[15:51:47] <zovty> Dat is goed.
[15:51:53] <zovty> Lekker tegen je eigen wil in gaan.
[15:51:54] <rawplayer> ja fabis
[15:51:59] <zovty> Laten zien wie er de bas is.
[15:51:59] <rawplayer> je had ook niet kunnen gaan he
[15:52:03] <zovty> Fab is.
[15:52:07] <Fiebel> ik zeg altijd maar zo
[15:52:09] <rawplayer> dat zou een doodzonde zijn geweest
[15:52:10] <Fiebel> de enige slechte tippel
[15:52:13] <Fiebel> is een gemiste tippel
[15:52:16] <zovty> Zo is dadt.
[15:52:16] <rawplayer> mghihhihihiih
[15:52:18] <rawplayer> O+
[15:52:31] <zovty> Ja, zo is het gewoon wel toevallig.
[15:52:31] <rawplayer> lekker over de keilenweg
[15:52:44] <zovty> Och och.
[15:52:50] <zovty> Meneer moet er weer iets ordinairs van maken.
[15:52:57] <Fiebel> ja
[15:53:03] <rawplayer> dat is toch gewoon een weg?
[15:53:06] <Fiebel> terwijl ik gewoon een keurige route sjokte
[15:53:07] <zovty> Nee.
[15:53:09] <Fiebel> met mijn zieltje onde rmijn arm
[15:53:17] <zovty> Dat is niet gewoon een weg.
[15:53:25] <zovty> En van de miljoen gewone wegen kies jij precies die ongewone.
[15:53:32] <zovty> Dat is geen toeval vriend.
[15:53:35] <zovty> Dat is opzet.
[15:53:45] <zovty> Kwade, schunnige, ordinaire opzet.
[15:53:49] <zovty> Ik je wel door mannetje.
[15:54:03] <rawplayer> erm.. ok
[15:54:09] <zovty> Jij wil stoere grapjes maken over de rug van de zware tippel van ons arme fabisje.
[15:54:18] <zovty> Kind heb het al zo moelijk.
[15:54:20] <Fiebel> :Y
[15:54:22] <zovty> En dat wil jij dan nog even uitbuiten.
[15:54:23] <Fiebel> is wel
[15:54:24] <Fiebel> s wel zo
[15:54:27] <Fiebel> supermoeilijk
[15:54:45] <rawplayer> je praat mij schuld aan
[15:54:48] <rawplayer> :(
[15:54:56] <rawplayer> ik bedoelde het niet zo
[15:55:00] <zovty> En dan eerst allemaal nog jerimijeren over vroeger was alles beter...
[15:55:07] <zovty> Nou inderdaad, vroeger was ook alles beter.
[15:55:16] <zovty> Toen flikten we elkaar dit soort streken ook niet.
[15:55:22] <rawplayer> toen waren er minder paradieten
[15:55:40] <Fiebel> lekker paradieren
[15:55:42] <zovty> Dan moet je gewoon eens een goeie scrubgel gebruiken.
[15:55:58] <zovty> Of weet ik veel waar je last van hebt.
[15:56:41] <zovty> Och jongens toch.
[15:56:49] <zovty> Dus we kunnen veilig naar kaapverdie.
[15:56:55] <zovty> Is iedereen al ingeent?
[15:56:57] <zovty> Nee?
[15:57:01] <zovty> Mooi, want dat hoeft ook niet :D.
[15:57:03] <Fiebel> nee
[15:57:06] <Fiebel> o
[15:57:07] <Fiebel> fijn
[15:57:16] <zovty> Ja, schelet weer een hoop gedoe en centjes.
[15:57:27] <Fiebel> en hoe zit het met zika/
[15:57:30] <zovty> Ja wel goed hoor.
[15:57:35] <zovty> De eerste dooien beginnen te vallen.
[15:58:01] <Fiebel> als speelgoedsoldaatjes?
[15:58:05] <zovty> Nou nee.
[15:58:21] <zovty> Er is aangetoond dat iemand die in februari is overleden die ziekte had.
[15:58:23] <zovty> Zoiets.
[15:58:39] <Fiebel> och erm
[15:58:40] <zovty> Maar hij is uit een hijskraan gevallen.
[15:58:43] <zovty> Nee, dat is niet waar.
[15:58:45] <Fiebel> ik zou nog wel een kopje lusten
[15:58:47] <Fiebel> mag wel toch?
[15:58:50] <zovty> Jahoor.
[15:58:56] <zovty> Slapen doe je maar als je dood bent.
[15:58:56] <Fiebel> eerst mn glas leeg!!!
[15:59:01] <zovty> Zo rustig.
[15:59:16] <Fiebel> nee
[15:59:18] <Fiebel> sbelangrijk
[15:59:25] <zovty> Ja.
[15:59:40] <zovty> Maar belangrijke dingen komen juist wat beter aan als ze rustig worden gebracht.
[15:59:54] <Fiebel> mja
[15:59:55] <Fiebel> :<
[16:00:09] <zovty> Sipneus.
[16:00:12] <Fiebel> mja
[16:00:23] <zovty> Het is 4 uur.
[16:00:26] <zovty> Prusies.
[16:00:30] <Fiebel> fijne 4 uur
[16:00:33] <zovty> Jij ook he.
[16:00:39] <zovty> Player.
[16:01:39] <zovty> Is weer kakken natuurlijk.
[16:01:44] <Fiebel> hij wel
[16:01:48] <Fiebel> ik had drie grote paketten
[16:01:48] <zovty> Jajoh.
[16:01:48] <Fiebel> nee
[16:01:50] <Fiebel> wat zeg ik
[16:01:50] <Fiebel> 4
[16:01:52] <Fiebel> in een levering
[16:01:54] <zovty> Oh nou.
[16:01:55] <Fiebel> en ik voel nog van alles
[16:01:58] <Fiebel> rommelen
[16:02:00] <Fiebel> en bommelen
[16:02:03] <zovty> Lekker hoor.
[16:02:07] <zovty> Hou het goed in beweging he.
[16:02:12] <zovty> Vezels vezels vezels.
[16:02:34] <Fiebel> ik zou wel off the grid willen zijn
[16:02:39] <Fiebel> maar dan mag je vast niet internetten
[16:02:39] <zovty> Ja, ik ook.
[16:02:43] <Fiebel> want dan vinden ze je gelijk
[16:02:46] <zovty> Ja.
[16:02:55] <zovty> Ja, dat is wel zo.
[16:03:00] <zovty> Maar heb je internet echt nodig?
[16:03:03] <Fiebel> nee
[16:03:12] <zovty> Nou dan.
[16:03:18] <zovty> Off you go.
[16:03:19] <Fiebel> maar ik zou me zonder echt helemaal de pestspokkepleuristiefus in vervelen
[16:03:22] <Fiebel> dat dan weer wel
[16:03:25] <zovty> Nou.
[16:03:36] <zovty> Lijkt me dat als je helemaal off the grid bent je genoeg hebt om je bezig te houden hoor.
[16:03:48] <Fiebel> hoe moet ik dan boodschappen bestellen?
[16:03:50] <Fiebel> zonder internet
[16:03:56] <zovty> Ja, zelf verbouwen he.
[16:04:04] <Fiebel> asjebliet kind
[16:04:06] <zovty> Koffieboompje.
[16:04:09] <Fiebel> gihgghigihhig
[16:04:11] <Fiebel> highlight fieb
[16:04:18] <zovty> :)
[16:04:44] <Fiebel> maar ik heb alleen pepers
[16:04:48] <Fiebel> en daar kan een mens niet op leven
[16:04:52] <Fiebel> en eigenlijk heb ik die nog niet ees
[16:04:56] <zovty> Ja, ik zeg ook niet dat je nu gelijk off the grid moet gaan.
[16:04:59] <zovty> Zoiets moet je preppen he.
[16:05:01] <Fiebel> en een poesje braden houdt je ook hooguit 3 dagen in leven
[16:05:11] <Stuiterbal> ieuw
[16:05:16] <Fiebel> als ik een preper zou zijn zou ik wel een baard willen hebben
[16:05:16] <zovty> Zijn toch 3 heerlijke dagen.
[16:05:18] <Fiebel> en beenhaar
[16:05:26] <zovty> Ej.
[16:05:32] <zovty> Niet het tipje van me sluier oplichten
[16:05:34] <zovty> .
[16:05:42] <Fiebel> ?
[16:05:51] <zovty> Jajoh.
[16:06:00] <Stuiterbal> zovty wil het nog spannend houden voor jullie #fok-meetup.
[16:06:11] <Fiebel> nou
[16:06:11] <zovty> HOWTO PREP 1. Grow a beard.
[16:06:18] <Fiebel> dat zal me een partij verrassend zijn ammoal
[16:06:29] <zovty> Blijk ik ineens een neger.
[16:06:57] <Fiebel> met 20 cm piemperd!!!
[16:07:04] <zovty> Als ik m'n baard afdoe.
[16:07:11] <Fiebel> ipv die schamele 19,5
[16:07:22] <zovty> Ach ach.
[16:07:26] <zovty> Waarnou weer zo neerbuigend.
[16:07:32] <Fiebel> o
[16:07:36] <Fiebel> zo bedoelde ik het niet
[16:07:39] <zovty> 19,5 is ook prima.
[16:07:40] <Fiebel> het spijt me als het zo overkwam
[16:07:41] <Fiebel> is ook
[16:07:43] <Fiebel> is ook zo
[16:07:43] <zovty> Niks om je voor te schamen.
[16:07:45] <Fiebel> is ook helemal zo
[16:07:59] <zovty> Ja.
[16:08:03] <zovty> Stuiter.
[16:08:06] <Fiebel> ik krijg dit glas niet leeg hoor
[16:08:07] <zovty> Hoe is jouw dag tot nu toe?
[16:08:13] <zovty> Joh gooi het uit het raam.
[16:08:19] <Fiebel> nee
[16:08:20] <zovty> Moet het glas leeg of moet het in jou?
[16:08:24] <Fiebel> in mij
[16:08:27] <Fiebel> e inhoud
[16:08:27] <zovty> O.
[16:08:30] <zovty> Ja, nee, ok.
[16:08:36] <zovty> Dan zou het valsspelen zijn.
[16:08:42] <Fiebel> ja
[16:08:43] <Fiebel> en weet je
[16:08:44] <rawplayer> dankje ijsje
[16:08:48] <Fiebel> wie ik daar het meest mee heb?!
[16:08:52] <rawplayer> voor de fijne 4 uur
[16:08:54] <zovty> Jezelf.
[16:08:58] <Fiebel> juistems±!!!!!!!!
[16:09:04] <zovty> Ik wist dat wel.
[16:09:05] <Fiebel> ga je nog naar de parenclub rawpy?
[16:09:35] <zovty> MOeten we nog soufleren?
[16:09:42] <zovty> Of hoe heet dat.
[16:09:47] <Fiebel> voorzeggen?
[16:09:51] <zovty> Ja, dat.
[16:09:59] <Fiebel> zoals zereneusdebersjerak
[16:10:06] <zovty> Wi
[16:10:13] <Fiebel> zereneusdebersjerak
[16:10:17] <zovty> Wiwi
[16:11:18] <Fiebel> glaasje leeg
[16:11:19] <Fiebel> in mij
[16:11:25] <zovty> Goed hoor.
[16:11:29] <zovty> Lekker bakkie drachteraan.
[16:11:32] <zovty> Ff verzadigen.
[16:12:02] <zovty> Ik had eigenlijk lekker chips moeten kopen.
[16:13:15] <bReChThOu> kan nog steeds
[16:15:30] <Fiebel> och jonges
[16:15:35] <Fiebel> leker 2 parianootjes na
[16:16:08] *** Quits: Jeroen (Jeroen@ip82-139-124-155.lijbrandt.net) (Exit)
[16:18:12] <zovty> Ja, zou wel kunnen, maar dan moet ik weer opstaan enzo.
[16:18:32] <Fiebel> zal ik het anders even komen brengen?
[16:37:31] <Fiebel> och jonges
[16:37:34] <Fiebel> had ik maar iets vettigs
[16:41:23] <Fiebel> och
[16:41:24] <Fiebel> och
[16:41:25] <Fiebel> och
[16:41:26] <Fiebel> och
[16:41:26] *** Fiebel was kicked by Pandora (Stop repeating yourself!)
[16:41:26] *** Joins: Fiebel (PrincessCo@d77048.upc-d.chello.nl)
[16:41:27] <rawplayer> och jonges
[16:41:28] <Fiebel> gigihighigh
[16:41:30] <Fiebel> ooooooooch
[16:41:31] <rawplayer> ik was ff douchen
[16:41:36] <rawplayer> nu heb ik het warm
[16:41:37] <rawplayer> :s
[16:46:10] *** Quits: xehbit (xehbit@kevin.cloud.tilaa.com) (Exit)
[16:46:46] *** Joins: xehbit (xehbit@kevin.cloud.tilaa.com)
[16:47:01] <rawplayer> och jonges
[16:47:05] <rawplayer> fabis is er
[16:47:07] <rawplayer> ijsje half
[16:47:11] <rawplayer> die speelt met zijn tronica
[16:47:16] <rawplayer> tedere tronica
[16:47:19] <rawplayer> wie kent die nog?
[16:48:08] <Fiebel> gihgihghiigihgihgihgih
[17:13:12] <zovty> Sorry wat.
[17:13:20] <zovty> Ik ben er.
[17:13:28] <Fiebel> goed zo kind
[17:13:29] <Fiebel> goed er ijn
[17:13:30] <Fiebel> goeeed er zijn
[17:13:36] <zovty> Jajoh.
[17:13:42] <zovty> Ik ben er toch.
[17:13:47] <zovty> Ik ben er toch ook geowon.
[17:13:49] <zovty> Ja.
[17:13:51] <zovty> Ik ben er.
[17:13:54] <Fiebel> jij mag er toch ook zijn kind
[17:13:56] <zovty> Dat kun je niet blijven ontkennen.
[17:13:58] <Fiebel> jij mag er toch ook zijn
[17:14:11] <zovty> Player.
[17:14:23] <zovty> Als ik straks moet komen helpen in je huis.
[17:14:30] <zovty> Dan kom ik wel de wifi kabels trekken hoor.
[17:14:57] <zovty> (Fabis: de grap is juist dat wifikabels niet bestaan. Dat is net zoiets als bougievonkjes of plintentrapje.)
[17:15:05] <Fiebel> hhihihihihihihihihihihi
[17:15:06] <Fiebel> gmeen
[17:15:09] <Fiebel> hiihhiihihhihihiihiihihhiih
[17:15:20] <zovty> Sst sst.
[17:15:45] <Fiebel> o
[17:15:47] <Fiebel> pardon
[17:16:00] <zovty> Ginniks kul.
[17:16:02] <zovty> Ginniks.
[17:16:21] <Fiebel> gelukkig maar
[17:16:37] <zovty> Ja tok.
[17:16:47] <zovty> Dus.
[17:17:00] <zovty> TOch een beetje onwerkelijk zo.
[17:17:05] <zovty> Op 30 april
[17:17:07] <Fiebel> ja?
[17:17:09] <zovty> Zo'n gewone zaterdag.
[17:17:20] <zovty> VInd je neit?
[17:17:26] <Fiebel> wel fijn altijd als dat soort zeut niet in het weekend is
[17:17:33] <zovty> Ja, dat wel.
[17:17:34] <Fiebel> voor de mensen die binnen het concept van de tijd leven
[17:17:39] <zovty> Hmhm.
[17:18:25] <zovty> Zal ik friet betstellen?
[17:18:29] <zovty> Ik heb gisterne al mac op.
[17:18:32] <Fiebel> beter van niet he
[17:18:35] <Fiebel> beter van niet natuurlijk
[17:18:37] <zovty> Nee, beter van niet.
[17:18:47] <zovty> Maarja, wat heb ik verder eigenlijk.
[17:18:58] <zovty> Ammal van die gezonden dingen.
[17:19:01] <Fiebel> hoe vaak ben je afgelopen week naar je werk gefietst?
[17:19:04] <zovty> Daar heb een mens toch geen zin in.
[17:19:06] <zovty> 0 keer.
[17:19:09] <Fiebel> hm
[17:19:26] <zovty> Jamaar fabis, dat is serieus onmenselijk.
[17:19:30] <zovty> Dat is geen maatstaf.
[17:19:35] <Fiebel> hm
[17:19:45] <zovty> Dat is hetzelde als aan rawplayer vragen; hoevaak ben je al op de zon geland?
[17:19:51] <Fiebel> hm
[17:19:58] *** Quits: TooL (x@ip172-92-210-87.adsl2.static.versatel.nl) (Ping timeout: 61 seconds)
[17:20:01] <zovty> Dag tool.
[17:20:59] <zovty> 1 miljoen jaar evolutie, ontwikkeling, vooruitgang en we gooien het allemaal weg omdat het te snel zou zijn gegaan?
[17:21:13] <zovty> Jahoor ja. Die 1 miljoen jaar zijn echt voorbij gevloooogen.
[17:21:17] <Fiebel> ik weet persoonlijk van niks
[17:21:26] <zovty> Nee, maar hunnie van de paleo.
[17:21:34] <Fiebel> o
[17:22:10] <zovty> Dat is nog serieus duur man zo'n macbook.
[17:22:14] <Fiebel> ja
[17:22:14] <zovty> In mijn herinnering waren die niet zo duur.
[17:22:15] <Fiebel> weet ik
[17:22:21] <Fiebel> ik zou persoonlijk ook wel een nieuwe willen
[17:22:24] <Fiebel> zo langzamerhand
[17:22:29] <zovty> Ja, die nieuwe zijn echt vet.
[17:22:30] <Fiebel> but that shits never gonna happen
[17:22:32] <zovty> Of juist niet.
[17:22:38] <zovty> Je moet een chromebook kind.
[17:22:43] <zovty> Je moet gewoon een chromebook.
[17:22:45] <Fiebel> weet ik veel
[17:22:53] <zovty> Kost geen drol, supersnel kan niks en kan niet stuk.
[17:23:13] <Fiebel> ik heb een htc flyer
[17:23:19] <Fiebel> gekregen
[17:23:23] <zovty> Wat is dat?
[17:23:24] <Fiebel> ik weet niet zo goed wat ik er mee moet
[17:23:27] <Fiebel> mn omdat hij het niet doet
[17:23:27] <Fiebel> ja
[17:23:30] <Fiebel> een soort tablet
[17:23:34] <Fiebel> waar je ook mee kan bellen
[17:23:36] <Fiebel> als je dat zou willen
[17:23:38] <Fiebel> wat ik niet wil
[17:23:58] <zovty> Ok, nou cool.
[17:24:08] <Fiebel> ja behalve dat hij het niet doet
[17:24:11] <Fiebel> :')
[17:24:17] <zovty> Ja, en dat je er niks mee wil.
[17:24:20] <zovty> Dus dat matcht toch mooi.
[17:24:26] *** Joins: Jeroen (Jeroen@54188FF8.cm-5-1c.dynamic.ziggo.nl)
[17:24:44] <zovty> Maar tablet is ook niet zo handig.
[17:24:52] <Fiebel> ja nou ja ik had wel bedacht er eventjes sportifry op te zetten
[17:24:54] <zovty> Er zit namelijk geen toetsenbord aan.
[17:24:56] <Fiebel> en kijken hoe dat uitpakt
[17:24:56] <Fiebel> nee
[17:24:58] <zovty> Oh, dat zou kunnen.
[17:25:01] <Fiebel> ik ben dol op toetsenborden
[17:25:02] <Fiebel> ja
[17:25:05] <Fiebel> maar dat doet het dus niet
[17:25:08] <zovty> O.
[17:25:11] <zovty> y not?
[17:25:18] <Fiebel> wissik het maar
[17:25:23] <zovty> Ja.
[17:25:41] <zovty> Dat had een oplossing dan wel een stuk dichter bij gebracht.
[17:25:43] <Fiebel> hij zegt ja blablabla om uit de playstore te dingessen moet je aangemeld zijn met je googleaccount tjikkie
[17:25:47] <Fiebel> MAAR dat BEN IK
[17:25:51] <zovty> O, ah.
[17:25:59] <zovty> Issie helemaal up-date?
[17:26:05] <Fiebel> nou nee
[17:26:08] <zovty> Ahja.
[17:26:13] <Fiebel> daarvoor mij hij updates uit de store kunnen halen he
[17:26:16] <zovty> Hmhm.
[17:26:19] <Fiebel> en om updates uit de store te halen....
[17:26:29] <Fiebel> SNAPPIE MIJN CATCH 22??
[17:26:29] <zovty> Fabrieksintellinkjes?
[17:26:32] <Fiebel> snap jij wel he
[17:26:35] <zovty> Jaja.
[17:26:35] <Fiebel> ja dat staat ie nu
[17:26:40] <zovty> O.
[17:26:51] <zovty> Heb je je ook aangemeld met je htc account?
[17:27:01] <Fiebel> kebdatnieteens
[17:27:05] <zovty> Ahja.
[17:27:17] <zovty> Ja, in de logisch apple wereld meld je je aan metj e account en dan is het goed.
[17:27:40] <Fiebel> ja
[17:27:42] <zovty> In de androidhell moet je aanmelden bij allerlei bullshit om een beetje updates af te kunnen troggelen van dide fuckers.
[17:27:50] <Fiebel> en dan zegt ie piiiiiiiiiiiiiiiiiiiiiiiiiiiiiiiiiiiiiiiiiiiiiiiiiiiiiiiiiiiiiiiiiin
[17:28:01] <zovty> Ja.
[17:28:08] <zovty> Dan moetje maar geen gestolen waren helen.
[17:28:13] <zovty> Of ed pin onthouden.
[17:28:23] <Fiebel> pep is een kleine mientje wijdbeens
[17:28:28] <zovty> Lekker liggen.
[17:28:29] *** Joins: TooL (x@ip172-92-210-87.adsl2.static.versatel.nl)
[17:28:44] <Fiebel> o
[17:28:51] <Fiebel> nu is ze een mieltje hollelik
[17:28:54] <Fiebel> tkansnelgaan
[17:28:59] <zovty> Lekker hoor.
[17:29:04] <Fiebel> ja
[17:29:57] <zovty> Doe maar ff htc acountje aanamekn ,dat is meestal wel eht ebste denk ik
[17:30:01] <zovty> jzus
[17:30:06] <Fiebel> ja nou ja
[17:30:09] <Fiebel> het is nu in de kast
[17:30:12] <Fiebel> daar ligt het wel goed
[17:30:12] <Fiebel> gihghighig
[17:30:14] <Fiebel> zeg ik eerlijk
[17:30:15] <zovty> jajoh
[17:30:18] <zovty> lekker liggen.
[17:31:50] <zovty> Zal ik anders gewoon een lekker broodje tonijn maken?
[17:31:58] <zovty> Ken wel toch.
[17:32:14] <Fiebel> och heerlijk
[17:32:16] <Fiebel> was ik maar jou
[17:32:23] <zovty> Ruilen?
[17:32:34] <Fiebel> mag pep mee?
[17:32:48] <zovty> Eh.
[17:32:51] <Fiebel> en mag k hier blijven wonen?
[17:33:11] <zovty> Ja, als jij daar blijft wonen dan blijft pep toch ook daar en dan is hettoch goed?
[17:33:35] <Fiebel> welja
[17:33:52] <zovty> Ok.
[17:34:03] <zovty> Ga ik ff op eBay een toverwortel ofzo zoeken.
[17:34:12] <Fiebel> ihhiiihihihhiiih
[17:34:14] <Fiebel> "toverwortel"
[17:34:16] <Fiebel> ihihihhihihihihi
[17:34:18] <zovty> :|
[17:34:21] <zovty> Ook al zo.
[17:34:51] <zovty> Ga je mijn barre toch over de dorre vlakten en zompige krochten van eBay weer gebruiken om je stoere grapjes te kunnen maken.
[17:34:54] <zovty> Lekker hoor.
[17:35:05] <Fiebel> och kind
[17:35:07] <Fiebel> zzoetma
[17:35:09] <zovty> Zit ik eerst die ene af te branden voor hetzelfde en sta jij aanmoedigend olie op het voor te gooien.
[17:35:13] <zovty> En nu de je zelf.
[17:35:22] <Fiebel> vuur
[17:35:24] <zovty> Ja zoetma stilma lma.
[17:36:08] <zovty> Rawplayer.
[17:36:24] <zovty> Zie je nou dat ik ook voor haar streng en rechtvaardig ben en gelijk ingrijp.
[17:37:27] <Fiebel> kzal jou eens ingrijpen
[17:37:38] <zovty> Gnangnang.
[17:37:46] <zovty> Gnanggnagstyle.
[17:37:49] <zovty> W0pw0p
[17:37:58] <zovty> HIhiih.
[17:38:00] <zovty> Ik wou dat ik hem was.
[17:40:02] <Fiebel> ik wou dat ik de hulk was en de bank kon optillen
[17:40:09] <Fiebel> om alle 14 balletjes die pep kwijt is te pakken
[17:42:14] <SOFIE> d
[17:42:18] <SOFIE> yo
[17:44:19] <Fiebel> ha sofie!
[17:48:57] <Boots> Nog naar het bootfeest geweest?
[17:50:54] <Fiebel> ha boots
[17:51:02] <Fiebel> waarom hadden wij geen uitnodiging voor het bootsfeest?
[17:51:44] *** Joins: Vipertje (tweak@54182E79.cm-5-1a.dynamic.ziggo.nl)
[17:57:52] <Boots> Je moest in oranje in Amsterdam verschijnen
[17:58:18] <Fiebel> o 
[17:58:19] <Fiebel> te veel gedoe
[17:59:31] <SOFIE> Bootjesfeest
[17:59:34] <SOFIE> hahq
[18:13:24] <Boots> http://www.ad.nl/ad/nl/1041/Amsterdam/article/detail/4292480/2016/04/30/Weer-oranjetoeristen-in-Amsterdam-gespot.dhtml
[18:13:26] <digibot> Title: Weer oranjetoeristen in Amsterdam gespot - AD.nl (at www.ad.nl)
[18:13:29] <Boots> Dat.
[18:33:20] *** Quits: SubSpace (subspace@D57DD135.static.ziggozakelijk.nl) (Ping timeout: 60 seconds)
[18:33:23] *** Joins: SubSpace (subspace@D57DD135.static.ziggozakelijk.nl)
[18:54:45] <Fiebel> ooooooooooh mi gado
[18:54:49] <Fiebel> duizend ballen onder de bank vandaan
[19:06:15] <zovty> BUIT!
[19:06:26] <Fiebel> MIJN!
[19:06:32] <zovty> Oh nou.
[19:06:47] <Fiebel> ik heb er al weer 999 verstopt
[19:06:52] <Fiebel> zal dr leren
[19:06:53] <zovty> Goedzo.
[19:06:54] <crow> gag balls
[19:06:57] <zovty> 1 speel per dag.
[19:07:07] <crow> ow katte balletjes 
[19:07:24] <Fiebel> muis is r altijd
[19:07:25] <Fiebel> sowieso
[19:07:37] <Fiebel> al is muis nu meer een regenworm met een klont aan het einde
[19:08:15] <zovty> Vies.
[19:08:23] <zovty> Viezig hoor.
[19:08:32] <Fiebel> ja
[19:08:34] <zovty> Regenwormen vind ik maar viezig, persoonlijk.
[19:08:34] <Fiebel> maar wel ze lievelings
[19:08:41] <Fiebel> weet je wat ik viezer vind?
[19:08:41] <zovty> Ja, dat heb je zo wel eens.
[19:08:48] <Fiebel> naaktslakken
[19:08:49] <Fiebel> :r
[19:08:52] <zovty> Hier was discomuis de favoriet, maar die is helaas overleden.
[19:09:00] <Fiebel> ocherm
[19:09:03] <Fiebel> geef die kind een nieuwe
[19:09:09] <zovty> Ja.
[19:09:12] <zovty> Maar die is dus stom.
[19:09:18] <Fiebel> muisworm kwam met pep uit het asiel
[19:09:21] <Fiebel> dus das toch emotioneel
[19:09:25] <zovty> Ohja.
[19:10:07] *** Quits: Stuiterbal (Stuit@2001:980:5281:1:f953:94bf:141d:d478) (Ping timeout: 66 seconds)
[19:12:43] *** Quits: Dubbeldrank (is@niet.te.zuipen) (Ping timeout: 60 seconds)
[19:12:43] *** Quits: SOFIE (saartj@2001:1608:12:1:beef:beef:1a1a:ffee) (Ping timeout: 60 seconds)
[19:16:56] *** Joins: Dubbeldrank (is@niet.te.zuipen)
[19:16:56] *** ChanServ sets mode: +qo Dubbeldrank Dubbeldrank
[19:18:14] *** Quits: appeltjes2 (appel@appel.centravi.org) (Ping timeout: 67 seconds)
[19:18:26] *** Joins: Guyver2 (Guyver2@guyver2.xs4all.nl)
[19:18:46] *** Quits: Ou-Tannu (Ou-Tannu@5249248B.cm-4-2a.dynamic.ziggo.nl) (Ping timeout: 66 seconds)
[19:18:53] *** Joins: Ou-Tannu (Ou-Tannu@5249248B.cm-4-2a.dynamic.ziggo.nl)
[19:19:04] *** Quits: Jeroen (Jeroen@54188FF8.cm-5-1c.dynamic.ziggo.nl) (Ping timeout: 66 seconds)
[19:20:02] *** Joins: Jeroen (Jeroen@54188FF8.cm-5-1c.dynamic.ziggo.nl)
[19:20:19] <Bertone> oeps, time to go
[19:20:51] *** Joins: appeltjes2 (appel@2001:41d0:b:550:6667:0:0:11)
[19:21:14] *** Joins: Stuiterbal (Stuit@2001:980:5281:1:f953:94bf:141d:d478)
[19:22:00] *** Quits: wirky (werken@ip503c7f23.speed.planet.nl) (Ping timeout: 60 seconds)
[19:22:03] *** Quits: appeltjes2 (appel@2001:41d0:b:550:6667:0:0:11) (Ping timeout: 64 seconds)
[19:22:12] *** Quits: V2 (V2@aeon.hgd.crondor.net) (Ping timeout: 64 seconds)
[19:22:42] *** Joins: V2 (V2@aeon.hgd.crondor.net)
[19:23:11] *** Joins: SOFIE (saartj@2001:1608:12:1:beef:beef:1a1a:ffee)
[19:23:27] *** Joins: Fokker_7909 (Mibbit@82-168-248-192.ip.telfort.nl)
[19:23:37] *** Quits: Fokker_7909 (Mibbit@82-168-248-192.ip.telfort.nl) (Exit)
[19:24:18] *** Joins: appeltjes2 (appel@2001:41d0:b:550:6667:0:0:11)
[19:28:33] *** Joins: Fe2O3 (Fe2O3@h70248.upc-h.chello.nl)
[19:28:33] *** ChanServ sets mode: +o Fe2O3
[19:36:01] *** Quits: spons (spons@54199BE2.cm-5-2c.dynamic.ziggo.nl) (Connection reset by peer)
[19:39:56] <zovty> Zo. NOu.
[19:40:37] <Fiebel> nou
[19:45:41] <crow> poeh poeh
[19:48:03] *** Joins: Lott (Lott@101-168-158-163.dynamic.caiway.nl)
[19:49:37] *** Quits: Lott (Lott@101-168-158-163.dynamic.caiway.nl) (Ping timeout: 60 seconds)
[19:49:54] *** Joins: Lott (Lott@101-168-158-163.dynamic.caiway.nl)
[19:50:00] <Punnik> LottLott !!
[20:03:24] *** tozzert is now known as tozzbier
[20:04:26] <Fiebel> och jonges
[20:04:28] <Fiebel> wat een stuf
[20:04:31] <Fiebel> stof
[20:04:34] <Fiebel> dat is niet normaal hoor
[20:07:15] <Lott> hey punni
[20:08:59] *** Joins: Andros (Andros@18.25-244-81.adsl-dyn.isp.belgacom.be)
[20:14:57] *** Quits: Andros (Andros@18.25-244-81.adsl-dyn.isp.belgacom.be) (Ping timeout: 66 seconds)
[20:16:01] *** Joins: Andros (Andros@18.25-244-81.adsl-dyn.isp.belgacom.be)
[20:16:21] <Bertone> hoi Lott
[20:16:26] <Lott> hey
[20:16:31] <Punnik> hoe is het met Lott ?
[20:16:38] <Bertone> heee Punnik
[20:16:43] <Punnik> eeej Bertone !
[20:17:02] <Bertone> ja hoest met ut paardenmeiske :p
[20:17:04] <Lott> t gaat zijn gangetje he
[20:17:59] <Bertone> :)
[20:19:15] <Punnik> http://nos.nl/artikel/2102349-belgische-stuurde-jarenlang-geheime-berichten-via-teletekst.html
[20:19:16] <digibot> Title: Belgische stuurde jarenlang geheime berichten via Teletekst | NOS (at nos.nl)
[20:20:44] <Bertone> geen smartfoon maar een smartdoos :p
[20:24:15] <zovty> Hacker! Oppakken en berechten voor terrorsime.
[20:30:16] <rawplayer> chjonges
[20:31:03] <rawplayer> ik ga even een toverwortel lezen
[20:35:16] *** Joins: Fokker_4081 (Mibbit@62.205.99.56)
[20:36:47] *** Quits: Fokker_4081 (Mibbit@62.205.99.56) (Exit)
[20:40:44] *** Joins: Fem_LittleLady (Mibbit@a82-161-112-138.adsl.xs4all.nl)
[20:40:58] <Fem_LittleLady> Een hele goedenavond
[20:41:49] *** Quits: Jeroen (Jeroen@54188FF8.cm-5-1c.dynamic.ziggo.nl) (Exit)
[20:45:37] <Fiebel> ochjonges
[20:45:40] <Fiebel> ik zweet me de tandjes
[20:45:42] <Fiebel> hallo fem
[20:45:53] <Fem_LittleLady> Hoiii Fiebel
[20:46:07] <Fem_LittleLady> Ook een leuke dag gehad?
[20:46:26] <Fiebel> welneut
[20:46:26] *** Quits: Vipertje (tweak@54182E79.cm-5-1a.dynamic.ziggo.nl) (Ping timeout: 66 seconds)
[20:47:38] <Fem_LittleLady> Nog iets gedaan
[20:47:51] <Fiebel> welneut
[20:47:56] <Fiebel> beetje met de poes gekletst
[20:48:03] <Fiebel> en veel gedronke
[20:48:03] <Fiebel> goed gedronke
[20:48:30] <Fem_LittleLady> Okee
[20:48:37] <Fem_LittleLady> Ik ben naar Tiel en Veenendaal geweest
[20:48:43] <Fiebel> och kind
[20:48:45] <Fiebel> wat vermoeiend allemaal
[20:48:48] <Fiebel> waat doe je jezelf aan
[20:48:52] <Fem_LittleLady> Nee was wel leuk
[20:48:56] <rawplayer> mghihih
[20:48:57] <Fiebel> o
[20:49:01] <Fiebel> mgihghigihghihighighg
[20:49:01] <rawplayer> o
[20:49:11] <Fem_LittleLady> Even bij de cavia show gekeken en daarna winkelen in Veenendaal
[20:49:16] <Fiebel> pep doet even een heen en weertje over mijn schone tafel met haar gore poten
[20:49:18] * Fem_LittleLady knuffelt rawplayer
[20:49:20] <Fiebel> even lekker de riverdance
[20:49:25] <Fiebel> peppie flatley
[20:49:26] * rawplayer kroelt femmie
[20:49:32] <Fem_LittleLady> hahaha
[20:49:38] <rawplayer> pep O+
[20:51:31] <Fem_LittleLady> Heb voor mijn dochter de film Maleficent gekocht
[20:51:54] <Fem_LittleLady> Is wel leuk
[20:52:33] <Fiebel> is met dat kindje van jolie
[20:52:39] <Fiebel> niet die ene die op een mongooltje lijkt
[20:52:41] <Fiebel> een van die anderen
[20:52:45] <Fem_LittleLady> Hahaha ja
[20:53:04] <Fem_LittleLady> Wel mooie film
[20:53:14] <Fem_LittleLady> Mijn dochter kijkt er erg aandachtig naar
[20:53:26] <Fiebel> dan pikt ze niks moette maar denken
[20:53:43] <Fem_LittleLady> Heeft ze na ons bezoekje aan het bureau nog niet weer gedaan
[20:53:56] <Fiebel> geeeef het wat tijd
[20:53:59] <Fiebel> geeeeeef het wat tijd
[20:54:13] <Fem_LittleLady> Tja blijf wel scherp en alart
[20:54:15] <Fem_LittleLady> alert
[21:00:09] *** Quits: bbee (bbee@53541FA1.cm-6-5a.dynamic.ziggo.nl) (Exit)
[21:00:12] *** Quits: V2 (V2@aeon.hgd.crondor.net) (Ping timeout: 66 seconds)
[21:00:18] *** Joins: V2 (V2@aeon.hgd.crondor.net)
[21:00:31] *** Quits: t4rt4rus (t4rt4rus@s559686af.adsl.online.nl) (Ping timeout: 66 seconds)
[21:00:40] *** Quits: appeltjes2 (appel@2001:41d0:b:550:6667:0:0:11) (Ping timeout: 65 seconds)
[21:01:16] *** Quits: SOFIE (saartj@2001:1608:12:1:beef:beef:1a1a:ffee) (Ping timeout: 66 seconds)
[21:01:34] <nomadz> sup
[21:12:54] *** Joins: Escovan (Escovan@test.prutsplek.nl)
[21:15:43] *** Quits: Guyver2 (Guyver2@guyver2.xs4all.nl) (Ping timeout: 60 seconds)
[21:16:04] *** Joins: Guyver2 (Guyver2@2001:985:f3f:1:ad7d:ee08:9a88:9797)
[21:16:08] <nomadz> iemand gestruikeld over de stekker?
[21:20:06] *** Joins: appeltjes2 (appel@2001:41d0:b:550:6667:0:0:11)
[21:24:07] *** Quits: appeltjes2 (appel@2001:41d0:b:550:6667:0:0:11) (Ping timeout: 67 seconds)
[21:28:02] <Fem_LittleLady> nope
[21:29:08] *** Joins: appeltjes2 (appel@appel.centravi.org)
[21:33:02] *** Quits: Ozzie (oscar@berlin.oxserver.eu) (Ping timeout: 60 seconds)
[21:33:14] *** Joins: Ozzie (oscar@berlin.oxserver.eu)
[21:33:16] *** Quits: Hooglander1 (Hoog@isleet.nl) (Ping timeout: 62 seconds)
[21:33:16] *** Quits: Boots (boots@0011110000110011.nl) (Ping timeout: 62 seconds)
[21:33:27] *** Joins: Boots (boots@0011110000110011.nl)
[21:33:30] *** Joins: Hooglander1 (Hoog@2001:984:ef56:1:211:32ff:fe51:1415)
[21:34:13] *** Ozzie is now known as Tweaker32012
[21:34:18] *** Parts: Bertone (Bertone@classics.xs4all.nl) ()
[21:34:55] *** Quits: crow (chatzilla@D97B3212.cm-3-4a.dynamic.ziggo.nl) (Ping timeout: 60 seconds)
[21:35:16] *** Joins: crow (chatzilla@D97B3212.cm-3-4a.dynamic.ziggo.nl)
[21:36:07] *** Quits: Fem_LittleLady (Mibbit@a82-161-112-138.adsl.xs4all.nl) (Exit)
[21:43:08] <Fiebel> och jonges
[21:43:09] <Fiebel> wat een dag
[21:43:12] <Fiebel> goed gedronke
[21:43:14] <Fiebel> goed gegete
[21:43:16] <Fiebel> goed gelopen
[21:43:18] <Fiebel> huis schoon
[21:43:21] <Fiebel> wat een dag
[21:43:45] <Andros> :|
[21:43:52] <Andros> da's mijn dag, pik es nie
[21:45:01] <Fiebel> :|
[21:45:22] *** Quits: TooL (x@ip172-92-210-87.adsl2.static.versatel.nl) (Ping timeout: 60 seconds)
[21:46:35] *** Quits: Beer`__ (beer@5ED0808C.cm-7-1c.dynamic.ziggo.nl) (Ping timeout: 66 seconds)
[21:47:06] *** Quits: Lott (Lott@101-168-158-163.dynamic.caiway.nl) (Exit)
[21:47:27] *** Joins: Beer`__ (beer@5ED0808C.cm-7-1c.dynamic.ziggo.nl)
[21:47:39] *** Quits: appeltjes2 (appel@appel.centravi.org) (Ping timeout: 67 seconds)
[21:49:31] *** Quits: Teckna (jonathan@52487D74.cm-4-1b.dynamic.ziggo.nl) (Ping timeout: 61 seconds)
[21:49:38] *** Quits: Ou-Tannu (Ou-Tannu@5249248B.cm-4-2a.dynamic.ziggo.nl) (Ping timeout: 68 seconds)
[21:49:42] *** Quits: Boots (boots@0011110000110011.nl) (Ping timeout: 62 seconds)
[21:49:43] *** Joins: Boots (boots@0011110000110011.nl)
[21:49:54] *** Quits: coreblink (coreblink@145.132.131.160) (Ping timeout: 65 seconds)
[21:50:00] *** Joins: Teckna (jonathan@52487D74.cm-4-1b.dynamic.ziggo.nl)
[21:50:07] *** Joins: coreblink (coreblink@145.132.131.160)
[21:50:18] *** Joins: TooL (x@ip172-92-210-87.adsl2.static.versatel.nl)
[21:53:58] *** Joins: Ou-Tannu (Ou-Tannu@5249248B.cm-4-2a.dynamic.ziggo.nl)
[21:56:31] *** Joins: appeltjes2 (appel@2001:41d0:b:550:6667:0:0:11)
[22:04:45] *** Joins: Fem_LittleLady (Mibbit@a82-161-112-138.adsl.xs4all.nl)
[22:14:16] *** Quits: appeltjes2 (appel@2001:41d0:b:550:6667:0:0:11) (Ping timeout: 67 seconds)
[22:17:31] *** Quits: Ou-Tannu (Ou-Tannu@5249248B.cm-4-2a.dynamic.ziggo.nl) (Ping timeout: 68 seconds)
[22:19:12] *** Joins: Ou-Tannu (Ou-Tannu@5249248B.cm-4-2a.dynamic.ziggo.nl)
[22:20:08] *** Quits: t4rt4rus (t4rt4rus@s559686af.adsl.online.nl) (Ping timeout: 64 seconds)
[22:20:23] *** Quits: Boots (boots@0011110000110011.nl) (Ping timeout: 64 seconds)
[22:20:24] *** Joins: Boots (boots@0011110000110011.nl)
[22:20:52] <Fem_LittleLady> hoi
[22:21:13] *** Quits: Fem_LittleLady (Mibbit@a82-161-112-138.adsl.xs4all.nl) (Exit)
[22:24:31] *** Quits: Guyver2 (Guyver2@2001:985:f3f:1:ad7d:ee08:9a88:9797) (Ping timeout: 67 seconds)
[22:24:35] *** Quits: bReChThOu (bReChThOu@cloud.brechthouben.be) (Ping timeout: 62 seconds)
[22:24:41] *** Joins: Guyver2 (Guyver2@guyver2.xs4all.nl)
[22:24:56] *** Quits: coreblink (coreblink@145.132.131.160) (Ping timeout: 64 seconds)
[22:25:05] *** Joins: bReChThOu (bReChThOu@cloud.brechthouben.be)
[22:25:10] *** Joins: coreblink (coreblink@145.132.131.160)
[22:25:13] *** Joins: t4rt4rus (t4rt4rus@s559686af.adsl.online.nl)
[22:29:04] *** Joins: appeltjes2 (appel@appel.centravi.org)
[22:51:51] *** Joins: Fokker_0802 (Mibbit@pD9F539A1.dip0.t-ipconnect.de)
[22:52:34] <Fokker_0802> hoi
[22:53:11] *** Quits: Fokker_0802 (Mibbit@pD9F539A1.dip0.t-ipconnect.de) (Exit)
[23:00:08] <SOFIE> HOI
[23:00:09] <SOFIE> kut
[23:10:31] *** Quits: Guyver2 (Guyver2@guyver2.xs4all.nl) (Exit)
[23:12:34] *** Quits: crow (chatzilla@D97B3212.cm-3-4a.dynamic.ziggo.nl) (Ping timeout: 60 seconds)
[23:17:57] *** Joins: Salvad0R (asdfer@524BFA43.cm-4-4d.dynamic.ziggo.nl)
[23:19:13] <Salvad0R> jatoch
[23:20:59] *** Joins: Ohm (Ohm@ip5658867f.direct-adsl.nl)
[23:21:29] <Ohm> Boots. is je kat dood?
[23:21:43] <SOFIE> o_O
[23:22:18] *** Parts: Ohm (Ohm@ip5658867f.direct-adsl.nl) ()
[23:22:38] *** Joins: Ohm (Ohm@ip5658867f.direct-adsl.nl)
[23:23:09] *** Parts: Ohm (Ohm@ip5658867f.direct-adsl.nl) ()
[23:29:17] *** Quits: Teckna (jonathan@52487D74.cm-4-1b.dynamic.ziggo.nl) (Ping timeout: 61 seconds)
[23:30:14] *** Joins: Teckna (jonathan@52487D74.cm-4-1b.dynamic.ziggo.nl)
[23:32:50] *** Quits: Andros (Andros@18.25-244-81.adsl-dyn.isp.belgacom.be) (Ping timeout: 60 seconds)
[23:41:18] *** Joins: Andros (Andros@18.25-244-81.adsl-dyn.isp.belgacom.be)
[23:42:12] *** Joins: SCHAPiE (dorian@dhcp-077-249-247-124.chello.nl)
[23:45:26] *** Quits: coreblink (coreblink@145.132.131.160) (Exit)
[23:46:08] <nomadz> sofie! Laura! je bent er weer
[23:46:13] <SOFIE> SOFIE
[23:46:15] <SOFIE> niet laura
[23:46:18] <SOFIE> je moeder nomadz 
[23:46:22] <nomadz> waarom niet
[23:46:30] <nomadz> mijn moeder is geen zijlmeisje
[23:47:03] <nomadz> zeil?
[23:47:30] *** Quits: Andros (Andros@18.25-244-81.adsl-dyn.isp.belgacom.be) (Ping timeout: 60 seconds)
[23:48:12] <SOFIE> haha zijlmeisje
[23:49:04] *** Joins: Andros (Andros@18.25-244-81.adsl-dyn.isp.belgacom.be)
[23:50:10] <Boots> ijlmeisje
[23:55:54] *** Quits: Andros (Andros@18.25-244-81.adsl-dyn.isp.belgacom.be) (Ping timeout: 60 seconds)
[23:56:59] *** Quits: Fe2O3MarktSjouwen (Fe2O3@h70248.upc-h.chello.nl) (Exit)
[23:58:43] <rawplayer> och jonges
[23:59:01] <SOFIE> rawplijer
