[11:08:17] <Fem_LittleLady> Moest een loodzware spiegel aan de muur, dus hele stapel boeken gepakt en tegen mijn dochtertje gezegt, mam tilt een kant op en dan schuif je er een boek onder dan tilt mama de andere kant op en leg je daar een boek neer en zo gaan we de hele tijd door tot hij op hoogte is
[11:08:36] <Fem_LittleLady> En een uur later hing de spiegel aan de muur
[11:08:47] <Martijn> :D
[11:08:55] <Martijn> goed zo.
[11:09:06] <Fem_LittleLady> Toog van de bar aan het plafon, gewoon twee barkrukken op de bar en zelfde idee gewoon boeken eronder en op hoogte brengen
[11:09:29] <Fem_LittleLady> Het is wel altijd eng om de boeken er weer onderuit te halen hahaha
[11:09:44] <Martijn> haha, ja.
[11:09:46] <Fem_LittleLady> Dan is altijd de vraag gaan al die schroeven het houden
[11:09:52] <Martijn> dan maar hopen dat het blijft zitten.
[11:09:59] <Fem_LittleLady> Heb wel foto even zoeken
[11:10:03] <Martijn> ok
[11:11:12] <Fem_LittleLady> https://scontent.xx.fbcdn.net/hphotos-xap1/v/t1.0-9/12208362_494564584063498_7563898571612967862_n.jpg?oh=0e236a458a5a9239ef0b5d3022c43143&oe=5786B7F0
[11:11:25] <Fem_LittleLady> Dit was net voor de laatste afwerking
[11:11:49] <Martijn> leuk, ziet er gezellig uit!
[11:12:07] <Fem_LittleLady> https://scontent.xx.fbcdn.net/hphotos-xtf1/v/t1.0-9/734828_509294875923802_2506175271366707530_n.jpg?oh=bad820f3ccf6f30207c12480dcbbbab2&oe=57873B26
[11:12:11] <Fem_LittleLady> Zo is hij nu
[11:12:59] <Martijn> ik zie niet echt het verschil.
[11:13:11] <Martijn> alleen is hij op de tweede foto kleiner. met 'n hond
[11:13:20] <Fem_LittleLady> Onder is een eigenhouten plaat bij gekomen, spotjes erin
[11:13:47] <Fem_LittleLady> O ja en andere barblad
[11:13:53] <Fem_LittleLady> de ander was eiken nu heb ik kersen
[11:13:59] <Fem_LittleLady> en wat breder
[11:14:06] <Fem_LittleLady> maar dat moet je net weten
[11:14:16] <Martijn> ik kan het niet echt goed zien! Maar ik heb nu wel een idee...
[11:14:19] <Martijn> :)
[11:14:46] <Fem_LittleLady> Ben nu bezig met een bar achter het huis
[11:14:57] <Fem_LittleLady> Vind ik gezellig
[11:15:04] <Martijn> twee barren?
[11:15:07] <Fem_LittleLady> heb daar ook al een grote gemetselde bbq
[11:15:09] <Fem_LittleLady> Ja
[11:16:14] <Martijn> sjonge, hoe groot is jullie huis?
[11:16:22] <Fem_LittleLady> Maar goed daar moet ik nog weer verder mee, maar met kou verkrampt altijd
[11:16:29] <Fem_LittleLady> Ik heb gewoon een tussenwoning
[11:16:58] <Martijn> ik heb het ook koud in de winter.
[11:16:59] <Fem_LittleLady> Ik ben erg goed in tetres hahahaha speel het gewoon met mijn eigen huis
[11:17:12] <Martijn> :P
[11:17:26] <Martijn> Je hebt de highscore, denk ik.
[11:17:34] <Fem_LittleLady> Maar ik geef toe heb er van de week net een kast uitgehaald, het werdt wel heel vol
[11:17:48] <Fem_LittleLady> en in die kast paste de andere tv niet
[11:17:58] <Martijn> Misschien moet je maar verhuizen.
[11:18:04] <Martijn> naar een boerderij, ofzo.
[11:18:11] <Martijn> kun je je lekker uitleven! :D
[11:18:25] <Fem_LittleLady> Nee zo'n huis had ik al met mijn man
[11:18:34] <Fem_LittleLady> Ik heb gruwelijke hekel aan tuinieren gekregen
[11:18:41] *** Joins: Teckna (jonathan@3E91CD91.cm-13.dynamic.ziggo.nl)
[11:19:05] *** Quits: Guyver2 (Guyver2@guyver2.xs4all.nl) (Exit)
[11:19:50] <Martijn> Ah, ok.
[11:19:56] <Martijn> dat zou je vriend dan leuk moeten vinden.
[11:20:00] <Martijn> dan doe jij het huis en hij de tuin!
[11:20:14] <Fem_LittleLady> Nee die heeft er ook niet veel mee, trouwens die heeft ook gewoon eigen huis
[11:20:16] <Fem_LittleLady> wonen niet samen
[11:20:29] <Fem_LittleLady> hebben wel bijna hetzelfde huis
[11:20:56] *** Joins: Jeroen (Mibbit@54188FF8.cm-5-1c.dynamic.ziggo.nl)
[11:20:57] <Fem_LittleLady> zelfde indeling en dergelijke
[11:21:04] <Fem_LittleLady> hoi jeroen
[11:21:10] <Jeroen> bedankt voor die bloeme
[11:21:10] <Jeroen> hoi Fem_LittleLady 
[11:21:23] <Martijn> waarom niet?
[11:21:31] <Fem_LittleLady> ?
[11:21:42] <Martijn> waarom wonen jullie niet saampjes?
[11:22:12] <Fem_LittleLady> Omdat ik nu de meeste zekerheid heb en thuis kan blijven om mijn dochter op te voeden
[11:22:20] <Fem_LittleLady> Nabestaande uitkering en zo
[11:22:31] <Fem_LittleLady> dat stopt zodra ik ga samenwonen
[11:22:53] <Martijn> ah ok.
[11:23:00] <Martijn> hoe lang duurt die uitkering?
[11:23:08] <Fem_LittleLady> Tot mijn dochters 18e
[11:24:15] <Martijn> dus tot die tijd blijf je gescheiden wonen?, doodzonde.
[11:24:20] <Fem_LittleLady> Maar werk deels vanuit huis
[11:24:59] <Martijn> jammer hoor, ik zou veel liever m'n vrouwtje bij me hebben dan zo'n uitkering.
[11:25:05] <Fem_LittleLady> Nee mijn dochter heeft wel veel begeleiding nodig
[11:25:17] <zovty> Hoi.
[11:25:28] <zovty> Is het nou half 12?
[11:25:34] <Fem_LittleLady> Ja
[11:25:58] *** Quits: rhod (rhod@86.85.193.196) (Exit)
[11:26:06] <zovty> En het is nu zomertijd?
[11:26:10] <Fem_LittleLady> Ja
[11:26:32] <Jeroen> ik heb de zomer in m'n booooooool
[11:26:45] <zovty> :|
[11:26:45] <rawplayer> ok
[11:26:47] <zovty> Rustig.
[11:26:49] <rawplayer> ja
[11:26:51] *** Quits: wasbak` (wasbak@095-096-019-149.static.chello.nl) (Ping timeout: 66 seconds)
[11:26:59] <zovty> Player.
[11:27:06] *** Joins: wasbak` (wasbak@095-096-019-149.static.chello.nl)
[11:27:14] <zovty> Ik eet een paleowrap met zalm en avocado.
[11:27:20] <zovty> is het niet fucking geweldig.
[11:27:49] <Fem_LittleLady> Ben trots op je
[11:28:03] <zovty> goed toch?
[11:28:04] * rawplayer ook
[11:28:05] <zovty> Niet lekker.
[11:28:11] <zovty> Maar wel gezond.
[11:28:12] <rawplayer> waarom is het niet ekker
[11:28:21] <zovty> Mja, avocado is nog wat hard.
[11:28:53] <Martijn> maar die begeleiding kan toch ook samen?
[11:29:21] <Fem_LittleLady> Nee want probeer eens twee huizen te onderhouden, ik moet dan weer volledig werken
[11:29:26] <Fem_LittleLady> hebben beiden een koop woning
[11:29:28] <Spacecowboy> mijn avocado was vanmorgen ook wat hard
[11:29:32] <Spacecowboy> RAWPLAYER
[11:29:39] <Spacecowboy> WASBAK
[11:29:48] <Martijn> dan huur je toch iemand in?
[11:30:00] <Martijn> een dienstmeisje voor het ene huis.
[11:30:24] <Fem_LittleLady> Nee kan het nu zelf doen en is niet erg, vriend is brandweerman en slaapt regelmatig in de kazerne
[11:30:26] <zovty> Ben je nou aan het proberen om iemand die je helemaal niet kent haar leven anderrs in te laten richten omdat jij het niet begrijpt martijn?
[11:30:56] <Martijn> nee hoor zovly.
[11:31:21] <Spacecowboy> wie wil er even koffie voor mij halen?
[11:31:34] <wasbak`> \o/
[11:31:35] <Fem_LittleLady> Dus vind het allemaal best zo, mijn vriend is van de strakke inrichting en ik meer van het huiselijke
[11:31:37] <wasbak`> kies mij kies mij!
[11:31:51] <wasbak`> espresso
[11:31:53] <Spacecowboy> off you go
[11:31:54] <Spacecowboy> ja
[11:31:54] <Fem_LittleLady> Zo hebben we elk ons eigen plekje met als er een chargerijnig is zie je mekaar ook niet
[11:31:56] <Spacecowboy> dubbel
[11:31:58] <Spacecowboy> bitte
[11:32:00] <Spacecowboy> JETZT
[11:32:03] <wasbak`> p/
[11:32:09] <Spacecowboy> [11:31:54]  <Fem_LittleLady>	Zo hebben we elk ons eigen plekje met als er een chargerijnig is zie je mekaar ook niet
[11:32:13] <Spacecowboy> dat heb ik hier in huis ook hoor
[11:32:38] <Martijn> ja, maar zo kun je niet nog eens 10 jaar leven, volgensmij.
[11:32:50] <Fem_LittleLady> ja hoor gaat prima
[11:32:51] <Spacecowboy> gewoon ieder n eigen kamer met zn eigen hobbytroep
[11:32:57] <Martijn> ik heb het liever als mijn vrouwtje dichtbij is, ook als chagrijnig.
[11:33:07] <Martijn> dan kan ik haar tenminste weer blij maken! :)
[11:33:17] <Fem_LittleLady> Wij hebben gewoon ieder ons eigen huis met hobbytroep
[11:33:48] <Spacecowboy> wordt je niet een beetje moedeloos van die dubbele lasten?
[11:33:58] <Fem_LittleLady> Nee 
[11:34:11] <Fem_LittleLady> Want over 9 jaar ben ik bijna van mijn hypotheek af
[11:34:25] <Fem_LittleLady> dan is mijn huis al zo goed als vrij
[11:34:33] <Spacecowboy> ja ik ook over 11 jaar
[11:34:35] <Spacecowboy> maar dan nog
[11:34:51] <Fem_LittleLady> ik heb dit huis nog maar 2 jaar dus
[11:34:59] <Spacecowboy> zou geen zin hebben in een 2e hypotheek
[11:35:00] <Fem_LittleLady> Dit was gewoon een koopje en ben er blij mee
[11:35:04] <Spacecowboy> kom nu al niet rond :P
[11:35:25] <Jeroen> "mijn vrouwtje", Martijn, really? :+
[11:35:27] <Fem_LittleLady> Nee en kan bij hem logeren en hij kan hier logeren
[11:35:43] <Jeroen> heb je er wel een lade
[11:35:53] <Spacecowboy> Jeroen 
[11:35:53] <Spacecowboy> :')
[11:35:56] <Fem_LittleLady> bij hem?
[11:35:58] <Spacecowboy> :D
[11:36:06] <Martijn> ja, really, jeroen.
[11:36:12] <Fem_LittleLady> hahaha nee die hoef ik ook niet, hij heeft hier wel een lade
[11:36:58] <Martijn> leuk dat je het zo doet, femke, zo kun je tegelijk grof geld verdienen met de hyptotheek.
[11:37:00] <Martijn> :)
[11:37:16] <Fem_LittleLady> Nou verdien niets aan de hypotheek
[11:37:27] <Fem_LittleLady> ik krijg wel 172 euro terug van de rente aftrek per jaar
[11:37:27] <Spacecowboy> prijzen gaan omhoog
[11:37:31] <Jeroen> ja zo doen ze dat toch met LAT-relaties in romcoms Spacecowboy :+
[11:37:42] <Spacecowboy> 172 euro?
[11:37:43] <wasbak`> ik zoek hospitaverhuur
[11:37:44] <Spacecowboy> per maand zeker
[11:37:44] <Fem_LittleLady> Ja
[11:37:45] <wasbak`> kamerhuur
[11:37:47] <Fem_LittleLady> Nee
[11:37:48] <wasbak`> iemand tips?
[11:37:50] <Fem_LittleLady> per jaar
[11:37:56] <Jeroen> woonde jij niet in KL wasbak`?
[11:37:57] <Spacecowboy> wat voor hypotheek zit er op?
[11:38:03] <wasbak`> ben weer poosje in nederland :)
[11:38:04] <Fem_LittleLady> Anuiteiten
[11:38:06] <wasbak`> 3-6 maanden
[11:38:11] <wasbak`> zoek ff kamertje
[11:38:16] <Martijn> waar zat je eerst dan, wasbak?
[11:38:33] <wasbak`> kuala lumpur en foshan (china)
[11:38:38] <wasbak`> kwil terug
[11:38:39] <wasbak`> :D
[11:38:45] <Fem_LittleLady> Blegh nou dat dus, annuïteitenhypotheek
[11:38:48] <Fem_LittleLady> Die heb ik
[11:38:52] <Spacecowboy> ja dat heb ik ook
[11:39:07] <Jeroen> er was laatst een headhunter die mij belde
[11:39:10] <Martijn> waarom wil je terug?
[11:39:14] <Spacecowboy> maar ik krijg 3200 per jaar terug ofzo
[11:39:15] <Jeroen> "waar wil je werken? voorkeur voor nederland?"
[11:39:19] <Jeroen> -"overal behalve NL"
[11:39:21] <Jeroen> -"oh"
[11:39:21] <Jeroen> :+
[11:39:26] <Fem_LittleLady> Hoe duur was jou huis?
[11:39:41] <Fem_LittleLady> Die van mij was maar 107.000 
[11:39:53] <Spacecowboy> 192.000 geloof ik
[11:40:03] <wasbak`> 107000?
[11:40:06] <wasbak`> teeering
[11:40:06] <Spacecowboy> oh jah
[11:40:11] <Fem_LittleLady> En betaal de eerste 11 jaar een 665 euro per maand en daarna 128 euro voor de laatste 19 jaar
[11:40:12] <Martijn> over negen jaar gaan de prijzen wel weer omhoog.l
[11:40:13] <Martijn> :D
[11:40:23] <Spacecowboy> maar dan zit je niet in de randstad gok ik?
[11:40:25] <Fem_LittleLady> Dus krijg amper wat terug
[11:40:33] <wasbak`> ik ga het ook hogerop zoeken
[11:40:34] <Fem_LittleLady> Nee in Assen
[11:40:35] <Spacecowboy> Martijn prijzen gaan nu al omhoog
[11:40:37] <wasbak`> friesland ofzo
[11:40:47] <Fem_LittleLady> Die man ging failliet en dit was nog net geen executie verkoop
[11:40:56] <Fem_LittleLady> Dus hij kon niet anders dan instemmen
[11:40:57] <Martijn> ik bedoel, over negen jaar zijn ze goed op peil
[11:41:03] <rawplayer> tetten
[11:41:04] <Spacecowboy> ik moet de hypotheek laten obersluiten dus twee weken terug laten taxeren
[11:41:16] <Fem_LittleLady> na de overdracht moest hij ook naar leger des heils omdat hij niets meer had
[11:41:17] <Spacecowboy> Martijn kul, zijn ze nu al
[11:41:32] <Spacecowboy> sowieso zijn de prijzen hier opgeblazen door de hra
[11:41:43] <Spacecowboy> gelijk afschaffen die subsidie op schuld
[11:41:54] <Jeroen> https://www.youtube.com/watch?v=We83cOpyyxs
[11:41:55] <Fem_LittleLady> Dus heb gewoon een tussenwoning gekocht met schuur overkapping gemetselde bbq drie slaapkamers en zolder voor een habbekrats
[11:41:56] <digibot> Title: IBRAHIM MAALOUF - "True Sorry" - Live Ce soir (ou jamais!) - YouTube (at www.youtube.com)
[11:42:09] <wasbak`> niet een kamer over?
[11:42:15] <Spacecowboy> ja da's lekker 
[11:42:23] <Spacecowboy> voor 100k koop je hier nog geen garagebox
[11:42:26] <wasbak`> gemetselde bbq o/
[11:42:28] <Fem_LittleLady> Nou op de een slaap ik, de ander mijn dochter en de derde is een grote kledingkast geworden
[11:42:41] <wasbak`> hhhhhhhhheerlijk
[11:43:07] <Fem_LittleLady> Ja zolder is afgetimmert en heb e een vaste trap naar toe alleen ik kan er net in staan, mijn vriend moet er bukken om te lopen
[11:43:12] <Jeroen> ik heb het concept achter een gemetselde bbq nooit begrepen
[11:43:15] <Jeroen> wat is er mis met een goede weber?
[11:43:16] <Fem_LittleLady> Maar dat geeft niet
[11:43:23] <Spacecowboy> ontbijttijd
[11:43:25] <wasbak`> dan ist geen inboedel maar opstal
[11:43:40] <wasbak`> :')
[11:43:44] <Jeroen> haha
[11:43:51] <wasbak`> klaat ook altijd mijn inboedel inmetselen
[11:43:57] <wasbak`> kut schuldeisers]
[11:44:00] <Fem_LittleLady> Vriendin van me woont nabij nijmegen ook exact hetzelfde huis en die hebben 229.000 ervoor betaald
[11:44:05] <Jeroen> en je slachtoffers ook?
[11:44:19] <wasbak`> nee die vries ik in :)
[11:44:27] <wasbak`> hoezo moet je nog een niertje
[11:44:34] <Fem_LittleLady> hahaha
[11:44:39] <Fem_LittleLady> Even in de orgaan handel
[11:44:46] <wasbak`> kinky kidney
[11:45:31] <rawplayer> :s
[11:46:21] *** Quits: Martijn (Mibbit@193.239.92.53) (Exit)
[11:46:34] <Fem_LittleLady> Hmmm vanavond lekker scaloppa
[11:46:45] <wasbak`> diepzee zoutje
[11:47:46] <wasbak`> Dus.. hoe was het weekend?
[11:48:12] <Jeroen> kut
[11:48:19] <wasbak`> why?
[11:48:35] <rawplayer> wasbak`: :9
[11:49:06] <wasbak`> Rawsel o/
[11:49:22] <Jeroen> te veel te doen
[11:49:24] <Jeroen> te weinig gedaan
[11:50:05] <wasbak`> ahh
[11:54:01] <Fem_LittleLady> Zal eens wat gaan doen
[11:54:29] <Fem_LittleLady> Moet ook nog make upje opdoen alleen het is zo gruwelijk lekker om lekker in je ogen te wrijven
[11:57:03] *** Quits: Fem_LittleLady (Mibbit@a82-161-112-138.adsl.xs4all.nl) (Exit)
[12:11:21] <rawplayer> hall
[12:11:22] <rawplayer> o
[12:11:23] <rawplayer> ik ben er
[12:11:39] <zovty> Ik ook.
[12:11:42] <zovty> Ik ben er ook.
[12:11:47] <zovty> Waar zullen we over converseren?
[12:12:15] <rawplayer> kweet niet
[12:12:20] <rawplayer> ik weet niks
[12:12:26] <rawplayer> dus laten we het over kutjes hebben
[12:12:41] <zovty> Kutjes zijn lekker.
[12:12:44] <rawplayer> ja
[12:13:21] <zovty> Is ook.
[12:14:17] <zovty> http://www.crafond.nl/product/starterset-inductie/
[12:14:20] <digibot> Title: Starterset inductie - Crafond (at www.crafond.nl)
[12:14:21] <zovty> Zou dees goed zijn?
[12:14:31] <zovty> Iswel een goei merk toch?
[12:15:07] <rawplayer> kweet niet
[12:15:22] <rawplayer> geen verstand van
[12:15:26] <rawplayer> bij de action zijn ze goedkoper
[12:15:27] <rawplayer> pannen
[12:15:57] <zovty> Ja.
[12:16:11] <zovty> Maar die van de action kun je 4 keer gebruiken en dan zijn ze krom en beschadigd.
[12:20:42] <wellywest> gaan jullie nog naar buiten
[12:21:25] <wellywest> gaan jullie nog buiten spelen
[12:21:28] <rawplayer> waarom gooien indiers overal "able" en "fication" achter
[12:21:47] <rawplayer> wat is er buiten?
[12:22:21] <zovty> Dan komt hun accentje zo lekker naar boven.
[12:22:28] <zovty> Vinden ze leuk om zo te praten.
[12:22:33] <zovty> Net alsof ze blankies zijn.
[12:22:45] <zovty> Is echt.
[12:22:48] <rawplayer> maar het maakt toch geen sense
[12:23:38] <zovty> Joh nou en.
[12:23:42] <rawplayer> ok
[12:23:47] <zovty> Als hunnie toch zo willen praten dan moeten ze dat toch zelf weten.
[12:23:48] <rawplayer> goed antwoord
[12:24:00] <zovty> De Britten hebben hun jarenlang uitgebuit.
[12:24:10] <zovty> Mogen hunnie dan een beetje mal praten als ze daar zin in hebben.
[12:24:13] <rawplayer> en geen taal aangeleerd
[12:24:25] <zovty> Ze hadden al een taal he.
[12:25:05] <zovty> NEE! HET IS MAKKELIJKER ALS JULLIE MIJN TAAL LEREN AAPJES! PEMPEMPEMPEMPEM!
[12:25:47] <Escovan> Ja
[12:26:04] <zovty> Hoi Esco.
[12:26:07] <zovty> Heb je al eitjes gevonden?
[12:26:28] <rawplayer> ja maar nu proberen ze engels
[12:26:38] <rawplayer> en hoort het aan als pling plung plang
[12:26:44] <zovty> Mja.
[12:26:51] <zovty> Is wel een beetje lastig he.
[12:27:02] <zovty> Maja.
[12:27:04] <rawplayer> waarom
[12:27:14] <zovty> Hij weet wat jij wil weten dus ik zou maar luisteren.
[12:27:37] <rawplayer> waarom doe je nu zo
[12:27:45] <rawplayer> zoek je weer ruzie/
[12:27:46] <rawplayer> ?
[12:27:47] <rawplayer> met mij
[12:27:52] <zovty> Neejoh.
[12:27:54] <rawplayer> Fiebel zovty is weer op oorlogspad
[12:27:56] <zovty> Waarom zou ik ruzie met jou willen?
[12:27:58] <rawplayer> om mij het leven zuur te maken
[12:28:00] <rawplayer> :|
[12:28:02] <zovty> Laat fiebie er buiten.
[12:28:08] <zovty> Ik kan toch niks goed doen bij fiebie.
[12:28:15] <rawplayer> ow :<
[12:28:19] <rawplayer> waarom niet?
[12:28:23] <zovty> Ja, dunno.
[12:28:29] <rawplayer> is dat al lang zo?
[12:28:36] <zovty> Omdat ik r niet begrijp omdat ze niet vertelt wat het progbleem is.
[12:28:44] <zovty> Ja, is al wel een paar honderd jaartjes.
[12:31:22] *** Joins: Escovan (Escovan@107.6.175.170)
[12:31:30] <rawplayer> ik mis haar wel
[12:31:53] <zovty> Ja.
[12:32:18] <zovty> Och jongens wat een heerlijke dag.
[12:32:26] <zovty> Wat een heer! lijk! e! dag.
[12:32:42] <zovty> Sjesus.
[12:32:50] <zovty> Die kat van mij poept bijna nog vaker dan jij.
[12:33:02] <rawplayer> ow?
[12:33:08] <zovty> En dat is allemaal niet zo erg als ze dat gewoon een beetje zachtjes deed.
[12:33:11] <zovty> En niet zo liep te meuren.
[12:33:17] <rawplayer> ik heb net ook een berg gepoept
[12:33:23] <zovty> Ik ook.
[12:34:03] <rawplayer> goed man
[12:35:25] <rawplayer> ik ga zo films kijken
[12:35:26] <rawplayer> denk ik
[12:35:28] <rawplayer> en in slaap vallen
[12:35:35] <rawplayer> en hopelijk dinsdagmorgen wakker worden
[12:35:35] <zovty> Goedzo jongen.
[12:35:40] <zovty> Fijne pasen.
[12:35:53] <Fiebel> :|
[12:36:12] <zovty> Ach.
[12:36:17] <zovty> Dag Fiebie.
[12:36:20] <rawplayer> en ik ga mij volvreten
[12:36:22] <Fiebel> roddelaars!
[12:36:23] <zovty> Fijne pasen kind :*
[12:36:24] <rawplayer> aan ongezonde meuk
[12:36:27] <zovty> Lekker doen.
[12:36:30] <Fiebel> fijne pasen hoor
[12:36:33] <zovty> Lekker chippies en chocolade.
[12:36:38] <zovty> met cola en chocomel.
[12:36:39] <Fiebel> ch heerlijk toch
[12:36:42] <Fiebel> had ik daar ook maar zin in
[12:36:58] <zovty> Ik heb wel lekker zin om te huilen.
[12:37:01] <zovty> Lekker grote tranen.
[12:37:04] <zovty> En snikken.
[12:37:10] <zovty> En grote snottebellen blazen.
[12:37:52] <Fiebel> gewoon doen
[12:37:54] <Fiebel> gooi het er uit
[12:37:58] <Fiebel> goooooi het er lekker uit
[12:40:15] <rawplayer> ik wil ook huilen
[12:40:23] <rawplayer> eigenlijk niet huilen
[12:40:24] <rawplayer> maar aandacht
[12:40:30] <rawplayer> en dat trekken dmv huilen
[12:40:40] <Fiebel> gihihiihi
[12:40:44] <Fiebel> ochoch
[12:40:53] <Fiebel> gooooooi het er maar uit
[12:49:35] <Fiebel> wat een wind
[12:50:44] <rawplayer> je oven?
[12:50:52] <Fiebel> ghiiiihi
[12:56:42] *** tozzbier is now known as tozzert
[13:05:44] <rawplayer> hoi
[13:05:45] <rawplayer> ik ben er
[13:05:56] <Fiebel> hoi
[13:06:00] <Fiebel> ik ben er
[13:06:03] <rawplayer> <3
[13:08:50] *** Joins: rhod (rhod@86.85.193.196)
[13:09:31] <Fiebel> ochjonges
[13:09:34] <Fiebel> ik moet eens opstaan
[13:09:35] <Fiebel> en iets eten
[13:12:16] *** Quits: Teckna (jonathan@3E91CD91.cm-13.dynamic.ziggo.nl) (Ping timeout: 66 seconds)
[13:23:36] <Fiebel> HAHAHAHAHAHAHAHA
[13:23:41] <Fiebel> IK GA JOUW PEPERPLANTEN OPETEN!!!!!
[13:23:42] <Fiebel> HAHAHAHAHA
[13:23:42] <Fiebel> :|
[13:26:05] <Redhead> hola
[13:26:09] <Fiebel> ha redje
[13:26:13] <Fiebel> paask:*
[13:26:22] <Redhead> ha fiebs , :*
[13:32:35] *** Quits: TooL (x@ip172-92-210-87.adsl2.static.versatel.nl) (Ping timeout: 67 seconds)
[13:33:08] *** Joins: SCHAPiE (dorian@dhcp-077-249-247-124.chello.nl)
[13:33:38] <Redhead> oi SCHAPiE , sup ?
[13:34:39] <SCHAPiE> yo Redje
[13:34:42] <SCHAPiE> net wakker
[13:34:47] <Spacecowboy> waddap
[13:35:00] <SCHAPiE> ha die Ruimtekoejongen
[13:35:03] <Spacecowboy> [12:40:15]  <rawplayer>	ik wil ook huilen
[13:35:04] <Spacecowboy> wijf
[13:35:24] <wasbak`> Ben daklose student die echt dringent een dak zoek die kan me zelf aan rust brengen en men school op een lijn terug te krijgen .
[13:35:24] <wasbak`> Help me pleas
[13:35:25] <wasbak`> _O-
[13:35:27] <wasbak`> :')
[13:35:34] <wasbak`> kamertje.nl
[13:35:40] <Spacecowboy> op een lijn
[13:35:42] <Spacecowboy> jaja
[13:35:59] <Fiebel> wasbakje
[13:36:00] <Fiebel> speesie
[13:36:01] <Fiebel> schaap
[13:36:05] <Redhead> eindeloze lijn
[13:36:14] <Spacecowboy> ah
[13:36:15] <Spacecowboy> updates
[13:36:18] <Spacecowboy> bbl
[13:36:29] <SCHAPiE> lekk0r updat0n
[13:36:45] <wasbak`> haha
[13:36:53] <Fiebel> mijn obese overbuurman staat voor het raam boterhammen te smeren
[13:36:57] <Fiebel> in zijn boxer
[13:36:58] <wasbak`> kzoek ook een gedeelde eenpersoonsbed
[13:37:07] <Redhead> ieuw
[13:37:10] <Fiebel> ja
[13:37:17] <Fiebel> tis niet heel charmant allemaal
[13:37:23] <Fiebel> maar ja
[13:37:24] <wasbak`> met studenten wel
[13:37:27] <Fiebel> mannenstudentenhuis
[13:37:30] <Fiebel> die doen niet echt aan charmant
[13:37:34] <wasbak`> heb altijd wel kamertje over
[13:37:38] <wasbak`> 1 x wiet
[13:37:41] <wasbak`> 1 x bed
[13:37:45] <wasbak`> 1 x studente
[13:37:52] <wasbak`> 1 x logeren (bij mij)
[13:37:54] <wasbak`> mghihi
[13:38:09] <wasbak`> kan ook stapelbedden doen natuurlijk
[13:38:14] <wasbak`> dan wordt het een soort hostel
[13:38:22] <wasbak`> mountain lodge
[13:38:33] <Redhead> BUUUURRRRP
[13:38:37] <Redhead> AAAARRRP
[13:38:37] <wasbak`> sweet 16 studentes in het bovenkamertje
[13:38:39] <wasbak`> ...
[13:38:41] <Redhead> UUUURRRP
[13:38:43] <Redhead> zo
[13:38:44] <Redhead> :)
[13:39:06] *** tozzert is now known as tozzbbq
[13:39:09] <wasbak`> halal kamertje
[13:39:50] <SCHAPiE> gescheiden gebedsruimtes, voor de fundi studenten
[13:40:09] <wasbak`> _O-
[13:40:15] <Redhead> drugsvrij , alleen ritueel slachten
[13:40:18] <wasbak`> SCHAPiEvlees
[13:40:23] <wasbak`> precies
[13:40:29] <SCHAPiE> :P
[13:40:29] <wasbak`> alleen aangeschoten wild
[13:40:36] <wasbak`> want t mot als een rund
[13:40:37] <wasbak`> o/
[13:40:49] *** Joins: TooL (x@ip172-92-210-87.adsl2.static.versatel.nl)
[13:41:07] <Redhead> wb TooL 
[13:41:36] <TooL> dank u Redhead
[13:42:08] <Redhead> stop jij die wind ff ?
[13:42:19] <TooL> welke wind ?
[13:42:42] <Redhead> om tureluurs van te worden , jullie geen wind 
[13:42:43] <Redhead> ?
[13:42:47] <TooL> morgen pas code geel
[13:42:57] <Redhead> oh vandaag hiero 
[13:43:12] <nomadz> mogge
[13:43:15] <Redhead> liep net tussen 2 woontorens , kon me amper op mn benen houden
[13:43:16] <TooL> ziet er rustig uit hier
[13:43:17] <Redhead> ;p
[13:43:24] <Redhead> morrie nomadz 
[13:43:25] <nomadz> hier mooi weer, alhoewel het gisteren mooier was
[13:43:28] <nomadz> redje :*
[13:43:32] <TooL> hoi nomadz
[13:43:32] <Redhead> :*
[13:43:38] <nomadz> gisteren toch nog 21 en volle zon gehad
[13:43:50] <TooL> gisteren was een mooie dag idd
[13:44:03] <TooL> vandaag somber
[13:44:09] <Redhead> juh hier ook , is ook niet koud ... alleen waaaaaaaaaaaaaaaaaaaaaaaaaaai waaaaaaaaaaaaaaaaaaaai
[13:46:49] <Fiebel> nieseniese
[13:46:58] <Redhead> gesundeit
[13:47:02] <Redhead> +h
[13:47:06] <Fiebel> dankedanke
[13:50:27] *** Quits: rhod (rhod@86.85.193.196) (Exit)
[13:58:34] <nomadz> https://www.facebook.com/photo.php?fbid=1061494933873452&set=a.207737282582559.51506.100000388674610&type=3
[13:58:36] <digibot> Title: Tijdlijnfotos (at www.facebook.com)
[14:00:44] *** Quits: SCHAPiE (dorian@dhcp-077-249-247-124.chello.nl) (Input/output error)
[14:01:29] *** Joins: SCHAPiE (dorian@dhcp-077-249-247-124.chello.nl)
[14:02:05] <Fiebel> ochoch
[14:02:07] <Fiebel> poezke helemaal boos
[14:02:12] <Fiebel> dat ik weer haar drollen pik
[14:02:12] <Fiebel> \:|
[14:03:21] <rawplayer> :/
[14:05:23] *** Joins: Beer`__ (Beer@5ED0808C.cm-7-1c.dynamic.ziggo.nl)
[14:07:32] <zovty> DROLLEPIKKER!
[14:08:10] *** Joins: rhod (rhod@86.85.193.196)
[14:08:42] <Fiebel> GEEF TRUG GEEF TRUUUUUUUUUUUUG
[14:09:01] <zovty> Misschien kun je ruilen.
[14:09:18] <rawplayer> vind ze niet eerlijk
[14:09:22] <rawplayer> poezendrollen zijn groter
[14:09:24] <rawplayer> mggihgihgighihgigh
[14:10:39] <Fiebel> nou vanmorgen kwam er een halve meloen uitzetten
[14:10:43] <Fiebel> ik klapper er nog van
[14:15:46] <Fiebel> ghhgggihgihgigighghghi
[14:15:47] <Fiebel> https://twitter.com/Wolfie_Rankin/status/713959261852667905
[14:15:48] <digibot> Title: Wolfie Rankin op Twitter: "Meerkats gather round a heat lamp to summon Satan. https://t.co/uyC7gKr1nj" (at twitter.com)
[14:17:34] *** Joins: Fem_LittleLady (Mibbit@a82-161-112-138.adsl.xs4all.nl)
[14:17:52] <Fiebel> ha femmie
[14:18:05] <Fem_LittleLady> Hi Fiebel
[14:18:18] <Fem_LittleLady> Ook al iets in huis gedaan?
[14:18:25] <Fiebel> nou
[14:18:29] <Fiebel> ik heb mij aangekleed
[14:18:33] <Fiebel> de drollen van de poes ingepikt
[14:18:38] <Fiebel> de poes eten gegeven
[14:18:39] <Fiebel> O!!!
[14:18:47] <Fiebel> en de vaatwasser opgeruimd en een zak in de vuilnisbak gedaan
[14:18:51] <Fem_LittleLady> Hahaha nou ik heb de honden uitgelaten
[14:18:52] <Fiebel> en daar wat dingen ingegooid!
[14:18:53] <Fiebel> dus ja!
[14:18:57] <rawplayer> wat een leven
[14:18:59] <Fem_LittleLady> verder ben ik nog niet gekomen
[14:19:07] <rawplayer> eieren verstoppen?
[14:19:09] <Fiebel> het is feest!
[14:19:21] <Fem_LittleLady> Nee geen eieren, wij eten vanavond gewoon de kip
[14:19:23] <Fem_LittleLady> in een roomsausje
[14:19:28] <Fem_LittleLady> jum jum
[14:19:35] <rawplayer> jij en je kind?
[14:19:42] <Boots> Ik heb al een eitje verstopt
[14:19:43] <Fem_LittleLady> en vriend
[14:19:44] <Boots> hihi
[14:19:47] <rawplayer> en vriend
[14:20:05] <Fem_LittleLady> Ja die vind dat ook erg lekker
[14:20:23] <Fem_LittleLady> en dan doe ik gewoon heel bolletje knoflook in, morgen moet hij werken stinkt hij lekker op de kazerne
[14:20:26] <Fem_LittleLady> :D
[14:20:40] <rawplayer> niks is zo lekker als even goed aan je zak krabben
[14:20:50] <rawplayer> nomnom
[14:27:30] <Beer`__> iedereen fijne paasdagen enzo...
[14:27:31] <Beer`__> :)
[14:27:39] <rawplayer> ja jij ook
[14:29:01] *** Quits: TooL (x@ip172-92-210-87.adsl2.static.versatel.nl) (Ping timeout: 68 seconds)
[14:29:48] <Beer`__> dank je ;)
[14:46:05] *** Joins: Escovan (Escovan@107.6.175.170)
[14:47:32] <Fem_LittleLady> sjow
[14:47:42] <Fem_LittleLady> even die haren vast en make up op
[14:49:10] <rawplayer> :o
[14:49:15] <rawplayer> ben je nu nog knapper?
[14:49:31] <Fem_LittleLady> Weet niet
[14:49:54] <Fem_LittleLady> ben gewoon zoals ik ben
[14:51:45] <rawplayer>    :P
[14:53:05] <Fem_LittleLady> Maar lief van je
[14:53:08] <Fem_LittleLady> O+
[14:53:16] * rawplayer stelde alleen een vraag
[14:53:20] <rawplayer> :P
[14:54:18] <Fem_LittleLady> Het is de manier van vraagstelling he
[14:54:57] <rawplayer> :P
[14:55:02] * rawplayer kroelt Fem_LittleLady 
[14:55:24] * Fem_LittleLady knuffelt rawplayer
[14:56:24] <Fem_LittleLady> En wat staat er vanavond op het menu bij jou
[14:57:07] *** Joins: Teckna (jonathan@2001:1c01:c07:4b00:e41a:4e14:e522:b8b4)
[14:57:58] <rawplayer> vlees
[14:58:05] <rawplayer> gourmet
[14:58:13] <Fem_LittleLady> lekker ja
[14:58:16] *** Quits: Teckna (jonathan@2001:1c01:c07:4b00:e41a:4e14:e522:b8b4) (Ping timeout: 65 seconds)
[14:59:51] *** Quits: Jeroen (Mibbit@54188FF8.cm-5-1c.dynamic.ziggo.nl) (Exit)
[15:00:26] <Fem_LittleLady> Nee ik maak scaloppa met pasta en als toetje notenijs, met verse aardbeien met slagroom
[15:00:46] <rawplayer> nomnom
[15:03:30] <Fem_LittleLady> Ja dacht dat dat wel lekker was
[15:04:21] <Fem_LittleLady> Heb extra room meegenomen zodat er veel saus bij zit, ik ben dol op dit eten en voordeel ik hoef morgen nergens heen hahaha
[15:04:39] <rawplayer> O+
[15:04:55] *** Joins: dreammer (Dreammer@i142073.upc-i.chello.nl)
[15:05:05] <dreammer> Hela hola
[15:05:18] <Fem_LittleLady> Hoi dreammer
[15:08:06] *** Joins: AndChat503 (AndChat503@e7179.upc-e.chello.nl)
[15:08:12] *** Joins: mijk (mijk@5ED37840.cm-7-4b.dynamic.ziggo.nl)
[15:08:16] <AndChat503> Hallo
[15:08:21] <AndChat503> Ik heb een vraag
[15:08:34] <Fem_LittleLady> Stel hem eens
[15:08:36] <AndChat503> Mijn Gekko zit bang in een hoekje
[15:08:43] <AndChat503> En hij komt niet aan tafel 
[15:08:50] <AndChat503> Wat moet ik doen?
[15:08:53] <AndChat503> Mghihigig 
[15:09:07] <Fem_LittleLady> Goh gister hadden we hier zoiets met een kat
[15:09:10] <AndChat503> Ghihihi 
[15:09:14] <AndChat503> O ist heus?
[15:09:25] <AndChat503> Wat een eigenaardig toeval
[15:09:31] <AndChat503> Mghihigig 
[15:09:31] <Fem_LittleLady> Ja heel toevallig
[15:09:39] <Fem_LittleLady> https://scontent.xx.fbcdn.net/hphotos-xla1/v/t1.0-0/s480x480/12376652_543991012454188_75411465617874336_n.jpg?oh=84a7ac6c10cd36ca3fab78c2fabf0024&oe=57972BFF
[15:09:52] <AndChat503> Oooooochjonges
[15:10:12] <AndChat503> Ik dacht ik ga vroeg naar mijn ouders 
[15:10:17] <AndChat503> Nu zit ik hier
[15:10:18] <AndChat503> Ghihihi 
[15:10:22] <AndChat503> Of eigenlijk lig ik
[15:10:23] <rawplayer> hallo
[15:10:27] <Fem_LittleLady> Hier is ook leuk
[15:10:28] <AndChat503> Languit
[15:10:28] <rawplayer> wie is AndChat503 ?
[15:10:35] <AndChat503> Op de bank
[15:10:38] <AndChat503> Ooooooooh
[15:10:43] <rawplayer> AndChat503: welkom, stel je even voor
[15:10:47] <AndChat503> Wat is dat voor knappe man
[15:10:54] <rawplayer> :o
[15:10:55] <Fem_LittleLady> Fiebel
[15:10:57] <AndChat503> Die daar binnen komt paraderen
[15:10:58] <Fem_LittleLady> hahahaha
[15:11:00] <rawplayer> wie?
[15:11:02] <AndChat503> Ghihihi 
[15:11:06] <rawplayer> mggighghig
[15:11:06] <rawplayer> O+
[15:11:12] <AndChat503> Ik kom hier klessebessen 
[15:11:14] <AndChat503> Over dit
[15:11:20] <AndChat503> Over dat
[15:11:24] <AndChat503> Over zus
[15:11:27] <AndChat503> Over zo
[15:11:41] <rawplayer> leuk hoor
[15:11:41] <rawplayer> leuk
[15:11:45] <AndChat503> Ja
[15:11:46] <rawplayer> is leuk
[15:11:50] <rawplayer> lekker klessebessen
[15:11:58] <AndChat503> Ik vind het nu al harstikke leuk
[15:12:05] <AndChat503> Zeg ik eerlijk 
[15:12:35] <rawplayer> mooi :)
[15:12:42] <rawplayer> /msg AndChat503 wat heb je aan?
[15:12:58] <AndChat503> Ghihihi 
[15:13:11] <rawplayer> :$
[15:13:14] <AndChat503> Lammemetrust rawplayer
[15:14:34] <rawplayer> :S
[15:16:50] <AndChat503> Och jonges och jonges
[15:17:03] <AndChat503> Nog geen paasei gezien dit jaar
[15:17:12] <AndChat503> En niet dat het hier staat he
[15:17:14] <AndChat503> Neeeeee
[15:19:17] <nomadz> jahoor
[15:19:19] <nomadz> jumbo gesloten
[15:19:36] <nomadz> altijd open, 1 januari, 1e kerstdag etc.  maar nu dicht
[15:19:59] <AndChat503> Kom naar roffah 
[15:20:12] <AndChat503> 366 dagen open dit jaar
[15:20:40] <nomadz> ja ik denk dat ze hier maar 365 dagen open mogen zijn
[15:20:47] <rawplayer> rrrrrrrrrrraar
[15:21:43] <Fem_LittleLady> denk dat ik volgende maand een steden trip regel 
[15:22:58] <AndChat503> Voor ons allemaal? 
[15:23:21] <nomadz> weekendje brussel
[15:23:28] <nomadz> is in de aanbieding
[15:23:42] *** Quits: Fem_LittleLady (Mibbit@a82-161-112-138.adsl.xs4all.nl) (Exit)
[15:24:09] *** Joins: Teckna (jonathan@52487D74.cm-4-1b.dynamic.ziggo.nl)
[15:25:14] *** Quits: TooL (x@ip172-92-210-87.adsl2.static.versatel.nl) (Ping timeout: 67 seconds)
[15:25:35] <AndChat503> Hier zijn wel 1000 klokken die tikken 
[15:29:13] <nomadz> tak-tik-tak-tik
[15:29:35] <AndChat503> Zo irritant 
[15:31:45] <nomadz> zolang het geluid niet uit een verdacht pakketje komt..
[15:33:09] <AndChat503> Er komen wel verdachte geluiden uit mijn vader
[15:33:47] *** Joins: TooL (x@ip172-92-210-87.adsl2.static.versatel.nl)
[15:38:37] *** Joins: Lott (Lott@242-207-158-163.dynamic.caiway.nl)
[15:44:10] <rawplayer> AndChat503: zoals?
[15:44:12] <rawplayer> snurk?
[15:44:13] <rawplayer> eten?
[15:46:23] *** Quits: Fiebel (PrincessCo@d77048.upc-d.chello.nl) (Ping timeout: 60 seconds)
[15:46:47] *** Quits: wasbak` (wasbak@095-096-019-149.static.chello.nl) (Exit)
[15:51:07] <nomadz> farten
[15:53:35] *** Joins: Andros (Andros@181.141-244-81.adsl-dyn.isp.belgacom.be)
[15:55:25] *** Joins: Fiebel (PrincessCo@d77048.upc-d.chello.nl)
[16:06:35] *** boekee_away is now known as boekee
[16:09:42] <AndChat503> Och jonges
[16:09:52] <AndChat503> Gelijkspel met yahtzee
[16:09:59] <AndChat503> #kleinleed
[16:11:23] *** boekee is now known as boekee_away
[16:17:50] <zovty> Maar wie heeft er dan uiteindelijk gewonnen?
[16:20:01] <AndChat503> Niemand! 
[16:20:17] <AndChat503> Maar ik vind ik omdat mijn moeder veel meer ervaring heeft
[16:20:31] <AndChat503> En dat vond mijn vader ook wel
[16:20:39] <zovty> Hmja.
[16:20:45] <zovty> En wie maakt het eten?
[16:21:37] <AndChat503> Vadertje 
[16:21:47] <AndChat503> Maar hij is zo ziek he
[16:21:49] <AndChat503> Zo ziek
[16:21:58] <zovty> Gurm.
[16:22:03] <AndChat503> Puchepuchepuche steunkreub Puchepuchepuche 
[16:22:13] <zovty> Ochoch.
[16:22:14] <AndChat503> Maar zn manager is keihard 
[16:22:16] <zovty> Dat klinkt niet best.
[16:22:21] <AndChat503> KOKEN!
[16:22:21] <zovty> Ja.
[16:22:28] <AndChat503> RRRRRRRAP!
[16:22:36] <zovty> Hmja.
[16:22:45] <zovty> Voor de lieve vrede had ik hem dan laten winnen.
[16:22:46] <zovty> Maar goed.
[16:22:53] <zovty> Elk huisje hep ze kruisje.
[16:23:03] <AndChat503> Ja nee maar hij dee nie mee!
[16:23:09] <zovty> Ahzo.
[16:23:10] <AndChat503> Hij moes o
[16:23:11] <AndChat503> Koken
[16:23:18] <zovty> Oh joh.
[16:23:20] <AndChat503> En puchelen
[16:23:21] <zovty> Wat maakt het dan uit.
[16:23:23] <zovty> Jajoh.
[16:23:25] <AndChat503> Niks!
[16:23:31] <zovty> Lekker paaskalkoen met pucheltjes.
[16:23:39] <AndChat503> Mjammjammjam
[16:23:48] <AndChat503> smeksmekmsmek
[16:23:51] <AndChat503> Smeej
[16:23:51] <zovty> Lekker hor.
[16:24:03] <AndChat503> !seen Smeej
[16:24:04] <digibot> AndChat503: Smeej was last seen in #fok 2y 11w 1d 14h 38m 1s ago: <smeej> lol
[16:24:07] <AndChat503> :(
[16:24:17] <AndChat503> !seen krt
[16:24:18] <digibot> AndChat503: krt was last seen in #fok 5y 38w 5d 19h 5m 22s ago: <KRT> SMEEJ >:(.
[16:24:25] <AndChat503> :(
[16:24:29] <zovty> Lekker bozen met krt.
[16:24:36] <AndChat503> Zunne boosje
[16:24:59] <AndChat503> Moet je niet paasvierenn met hullie?
[16:25:07] <zovty> Morgen.
[16:25:19] <zovty> Icm verjaardag des vaders.
[16:25:25] <AndChat503> Ochwaheerlijk
[16:25:33] <AndChat503> Dan heb iedereen het al gehad
[16:25:37] <AndChat503> En dan mag jij nog
[16:25:42] <zovty> Jajoh.
[16:25:43] <AndChat503> Wa heerlijk wa heerlijk 
[16:26:00] <AndChat503> Maar
[16:26:15] <AndChat503> Je vader is ook morgen toch helemaal niet jarig? 
[16:26:21] <zovty> Welnee.
[16:26:29] <zovty> MAar daar trekken ze zich niks van aan joh.
[16:26:38] <AndChat503> :|
[16:26:59] <zovty> "Wat maakt dat ene dagje nou uit".
[16:27:05] <zovty> Jajoh.
[16:27:12] <zovty> We zetten wel even 1 dagje je internet uit.
[16:27:43] <AndChat503> Kijken wat dat uitmaakt!
[16:27:54] <AndChat503> Wat heb je nou gekocht?
[16:28:16] <zovty> Flessies wijn.
[16:28:41] <AndChat503> Smeksmekmsmek 
[16:28:54] <AndChat503> Gloeckgloeckgloeck
[16:38:38] *** boekee_away is now known as boekee
[16:44:17] *** Quits: Teckna (jonathan@52487D74.cm-4-1b.dynamic.ziggo.nl) (Ping timeout: 67 seconds)
[17:01:14] *** Quits: Fiebel (PrincessCo@d77048.upc-d.chello.nl) (Ping timeout: 61 seconds)
[17:01:22] *** Joins: Fiebel (PrincessCo@d77048.upc-d.chello.nl)
[17:07:51] <AndChat503> O gezellig 
[17:07:56] <AndChat503> Fiebel is er weer
[17:08:12] <AndChat503> Pep, blijf van die laptop af
[17:11:27] <wellywest> oo oo oo die peppie
[17:12:50] *** Quits: Andros (Andros@181.141-244-81.adsl-dyn.isp.belgacom.be) (Exit)
[17:13:07] *** Joins: Andros (Andros@181.141-244-81.adsl-dyn.isp.belgacom.be)
[17:16:43] <AndChat503> Peppie is zo een wilde
[17:17:27] <wellywest> en handig met de lap
[17:20:33] <AndChat503> Ook
[17:20:41] <AndChat503> Programmeren als een malle 
[17:22:54] *** Joins: Jeroen (Mibbit@54188FF8.cm-5-1c.dynamic.ziggo.nl)
[17:27:09] <wellywest> o wat een kanpperd
[17:31:45] *** Quits: SCHAPiE (dorian@dhcp-077-249-247-124.chello.nl) (Input/output error)
[17:32:11] *** Quits: Lott (Lott@242-207-158-163.dynamic.caiway.nl) (Ping timeout: 60 seconds)
[17:32:39] *** Joins: SCHAPiE (dorian@dhcp-077-249-247-124.chello.nl)
[17:33:51] *** Quits: SCHAPiE (dorian@dhcp-077-249-247-124.chello.nl) (Ping timeout: 60 seconds)
[17:35:37] <Redhead> sup hier?
[17:37:19] <AndChat503> Rrrreddie!
[17:37:23] <AndChat503> O+
[17:38:08] * Punnik zwaait ook !!
[17:38:18] <Redhead> zwaaizwaai
[17:38:29] <Redhead> wie is AndChat503 nou weer?
[17:38:41] * Punnik doet er wat halihali's bij !
[17:38:56] <Redhead> halihali right back at ya !
[17:39:10] <Redhead> k had n fijn middagslaapje
[17:39:13] <Punnik> woei !! kom net van buiten, dan zijn hali's extra lekker !!
[17:39:21] <Redhead> hihi
[17:39:29] <Redhead> ik zit nu buiten :)
[17:39:54] <Punnik> noh, Red net gemist ;P   =ook naar buiten gaat=
[17:40:12] <AndChat503> Mghihigig 
[17:40:39] <Redhead> gezellie , neem n bakkie
[17:42:36] <AndChat503> Hooo nhee
[17:42:43] <AndChat503> Dan slaap ik niet
[17:43:36] <Redhead> als Punn koffie drinkt slaap jij niet?
[17:43:41] <Redhead> hmz....
[17:44:35] <Punnik> mja, vaag.... maar jammer dan, ik lust wel koffie ;P  cheers Red !
[17:44:38] <AndChat503> Ghihihi 
[17:45:38] <Redhead> cheers!!
[17:48:50] *** Joins: SCHAPiE (dorian@dhcp-077-249-247-124.chello.nl)
[17:53:15] *** Quits: mijk (mijk@5ED37840.cm-7-4b.dynamic.ziggo.nl) (Ping timeout: 61 seconds)
[18:05:51] *** Joins: wirky (werken@ip503c7f23.speed.planet.nl)
[18:07:45] *** Quits: dreammer (Dreammer@i142073.upc-i.chello.nl) (Ping timeout: 60 seconds)
[18:11:30] *** Joins: Lott (Lott@242-207-158-163.dynamic.caiway.nl)
[18:12:21] *** Joins: mijk (mijk@5ED37840.cm-7-4b.dynamic.ziggo.nl)
[18:24:32] *** Joins: Fokker_7926 (Mibbit@195-240-234-230.ip.telfort.nl)
[18:24:44] <Fokker_7926> hoi
[18:25:56] *** Quits: Fokker_7926 (Mibbit@195-240-234-230.ip.telfort.nl) (Exit)
[18:26:03] *** Joins: Fokker_7926 (Mibbit@195-240-234-230.ip.telfort.nl)
[18:26:09] <Fokker_7926> hoi
[18:26:58] <boekee> hoi
[18:27:43] *** Quits: Fokker_7926 (Mibbit@195-240-234-230.ip.telfort.nl) (Exit)
[18:30:13] <Redhead> hoi
[18:33:35] <AndChat503> Hoi
[18:36:15] <Jeroen> http://i.imgur.com/LKCM0sx.webm
[18:42:31] <Redhead> whoei en toen hoefden we niet meer te denken over eten fixen , krijgen we gewoon lekker paella \o/
[18:42:56] <AndChat503> Nomnommnom 
[18:46:31] <boekee> Ik ben net een uurtje wakker..... Twee broodjes Indische spek en een boterham met hagelslag... en veel koffie!
[18:46:48] <boekee> paella ...... lekkah
[18:46:48] <AndChat503> Nomnommnom 
[18:47:47] <Redhead> lekker boekee 
[18:48:25] <boekee> zeker!
[18:48:26] <Redhead> hagelslag toch wel puur of nie ?
[18:48:42] <Boots> Vlokken!
[18:48:54] <Redhead> bootsel
[18:49:19] <Redhead> gewoon gesmolten pure chocola op vers broodje jonge
[18:49:27] <Redhead> :)
[18:49:49] <boekee> Ja dat is ook zo lekker
[18:51:50] <Redhead> maar eerst nog s n rondje wandelen in t avondzonnetje , toozooo
[18:54:08] <boekee> http://i.imgur.com/goOGEKk.jpg
[18:54:17] <boekee> Potje Pindakaas ;)
[18:54:20] <boekee> JIFF
[18:54:44] <boekee> 2 kilo
[18:54:56] <boekee> Maar deze is zo fantastisch lekker
[18:58:18] *** Quits: AndChat503 (AndChat503@e7179.upc-e.chello.nl) (Exit)
[19:01:43] *** Quits: Lott (Lott@242-207-158-163.dynamic.caiway.nl) (Ping timeout: 66 seconds)
[19:04:53] <wellywest> suppppppppppppppppppppppppppppppppppppppppppppppppppppp
[19:06:41] *** Joins: Teckna (jonathan@52487D74.cm-4-1b.dynamic.ziggo.nl)
[19:09:35] *** Joins: dreammer (Dreammer@i142073.upc-i.chello.nl)
[19:24:43] <Fiebel> ik ben er
[19:27:52] *** Joins: wasbak` (wasbak@095-096-019-149.static.chello.nl)
[19:28:01] <wasbak`> o/
[19:28:35] <rawplayer> boh
[19:28:41] <rawplayer> woRRdt net wakkee
[19:28:43] <Fiebel> oooooooooooooooooooooooooooooooooooooh
[19:28:49] <Fiebel> 3 minuten binnen
[19:28:57] <Fiebel> en mijn stiekje is al geconfisceerd
[19:29:02] <Fiebel> door de stiekjeswacht
[19:29:06] <Fiebel> HOORTHIERNIET!!!!!!!!!!!!
[19:29:07] <Fiebel> }:{
[19:29:26] <rawplayer> nomadz gaan we nog thee doen?
[19:34:26] <wirky> doe lkkr mee met thee
[19:34:52] <wirky> wel zo gezellig
[19:36:00] <wirky> de rooibosrukkers & de senchaslikkers
[19:36:06] <wirky> Haaaaahaaaaahaaaaa
[19:40:19] <Dubbeldrank> Sterk spul zeker wirky?
[19:40:44] <wirky> och sterk
[19:41:21] <Dubbeldrank> rawplayer kauwt altijd op de theezakjes en drinkt een glas water
[19:42:00] <wirky> ach ja das ne zun gekky
[19:45:35] *** Joins: Fe2O3 (Fe2O3@h70248.upc-h.chello.nl)
[19:45:35] *** ChanServ sets mode: +o Fe2O3
[19:46:51] *** Quits: wirky (werken@ip503c7f23.speed.planet.nl) (Ping timeout: 66 seconds)
[19:47:39] <Redhead> Dubbeldrank: ze smelten de paashaas!
[19:47:42] *** Joins: wirky (werken@ip503c7f23.speed.planet.nl)
[19:47:55] <Redhead> wellypelly
[19:48:05] <wirky> hee
[19:48:12] <rawplayer> hoi
[19:48:16] <wirky> ik zit aan de thee
[19:48:22] <Redhead> ole!
[19:48:32] <Redhead> k heb limo 
[19:48:45] *** Quits: Andros (Andros@181.141-244-81.adsl-dyn.isp.belgacom.be) (Ping timeout: 66 seconds)
[19:48:47] <Redhead> een citroen litertje water en n lepel honing
[19:48:50] <rawplayer> ok
[19:49:11] <Redhead> en nu food!
[19:49:38] <wirky> =goed
[19:49:53] *** Joins: Andros (Andros@181.141-244-81.adsl-dyn.isp.belgacom.be)
[19:50:04] <wirky> ik hedde al gegeten
[19:50:32] <wirky> kip gehakt merquez spinazie en spitskool
[19:50:46] <Redhead> oki
[19:50:49] <rawplayer> okay
[19:50:53] <Redhead> paella en salade hier
[19:51:15] <wirky> okay
[19:51:17] <wirky> dan
[19:51:42] <rawplayer> toppiw
[19:51:46] <Dubbeldrank> OMG REDHEAD NIET DE PAASHAAS!
[19:52:07] <Redhead> rambambambambambam
[19:52:17] <Dubbeldrank> hoe is het is viva espana?
[19:52:24] *** boekee is now known as boekee_away
[19:52:27] <Redhead> zn gangethe 
[19:52:32] <Dubbeldrank> meuj
[19:52:40] <Redhead> k was meteen weer de klos met dat uur vanochtend
[19:52:43] <Redhead> ;p
[19:52:46] <Dubbeldrank> hehe
[19:52:54] <Dubbeldrank> ja, ik werd wat later wakker dan gepland
[19:53:02] <Redhead> daarvoor dikke siesta 
[19:53:11] <Redhead> lekker lekker!
[19:53:34] <Redhead> blijkbaar lag ik echt in coma want men riep me voor paella eten
[19:53:38] <Redhead> nak gehoord
[19:53:39] <Redhead> hehehe
[19:53:58] <Dubbeldrank> :D
[19:54:10] <Dubbeldrank> datw as toch wel erg ok hoor
[19:54:19] <Dubbeldrank> paella in spanje
[19:54:32] <Dubbeldrank> deze zomer weer \o/
[19:54:36] <Redhead> ik maak zelf wel de lekkerste ;)
[19:54:45] <Redhead> ah whoei , waar heen?
[19:54:49] <Dubbeldrank> Tenerife
[19:54:57] <Dubbeldrank> wist je al ;)
[19:55:04] <Redhead> och jaaaaaaaaaaaaaaaa
[19:55:17] <Redhead> ;p ouderdom eh
[19:55:19] <Dubbeldrank> jij zei nog dat ik de boot naa La Gomera moest pakken :P
[19:55:22] <rawplayer> ik ga mee
[19:55:25] *** Quits: wirky (werken@ip503c7f23.speed.planet.nl) (Exit)
[19:55:35] <Redhead> klopt 
[19:55:38] <Dubbeldrank> dat is wel lastig Redhead
[19:55:41] <Dubbeldrank> rawplayer
[19:55:47] <rawplayer> ok
[19:56:04] <Dubbeldrank> huisdieren gaan eerst in quarantaine enzo
[19:56:33] <rawplayer> k
[19:56:52] <Redhead> DD camino de rey is wel open nu he , al n hele tijd
[19:56:57] <Redhead> sup daarmee?
[19:57:10] <Dubbeldrank> ja, dat is ook helemaal opgeknapt las ik
[19:57:12] <Boots> Paella... gmz
[19:57:13] <Boots> hmz
[19:57:40] <Dubbeldrank> want er liepen toch wel erg veel mensen om het in zo'n staat te laten
[19:57:44] <Boots> Best een goed idee
[19:57:44] <Dubbeldrank> als in gevaarlijk
[19:57:54] <Dubbeldrank> lekker Boots
[19:58:12] <Redhead> uhu , nu helemaal beveiligd en ook 2 routes
[19:58:20] <Dubbeldrank> nice
[19:58:22] <Redhead> een voor gewoon en een voor wagelingen
[19:58:50] <Dubbeldrank> waaghalzen ftw!
[19:59:16] <Redhead> ik kijk graag naar  die klimmerts maar zelf laat ik t mooi...
[19:59:50] <Boots> Wel beeeeetje veel vegetarische variaties te vinden
[19:59:54] <Boots> Allemaal met wat anders
[20:00:02] <Redhead> bedoel beetje rotsklimmen prima maar niet van die hoogtekunstjes
[20:00:17] <Redhead> och Boots , gewoon rijst met ingedienten
[20:00:29] <Redhead> dus idd duizendeneeen mogelijkheden
[20:01:19] <Redhead> maak t geel met saffran of curkuma en voila
[20:01:58] <Jeroen> vegetarisch?!
[20:02:00] <Boots> idd
[20:02:06] <Jeroen> vlees en vis verdomme
[20:02:10] <Jeroen> dooie dieren
[20:02:25] <Boots> vis wil ik best af en toe eten
[20:02:29] <Boots> maar meh
[20:03:12] <rawplayer> mmmmm vis
[20:11:31] <rawplayer> hoi
[20:15:03] <wellywest>  vis met pepernoten
[20:17:15] <rawplayer> http://nieuwsopbeeld.nl/2016/03/27/hot-nieuws-mogelijke-terrorist-verdachte-aangehouden-mathenesserweg-rotterdam/
[20:17:17] <digibot> Title: BREKEND : Terrorisme verdachten aangehouden Mathenesserweg Rotterdam West Nieuws op Beeld Altijd het laatste (112) nieuws vanuit de regio Rotterdam-Rijnmond! (at nieuwsopbeeld.nl)
[20:22:49] <Ou-Tannu> :?
[20:27:56] *** Quits: dreammer (Dreammer@i142073.upc-i.chello.nl) (Ping timeout: 60 seconds)
[20:28:44] *** Joins: dreammer (Dreammer@i142073.upc-i.chello.nl)
[20:30:28] *** Joins: chasingrainbows (Mibbit@541D0FE9.cm-5-6a.dynamic.ziggo.nl)
[20:30:54] <Fiebel> raaaaaaaaaaaaaaaaaaaaaaaaaaaainbow
[20:31:12] <chasingrainbows> Fiebel!
[20:31:37] <chasingrainbows> Hoe is het hier?
[20:31:41] <Fiebel> had je een heerlijke eerste paasdag?
[20:31:44] <Fiebel> ooo samesame
[20:32:02] <chasingrainbows> Mwa nee niks gedaan
[20:32:10] <chasingrainbows> hele dag op bed gelegen, heb een hersenschudding
[20:32:16] <Fiebel> mijn god :D
[20:32:18] <Fiebel> hoe at ou weer
[20:32:20] <chasingrainbows> hopelijk heb jij wel wat meer gedaan dan ik haha
[20:32:26] <chasingrainbows> ja 
[20:32:35] <chasingrainbows> letterlijk gewoon op mijn achterhoofd gevallen
[20:32:44] <Fiebel> :|
[20:32:51] <Boots> Zag je rawplayer voorbij lopen?
[20:33:25] <chasingrainbows> Heeft rawplayer dat effect ?
[20:33:39] <Fiebel> o ja
[20:33:40] <Fiebel> op zeker
[20:33:44] <Fiebel> als hij voorbij paradeert
[20:33:51] <Fiebel> val je in katzwijm
[20:34:07] <Fiebel> soms op je achterhoofd
[20:34:08] <chasingrainbows> Oeehww
[20:34:14] <chasingrainbows> Ja auw 
[20:34:27] <chasingrainbows> Gelukkig ben ik bij mn ouders en word ik verwend :D love my life
[20:34:46] <Fiebel> ooo doe je goed
[20:34:50] <Fiebel> ik was ook bij mijn ouders
[20:34:57] <Fiebel> maarinmiddels weer lekker thuis O+
[20:35:00] <Fiebel> met mijn poesje aan het spelen
[20:35:20] <chasingrainbows> owh leuk
[20:37:52] <Boots> gay
[20:40:04] <Redhead> mayday
[20:40:57] <zovty> Jeetje bijna 9 uur alweer.
[20:41:08] <Fiebel> omdat het zo gezellig is
[20:42:53] <zovty> Nee vavnwege zomertijd vooral.
[20:42:55] <zovty> Ellende.
[20:42:59] <zovty> God wat een ellende.
[20:43:01] <Fiebel> :||
[20:43:17] <Boots> Het voelt veel meer als 9u
[20:43:21] <Redhead> met de wekker wakker worden 
[20:43:27] <Redhead> suckeduck
[20:43:35] <Redhead> en dan naar eva braun
[20:43:36] <Boots> Ja vanochtend ook
[20:43:41] <Redhead> ai ai ai ai ai
[20:43:54] <Fiebel> eva braun!
[20:43:56] <Fiebel> leuke griet!
[20:43:58] <Fiebel> raaare man
[20:44:00] <Fiebel> raaare rare man
[20:44:00] <Redhead> lol
[20:44:26] <chasingrainbows> die ene van hitler?
[20:44:28] <chasingrainbows> of welke eva
[20:44:32] <Redhead> jaja
[20:44:33] <Jeroen> https://www.youtube.com/watch?v=fRh_vgS2dFE
[20:44:35] <digibot> Title: Justin Bieber - Sorry (PURPOSE : The Movement) - YouTube (at www.youtube.com)
[20:44:36] <chasingrainbows> waar hebben jullie t over haha.
[20:44:38] <zovty> Had hij er meer dan? :o
[20:44:55] <chasingrainbows> hoi Zovty
[20:44:58] <Jeroen> is it too late now to say SSOORRWWWWRRRRYYH
[20:45:13] <Redhead> lekker de oefening nog beter negeren met dat mens
[20:45:55] <Redhead> ze vroeg me of ik morgen zin had om  te komen , ik zei nee
[20:45:56] <Redhead> ;p
[20:46:03] <zovty> Och jongens toch.
[20:46:11] <Redhead> jaja
[20:46:16] <zovty> als ik er even voor ga zitten dan kan ik best een lekker potje staan koken.
[20:46:19] <zovty> Hoi rainbows.
[20:46:23] <Redhead> ze gaf me wel n 10the tip
[20:46:30] <Redhead> 10tje
[20:46:38] <Redhead> slijmert
[20:46:49] <Redhead> ze had t wel ook bont gemaakt vd week
[20:47:13] <zovty> Hoe dan?
[20:47:14] <Fiebel> tientje bont?
[20:47:15] <chasingrainbows> tientje voor wat
[20:47:18] <Fiebel> och knap poesje
[20:47:23] <Fiebel> ligt op mijn plekje }:{
[20:47:38] <Fiebel> met dr lange larvenlijf
[20:47:39] <zovty> Als jij er niet op ligt is het niet jouw plekje.
[20:47:41] <Fiebel> paddepoef
[20:47:43] <Fiebel> WEL!
[20:47:46] <Redhead> hehe
[20:47:55] <zovty> Als jij er niet op ligt is het niet jouw plekje. - Johan Cruijf.
[20:48:03] <Fiebel> isni
[20:48:07] <Redhead> charlie ligt lekker buiten op de bank te pitten
[20:48:34] <zovty> Hoe kom je aan die hersenschudding rainbows?
[20:48:40] <Fiebel> rawplayer liep langs
[20:48:50] <zovty> :')
[20:48:54] <Fiebel> is echt
[20:48:56] <zovty> *padum tsh*
[20:48:57] <zovty> Oh echt?
[20:48:58] <Redhead> die kreeg wel weer kip van eva
[20:49:00] <zovty> Nee?
[20:49:01] <Fiebel> ja
[20:49:03] <Fiebel> vraag maar aan boots
[20:49:08] <zovty> Is dat zo boots?
[20:49:15] <Fiebel> een verrekte nek en een hersenschudding
[20:49:25] <zovty> Pfff.
[20:49:35] <zovty> Nouja ze mag nog blij zijn dat ze niet tussen z'n grill is beland.
[20:49:42] <Fiebel> is ook
[20:49:43] <Fiebel> is ook zo
[20:49:44] <chasingrainbows> hahahaha net als die eend lol
[20:49:47] <Fiebel> ja
[20:49:48] <Fiebel> idd
[20:49:50] <zovty> En 100 kom naar limburgia had moeten rijden.
[20:49:50] <Fiebel> net als die eend!!!!
[20:49:55] <zovty> Welke eend?
[20:49:57] <chasingrainbows> nee ik ben van een brommer gevallen
[20:50:01] <Fiebel> :|
[20:50:02] <zovty> Ah.
[20:50:07] <zovty> Na het brommerskieken?
[20:50:13] <Fiebel> och jonges heerlijk
[20:50:15] <chasingrainbows> Haha was t maar zo
[20:50:16] <Fiebel> lekker brommerskieken
[20:50:20] <Fiebel> op een tochtig hoekje
[20:50:27] <zovty> Lekker stom.
[20:50:30] <zovty> had je ene helm op?
[20:50:31] <Fiebel> en de volgende dag chlamydia en een longontsteking
[20:50:43] <zovty> Och heerlijk.
[20:51:08] <chasingrainbows> nee ik had geen helm op
[20:51:14] <zovty> Och kind toch.
[20:51:15] <zovty> Wat dom.
[20:51:17] <chasingrainbows> want ik heb eigenlijk geen rijbewijs ofzo
[20:51:21] <zovty> Je had wel invalide kunnen zijn.
[20:51:25] <chasingrainbows> en ik doe dat alleen soms bij ons 
[20:51:26] <chasingrainbows> nee nee
[20:51:32] <chasingrainbows> was echt niet snel
[20:51:34] <chasingrainbows> 10 km u
[20:51:37] <zovty> Oja.
[20:51:43] <zovty> Nee, dan is het goed joh.
[20:51:48] <chasingrainbows> maar ja ik doe dat bijna nooit en wilde gewoon een klein stukje
[20:51:49] <Fiebel> ja maar dat zegt niks
[20:51:54] <zovty> Een hersenschudding is ook gewoon normaal.
[20:51:56] <chasingrainbows> maar het was ook best glad
[20:52:05] <Fiebel> ja het had keihard gevroren
[20:52:07] <Fiebel> :|
[20:52:09] <zovty> Ja.
[20:52:12] <chasingrainbows> guys ik weet dat t stom is maarja
[20:52:15] <zovty> Got wat was het koud.
[20:52:23] <zovty> Ja rainbows eh...
[20:52:30] <chasingrainbows> nee glad door regen
[20:52:31] <zovty> Denk nou eens na.
[20:52:35] <zovty> Wij zitten hier he.
[20:52:37] <Redhead> voor
[20:52:41] <Redhead> niet na
[20:52:42] <zovty> Wij altijd.
[20:52:43] <Redhead> ;p
[20:52:50] <chasingrainbows> alsof jullie nooit iets 'minder slims' hebben gedaan
[20:52:54] <zovty> En jij komt dan opeens niet meer.
[20:52:54] <Redhead> oh wacht
[20:52:59] <Fiebel> zelden
[20:53:01] <Redhead> voor tijdens en na
[20:53:08] <zovty> En eerst denken we nog, oh, die is ff weg ofzo.
[20:53:19] <Redhead> nooit chasingrainbows ;p
[20:53:20] <chasingrainbows> nou ik ben er kei vaak
[20:53:25] <zovty> Ja.
[20:53:28] <Fiebel> !seen chasingrainbows
[20:53:28] <zovty> Maar dan dus opeens niet meer.
[20:53:28] <digibot> Fiebel: chasingrainbows was last seen in #fok 8s ago: <chasingrainbows> nou ik ben er kei vaak
[20:53:30] <chasingrainbows> en dan is er alleen Fem little girl 
[20:53:37] <Fiebel> gihgihgigi
[20:53:38] <zovty> Ja, maar dan zeg jij ook niks.
[20:53:41] <chasingrainbows> en dan klets ik wat met haar ofzo
[20:53:52] <chasingrainbows> oke heb ik nu je gevoelens gekrenkt?
[20:54:05] <zovty> IK HEB GEEN GEVOELENS!!!!!!!!!!!
[20:54:11] <Fiebel> wat een boosheid
[20:54:12] <zovty> Maar wat ik dus wilde zeggen.
[20:54:15] <chasingrainbows> ahw oke 
[20:54:27] <chasingrainbows> nou ja je weet toch dat ik het kei gezellig vind met jullie
[20:54:33] <zovty> Als jij dus dood neervalt van je brommer met 11 km/h dan zullen wij dat nooit weten he.
[20:54:38] <zovty> Dus beter doe je een helm op.
[20:54:38] <chasingrainbows> dus niks persoonlijk aantrekken.
[20:54:42] *** Joins: Michelp2 (Mibbit@5ED4110B.cm-7-5a.dynamic.ziggo.nl)
[20:54:45] <Fiebel> heb je ons in je testament vermeld?
[20:54:50] <zovty> Ohja.
[20:54:52] <zovty> Dat kan ook.
[20:54:53] <Michelp2> Hallo hallo!
[20:54:54] <zovty> Dan doe je maar.
[20:54:55] <zovty> Hoi michel.
[20:54:56] <chasingrainbows> ik heb woensdag theorie examen dus daarna ga ik wel gewoon netjes rijden.
[20:55:04] <chasingrainbows> Hallo Michelp
[20:55:11] <Michelp2> Hoi, wist niet dat FOK ook een chat had haha!
[20:55:13] <Fiebel> NOOOOOOOOOOOOOOOOOOIT RIJDEN ZONDER RijbEWijs!!!
[20:55:17] <Fiebel> DT IS HET GEVAARLIJKSTE OOOOOOOOOOOOIT!!!!!
[20:55:20] <zovty> Ahja. Net als in een computerspelletje ben je de eerste 3 seconden na een respwan ook invincible.
[20:55:27] <Michelp2> hehe
[20:55:40] <chasingrainbows> fiebel twas geen auto goddd het was gewoon een crossbrommer
[20:55:49] <Fiebel> vn een auto kun je niet vallen
[20:55:50] <chasingrainbows> ik ben braaf verder
[20:55:55] <chasingrainbows> en ik fiets redelijk goed
[20:56:00] <zovty> Een crossbrommer??
[20:56:00] <chasingrainbows> "D
[20:56:07] <zovty> Met wat voor types ga jij eigenlijk om??
[20:56:16] <chasingrainbows> hij is van mn broertje
[20:56:25] <zovty> Wat doet ze vad...
[20:56:27] <zovty> O, ok.
[20:56:27] <Fiebel> wat voor type is jouw broertje?
[20:56:38] <chasingrainbows> ja dat is zijn sport zegmaar
[20:56:43] <chasingrainbows> geen hangjeugd type
[20:56:45] <Fiebel> "zeg maar"
[20:56:49] <chasingrainbows> ....
[20:56:50] <Michelp2> hey zou iemand mij misschien uit kunnen leggen wat fok precies is... ik zie dat je op het forum met veel mensen discussies kunt hebben over veel verschillende onderwerpen?
[20:56:50] <zovty> Roofovervallen en crossmoteren.
[20:56:50] <Fiebel> brengt hij er druks op rond?
[20:56:51] <zovty> Jaja.
[20:56:53] <chasingrainbows> wat doen jullie moeilijk.
[20:57:00] <Michelp2> Gewoon een groot discussion board dus?
[20:57:04] <Fiebel> jaa
[20:57:05] <Fiebel> gewoon dat
[20:57:06] <zovty> Ja, nou, dat is het wel zo'n beetje michel.
[20:57:10] <chasingrainbows> ik zal nog eens wat persoonlijks vertellen.
[20:57:12] <zovty> Niet meer erachter zoeken.
[20:57:12] <Michelp2> okay, cool
[20:57:21] <Michelp2> nee nee
[20:57:28] <Michelp2> maar kon geen about us page ofzo vinden was wel benieuwd
[20:57:32] <Michelp2> maar mn vermoeden is bevestigd
[20:57:35] <zovty> Oja.
[20:57:38] <zovty> Nou.
[20:57:46] <zovty> Zo gestructureerd is het hier allemaal niet.
[20:57:50] <zovty> We doen ons best.
[20:57:55] <Fiebel> zovty kan al je vragen beantwoorden
[20:57:59] <Michelp2> hoeft ook niet hoor
[20:58:00] <chasingrainbows> Michel het is gewoon een site met mensen die denken dat ze vadertje en moedertje moeten spelen.
[20:58:01] <Michelp2> zo niet xd
[20:58:03] <Redhead> hier is gewoon chat , los van forum Michelp2 
[20:58:04] <zovty> Maar een About Us page staat niet zo hoog op de prioriteiten lijst.
[20:58:05] <Michelp2> haha
[20:58:06] <Redhead> en navond
[20:58:27] <Michelp2> okeee
[20:58:37] <Michelp2> leeftijdcategorie?
[20:58:43] <Fiebel> ik ben 25
[20:58:52] <Michelp2> okay,. ik 24
[20:58:57] <Redhead> van 12 tot dinosaurussen
[20:59:00] <chasingrainbows> ik ben 39
[20:59:05] <Michelp2> cool
[20:59:11] *** Quits: Teckna (jonathan@52487D74.cm-4-1b.dynamic.ziggo.nl) (Ping timeout: 66 seconds)
[20:59:12] <chasingrainbows> tnx
[20:59:16] <Boots> ik ben 16
[20:59:18] <Michelp2> verspreid over heel het land zeker? ik woon zelf in delfzijl (een begraafplaats ergens in groningen)
[20:59:28] <chasingrainbows> ik woon in Veendam
[20:59:35] <Michelp2> haha oke, kom ik wel eens
[20:59:35] <Redhead> binnen en buitenland 
[20:59:51] <chasingrainbows> nee geintje ik lul maar wat sorry Michelp
[20:59:54] <Boots> RIP
[20:59:58] <Michelp2> oh nou jammer
[21:00:12] <Michelp2> dacht misschien wonen er wat mensen in het noorden maar valt mee zie ik al wel 
[21:00:30] <Redhead> er wonen heus wel mensen in het noorden
[21:00:38] <Redhead> en die chatten vaak ook nog s 
[21:00:39] <Michelp2> haha ja snap k
[21:00:39] <zovty> Valt wel mee.
[21:00:39] <Redhead> :)
[21:00:45] <chasingrainbows> vgm wonen de meesten in het zuiden toch?
[21:01:00] <Redhead> volgens mij wonen de meesten in de randstad
[21:01:01] <Redhead> ;p
[21:01:15] <Michelp2> ja zoiets dacht ik ook wel ja midden nederland ergens 
[21:01:26] <chasingrainbows> volgens mij wonen de meesten in mexico city maar bedoelde van ons toch haha
[21:01:37] <Michelp2> waar woon jij dan? :p
[21:01:47] <chasingrainbows> brabant
[21:01:56] <Fiebel> brandt daar nog licht?
[21:02:01] <Michelp2> okayyy 
[21:02:02] <zovty> Ja.
[21:02:07] <zovty> Ik zie het hier branden.
[21:02:07] <Fiebel> check
[21:02:10] <zovty> Maar het waait wel.
[21:02:18] <Fiebel> goed zo
[21:02:20] <Fiebel> lekker doorwaien
[21:02:20] <Michelp2> gatver man dat schultenbrau bier 
[21:02:22] <chasingrainbows> Oh zovty jij woont ook in brabant he!
[21:02:25] <Michelp2> stuk minder dan grolsch ofzo
[21:02:28] <zovty> Jajoh.
[21:02:30] <chasingrainbows> ....
[21:02:33] <Redhead> gelukkig niet meer zo erg ,heb het jullie kant opgestuurd ;p
[21:02:35] <chasingrainbows> michel u forreal?
[21:02:36] <Michelp2> :P
[21:02:37] *** Joins: Teckna (jonathan@52487D74.cm-4-1b.dynamic.ziggo.nl)
[21:02:45] <Michelp2> is toch zo?
[21:02:47] <Michelp2> wel te zuipen hoor
[21:02:48] * Boots uit Grolsch City
[21:02:53] <Boots> Ohnee komt uit Groenlo he
[21:02:56] <Boots> Daar woon ik niet
[21:02:57] <Michelp2> maar ik merk nu wel anders dan heineken of grolsch ofzo
[21:03:12] <chasingrainbows> wat?
[21:03:17] <Boots> merk?
[21:03:22] <zovty> He?
[21:03:26] <Michelp2> :S
[21:03:30] <Fiebel> hmm?
[21:03:40] <zovty> Eh...
[21:04:14] <zovty> Ja.
[21:04:15] <zovty> Nou.
[21:04:26] <chasingrainbows> ik niet snap
[21:04:28] <zovty> Ik ga eens even een lekkere chocomouse maken.
[21:04:34] <zovty> Mousse.
[21:04:35] <Michelp2> lama 
[21:04:37] <chasingrainbows> mmmm
[21:04:38] <chasingrainbows> lekker <3
[21:04:40] <zovty> Kameel.
[21:04:42] <Michelp2> bedoelde dat dit bier wat ik drink niet super is 
[21:04:42] <Redhead> van scratch? 
[21:04:56] <zovty> Eh.
[21:05:01] <zovty> Paleochocomousse he.
[21:05:05] <Redhead> lol
[21:05:12] <chasingrainbows> ahw dat trekt rawplayers aan
[21:05:15] <Redhead> paleo me hoela
[21:05:16] <zovty> Ja, sst.
[21:05:18] <Redhead> :)
[21:05:50] <rawplayer> hallo
[21:05:53] <rawplayer> ik  ben er
[21:05:58] <Fiebel> OOOOOOOOOOOOOOOOOOOOOOOOOOOOOOOOOOOOOOOOOOOOOOOOOOOOOOOOOOOOOOOOOOOOOOOOOOOOOOOOOOOOOOOOOOOOOOOOOOOOOOOOOOOOOOOOO+
[21:06:15] <rawplayer> oooo ik heb zin in paleochocomousse
[21:06:25] <Fiebel> loop maar even langs zovty
[21:06:32] <zovty> BAM!
[21:06:38] * zovty is op ze achterhoofd gevallen.
[21:06:39] <rawplayer> die mot mij niet
[21:06:48] <Fiebel> ghghigihighhighigihihgihgihgihgihhighighi
[21:07:31] <chasingrainbows> :'(
[21:07:55] <chasingrainbows> ZE??
[21:08:02] <chasingrainbows> bedoelt u: z'n??
[21:08:03] <rawplayer> nomadz
[21:09:54] *** tozzbbq is now known as tozzert
[21:12:04] <Fiebel> och jonges
[21:12:07] <Fiebel> wat ben IK moe
[21:12:20] <rawplayer> ja kind
[21:12:26] <rawplayer> ik ga ook zo douchen
[21:12:29] <rawplayer> en bedje in
[21:12:36] <Michelp2> haha ja heb ik ook wel zin in 
[21:12:36] <Fiebel> gelijk heb e
[21:12:39] <Michelp2> maar is nog vroeg
[21:12:39] <Fiebel> pak je rust
[21:12:51] <Michelp2> misssschien nog een biertje
[21:13:00] <Fiebel> ik leef buiten het concept van de tijd
[21:13:08] <rawplayer> mghihihihiihihihhi
[21:15:47] <chasingrainbows> Het is nog best vroeg toch
[21:15:49] <chasingrainbows> en een zondag
[21:15:54] <rawplayer> zo moeeeee
[21:15:57] <rawplayer> zo moeeeee
[21:16:04] <chasingrainbows> wat heb je gedaan dan vandaag/
[21:16:09] <Fiebel> zo verschrikkelijk moe
[21:16:09] <rawplayer> geslapen
[21:16:10] <Fiebel> eten
[21:16:11] <rawplayer> en gefeten
[21:16:12] <Fiebel> en poepen
[21:16:12] <chasingrainbows> was je gym open trouwens?
[21:16:14] <rawplayer> gegeten
[21:16:16] <rawplayer> nee
[21:16:16] <Fiebel> god wat was het zwaar
[21:16:48] <chasingrainbows> ik heb voor de verandering eens niet kei veel gegeten
[21:16:54] <chasingrainbows> en alleen maar paleo
[21:17:01] <chasingrainbows> zo trots.
[21:17:17] <rawplayer> ik ben ook trots op joi
[21:17:18] <rawplayer> jou
[21:19:32] <zovty> Bedankt.
[21:19:59] <Michelp2> haha
[21:20:14] <zovty> Nou.
[21:20:18] <zovty> Me mousse staat in de koeling.
[21:20:25] <Fiebel> mijn mousse
[21:20:26] <Michelp2> mooi
[21:20:31] <Michelp2> mijn biertje is er net uit
[21:20:31] <zovty> Dat dacht ik niet.
[21:20:37] <zovty> Maak je eigen mousse maar.
[21:20:43] <zovty> Och biertje biertje biertje.
[21:20:43] <Fiebel> ook niet lief
[21:20:45] <Michelp2> haha
[21:20:50] <zovty> Ik zou zo graag eens een biertje lusten.
[21:20:58] <rawplayer> http://foxnews.com.co/actor-bill-murray-announces-2016-presidential-run/
[21:21:01] <digibot> Title: Actor Bill Murray Announces 2016 Presidential Run - Fox News - The Latest Breaking News HeadlinesFox News The Latest Breaking News Headlines (at foxnews.com.co)
[21:21:05] <zovty> De eerste die een paleobiertje uitvind krijgt van mij een vraag om dat biertje.
[21:21:12] <zovty> Gekke Bill.
[21:21:24] <Michelp2> haha heb je niets in huis dan 
[21:21:30] <Michelp2> koop geen schultenbrau he
[21:21:43] <rawplayer> schultenbrau is lekker
[21:23:46] <chasingrainbows> Gulpener is lekkerst
[21:24:57] <chasingrainbows> En Kasteel bier is zo lekker!
[21:25:05] <chasingrainbows> Kasteel rouge oid nomnom
[21:26:01] <zovty> Rainbows.
[21:26:05] <zovty> Heb jij een baard?
[21:26:28] <Michelp2> mwoahhh schultenbrau is te doen 
[21:26:32] <Michelp2> paar biertjes kan niet een hele avond 
[21:27:24] <zovty> http://foxnews.com.co/christian-anti-masturbation-mascot-arrested-public-masturbation/
[21:27:26] <digibot> Title: Christian Anti-Masturbation Mascot Arrested For Public Masturbation - Fox NewsFox News The Latest Breaking News Headlines (at foxnews.com.co)
[21:27:39] <Michelp2> haha wtf 
[21:27:55] <zovty> Ja.
[21:28:04] <zovty> Het verhaal is nog gekker dan alleen de kop.
[21:28:05] *** Joins: Fokker_1368 (Mibbit@ipd50a9dfc.speed.planet.nl)
[21:28:05] <Michelp2> gekke wereld
[21:28:14] <Fokker_1368> hallo
[21:28:19] <zovty> Hallo Fokker.
[21:28:20] <Michelp2> hey hey !
[21:28:45] *** Fokker_1368 is now known as reknak
[21:28:53] <Fiebel> rawplayer
[21:29:03] <Fiebel> Dubbeldrank
[21:29:06] <Fiebel> nomadz
[21:29:22] <zovty> Doe maar snel een normale naam reknak.
[21:29:25] <reknak> alles goed
[21:29:32] <Michelp2> ja met jou
[21:29:32] <reknak> wat is er dan
[21:29:37] *** ChanServ sets mode: +b *!*@ipd50a9dfc.speed.planet.nl
[21:29:37] *** reknak was kicked by ChanServ (Requested)
[21:29:44] <Michelp2> haha daar ga je
[21:30:38] <chasingrainbows> Rainbows heeft geen baard
[21:30:42] <chasingrainbows> en anders zou ik epileren
[21:30:43] <chasingrainbows> HOEZO
[21:30:49] <zovty> O jammer.
[21:30:49] <Fiebel> goed zo
[21:31:02] <chasingrainbows> Wou je kroelen met mijn baard dan zovty
[21:31:07] <zovty> Anders konden we misschien baardtips uitwisselen.
[21:31:10] <zovty> Neejoh.
[21:31:15] <zovty> Kheb toch zelf al een baard.
[21:31:27] <chasingrainbows> lush heeft zo'n spul voor mannen met baard
[21:31:33] <chasingrainbows> om in goede conditie te houden enz
[21:31:37] <zovty> Ja, lushsmush.
[21:31:44] <Michelp2> beard baron 
[21:31:46] <Michelp2> of zo iets
[21:31:50] <zovty> Goed eten en goed drinken zou genoeg moeten zijn.
[21:31:59] <Jeroen> http://i.imgur.com/YdwqQJR.jpg Fiebel 
[21:31:59] <zovty> Denk je dat ze in de paleotijd ook lush hadden?
[21:32:01] <zovty> Welnee.
[21:32:21] <Fiebel> gihihihihiiihih
[21:32:27] <Fiebel> mykinda shirt
[21:32:27] <Jeroen> nee alleen rituals, zovty 
[21:32:46] <rawplayer> hoi
[21:32:49] <rawplayer> ik ben er
[21:32:51] <rawplayer> net als uos
[21:32:53] <rawplayer> ups
[21:32:56] <rawplayer> mghihihhiih
[21:33:03] <Fiebel> :|
[21:34:01] <chasingrainbows> jawel want lush is van natuurlijke shizzle gemaakt DUS PALEO
[21:34:08] <chasingrainbows> DUS rawplayer mag het ook gebruiken
[21:34:09] <Fiebel> iedereen kakt er maar op los
[21:34:20] <Fiebel> en ik moet keihard werken voor 2 geitenkeuteltjes
[21:34:31] <Jeroen> zo
[21:34:34] <Jeroen> vanochtend nog
[21:34:38] <Jeroen> ik denk dat het de 37 couric wel haalde
[21:35:03] <rawplayer> ik heb geen baard
[21:35:11] <rawplayer> of is 3mm baard?
[21:35:22] <rawplayer> wat is de definitie?
[21:35:26] <chasingrainbows> stoppelbaard jawel toch
[21:35:31] <rawplayer> ok
[21:35:33] <chasingrainbows> geen epic baard maar wel redelijk oke
[21:35:39] <rawplayer> dank je
[21:35:49] <rawplayer> wat ben je een fijn mens
[21:36:10] <chasingrainbows> dankjewel 
[21:36:13] <chasingrainbows> van hetzelfde <3
[21:36:17] <rawplayer> mghihih
[21:36:19] <rawplayer> :#
[21:37:40] <chasingrainbows> klinkt als fiebel
[21:38:47] <Fiebel> :|
[21:38:54] <Fiebel> ik heb geen baard van 3 mm...
[21:39:27] <chasingrainbows> nee dat gegiechel :D
[21:39:54] <Fiebel> dat is rawpies baltsroep
[21:40:27] <rawplayer> mghihi
[21:40:30] <rawplayer> O+
[21:41:23] <zovty> Och jongen toch.
[21:41:29] <zovty> Ik heb zo'n lekkere mousse.
[21:41:33] <zovty> Voor in me baard.
[21:41:50] <Jeroen> zal ik jou 'ns effe lekker in je bek schijten?
[21:41:51] <Fiebel> mijn baard
[21:41:53] <Jeroen> of heb je al poep
[21:41:54] <chasingrainbows> chocomouse al klaar?
[21:41:55] <Jeroen> poep in je hoofd
[21:42:28] <zovty> Och heerlijk.
[21:42:30] <zovty> Zo lekker he.
[21:42:37] <zovty> En supergezond.
[21:42:38] <zovty> Voor me baard.
[21:42:43] <zovty> Mijn mooi volle zachte knuffelbaard.
[21:42:43] <chasingrainbows> Die jeroen
[21:42:46] <chasingrainbows> altijd zo leuk
[21:42:47] <Fiebel> mijn baard
[21:43:18] <chasingrainbows> weet je nog dat ik solliciteerde voor dansjuf
[21:43:27] <chasingrainbows> ben aangenomen
[21:43:28] <chasingrainbows> fissaaa
[21:43:36] <Michelp2> haha gefeliciteerd!!
[21:43:45] <chasingrainbows> thanks :D:D
[21:43:54] <Fiebel> *O*
[21:44:07] <zovty> Oh!
[21:44:09] <zovty> Cool!
[21:44:13] <zovty> Gefeliciteerd.
[21:44:17] <chasingrainbows> lol ik wilde toen bijna fotos gaan maken omdat ik bij de verkeerde dinges keek HAHAH
[21:44:28] <zovty> Eh, ja.
[21:44:29] <chasingrainbows> dankjewel ik was zo blij toen ze belden.
[21:44:30] <zovty> Dat snap ik niet.
[21:44:37] <zovty> Maar dat geeft niet.
[21:44:43] <zovty> Wanneer meot je beginnen?
[21:44:53] <chasingrainbows> Ja ik ook niet het zou ZO genant zijn geweest als ik fotos in outfitje had gestuurd
[21:45:02] <chasingrainbows> in de week van 7 april 
[21:45:06] <chasingrainbows> das al bijna 
[21:45:13] <zovty> Oh, dat is al snel.
[21:45:26] <zovty> goed man!
[21:45:31] <zovty> betalen ze ook goed?
[21:45:41] <chasingrainbows> Jawel redelijk
[21:45:53] <zovty> Mooi.
[21:45:56] <chasingrainbows> is niet fulltime 
[21:46:01] <chasingrainbows> en heb nog een andere baan
[21:46:07] <chasingrainbows> maar dit is ook echt gewoon leuk om te doen haha
[21:46:20] <zovty> Lekker dansen.
[21:46:26] <chasingrainbows> tanzzzen
[21:46:54] <zovty> Tanzen like nobody swatsin.
[21:46:54] <Fiebel> HNGHNGHAP
[21:47:04] <Fiebel> DOEI
[21:47:09] <rawplayer> ikk ga douchen
[21:47:13] <Fiebel> goed zo kind
[21:47:15] <Fiebel> goed achter het randje
[21:47:19] <rawplayer> ja
[21:47:27] <Jeroen> chasingrainbows kent duidelijk de nederpunkgroep de raggende mannen niet
[21:47:30] <Jeroen> jeugd van tegenwoordig...
[21:47:31] <chasingrainbows> Schrobben maar 
[21:47:39] <zovty> Schrobbelaer.
[21:47:50] <chasingrainbows> niet te zuipen
[21:48:04] <zovty> Oh ik vind dat wel lekker eignlijk.
[21:48:36] <chasingrainbows> Oh hmm ja smaken verschillen
[21:48:55] <chasingrainbows> Ik heb het tot nu toe alleen met carnaval gedronken en misschien dat het aan mijn toestand op dat moment lag
[21:49:50] <zovty> Ik ga weg en ik kom nooit meer terug.
[21:49:59] <Fiebel> vaarwel
[21:50:31] <Jeroen> het ga je goed zovty 
[21:50:53] <chasingrainbows> <3
[21:50:56] <chasingrainbows> tot morgen zovty
[21:51:05] *** Joins: Fokker_4200 (Mibbit@ip18-64-209-87.adsl2.static.versatel.nl)
[21:51:20] <Fiebel> !seen zovty
[21:51:21] <digibot> Fiebel: zovty was last seen in #fok 1m 30s ago: <zovty> Ik ga weg en ik kom nooit meer terug.
[21:51:31] <Fiebel> *stil*
[21:51:34] <Fiebel> mooi
[21:51:41] <Fokker_4200> hoi
[21:52:04] <Fiebel> hoi
[21:53:07] *** Quits: Fokker_4200 (Mibbit@ip18-64-209-87.adsl2.static.versatel.nl) (Exit)
[21:53:22] *** Joins: Nicole (Mibbit@ip18-64-209-87.adsl2.static.versatel.nl)
[21:53:37] <Michelp2> helloooo
[21:53:47] <chasingrainbows> hoi
[21:53:47] <Nicole> bla
[21:54:25] <Nicole> ik verveel me
[21:54:33] <Jeroen> doe een dansje
[21:54:35] <Nicole> :|
[21:54:47] <Michelp2> haha
[21:54:49] <Michelp2> nou
[21:54:54] <Michelp2> hier kun je van alles en nog wat bespreken
[21:54:55] <Jeroen> zet wat mingus op
[21:55:00] <Jeroen> zoek een draak om achterna te zitten
[21:55:03] <Jeroen> en je verveelt je nooit meer
[21:55:15] <Nicole> mingus? kun je dat eten?
[21:55:19] <Jeroen> mijn god
[21:55:19] <chasingrainbows> ga punkrock van jeroen luisteren
[21:55:46] <Nicole> neen
[21:55:50] <Jeroen> tozzert, zeg er eens wat van
[21:55:54] <chasingrainbows> lame
[21:56:00] <tozzert> je bent een homo jeroen
[21:56:14] <Jeroen> mehehehe
[21:56:20] <Nicole> :/
[21:56:33] <Michelp2> haha die denkt echt
[21:56:36] <Michelp2> wuuuut is dit voor site
[21:56:46] <Jeroen> https://www.youtube.com/watch?v=yUqSqCWBKi4 voor tozzert 
[21:56:47] <digibot> Title: Rogier van Oosterhout - Schatje mag ik je foto - YouTube (at www.youtube.com)
[21:56:48] <Nicole> wie
[21:57:01] <tozzert> dank je digibot
[21:57:14] <Jeroen> alsof je de url niet herkent
[21:57:20] <Jeroen> ouwe rogierlover
[21:57:20] <Nicole> verhelderend lied digibot
[21:57:42] <chasingrainbows> Ahhh leuk nummer!
[21:57:56] <Jeroen> tozzert is de ex van rogier van oosterhout, chasingrainbows 
[21:58:00] <Jeroen> die komt ook uit tilburg, net als jij
[21:58:06] <Jeroen> vet gezellie jatoch
[21:58:13] <chasingrainbows> gezelliiiiig
[21:58:18] <Nicole> kei gezellig
[21:58:51] <chasingrainbows> over 11 maanden is het alweer carnaval
[21:59:59] <Jeroen> jezus
[22:00:08] <Nicole> christus
[22:00:12] <Jeroen> jij bent toch niet zo iemand die alleen in de kroeg komt op carnaval he :+
[22:00:19] <chasingrainbows> nee
[22:00:26] <chasingrainbows> ik feest ook met de optocht
[22:00:38] <chasingrainbows> hallo wat denk je wel niet van mij tss
[22:00:49] <Jeroen> dat je iemand bent die alleen in de kroeg komt met carnaval
[22:00:50] <Jeroen> obviously
[22:00:52] <Jeroen> https://www.youtube.com/watch?v=YkwQbuAGLj4
[22:00:54] <digibot> Title: Kanye West - Touch The Sky (MTV Version) ft. Lupe Fiasco - YouTube (at www.youtube.com)
[22:02:22] <chasingrainbows> https://www.youtube.com/watch?v=dcDqi6XQkfM
[22:02:24] <digibot> Title: A$AP Rocky - Lord Pretty Flacko Jodye 2 (LPFJ2) - YouTube (at www.youtube.com)
[22:02:52] <Jeroen> walgelijke censuur wel
[22:03:00] <chasingrainbows> mijn lieflingsss
[22:03:35] <Michelp2> shit man ben mn wachtwoord van deze chat nu al vergeten xd
[22:03:55] <Nicole> jouw probleem
[22:03:57] <Jeroen> https://www.youtube.com/watch?v=EfI_M_2OqjA dit is ook goede rap
[22:03:59] <digibot> Title: dhc 180 cc - YouTube (at www.youtube.com)
[22:04:06] <Jeroen> wel even vriendelijk he Nicole 
[22:04:07] <Jeroen> tss
[22:04:11] <Michelp2> haha
[22:04:15] <Michelp2> nou zo groot probleem is dat niet
[22:04:25] <chasingrainbows> je hebt toch niks aan dat wachtwoord
[22:04:34] <Michelp2> hoe kom ik terug onder dezelfde naam dna 
[22:04:41] <Nicole> groot genoeg dat je het even meld
[22:04:46] <chasingrainbows> ja gewoon je naam invullen
[22:04:49] <Jeroen> dat kan gewoon Michelp2 
[22:04:51] <Jeroen> tenzij je protect aan hebt gezet
[22:04:56] <Jeroen> en ik gok dat je dat niet gedaan hebt
[22:04:57] <Nicole> :X
[22:05:15] <Michelp2> niet bewust in elk geval 
[22:07:58] <chasingrainbows> dagdag ik ga pitten!
[22:08:01] <chasingrainbows> fijne avond nog 
[22:08:04] <Michelp2> ik ook 
[22:08:08] <Michelp2> leuk jullie gesproken te hebben 
[22:08:10] <Nicole> doei
[22:08:13] <Michelp2> het ga jullie goed xd
[22:08:17] <Michelp2> laterss
[22:08:26] *** Quits: chasingrainbows (Mibbit@541D0FE9.cm-5-6a.dynamic.ziggo.nl) (Exit)
[22:09:06] <Jeroen> https://www.youtube.com/watch?v=mphD90urEp4
[22:09:08] <digibot> Title: Sorry - Vintage Motown Justin Bieber Cover ft. Shoshana Bean - YouTube (at www.youtube.com)
[22:09:23] <Nicole> ik ga ook maar
[22:09:59] *** Quits: Nicole (Mibbit@ip18-64-209-87.adsl2.static.versatel.nl) (Exit)
[22:10:29] <Michelp2> moi eem wicht
[22:15:04] *** boekee_away is now known as boekee
[22:28:43] <Fiebel> och jonges
[22:29:14] <rawplayer> hallo
[22:29:14] <rawplayer> ik ben er
[22:29:15] *** boekee is now known as boekee_away
[22:29:19] <Fiebel> hallo
[22:29:20] <Fiebel> ik ben er
[22:29:28] <rawplayer> oooo meid
[22:29:43] *** Joins: Chillings (Mibbit@ip56588f37.direct-adsl.nl)
[22:29:57] <Chillings> hehee waar gaat het over
[22:30:57] *** Quits: Chillings (Mibbit@ip56588f37.direct-adsl.nl) (Exit)
[22:31:31] *** Joins: Chillings (Mibbit@ip56588f37.direct-adsl.nl)
[22:46:24] <rawplayer> zovty: 
[22:46:26] <rawplayer> ik wil ook huilen
[22:46:36] <Fiebel> !seen zovty
[22:46:37] <digibot> Fiebel: zovty was last seen in #fok 56m 45s ago: <zovty> Ik ga weg en ik kom nooit meer terug.
[22:48:38] *** Joins: Guyver2 (Guyver2@guyver2.xs4all.nl)
[22:54:22] *** Quits: Chillings (Mibbit@ip56588f37.direct-adsl.nl) (Exit)
[23:00:15] *** Quits: Teckna (jonathan@52487D74.cm-4-1b.dynamic.ziggo.nl) (Ping timeout: 66 seconds)
[23:01:31] *** Quits: Michelp2 (Mibbit@5ED4110B.cm-7-5a.dynamic.ziggo.nl) (Exit)
[23:02:10] *** Joins: Teckna (jonathan@3E91CA75.cm-13.dynamic.ziggo.nl)
[23:05:35] *** Joins: Fokker_5753 (Mibbit@s5596c2b4.adsl.online.nl)
[23:07:44] *** Quits: Fokker_5753 (Mibbit@s5596c2b4.adsl.online.nl) (Exit)
[23:34:21] <rawplayer> ijs O+
[23:39:52] *** Quits: Fe2O3 (Fe2O3@h70248.upc-h.chello.nl) (Exit)
[23:45:15] *** Joins: Escovan (Escovan@107.6.175.170)
[23:48:15] *** Quits: Jeroen (Mibbit@54188FF8.cm-5-1c.dynamic.ziggo.nl) (Exit)
[23:48:43] <Fiebel> SKWIEEEEEEEEEEEEEEEEEEEEEEEEEEEEEEEEEEEEEEEEEEEEEEEEEEEEEEEEEEEEEEEEEEEEEEEEEEEEEEEEEEEEEEEEEEEEEEEEEEEEEEEEEEEEEEEEEEEEEEEEEEEEEEEEEEEEEEEEEEEEEEEEEEEEEEEEEEEEEEEEEEEEEEEEEEEEEEEEEEEEEEEEEEEEEEEEEEEEEEEEEEEEEEEEEEEEEEEEEEEEEEEEEEEEEEEEEEEEEEEEEEEEEEEEEEEEEEEEEEEEEEEEEEEEEEEEEEEEEEEEEEEEEEEEEEEEEEEEEEEEEEEEEEEEEEEEEEEEEEEEEEEEEEEEEEEEEEEEEEEEEE
[23:52:55] <rawplayer> mggihgihghi
[23:53:03] <Fiebel> gihghighighighgh
[23:55:31] <Fiebel> gigihhigihg
[23:55:37] <Fiebel> ik dacht dat het kind op bed was
[23:55:40] <Fiebel> ik klessebesse
[23:55:41] <Fiebel> over dit
[23:55:42] <Fiebel> over dat
[23:55:43] <Fiebel> over zus
[23:55:45] <Fiebel> over zo
[23:55:47] <Fiebel> is ze dr niet
[23:55:49] <Fiebel> :|
[23:55:54] <Fiebel> gihgihgighihigigihgihihghigihghiighhighiihghigihghighihghigihihgigiihgihghi
