[00:19:32] *** Joins: rhod (rhod@86.85.193.196)
[00:22:30] *** Joins: mijk (mijk@218-245-144-85.ftth.glasoperator.nl)
[00:29:22] *** Joins: Mycelium (Mibbit@ip54541c8e.adsl-surfen.hetnet.nl)
[00:29:38] <Mycelium> ja mengsen
[00:29:49] <Mycelium> daar zijn we weer hoor!!!
[00:29:54] <Mycelium> Hahahaha!!!\
[00:30:41] <Mycelium> ahaha....haha...ahaaaaa
[00:30:59] <Mycelium> Oke, inhoudelijk mengse
[00:31:46] <Mycelium> Communicatie, mengse, ik zoek het
[00:32:39] <Mycelium> en dussss...
[00:33:46] <Mycelium> "Onze regels zijn simpel: doe normaal, dan doen wij het ook!", ik dacht het wel...
[00:35:19] <Mycelium> Hmmm no peepz on the loose here
[00:35:32] <Mycelium> Better seek out some place else
[00:35:51] *** Quits: sofie_ (saartj@obs.wzff.de) (Ping timeout: 66 seconds)
[00:36:10] <Mycelium> Bye bye sofie
[00:37:07] *** Quits: Mycelium (Mibbit@ip54541c8e.adsl-surfen.hetnet.nl) (Exit)
[00:39:42] *** Joins: sofie (saartj@obs.wzff.de)
[00:42:39] <SCHAPiE> kort maar krachtig
[00:42:53] <SCHAPiE> kdraai nog maar een djonko dan
[01:04:57] *** Joins: Sjembek (Mibbit@ip54541c8e.adsl-surfen.hetnet.nl)
[01:06:07] <Sjembek> Hallo
[01:07:48] *** Quits: coreblink (coreblink@145.132.131.160) (Exit)
[01:08:03] <Sjembek> hmmm raar hier
[01:08:13] <Punnik> echt niet....
[01:08:46] <Sjembek> Awel zeker toch?
[01:09:01] <Punnik> mja, Awel wel
[01:09:25] <Sjembek> Okee dan is er consensus
[01:11:05] <Sjembek> Is er verder nog wat te melden of kunnen we gaan slapen
[01:12:16] *** Quits: SCHAPiE (dorian@dhcp-077-249-247-124.chello.nl) (Exit)
[01:13:01] <Sjembek> Ik ga slapen denk ik
[01:13:21] <Sjembek> ik  voel me kut\
[01:14:28] <Sjembek> Voorts is het nog voornaam te melden dat het volgende vermeldenswaardig is:
[01:14:44] <Sjembek> Bye.
[01:14:51] *** Quits: Sjembek (Mibbit@ip54541c8e.adsl-surfen.hetnet.nl) (Exit)
[01:20:16] *** Joins: SCHAPiE (dorian@dhcp-077-249-247-124.chello.nl)
[01:34:04] <mijk> homoos
[01:50:54] *** Joins: mrwazoo (mrwazoo@h102136.upc-h.chello.nl)
[02:06:27] <mijk> faggets
[02:33:11] <mijk> homootjes
[02:52:40] *** Quits: SCHAPiE (dorian@dhcp-077-249-247-124.chello.nl) (Ping timeout: 60 seconds)
[02:59:08] *** Quits: Teckna (jonathan@52487D74.cm-4-1b.dynamic.ziggo.nl) (Ping timeout: 66 seconds)
[03:02:03] *** Joins: Teckna (jonathan@52487D74.cm-4-1b.dynamic.ziggo.nl)
[03:08:18] *** Joins: SCHAPiE (dorian@dhcp-077-249-247-124.chello.nl)
[03:14:08] *** Quits: SCHAPiE (dorian@dhcp-077-249-247-124.chello.nl) (Input/output error)
[03:53:39] *** Quits: Vipertje (tweak@54182E79.cm-5-1a.dynamic.ziggo.nl) (Connection reset by peer)
[04:13:03] *** Quits: Beer`__ (beer@31.161.137.116) (Ping timeout: 60 seconds)
[04:33:54] *** Joins: Beer`__ (beer@188.207.102.157)
[04:55:36] *** Quits: mijk (mijk@218-245-144-85.ftth.glasoperator.nl) (Ping timeout: 61 seconds)
[05:13:11] *** Joins: wirky (werken@ip503c7f23.speed.planet.nl)
[05:13:42] <wirky> sup
[05:40:56] *** Quits: Beer`__ (beer@188.207.102.157) (Exit)
[06:27:18] <milkshake> sup sup 
[06:27:22] <milkshake> mijk jonge
[06:27:27] <milkshake> stalker
[07:56:28] <wirky> t is vroeg he
[07:56:40] <wirky> wil de echte god nu opstaan
[07:57:52] <milkshake> ik sta al
[07:58:24] <wirky> spreek ons aardlingen toe
[08:05:19] <Redhead> morrie
[08:06:45] <wirky> redly sup in je ochtendje
[08:09:32] <Redhead> koffie en n peuk jonge
[08:09:35] <Redhead> en daar?
[08:15:04] <wirky> badkamer gedweild
[08:15:28] <wirky> keuken opgeruimd en nu thee pakken
[08:17:13] <wirky> groene thee met limoen
[08:17:48] <wirky> kipfilet gister in de marinade gezet
[08:18:03] <Redhead> :)
[08:27:50] <milkshake> lekker lekker 
[08:27:59] <milkshake> had ik maar kipfilet in de marinade 
[08:28:36] <Redhead> milky , sup daar 
[08:34:55] *** Quits: wirky (werken@ip503c7f23.speed.planet.nl) (Exit)
[08:35:12] <milkshake> nie veel 
[08:35:14] <milkshake> daar?
[08:36:02] <Redhead> wakker worden :) zo ff sprinklers aanzetten in moestuin en dan planten wieden hakken doen
[08:36:43] <Redhead> ik heb n zooi sla waarvab i eerst dacht dat het viooltjes zijn 
[08:36:53] <Redhead> hihi , zaadjesvergissing
[08:37:15] <Redhead> die ff uit de voortuin in de moes overzetten
[08:39:28] <Punnik> goeiesmorgens !!
[08:41:52] <milkshake> punniksel
[08:42:08] <Punnik> melkschud !!
[08:46:16] <Redhead> morrie PunnPun !!
[08:46:30] <Redhead> sprinklers staan al aan !
[08:47:23] <Redhead> 2de koffieronde
[08:53:28] <Punnik> ah, staan de sprinklers al aan ?  -er onder duikt- :P
[08:56:02] <Redhead> whoei :)
[08:58:00] <Punnik> yeah ;P
[09:06:45] *** Joins: Jeroen (Jeroen@54188FF8.cm-5-1c.dynamic.ziggo.nl)
[09:26:18] <Spacecowboy> mogs
[09:26:25] <Punnik> morguh Spacecowboy
[09:26:51] <Spacecowboy> goedemorgen vanuit maastricht
[09:29:16] <moppersmurf> hoi
[09:29:24] <moppersmurf> ik zit te schijten
[09:29:58] <milkshake> lekker hoor 
[09:30:02] <milkshake> popjr
[09:30:04] <moppersmurf> ja
[09:30:05] <milkshake> spees
[09:30:07] <moppersmurf> is het
[09:31:22] <Escovan> Gaep
[09:42:56] *** Joins: ijscoboer (voerboer@143.176.121.24)
[09:44:52] *** Joins: Fiebel (PrincessCo@d77048.upc-d.chello.nl)
[09:44:55] <Fiebel> kbener
[09:46:41] <zovty> Ik ben er.
[09:46:45] <zovty> Goeiemorgen fabis.
[09:46:48] <Fiebel> OCH zOVTY!!!
[09:46:50] <Fiebel> kind
[09:46:51] <Fiebel> je leeft nog!!
[09:46:54] <zovty> Och kindje toch.
[09:46:57] <zovty> Ja, tuurlijk leef ik nog.
[09:47:00] <Fiebel> cripje en ik waren dodelijk ongerust
[09:47:08] <zovty> En als je nou eens een keer zou luisteren dan zou je weten waar ik uithing.
[09:47:14] <Fiebel> wat zeg je?
[09:47:15] <Fiebel> gihgihgighiihgihgih
[09:47:17] <Fiebel> ja jong
[09:47:17] <zovty> Ik heb dat uitgebreid met je besproken.
[09:47:22] <Spacecowboy> waar hang je uit dan?
[09:47:24] <Fiebel> zo een gebrabenis hoeft toch geen hele dag te duren
[09:47:32] <zovty> Nee.
[09:47:35] <Fiebel> hebben jullie het met de hand gedaan
[09:47:37] <zovty> maar in rotjeknor kennelijk wel.
[09:47:40] <Fiebel> o
[09:47:42] <Fiebel> gezellig!
[09:47:48] <Fiebel> hebben jullie het handi in hang gezongen?
[09:47:59] <zovty> eh, nee.
[09:47:59] <Spacecowboy> wat gaan we met de hand doen?
[09:48:21] <zovty> het betere handwerk doe je met de hand zeg ik altijd maar.
[09:49:04] <zovty> Oh jongens.
[09:49:07] <zovty> Ik heb al eitjes op het vuur.
[09:49:16] <zovty> En ben al besjes wezen verzamelen.
[09:49:17] <Fiebel> och heerlik
[09:49:19] <Fiebel> heerlik
[09:49:22] <Fiebel> heerlik
[09:49:23] <zovty> En er zaten verse nootjes in mijn notenval.
[09:49:29] <Fiebel> och heerlik
[09:49:31] <Fiebel> heerlik
[09:49:32] <Fiebel> heerlik
[09:49:38] <Fiebel> hier worden figments gevangen
[09:49:48] <zovty> Dus vandaag ga ik eigenlijk muisondersteuning in tmux confggureren.
[09:49:50] <Fiebel> dus ik denk dat we lekker lunchen met verse figments!
[09:49:52] <zovty> Ik word er gek van.
[09:49:54] <zovty> Oh heerlijk
[09:49:57] <Fiebel> goed zo kind
[09:50:00] <zovty> Verse figments met pruimensaus.
[09:50:01] <Fiebel> goeeed configureren
[09:50:21] <zovty> Ik heb de hik.
[09:50:22] <zovty> Irritant.
[09:50:38] <Fiebel> zal ik even je printer op afstand aanzetten?
[09:51:02] <zovty> Is goed.
[09:51:14] <zovty> Onee.
[09:51:19] <zovty> Dat zou eigenlijk helemaal niet goed zijn als jij dat kon.
[09:51:23] <zovty> Wnt ik heb edie printer nooit met jou gedeeld.
[09:51:28] <Fiebel> o
[09:51:33] <Fiebel> dat zou dan schrikken zijn he?
[09:51:39] <zovty> Eh.
[09:51:39] <zovty> Ja.
[09:51:41] <zovty> Dat weer wel.
[09:52:00] <zovty> Maar voorlopig hoef ik er niet van te schrikken hoor.
[09:52:11] <Fiebel> o
[09:52:13] <zovty> Tis zeker net een broodrooster; hij doet het niet als je er naar kijkt.
[09:52:25] <Fiebel> o
[09:55:59] <zovty> Waar is rawpy?
[09:56:39] <Fiebel> zich geve
[09:56:52] <zovty> Tis een goei jong.
[09:56:54] <zovty> Dat ist.
[09:56:58] <Fiebel> ja
[09:56:58] <zovty> Daar zit geen kwaad in.
[09:56:58] <Fiebel> is ook
[09:56:59] <Fiebel> is ook
[09:57:01] <Fiebel> neeut
[09:57:03] <zovty> (Ik denk het eigenlijk wel.)
[09:57:07] <Fiebel> hij leeft voor de mense denk ik altijd
[09:57:14] <Fiebel> (:|)
[09:57:15] <zovty> (Ik denk dat er heel diep in z'n donkerste binnenste wel wat kwaad zit)
[09:57:25] <Fiebel> (:|)
[09:57:47] <zovty> (Ja, nou mag ik toch gewoon denken, als het er binnenblijft is het toch prima. Je moet alleen niet de beer in hem kwaad maken.)
[09:57:58] <Fiebel> ( :|)
[09:58:20] <zovty> Och fabisje.
[09:58:25] <zovty> Wat ik nu toch weer voor lekkers heb.
[09:58:26] <Fiebel> och
[09:58:30] <zovty> Waar ik nu toch weer van ga smullen.
[09:58:35] <zovty> Als jij het raad mag je een hapje.
[09:58:37] <Fiebel> gekookt eite?
[09:58:39] <zovty> Fout.
[09:58:43] <Fiebel> o gelukkig maar
[09:58:50] <Fiebel> mijn goede vriendin p was er namelijk
[09:58:53] <Fiebel> en die heeft mij vetgemest
[09:58:57] <zovty> Och kind heerlij.
[09:59:00] <zovty> Lekker vetlarven.
[09:59:08] <Fiebel> skweeeeeeeeeeeeeeeeeeeeeeeeeeeeeeeeeeeeieeeeeeeeeeeeee
[09:59:17] <Fiebel> wat heb je kind?
[09:59:24] *** Joins: Andros (Andros@248.151-244-81.adsl-dyn.isp.belgacom.be)
[09:59:26] <Fiebel> wat heb je voor lekkes
[09:59:35] <zovty> Een penis!
[09:59:38] <zovty> Hhahahahahahahahahahahaha.
[09:59:40] <Fiebel> :|
[09:59:41] <zovty> En een worstenbroodje.
[09:59:51] <Fiebel> bedoel je dat metaforisch?
[09:59:59] <Fiebel> heb je warme deeg om je penis zitten kleien?
[10:02:30] <zovty> Welnee.
[10:02:39] <zovty> Ik heb gewoon een worstenbroodje van de bakker.
[10:02:43] <Fiebel> och
[10:02:45] <Fiebel> gelukkig mar
[10:02:48] <zovty> En mijn penis ligt gewoon te slapen in me broekje.
[10:02:50] <Fiebel> GE LUK KIG MAAR
[10:02:52] <zovty> In me lieve kleine broekje.
[10:02:55] <Fiebel> och heerlijk
[10:02:57] <Fiebel> lekker slape
[10:03:00] <Fiebel> en een beetje pruttele
[10:03:04] <Fiebel> heerlijkheerlijkheerlijk
[10:03:14] <Fiebel> geepfffffffgeeepffffffgeprprprprprpgepffff
[10:04:09] <zovty> Ja.
[10:04:10] <zovty> Zoja.
[10:04:16] <Fiebel> ochochochwalief
[10:04:24] <zovty> Lief he.
[10:04:26] <zovty> Ja.
[10:04:28] <zovty> Zo lief.
[10:04:30] <zovty> Echt doddig.
[10:04:35] <Fiebel> koetjiekoetjiekoetjiekoetjie
[10:04:55] <zovty> Ja
[10:07:49] <milkshake> hgighighgihgihgihg
[10:07:52] <milkshake> oooooooooooh
[10:08:02] <Fiebel> nhhhhhhhhhhhhhhhhhhhhhhhhhhhhhhhoooooooooooooooooooooooooooooooooooooooooooooooooooooooooooooooooooooooooooohhhhhhhhhhhhhhhhhhhhhhhhhhhhhhhhhhhhhhhhhhhhhhhhhhhh
[10:08:03] <milkshake> mooi hoor 
[10:08:04] <milkshake> even 
[10:08:13] <milkshake> ik ben net klaar met greys he 
[10:08:16] <Fiebel> ghihiihiihiiiihihiihhihhhhhhhhhhhhhhhhhhhhhhhhhhhhhhhhhhhhhhhhhhhhhhhhhhhhhhhhhhhhhhhhhhhhhhhhhhhhhhhhhhhhhhhhhhhhhhhhhhhhhhhhhhhhhhhhhhhhhhhhhhhhhhhhhhhhhhhhhhhhhhhhhhhhhhhhhhhhhhhhhhhhhhhhhhhhhhhhhhhhhhhhhhhhhhhooooooooooooooooooooooooooooooooot
[10:08:16] <milkshake> ooooooooooooooooooh
[10:08:18] <milkshake> moooooiiii
[10:08:19] <Fiebel> was saai
[10:08:20] <milkshake> ghighighgihighgihgihgihgih
[10:08:23] <milkshake> oh nee hoor 
[10:08:24] <Fiebel> kuteps
[10:08:27] <Fiebel> ghiihiihihihihih
[10:08:27] <milkshake> ik hou van babies
[10:08:28] <Fiebel> o
[10:08:29] <milkshake> even voelen
[10:08:31] <milkshake> hgighighighighighhg
[10:08:33] <Fiebel> kutapril
[10:08:38] <milkshake> kutbailey
[10:08:49] <Fiebel> ghhiihhiiihi
[10:08:52] <milkshake> hoi softijs
[10:09:28] <Fiebel> hotje
[10:09:39] <milkshake> ja liebje
[10:09:39] <Fiebel> ben je doorgebroken?
[10:09:43] <milkshake> ooohhh 
[10:09:46] <milkshake> zal ik je vertellen e 
[10:09:52] <milkshake> ik kreeg een bericht
[10:10:03] <milkshake> of ik 7 kledingstukken wilde uitzoeken
[10:10:05] <milkshake> 5-7
[10:10:10] <milkshake> maar natuurlijk 7 gedaan 
[10:10:10] <Fiebel> ooooooooooooooo
[10:10:11] <milkshake> ghgihgihgighigh
[10:10:12] <Fiebel> prada?
[10:10:15] <Fiebel> ghhhiiihihhiihih
[10:10:23] <milkshake> was het maar zulk feest
[10:10:28] <milkshake> ooohhh
[10:10:34] <milkshake> ik was ook op gettyimages he 
[10:10:34] <Fiebel> prada taste
[10:10:36] <Fiebel> primark wallet
[10:10:37] <Fiebel> gihggihghiigihihg
[10:10:40] <milkshake> ken je die website 
[10:10:45] <milkshake> waar al de sterren op staan 
[10:10:46] <milkshake> ghgihgihgihg
[10:10:47] <Fiebel> jaaaa
[10:10:52] <milkshake> ooooohhh mijn naam erbij
[10:10:59] <Fiebel> and this is milkshake rocking her faboulous robe
[10:11:01] <Fiebel> gighghighihighighgihgihgihg
[10:11:11] <Fiebel> waneer zit je bij oprah?
[10:11:51] <milkshake> ghighgihgihgihgihgghgighighihggih 
[10:11:55] <milkshake> fuckoprah #ellen
[10:12:33] <Fiebel> o ja o ja o ja!
[10:12:36] <Fiebel> wanneer zit je daar?
[10:13:06] <milkshake> zat ik daar maar he 
[10:13:14] <milkshake> kreeg ik een mooie check van 10k 
[10:13:21] <Fiebel> och heerlijk heerlijk heerlijk
[10:13:27] <Fiebel> ik moet zo mijn haar strijken
[10:13:30] <Fiebel> maar ik heb de kracht niet
[10:13:31] <Fiebel> gighigihgih
[10:13:33] <Fiebel> zeg ik eerlijk
[10:14:03] <milkshake> kun je daar neit iemand voor inhuren?
[10:14:15] <Fiebel> jawel jawel
[10:14:24] <Fiebel> maar dan is het toch weer niet helemaal goed
[10:14:29] <Fiebel> en ben ik 15 euro lichter
[10:15:07] <milkshake> oh ja 
[10:15:14] <milkshake> hoe is het met neflix?
[10:15:22] <Fiebel> och heerlijk
[10:15:22] <milkshake> gighigh
[10:15:28] <Fiebel> ik heb het denk ik uit
[10:15:29] <Fiebel> gihghighiihgiihghghig
[10:15:35] <Fiebel> ik moet nog even aan HoC beginnen
[10:15:39] <Fiebel> maar daar kan ik mij nog niet toe zetten
[10:15:39] <milkshake> HoC?
[10:15:46] <Fiebel> house of caaaaaaaaaaaards ind
[10:15:49] <milkshake> oh lol
[10:16:40] <Fiebel> ik ga zo eenb roek uit de wasmachine aandoen
[10:16:44] <Fiebel> ik voel mij een rebel
[10:16:44] <Fiebel> gihgihgihgigihg
[10:20:35] *** tozzert is now known as tozzkluzzt
[10:23:50] *** Joins: Guyver2 (Guyver2@guyver2.xs4all.nl)
[10:27:15] <Redhead> morrie t fiebelie :**
[10:30:10] *** Quits: TooL (x@ip172-92-210-87.adsl2.static.versatel.nl) (Ping timeout: 67 seconds)
[10:31:48] *** Joins: coreblink (coreblink@145.132.131.160)
[10:33:23] <Fiebel> ha reddie!
[10:33:24] <Fiebel> :**
[10:33:44] <Redhead> t hak klofje is aan"!!
[10:33:53] <Redhead> thee bijna op
[10:33:57] <Redhead> pompom
[10:34:02] <Redhead> hack the planet!!
[10:34:07] <Fiebel> o ja koffie staat klaar
[10:34:25] <Redhead> maar eigenlijk moet ik nog wat eten
[10:34:32] <Redhead> nog helemaal geen zin aan
[10:35:24] <Fiebel> neem iets mee
[10:35:27] <Fiebel> in een boterhamzakkie
[10:35:28] <Fiebel> gihghighighi
[10:36:19] <Redhead> ja die 10 steppen ;p
[10:36:22] <Redhead> hahaha
[10:38:41] *** Joins: TooL (x@ip172-92-210-87.adsl2.static.versatel.nl)
[10:38:53] <Redhead> mogge TooL 
[10:40:43] <Redhead> en hasta la pasta ! 
[10:44:42] <Fiebel> pasta!
[10:48:46] *** Quits: Andros (Andros@248.151-244-81.adsl-dyn.isp.belgacom.be) (Ping timeout: 61 seconds)
[10:51:54] <Fiebel> ochjonges
[10:51:56] <Fiebel> wanne leven
[11:06:16] <milkshake> wanne leven
[11:06:55] <Fiebel> eeeeeeeeeeecht hoor
[11:06:58] <Fiebel> gistere hak friet
[11:07:02] <Fiebel> vandaag ben ik opgezwolle
[11:24:15] *** Quits: Guyver2 (Guyver2@guyver2.xs4all.nl) (Client exited)
[11:28:59] *** Joins: Rollie (Rollie@53550C92.cm-6-6a.dynamic.ziggo.nl)
[11:33:15] *** Joins: Andros (Andros@248.151-244-81.adsl-dyn.isp.belgacom.be)
[11:35:22] <milkshake> hak maar friet 
[11:35:30] <milkshake> dan wask een blij meisje 
[11:35:31] <milkshake> ghighgi
[11:38:01] *** Quits: Fiebel (PrincessCo@d77048.upc-d.chello.nl) (Exit)
[11:56:25] *** Joins: Lott (Lott@101-168-158-163.dynamic.caiway.nl)
[12:03:15] <milkshake> hoi Lott 
[12:10:42] *** Quits: Andros (Andros@248.151-244-81.adsl-dyn.isp.belgacom.be) (Ping timeout: 67 seconds)
[12:16:49] <Lott> hay
[12:17:55] <Punnik> hoihoi Lott !
[12:19:05] <Lott> hay
[12:19:21] <Lott> ben weer aan t genieten van het privilege om te mogen studeren.........
[12:19:55] <Punnik> whoohoo !!
[12:20:00] <Punnik> <- jaloers !
[12:20:08] * Punnik gister diploma-uitreiking gehad :D :P
[12:20:18] <Lott> nouw... dat zou ik ook zijn
[12:20:19] <Lott> bluh
[12:24:22] *** Joins: mijk (mijk@218-245-144-85.ftth.glasoperator.nl)
[12:41:55] <Redhead> ole , nu wel zin in eten!!
[12:43:04] <Escovan> zei zij terwijl ik net een boterham in mijn mond steek. Je kijkt hier naar binnen hè hè hè@!@@ :P
[12:44:08] <Redhead> nee mn maag knort gewoon
[12:44:18] <Redhead> knorknor doe eten in mij zegt ie
[12:44:43] <Redhead> eitje is al in de pan , zalm ff aan het uitwazemen
[12:44:50] <Redhead> duzzzzzzzzzzzzzzzzzzz
[12:44:55] <Escovan> om nom nom
[12:50:55] <Lott> ooo ze komen zo mijn kozijntjes schuren en schilderen
[13:02:33] *** Joins: Fe2O3 (Fe2O3@h70248.upc-h.chello.nl)
[13:02:33] *** ChanServ sets mode: +o Fe2O3
[13:07:19] *** Quits: TooL (x@ip172-92-210-87.adsl2.static.versatel.nl) (Exit)
[13:12:23] *** Joins: TooL (x@ip172-92-210-87.adsl2.static.versatel.nl)
[13:24:45] <welly> hey gasten van hotel fok
[13:24:50] <welly> sup
[13:26:17] <welly> is frisjes buiten
[13:26:32] <Lott> nee joh zon!
[13:27:17] <welly> ja d88 wij ook maar harde wind hier veel wolken 1 seconde zon
[13:27:35] <Lott> o hier niet
[13:29:20] *** Quits: zovty (zovty@5ED033C3.cm-7-1a.dynamic.ziggo.nl) (Exit)
[13:29:50] *** Joins: zovty (zovty@5ED033C3.cm-7-1a.dynamic.ziggo.nl)
[13:32:41] <welly> welcum bek zovty
[13:33:06] <welly> wasje gedraaid
[13:39:15] <Lott> ik ook hijs bijna klaar om op te hangen!
[13:41:58] <Redhead> bezige bijtjes met zn alle bzz bzz bzz
[13:42:32] <Redhead> tijd om ff op de bank te chillen , pauzeeeeeeeeeeeeeeeeeeeee
[13:42:51] <Redhead> oh nee, nog ff handwasje
[13:47:37] <welly> hey redly 
[13:47:48] <welly> ik stuur dat ding terug
[13:48:02] <welly> kan net zo goed emmer gebruiken
[13:48:24] <welly> geen spoelen en centrifugeren is kut
[13:49:32] <Lott> heb n bult op mijn hoofd:(
[13:50:23] <welly> gestoten tegen de dwarsbalken
[13:53:57] *** Quits: mijk (mijk@218-245-144-85.ftth.glasoperator.nl) (Ping timeout: 60 seconds)
[13:57:23] <Lott> uhu
[14:03:23] <Redhead> welly: snapik
[14:03:52] <Redhead> gewoon n gebruikte uit zon witgoedwinkel scoren , voor 100 - 150 euri ben je dr al
[14:04:25] <welly> zoon grote ken ik nie kwijt
[14:06:42] <moppersmurf> hallo
[14:06:45] <moppersmurf> ik ben er
[14:06:46] <Pandora> gezellig, moppersmurf is er!
[14:07:04] <Redhead> 85x60x51 cm past niet welly ?
[14:07:40] <Redhead> 85 is de hoogte
[14:08:10] <Redhead> http://www.marktplaats.nl/a/witgoed-en-apparatuur/wasmachines/m1039743837-wasmachine-ok-owm460-d-nl-ideaal-voor-kleine-ruimte.html
[14:08:11] <digibot> Title: ≥ Wasmachine OK OWM460-D-NL ideaal voor kleine ruimte - Wasmachines - Marktplaats.nl (at www.marktplaats.nl)
[14:10:18] <Lott> meeeh heb geen zin meer
[14:10:41] <Lott> ik heb n bosch wasmachine voor 145 euro
[14:12:09] <moppersmurf> lott :9
[14:12:46] *** Quits: Jeroen (Jeroen@54188FF8.cm-5-1c.dynamic.ziggo.nl) (Exit)
[14:12:49] <welly> nee zoek een bovenlader die verplaatsbaar is
[14:14:33] <Redhead> bovenlades zijn idd wat smaller
[14:14:37] <Redhead> _r
[14:15:13] <welly> http://www.tectake.nl/mini-wasmachine-wassen-en-centrifugeren-tot-4-5kg-wasgoed?gclid=CjwKEAjwxce4BRDE2dG4ueLArHMSJADStCqMucsSpjzdmKl2eUuJBPzaiRYDRkJ3PwYz_obp4q4KehoCuijw_wcB
[14:15:15] <digibot> Title: Mini wasmachine - Wassen en centrifugeren - 4,5kg (at www.tectake.nl)
[14:15:19] <welly> misschien dit
[14:16:14] <welly> 16 kg dus verplaatsbaar
[14:16:50] <Redhead> mja beetje zelfde id wat je nu hebt alleen centrifuge erbij
[14:17:13] <Redhead> verplaatsbaar kun je oplossen met zon karretje 
[14:19:14] <Redhead> https://www.collishop.be/e/nl/cs/scanpart-verrijdbaar-onderstel-voor-huishoudtoestellen-153203
[14:19:16] <digibot> Title: Scanpart Verrijdbaar onderstel voor huishoudtoestellen | ColliShop (at www.collishop.be)
[14:19:21] <Redhead> zoiets welly 
[14:20:40] <welly> ik kom er wel uit
[14:21:23] <welly> meedenken is altijd welkom
[14:22:53] <welly> maar anyway gerdina is hier sinds 10h30
[14:23:47] <welly> dus er wordt nu gestoft
[14:23:58] <welly> straks koken
[14:24:07] <welly> en dan gaat ze weer terug
[14:25:21] <Redhead> ok , hf
[14:25:32] <Redhead> me weer foetsie
[14:25:47] <welly> ok later suc6
[14:25:56] <moppersmurf> neem je haar nog ff snoeihard?
[14:27:53] <welly> dat vroeg zij mij ook net
[14:44:30] <zovty> Oh fijn willem :)
[14:44:34] <zovty> Dat ze er is.
[14:44:45] <zovty> En genomen wordt.
[14:45:28] <zovty> Oh.
[14:45:32] <zovty> Wie heeft de honden uitgelaten?
[14:45:39] <zovty> Wie? wie?
[14:48:21] <welly> is dat ergens synoniem voor
[14:52:24] <Lott> zo ik ga mijn nieuwe spiegel ophalen
[14:52:26] <Lott> kusjes
[14:52:30] *** Quits: Lott (Lott@101-168-158-163.dynamic.caiway.nl) (Exit)
[15:03:06] *** Joins: Fiebel (PrincessCo@d77048.upc-d.chello.nl)
[15:03:09] <Fiebel> kbener
[15:06:15] * Fiebel drinkt goed
[15:13:24] <Fiebel> ochjonge
[15:13:25] <Fiebel> s
[15:13:28] <Fiebel> waar zijn jullie toch allemaal
[15:13:29] <Fiebel> ochochoch
[15:25:20] <Boots> ik ben er
[15:25:20] <Pandora> gezellig, Boots is er!
[15:26:43] <Fiebel> ha bootsie!
[15:26:46] <Fiebel> wat gezellig!
[15:26:48] <Fiebel> dat jij er bent!
[15:42:10] <Escovan> ik ben er 
[15:42:12] <Escovan> ook
[15:42:29] <Fiebel> ha esco!
[15:42:32] <Fiebel> wat gezellig!
[15:42:33] <Fiebel> dat jij er bent!
[15:42:37] <Escovan> :)
[15:42:43] <Escovan> Goed drinken idd
[15:45:27] <Fiebel> goeeeeeed drinke
[16:02:11] *** Joins: mijk (mijk@218-245-144-85.ftth.glasoperator.nl)
[16:14:59] * Escovan plopt een Duvel *omnomnom*
[16:23:57] <Fiebel> goeeeeed drinkeeeee
[16:27:16] *** Quits: rhod (rhod@86.85.193.196) (Connection reset by peer)
[16:31:53] *** Joins: Lott (Lott@242-207-158-163.dynamic.caiway.nl)
[16:32:13] *** Joins: rhod (rhod@86.85.193.196)
[16:55:25] *** Quits: zovty (zovty@5ED033C3.cm-7-1a.dynamic.ziggo.nl) (Exit)
[16:55:47] *** Joins: zovty (zovty@5ED033C3.cm-7-1a.dynamic.ziggo.nl)
[16:57:08] <Redhead> drink je goed Fiebelie?
[16:57:11] <Redhead> ;p
[16:57:24] <Fiebel> nu zit ik even in de plasfase
[16:57:28] <Fiebel> de maas stroomt zo over vrees ik
[16:57:35] <Redhead> whehe
[16:57:43] <Fiebel> ik heb lekkere dadels joh
[16:57:47] <Fiebel> grote smeuige
[16:57:49] <Fiebel> nomnomnom
[16:57:54] <Redhead> yeah die hen ik ook
[16:58:05] <Redhead> :)
[16:58:13] <Fiebel> en paranoten
[16:58:14] <Fiebel> :9
[16:58:22] <Redhead> ik walnoten en pistache
[16:58:44] <Redhead> en dinges 
[16:58:46] *** Quits: zovty (zovty@5ED033C3.cm-7-1a.dynamic.ziggo.nl) (Exit)
[16:58:49] <Fiebel> ik mocht niet te veel meenemen van mezelf
[16:58:50] <Fiebel> gihgihihghg
[16:58:57] <Redhead> pijnboompitten
[16:59:03] <Fiebel> lekker lekker lekker
[16:59:12] *** Joins: zovty (zovty@5ED033C3.cm-7-1a.dynamic.ziggo.nl)
[16:59:23] <Redhead> die mogen even wachten totmn basilicum ter oogst is
[16:59:29] <Fiebel> mjammjammjam
[16:59:38] <Redhead> kost hier ook geen drol
[16:59:47] <Redhead> 60 cent voor 200 gram oid
[16:59:57] <Fiebel> och heerlijk
[17:00:13] <Redhead> pijnboompittenland eh
[17:00:31] <Fiebel> als je kijkt wat het hier kost...
[17:00:37] <Redhead> k wilde zelf ook s kijken of ik er pitten eruit kreeg
[17:00:45] <Redhead> t enige wat eruit kwam waren spinnen
[17:00:48] <Redhead> hihihihi
[17:00:48] <Fiebel> :D
[17:01:02] <Fiebel> crunchcrunchcrunch
[17:01:05] <Fiebel> kmoeplasse
[17:01:10] <Redhead> en ander kruipsel
[17:01:15] <Redhead> plas maar lekker
[17:02:51] <Fiebel> khebbetgedaan
[17:03:42] <Redhead> goed zo
[17:03:46] <Redhead> kun je weer drinken ;p
[17:03:56] <Fiebel> neeeneeeneee
[17:04:05] <Fiebel> ik blijf nog even in de plassefase
[17:04:06] <Redhead> toen ik bloed liet prikken : drinkt u wel goed?
[17:04:08] <Redhead> hihihihi
[17:04:16] <Fiebel> al moet ik wel zo nog even een glas doen
[17:04:19] <Fiebel> anders pies ik de hele nacht
[17:04:20] <Redhead> uw bloed is wel een beetje geconcentreerd
[17:04:28] <Fiebel> wat zei je
[17:04:28] <Fiebel> goed drinke
[17:04:30] <Fiebel> goed drinke
[17:04:32] <Redhead> ja doh ik mocht niks drinken want moest nuchter komen opdraven
[17:04:33] <Fiebel> sbelangrijk
[17:04:34] <Fiebel> gihghiighigh
[17:04:47] <Redhead> en dan mag ik pas om 10 uur geprikt worden
[17:04:54] <Redhead> hey
[17:05:09] <Redhead> maar hij heeft gelijk , meer drinken
[17:05:10] <Redhead> !!
[17:05:15] * Redhead pakt dr flesje
[17:05:15] <Fiebel> en goed he!
[17:06:10] <Redhead> jaajaaa
[17:17:24] <zovty> Goed drinken is belangrijk.
[17:17:37] <Fiebel> en plasse
[17:17:45] <zovty> Ja.
[17:17:49] <Redhead> ja
[17:17:49] <zovty> Je moet ook goed plassen.
[17:17:52] <Redhead> ja
[17:17:54] <zovty> En goed eten.
[17:17:55] <Redhead> zovtelie
[17:17:57] <Fiebel> ja
[17:17:57] <zovty> En goet poepen.
[17:17:58] <zovty> Ja.
[17:18:00] <Redhead> ja
[17:18:03] <Fiebel> ja
[17:18:03] <zovty> En goed leven.
[17:18:04] <zovty> Ja.
[17:18:07] <Fiebel> ja 
[17:18:10] <zovty> En goed zijn voor je medemens.
[17:18:14] <Redhead> beter leven
[17:18:20] <Redhead> beter beter beter
[17:18:22] <Fiebel> en niet begere uw naastes vrouw
[17:18:27] <Redhead> lol
[17:18:34] <Redhead> lekker ophoepelen met die wijven
[17:18:34] <zovty> Ja, maar die is lekker.
[17:18:41] <Fiebel> ja
[17:18:42] <Fiebel> euh
[17:18:44] <Fiebel> als het makkelijk was...
[17:19:04] <zovty> Eh.
[17:19:06] <zovty> Ja.
[17:19:14] <Redhead> te makkelijk is ook niks
[17:19:38] <zovty> Is ook zo.
[17:19:43] <zovty> Is ook gewoon zo.
[17:20:10] <Fiebel> ja
[17:20:19] <zovty> Ja.
[17:20:45] <zovty> Mag ik chips?
[17:20:53] <Fiebel> nee
[17:21:00] <Fiebel> neen maar lekker een paprika
[17:21:06] <zovty> Och kind wat heerlijk.
[17:21:20] <zovty> Lekker snackgroentjes met een tonijnolijvenspread.
[17:21:24] <zovty> Wat een heerlijk idee!
[17:21:34] <zovty> Datzelfde idee had ik vannoggend ook!
[17:21:39] <Redhead> worteltje
[17:21:44] <Redhead> weet je hoe lekker
[17:21:48] <Redhead> knaagknaag
[17:22:27] <zovty> Dus ik allemaal spulletjes kopen, klein komkommies, sellerie, paprika in alle kleuren van de regenboog, worteltejs inderdaad. Lekker ansjovisfiletjes erbij, prachtige mooie olijfjes uitgezocht.
[17:22:30] <zovty> Tonijn vergeten.
[17:22:43] <zovty> :|
[17:22:47] <Redhead> :/
[17:22:58] <zovty> Somps ben ik ook zo dom.
[17:22:59] <Redhead> maar je hebt ansjovisjes
[17:23:08] <Redhead> dus zonder tonijn is t zo ook al lekker
[17:23:29] <zovty> Mja, dat is het toch niet helemaal.
[17:23:39] <Redhead> mindset
[17:23:48] <Redhead> wacht maar hoe lekker!!
[17:23:51] <Redhead> nomnommie
[17:23:52] <zovty> Ja met de juiste mindset krijg je poep nog wel lekker.
[17:23:58] <Redhead> nein
[17:24:08] <Redhead> vader abraham is daarvan
[17:24:21] <Redhead> vieze poephoed
[17:24:28] <zovty> Lekker poepen.
[17:24:37] <zovty> Over vader abraham gesproken...
[17:24:41] <zovty> Waar is onze moppersmurf?
[17:24:49] <Redhead> mopperen ergens?
[17:25:03] <zovty> Ja, dat zal wel.
[17:25:22] <Redhead> k heb voor straks kabeljauw uit t vriesvak alvast richting koelkast gedaan
[17:26:07] <Redhead> of misschien voor morgen
[17:26:14] <Redhead> :)
[17:26:21] <zovty> Mjammjam.
[17:26:31] <zovty> Ik ga zo een hammetje in de oven jagen.
[17:26:32] <zovty> KST!
[17:26:34] <zovty> HORTSIK!
[17:26:51] <Redhead> honingmosterdhammetje?
[17:27:02] <zovty> Nee, met Amerikaanse Rub. 
[17:27:06] <zovty> Kewet het ook niet, het was in de aanbeiding.
[17:27:10] <Redhead> hehe
[17:27:27] <Redhead> lekker met highglucoserubje
[17:27:40] <Redhead> en natriuminjecties
[17:27:45] <Redhead> ;p
[17:27:54] <zovty> Ff lekker met hoge fructose mais siroop dosis op peil brengen hoor.
[17:27:57] <zovty> Ik voel dat ikhet nodig heb.
[17:28:39] <Redhead> t is ook allemaal wat!
[17:28:45] <Fiebel> ochjonges
[17:28:50] <Fiebel> wat een perfect tripje
[17:28:54] <Fiebel> plaswasglas
[17:28:57] <Redhead> moooimooi
[17:29:02] <Fiebel> een driepunter
[17:29:04] <Fiebel> nu even rusten
[17:29:08] <Fiebel> eeeeeeeeeeevne rustn
[17:29:19] <zovty> Rust maar even.
[17:29:32] *** Quits: rhod (rhod@86.85.193.196) (Exit)
[17:29:50] <Fiebel> ja
[17:30:05] <zovty> Ist het al gelukt?
[17:30:12] <Redhead> nog een peukje dan en dan maar s afzakken naar de beach
[17:30:13] <Fiebel> k zit er midden in
[17:30:18] <Fiebel> och heerlijk
[17:30:22] <Fiebel> lekker naar de beach
[17:31:59] <Redhead> witte kopjes
[17:32:03] <Redhead> wind
[17:32:11] <zovty> Lekker knijpen.
[17:32:15] <zovty> Oh, zukke kopjes.
[17:32:15] <Redhead> maar wel lekker
[17:32:16] <Fiebel> hondje mee
[17:32:19] <Redhead> jaja
[17:32:25] <Redhead> anders \zou ik nie gaan
[17:32:26] <Redhead> hehe
[17:32:40] <Fiebel> ik ga ook eens met pep naart strand
[17:32:57] <Fiebel> gooi ik dr muis in de zee
[17:33:05] <Redhead> gheghe
[17:34:26] <Spacecowboy> sletjes
[17:34:33] <Fiebel> pimp
[17:34:50] <Spacecowboy> :D
[17:34:53] <Redhead> neuh zelf sletje ons speessie
[17:34:55] <Redhead> ;)
[17:35:30] <Spacecowboy> lekkerhoeresloeren
[17:37:13] <Redhead> ok , MOVE 
[17:37:20] <Redhead> hasta la pasta!!
[17:37:26] <Spacecowboy> ja wij ook zo
[17:37:27] <Fiebel> pastared!
[17:37:38] <Spacecowboy> als ze ooit uit de douche komt
[17:41:06] <Boots> https://scontent.xx.fbcdn.net/hphotos-xpt1/v/t1.0-9/fr/cp0/e15/q65/13015244_873307826114472_3188880297462489310_n.png.jpg?efg=eyJpIjoidCJ9&oh=8e0c0f63023416ae81da3ff09419f89f&oe=57B029EC
[17:51:54] <Fiebel> och jonges
[17:52:13] <Fiebel> zo moe
[17:52:14] <Fiebel> zo moe
[17:52:15] <Fiebel> zo moe   
[17:57:14] <Escovan> effe bakkie pleur fiebs
[17:57:24] <Fiebel> nah
[17:57:33] <Escovan> akineton?
[17:57:36] <Escovan> ritalin?
[17:57:41] <Escovan> concerta?
[17:57:43] <Escovan> Pep?
[17:58:00] <Fiebel> ggihghigihighghi
[17:58:01] <Fiebel> nah
[17:58:45] *** Quits: Lott (Lott@242-207-158-163.dynamic.caiway.nl) (Ping timeout: 60 seconds)
[18:04:48] *** Quits: TooL (x@ip172-92-210-87.adsl2.static.versatel.nl) (Ping timeout: 60 seconds)
[18:08:57] *** Joins: Andros (Andros@248.151-244-81.adsl-dyn.isp.belgacom.be)
[18:12:55] *** Joins: Lott (Lott@242-207-158-163.dynamic.caiway.nl)
[18:13:43] *** Joins: TooL (x@ip172-92-210-87.adsl2.static.versatel.nl)
[18:15:12] *** Joins: wirky (werken@ip503c7f23.speed.planet.nl)
[18:17:16] *** Quits: zovty (zovty@5ED033C3.cm-7-1a.dynamic.ziggo.nl) (Client exited)
[18:18:06] *** Joins: zovty (zovty@5ED033C3.cm-7-1a.dynamic.ziggo.nl)
[18:20:10] *** Quits: ijscoboer (voerboer@143.176.121.24) (Exit)
[18:23:50] *** Quits: TooL (x@ip172-92-210-87.adsl2.static.versatel.nl) (Ping timeout: 66 seconds)
[18:24:12] * Lott is trots op zichzelf
[18:24:20] <Lott> ik heb 1 van de 2 opdrachten af
[18:28:43] <zovty> Goed gedaan!
[18:28:48] <zovty> Op naar de volgende!
[18:29:42] <Escovan> ijsje 
[18:29:54] <Escovan> hoe oud bende gij eigenlijk?
[18:30:15] <zovty> 41.
[18:32:31] *** Joins: TooL (x@ip172-92-210-87.adsl2.static.versatel.nl)
[18:32:45] <Lott> ben al met de 2de bezig
[18:37:34] <Fiebel> och lott
[18:37:37] <Fiebel> och lottje toch
[18:37:45] <Fiebel> we zouden jou allemaal as voorbeeld moeten nemen
[18:37:46] <Fiebel> eigenlijk
[18:38:32] *** Quits: Teckna (jonathan@52487D74.cm-4-1b.dynamic.ziggo.nl) (Connection reset by peer)
[18:38:32] *** Joins: Teckna1 (jonathan@52487D74.cm-4-1b.dynamic.ziggo.nl)
[18:40:04] *** Quits: Fe2O3 (Fe2O3@h70248.upc-h.chello.nl) (Exit)
[18:50:35] *** Quits: TooL (x@ip172-92-210-87.adsl2.static.versatel.nl) (Ping timeout: 61 seconds)
[18:50:37] *** Quits: Teckna1 (jonathan@52487D74.cm-4-1b.dynamic.ziggo.nl) (Ping timeout: 67 seconds)
[18:51:38] *** tozzkluzzt is now known as tozzert
[18:53:28] *** Joins: Beer`__ (beer@5ED0808C.cm-7-1c.dynamic.ziggo.nl)
[18:54:40] <Boots> Lott al klavertjesvierzaadjes gevonden?
[18:58:44] *** Quits: Andros (Andros@248.151-244-81.adsl-dyn.isp.belgacom.be) (Ping timeout: 66 seconds)
[18:59:19] *** Joins: TooL (x@ip172-92-210-87.adsl2.static.versatel.nl)
[19:02:12] *** Joins: Phaxinity (Phaxinity@46.166.190.205)
[19:05:03] <Lott> ja gevonden!
[19:05:18] <Lott> vanochtend opgehaald bij n kennis van mij
[19:05:38] <Lott> nu nog een sleutelhanger van een uiltje dan heb ik t klaar
[19:07:19] *** Joins: Teckna (jonathan@52487D74.cm-4-1b.dynamic.ziggo.nl)
[19:18:44] <Fiebel> ochochoch
[19:28:39] *** Quits: Lott (Lott@242-207-158-163.dynamic.caiway.nl) (Ping timeout: 66 seconds)
[19:51:35] <Redhead> jajaja
[19:53:08] *** Joins: Fe2O3 (Fe2O3@h70248.upc-h.chello.nl)
[19:53:08] *** ChanServ sets mode: +o Fe2O3
[20:12:27] <moppersmurf> hallo
[20:12:32] <moppersmurf> ik ben er
[20:12:32] <Pandora> gezellig, moppersmurf is er!
[20:12:45] <Fiebel> OOOOOOOOOOOOOOOOOOOOOOOOOOOOOOOOOOOOOOOOOOOOOOOOOOOOOOOOOOOOOOOOOOOOOOOOOOOOOOOOOOOOOOOOOOOOOOOOOOOOOOOOOOOOOOOOOOOOOOOOOOOOOOOOOOOOOOOOOOOOOOOOOOOOOOOOOOOOOOOOOOOOOOOOOOOOOOOOOOOOOOOOOOOOOOOOOOOOOOOOOOOOOOOOOOOOOOOOOOOOOOOOOOOOOOOOOOOOOOOOOOOOOOOOOOOOOOOOOOOOOOOOOOOOOOOOOOOOOOOOOOOOOO+
[20:16:45] <moppersmurf> omg
[20:16:54] <moppersmurf> bombshell alert
[20:16:54] <Fiebel> <-- is er
[20:16:57] <Fiebel> ghghigihigigihig
[20:17:00] <moppersmurf> mghihiji
[20:17:13] <moppersmurf> zo doesse
[20:17:20] <Fiebel> naakt?
[20:17:45] <moppersmurf> ja
[20:17:51] <Fiebel> :@
[20:18:05] <moppersmurf> mmghihi
[20:18:09] *** Joins: Lott (Lott@242-207-158-163.dynamic.caiway.nl)
[20:19:42] *** Quits: Teckna (jonathan@52487D74.cm-4-1b.dynamic.ziggo.nl) (Ping timeout: 60 seconds)
[20:20:09] <Fiebel> moppersMURF
[20:20:13] *** Joins: Teckna (jonathan@52487D74.cm-4-1b.dynamic.ziggo.nl)
[20:20:20] <moppersmurf> mghihi
[20:20:29] <Fiebel> gihhigigiihgighig
[20:23:15] *** Quits: Lott (Lott@242-207-158-163.dynamic.caiway.nl) (Ping timeout: 66 seconds)
[20:25:48] *** Quits: Fiebel (PrincessCo@d77048.upc-d.chello.nl) (Ping timeout: 66 seconds)
[20:34:38] *** Joins: Fiebel (PrincessCo@d77048.upc-d.chello.nl)
[20:34:49] <Fiebel> ik ben dr hoor
[20:36:41] * Punnik too !!
[20:41:56] <Fiebel> ha pun1
[20:44:03] *** Joins: rhod (rhod@86.85.193.196)
[20:45:45] <Punnik> hoihoi Fiebs !
[20:56:44] <nomadz> sup
[20:57:20] <Fiebel> sup
[20:57:29] <nomadz> fiepje
[20:57:37] <nomadz> ik moest aan je denken vandaag
[20:57:40] <Fiebel> nomy
[20:57:41] <nomadz> want ik was zo moe
[20:57:41] <Fiebel> o
[20:57:42] <nomadz> zo moe
[20:57:42] <Fiebel> waarom
[20:57:44] <Fiebel> och kind
[20:57:45] <nomadz> zo moe
[20:57:45] <Fiebel> ik voel je
[20:57:47] <Fiebel> ik voel je zo
[20:57:53] <Fiebel> goed ruste
[20:57:55] <Fiebel> goed rust
[20:57:56] <Fiebel> e
[20:59:19] <nomadz> oh
[20:59:30] <nomadz> ik heb 28 uur gedraaid sinds gisterochtend
[20:59:33] <nomadz> ff overuren cashen binnenkort
[21:00:46] <Fiebel> kaaaaaaaaaaatjong
[21:00:56] <nomadz> in zn smoel
[21:00:58] <nomadz> 250 uurtjes
[21:01:12] <Fiebel> failliet 
[21:01:14] <Hooglander1> Laag uurtarief dan :+
[21:01:33] <nomadz> hoe kom je aan een uurtarief
[21:01:43] <Hooglander1> 250/28 :P
[21:01:47] <nomadz> 250 UURtjes
[21:01:56] <Hooglander1> Ow meh
[21:02:01] <nomadz> minder bier voor hooglander1 
[21:02:01] * Hooglander1 moet leren lezen :D
[21:02:45] <nomadz> niet dat ik goed betaald word
[21:02:50] <nomadz> daar heb je dan wel weer een punt
[21:03:21] <Boots> Huh 250 uur cashen bij 28u draaien?
[21:03:39] <nomadz> nee 250 uur cashen binnenkort
[21:03:46] <Boots> oo
[21:03:55] <Boots> Geen uuro's
[21:03:59] <Boots> :P
[21:04:11] <Boots> He HL
[21:06:50] <nomadz> zo moe
[21:07:26] <nomadz> de magnetronlasagna staat koud te worden
[21:07:26] <nomadz> :s
[21:08:21] <Hooglander1> Boots: ik gokte dat dat ook mijn gedachtegang was :P
[21:09:59] <nomadz> vandaag stond er ergens een stuk over een hoogleraar die zegt dat xtc niet schadelijk is en dat iedereen het eens zou moeten proberen
[21:10:04] <nomadz> een ander stuk dat er ook gezonde kanten aan roken zitten
[21:10:24] <nomadz> (en nee, niet de speld ofzo)
[21:10:43] <nomadz> effe denken wat ik nog meer uit verveling heb gelezen
[21:11:47] <Boots> Lol wat waren de gezonde kanten van roken dan?
[21:12:12] <nomadz> sommige meds slaan beter aan
[21:12:16] <nomadz> rokers hebben minder protheses
[21:12:17] <nomadz> en nog iets
[21:13:09] <Boots> lol
[21:13:21] <Boots> De meds tegen de rookschade?
[21:13:54] <nomadz> dunno
[21:13:59] <nomadz> we hebben er maar eens een sigaar op gerookt
[21:15:02] <nomadz> zodra ik niet meer *zo moe* ben pak ik de lasagna uit de magnetron en ga ik supernatural kijken
[21:21:40] <Fiebel> ochjonges
[21:22:01] <nomadz> zo moe
[21:22:11] <Fiebel> Van #deleef
[21:23:33] <nomadz> binnenkort eens regelen dat ze tot aan de bank binnen bezorgen
[21:31:26] *** Joins: Guyver2 (Guyver2@guyver2.xs4all.nl)
[21:37:04] <zovty> Och jongens wat heerlijk.
[21:37:07] <zovty> Wat een heerlijke dag.
[21:37:12] <zovty> Wat is het leven toch mooi.
[21:37:16] <zovty> Maar wat duurt het toch lang.
[21:37:19] <nomadz> geen idee, was het vandaag dag?
[21:37:24] <zovty> Ja.
[21:37:29] <zovty> Vandaag was gewoon dag hoor.
[21:37:44] <nomadz> tijd dat ze dat eens veranderen
[21:37:54] <nomadz> "morgen weer een dag"  - nu even niet zeg maar
[21:38:07] <zovty> Lijkt me dat er andere dingen zijn met hoge prioriteiten.
[21:38:12] <zovty> 1. Afschaffen zomer-wintertijd.
[21:38:17] <zovty> 2. Uitroeien muggen.
[21:38:43] <zovty> En ik zie dat de agenda verder leeg is.
[21:39:39] <nomadz> 3. afschaffen agenda's
[21:39:54] <zovty> Och jongens toch.
[21:39:55] <Fiebel> sorry ik heb het druk
[21:39:56] <nomadz> gewoon een dag eruit
[21:40:03] <zovty> Wat is district 9 toch een onbegrepen mooie film.
[21:40:09] <zovty> Geef niks fabis.
[21:40:20] <nomadz> fiebel, moet je naar het toilet?
[21:40:29] <zovty> Plassen is belangrijk he.
[21:40:32] <zovty> Vergeet dat niet.
[21:40:35] <Fiebel> strakjes weer even
[21:40:44] <zovty> Ja, nee.
[21:40:47] <zovty> van uittel komt afstel he.
[21:40:50] <Fiebel> ja
[21:40:51] <Fiebel> nee
[21:40:53] <zovty> Vergeet dat niet.
[21:41:07] <nomadz> ik heb nog spullen voor een stoma achterin de auto liggen
[21:41:10] <nomadz> heb je dat gezeik niet meer
[21:41:27] <zovty> Nou.
[21:41:33] <zovty> Das toch een vriendeiljke aanbod.
[21:41:36] <zovty> Wat zeg je dan fabis.
[21:41:43] <Fiebel> neebedanktmneer
[21:41:44] <zovty> Zeg maar Dankj...
[21:41:57] <zovty> O.
[21:42:56] <nomadz> lijkt me wel chill
[21:43:03] <Fiebel> och chili
[21:43:04] <nomadz> lange autorit of bioscoop ofzo
[21:43:04] <Fiebel> daar hou ik van he
[21:43:10] <Fiebel> dat is denk ik mijn lievelings dumoment
[21:43:19] <nomadz> hoppa stoma aansluiten op de aansluiting naast de stoel
[21:43:33] <zovty> Ja.
[21:43:39] <zovty> Dat zou ook wel beter zijn.
[21:43:53] <zovty> Je zou ook heel je rioleringstelsel kunnen vereenvoudigen.
[21:44:31] <zovty> In heel de stad.
[21:44:45] <nomadz> gewoon netzoals vroeger, gewoon op straat kakken
[21:44:56] <zovty> Iew.
[21:44:59] <zovty> Is toch vies.
[21:45:06] <zovty> Ik heb chocolade.
[21:45:12] <zovty> Witte chocolade met crunch.
[21:45:15] <zovty> Och zo lekker.
[21:45:15] <nomadz> ik heb koude lasagna in de magnetron
[21:45:21] <zovty> Mjammjam.
[21:45:24] <nomadz> inmiddels koude lasagna
[21:45:35] <zovty> Maakt niet uit joh.
[21:45:36] <zovty> Tis toch goor.
[21:45:57] <nomadz> denk dat ik maar een potje bier ontkurk
[21:46:44] <zovty> Ik heb weer de hik.
[21:47:00] * Fiebel gooit bierbie tegen zovty aan
[21:47:12] <zovty> Doe eens niet zo raar.
[21:47:21] <Fiebel> schrok je daar niet van?
[21:47:26] <zovty> Tuurlijk niet.
[21:47:34] <Fiebel> dan weet ik het ook niet hoor
[21:47:42] <zovty> Neejoh.
[21:47:51] <nomadz> http://www.dumpert.nl/mediabase/6752997/d815af3b/gratis_kroketten.html
[21:47:52] <digibot> Title: dumpert.nl - Gratis kroketten (at www.dumpert.nl)
[21:48:00] <Fiebel> och heerlijk
[21:48:04] <Fiebel> had ik ook maar zin in gratis kroketten
[21:48:23] <zovty> Kroketten zijn zo lekker.
[21:48:44] <nomadz> zou er ook chips met kroketsmaak zijn?
[21:48:48] <nomadz> of yoghurt
[21:53:24] <Fiebel> zou er ook yoghurt met krokettensmaak zijn?
[21:53:32] <Fiebel> en dat de muesli smaakt als het korstje?
[21:55:09] <nomadz> misschien gat in de markt
[21:55:20] <nomadz> zou me niets verbazen na de thee met chocoladesmaak of pizza met stoofpeertjes
[21:56:02] <nomadz> vandaag kreeg ik een soort ongerezen brood met aardappelen en kikkererwtjes erin
[21:56:22] <nomadz> volgens mij smeet zowat iedereen het weg
[21:57:00] <Fiebel> :|
[21:58:22] <Fiebel> pep heb een laken veroverd
[21:58:30] <Fiebel> en nu zit ze lieve woordjes in ze oor te koeren
[22:00:11] <Fiebel> en nu ligt ze op het laken op de vloer, precies op de plek waar mijn bevallige voetjes zullen landen als ik straks moet piesen
[22:09:20] <zovty> Ja.
[22:09:26] <zovty> Kun je de poes wel op aankijken.
[22:09:36] <zovty> maar waarom ligt er uberhaupt een laken op de vloer?
[22:09:54] <Fiebel> omdat
[22:10:04] <Fiebel> mijn goede vriendin P
[22:10:14] <Fiebel> in de huiskamer had geslapen
[22:10:21] <Fiebel> haar onderlaken in de badkamer had gemikt
[22:10:27] <Fiebel> en vervolgens
[22:10:38] <Fiebel> AL MIJN FUCKING LUXAFLEXEN EN ROLGORDIJNEN HAD OPENGEDAAN
[22:10:47] <Fiebel> dus toen ik uit de douche kwam
[22:10:58] <Fiebel> had ik de keuze tussen dat laken omslaan als een griekse godin
[22:11:12] <Fiebel> of mezelf voor schandaal nakend paraderen voor heel roffa
[22:11:22] <Fiebel> dus ik koos voor de griekse godin optie
[22:12:26] <zovty> Had ik ook gedaan.
[22:12:31] <Fiebel> jatoch?
[22:12:34] <Fiebel> snietzogektoch?
[22:12:42] <Fiebel> dan klinkt het toch heel logisch allemaal?
[22:12:46] <zovty> Nee, als je het zo zegt klinkt het allemaal best logisch.
[22:12:48] <zovty> Inderdaad.
[22:12:52] <Fiebel> ja
[22:14:16] <nomadz> geen paparazzi-foto's van fiebel :(
[22:14:31] <Fiebel> helaas
[22:15:03] <nomadz> nog 8 dagen
[22:15:05] <nomadz> en dan GoT
[22:15:13] <Fiebel> eeeeeeeeeeeeeeecht he
[22:15:20] <Fiebel> ik kijk er wel naar uit persoonlijk
[22:15:30] <nomadz> ik ook
[22:15:43] <nomadz> zit erover te denken eerst ff alle boeken en vorige seizoenen erdoorheen te jagen 
[22:16:05] <Fiebel> dan moet je toch iets minder overwerken de komende 8 dagen
[22:16:14] <nomadz> nee joh, gewoon tijdens t werk
[22:16:32] <nomadz> denk niet dat ik afgelopen 2 dagen iets zinnigs heb gedaan
[22:16:39] <nomadz> stelletje aanstellers
[22:17:22] <Fiebel> och heerlijk
[22:17:29] <Fiebel> soms iwil ik wel op boksen gaan
[22:17:32] <nomadz> "ik heb glas in mijn vinger maar ik kan het niet zien",  "ik kan het ook niet zien, heb geen xray ogen", "oh dan zal het wel goed zijn"
[22:17:40] <nomadz> zo'n dag
[22:17:57] <Fiebel> jeetje
[22:18:00] <Fiebel> wat een makkelijke uitweg
[22:18:14] <moppersmurf> hallo
[22:18:21] <moppersmurf> ik ben er
[22:18:21] <Fiebel> OOOOOOOOOOOOOOOOOOOOOOOOOOOOOOOOOOOOOOOOOOOOOOOOOOOOOOO+
[22:18:21] <Pandora> gezellig, moppersmurf is er!
[22:18:26] <moppersmurf> beeeentjes hoog
[22:18:30] <Fiebel> moppersMURF
[22:18:33] <moppersmurf> drankje er bij
[22:18:35] <Fiebel> ik wil graag even met je doornemen
[22:18:37] <moppersmurf> hallo fiebel
[22:18:38] <Fiebel> wat je allemaal heb gegeten
[22:18:42] <moppersmurf> mghigigiigig
[22:18:43] <Fiebel> sinds je vrijdag van je werk vertrokken bent
[22:18:47] <Fiebel> en de mate van paleo
[22:18:56] <nomadz> of wat heb je gekakt
[22:18:57] <moppersmurf> gister donerschotel
[22:19:00] <Fiebel> in chronologische volgorde graag
[22:19:08] <moppersmurf> worst
[22:19:17] <moppersmurf> klein.stukje chocolade
[22:19:22] <moppersmurf> ei
[22:19:24] <moppersmurf> zalm
[22:19:29] <moppersmurf> broodje limburger
[22:19:40] <moppersmurf> asperges
[22:19:43] <moppersmurf> gehaktbal
[22:19:49] <moppersmurf> aardappeltjes uit de ovrn
[22:19:57] <moppersmurf> EOF
[22:20:09] <moppersmurf> mghihihihi
[22:20:35] <Fiebel> wat is EOF
[22:20:42] <nomadz> een nerd iets
[22:20:49] <Fiebel> o
[22:21:03] <nomadz> http://defensemonkees.nl/
[22:21:04] <digibot> Title: Krav Maga Maastricht Heerlen Sittard Utrecht DefenseMonkees Krav Maga Maastricht Heerlen Sittard Utrecht (at defensemonkees.nl)
[22:21:06] <nomadz> denk dat ik die sport ga doen
[22:21:16] <Fiebel> goed zo
[22:21:40] <moppersmurf> durf ik niet meer naar jou te komen
[22:22:01] <moppersmurf> och jonges
[22:22:04] <moppersmurf> de rust
[22:22:18] <nomadz> als je nou eens hierheen komt
[22:22:24] <nomadz> en de inmiddels koude lasagna weer opwarmt
[22:22:27] <nomadz> en naar de bank komt brengen
[22:23:01] *** Quits: Beer`__ (beer@5ED0808C.cm-7-1c.dynamic.ziggo.nl) (Exit)
[22:23:32] <Fiebel> alles is goed
[22:23:35] <Fiebel> pep is op bed
[22:23:39] <Fiebel> zo kan ik niet op haar gaan staan
[22:23:49] <Fiebel> nou ja
[22:23:55] <Fiebel> zo is het een stuk minder waarschijnlijk in ieder geval
[22:25:21] <moppersmurf> ooo nee
[22:25:26] <moppersmurf> ik doe niks meer
[22:25:36] <moppersmurf> ik heb vandaag fysiek werk gedaan
[22:25:38] <Fiebel> goed zo
[22:25:39] <Fiebel> pak de rust
[22:25:51] <moppersmurf> en alles gedaan vanuit crossfit perspectief
[22:25:59] <moppersmurf> dus een awesome wod
[22:26:02] <moppersmurf> mghihihihi
[22:26:19] <moppersmurf> de rust kind de rust
[22:29:06] *** Quits: TooL (x@ip172-92-210-87.adsl2.static.versatel.nl) (Ping timeout: 67 seconds)
[22:36:04] *** Quits: Phaxinity (Phaxinity@46.166.190.205) (Exit)
[22:37:31] *** Joins: TooL (x@ip172-92-210-87.adsl2.static.versatel.nl)
[22:38:56] <Boots> Nu heb ik zin in lasagna
[22:39:30] <Fiebel> had ik ook maar zin in lasagna
[22:40:31] <Boots> Want je hebt wel lasagna maar geen zin 
[22:40:31] <Boots> ?
[22:42:18] <Fiebel> nee
[22:43:41] <Boots> Wat nee
[22:43:43] <Boots> :D
[22:43:53] <Fiebel> nee boots
[22:44:00] <Boots> Je hebt geen lasagna.
[22:44:07] <Fiebel> correct
[22:44:10] <Boots> Oke.
[22:44:16] *** Quits: TooL (x@ip172-92-210-87.adsl2.static.versatel.nl) (Ping timeout: 61 seconds)
[22:53:00] *** Joins: TooL (x@ip172-92-210-87.adsl2.static.versatel.nl)
[23:00:19] *** Quits: Fe2O3 (Fe2O3@h70248.upc-h.chello.nl) (Exit)
[23:02:46] *** Quits: TooL (x@ip172-92-210-87.adsl2.static.versatel.nl) (Ping timeout: 60 seconds)
[23:06:25] <moppersmurf> hallo
[23:06:27] <moppersmurf> ik ben er
[23:06:28] <Pandora> gezellig, moppersmurf is er!
[23:06:45] <moppersmurf> !seen zovty
[23:06:45] <digibot> moppersmurf: zovty was last seen in #fok 53m 57s ago: <zovty> Inderdaad.
[23:11:37] *** Joins: TooL (x@ip172-92-210-87.adsl2.static.versatel.nl)
[23:12:32] *** Joins: Salvad0R (asdfer@524BEC59.cm-4-4d.dynamic.ziggo.nl)
[23:12:54] <Salvad0R> :3
[23:14:00] <bReChThOu> derek
[23:14:01] <bReChThOu> sup
[23:18:04] *** Quits: rhod (rhod@86.85.193.196) (Exit)
[23:21:02] *** Joins: Beer`__ (beer@31.161.140.208)
[23:26:42] <Salvad0R> sup
[23:26:45] <Salvad0R> pizzas in de oven is wazup
[23:26:53] *** Quits: TooL (x@ip172-92-210-87.adsl2.static.versatel.nl) (Ping timeout: 66 seconds)
[23:29:53] <Fiebel> ochochochoch
[23:33:00] <Salvad0R> buurfrau deed net banaan in de oven met chocola erin
[23:33:03] <Salvad0R> dat smaakte Nice
[23:35:18] *** Joins: TooL (x@ip172-92-210-87.adsl2.static.versatel.nl)
[23:41:53] *** Quits: TooL (x@ip172-92-210-87.adsl2.static.versatel.nl) (Ping timeout: 66 seconds)
[23:42:52] *** Quits: Guyver2 (Guyver2@guyver2.xs4all.nl) (Exit)
[23:50:55] *** Joins: TooL (x@ip172-92-210-87.adsl2.static.versatel.nl)
[23:55:12] *** Quits: mijk (mijk@218-245-144-85.ftth.glasoperator.nl) (Ping timeout: 60 seconds)
[23:58:44] *** Joins: rhod (rhod@86.85.193.196)
