[00:00:28] *** Quits: wasbak` (wasbak@095-096-019-149.static.chello.nl) (Exit)
[00:02:47] <Fiebel> fijne 2e paasdag
[00:10:43] <rawplayer> jaaaaaa
[00:10:45] <rawplayer> 2e paadag
[00:10:49] <rawplayer> paaaaaaseeen
[00:10:59] *** ChanServ sets mode: +o Fiebel
[00:14:42] *** Quits: dreammer (Dreammer@i142073.upc-i.chello.nl) (Exit)
[00:15:09] <Spacecowboy> PAASZAAD
[00:15:35] *** Quits: Andros (Andros@181.141-244-81.adsl-dyn.isp.belgacom.be) (Ping timeout: 60 seconds)
[00:17:02] <rawplayer> https://www.youtube.com/watch?v=gjk-juiz7KU
[00:17:03] <digibot> Title: Warheads Smoothie Challenge : WheresMyChallenge Collab Tribute, Crude Brothers - YouTube (at www.youtube.com)
[00:19:18] <zovty> Waawrom wil je huilen player?
[00:20:29] <rawplayer> tis hip
[00:20:31] <rawplayer> tegenwoordig
[00:20:37] <rawplayer> lekker huilen
[00:20:40] <Spacecowboy> hahhaha
[00:20:44] <Spacecowboy> kankerfaggot
[00:20:52] <rawplayer> :s
[00:20:53] <Spacecowboy> met je huilen
[00:20:57] <Spacecowboy> FAG
[00:21:02] <Spacecowboy> FAG
[00:21:05] <Spacecowboy> FAG
[00:21:07] <Spacecowboy> HOMO
[00:21:09] <zovty> Nou dan huil je toch lekker.
[00:21:14] <rawplayer> zit je weer aan de speed?
[00:21:19] <Spacecowboy> nope
[00:21:27] <zovty> Homo.
[00:21:32] <Spacecowboy> maar fags als jij doen me wel craven
[00:21:33] <rawplayer> negercoke uit de aars van een somalier?
[00:21:38] <Spacecowboy> hahha
[00:21:45] <Spacecowboy> coke is voor gays
[00:21:49] <Spacecowboy> met te veel geld
[00:21:58] <Spacecowboy> beetje jouw type rawplayer 
[00:23:01] <rawplayer> ik heb geen geld
[00:23:04] <rawplayer> <- arm
[00:23:06] <Spacecowboy> precies
[00:23:09] <Spacecowboy> daarom
[00:24:31] <rawplayer> ga je mee lekker huilen?
[00:24:38] <rawplayer> samen met zovty en ik
[00:24:46] <Spacecowboy> kanker lekker op
[00:24:48] <Spacecowboy> gayfag
[00:25:05] <Spacecowboy> anders loop je lekker naar de parkeerplaats langs de A27
[00:25:05] *** Quits: TooL (x@ip172-92-210-87.adsl2.static.versatel.nl) (Ping timeout: 69 seconds)
[00:25:14] <Spacecowboy> met je vriendjes
[00:25:41] <rawplayer> kan ik daar lekker huilen?
[00:26:00] <Spacecowboy> kankerfags als jij wel
[00:26:23] <zovty> Als Henk en Harrie klaar met je zijn wel.
[00:26:36] <rawplayer> ijsje heb jij nog gehuild?
[00:26:44] <zovty> Beetje.
[00:26:46] <zovty> Jij?
[00:27:15] <rawplayer> ja nu
[00:27:17] <rawplayer> aan het huilen
[00:27:25] <zovty> Och jongen toch.
[00:27:32] <zovty> Laat het lekker lopen.
[00:27:34] <zovty> Laat het gaan.
[00:27:43] <zovty> Jouw verdriet heeft ook bestaansrecht.
[00:27:50] <zovty> tenzij het jouw schuld was.
[00:27:56] <zovty> Dan man up and suck up.
[00:30:50] <Fiebel> welkom terug zovty
[00:30:53] <Fiebel> we hebben je gemist
[00:31:02] <Fiebel> het was zwaar en moeilijk
[00:31:04] <Fiebel> de tijd zonder jou
[00:31:05] <zovty> Bedankt fiebie.
[00:31:12] <Fiebel> graag gedaan
[00:31:13] <zovty> Ja echt?
[00:31:17] <Fiebel> ja
[00:31:18] <rawplayer> fiebel zovty was nog een beetje aan het huilen
[00:31:22] <Fiebel> we wiestn ons geen raad
[00:31:26] <Fiebel> ochochochochoch
[00:31:28] <Fiebel> lekker huilen
[00:31:30] <Fiebel> heeeeerlijk
[00:31:41] <Fiebel> al je holtes leeghuilen
[00:31:50] <Fiebel> lekker snottebellen afvegen aan een poezenrug 
[00:31:57] <Fiebel> dan voel je je herbore
[00:32:07] <rawplayer> ik heb geen poes
[00:32:08] <rawplayer> ;[
[00:32:17] <Fiebel> volgende keer tuinnie catnappe
[00:32:27] <zovty> Als ik er niet ben moet je gewoon denken; wat zou Jezus, McGuyver, Mohammed (vzmh) of The A-Team hebben gedaan.
[00:32:42] <Fiebel> o kind wat een lange gedachte
[00:32:47] <Fiebel> dat krijg ik allemaal niet gebolwerkt hoor
[00:32:48] <zovty> Of ff Dubbeldrank roepen.
[00:32:50] <Fiebel> met mijn knappe gezichtje
[00:33:28] *** Joins: TooL (x@ip172-92-210-87.adsl2.static.versatel.nl)
[00:34:07] <zovty> Ik heb een mooie baard hoor.
[00:34:33] <Fiebel> ik zou daar toch wel een keer met je moeder over willen praten
[00:34:55] <zovty> Ja echt?
[00:35:04] <Fiebel> ja
[00:35:14] <zovty> Serieus?
[00:35:28] <Fiebel> ja
[00:35:34] <Fiebel> ik denk dat ik er echt om zou moeten gniffelen
[00:35:41] <Fiebel> om wat jouw moeder daar over te zeggen heeft
[00:35:41] <rawplayer> nou ik ook
[00:35:43] <rawplayer> met de ma van ijsje
[00:35:47] <rawplayer> dan zou ik zeggen
[00:35:49] <Fiebel> over die al qaidagriebus op je hoofd
[00:35:53] <rawplayer> uw zoon heeft een mooie baard
[00:36:00] <zovty> Jij zou daadwerkelijk een keer met mijn moeder af willen spreken voor een bakkie thee en een babbeltje over mijn baard?
[00:36:10] <Fiebel> ja
[00:36:10] <rawplayer> en mooie ogen
[00:36:12] <rawplayer> heeft hij dievan u
[00:36:16] <rawplayer> ik ga even eten zoeken
[00:36:41] <zovty> Nou, ik zal het morgen even voorstellen.
[00:36:48] <Fiebel> is goed hoor
[00:37:03] <Fiebel> misschien kun je even vragen of ze haar ongezouten mening even op een post it zet
[00:37:06] <Fiebel> en dat je dat dan overtikt
[00:37:11] <Fiebel> dat is minder omslachtig
[00:37:18] <zovty> Ahja.
[00:37:50] <zovty> Ik weet dat je het zo niet bedoelt natuurlijk, maar op een leek zou dit kunnen overkomen als "terugkrabbele".
[00:37:58] <Fiebel> een leek wel ja
[00:38:34] <zovty> Player.
[00:38:50] <zovty> Ik weet niet of je nou op me moeder aan het hitten bent.
[00:39:04] <zovty> Maar door te vragen of ik die mooie baard van haar hebt gaat dat niet lukken.
[00:40:16] <rawplayer> ik wilde vragen naar de verfijnde haargroei
[00:40:20] <rawplayer> en of je moeder die ook heeft
[00:40:47] <zovty> Hmnee.
[00:40:53] <zovty> Mja.
[00:40:58] <zovty> Ik weet het niet.
[00:41:02] <rawplayer> het kan zijn
[00:41:05] <zovty> Volgens mij heb ik wel het haar van m'n moeder.
[00:41:06] <rawplayer> dat ik sjippies heb
[00:41:06] <rawplayer> naturel
[00:41:10] <rawplayer> mgighgighighgihgihgih
[00:41:12] <zovty> Och jongen wat heerlijk.
[00:41:14] <zovty> Zeg.
[00:41:19] <zovty> kroepoek is ook paleo he?
[00:41:26] <zovty> Beetje.
[00:41:33] <Fiebel> :|
[00:41:41] <Fiebel> gemale vissekonte
[00:41:45] <Fiebel> opgbakken in reuzel
[00:41:55] <zovty> Och heerlijk.
[00:42:01] <zovty> Met sambal zo.
[00:42:04] <zovty> Lekker dippen.
[00:42:05] <zovty> Mjammjam.
[00:42:13] <Fiebel> :|
[00:42:33] <zovty> :|
[00:43:44] <rawplayer> welke sambal?
[00:43:52] <rawplayer> van die pittige?:O
[00:44:03] <Fiebel> zal ik aan de soylent gaan?
[00:44:13] <zovty> Ja, dat zou ik ook wel willen.
[00:46:12] *** Quits: TooL (x@ip172-92-210-87.adsl2.static.versatel.nl) (Ping timeout: 67 seconds)
[00:46:13] <zovty> Maar het lijkt me neit lekker.
[00:47:14] <Fiebel> er was een topic
[00:47:27] <zovty> Ja.
[00:47:31] <Fiebel> iemand die het 30 dagen deed
[00:47:35] <zovty> Waarover was er nog geen topic.
[00:47:57] <zovty> Oh, ik had in R&P de naam SHE genoemd en gelijk m'n post gewijzigd.
[00:48:00] <Fiebel> eeeeeemmmmmmmmmmmmmmmmm
[00:48:01] <zovty> Is het echt zo erg joh?
[00:48:03] <Fiebel> :D
[00:48:07] <Fiebel> nee joh
[00:48:11] <Fiebel> :D
[00:48:15] <zovty> Ja, echt.
[00:48:18] <Fiebel> echt?
[00:48:20] <Fiebel> :D
[00:48:26] <Fiebel> moet je feef vragen als ze weer terug is
[00:48:29] <Fiebel> wat zei je dan?
[00:48:51] <zovty> http://forum.fok.nl/topic/2292411/1/300#p160965208
[00:48:53] <digibot> Title: R / forums analyseren - forum.fok.nl (at forum.fok.nl)
[00:48:57] <Fiebel> ik wil nog steeds mn geld terug
[00:48:59] <Fiebel> of dr tieten zien
[00:49:09] <zovty> Ik had gezegd: Zo'n onderzoek was de reden dat SHE ooit op FOK! kwam.
[00:49:33] <zovty> En later ging iemand nog vragen wie dat dan was en toen reageerde ik nog "DOn't ask" maar dat is ook weg.
[00:49:40] <Fiebel> gihihgihihighi
[00:49:43] <Fiebel> oeioeioei
[00:49:44] <Fiebel> maar
[00:49:46] <Fiebel> is het waar?
[00:49:51] <zovty> Ja.
[00:49:55] <Fiebel> ok eigenaardig
[00:50:17] <zovty> Ze wilde een aantal fora reviewen, zoals partyflock en nog wat van die sites.
[00:50:19] <zovty> En ook fok.
[00:50:26] <zovty> Of communitys eigenlijk.
[00:50:27] <Fiebel> wanne kut
[00:50:42] <zovty> En ze heeft ooit wel een review geschreven ook.
[00:52:02] <Fiebel> ze had ook nog een keer een ontploffing in dr gezicht
[00:52:31] *** Quits: rhod (rhod@86.85.193.196) (Connection reset by peer)
[00:52:42] <zovty> O?
[00:53:10] <Fiebel> ja zo'n binnenhaard/kaartoestand
[00:53:12] <Fiebel> of iets
[00:53:13] <Fiebel> geloof ik
[00:53:36] <zovty> Hm, ok.
[00:53:48] <zovty> Kut voor d'r.
[00:53:52] <Fiebel> nee dr gezicht
[00:53:56] <Fiebel> ihihihihihihihihihhhiihihhihhihiihhiihhihi
[00:54:04] <zovty> :|
[00:54:10] <Fiebel> ook niet garpig
[00:54:35] *** Joins: TooL (x@ip172-92-210-87.adsl2.static.versatel.nl)
[00:55:23] <rawplayer> klinkt waterdicht
[00:55:26] <rawplayer> dat onderzoek
[00:55:44] <zovty> Van SHE?
[00:55:47] <rawplayer> ja
[00:55:52] <zovty> Neejoh.
[00:56:01] <zovty> Was gewoon voor een blog ofzo.
[00:56:08] <rawplayer> nog waterdichter
[00:56:32] <zovty> Zo van: deze leuke communities naast de viva zijn er nog meer; partyflock, fok, geenstijl.
[00:56:35] <zovty> Zoiets.
[00:56:46] <zovty> Maar dan 15 jaar geleden.
[00:57:17] <Fiebel> laaaaaaaaang
[00:57:20] <zovty> Dus partyflock, fok, en hyves.
[00:57:35] *** Joins: rhod (rhod@86.85.193.196)
[00:59:55] <rawplayer> vind ik leuk
[00:59:57] <rawplayer> duimpje omhoog
[01:00:07] <Spacecowboy>  gay
[01:00:08] <rawplayer> ijsje waarom is Spacecowboy zo tegen huilende mannen
[01:00:14] <rawplayer> snap jij dat?
[01:00:23] <Spacecowboy> omdat fucking kankergay
[01:01:34] <mijk> GAY?
[01:02:33] <mijk> bedankt voor je uitleg zovty
[01:02:37] <mijk> ik vroeg me al af wat er stond
[01:02:44] <mijk> waarom weggehaald?
[01:02:57] <zovty> Dunno.
[01:03:42] *** Quits: TooL (x@ip172-92-210-87.adsl2.static.versatel.nl) (Ping timeout: 67 seconds)
[01:07:08] <rawplayer> gewoon een beetje huilen
[01:07:11] <Spacecowboy> misschien moet je bij rawplayer ff n babie weghalen
[01:07:20] <Spacecowboy> zeikwijf
[01:07:58] <rawplayer> ;_;
[01:08:56] <rawplayer> Spacecowboy: wat is er mien jong
[01:08:58] <rawplayer> vertel het eens
[01:09:02] <rawplayer> wil je even lekker op schoot
[01:09:07] <rawplayer> beetje huilen
[01:09:19] <rawplayer> ;p;p;p;;;ppd;d;pd;dpd
[01:09:25] <Spacecowboy> ik heb voornamelijk last van gaffaggots als jij
[01:09:47] <Spacecowboy> WPWW
[01:10:21] <Spacecowboy> met je huilen
[01:10:33] <Spacecowboy> huilen is goed
[01:10:41] <Spacecowboy> maar neuk dan eerst eens n wijf
[01:11:42] <rawplayer> lol
[01:11:55] <rawplayer> wat klink je geergerd
[01:12:14] <Spacecowboy> ekomt door al die kankerfags
[01:12:21] *** Joins: TooL (x@ip172-92-210-87.adsl2.static.versatel.nl)
[01:12:33] <rawplayer> met baard?
[01:12:47] <Spacecowboy> baarden moeten sowieso hangen
[01:16:44] <rawplayer> :s
[01:17:15] <Spacecowboy> kerels met alles minder dsn een 3.0 V6 ook
[01:17:19] <Spacecowboy> want gay
[01:19:01] *** Joins: Wasbak (Mibbit@095-096-019-149.static.chello.nl)
[01:19:43] <rawplayer> lol
[01:19:49] <Wasbak> O/
[01:19:49] <rawplayer> lekker huilen
[01:19:53] <rawplayer> Wasbak: huil jij ook?
[01:20:19] <Wasbak> Nee
[01:20:22] <Wasbak> Jij?
[01:20:38] <Spacecowboy> alles wat huilt heeft usually een kaal schraalmonster als auto
[01:20:48] <Wasbak> Space o/
[01:20:52] <Spacecowboy> "ja ik rij gratis" 
[01:21:05] <nomadz> zo, ik ben uit mijn coma! althans voor de komende 5 minuten
[01:21:07] <nomadz> graskak
[01:21:09] <nomadz> rawplayer
[01:21:10] <nomadz> spacecowboy
[01:21:11] <Spacecowboy> al kreeg ik geld toe ga ik niet in die 16TDI zitten
[01:21:18] <nomadz> nog iemand wakker?
[01:22:01] <rawplayer> nee
[01:22:29] <Spacecowboy> rawplayer en zn ecohok zijn nog wakker
[01:23:36] *** Quits: TooL (x@ip172-92-210-87.adsl2.static.versatel.nl) (Ping timeout: 66 seconds)
[01:24:17] *** Joins: bent (Mibbit@ip4da1b975.direct-adsl.nl)
[01:24:27] <bent> hee iemand online?
[01:24:35] <Spacecowboy> nee
[01:24:42] <bent> leukkkk
[01:24:52] <bent> nee maar uhm
[01:25:00] <Spacecowboy> NEE
[01:25:05] <bent> hoe zouden jullie het best zelfmoord plegen denk je?
[01:25:16] <Spacecowboy> GBL
[01:25:25] <Spacecowboy> en nu doen en ophoeren
[01:25:30] <bent> drugs?
[01:25:43] <Wasbak> O/
[01:26:00] <bent> hoezo ophoeren wrm zit jij hier dan in de chat
[01:26:15] <Spacecowboy> wsarom zit jij hier?
[01:26:21] <bent> omdat ik die vraag had
[01:26:22] <Spacecowboy> jij stelt vragen
[01:26:24] <Spacecowboy> ik niet
[01:26:29] <bent> klopt
[01:26:31] <bent> goed gezien
[01:26:32] <Spacecowboy> precies
[01:26:40] <bent> jij antwoord er op, jou keus
[01:26:48] <Spacecowboy> okay
[01:27:08] <bent> want 'wasbak' zit hier ook en reageert ook niet
[01:27:19] <Spacecowboy> je moeder zit hier ook
[01:27:20] <Spacecowboy> maarja
[01:27:26] <bent> ja klopt hoe ken je der
[01:27:33] <Spacecowboy> hookers.nl
[01:27:44] <bent> ja je hebt helemaal gelijk man
[01:27:55] <Wasbak> Omg
[01:28:10] <bent> hay
[01:28:12] <bent> wats er omg
[01:28:13] *** ChanServ sets mode: +b *!*@ip4da1b975.direct-adsl.nl
[01:28:20] <Spacecowboy> lol
[01:28:41] <rawplayer> gewoon even goed huilen
[01:28:43] <Pandora> emo en zelfmoordvragen doe je maar op het forum
[01:28:49] <Spacecowboy> ll
[01:28:51] <Spacecowboy> lol
[01:29:07] <Spacecowboy> naja
[01:29:13] <Spacecowboy> nog maar ff wat vreten
[01:29:30] <rawplayer> schijt ik ben moe
[01:30:23] *** Quits: bent (Mibbit@ip4da1b975.direct-adsl.nl) (Exit)
[01:30:30] <Wasbak> Morgen vrij
[01:31:55] *** Joins: TooL (x@ip172-92-210-87.adsl2.static.versatel.nl)
[01:43:03] *** Quits: TooL (x@ip172-92-210-87.adsl2.static.versatel.nl) (Ping timeout: 66 seconds)
[01:44:18] *** Quits: Wasbak (Mibbit@095-096-019-149.static.chello.nl) (Exit)
[01:51:14] *** Joins: TooL (x@ip172-92-210-87.adsl2.static.versatel.nl)
[01:54:21] *** Quits: Guyver2 (Guyver2@guyver2.xs4all.nl) (Exit)
[01:59:20] *** Quits: Fiebel (PrincessCo@d77048.upc-d.chello.nl) (Exit)
[02:01:44] *** Quits: TooL (x@ip172-92-210-87.adsl2.static.versatel.nl) (Ping timeout: 66 seconds)
[02:10:10] *** Joins: TooL (x@ip172-92-210-87.adsl2.static.versatel.nl)
[02:19:27] <Redhead> slaapkoppen
[02:19:36] <Beer`__> wannou slaap koppen?
[02:19:40] <Beer`__> ben klaarwakker!
[02:19:41] <Beer`__> :)
[02:19:47] <Redhead> hehe
[02:19:50] <Redhead> aan t werk?
[02:20:04] <Beer`__> nope vanavond geweigerd
[02:20:10] <Redhead> goede zaak
[02:20:12] <Beer`__> had biertje op.. dus maar ff keertje nie
[02:20:19] <Redhead> juh
[02:20:24] <Beer`__> en na 11 nachtdiensten vond ik et wel ff genoeg :)
[02:20:38] <Redhead> slaat ook nergens op
[02:20:41] <Redhead> veelteveel
[02:21:03] <Redhead> maar typoisch dat ze dan toch durven te bellen he
[02:21:10] <Beer`__> sja idd.. maar ja fijne van nul uren contract.. je moet vriendjes blijven met planning.. want anders word je nul uren contract weer feit 
[02:21:27] <Redhead> mja
[02:21:35] *** Quits: TooL (x@ip172-92-210-87.adsl2.static.versatel.nl) (Ping timeout: 66 seconds)
[02:25:16] *** Joins: Jazzy (Jazzy@143.177.41.220)
[02:25:43] <Spacecowboy> HOEKEN
[02:25:50] <Spacecowboy> HOEKKEEEEEN
[02:26:04] <Jazzy> Arme Space...
[02:26:08] <Jazzy> Heb je 't weerk kerel? :-)
[02:26:17] <Redhead> hehe
[02:26:25] <Jazzy> Hi Red!!! :-)
[02:26:31] <Jazzy> Wat ben jij laat op?
[02:26:36] * Spacecowboy is listening to Deftones - Be Quiet And Drive [Far Away] from the album Around The Fur on Spotify.
[02:26:44] <Spacecowboy> bazenplaat
[02:26:52] <Redhead> heyhey Jazzy  , valt mee toch?
[02:27:00] <Redhead> en jij dan?
[02:27:11] <Jazzy> Half 3 hier... Of zit jij in een andere zone? :-P
[02:27:20] <Redhead> neuh hier dito
[02:27:26] <Redhead> al klopt t niet 
[02:27:28] <Redhead> ;p
[02:27:29] <Jazzy> Ikke... Euh... Jah... Eh... Ben te wakker...
[02:27:41] <Jazzy> Wat klopt niet? De zomdertijd?
[02:27:53] <Redhead> dat sowieso niet 
[02:27:57] <Jazzy> ?
[02:28:11] <Redhead> nvm boeit niet
[02:28:15] <Jazzy> Ok :-)
[02:28:19] <Redhead> zelfde tijd , kloppend of niet
[02:28:20] <Jazzy> Hoe issie bij jou?
[02:28:46] <Redhead> ja ok en daar?
[02:28:54] <Jazzy> Ja! Mag niet klagen :-D
[02:29:12] <Jazzy> Vandaag gezellig spelen gespeeld :-)
[02:29:17] <Redhead> oki
[02:29:32] <Jazzy> Op een spellenclub... Dus ook veel (voor mij) nieuwe spellen.
[02:29:45] <Jazzy> Was erg grappig.
[02:29:48] *** Joins: TooL (x@ip172-92-210-87.adsl2.static.versatel.nl)
[02:29:51] <Redhead> :)
[02:30:02] <Jazzy> Ohja, en een potje Weerwolven. Was super spannend ;-)
[02:30:52] <Jazzy> Heb jij nu ook vakantie?
[02:33:06] <Redhead> hm nee 
[02:33:19] <Jazzy> Da's nou jammer.
[02:33:29] <Jazzy> Waar ben je op dit moment? Ver in het zuiden?
[02:33:40] <Redhead> juh
[02:33:55] <Jazzy> Lekker :-P
[02:34:06] <Jazzy> Hier boven is 't maar koud en winderig :-/
[02:34:21] <Redhead> de wind was vanmiddag nog hier
[02:34:46] <Jazzy> En nou komt 'ie hierheen?
[02:34:50] <Redhead> juh
[02:35:04] <Redhead> k zei ga maar nederlanders pesten 
[02:35:10] <Jazzy> Oh joy
[02:35:13] <Redhead> opgewoeit nu
[02:35:15] <Redhead> ;)
[02:35:20] <Redhead> neehoor!!!!!
[02:35:22] <Jazzy> En de wind luisterde?
[02:35:39] <Jazzy> Ik dacht dat ik de Heks was... Maar dat valt dus nog te bezien ;-)
[02:35:58] <Redhead> gheghe
[02:36:22] <Redhead> k wilde wel dat ie ophield maar gun nl ook altijd mooi weer
[02:36:42] <Jazzy> Ach wat, hier waat 'ie ook o weer voorbij ;-)
[02:36:49] <Redhead> welja
[02:37:21] <Jazzy> Ben je weer in Spanje?
[02:37:26] <Jazzy> OF moet ik nog zeggen?
[02:37:27] <Redhead> ja
[02:37:41] <Jazzy> En heb je daar nu ook werk?
[02:37:48] <Jazzy> Of kan je even rentenieren? :-P
[02:37:52] <Redhead> jawel , net aan
[02:38:02] <Jazzy> ?
[02:38:07] <Redhead> nee mn reserves zijn alop
[02:38:11] <Jazzy> Och arme.
[02:38:13] <Jazzy> Da's balen
[02:38:16] <Redhead> och ja...
[02:38:19] <Jazzy> IS het leuk werk?
[02:38:32] <Redhead> gewoon mn gedoe , zorg
[02:38:37] <Jazzy> Right
[02:38:51] <Jazzy> Leuke client(en)?
[02:38:55] <Redhead> te weinig uurtjes nog maar komt wel
[02:38:58] <Redhead> eva braun
[02:39:15] <Redhead> vroeg ze of ik morgen ook zin heb , k zei nee
[02:39:16] <Redhead> ;p
[02:39:47] <Jazzy> En ik maar denken dat Eva allan dood was...
[02:39:49] <Redhead> soms kan ik dr goed hebben soms niet
[02:39:51] <Jazzy> +g
[02:40:02] <Redhead> dr zij vele eva brauns die nog leven
[02:40:09] <Redhead> zijn
[02:40:11] <Jazzy> Oh gelukkig ;-)
[02:40:18] <Redhead> erm
[02:40:26] <Jazzy> Ik heb vanaf volgende week ook nieuw werk :-D
[02:40:36] <Redhead> oh how come?
[02:40:37] <Jazzy> Ik mag weer voor d eklas gaan staan :-D
[02:40:45] <Redhead> oki
[02:40:52] <Redhead> wat ?
[02:40:57] <Jazzy> Oh, ik had wat tijd over, en werd gevraagd... Dus heb maar ja gezegd :-P
[02:41:03] *** Quits: TooL (x@ip172-92-210-87.adsl2.static.versatel.nl) (Exit)
[02:41:22] <Redhead> watvoor?
[02:41:36] <Jazzy> Ik mag ICT trainingen gaan geven. :-)
[02:41:44] <Redhead> ah ja leuk
[02:41:51] <Jazzy> Yep
[02:42:03] <Spacecowboy> dit knopje noemen we de muis?
[02:42:04] <Redhead> vriendin van me leerT DAAR NET VOOR
[02:42:06] <Redhead> oops caps
[02:42:26] <Jazzy> Nee, de muis is nog wat moeilijk...
[02:42:34] <Jazzy> ... ik begin bij het stopcontact
[02:42:49] <Jazzy> En dat je nooit ACHTER de computer moet gaan zitten, maar ERVOOR
[02:42:52] <Redhead> gheghe welke leeftijd je klas?
[02:43:07] <Jazzy> Oh, allemaal young professionals
[02:43:18] <Redhead> ah ja zelfde 
[02:43:21] <Jazzy> Dus het meeste is tussen de 20 en 40 ofzo
[02:43:30] <Redhead> als die vriendin dus...
[02:43:46] <Jazzy> Leuk! Misschien kom ik 'r nog tegen ;-)
[02:43:50] <Redhead> oppernerd die
[02:43:57] <Jazzy> Goedzo!
[02:44:00] <Redhead> ;p
[02:44:03] <mijk> faggets
[02:44:14] <Redhead> ga slapen jij
[02:44:31] <mijk> wie
[02:44:37] <Redhead> jij
[02:44:42] <mijk> ok, doei
[02:44:43] *** mijk is now known as slapen
[02:44:46] <Jazzy> Sinterklaas, nou goed, nee JIJ MIJK!
[02:44:47] <Redhead> nini :)
[02:44:51] <Jazzy> :-P
[02:45:00] <Jazzy> Droom wat moois Mijk!
[02:45:34] <Redhead> eigenlijk wil ik loterij innen en ff helemaal nie werken
[02:45:39] <Redhead> ;p
[02:45:51] <Jazzy> Oeh, dat lijkt me inderdaad geweldig :-)
[02:45:55] <Redhead> als in baan
[02:46:04] <Redhead> werken doe ik sowieso altijd wel
[02:46:59] <Jazzy> Ik snap je :-)
[02:50:25] *** Quits: Beer`__ (Beer@5ED0808C.cm-7-1c.dynamic.ziggo.nl) (Exit)
[02:56:16] *** Joins: Fokker_0736 (Mibbit@92.110.158.85)
[02:57:16] <Fokker_0736> alleen maar mannen?
[02:59:09] *** Quits: Fokker_0736 (Mibbit@92.110.158.85) (Exit)
[03:00:14] <Spacecowboy>  nee ook vrouwen
[03:00:19] <Spacecowboy> oh
[03:00:20] <Spacecowboy> te laat
[03:03:21] <Redhead> lol
[03:04:57] *** Quits: Beer`_ (beer@5ED0808C.cm-7-1c.dynamic.ziggo.nl) (Ping timeout: 60 seconds)
[03:06:21] *** Joins: Beer`_ (beer@5ED0808C.cm-7-1c.dynamic.ziggo.nl)
[03:18:48] <Redhead> nini all
[03:20:25] *** Quits: SCHAPiE (dorian@dhcp-077-249-247-124.chello.nl) (Exit)
[03:21:26] *** Quits: slapen (mijk@5ED37840.cm-7-4b.dynamic.ziggo.nl) (Ping timeout: 60 seconds)
[05:04:03] *** Joins: TooL (x@ip172-92-210-87.adsl2.static.versatel.nl)
[06:28:45] *** Joins: Waskebab (Mibbit@095-096-019-149.static.chello.nl)
[06:39:37] *** Quits: Waskebab (Mibbit@095-096-019-149.static.chello.nl) (Exit)
[06:55:20] *** Quits: rhod (rhod@86.85.193.196) (Exit)
[06:59:33] *** Joins: rhod (rhod@86.85.193.196)
[07:16:01] *** Quits: rhod (rhod@86.85.193.196) (Exit)
[07:16:48] *** Joins: rhod (rhod@86.85.193.196)
[07:17:03] *** Quits: rhod (rhod@86.85.193.196) (Exit)
[07:47:00] *** Joins: NiEmAnD (Mibbit@ip18-64-209-87.adsl2.static.versatel.nl)
[07:48:09] <NiEmAnD> fokkk
[07:49:00] *** Quits: NiEmAnD (Mibbit@ip18-64-209-87.adsl2.static.versatel.nl) (Exit)
[08:22:32] *** Quits: TooL (x@ip172-92-210-87.adsl2.static.versatel.nl) (Ping timeout: 60 seconds)
[08:31:09] *** Joins: TooL (x@ip172-92-210-87.adsl2.static.versatel.nl)
[08:51:34] <wellywest> goeiemorges deze morges
[08:52:08] <Boots> yo
[08:52:32] <wellywest> hoi Boots 
[08:53:45] *** Joins: Fiebel (PrincessCo@d77048.upc-d.chello.nl)
[08:53:55] <wellywest> je bent er
[08:54:21] <wellywest> wees welkom in t midden van ons`aanwezigheid
[08:54:54] <Fiebel> ik bn er inderdaad
[08:54:56] <Fiebel> dank je wel
[09:00:49] <Fiebel> fijne code geel
[09:07:22] *** Quits: TooL (x@ip172-92-210-87.adsl2.static.versatel.nl) (Ping timeout: 67 seconds)
[09:10:12] *** boekee_away is now known as boekee
[09:15:49] *** Joins: TooL (x@ip172-92-210-87.adsl2.static.versatel.nl)
[09:35:56] *** Joins: Andros (Andros@85.113.233.22)
[09:43:43] *** wellywest is now known as wellywest-away
[09:48:33] <rawplayer> mogge
[09:48:34] <rawplayer> hallo
[09:48:36] <rawplayer> ik ben er
[09:49:21] *** Joins: Fokker_0694 (Mibbit@54199935.cm-5-2c.dynamic.ziggo.nl)
[09:50:16] *** Quits: Fokker_0694 (Mibbit@54199935.cm-5-2c.dynamic.ziggo.nl) (Exit)
[10:01:42] *** Joins: Fem_LittleLady (Mibbit@a82-161-112-138.adsl.xs4all.nl)
[10:01:50] <Fem_LittleLady> Een hele goedemorgen
[10:01:59] <rawplayer> hoiiiiiiiiiii Fem_LittleLady 
[10:02:07] <rawplayer> is de brandweerman weer weg?:S
[10:02:10] * Fem_LittleLady knuffelt rawplayer
[10:02:17] <Fem_LittleLady> Ja die is aan het werk 
[10:02:36] *** Joins: Jeroen (Mibbit@54188FF8.cm-5-1c.dynamic.ziggo.nl)
[10:03:08] <Fem_LittleLady> Moet soms he, als iemand denkt dat ze de rosbief wel even kunnen flamberen nabij het gordijn
[10:03:14] <Fiebel> ik ben er weer
[10:03:16] <Fem_LittleLady> Of in de keuken gaan bbqen
[10:03:17] <Fiebel> ik moest nog rusten
[10:03:23] <Fem_LittleLady> Hoi Fiebel een hele goedemorgen
[10:03:49] <Fiebel> ha femmie
[10:05:25] *** Joins: Fe2O3 (Fe2O3@h70248.upc-h.chello.nl)
[10:05:25] *** ChanServ sets mode: +o Fe2O3
[10:06:26] *** wellywest-away is now known as welly
[10:06:59] *** Joins: Wasbak (Mibbit@095-096-019-149.static.chello.nl)
[10:07:38] <Jeroen> mogge
[10:07:47] <Wasbak> Eej o/
[10:07:49] <Wasbak> Pics
[10:08:13] <rawplayer> hott
[10:08:16] <rawplayer> hoooooootttttttttt
[10:08:25] <Wasbak> O/
[10:09:49] *** Quits: Fe2O3 (Fe2O3@h70248.upc-h.chello.nl) (Exit)
[10:13:49] <BarthezZ> oO
[10:14:50] <Redhead> morrie
[10:17:19] <Fem_LittleLady> Pffff krijg vanmiddag visite
[10:17:26] <Fem_LittleLady> heb alweer spijt dat ik zei, ja leuk
[10:17:49] <rawplayer> maar je bent toch een mensemens
[10:18:03] <Redhead> je kan oo afbellen
[10:18:10] <Redhead> ook
[10:18:28] <Redhead> lief zijn voor jezelf is ook n oefening
[10:20:24] <Fem_LittleLady> Ja maar ben dood op
[10:20:38] <Fem_LittleLady> Avondje brandweerman is erg vermoeiend
[10:20:42] <Fem_LittleLady> in de goede zin
[10:20:45] <Redhead> he he
[10:21:12] <Redhead> lekker afbellen en met je brandweerman chillen
[10:21:28] <Fem_LittleLady> Nee brandweerman zit weer in de kazerne
[10:21:42] <Fem_LittleLady> Die moest werken maar zal ook wel met zieltje onder de arm lopen
[10:22:06] <Fem_LittleLady> Maar we gaan dit jaar wel op vakantie whoehoe
[10:22:35] <Redhead> goede zaak
[10:22:54] <Fem_LittleLady> Ja echt wel
[10:23:15] <rawplayer> och meid
[10:23:16] <rawplayer> zeg het dan af
[10:23:19] <rawplayer> dat is geen straf
[10:23:39] *** Quits: Wasbak (Mibbit@095-096-019-149.static.chello.nl) (Exit)
[10:23:56] <Fem_LittleLady> Nee, het is een hele goede vriend geweest van mijn man, straks sterke bak koffie
[10:25:00] <Fem_LittleLady> Zo vaak zien we elkaar niet, dus het is altijd het moment ervoor 
[10:25:26] <rawplayer> och meid
[10:25:33] <rawplayer> pak jezelf dan op
[10:25:36] <rawplayer> sterke bak koffie er in
[10:25:44] <Fem_LittleLady> Vroeg hij ook nog even of we naar de film van de begrafenis konden kijken
[10:25:56] <Fem_LittleLady> nou dat heb ik wel afgekapt, ik zeg nou doe maar even niet
[10:26:20] <Fem_LittleLady> Krijg je eerst woensdag te horen dat je vriend tumor heeft, gaan we dan even kijken hoe de vorige is geeindigd
[10:26:36] <Fem_LittleLady> Ah zegt Jack, dat zal hij wel snappen dat je daar even geen zin in hebt
[10:27:13] <Fem_LittleLady> En zeg eerlijk, ik ben er wel aardig nerveus van, ook al is het goedaardig
[10:27:48] <Redhead> operaties zijn altijd engig 
[10:28:04] <rawplayer> goedaardig klinkt als zo dubieus
[10:28:12] <rawplayer> *altijd
[10:28:15] <Fem_LittleLady> Ja
[10:28:29] *** Joins: Fokker_8809 (Mibbit@54199935.cm-5-2c.dynamic.ziggo.nl)
[10:28:42] <Fem_LittleLady> Zei gister al, moet er niet aan denken dat hij ook zo eindigd
[10:28:52] <Fem_LittleLady> denk dat ik dan geen relatie weer wil
[10:29:37] <Redhead> denk positief
[10:29:52] <Redhead> alles komt goed denken
[10:29:53] <Fem_LittleLady> Jazekers, maar je kent het wel, blijft altijd een stukje gevoel knagen
[10:30:01] <Redhead> juh
[10:30:04] <Fem_LittleLady> Ik weet dat hij onder controle staat bij de brandweer
[10:30:06] <Redhead> weg ermee
[10:30:17] *** Quits: Fokker_8809 (Mibbit@54199935.cm-5-2c.dynamic.ziggo.nl) (Exit)
[10:30:20] <Fem_LittleLady> Dus alles wordt bekeken, zijn bloeddruk gemeten, regelmatig bloedprikken
[10:30:26] <Fem_LittleLady> sporttest
[10:31:04] <Fem_LittleLady> Maar goed, hij zei ook, je hebt het al eens meegemaakt dus weet hoe het voelt als het wel verkeerd is
[10:31:39] <Fem_LittleLady> Maar we gaan wel lekker op vakantie, wat meer motorrijden en zo
[10:31:48] <Fem_LittleLady> Dus dat is wel weer heel leuk
[10:31:51] <rawplayer> lekker
[10:31:56] <rawplayer> mooie vooruitzichten O+
[10:32:21] <Fem_LittleLady> Ja heb ik zin in
[10:32:45] <Fem_LittleLady> Terrasjes pakken, lekker overal eten
[10:33:20] <Redhead> waar gaat debreis heen ?
[10:33:24] <Redhead> de reis
[10:33:31] <Fem_LittleLady> Waar het warm is
[10:33:37] <Redhead> lekker
[10:33:43] <Fem_LittleLady> Gewoon dat je in jurkje kan rondlopen
[10:33:49] <Fem_LittleLady> ik tenminste hahaha hij niet
[10:33:58] <Redhead> hehe
[10:34:06] <rawplayer> :P
[10:34:10] <rawplayer> ja meid
[10:34:13] <rawplayer> laat zien wat je hebt
[10:34:13] <Redhead> van de zomer?
[10:34:41] <Fem_LittleLady> Nou heb net de hele kast doorgespit
[10:34:57] <Fem_LittleLady> Kwam zelfs jurkjes tegen waarvan ik niet eens meer wist dat ik die had
[10:35:08] <rawplayer> ohhhh das mooi
[10:35:23] <Fem_LittleLady> hahah
[10:35:25] <Fem_LittleLady> a"
[10:35:35] <rawplayer> ook weleens gehad
[10:35:43] <rawplayer> vind je kleding in je kast met kaartjes er aan
[10:35:51] <Fem_LittleLady> hahaha ja
[10:35:53] <rawplayer> ik heb nog 2 broeken met kaartjes
[10:35:55] <Fem_LittleLady> broeken
[10:35:57] <Redhead> .win 10
[10:35:58] <rawplayer> die ik 1 cm korter moet laten maken
[10:36:35] <Fem_LittleLady> Had een fluwelen jurkje doe tot de enkel was, die heb ik laten inkorten
[10:36:41] <Fem_LittleLady> nu staat hij wel leuk
[10:36:45] <Fem_LittleLady> leek net een soepjurk
[10:36:46] <rawplayer> :o
[10:36:49] <rawplayer> lol
[10:36:52] <Fem_LittleLady> nu is het wel een spannend jurkje
[10:37:04] <rawplayer> mgighgihgih
[10:37:40] <Fem_LittleLady> Ja is belangrijk
[10:37:57] <Fem_LittleLady> Jurkje moet effect hebben
[10:38:27] <rawplayer> uhu
[10:38:31] <rawplayer> ben ik het wel mee eens
[10:38:32] <rawplayer> als man
[10:38:32] <rawplayer> xD
[10:39:18] <Fem_LittleLady> Ja 
[10:40:03] <Fem_LittleLady> Oohh en dan een dagje aan het strand
[10:40:12] <Fem_LittleLady> zal binnenkort eens even shoppen voor een nieuwe bikini
[10:43:13] <Fem_LittleLady> Heb trouwens weer een leuke cavia besteld
[10:43:21] <rawplayer> alweer 1
[10:43:25] <Fem_LittleLady> https://scontent.xx.fbcdn.net/hphotos-xfa1/v/t1.0-9/1930571_1008801175880045_6068151929373733401_n.jpg?oh=acffa400150256176889adafdbac9ba1&oe=5792DF13
[10:43:33] <rawplayer> komen die per post?
[10:43:34] <rawplayer> :S
[10:43:40] <Fem_LittleLady> Hahaha 
[10:43:55] <Fem_LittleLady> Moet alleen nog een naam verzinnen
[10:44:42] <rawplayer> jantje
[10:44:50] <Fem_LittleLady> We hebben al een Josje
[10:46:25] <rawplayer> ooo mijn lover op tinder
[10:46:27] <rawplayer> een gify
[10:46:31] <rawplayer> wat een feest
[10:46:34] <rawplayer> ik reageer later
[10:46:38] <rawplayer> ik speel hard to get
[10:46:41] *** Joins: Michelp2 (Mibbit@5ED4110B.cm-7-5a.dynamic.ziggo.nl)
[10:46:48] <Fem_LittleLady> Hahaha
[10:47:29] <Michelp2> yeaahh
[10:49:13] <Fem_LittleLady> Denk dat ik hem maar Haru noem
[10:49:23] <Fem_LittleLady> Is Japans voor lente
[10:50:08] <welly> wist je dat toevallig
[10:50:27] <Fem_LittleLady> Ken wel wat Japanse woorden
[10:50:38] <Fem_LittleLady> Geef meerendeel van mijn dieren Japanse namen
[10:50:48] <rawplayer> sushi
[10:51:01] <Fem_LittleLady> Als ik achter het huis sta ze te roepen denken ze dat ik een menu opnoem
[10:51:11] <rawplayer> xD
[10:51:17] <rawplayer> wat in sommige landen dan ook zo is
[10:51:23] <Fem_LittleLady> Hahaha ja
[10:52:12] <Fem_LittleLady> De eene hond heeft een Turkse naam en de andere een Chinese
[10:52:23] <Punnik> goeiesmorgens !!
[10:52:32] <Fem_LittleLady> Goedemorgen Punnik
[10:52:37] <Punnik> hoihoi Fem_LittleLady !
[10:53:08] <Redhead> #morrie PunnPun en wellypelly!
[10:53:43] <Fem_LittleLady> Pfff volgens mij heeft de kat vanacht bij een pan gezeten die niet in de afwasmachine meer paste
[10:53:54] <Fem_LittleLady> Beest stinkt helemaal naar de knoflook uit zijn bekkie
[10:54:01] <Punnik> goeiemorgen RedReds !! megahali's erbij !
[10:54:49] <Redhead> prrrprrr halihali*
[10:55:33] <rawplayer> knoflook O+
[10:56:07] <welly> vrolijk pasen vrolijke paashaas
[10:56:14] <Fem_LittleLady> Ja scaloppa is erg lekker
[10:58:36] <Redhead> hier is pasen nu echt klaar , semana santa is over
[10:58:50] <Redhead> eng gedoe brrrrrr
[11:00:51] <Fem_LittleLady> Jeeeuujjjjjj mijn favo programma komt weer
[11:00:57] <Fem_LittleLady> Dates from hell
[11:04:43] <Fiebel> ik ben er
[11:04:45] * Fiebel is schoon
[11:04:49] <rawplayer> woeiii
[11:04:52] * rawplayer snuffet
[11:04:53] <rawplayer> snuffelt
[11:04:54] <rawplayer> :9
[11:05:24] <Redhead> je straalt tot hier fiebselie :)
[11:05:38] * Redhead zet zonnebril op
[11:05:38] <Fiebel> *O*
[11:05:44] <Fiebel> hard geboend he
[11:11:28] <rawplayer> goedzo
[11:11:30] <rawplayer> goedboenen
[11:11:37] <Fiebel> ja
[11:11:55] <rawplayer> ik eet
[11:12:01] <rawplayer> boterham met ham/kaas/ei
[11:12:01] <rawplayer> mayo
[11:12:03] <rawplayer> mgighgighihg
[11:12:28] <Fem_LittleLady> Hmmm zal de oven eens even aanslingeren
[11:12:40] <rawplayer> doe dat
[11:12:42] <rawplayer> doeeee dat
[11:12:44] <rawplayer> broodje kaas er in
[11:12:45] <rawplayer> met pesto
[11:12:48] <rawplayer> :99
[11:13:04] <Fem_LittleLady> Nee alleen kaas en dan rucola erop
[11:13:08] <Fem_LittleLady> is zooo lekker
[11:13:10] <rawplayer> ooo lekker
[11:13:13] <rawplayer> welke rucola?
[11:13:19] <Fem_LittleLady> van de jumbo
[11:13:20] * rawplayer vindt die van de ah te bitter
[11:13:25] <rawplayer> die van jumbo is perfect
[11:13:25] <rawplayer> ;p
[11:13:39] <Fem_LittleLady> Ja
[11:13:46] <Fem_LittleLady> en dan een flinke hand vol erop
[11:14:21] <Fem_LittleLady> Nou nog twee kilo en dan ben ik tevreden
[11:15:21] <Fiebel> ik nog 8
[11:15:24] <Fiebel> :|
[11:15:49] <Fem_LittleLady> het is al goed hoor, maar twee kilo extra heb je beetje speling
[11:15:51] * Punnik sowieso tevreden en doet nog een dansje !
[11:15:57] * rawplayer nog 15
[11:16:05] <rawplayer> :/
[11:16:18] <rawplayer> 15% ofzo
[11:16:22] <rawplayer> misschien minder
[11:16:24] <rawplayer> dunno
[11:16:25] <rawplayer> dont care
[11:16:25] <rawplayer> ;d
[11:16:31] <rawplayer> opgegeven zaak
[11:16:45] <Fiebel> :|
[11:16:47] <Fem_LittleLady> Ohhh en dan in jurkje en op pumps door de stad met de haren los
[11:16:50] <Fem_LittleLady> zo door de zon
[11:17:02] <rawplayer> roarrrrr
[11:17:29] <Fem_LittleLady> Ja heerlijk
[11:17:33] <Fiebel> klein poesje piept gekweld
[11:17:50] <rawplayer> met mooie zonnenbril
[11:17:54] * rawplayer is ook blij met zijn bril
[11:18:34] <Fem_LittleLady> jaa
[11:18:35] <Fiebel> mogen poesjes lades van nachtkastjes leegklauwen?
[11:18:46] <rawplayer> pics
[11:18:53] <rawplayer> nee
[11:18:56] <rawplayer> dat mogen ze niet
[11:19:02] <rawplayer> ook niet de boel slopen
[11:19:04] <Fiebel> kleine poezennageltjes door de condooms
[11:19:04] <Fiebel> gihighihghigihihgih
[11:19:53] <rawplayer> mgighgihgigihgghigihgihghi
[11:20:10] *** Joins: Fe2O3 (Fe2O3@h70248.upc-h.chello.nl)
[11:20:10] *** ChanServ sets mode: +o Fe2O3
[11:25:07] *** Joins: SCHAPiE (dorian@dhcp-077-249-247-124.chello.nl)
[11:26:29] <Fem_LittleLady> whoop whoop whoop
[11:39:38] <Fiebel> och jonges
[11:39:40] <Fiebel> wat een dag he
[11:39:41] <Fiebel> wat een dag
[11:39:53] <Fiebel> het gaaat maar door en het gaaaat maar door
[11:41:52] <rawplayer> ups
[11:41:57] <Fiebel> ja
[11:41:59] <Fiebel> bij jou wel 
[11:42:06] <rawplayer> mghihi
[11:42:07] <Fiebel> ik heb twee chemisch roze ups pillen genomen
[11:42:07] <Fiebel> en niks
[11:42:10] <Fiebel> gigihghiihgihgighihgihgihgihgihgiihghigihihgihg
[11:42:19] <rawplayer> wut
[11:42:22] <Fiebel> he?
[11:42:25] <Fiebel> gihghigihhigigiighiihgihg
[11:54:12] <zovty> Hoi.
[11:54:18] <Fiebel> dag zovty
[11:54:19] <Fiebel> welkom
[11:57:20] <zovty> Hik.
[11:57:35] <Fiebel> boe
[11:58:31] <zovty> Hik.
[11:58:43] <Fiebel> :|
[11:59:38] <rawplayer> hoi ijsje
[11:59:45] <rawplayer> nog gehuild?
[11:59:55] <zovty> Zeker, zeker.
[11:59:57] <zovty> Jij?
[11:59:58] <Fiebel> ik moet opstaan
[12:00:00] <Fiebel> en mij nuttig maken
[12:00:03] <Fiebel> voor de maatschappij 
[12:00:05] <Fiebel> want!
[12:00:05] <rawplayer> beetje maar
[12:00:08] <Fiebel> de maatschappij
[12:00:11] <Fiebel> dat ben jij
[12:00:13] <rawplayer> ben jij
[12:00:14] <rawplayer> mghihi
[12:02:14] <Fiebel> fijne middag
[12:03:29] <rawplayer> ik ga mijzelf FFatesoeneren
[12:03:37] <Fiebel> goed zo
[12:03:38] <Fiebel> goed zo kind
[12:03:40] <Fem_LittleLady> Zo zal de vloer even stomen
[12:04:55] <Fiebel> oooo ik moet ook poetsen
[12:04:58] <Fiebel> ik moet ook kuizen
[12:05:01] <Fiebel> de hele boel op de kop
[12:09:41] <Fem_LittleLady> Nou die vloer stomen is zo'n rotklus
[12:09:49] <Fiebel> lagaan
[12:09:50] <Fiebel> lagaan
[12:09:56] <Fiebel> mijn vloer is nog nooit gestoomd
[12:09:59] <Fem_LittleLady> Nee is het wel weer schoon
[12:09:59] <Fiebel> ligt er nog steds
[12:10:17] <Fem_LittleLady> Heeft twee dingen he, het is schoon en alles is dood
[12:10:24] <Fiebel> oooo prachtig
[12:10:25] <Fiebel> alles dood
[12:10:33] <Fiebel> heerlijk
[12:10:41] <Fem_LittleLady> Ja wat tussen de naden zit, zomer seizoen begint weer
[12:11:18] *** Quits: zovty (zovty@5ED033C3.cm-7-1a.dynamic.ziggo.nl) (Ping timeout: 60 seconds)
[12:11:25] <Fem_LittleLady> Behandel de katten en honden wel, maar ze zullen maar zo'n vrolijke toerist meenemen
[12:11:30] <Fiebel> getver
[12:11:32] <Fiebel> ggggggggggggetver
[12:11:40] <Fiebel> vieze beesten zijn het ook he
[12:11:44] <Fem_LittleLady> Ja
[12:11:55] <Fem_LittleLady> Heb je mijn nieuwe cavia al gezien?
[12:12:00] <Fiebel> nee
[12:12:25] <Fem_LittleLady> https://scontent.xx.fbcdn.net/hphotos-xfa1/v/t1.0-9/s851x315/1930571_1008801175880045_6068151929373733401_n.jpg?oh=41ccc61546340e44ba6356149fce199e&oe=5781861A
[12:12:32] <Fem_LittleLady> Komt zo rond 20 april
[12:12:41] <Fiebel> ocochochochoch
[12:13:08] <Fem_LittleLady> Schattig he
[12:13:19] <Fiebel> eeerm ja
[12:13:21] <Fiebel> het is geen kat
[12:13:23] <Fiebel> gigihigihhigihg
[12:13:24] <Fem_LittleLady> Nee
[12:13:32] <Fem_LittleLady> daar heb ik genoeg van
[12:13:39] <Fem_LittleLady> 5 is nog net redelijk
[12:13:40] <Fiebel> ik ook
[12:13:43] <Fiebel> maar kom er maar weer eens van af
[12:13:49] <Fem_LittleLady> bij 6 begint het crazy cat lady gehalte
[12:14:25] <Fem_LittleLady> https://www.facebook.com/BoredDaddyMagazine/videos/625188347630834/?fref=nf
[12:14:27] <digibot> Title: Reacties (at www.facebook.com)
[12:14:35] <Fem_LittleLady> dit is grappig en zo herkenbaar
[12:15:08] <Fiebel> gihghighihigigigiihgg
[12:16:02] <Fem_LittleLady> Ja hier moeten we rondjes rennen als ik belangrijk telefoontje moet plegen
[12:17:06] *** Joins: Wasprak (Mibbit@095-096-019-149.static.chello.nl)
[12:17:48] <Wasprak> 0/
[12:32:46] *** Quits: Wasprak (Mibbit@095-096-019-149.static.chello.nl) (Exit)
[12:36:30] <Spacecowboy> sloeries
[12:36:35] <Spacecowboy> whatup
[12:41:43] <Fem_LittleLady> wat weer aardig vandaag
[12:44:04] <Spacecowboy> zo
[12:44:06] <Spacecowboy> bakkie koffie
[12:44:15] <Spacecowboy> broodjes
[12:44:19] <Spacecowboy> even die kater te lijf
[12:47:44] <Fem_LittleLady> is gelukkig alweer een tijd geleden dat ik een kater had
[12:49:31] <Spacecowboy> vandaag dus :P
[12:49:36] <Spacecowboy> en vorig weekend
[12:49:40] <Spacecowboy> en het weekend daarvoor
[12:49:46] <Spacecowboy> en daarvoor
[12:49:48] <Fem_LittleLady> hahaha is ook een geregeld leven
[12:50:01] <Spacecowboy> ja ik wissel alleen de dag nog wel eens
[12:50:02] <Spacecowboy> meestal vrijdag
[12:50:09] <Spacecowboy> maar soms ook zondag :P
[12:51:22] *** Joins: fx (fx@e191120.upc-e.chello.nl)
[12:52:39] <Fem_LittleLady> Hahaha
[12:52:48] <Fem_LittleLady> Nou ik niet, voel me dan altijd zo waardeloos
[12:54:58] <Fiebel> ochoch klern aan
[12:55:01] <Fiebel> wat een overwinning
[13:03:33] <nomadz> mogge
[13:03:43] <nomadz> de paassstorm des doods sloopt nederland
[13:05:26] *** Joins: zovty (zovty@5ED033C3.cm-7-1a.dynamic.ziggo.nl)
[13:06:06] <Jeroen> het is een voorteken
[13:06:18] <Jeroen> omvallende bomen est omen
[13:08:31] <nomadz> ik zat zaterdag in een ehbo post in een klooster ofzoiets
[13:08:54] <nomadz> en de heel gang hing vol met muurafbeeldingen hoe meneer aan het kruis genageld werd
[13:08:57] <nomadz> best scary
[13:09:14] <nomadz> nouja ik vond de beelden scary, met enge gezichten
[13:09:23] <nomadz> volgens mij is dat hele geloof gewoon gebouwd om je angst aan te jagen
[13:10:45] <nomadz> heeft ook even geduurd voor ik doorhad dat mijn brancard op een vloergrafsteen stond
[13:18:11] <Fiebel> tiefus
[13:18:16] <Fiebel> ik waai haast uit mijn huis
[13:20:03] <Spacecowboy> hier valt t mee
[13:20:13] <Spacecowboy> welke verdieping zit je Fiebel?
[13:21:42] <Fiebel> 4e
[13:27:19] <Spacecowboy> ja dan waai je dr wel af 
[13:29:36] <rawplayer> hallo
[13:29:38] <rawplayer> ik ben er
[13:29:48] <Fiebel> hallo
[13:29:49] <Fiebel> ik ben er
[13:29:57] <rawplayer> vind ik leuk
[13:30:00] <rawplayer> duimpje hoog
[13:32:09] *** Joins: crow (chatzilla@D97B3212.cm-3-4a.dynamic.ziggo.nl)
[13:46:02] *** Joins: slapen (mijk@5ED37840.cm-7-4b.dynamic.ziggo.nl)
[13:48:10] <Michelp2> \'\
[13:48:38] <Michelp2> ;)
[13:48:52] <rawplayer> crow o/
[13:49:18] <crow> rawplayer: o/
[14:01:55] *** Quits: Fiebel (PrincessCo@d77048.upc-d.chello.nl) (Ping timeout: 67 seconds)
[14:02:49] *** Quits: crow (chatzilla@D97B3212.cm-3-4a.dynamic.ziggo.nl) (Connection reset by peer)
[14:03:10] *** Joins: crow (chatzilla@D97B3212.cm-3-4a.dynamic.ziggo.nl)
[14:10:43] *** Joins: Fiebel (PrincessCo@d77048.upc-d.chello.nl)
[14:12:47] <Fiebel> ik ben er
[14:13:14] *** Joins: heimsheim (martijnsou@ip251-126-211-87.adsl2.static.versatel.nl)
[14:13:21] <nomadz> ik ben er
[14:15:59] *** Quits: heimsheim (martijnsou@ip251-126-211-87.adsl2.static.versatel.nl) (Exit)
[14:16:54] <rawplayer> hallo
[14:16:58] <rawplayer> ik ben er ook nog
[14:17:04] <rawplayer> koffie opdrinken
[14:20:13] *** Joins: wasbak` (wasbak@095-096-019-149.static.chello.nl)
[14:27:47] *** Quits: crow (chatzilla@D97B3212.cm-3-4a.dynamic.ziggo.nl) (Ping timeout: 66 seconds)
[14:27:50] *** slapen is now known as mijk
[14:36:43] *** Quits: Andros (Andros@85.113.233.22) (Ping timeout: 68 seconds)
[14:38:33] *** Joins: Andros (Andros@sonic.concepts-ict.net)
[14:40:14] <Fiebel> ik ben er
[14:40:16] <Fiebel> ik moet ook koffie
[14:44:50] <nomadz> ik heb soep die naar pizza smaakt?!
[14:45:30] <Fiebel> o heerlijk
[14:45:35] <Fiebel> lekker bakkie pizzasoep
[14:45:36] <Fiebel> :9
[14:45:46] <nomadz> welke gek bedenkt zoiets
[14:46:04] <Fiebel> gek
[14:46:05] <Fiebel> genius
[14:46:06] <Fiebel> dunne lijn
[14:47:53] <mijk> dunne lijn?
[14:49:12] *** boekee is now known as boekee_away
[14:49:35] *** boekee_away is now known as boekee
[14:57:28] *** Quits: Andros (Andros@sonic.concepts-ict.net) (Ping timeout: 60 seconds)
[14:58:49] *** Joins: Andros (Andros@85.113.233.22)
[14:59:21] <zovty> Ik ben er.
[14:59:52] <Fiebel> goed zo kind
[15:00:13] <zovty> Weet je wat ik eet?
[15:00:23] <Fiebel> pulkjes?
[15:00:26] <zovty> Nee.
[15:00:32] <Fiebel> dan weet ik het niet
[15:00:46] <zovty> Korstjes.
[15:00:52] <Fiebel> och heerlijk
[15:00:55] <Fiebel> lekkere crusties
[15:01:40] <Fiebel> ik eet lekker nagels
[15:01:43] <Fiebel> en voetvelletjes
[15:04:08] <zovty> Lekker hoor.
[15:04:12] <zovty> Wt hebben we het toch goed.
[15:04:18] <Fiebel> wat hebben we het toch goed
[15:05:02] <zovty> Is ook.
[15:05:09] <zovty> Maar eigenlijk had ik lekker een zalm omelet.
[15:05:15] <zovty> Hahahhaahahhaahahahhahahahaahahhaa.
[15:05:15] <zovty> gefopt!
[15:05:15] <Fiebel> och heerlijk
[15:05:18] <Fiebel> met geraspte korstjes?
[15:05:23] <zovty> Hmhm.
[15:05:24] <Fiebel> :|
[15:05:25] <zovty> Jajoh.
[15:05:26] <zovty> :|
[15:05:29] <Fiebel> helmaal geen korstjes?
[15:05:35] <zovty> Niks geen korstjes.
[15:05:38] <Fiebel> :|
[15:05:40] <zovty> Nog niet eens krokant gebakken.
[15:05:44] <Fiebel> ik at ook niet echt nagels hoor
[15:05:45] <Fiebel> echt niet
[15:05:49] <zovty> Nee.
[15:05:50] <zovty> :|
[15:05:51] <Fiebel> en ook heus geen voetevelletjes
[15:05:52] <Fiebel> :|
[15:06:06] <zovty> Och jongens toch.
[15:06:10] <zovty> Die had ik even goed te pakken.
[15:06:15] <Fiebel> :|
[15:06:15] <zovty> Hahhaahahahahhahahahahhahahahaaha.
[15:06:17] <Fiebel> MAAR!!!!!!!!!!!!!!!!!!!!
[15:06:20] <zovty> O. 
[15:06:20] <zovty> Ja.
[15:06:24] <Fiebel> heb je ook goed gedronken?
[15:06:26] <zovty> Nee.
[15:06:30] <Fiebel> :|
[15:06:32] <wasbak`> hhhhhhhhhhhhhhhhhhoi zovty
[15:06:34] <Fiebel> ik ook niet
[15:06:35] <zovty> Nee, dat is duidelijk een van m'n zwakkere punten.
[15:06:36] <Fiebel> wasbakje
[15:06:38] <zovty> Wasbak.
[15:06:39] <Fiebel> wasbakje
[15:06:39] <zovty> Hoi.
[15:06:41] <Fiebel> wasbakje.
[15:06:49] <wasbak`> ooo////
[15:06:52] <zovty> Sneaky.
[15:07:15] <Fiebel> ik pak gelijk maar een groot glas
[15:07:19] <Fiebel> want ik heb ook nog niet goed gedronken
[15:07:22] <Fiebel> moet ik bekennen
[15:07:23] <zovty> Ja, dat ga ik ook maar doen.
[15:07:28] <zovty> Ik ga denk ik een flesje vullen.
[15:07:30] <zovty> Met water.
[15:07:33] <zovty> En duivelsap.
[15:08:01] <Fiebel> ik heb een jongen een foto van mijn poesje gestuurdd
[15:08:04] <Fiebel> en sindsdien negeert hij me
[15:08:05] <Fiebel> wat zegt dat?
[15:09:56] <Fiebel> ok
[15:09:58] <Fiebel> ok
[15:09:59] <Fiebel> ok
[15:09:59] *** Fiebel was kicked by Pandora (Stop repeating yourself!)
[15:09:59] *** Joins: Fiebel (PrincessCo@d77048.upc-d.chello.nl)
[15:10:00] <Fiebel> bedankt
[15:10:03] <Fiebel> voor jullie input
[15:10:32] <zovty> Misschien moet je scheren?
[15:10:40] <Fiebel> kan nooit kwaad
[15:10:42] <Fiebel> beharen is zo vies
[15:10:44] <Fiebel> zo vies!
[15:10:54] <zovty> Och heerlijk.
[15:11:00] <zovty> Lekker een harig bontje.
[15:11:03] <Fiebel> maar bij een poesje hoor the twel een beetje vind ik
[15:11:07] <zovty> Ja toch.
[15:11:11] <Fiebel> anders is het net een gekko
[15:11:11] <Fiebel> ofzo
[15:11:12] <zovty> Lekker warm en knuffelig.
[15:11:35] <Fiebel> ik ga overstappen op andere grit
[15:11:42] <Fiebel> hopelijk ligt het dan minder door heel mijn huis
[15:11:49] <Fiebel> het was een zware beslissing
[15:11:51] <Fiebel> maar ik doe het maar gewoon
[15:11:55] <zovty> Oh, ik heb sinds kort vochtig toiletpapier genomen met aloe vera.
[15:12:02] <Fiebel> deppen he
[15:12:04] <Fiebel> niet hard wrijven
[15:12:13] <zovty> Ja, i know right.
[15:12:20] <zovty> Maar dat wrijven is juist zo lekker.
[15:12:39] <Fiebel> je moet er niet mee je prostaat wrijven he
[15:12:45] <Fiebel> het is voor uitwendig gebruik
[15:12:55] <zovty> Nee, maar als je er dan toch in de buurt bent...
[15:13:07] <Fiebel> if you wrijf it more than twice...
[15:13:10] <zovty> Dan wip je snel even binnen, zo gezegd.
[15:13:26] <Fiebel> *plop*
[15:13:57] <zovty> Ja toch.
[15:14:46] <Fiebel> ik zou wel een witte puntje met een kroketje willen
[15:14:51] <Fiebel> endan grote lellen halvanaise drop
[15:15:36] <Fiebel> och jonges
[15:15:45] <Fiebel> al mijn plaotjes hangen scheef als een hoer
[15:16:21] <wasbak`> haha
[15:16:24] <wasbak`> witte puntje met een kroket?
[15:16:28] <wasbak`> pony snack
[15:16:32] <Fiebel> hhhhhhhhhhhhhhhhhhhhhhhhhhhhhhhhheerlak!
[15:18:25] *** Quits: Fe2O3 (Fe2O3@h70248.upc-h.chello.nl) (Exit)
[15:19:09] <Fiebel> och erm
[15:19:14] <Fiebel> poesje ligt lekker mijn onderlaken te vervuilen
[15:22:10] <zovty> Nou en?
[15:23:02] <Fiebel> keifies
[15:41:14] <Fiebel> ik moet echt een rumba
[15:42:35] <Fiebel> dan ga ik pep trainen er op te rijden alsof het een rodeopaard is
[15:42:40] <Fiebel> en worden we een internethype
[15:58:42] <welly> dan zien ze je bij dwdd
[15:58:59] <welly> ga je viral
[15:59:03] <Fiebel> 8O8
[15:59:05] <welly> beroemd
[15:59:10] <Fiebel> *O*
[16:00:00] <welly> je krijgt met mensen als obama en paus fransiscus te maken
[16:00:32] <Fiebel> heel goed mogelijk
[16:02:24] <welly> dan krijg je 20 000 000 twitterfollowers
[16:02:36] <welly> je wordt een spokeswoman 
[16:03:06] *** Quits: fx (fx@e191120.upc-e.chello.nl) (Ping timeout: 60 seconds)
[16:06:30] <Spacecowboy> spookwoman
[16:09:02] <Fiebel> *O*
[16:09:03] <Fiebel> ghighighig
[16:17:01] *** Quits: SCHAPiE (dorian@dhcp-077-249-247-124.chello.nl) (Exit)
[16:17:57] *** Joins: SCHAPiE (dorian@dhcp-077-249-247-124.chello.nl)
[16:30:29] <welly>  in UK storm met windstoten v 170 km
[16:30:42] <Fiebel> whazaaaaaaa
[16:30:45] <welly> lkkr vliegeren
[16:30:52] *** Quits: Fem_LittleLady (Mibbit@a82-161-112-138.adsl.xs4all.nl) (Exit)
[16:33:18] *** Joins: Fokker_4887 (Mibbit@e130124.upc-e.chello.nl)
[16:34:13] *** Quits: Fokker_4887 (Mibbit@e130124.upc-e.chello.nl) (Exit)
[16:34:26] *** Joins: Fokker_4887 (Mibbit@e130124.upc-e.chello.nl)
[16:35:02] *** Quits: Fokker_4887 (Mibbit@e130124.upc-e.chello.nl) (Exit)
[16:38:05] *** Quits: Andros (Andros@85.113.233.22) (Ping timeout: 61 seconds)
[16:42:37] *** Joins: Guyver2 (Guyver2@guyver2.xs4all.nl)
[16:51:36] *** Joins: Bertone (Bertone@classics.xs4all.nl)
[16:51:52] <Bertone> goede middag
[16:54:38] *** Joins: fx (fx@e191120.upc-e.chello.nl)
[16:57:50] <Spacecowboy> middag
[17:01:22] * Spacecowboy is listening to Extrawelt - Soopertrack from the album Soopertrack on Spotify.
[17:01:24] <Spacecowboy> ah
[17:01:25] <Spacecowboy> extrawelt
[17:01:27] <Spacecowboy> ik denk al
[17:01:33] <Spacecowboy> dat klinkt relaxt zo op de zondagmiddag
[17:03:56] *** Quits: Teckna (jonathan@3E91CA75.cm-13.dynamic.ziggo.nl) (Ping timeout: 67 seconds)
[17:09:31] *** Quits: Michelp2 (Mibbit@5ED4110B.cm-7-5a.dynamic.ziggo.nl) (Exit)
[17:10:26] *** Joins: Lott (Lott@242-207-158-163.dynamic.caiway.nl)
[17:11:11] <Lott> hoooi
[17:12:37] *** Joins: crow (chatzilla@D97B3212.cm-3-4a.dynamic.ziggo.nl)
[17:12:52] <Lott> crowi<3
[17:13:56] <crow> ola Lott 
[17:14:08] <Spacecowboy> kraai
[17:14:09] <Spacecowboy> lot
[17:14:43] <Lott> spacykoiboi
[17:16:23] <Fiebel> ik ben er
[17:16:25] <Fiebel> hall fokvrienden
[17:18:58] <Spacecowboy> hallo op deze lamlendige maandagmiddag
[17:20:11] <Fiebel> ja
[17:20:14] <Fiebel> de storm is weg
[17:20:22] <Fiebel> o 
[17:20:24] <Fiebel> nu issie weer terug
[17:20:25] <Fiebel> schiet op
[17:21:36] <Lott> vannacht had mijn buuf storm...
[17:21:56] <Lott> gvd die ging me te keer om 3 uu snachts je hoorde t vlees tegen elkaar klappen
[17:22:27] <Spacecowboy> nice
[17:22:30] <Fiebel> :D
[17:22:34] <Fiebel> waar gaat dit over?
[17:22:40] <Fiebel> rawplayer, weet jij het?
[17:22:41] <Spacecowboy> ik had dat vanmorgen
[17:22:47] <Spacecowboy> toen ze thuis kwam uit dr nachtdienst
[17:22:51] <Spacecowboy> gelijk besprongen
[17:22:51] *** Quits: fx (fx@e191120.upc-e.chello.nl) (Exit)
[17:23:04] <Spacecowboy> KLONK*BONK*KLONK*BONK*KLONK*BONK*
[17:23:08] <Spacecowboy> met t bed tegen de muur
[17:23:09] <Spacecowboy> :P
[17:23:26] <Fiebel> ik snap dit gesprek niet
[17:23:59] <Lott> je hoorde echt fap fap fap
[17:23:59] <Spacecowboy> Fiebel het gaat over euken
[17:24:04] <Fiebel> euken?
[17:24:05] <Lott> van haar en dr lover
[17:24:10] <Spacecowboy> keuken
[17:24:11] <Spacecowboy> ohnee
[17:24:14] <Lott> en kreunen jonguh jonguh
[17:24:16] <Spacecowboy> lol Lott 
[17:24:21] <Spacecowboy> zo gehorig daar?
[17:24:29] <Fiebel> misschien toch een beter geisoleerd huis regelen :D
[17:24:34] <Lott> ik heb eerst mijn slaapkamer verwisseld met mijn woonkamer
[17:24:40] <crow> gewoon terug kreunen :P
[17:24:43] <Lott> dat hoef ik niet nog n keer te horen
[17:24:49] <Lott> gehorig valt best mee
[17:25:16] <Lott> buurman zei volgende keer aankloppen of je mee mag doen:')
[17:26:05] *** Joins: bloggergezocht (Mibbit@5ED7CD73.cm-7-8d.dynamic.ziggo.nl)
[17:26:19] <bloggergezocht> Hallo
[17:26:46] <bloggergezocht> wie heeft er interesse om blogger te worden op een beginnende Virtual Reality blog= 
[17:28:19] <Spacecowboy> Dubbeldrank 
[17:28:20] *** Quits: bloggergezocht (Mibbit@5ED7CD73.cm-7-8d.dynamic.ziggo.nl) (Exit)
[17:28:23] <Lott> kamasutrablog?
[17:28:24] <Spacecowboy> ohw
[17:28:27] <Spacecowboy> doei
[17:28:35] <Spacecowboy> wat een geduld ook
[17:28:43] <crow> nou
[17:28:55] <Fiebel> we zaten bljkbaar in het oog van de orkaan
[17:29:18] <Dubbeldrank> ik vind VR porn wel wat voor jou Spacecowboy
[17:29:33] <Spacecowboy> ik zal je eens vr in je reet neuken
[17:29:36] <Spacecowboy> ouwe geilneef
[17:29:43] <Dubbeldrank> gelukkig is het maar VR dan
[17:29:45] <Dubbeldrank> :P
[17:29:47] <Dubbeldrank> sup?
[17:29:52] <Spacecowboy> ja beetje hangen
[17:29:58] <Dubbeldrank> man man man
[17:30:00] <Spacecowboy> paaskater aan het verteren
[17:30:03] <Dubbeldrank> halve dag aan het ploeteren hier
[17:30:12] <Spacecowboy> en ik ruik dat er zo eten aankomt
[17:30:14] <Fiebel> moest je naar ikea
[17:30:24] <Spacecowboy> en dat is goed
[17:30:30] <Spacecowboy> want ik begin honger te krijgen
[17:30:34] <Dubbeldrank> niet eens Fiebel
[17:30:43] <Dubbeldrank> even hardcore opruimen, kastjes uitruimen
[17:30:46] <Dubbeldrank> schoonmaken
[17:30:46] <Spacecowboy> Textual has sent 3.553 commands since startup with a total of 217.331 commands received. The last command received on this connection occurred 0 seconds ago. This all equals roughly 23,9 MB in and 67 KB out worth of bandwidth.
[17:30:48] <Dubbeldrank> alles!
[17:30:50] <Spacecowboy> ho
[17:30:51] <Dubbeldrank> ramen lappen
[17:30:51] <Spacecowboy> pardon
[17:30:56] <Fiebel> o god ik was net soort van trots op mezelf
[17:30:57] <Fiebel> gighiihihgig
[17:30:58] <Spacecowboy> ik was net ff buiten
[17:31:00] <Fiebel> dat ik had schoongemaakt
[17:31:00] <Dubbeldrank> lol Spacecowboy
[17:31:05] <Fiebel> kom jij met de fucking kastjes en de ramen :D
[17:31:09] <Fiebel> gggggggggggggggggggodverredomme
[17:31:10] <Fiebel> gihgighghi
[17:31:12] <Dubbeldrank> ALLES Fiebel :D
[17:31:14] <Spacecowboy> waaide bekant uit mn broek
[17:31:16] <Fiebel> jeuzes
[17:31:23] <Spacecowboy> net wel ff mn fietskleren opgeruimd
[17:31:25] <Dubbeldrank> ja, het waait 'een beetje'
[17:31:29] <Spacecowboy> en mn rondzwervende schoenen
[17:31:42] <crow> nah ergste gehad met wind http://earth.nullschool.net/#current/wind/isobaric/1000hPa/orthographic=0.21,56.54,1389/loc=5.035,53.799
[17:31:43] <digibot> Title: earth :: a global map of wind, weather, and ocean conditions (at earth.nullschool.net)
[17:32:09] <Spacecowboy> vet die link
[17:32:18] <Spacecowboy> lijkt een beetje op die meteoconsult app
[17:32:26] <crow> juh 3d wereldwind 
[17:32:52] <Dubbeldrank> op de noordzee is het feest zo te zien
[17:33:00] <Spacecowboy> idd
[17:33:28] <crow> mwah valt mee
[17:43:15] *** crow is now known as voer
[17:47:02] *** Quits: Fiebel (PrincessCo@d77048.upc-d.chello.nl) (Ping timeout: 66 seconds)
[17:49:08] <rawplayer> sup
[17:50:05] <Spacecowboy> rauwe
[17:50:19] <rawplayer> space o/
[17:50:25] <rawplayer> ouwe gek
[17:50:30] <Spacecowboy> joah joah
[17:50:50] <rawplayer> nog gefietst?
[17:51:21] <Spacecowboy> nee nee
[17:51:25] <Spacecowboy> beetje teveel wind
[17:51:30] <Spacecowboy> en teveel zitten zuipen gister
[17:55:54] *** Joins: Fiebel (PrincessCo@d77048.upc-d.chello.nl)
[17:59:34] <nomadz> ik ben er
[18:07:21] <Fiebel> ik ben er
[18:08:04] <nomadz> gezellig
[18:08:07] <nomadz> daar zijn we dan
[18:09:25] <Fiebel> ja
[18:11:04] *** Joins: Teckna (jonathan@3E91CA75.cm-13.dynamic.ziggo.nl)
[18:15:39] *** Joins: Andros (Andros@145.15.244.29)
[18:21:04] *** Quits: Andros (Andros@145.15.244.29) (Ping timeout: 66 seconds)
[18:26:26] *** Quits: Lott (Lott@242-207-158-163.dynamic.caiway.nl) (Ping timeout: 66 seconds)
[18:32:17] *** Quits: zovty (zovty@5ED033C3.cm-7-1a.dynamic.ziggo.nl) (Exit)
[18:49:06] <Fiebel> och jonges
[19:13:21] * Fiebel swisht en swoosht
[19:15:56] *** Quits: Bertone (Bertone@classics.xs4all.nl) (Exit)
[19:16:48] <Fiebel> http://www.ad.nl/ad/nl/5596/Planet/article/detail/4271289/2016/03/28/Britse-poes-overleeft-8-dagen-in-postpakket.dhtml
[19:16:49] <digibot> Title: Britse poes overleeft 8 dagen in postpakket - AD.nl (at www.ad.nl)
[19:26:17] *** Joins: Andros (Andros@181.141-244-81.adsl-dyn.isp.belgacom.be)
[19:27:25] *** Quits: Andros (Andros@181.141-244-81.adsl-dyn.isp.belgacom.be) (Ping timeout: 67 seconds)
[19:27:35] *** Quits: AjDuLion (sid50412@id-50412.charlton.irccloud.com) (Ping timeout: 61 seconds)
[19:27:56] *** Joins: Andros (Andros@181.141-244-81.adsl-dyn.isp.belgacom.be)
[19:28:24] *** Joins: AjDuLion (sid50412@id-50412.charlton.irccloud.com)
[19:29:56] *** Joins: Fem_LittleLady (Mibbit@a82-161-112-138.adsl.xs4all.nl)
[19:30:06] <Fem_LittleLady> een hele goedemiddag
[19:30:08] <Fem_LittleLady> avond
[19:30:12] <Fem_LittleLady> pokke uur
[19:39:18] <Punnik> hoihoi allemaal !
[19:39:30] <Fem_LittleLady> Hoi Punnik
[19:39:41] <Fem_LittleLady> Leuke dag gehad?
[19:40:07] <Punnik> hoi Fem_LittleLady ! jazeker ! veel vrienden en familie gezien dit paasweekend :P en jij ?
[19:40:16] <Fem_LittleLady> Gewoon kalm aan
[19:40:32] <Fem_LittleLady> Vandaag visite gehad, zag er even tegenop maar als ze er eenmaal zijn is wel weer gezellig
[19:40:39] <Fem_LittleLady> gister lekker vriendje hier gehad
[19:40:41] <Punnik> waarom zag je er tegen op dan ?
[19:40:42] <Fem_LittleLady> dat is altijd feest
[19:40:53] <Fem_LittleLady> Gewoon gister vriendje en dat is vermoeiend hahaha
[19:41:10] <Punnik> ah :P tsja.... zijn ergere dingen ;))
[19:41:21] <Fem_LittleLady> Jazekers als vriendje weer weg is
[19:41:24] <Fem_LittleLady> hahaha
[19:43:22] <Punnik> hoelang moet je zonder hem ? :D
[19:43:45] <Fem_LittleLady> Hahaha oh ik weet niet wanneer ik hem weer zie
[19:43:52] <Punnik> spannend ;P
[19:43:59] <Fem_LittleLady> Is net hoe druk we het hebben
[19:44:04] <Fem_LittleLady> Hij is nu aan het werk
[19:50:21] *** voer is now known as crow
[19:51:01] *** Joins: Lott (Lott@242-207-158-163.dynamic.caiway.nl)
[19:51:12] <Punnik> LottLott !!
[19:52:20] <Lott> tjikiii
[19:52:22] <Lott> hoest?
[19:52:36] <Punnik> fantastisch ! en met jou ? :D
[19:52:40] <Lott> ook!
[19:52:49] <Punnik> yeaah !! -dansje erbij doet-
[19:53:00] <Punnik> hoe bevalt je crib ? 
[19:53:54] <Lott> opzich goed
[19:54:09] <Lott> mits mijn buuf niet aan t neuken is
[19:54:20] <Lott> want die blert de boel bij elkaar
[19:54:20] <Punnik> oh, gewoon terugneuken.... 
[19:54:27] <Punnik> fijn :S 
[19:54:34] <Lott> heb vandaag mijn slaap en woonkamer verwisseld
[19:54:43] <Lott> want dat was toch echt te veel info
[19:55:24] <Punnik> oh :S
[19:59:34] <Fem_LittleLady> Och gezellig zo'n buf
[19:59:37] <Fem_LittleLady> buuf
[20:00:27] <Fiebel> had jij je vriend vannacht niet over de vloer, fem?
[20:02:19] *** Joins: Fokker_8834 (Mibbit@dhcp-077-248-170-106.chello.nl)
[20:02:20] *** Quits: Fokker_8834 (Mibbit@dhcp-077-248-170-106.chello.nl) (Exit)
[20:03:06] <Fem_LittleLady> Jaaa
[20:03:13] <Fem_LittleLady> Maar die moest om 11 uur weg
[20:03:26] <Fem_LittleLady> :/
[20:03:34] <Fem_LittleLady> Vandaag ook weer werken
[20:06:12] <Redhead> nvondjes
[20:08:01] *** Joins: Fe2O3 (Fe2O3@h70248.upc-h.chello.nl)
[20:08:01] *** ChanServ sets mode: +o Fe2O3
[20:08:18] <rawplayer> hallo
[20:08:19] <rawplayer> ik ben er
[20:08:23] <Fem_LittleLady> Hoi hoi
[20:14:14] <Fem_LittleLady> Jeeeuuujjjjjjjj morgen het kindje weer naar school!!!! whoehoe
[20:14:54] <Lott> het kindje?
[20:16:26] *** Joins: Beer`__ (Beer@5ED0808C.cm-7-1c.dynamic.ziggo.nl)
[20:16:39] <Lott> zo nog ff serie kijken en dan slaapjes doen bijna weekend:D
[20:16:59] <rawplayer> D:
[20:17:46] *** Quits: Lott (Lott@242-207-158-163.dynamic.caiway.nl) (Exit)
[20:19:31] <Fem_LittleLady> Ja mijn dochter 
[20:32:50] *** Quits: Fem_LittleLady (Mibbit@a82-161-112-138.adsl.xs4all.nl) (Exit)
[20:43:40] <Fiebel> ochochoch
[20:44:52] <Redhead> jaja fiebsie och t maar!
[20:45:00] <Fiebel> ooooooooooooooooochooooooooooooooooooooooooooooooooch
[20:45:14] <rawplayer> och och
[21:08:06] * Fiebel rust
[21:17:50] <Beer`__> sjonge jonge...
[21:33:10] <Jeroen> millions of peaches
[21:33:12] <Jeroen> peaches for me
[21:33:15] <Jeroen> millions of peaches
[21:33:17] <Jeroen> peaches for free
[21:33:44] <Fiebel> waar komen die vandaan dan?
[21:34:07] <Jeroen> uit een blik
[21:34:14] <Jeroen> peaches come from a can
[21:34:18] <Jeroen> they were put there by a man
[21:34:21] <Jeroen> in factory downtooowwwn
[21:34:25] <Jeroen> +a
[21:34:26] <Fiebel> ok ok ok
[21:35:36] <SJ> avond
[21:35:41] *** Joins: zovty (zovty@5ED033C3.cm-7-1a.dynamic.ziggo.nl)
[21:35:59] <Fiebel> hallo SJ
[21:36:03] <Fiebel> hallo zovty
[21:40:11] <Fiebel> god wt is mijn bed schoom
[21:40:16] <Fiebel> even opnieuw
[21:40:16] <Fiebel> god
[21:40:21] <Fiebel> wat is mijn bed schoon
[21:40:34] <crow> ook onder UV licht ?
[21:40:41] <Fiebel> ik DENK het wel
[21:40:50] <Fiebel> maar zou er geen vinger onder verwedden
[21:42:25] *** Joins: Rollie (Rollie@53550C92.cm-6-6a.dynamic.ziggo.nl)
[21:43:52] <Fiebel> https://www.instagram.com/p/BDeKuVHtGdc/?taken-by=sarcasm_only
[21:43:53] <digibot> Title: Instagram (at www.instagram.com)
[22:02:11] <Fiebel> rawplayer
[22:02:13] <Fiebel> rawplayer
[22:02:15] <Fiebel> rawplayer.
[22:03:05] *** Quits: Teckna (jonathan@3E91CA75.cm-13.dynamic.ziggo.nl) (Ping timeout: 66 seconds)
[22:04:21] *** Joins: Teckna (jonathan@52487D74.cm-4-1b.dynamic.ziggo.nl)
[22:10:19] <rawplayer> hallo
[22:10:22] <rawplayer> ik ben er
[22:10:29] <nomadz> hallo
[22:10:31] <nomadz> ik ben er ook
[22:10:35] <Fiebel> hallo
[22:10:36] <Fiebel> ik ben er
[22:11:18] <nomadz> begrepen, over en uit
[22:11:34] <Fiebel> akkoord
[22:12:08] <rawplayer> Fiebel: wil je niet zo spammen
[22:12:10] <rawplayer> dank je
[22:12:17] <Fiebel> :|
[22:12:29] * BarthezZ griekt rawplayer :9
[22:12:49] <nomadz> er staan foam rollers op dailyoffers.nl
[22:13:08] <rawplayer> nice nice
[22:13:24] <Fiebel> nice
[22:22:45] <Fiebel> WRAAhWRAah
[22:25:49] <Ou-Tannu> o
[22:25:59] <Fiebel> oetanoe
[22:26:13] <Ou-Tannu> LL!
[22:31:45] *** Quits: Fe2O3 (Fe2O3@h70248.upc-h.chello.nl) (Exit)
[22:43:30] *** Quits: Andros (Andros@181.141-244-81.adsl-dyn.isp.belgacom.be) (Ping timeout: 67 seconds)
[22:43:37] *** Quits: crow (chatzilla@D97B3212.cm-3-4a.dynamic.ziggo.nl) (Exit)
[22:44:03] *** Joins: Andros (Andros@181.141-244-81.adsl-dyn.isp.belgacom.be)
[22:44:42] *** Joins: Michelp2 (Mibbit@5ED4110B.cm-7-5a.dynamic.ziggo.nl)
[22:51:23] *** Quits: Rollie (Rollie@53550C92.cm-6-6a.dynamic.ziggo.nl) (Connection reset by peer)
[22:54:20] *** Joins: Fem_LittleLady (Mibbit@a82-161-112-138.adsl.xs4all.nl)
[22:54:24] <Fem_LittleLady> Hoihoi
[22:54:43] <Fiebel> ha fem
[22:55:14] <Fem_LittleLady> Hoi Fiebel
[22:56:02] <Fem_LittleLady> Ik heb net 2 uur en 15 minuten van mijn leven weggegooid
[22:56:17] <Fiebel> goed zo
[22:56:18] <Fem_LittleLady> heb gekeken naar de star wars film en ik vond het heel plat gezegd een kut film
[22:56:23] <Fiebel> :D
[22:56:26] <Fiebel> aahwell
[22:56:30] *** Joins: chasingrainbows (Mibbit@541D0FE9.cm-5-6a.dynamic.ziggo.nl)
[22:56:34] <Fiebel> ha rainbows
[22:56:37] <nomadz> die laatste?
[22:56:39] <nomadz> ha rainbows
[22:56:40] <Fem_LittleLady> Ja wat een bocht was dat
[22:56:42] <Fem_LittleLady> Ja
[22:56:46] <Fiebel> je had hem ook na 45 minuten uit kunnen zetten
[22:56:46] <Fiebel> :D
[22:56:47] <Fem_LittleLady> Hoi rainbows
[22:56:52] <chasingrainbows> Hallo allemaal :D
[22:56:57] <chasingrainbows> Hoe is het hier?
[22:56:58] <Fem_LittleLady> Ik bleef hoop houden dat hij leuk werdt
[22:57:03] <Fiebel> ja
[22:57:05] <Fiebel> dat gebeurt vaak
[22:57:11] <Fiebel> als de eerste anderhalf uur kut is
[22:57:18] <Fiebel> dat er dan nog drie kwartier pret komt
[22:57:37] <rawplayer> ha rainbows
[22:57:39] <rawplayer> ha fem
[22:57:41] <rawplayer> ha fiebel
[22:57:54] <chasingrainbows> hoi rawplayer 
[22:58:03] <chasingrainbows> welke film keek je dan Fem?
[22:58:20] <Fem_LittleLady> Star wars 7
[22:58:45] <chasingrainbows> owh haha ik zal wijselijk mijn mond maar houden over Star wars
[22:58:49] <Fem_LittleLady> Nou hij was niet leuk, hij werdt niet leuk en nu vind ik hem nog steeds niet leuk
[22:58:56] <Punnik> daar heb ik doorheen geskipt, lijkt me ook niks
[22:59:08] <Fem_LittleLady> Wat een langdradig drama
[22:59:19] <SJ> ies koeltoer!
[22:59:20] <Fiebel> in joylent zitten 2100 calorietjes per maaltijd
[22:59:23] <Fem_LittleLady> Heb gister Vacancy gekeken die was wel leuk
[22:59:24] <Fiebel> dat lijkt me nogal royaal
[22:59:34] <Fem_LittleLady> En The cabin in the woods was ook wel leuk
[22:59:40] <Jeroen> laatst was species op tv
[22:59:42] <Jeroen> hilarische film
[22:59:52] <nomadz> is dat met die blonde trut?
[22:59:56] <Jeroen> ja
[23:00:00] <Jeroen> dat mokkel
[23:00:10] <Jeroen> die overigens nog een vrij succesvolle acteercarriere heeft
[23:00:12] <Jeroen> valt me niet tegen
[23:00:13] <nomadz> ja die zijn wel leuk
[23:00:31] <Jeroen> http://www.imdb.com/name/nm0000449/
[23:00:33] <digibot> Title: Natasha Henstridge - IMDb (at www.imdb.com)
[23:00:39] <Jeroen> doet ze niet zo slecht, gezien ze net zo goed kan acteren als ik
[23:00:47] <chasingrainbows> Haha die jeroen
[23:01:17] <nomadz> Command & Conquer 3: Kane's Wrath (Video Game) 
[23:01:18] <Fem_LittleLady> Heb In The Woods gekeken, begonnen ze allemaal te zingen, heb daar zo'n gruwelijke hekel aan dus na 5 minuten af gezet
[23:01:25] <nomadz> lol
[23:01:42] <Fem_LittleLady> Ik loop ook niet de hele dag te zingen
[23:01:55] <Fem_LittleLady> Erger me er al aan bij die kinderfilms van disney
[23:02:01] <Jeroen> ik zing wel de hele dag
[23:02:23] <nomadz> ik probeerde laatst thunderstruck te zingen en de intro na te doen maar dat ging niet helemaal goed met mijn stem/keel
[23:02:24] <Jeroen> ik ben namelijk heel vrolijk
[23:02:25] <Jeroen> altijd
[23:02:27] <nomadz> (van ac/dc)
[23:02:33] <Jeroen> I WAS CAUGHT
[23:02:56] <Jeroen> hij is uit de band getrapt he, nomadz 
[23:02:56] <Jeroen> johnson
[23:03:10] <nomadz> oh huh
[23:03:15] <Jeroen> ja
[23:03:17] <Jeroen> gehoorschade
[23:03:22] <nomadz> oh
[23:03:25] <nomadz> niet zo heel gek bij die business
[23:03:26] <Fem_LittleLady> Tja zal morgen maar weer eens kijken wat leuk is om te zien
[23:03:33] <Jeroen> nee zeker niet bij AC/DC
[23:03:43] <Jeroen> had ze graag nog een keer live gezien
[23:03:46] <Jeroen> maarja
[23:03:57] <Jeroen> z'n stem was al jaren niet meer jofel eigenlijk
[23:03:57] <nomadz> hier speelt binnenkort "AC in DC" (coverband) :')
[23:04:02] <Jeroen> ghehe
[23:04:07] *** boekee is now known as boekee_away
[23:04:23] <nomadz> ja ook niet zo raar dat die stem naar de klote gaat
[23:04:39] <nomadz> vraag me ook af hoe die gast van linkin park dat doet
[23:04:39] <Jeroen> ja dat geschraap
[23:04:41] <Jeroen> kelere
[23:04:48] <Jeroen> https://www.youtube.com/watch?v=eHk5ZsOyQ9A
[23:04:50] <digibot> Title: Ducktales intro nederlands (2012) (HD) (Dutch) - YouTube (at www.youtube.com)
[23:04:50] <chasingrainbows> dat zijn wel de echte
[23:05:19] <chasingrainbows> jeweet wel die favo band van mij, bring me the horizon, die zanger heeft ook echt problemen met zijn stembanden maar ja klinkt nog steeds echt super goed
[23:05:23] <Fem_LittleLady> https://www.youtube.com/watch?v=oO1bGlyHDNU
[23:05:25] <digibot> Title: The BadPiper - ThunderStruck - YouTube (at www.youtube.com)
[23:05:29] <Fem_LittleLady> Deze vind ik erg leuk
[23:05:50] <nomadz> bij guns n roses zouden ze die axl rose er eens uit moeten trappen en myles kennedy moeten aannemen, wordt t nog eens wat met GnR
[23:06:08] <chasingrainbows> uh dat is toch kei zonde van zo'n al lang bestaande band.
[23:06:16] <Jeroen> er is dus nu een gerucht dat rose iets met ac/dc gaat doen
[23:06:19] <Jeroen> lijkt me erg sterk
[23:06:20] <Jeroen> maargoed
[23:06:26] <Fem_LittleLady> Axl Rose mag zijn naam wel veranderen in Obesitas
[23:06:28] <nomadz> gnr? die zijn al 10+ jaar uit elkaar
[23:06:30] <Jeroen> myles kennedy is wel tof ja
[23:06:42] <Jeroen> helaas gemist
[23:06:52] <Jeroen> above and beyond (denk ik) was tof toffer
[23:06:53] <Jeroen> :+
[23:06:59] <nomadz> ipv Guns n Roses kun je het beter "Axl Rose en de Ingehuurde Artiesten" noemen
[23:07:25] <Fem_LittleLady> Sweet Pie O mine
[23:08:01] <Fem_LittleLady> Don't you eat you're pie tonight honey
[23:08:19] <Jeroen> beste gnr nummer blijft toch altijd nog nightrain
[23:08:24] <Jeroen> op de voet gevolgd door out ta get me
[23:08:30] <Jeroen> en beide doet kennedy bijzonder aardig
[23:08:53] <nomadz> heb je slash/kennedy gezien met paradise city?  doen ze beter dan gnr :')
[23:09:05] <Jeroen> niet live, maar eh ja :+
[23:09:18] <Jeroen> gnr was live altijd slecht natuurlijk
[23:09:53] <Jeroen> https://www.youtube.com/watch?v=P7WJMKUutsU
[23:09:54] <digibot> Title: Slash ft.Myles Kennedy & The Conspirators - Out Ta Get Me | Live in Sydney | Moshcam - YouTube (at www.youtube.com)
[23:09:58] <nomadz> oeh
[23:10:02] <Jeroen> muziek die slecht  voor je rijbewijs is
[23:10:16] <nomadz> ja man, dit is gewoon het echte gnr geluid
[23:10:19] <nomadz> heh
[23:10:53] <Fem_LittleLady> Jeeeuuujjjjjjj Jambers
[23:10:58] <Punnik> https://www.youtube.com/watch?v=mPQFLGxM6xs
[23:10:59] <digibot> Title: The Zimmers - Firestarter - YouTube (at www.youtube.com)
[23:11:16] <Michelp2> ;
[23:11:59] <Jeroen> ik moet de hele tijd aan michel delpech denken als ik jouw nick zie, Michelp2 
[23:12:05] <Jeroen> rip ;(
[23:12:18] <Michelp2> haha oh ja sorry ;p
[23:12:34] <nomadz> https://www.youtube.com/watch?v=trn8bSuSODM
[23:12:36] <digibot> Title: Slash Paradise City Mandarine Park Argentina 2015 Duff+Gilby - YouTube (at www.youtube.com)
[23:12:45] <nomadz> (met kennedy)
[23:13:14] <Jeroen> haha dat spaans
[23:13:38] <Jeroen> idd erg goed
[23:13:57] <Fem_LittleLady> Ik ga mijn bedje opzoeken, allemaal een hele fijne nacht xxx
[23:14:04] <Michelp2> fijne nacht!! xx
[23:14:06] <nomadz> ik heb gnr in 2010 en 2012 gezien en beiden haalden het niet aan bovenstaande youtube filmpje
[23:14:10] <nomadz> slaap lekker
[23:14:58] <Jeroen> https://www.youtube.com/watch?v=F6DusvaRmyY dit is ook een goede performance
[23:14:59] <digibot> Title: Stairway To Heaven - Led Zeppelin (cover) Jess Greenberg - YouTube (at www.youtube.com)
[23:15:15] *** Quits: Fem_LittleLady (Mibbit@a82-161-112-138.adsl.xs4all.nl) (Exit)
[23:16:25] *** Quits: Andros (Andros@181.141-244-81.adsl-dyn.isp.belgacom.be) (Ping timeout: 60 seconds)
[23:16:42] <nomadz> ik had vanmiddag nog eens een concert van dire straits op de tv aangezet
[23:16:51] <nomadz> ook wel heerlijk als je totaal brak bent
[23:16:55] <Jeroen> ghehe
[23:16:59] <Jeroen> beetje sultans of swing
[23:17:04] <Jeroen> ja dat is wel lekkere muzak
[23:21:47] <nomadz> ik kijk nu supernatural, zo'n serie
[23:21:52] <nomadz> maar die hebben toch lekkere muziek
[23:21:58] <nomadz> zoals ac/dc
[23:22:59] <Jeroen> ik probeer atm zo min mogelijk series te kijken :+
[23:23:29] <nomadz> ik kom er tegenwoordig helemaal niet meer aan toe, fucking druk
[23:23:45] <mijk> Super natural pwnt ja
[23:23:45] <nomadz> ben nu online boodschappen aan het doen
[23:24:05] <rawplayer> chill
[23:24:06] <mijk> ik ben ook ff op tor wat boodschappen aant doen
[23:24:38] <Jeroen> dus dankzij jou staan we nu op een lijst?
[23:24:40] <Jeroen> fijn is dat
[23:24:51] * Punnik is ook aan het shoppen :P partij kabels en audio-video splitter/schakelaars
[23:25:14] <nomadz> ik doe boodschappen bij de jumbo
[23:25:21] <nomadz> morgen om 08:00 kan ik t ophalen
[23:25:22] <nomadz> ideaal
[23:25:26] <Punnik> dat doe ik ook altijd ja 
[23:25:29] <nomadz> is t al betaald en ingepakt
[23:25:49] <Punnik> handig in kratten en koelkast en diepvries spul apart, hoppa zo de kast in
[23:25:58] <nomadz> of als ik uit mn werk kom als ik diepvriesmeuk heb
[23:26:08] <nomadz> geen zin meer om in mn werkkleren door de supermarkt te sjeezen
[23:26:27] <Punnik> kheb alleen nog een partijtje van die kratten thuis, vergeet ze steeds weer mee te nemen
[23:26:27] <rawplayer> komen ze het ook opruimen?
[23:27:23] <Punnik> en ze verstoppen er steeds flesjes Jilz in die niemand hier drinkt 
[23:27:31] *** Quits: Michelp2 (Mibbit@5ED4110B.cm-7-5a.dynamic.ziggo.nl) (Exit)
[23:27:57] <mijk> nomadz, dat is toch een stuk duurder
[23:28:02] <mijk> onnie?
[23:28:30] <Punnik> neehoor
[23:29:26] <Punnik> Verder shoppen :P 
[23:29:53] <mijk> hoe werkt dat dan?
[23:29:57] <mijk> je vult die boodschappen lijst in
[23:30:01] <mijk> reserveert een ophaal moment?
[23:30:04] <mijk> en dan haal je ze op ofzo?
[23:30:13] <mijk> en dat is gratis?
[23:31:00] <Punnik> https://www.jumbo.com/content/zo-werkt-het
[23:31:01] <digibot> Title: Zo werkt het | Jumbo Supermarkten (at www.jumbo.com)
[23:31:14] <nomadz> ik krijg een code, die toets ik in bij de kassa's en dan komt er een koelie mn spullen brengen
[23:31:38] <mijk> ja pickup point
[23:31:43] <mijk> 30.000km hier vandaan
[23:31:49] <nomadz> pickup point?
[23:31:52] <nomadz> hier gewoon in de winkel
[23:31:59] <Punnik> en met de app kun je (lege) verpakkingen scannen die die automatisch in je boodschappenlijst gooit :) -bliep-
[23:32:25] <nomadz> maar vanuit waar ze moeten slepen is het korter naar de parkeerplaats dus plempen ze het netzogoed meteen in mn auto
[23:32:38] <mijk> Je boodschappen worden met zorg geselecteerd, gewogen en ingepakt. Daarna vindt jouw bestelling zijn weg naar het door jou geselecteerde Pick Up Point of naar jouw huis.
[23:32:56] <Punnik> is hier gewoon in de winkel zelf 
[23:32:59] <mijk> dacht al... het zal eens waar zijn
[23:33:02] <mijk> ja hier niet dus
[23:33:11] <Punnik> oh, mja niet elke Jumbo heeft dat
[23:33:16] <nomadz> tja
[23:34:52] <nomadz> eht verschil tussen jumbo's valt me ook wel op
[23:34:56] <nomadz> hier 10 kassa's en handscanners enzo
[23:35:10] <nomadz> en een jumbo verderop 3 kassa's en de helft van de produkten die ik gebruik niet aanwezig
[23:36:04] <mijk> mijn BTC zijn onderweg naar een pickuppoint
[23:36:06] <mijk> ;d
[23:36:12] <nomadz> beterz
[23:36:52] <nomadz> ik ga mn klono voorraad verkopen denk ik
[23:37:31] <nomadz> heb nog 2 potjes van 100 stuks, maar krijg nu vloeibare
[23:39:17] <Boots> Oh de Jumbo vlakbij nieuwe woning schijnt ook zelfscan te hebben
[23:39:19] <Boots> Net ff opgezocht 
[23:39:21] <Boots> :>
[23:39:54] <nomadz> ah je verhuist ook naar de bewoonde wereld :>
[23:40:26] <Boots> Naar het westen jonguh!
[23:40:53] <nomadz> hier waren alle supermarkten dicht 1e paasdag
[23:40:54] <nomadz> vond t maar raar
[23:41:08] <nomadz> als je 1 januari en 1e kerstdag enzo open kan, waarom moet het dan op pasen dicht
[23:41:16] <Boots> hehehr of tweede zelfs
[23:41:32] <Boots> nog boodschappen gedaan bij eentje die 1e en 2e dicht zou zijn
[23:41:48] <nomadz> ik denk dat het hier met de vergunnign te maken heeft, want de AH enzo waren ook dicht
[23:41:50] <Boots> lekker veel 35 procent korting
[23:42:03] <nomadz> niet dat ik in staat was naar buiten te gaan gisteren
[23:42:57] <nomadz> ik begon vrijdagmiddag na het werk om 16:30 met plakken en op een paar uurtjes na doorgegaan tot zondagochtend 03:30
[23:43:04] <nomadz> gecombineerd met jetlag van de klok
[23:43:04] <Boots> plakken?
[23:43:21] <nomadz> voeten plakken voor mensen die 80km denken te gaan lopen
[23:43:25] <Boots> Oja
[23:43:29] <Boots> Zo plakken
[23:43:37] <nomadz> dus gisteren wat het nogal comateus
[23:43:44] <Boots> Ik moet iets eten maar te gaar
[23:43:48] <Boots> Juh begrijpelijk
[23:43:58] <nomadz> rawplayer is een pizza komen afleveren vandaag <3
[23:44:04] <Boots> liev
[23:44:20] <Boots> Niet eens een of andere fancy paleomaaltijd
[23:44:26] <Boots> Toch liev
[23:44:36] *** Quits: Beer`__ (Beer@5ED0808C.cm-7-1c.dynamic.ziggo.nl) (Ping timeout: 60 seconds)
[23:44:49] <nomadz> maar echt, het was zo van "oh ik ben wakker, ik moet even wat doen" en boem en dan 2 uur later weer wakker worden
[23:44:51] * Boots doet hier een aanname
[23:45:22] <nomadz> maar ik ben wel geslaagd voor mijn wandelletsel diploma :')
[23:45:55] <Boots> Eerst doen en dan pas fiploma?
[23:45:57] <Boots> diploma
[23:46:00] <Boots> faploma
[23:46:02] <Boots> :')
[23:46:06] *** Joins: Beer`__ (Beer@5ED0808C.cm-7-1c.dynamic.ziggo.nl)
[23:46:10] <nomadz> eerst 1,5 week trainign, dan die kennedymars en dan de aantekening dat je het gehaald hebt ja
[23:46:21] <Boots> juh
[23:47:24] *** Quits: chasingrainbows (Mibbit@541D0FE9.cm-5-6a.dynamic.ziggo.nl) (Exit)
[23:47:27] <nomadz> de volgende is sportblessures, ehak special, en ergens tussendoor klinisch redeneren
[23:48:25] <Jeroen> fucking zomertijd
[23:48:32] <Jeroen> mijn interne mot is helemaal over de pis
[23:48:43] <Boots> mijne niet
[23:48:49] <Boots> Ik merk er echt geen fuck van
[23:48:56] <mijk> blockchain traag men
[23:49:01] <Boots> Nouja dit voelt natuurlijker aan ofzo
[23:49:24] <Boots> Het voelt al als 2u 's nachts ofzo
[23:49:29] <Boots> Slaaptijd dus
[23:49:33] <nomadz> het voelt voor mij nu 10u sochtends
[23:49:33] <mijk> slaapze bootsie
[23:49:40] <nomadz> reteirritant
[23:49:45] <mijk> mogge nomadz
[23:49:46] <Boots> Voor 12 slapen is facking vroeg
[23:50:02] <Boots> Deed t gisteren
[23:50:09] <Boots> Vanochtens om 5u al wakker
[23:50:16] <Boots> :D
[23:50:22] <nomadz> als ik geen cursus heb ga ik vaak al om 20:00 naar mn nest
[23:50:36] <mijk> aaaai
[23:50:38] <Boots> Ja gaan liggen doe ik ook zo rond die tijd
[23:50:55] <Boots> Maar ik heb nu honger.
[23:51:13] <Boots> Kan beter nu gaan eten dan over 2u nog wakker liggen ervan.
[23:51:28] *** Quits: Teckna (jonathan@52487D74.cm-4-1b.dynamic.ziggo.nl) (Ping timeout: 67 seconds)
[23:51:29] <nomadz> ja, als ik niet kan slapen prop ik ook altijd ff wat naar binnen
[23:51:47] <nomadz> soms heb ik hoofdpijn waardoor ik niet kan slapen en dan moet er gewoon iets vettigs naar binnen
[23:52:20] <mijk> broodje frikadel speciaal
[23:52:22] <mijk> hoppa
[23:52:23] <Boots> Ja maar ik heb juist eten nodig om mezelf warm te houden om onder de dekens vandaan te kunnen
[23:52:25] <mijk> zo rolled die nomadz hoor he
[23:52:33] <Boots> Ik moet een fruitschaal naast mn bed hebben ofzo
[23:52:48] <nomadz> nee geen frikadel, bah
[23:52:51] <Punnik> hmm, eten....
[23:53:08] <Boots> Breng mij ook ff wat 
[23:53:18] <Punnik> waar heb je zin in Boots ? fruit ? 
[23:53:25] <Boots> Ja
[23:53:29] <Boots> Peer ofzo
[23:53:48] <Boots> Maar da's me teveel gedoe met schillen :>
[23:53:58] <Punnik> ok, kheb hier nog genoeg liggen
[23:54:16] <Boots> Nou peer jij 'm ff dan?
[23:54:17] <Punnik> kheb anders ook wel een fruithapje voor je hoor Boots ? :)
[23:54:52] <Punnik> "connection reset by peer" ? 
[23:54:59] <Jeroen> http://www.chicagotribune.com/news/nationworld/ct-syria-militias-us-cia-islamic-state-20160326-story.html
[23:55:01] <digibot> Title: In Syria, U.S.-armed militias fight each other in contested territory - Chicago Tribune (at www.chicagotribune.com)
[23:56:38] <mijk> lekkere pizza voor bootsie
