[00:00:36] *** Quits: wirky (werken@ip503c7f23.speed.planet.nl) (Exit)
[01:03:56] *** Quits: Guyver2 (Guyver2@guyver2.xs4all.nl) (Exit)
[01:11:23] *** Joins: Derek (asdfer@524BFA43.cm-4-4d.dynamic.ziggo.nl)
[01:12:20] *** Quits: Salvad0R (asdfer@524BFA43.cm-4-4d.dynamic.ziggo.nl) (Ping timeout: 61 seconds)
[01:36:01] *** Joins: Beer`__ (beer@5ED0808C.cm-7-1c.dynamic.ziggo.nl)
[01:59:22] *** Joins: Guest (textual@76-14-185-84.wsac.wavecable.com)
[02:00:36] *** Guest is now known as milkshake
[02:13:03] *** Quits: Stuiterbal (Stuit@2001:980:5281:1:f4cc:823a:4d49:6dbb) (Exit)
[03:35:32] *** Joins: SCHAPiE (dorian@dhcp-077-249-247-124.chello.nl)
[03:48:25] *** Quits: Beer`__ (beer@5ED0808C.cm-7-1c.dynamic.ziggo.nl) (Exit)
[04:11:28] *** Quits: coreblink (coreblink@145.132.131.160) (Exit)
[04:25:54] *** Quits: SCHAPiE (dorian@dhcp-077-249-247-124.chello.nl) (Exit)
[05:35:37] *** Joins: wirky (werken@ip503c7f23.speed.planet.nl)
[05:37:50] <wirky> sup fokkens
[06:16:55] <milkshake> not muc. 
[06:34:36] <Derek> sup
[06:35:49] <Derek> 19 jarige lituanian chicks
[06:35:51] <Derek> wattah
[06:35:58] <Derek> lekker strak .
[06:53:48] <Derek> https://www.youtube.com/watch?v=vArod_Vp2AM
[06:53:50] <digibot> Title: Payday Monsanto - The Sacrifice - YouTube (at www.youtube.com)
[06:58:15] <Boots> Is wel erg lang leve he, @topic
[07:00:00] <Boots> Meer dan een week!
[07:23:47] *** Quits: Derek (asdfer@524BFA43.cm-4-4d.dynamic.ziggo.nl) (Exit)
[08:53:05] *** Joins: Fem_LittleLady (Mibbit@a82-161-112-138.adsl.xs4all.nl)
[08:53:18] <Fem_LittleLady> :D
[08:58:48] *** Joins: Jeroen (Jeroen@54188FF8.cm-5-1c.dynamic.ziggo.nl)
[08:59:17] <Fem_LittleLady> hoi
[09:01:51] <Jeroen> mogge
[09:03:53] <Fem_LittleLady> wat een weertje is het alweer he
[09:03:55] <Fem_LittleLady> zo fijn
[09:04:37] <Jeroen> gelukkig zit ik binnen
[09:04:57] <Fem_LittleLady> Nee moet zo even op pad
[09:06:03] <Jeroen> ik niet
[09:13:29] *** Quits: Fem_LittleLady (Mibbit@a82-161-112-138.adsl.xs4all.nl) (Exit)
[09:37:21] *** Joins: Andros (Andros@203.124-244-81.adsl-dyn.isp.belgacom.be)
[09:39:50] *** Joins: Guyver2 (Guyver2@guyver2.xs4all.nl)
[10:15:00] *** Joins: SCHAPiE (dorian@dhcp-077-249-247-124.chello.nl)
[10:17:31] <Redhead> mogge
[10:22:06] <Boots> mog
[10:29:06] <Spacecowboy> negers
[10:36:09] *** Quits: wirky (werken@ip503c7f23.speed.planet.nl) (Ping timeout: 66 seconds)
[10:44:04] *** Quits: Guyver2 (Guyver2@guyver2.xs4all.nl) (Exit)
[10:56:00] *** Quits: milkshake (textual@76-14-185-84.wsac.wavecable.com) (Ping timeout: 61 seconds)
[11:07:24] <SCHAPiE> môggeuh
[11:12:28] <Punnik> goeismorgens !!
[11:12:38] <Spacecowboy> morreguh
[11:12:53] <Punnik> hele week al mooi weer en bier.... vandaag geen uitzondering :D
[11:15:17] <Spacecowboy> nice nice
[11:15:31] <Spacecowboy> morgen in frankfurt zijn
[11:15:37] <Spacecowboy> dus ik ga zometeen vast eens rijden
[11:19:42] <nomadz> ja want frankfurt is ook echt 20 uur rijden
[11:21:10] *** Quits: Jeroen (Jeroen@54188FF8.cm-5-1c.dynamic.ziggo.nl) (Exit)
[11:21:50] <nomadz> anyway
[11:21:53] <nomadz> zwaar goed weer
[11:21:57] <nomadz> zo even naar margraten
[11:43:07] *** Joins: tuinklooien (chatzilla@D97B3212.cm-3-4a.dynamic.ziggo.nl)
[11:48:32] *** Joins: Fem_LittleLady (Mibbit@a82-161-112-138.adsl.xs4all.nl)
[11:48:46] <Fem_LittleLady> :D
[11:54:55] <Redhead> regen regen regen 
[11:55:07] <Redhead> \o/ eens geen valse beloftes !
[11:55:11] <Fem_LittleLady> Nee vind het wel lekker zo
[11:55:58] <Bertone> ik had het al gelezen Redhead
[11:56:12] <Bertone> hier alleen zon zon zon zon de laatste 5 dagen
[11:56:44] <Redhead> ja zag ik , heb nl vakantieganger hier , die zat zo van huh , zomer in nl... hmz...
[11:56:54] <Bertone> maar met pinksterweekend kunnen we de winterjassen weer aan doen... stevige noorderwind en max 13 graden
[11:57:00] <Redhead> we hebben wel oke temp , en voor tuinieren enzo prima weer
[11:57:10] <Redhead> oei oei!!
[11:57:37] <Bertone> ik heb mijn ksdtje geheel open en sproei meerdere keren per dag voor mijn kweeksel de geest geeft :)
[11:57:44] <Bertone> kastje
[11:58:24] *** Joins: coreblink (coreblink@145.132.131.160)
[11:58:30] <Redhead> :)
[11:58:37] <Redhead> lekker genieten daar!!
[11:59:18] <Bertone> ohw dat doe ik zeker, na de lunch gewoon weer lekker de tuin in... althans eerst nog even shag scoren ergens :)
[12:01:54] <Redhead> benzinepomp ole!
[12:02:34] <Bertone> ja of uurtje wachten en dan even naar de jumbo
[12:02:43] <Bertone> maar denk wel ff benzinepomp
[12:02:43] <Redhead> :)
[12:03:16] <Redhead> supermarkten mogen hier geen tabakwaren verkopen
[12:04:32] <Bertone> ze beschermen de tabakswinkel en als die dicht zijn mogen de benzinepompen dus
[12:07:19] <Spacecowboy> [11:19:42]  <nomadz>	ja want frankfurt is ook echt 20 uur rijden
[12:07:20] <Spacecowboy> nee
[12:07:26] <Spacecowboy> maar geen zin om het morgenochtend te doen
[12:07:32] <Spacecowboy> liever nu onder vrachtverkeer
[12:07:35] <Spacecowboy> *zonder
[12:07:41] <Spacecowboy> beetje relaxt aan
[12:07:46] <Spacecowboy> ff ergens eten
[12:09:03] <Redhead> lekker Spacecowboy 
[12:09:17] <Redhead> idd beter voor het vrachtverkeer uitrijden
[12:09:38] <Redhead> al rijden er nog genoeg exceptions op de weg op zondag
[12:12:24] <Spacecowboy> mjah maar vergeleken met maandag is het peanuts gok ik
[12:12:34] <Spacecowboy> daarbij moet ik dr morgen rond een uur of 9 zijn
[12:12:39] <Redhead> uhu
[12:12:40] <Spacecowboy> kan ik om 3 uur vannacht weg :P
[12:12:50] <Redhead> dan rijden ze al
[12:12:53] <Redhead> :)
[12:12:56] <Spacecowboy> slaap ik liever ff relaxt in hotel
[12:13:04] <Redhead> 00.00 uur stromen ze de weg op
[12:13:16] <Redhead> juh ,veel beter plan
[12:14:17] <Redhead> k ga ff de hond door de regen leiden , kijken tot hoever die mee wil haha
[12:14:48] <Redhead> zwemmen wil ie elke dag maar oweeeee als t van bpoven komt ;)
[12:14:52] <Redhead> -p
[12:23:06] *** Quits: Fem_LittleLady (Mibbit@a82-161-112-138.adsl.xs4all.nl) (Exit)
[12:23:43] <Bertone> hahahahaha
[12:23:45] <Bertone> success
[12:24:05] *** Quits: Andros (Andros@203.124-244-81.adsl-dyn.isp.belgacom.be) (Ping timeout: 66 seconds)
[12:40:36] *** Quits: coreblink (coreblink@145.132.131.160) (Ping timeout: 66 seconds)
[12:42:04] *** Joins: Fem_LittleLady (Mibbit@a82-161-112-138.adsl.xs4all.nl)
[12:43:09] *** Joins: coreblink (coreblink@145.132.131.160)
[12:49:46] *** Joins: Guest (textual@76-14-185-84.wsac.wavecable.com)
[12:49:54] *** Guest is now known as milkshake
[12:55:52] *** Quits: TooL (x@ip172-92-210-87.adsl2.static.versatel.nl) (Ping timeout: 60 seconds)
[13:04:25] *** Joins: TooL (x@ip172-92-210-87.adsl2.static.versatel.nl)
[13:12:19] *** Joins: Jeroen (Jeroen@54188FF8.cm-5-1c.dynamic.ziggo.nl)
[13:15:04] *** Quits: TooL (x@ip172-92-210-87.adsl2.static.versatel.nl) (Ping timeout: 61 seconds)
[13:19:03] *** Joins: Stuiterbal (Stuit@2001:980:5281:1:f4cc:823a:4d49:6dbb)
[13:21:10] *** Quits: milkshake (textual@76-14-185-84.wsac.wavecable.com) (Ping timeout: 66 seconds)
[13:23:21] *** Joins: TooL (x@ip172-92-210-87.adsl2.static.versatel.nl)
[13:27:02] *** Quits: Fem_LittleLady (Mibbit@a82-161-112-138.adsl.xs4all.nl) (Exit)
[13:34:35] *** Joins: mrwazoo (mrwazoo@h102136.upc-h.chello.nl)
[13:36:30] *** Joins: Fem_LittleLady (Mibbit@a82-161-112-138.adsl.xs4all.nl)
[13:38:21] <rawplayer> femmie!
[13:51:05] <SOFIE> Rawplieee
[13:53:36] <rawplayer> SOFIE: <3
[14:24:31] *** Joins: wirky (werken@ip503c7f23.speed.planet.nl)
[14:34:11] *** Quits: Stuiterbal (Stuit@2001:980:5281:1:f4cc:823a:4d49:6dbb) (Exit)
[14:36:57] *** Joins: Vipertje (tweak@54182E79.cm-5-1a.dynamic.ziggo.nl)
[15:09:03] *** Quits: Fem_LittleLady (Mibbit@a82-161-112-138.adsl.xs4all.nl) (Exit)
[15:19:00] *** Joins: Fem_LittleLady (Mibbit@a82-161-112-138.adsl.xs4all.nl)
[15:23:02] *** Quits: Vipertje (tweak@54182E79.cm-5-1a.dynamic.ziggo.nl) (Exit)
[15:45:46] *** Quits: Fem_LittleLady (Mibbit@a82-161-112-138.adsl.xs4all.nl) (Exit)
[16:09:42] *** Joins: Stuiterbal (Stuit@2001:980:5281:1:b54d:de9b:1c82:d9d)
[16:24:59] *** Quits: DCM360 (DCM360@535509EC.cm-6-6a.dynamic.ziggo.nl) (Ping timeout: 60 seconds)
[16:45:16] <rawplayer> hoi
[16:47:34] *** Quits: Steff (quassel@trinity.msrv.nl) (Ping timeout: 60 seconds)
[16:47:50] *** Joins: Steff (quassel@trinity.msrv.nl)
[16:59:11] <SOFIE> rawplayer: jaaa
[17:01:41] <rawplayer> mi/me eet
[17:01:42] * rawplayer eet
[17:01:45] <rawplayer> rijst, groente en kip
[17:03:53] <wirky> penis
[17:03:58] <wirky> vagijn
[17:05:25] <rawplayer> wat zeg jij
[17:06:14] *** Joins: DCM360 (DCM360@535509EC.cm-6-6a.dynamic.ziggo.nl)
[17:07:11] <SOFIE> Loll Tine is aangenomen om touristen rond te rijden in Brugge met een paardenkoets :D
[17:07:14] <SOFIE> awesome
[17:08:31] <rawplayer> nice nice
[17:10:47] <SOFIE> Kom je rondjes rijden rawplayer 
[17:11:00] <rawplayer> ik heb een tinder match
[17:11:03] <rawplayer> met een belgische
[17:11:04] <rawplayer> op dit moment
[17:11:04] <rawplayer> <3
[17:11:29] <rawplayer> uit hasselt
[17:12:23] <SOFIE> Haha je zit op tinder
[17:12:51] <SOFIE> Vraag hulp aan justaguy die automate je tinder effe 
[17:16:34] <SOFIE> rawplayer: Welke age dan
[17:16:40] <SOFIE> Praat ze al met je?
[17:16:54] <rawplayer> ja
[17:16:55] <rawplayer> 24
[17:17:22] <SOFIE> Virgin?
[17:17:29] <rawplayer> lol
[17:17:30] <rawplayer> weet ik niet
[17:17:36] <SOFIE> Vraag het eens
[17:17:42] <rawplayer> nah
[17:17:45] <SOFIE> Ben je maagd of heb je ervaring
[17:19:16] <SOFIE> The only time that I wanna hear you cry, is when I make you shout out my name.
[17:20:49] <rawplayer> :P
[17:20:55] <rawplayer> stilma SOFIEtje
[17:20:57] <rawplayer> komma bij rawpie
[17:21:00] <rawplayer> ik kriewel je wel
[17:21:43] <SOFIE> Gast
[17:21:47] <SOFIE> Ik ben getrouwd
[17:22:15] <SOFIE> TIL rawplayer gets turned on by pickup lines
[17:22:17] <SOFIE> ;3
[17:25:51] *** Quits: Bertone (Bertone@classics.xs4all.nl) (Exit)
[17:33:53] <SOFIE> rawplayer: Maaruh
[17:33:58] <SOFIE> ben je brabanter dan 
[17:34:08] <SOFIE> of heb je range te groot staan
[17:40:12] <rawplayer> o_O
[17:40:31] <SOFIE> Of was je in maasmechelen
[17:40:54] <rawplayer> nee
[17:40:55] <rawplayer> limburg
[17:40:57] <rawplayer> maasmechelen <3
[17:41:04] <rawplayer> lekekr shoppen daar <3
[17:43:41] <SOFIE> hehe
[17:56:03] <Stuiterbal> [17:20] <rawplayer> komma bij rawpie
[17:56:03] <Stuiterbal> [17:20] <rawplayer> ik kriewel je wel
[17:57:02] <rawplayer> zal ik jou ook kriewelen
[18:00:08] *** Joins: cooper2 (Mibbit@5ED5FED1.cm-7-6d.dynamic.ziggo.nl)
[18:01:02] <cooper2> hoi :D 
[18:06:45] *** Joins: Bertone (Bertone@classics.xs4all.nl)
[18:07:51] *** Quits: cooper2 (Mibbit@5ED5FED1.cm-7-6d.dynamic.ziggo.nl) (Exit)
[18:07:57] <rawplayer> hoi
[18:08:03] <Bertone> hoi
[18:10:10] <rawplayer> koffie++
[18:14:35] *** Quits: tuinklooien (chatzilla@D97B3212.cm-3-4a.dynamic.ziggo.nl) (Ping timeout: 66 seconds)
[19:10:42] <Spacecowboy> negers
[19:22:24] *** Joins: Fe2O3 (Fe2O3@h70248.upc-h.chello.nl)
[19:22:24] *** ChanServ sets mode: +o Fe2O3
[19:23:34] *** Joins: tuinklooien (chatzilla@D97B3212.cm-3-4a.dynamic.ziggo.nl)
[19:23:39] *** tuinklooien is now known as crow
[19:24:11] <rawplayer> crow: o/
[19:24:29] <crow> rawpie o/
[19:55:02] <nomadz> laura
[19:55:21] <wirky> sup
[19:56:17] <nomadz> wirky
[19:56:43] <nomadz> ik heb 2 oorlogskerkhoven geinspecteerd vandaag
[19:56:48] <nomadz> was allemaal spik en span
[19:56:53] <nomadz> kun je morgen doorgeven in de meeting
[19:58:00] <wirky> as jij ff koffie haalt
[19:58:30] <rawplayer> k
[20:02:40] <nomadz> wanneer wordt ajax gehuldigd?
[20:03:24] <rawplayer> dunno
[20:03:26] <rawplayer> volgend jaar ofzo
[20:03:51] <nomadz> http://www.ad.nl/ad/nl/5602/Muziek/article/detail/4296556/2016/05/08/Axl-Rose-voor-de-eerste-keer-op-podium-met-AC-DC.dhtml
[20:03:53] <digibot> Title: Axl Rose voor de eerste keer op podium met AC/DC - AD.nl (at www.ad.nl)
[20:07:12] *** Joins: rhod (rhod@86.85.193.196)
[20:19:06] *** Joins: Beer`_ (beer@5ED0808C.cm-7-1c.dynamic.ziggo.nl)
[20:24:38] *** Joins: mijk (mijk@218-245-144-85.ftth.glasoperator.nl)
[20:30:34] *** Quits: Teckna (jonathan@52487D74.cm-4-1b.dynamic.ziggo.nl) (Exit)
[20:32:47] *** Joins: Teckna (jonathan@2001:1c01:c01:400:cc4d:8f67:4bd8:3a2e)
[20:39:24] *** Joins: VerdachtParkietje (Mibbit@195-240-99-18.ip.telfort.nl)
[20:39:58] *** Quits: Teckna (jonathan@2001:1c01:c01:400:cc4d:8f67:4bd8:3a2e) (Ping timeout: 68 seconds)
[20:48:29] *** Quits: VerdachtParkietje (Mibbit@195-240-99-18.ip.telfort.nl) (Exit)
[20:49:05] *** Joins: Fokker_7058 (Mibbit@ip545004cf.speed.planet.nl)
[20:49:23] *** Quits: Fokker_7058 (Mibbit@ip545004cf.speed.planet.nl) (Exit)
[20:58:12] *** Joins: chezzmo (roodje@ip4daa38d9.direct-adsl.nl)
[21:03:18] *** Joins: Teckna (jonathan@52487D74.cm-4-1b.dynamic.ziggo.nl)
[21:08:33] *** Quits: zovty (zovty@5ED033C3.cm-7-1a.dynamic.ziggo.nl) (Ping timeout: 66 seconds)
[21:13:28] *** Joins: zovty (zovty@5ED033C3.cm-7-1a.dynamic.ziggo.nl)
[21:14:41] *** Quits: Teckna (jonathan@52487D74.cm-4-1b.dynamic.ziggo.nl) (Ping timeout: 60 seconds)
[21:22:28] *** Quits: coreblink (coreblink@145.132.131.160) (Ping timeout: 66 seconds)
[21:23:11] <nomadz> echo
[21:23:32] *** Joins: Guyver2 (Guyver2@guyver2.xs4all.nl)
[21:23:58] *** Joins: coreblink (coreblink@145.132.131.160)
[21:24:09] <rawplayer> sup
[21:29:43] *** Joins: IceShark (IceShark@5468FB1C.cm-12-1d.dynamic.ziggo.nl)
[21:31:05] *** Joins: Teckna (jonathan@52487D74.cm-4-1b.dynamic.ziggo.nl)
[21:39:49] *** Quits: wirky (werken@ip503c7f23.speed.planet.nl) (Ping timeout: 60 seconds)
[21:46:05] *** Quits: coreblink (coreblink@145.132.131.160) (Exit)
[21:55:49] *** Quits: mijk (mijk@218-245-144-85.ftth.glasoperator.nl) (Ping timeout: 66 seconds)
[21:56:53] *** Quits: chezzmo (roodje@ip4daa38d9.direct-adsl.nl) (Exit)
[22:05:45] *** Joins: QORRiE (dorian@dhcp-077-249-247-124.chello.nl)
[22:07:07] *** Quits: rhod (rhod@86.85.193.196) (Ping timeout: 60 seconds)
[22:07:36] *** Joins: coreblink (coreblink@145.132.131.160)
[22:08:12] *** Joins: rhod (rhod@86.85.193.196)
[22:12:26] *** Quits: Jeroen (Jeroen@54188FF8.cm-5-1c.dynamic.ziggo.nl) (Exit)
[22:13:00] *** Quits: coreblink (coreblink@145.132.131.160) (Ping timeout: 66 seconds)
[22:19:15] *** Quits: Teckna (jonathan@52487D74.cm-4-1b.dynamic.ziggo.nl) (Ping timeout: 60 seconds)
[22:37:02] *** Joins: Teckna (jonathan@52487D74.cm-4-1b.dynamic.ziggo.nl)
[22:48:14] *** Quits: IceShark (IceShark@5468FB1C.cm-12-1d.dynamic.ziggo.nl) (Input/output error)
[22:53:24] *** Joins: Fiebel (PrincessCo@d77048.upc-d.chello.nl)
[22:53:27] <Fiebel> kbener
[22:54:39] *** Quits: Fe2O3 (Fe2O3@h70248.upc-h.chello.nl) (Exit)
[22:57:55] *** Joins: Fem_LittleLady (Mibbit@a82-161-112-138.adsl.xs4all.nl)
[22:57:59] <Fem_LittleLady> :D
[23:00:22] <Stuiterbal> [22:53] * Joins: Fiebel (PrincessCo@d77048.upc-d.chello.nl)
[23:00:22] <Stuiterbal> [22:57] * Joins: Fem_LittleLady (Mibbit@a82-161-112-138.adsl.xs4all.nl)
[23:04:34] <Fem_LittleLady> hoi
[23:06:33] *** Quits: Fem_LittleLady (Mibbit@a82-161-112-138.adsl.xs4all.nl) (Exit)
[23:06:36] <Stuiterbal> Wel goed dat je bij XS4ALL zit, Fem_LittleLady.
[23:06:37] <Stuiterbal> doei
[23:22:37] *** Quits: crow (chatzilla@D97B3212.cm-3-4a.dynamic.ziggo.nl) (Exit)
[23:24:15] *** Quits: QORRiE (dorian@dhcp-077-249-247-124.chello.nl) (Ping timeout: 60 seconds)
[23:24:56] *** Joins: QORRiE (dorian@dhcp-077-249-247-124.chello.nl)
[23:25:14] *** Quits: Fiebel (PrincessCo@d77048.upc-d.chello.nl) (Exit)
[23:28:18] <nomadz> haha xs4all
[23:35:38] <Stuiterbal> u betta recognize
[23:36:52] <nomadz> klopt
[23:36:54] <nomadz> krekzooi dat het is
[23:37:22] <nomadz> buiten gare fritzbox altijd gezeik met israpunt
[23:37:32] <nomadz> iedereen die ik aansluit op xs4all wil zsm terug naar waar ze vandaan kwamen :')
[23:38:12] <nomadz> zelfde met telfort etc overigens
