[00:19:19] <Sling> https://www.youtube.com/watch?v=YmWS8bH8H30
[00:19:23] <digiweed> Title: Igorrr - Mastication Numérique - YouTube (at www.youtube.com)
[00:19:28] <rawplayer> Sling: o/
[00:19:29] <Sling> zomaar gratis muziektipje
[00:19:35] <Sling> o/
[00:36:18] *** Quits: klaveRCX (michiel@klaver.it) (Ping timeout: 61 seconds)
[00:37:05] *** Joins: klaveRCX (michiel@klaver.it)
[00:49:39] *** Quits: Guyver2 (Guyver2@guyver2.xs4all.nl) (Ping timeout: 66 seconds)
[00:58:08] *** Quits: SCHAPiE (dorian@dhcp-077-249-247-124.chello.nl) (Exit)
[00:58:38] *** Quits: grid (grid@dhcp-089-099-194-232.chello.nl) (Ping timeout: 60 seconds)
[01:06:42] *** Quits: koolaid (koolaid@ip-213-127-118-32.ip.prioritytelecom.net) (Client exited)
[02:18:15] *** Quits: Tomsworld (tom@2a02:a03f:1223:a800:c4d7:efb6:bec:90b9) (Ping timeout: 66 seconds)
[02:30:48] *** Joins: wirky (werken@ip503c7f23.speed.planet.nl)
[03:06:59] *** Joins: koolaid (koolaid@2a02:a212:280:1c00:4ce5:a23c:ce13:4278)
[03:08:36] *** Quits: koolaid (koolaid@2a02:a212:280:1c00:4ce5:a23c:ce13:4278) (Ping timeout: 61 seconds)
[03:22:29] *** Joins: Escovan (Escovan@107.6.175.170)
[03:22:32] *** Joins: Dubbeldrank (is@niet.te.zuipen)
[03:22:39] *** Joins: Bliksem (Tweaki7@a82-161-41-5.adsl.xs4all.nl)
[03:22:42] *** Dubbeldrank is now known as Tweaker21168
[03:22:50] *** Joins: Meeloow (Meeloow@meeloow.centravi.org)
[03:22:54] *** Joins: Henkie94 (Henkie94@hammetjus.nl)
[03:23:08] *** Joins: bReChThOu (bReChThOu@cloud.brechthouben.be)
[03:23:28] *** Joins: SimonP (SimonP@remote.glasvezel-online.net)
[03:26:49] *** Joins: the_Ye-Ti (tymon@149-210-167-97.colo.transip.net)
[03:26:50] *** Joins: Darkstar (ircuser@2a02:e00:fffe:fbee:216:3eff:fef0:e305)
[03:34:13] *** Joins: FlutterShy (guntherdw@ip-83-101-5-155.customer.schedom-europe.net)
[04:54:51] <Escovan> boe
[04:55:05] <Escovan> is de nachtploeg er nog?
[06:49:04] <Fermata> Mogge
[07:08:54] *** Joins: koolaid (koolaid@2a02:a212:280:1c00:4ce5:a23c:ce13:4278)
[07:10:03] *** Quits: koolaid (koolaid@2a02:a212:280:1c00:4ce5:a23c:ce13:4278) (Ping timeout: 61 seconds)
[07:20:22] <rawplayer> mogge
[07:34:55] *** Quits: Tweaker21168 (is@niet.te.zuipen) (Exit)
[07:35:28] *** Joins: Dubbeldrank (is@niet.te.zuipen)
[07:35:28] *** Nyx sets mode: +v Dubbeldrank
[09:22:32] *** Joins: Guyver2 (Guyver2@guyver2.xs4all.nl)
[09:27:14] <the_Ye-Ti> !gamen++
[09:27:18] <digiweed> the_Ye-Ti: Karma for gamen is now: 34
[09:28:02] *** Nyx sets mode: +v the_Ye-Ti
[09:28:15] *** Nyx sets mode: +o the_Ye-Ti
[09:31:21] *** Quits: FlutterShy (guntherdw@ip-83-101-5-155.customer.schedom-europe.net) (Exit)
[09:34:16] <ei103> Sling: das keihandig, op diezelfde datum geeft sling een partijtje vanaf 20.00 (100 meter lopen vanaf you)
[09:34:50] <ei103> euh
[09:34:54] <ei103> s/sling/koolaid
[09:37:57] *** Quits: Erik (M1bbit@cl-1606.ams-04.nl.sixxs.net) (Ping timeout: 60 seconds)
[09:39:27] <the_Ye-Ti> 103!
[09:40:41] <ei103> zit je op de hei?
[09:42:56] <the_Ye-Ti> nope
[09:43:21] <the_Ye-Ti> gaan we nog naar outline?
[09:44:07] <ei103> alleen als jij ook gaat
[09:45:10] *** Joins: SCHAPiE (dorian@dhcp-077-249-247-124.chello.nl)
[09:45:46] <the_Ye-Ti> dat ik dan ook bij we hoort als het ware
[09:49:03] <the_Ye-Ti> ei103: dat zou dan uh 7mei worden
[09:50:31] <the_Ye-Ti> hmm er zijn gaan daytickets meer tegenwoordigs
[09:51:02] <ei103> alleen nog voor Toegewijden™
[09:51:06] <Fermata> !nijmegen++
[09:51:09] <digiweed> Fermata: Karma for nijmegen is now: 100
[09:51:21] <the_Ye-Ti> \o Fermata 
[09:51:53] <the_Ye-Ti> ei103: 75 eurootjes aan de deur http://outlinedemoparty.nl/#tickets
[09:51:56] <digiweed> Title: Outline - May 5th - 8th 2016 (at outlinedemoparty.nl)
[09:52:24] <Fermata> the_Ye-Ti o/
[09:52:50] <the_Ye-Ti> die Fermata feest maar door
[09:54:18] <Fermata> Iemand moet het doen!
[09:54:27] <Fermata> Al moet ik straks wel over het Keizer Karelplein rijden.
[09:54:29] <Fermata> Feest.
[09:55:33] <the_Ye-Ti> de peripherique van nijmegen?
[09:56:29] <Fermata> Wel nauw, dan.
[09:56:50] <ei103> 5-baans!
[09:57:12] <Fermata> Doodeng!
[09:57:19] <Fermata> Althans, ik heb 'm al een tijd niet meer geredne.
[09:57:23] <the_Ye-Ti> onprettig nauw?
[09:58:17] <Fermata> Ik moet er overheen in de avondspits, dus: jup
[09:59:22] <the_Ye-Ti> de gevreesde zaterdagavondspits
[09:59:43] <the_Ye-Ti> vol met drugsgebruikers
[09:59:57] <ei103> in het plaatselijke sufferdje stond onlangs een artikel met de kop: "Het leven zou meer als het K.K.-plein moeten zijn!"
[10:00:00] <ei103> en zo is het
[10:00:09] <ei103> niet binnen de lijntjes
[10:01:07] <Fermata> Oh
[10:01:09] <Fermata> Het is zaterdag vandaag.
[10:01:15] <Fermata> !vandaag--
[10:01:18] <digiweed> Fermata: Karma for vandaag is now: -12
[10:01:57] <mimic> moge
[10:02:18] <the_Ye-Ti> \o mimiqueue
[10:02:24] <mimic> the_Ye-Ti: \\o
[10:02:25] <Fermata> mimique! :D
[10:02:33] <mimic> Fermata: \\o
[10:04:24] <the_Ye-Ti> hoe was de meet?
[10:04:48] <mimic> was er een meet?
[10:05:02] <the_Ye-Ti> donderdag toch?
[10:05:05] <Fermata> "Het plein is een traditionele rotonde, dus het verkeer op het plein heeft geen voorrang op het verkeer dat het plein oprijdt." -- uhm
[10:05:22] <mimic> wat
[10:05:56] <the_Ye-Ti> traditioneel italiaans?
[10:19:33] *** Joins: koolaid (koolaid@2a02:a212:280:1c00:4ce5:a23c:ce13:4278)
[10:45:10] *** Joins: FlutterShy (guntherdw@ip-83-101-5-155.customer.schedom-europe.net)
[11:01:09] *** Quits: FlutterShy (guntherdw@ip-83-101-5-155.customer.schedom-europe.net) (Exit)
[11:13:19] *** Joins: Erik (M1bbit@cl-1606.ams-04.nl.sixxs.net)
[11:21:10] *** Quits: Guyver2 (Guyver2@guyver2.xs4all.nl) (Exit)
[11:28:15] *** Joins: FlutterShy (guntherdw@ip-83-101-5-155.customer.schedom-europe.net)
[11:34:00] <appy> mogguh
[11:34:09] <Boots> mog
[11:36:26] <justaguy> mogggee
[11:38:19] <Fermata> Vroegappy!
[11:38:39] <Boots> http://www.overuit.nl/dagje-uit/koningsdag-enschede/detail.aspx?id=20770&tab=beoordelingen#content
[11:38:42] <Boots> :')
[11:38:42] <digiweed> Title: Koningsdag Enschede 2016 (at www.overuit.nl)
[11:38:43] <Boots> Beatrix
[11:39:30] <Boots> In 2012 was het nog helemaal geen Koningsdag
[11:39:32] <appy> Fermata <3
[11:39:53] <Fermata> appy <3
[11:40:01] <NoxiousPluK> boobs
[11:41:41] <appy> right
[11:41:50] <NoxiousPluK> boob2
[11:41:52] <NoxiousPluK> eh wat
[11:41:58] <NoxiousPluK> ik moest /buffer doen
[11:41:59] <appy> o_O
[11:42:01] <NoxiousPluK> en schrijf boob
[11:42:05] <NoxiousPluK> mysterieus
[11:42:09] * NoxiousPluK aait hoofd
[11:42:11] <appy> something on your mind?
[11:42:15] <NoxiousPluK> kom goed, soon weer tietjes
[11:42:19] <NoxiousPluK> :3
[11:42:23] <NoxiousPluK> maaaaybeeeee
[11:42:29] <appy> xD
[11:43:13] <appy> !weather wageningen
[11:43:17] <appy> nouja zeg
[11:43:38] <appy> alles in de war!
[11:43:41] <ei103> !kiki++
[11:43:44] <digiweed> ei103: Karma for kiki is now: 0
[11:43:45] <the_Ye-Ti> grimmig weer
[11:43:54] <ei103> kiki > digiweed
[11:44:00] <appy> kheb dr nog steeds op ignore though
[11:44:10] *** Joins: grid (grid@dhcp-089-099-194-232.chello.nl)
[11:44:12] <the_Ye-Ti> bbotje > kiki
[11:44:25] <appy> nu ga je wel wat ver the_Ye-Ti 
[11:44:30] <the_Ye-Ti> ow /o\
[11:44:38] <ei103> technisch vast
[11:44:41] <ei103> functioneel, dunno
[11:44:44] <appy> mag wel, ik zeg het alleen maar even
[11:44:54] <ei103> EIGEN KIND EERST
[11:45:42] <the_Ye-Ti> oei ik wil niet vergaand zijn
[11:46:50] <appy> ok
[11:46:55] <the_Ye-Ti> tevens
[11:46:57] <the_Ye-Ti> \o appy 
[11:47:11] <appy> the_Ye-Ti o/
[11:48:58] * Fermata deelt koffie uit
[11:49:08] <appy> yay
[11:49:13] <the_Ye-Ti> *mokproost*
[11:50:14] <the_Ye-Ti> kahweolvrij?
[11:50:18] <appy> *kloenk*
[11:53:57] *** Quits: Fermata (stefan@5.157.82.116) (Ping timeout: 60 seconds)
[11:57:30] <the_Ye-Ti> :(
[11:58:14] <appy> zo klnkt dat toch?
[11:59:02] *** Joins: Fermata (stefan@5.157.82.116)
[11:59:59] <justaguy> meh
[12:00:54] <the_Ye-Ti> verwarrend
[12:02:01] <justaguy> m'n moeder ontmoete gisteren m'n vriendin en der moeder , awkwarded :+
[12:02:47] <Fermata> Ja?
[12:03:39] <justaguy> Ja :+ 
[12:04:37] <justaguy> m'n moeder meteen weer alles vragen "at is je werk hoeveel kinderen heb je heb je nou een relatie hoe lang ben je getrouwd geweest"
[12:04:39] <justaguy> urj
[12:05:01] <ei103> vleesch in pan
[12:05:07] <ei103> erg belangrijk
[12:06:42] <koolaid> hmm vlees
[12:07:15] <ei103> 21 mei = topdag
[12:07:28] <ei103> whisky EN bier bij Sling & Bier bij koolaid 
[12:07:30] <ei103> man man
[12:07:35] <ei103> en dat op loopafstand van elkaar
[12:07:50] <koolaid> loopafstand zeg je
[12:07:55] <Sling> eng
[12:13:05] *** Joins: Tomsworld (tom@109.130.156.249)
[12:13:21] <the_Ye-Ti> maarja hoelang is het voor je bij die loopafstand bent?
[12:13:36] <ei103> 38 minuten fietsen
[12:13:43] <justaguy> Tomsworld: Belgjeee \0/
[12:13:53] <Tomsworld> hoi
[12:14:06] <the_Ye-Ti> #nerds.be bitte
[12:19:59] *** Quits: koolaid (koolaid@2a02:a212:280:1c00:4ce5:a23c:ce13:4278) (Connection reset by peer)
[12:20:20] *** Joins: koolaid (koolaid@2a02:a212:280:1c00:4ce5:a23c:ce13:4278)
[12:20:27] <the_Ye-Ti> wb koolaid 
[12:21:16] <justaguy> the_Ye-Ti: nee
[12:22:14] <the_Ye-Ti> met reden?
[12:25:11] <justaguy> ja
[12:25:17] <the_Ye-Ti> dan is t goed
[12:28:17] <justaguy> Dat dacht ik al.
[13:12:41] *** Quits: grid (grid@dhcp-089-099-194-232.chello.nl) (Ping timeout: 60 seconds)
[13:18:26] <Fermata> !koffie++
[13:18:31] <digiweed> Fermata: Karma for koffie is now: 1773
[13:18:42] <appy> !koffie++
[13:18:43] <digiweed> appy: Karma for koffie is now: 1774
[13:18:51] <appy> !8 meer koffie zetten
[13:18:53] <digiweed> appy: The outlook is good.
[13:18:55] <Fermata> ZININWHISKY
[13:19:30] <ei103> #genieten
[13:19:41] <the_Ye-Ti> !koffiën++
[13:19:43] <Fermata> Ik kan ook dronken zijn zonder plezier te hebben.
[13:19:44] <digiweed> the_Ye-Ti: Karma for koffiën is now: 243
[13:20:10] <appy> lol
[13:24:02] <justaguy> Fermata: doen
[13:24:45] <ei103> https://www.reddit.com/r/ProgrammerHumor/comments/4ftgm3/trying_to_explain_code_quality_to_execs/d2bz5zz
[13:24:48] <digiweed> Title: Yare_Owns comments on Trying to Explain Code Quality to Execs (at www.reddit.com)
[13:24:59] <Fermata> Nee ik moet nog rijden
[13:26:11] <the_Ye-Ti> zei er iemand coden?
[13:26:33] <ei103> ja
[13:26:38] <the_Ye-Ti> \o/
[13:27:22] *** Joins: Metalfrost (Metalfrost@46.166.188.212)
[13:27:29] <the_Ye-Ti> mf \o/
[13:27:34] <ei103> METALI
[13:27:35] <Metalfrost> hoj liefu mensu
[13:27:36] <ei103> als geroepen
[13:27:42] <the_Ye-Ti> wat gaan we coden?
[13:27:52] <Metalfrost> je moeder.
[13:27:58] <ei103> boude taal
[13:27:59] <the_Ye-Ti> :(
[13:28:11] <the_Ye-Ti> oja de winnende outline entry
[13:28:15] <the_Ye-Ti> *ponder*
[13:28:21] <ei103> atari toch?
[13:28:32] <the_Ye-Ti> bij voorkeur
[13:28:42] <the_Ye-Ti> maar die heb ik niet 
[13:28:50] <ei103> wellicht kan je er een dergelijk grapje in verwerken: http://coolesttshirtdesigns.com/wp-content/uploads/2015/01/atari-safari-unisex-t-shirt-2476.jpeg
[13:28:58] <ei103> voor te lachen
[13:29:13] <the_Ye-Ti> met van die humor
[13:29:18] <bReChThOu> yeti103 o/
[13:29:35] <the_Ye-Ti> \o BrechtHou
[13:29:57] <the_Ye-Ti> ei103: mag ik je atari lenen?
[13:30:38] <ei103> heb ik niet
[13:30:45] <ei103> misschien fierman baarspul
[13:30:46] <ei103> die heeft alles
[13:31:49] *** Quits: Tomsworld (tom@109.130.156.249) (Ping timeout: 66 seconds)
[13:31:52] <the_Ye-Ti> ik zou nog weleens iets voor de jaguar willen coden
[13:32:08] <ei103> is dat voorganger van de lynx?
[13:32:26] <ei103> opvolger?
[13:32:31] <ei103> lastig dat naamgeven
[13:32:47] <the_Ye-Ti> uh nee dat 64bit ding uit 1993 https://en.wikipedia.org/wiki/Atari_Jaguar
[13:32:50] <digiweed> Title: Atari Jaguar - Wikipedia, the free encyclopedia (at en.wikipedia.org)
[13:33:27] <ei103> best aardig https://www.youtube.com/watch?v=UTZwXZ_KUhQ
[13:33:29] <digiweed> Title: 50 Atari Jaguar Games - YouTube (at www.youtube.com)
[13:33:43] *** Joins: Tomsworld (tom@243.227-242-81.adsl-dyn.isp.belgacom.be)
[13:33:52] <the_Ye-Ti> alleen zit dat ding vol met dsp dus dat code vast erg onhandig
[13:33:53] <Metalfrost> godverdomme ik mis mijn game pc
[13:33:58] <Metalfrost> zo dat moest er ff uit
[13:34:03] <ei103> misschein kan je een atari jaguar nemen
[13:34:10] <ei103> voor de tijdelijk
[13:34:46] <Fermata> Metalfrost: twitter?
[13:34:57] <ei103> #nietgenieten
[13:35:02] <ei103> #geenzinin
[13:35:05] <Metalfrost> twitter?
[13:35:47] <ei103> ik denk dat fermata iets wil zeggen
[13:36:02] <ei103> "Lief Dagboek,"
[13:36:04] <Fermata> Nee, zo ben ik niet.
[13:36:20] <ei103> "Ik zou gaarne zien dat METALI lief zegt tegen twitter ipv tegen #nerds"
[13:36:34] <the_Ye-Ti> Metalfrost: mag ik je jaguar lenen?
[13:36:58] <Metalfrost> ik heb geen jaguar, ik heb een scenic en hij heet Richard
[13:37:59] <the_Ye-Ti> voiture is toch een vrouw?
[13:38:16] <Fermata> Gaaf, ik heb ook een Scénic.  
[13:38:22] <Fermata> !renault++
[13:38:25] <digiweed> Fermata: Karma for renault is now: 3
[13:38:29] <Sling> !volvo++
[13:38:33] <digiweed> Sling: Karma for volvo is now: 5
[13:39:03] <Erik> !Nekaf++
[13:39:06] <digiweed> Erik: Karma for Nekaf is now: 1
[13:40:37] *** Quits: koolaid (koolaid@2a02:a212:280:1c00:4ce5:a23c:ce13:4278) (Client exited)
[13:41:03] <Fermata> https://www.youtube.com/watch?v=L8qHOeu5Ops -- omg <3
[13:41:06] <Metalfrost> een groene scenic. 
[13:41:07] <digiweed> Title: Hiromi Uehara - The Tom and Jerry Show (APRIL FOOLS DAY FINALE) - YouTube (at www.youtube.com)
[13:41:29] <Metalfrost> vorige week de special paint eraf gewassen na 1,5 jaar het erop hebben laten groeien
[13:41:43] <Metalfrost> is de special paint eraf gewassen*
[13:43:16] <Metalfrost> ik zou er gewoon mos op laten groeien
[13:43:23] <Metalfrost> eco graffiti
[13:45:53] <the_Ye-Ti> en rijdt ie nu zuiniger?
[13:46:14] <Aim> goedemiddag!
[13:46:52] <Fermata> Ha Aim!
[13:46:55] <the_Ye-Ti> \o aim
[13:47:03] <Aim> hey Fermata!
[13:47:06] <Aim> hey the_Ye-Ti!
[13:47:10] <the_Ye-Ti> ltns
[13:47:12] <ei103> aim!
[13:47:18] <ei103> hoest met de euh
[13:47:20] <ei103> enterprise?
[13:47:41] <justaguy> hoe is het met 
[13:47:43] <justaguy> jullie
[13:48:00] <the_Ye-Ti> justaguy: nu even niet
[13:48:06] <Aim> hey ei103!
[13:48:12] <Aim> ei103: enterprise?
[13:49:22] <ei103> de zaecken(tm)!
[13:49:31] <Aim> aah :P
[13:49:43] <Aim> prima hoor, druk dat wel
[13:49:56] <the_Ye-Ti> nogsteeds philisschuberg?
[13:50:04] <Aim> nieuwe klantomgeving aan het bouwen volgens de laatste standaarden; dat is wel leuk
[13:50:11] <Aim> the_Ye-Ti: juh
[13:50:15] <bReChThOu> Aim o//
[13:50:23] <ei103> wat zijn de laatste standaarden? update me ff
[13:50:27] <Aim> bReChThOu :3
[13:50:35] <Aim> ei103: naja onze eigen standaarden dan 
[13:50:44] <bReChThOu> eigen standaarden
[13:50:45] <bReChThOu> :Y
[13:50:50] <ei103> meten met 2 maten!
[13:50:52] <ei103> ik hoor het al
[13:51:02] <Aim> DSI, terraform deployments, alles in de cloud, geen shared storage, tripple datacenter
[13:51:11] <bReChThOu> ik ga altijd drinken met maten (minder met mate)
[13:51:21] <ei103> enterprise dus
[13:51:26] <ei103> https://xkcd.com/927/
[13:51:27] <Aim> ei103: naja die standaarden veranderen continue dus het is wel handig om deze zelf te freezen 
[13:51:30] <digiweed> Title: xkcd: Standards (at xkcd.com)
[13:51:59] <Fermata> Standaarden die veranderen, zijn dat wel standaarden?
[13:52:02] <Aim> hehe
[13:52:10] <Aim> ei103: daarom freezen :)
[13:53:14] <the_Ye-Ti> manifestje erbij
[13:59:04] <Dubbeldrank> plop
[13:59:19] <Dubbeldrank> !zsh++\
[13:59:23] <Dubbeldrank> wat?
[13:59:25] <Dubbeldrank> !zsh++
[13:59:28] <digiweed> Dubbeldrank: Karma for zsh is now: 16
[14:00:04] <the_Ye-Ti> !cli--
[14:00:06] <digiweed> the_Ye-Ti: Karma for cli is now: -15
[14:01:33] <Dubbeldrank> JAHOOR
[14:01:40] <Dubbeldrank> moet je niet gamen ofzo the_Ye-Ti?
[14:01:44] <the_Ye-Ti> uhm oja
[14:01:47] <Dubbeldrank> :D
[14:01:51] <Dubbeldrank> wat game je?
[14:02:12] <Fermata> Dubbeldrank: je leeft!
[14:02:13] <the_Ye-Ti> vandaag doe ik kirby triple deluxe
[14:02:20] <bReChThOu> kirby<3
[14:02:22] <Dubbeldrank> zowaar Fermata!
[14:02:32] <the_Ye-Ti> op de 3ds /o\
[14:02:36] <Dubbeldrank> O
[14:02:38] <Dubbeldrank> M
[14:02:40] <Dubbeldrank> G
[14:06:20] <Metalfrost> <the_Ye-Ti> en rijdt ie nu zuiniger?     dunno maar als iedereen dat zou doen, dan zou het de luchtkwaliteit op de weg verbeteren
[14:06:25] <Aim> hey Dubbeldrank!
[14:06:30] *** Quits: Fermata (stefan@5.157.82.116) (Ping timeout: 66 seconds)
[14:06:32] <Dubbeldrank> hoi Aim
[14:06:35] <Metalfrost> gewoon verplicht mos op je auto
[14:06:40] <Dubbeldrank> o/
[14:06:43] <Metalfrost> niks geen special paint dinges
[14:07:58] <Metalfrost> https://s-media-cache-ak0.pinimg.com/originals/32/e5/8e/32e58eada4756d8f48b5e8211734b09a.jpg
[14:07:59] <Metalfrost> gewoon dat
[14:08:06] <Metalfrost> fucking owned
[14:11:32] *** Joins: Fermata (stefan@5.157.82.116)
[14:13:09] <Metalfrost> tschus
[14:13:11] *** Quits: Metalfrost (Metalfrost@46.166.188.212) (Exit)
[14:13:56] <justaguy> Fermata: je connectie is ruk
[14:14:25] <ei103> zelluf
[14:19:45] <Fermata> justaguy: klopt.
[14:21:04] <bReChThOu> Fermata o/
[14:21:13] <justaguy> brechtje!
[14:21:35] <Fermata> bReChThOu :3
[14:30:23] <NoxiousPluK> justaguy: recentelijk nog een microsoft azure account gehacked?
[14:30:52] <bReChThOu> ey JAPY
[14:31:50] <NoxiousPluK> oi breggie
[14:34:21] <justaguy> NoxiousPluK: Wat.
[14:34:54] <NoxiousPluK> iemand met een nick die op jou lijkt had het daar over :p
[14:35:06] <NoxiousPluK> kwam ergens online een webcam tegen van een bedrijf
[14:35:11] <NoxiousPluK> en vond remote code execution
[14:35:25] <NoxiousPluK> en nu is 'ie domain admin en heeft 'ie een lijst credentials gevonden
[14:35:35] <NoxiousPluK> o.a. een azure cloud account met 8800 dollar er in :p
[14:35:37] <NoxiousPluK> oeps
[14:37:35] <justaguy> ..
[14:37:53] <NoxiousPluK>  --> | just (justforyou@localhost) has joined #hacking
[14:37:55] <NoxiousPluK> :p
[14:40:51] <ei103> NoxiousPluK: ik zou maar verre blijven van dat soort kanalen
[14:41:03] <ei103> bij meer dan 3 vlaggetjes achter je naam -> bust
[14:41:08] <NoxiousPluK> lol
[14:41:16] <ei103> en dan krijgen wij ook allemaal een vlaggetje achter onze naam
[14:41:20] <NoxiousPluK> niks mis mee om daar te idlen
[14:41:26] <NoxiousPluK> leer je nog eens wat van
[14:41:30] <ei103> plausible deniability
[14:41:40] <NoxiousPluK> gelukkig werkt het nog niet zo
[14:41:55] <ei103> genoeg voorbeelden van
[14:42:05] <ei103> hier niet
[14:42:12] <ei103> in se steets wel
[14:42:25] <ei103> geografisch gescheiden doet er tegenwoordig niet meer toe
[14:43:03] <NoxiousPluK> ik maak mij er niet druk om
[14:43:10] <NoxiousPluK> daarnaast moet iemand dan maar aantonen dat ik er zit
[14:43:29] <ei103> ik denk dat je hostname genoeg zegt ;)
[14:43:39] <ei103> of zit je daar met je leetvhost?
[14:43:53] <NoxiousPluK> eh, het is een irc server op tor
[14:44:03] <ei103> vraag maar aan justaguy hoe veilig dat is
[14:44:05] <NoxiousPluK> en iedereen connect als @localhost daardoor
[14:44:35] <NoxiousPluK> ctcp staat uit in mijn irc client en mn ident is ook iets onzinnigs
[14:44:39] <ei103> justaguy: hoe veilig is tor?
[14:44:45] <justaguy> Gast
[14:44:51] <ei103> NoxiousPluK: dat doet er toch allemaal niet toe?
[14:45:09] <ei103> als die server compromised raakt, ben jij ook het spreekwoordelijke haasje
[14:45:16] <NoxiousPluK> en hoe dan?
[14:45:33] <ei103> fbi, cia, gov
[14:45:35] <ei103> noem maar wat
[14:45:39] <ei103> oh hoe dan
[14:45:42] <NoxiousPluK> mijn hostname is nog niet zichtbaar als die server compromised is
[14:45:45] <ei103> dan zien ze je toch waarvandaan je connect?
[14:45:46] <NoxiousPluK> voor mijn part host de cia 'm
[14:45:55] <NoxiousPluK> misschien moet je je even inlezen hoe tor werkt :)
[14:46:05] <ei103> ik weet hoe het werkt
[14:46:15] <ei103> en hoeveel exitnodes er gecompromised zijn (7%?)
[14:46:26] <NoxiousPluK> exitnodes zeggen niets over waarvandaan je connect
[14:46:45] <ei103> de exitnode weet wie jij bent (of iig je ip)
[14:47:11] <ei103> overigens
[14:47:14] <NoxiousPluK> en dan hebben ze alsnog een ip waar ze niets aan hebben
[14:47:16] <NoxiousPluK> en daarnaast
[14:47:19] <ei103> waarom niet?
[14:47:31] <NoxiousPluK> ik doe niets verkeert met in een channel hangen
[14:47:33] <ei103> overigens is het feit dat je encrypted via tor ergnes op zit al genoeg op je te busten
[14:47:40] <ei103> dat is wat ik ook zou zeggen
[14:47:45] <ei103> artikel 140 denk daar bijv anders over
[14:47:49] <ei103> 'ik was het niet, het waren mijn vrienden'
[14:47:49] <NoxiousPluK> ik heb nog nooit gelezen dat tor niet meer toegestaan is tegenwoordig :p
[14:47:59] <ei103> je gaat gewoon mee de cel in
[14:48:03] <NoxiousPluK> jahoor :p
[14:48:05] <ei103> "je had ze tegen moeten houden"
[14:48:10] <NoxiousPluK> right :p
[14:48:14] <ei103> zo werkt die wet
[14:48:25] <NoxiousPluK> toevallig heb ik daar laatst nog juridisch advies over gevraagd
[14:48:27] <NoxiousPluK> en zo werkt het niet
[14:48:30] <ei103> zag je in de jaren 80 overal op muren geschreven
[14:48:32] <ei103> "stop art 140!"
[14:48:40] <ei103> was erg populair onder krakers
[14:48:41] <NoxiousPluK> en dat ging niet eens over irc
[14:48:59] <ei103> want als je dan aanwezig was in een kraakpand en het werd ontruimd -> lid van criminele organisatie
[14:49:04] <ei103> "ja, maar ik ben z'n moeder!"
[14:49:18] <NoxiousPluK> ik ben dan ook niet aanwezig in een kraakpand
[14:49:24] <NoxiousPluK> en een irc channel is hardly een organisatie
[14:49:29] <ei103> nee, in een subversief kanaal
[14:49:33] <NoxiousPluK> als rawplayer besluit een bank te beroven, zijn wij dan allemaal strafbaar?
[14:49:41] <ei103> als hij dat hier aankondigt
[14:49:52] <NoxiousPluK> ik wil het nog zien
[14:49:59] <ei103> dan kom je op glad ijs als je niemand ingeseind hebt
[14:50:02] <NoxiousPluK> 68 man de bak in omdat iemand hier roept dat 'ie een bank gaat beroven
[14:50:22] <ei103> dat het hier niet NL (nog) niet zo werkt, maakt het niet minder lastig voor je
[14:50:31] <ei103> die US denkt niet in landsgrenzen als het op wetten aankomt
[14:50:45] <appy> ei103: wil je nou zeggen dat al die mensen die iemand op facebook hebben zien roepen dattie de school gaat beschieten nu achter tralies zitten? ;')
[14:50:58] <appy> want dat is wat je zegt..
[14:51:02] <ei103> dat is niet wat ik zeg
[14:51:13] <NoxiousPluK> dat is wel wat je zegt
[14:51:40] <ei103> jij herhaalt hier dingen die je ergens anders hebt gehoord
[14:51:45] <ei103> illegale zaken
[14:51:49] <appy> ze hebben het gezien, ze hebben er niks mee gedaan
[14:51:53] <bReChThOu> !sfeer
[14:51:56] <digiweed> bReChThOu: "sfeer" : (#1) de sfeer op dit moment is: goed, or (#2) girmig
[14:51:57] <ei103> op facebook kan je nog doen alsof je het niet hebt gezien
[14:52:02] <ei103> (sort of)
[14:52:10] <NoxiousPluK> neehoor
[14:52:14] <NoxiousPluK> want facebook heeft hele mooie logs
[14:52:21] <NoxiousPluK> die kunnen aantonen dat jij het op je scherm hebt gehad of niet
[14:52:29] <ei103> das nog wat anders dan zien
[14:52:31] <NoxiousPluK> daarnaast zeg ik nergens dat het om illegale zaken gaat
[14:52:38] <NoxiousPluK> misschien is de persoon in kwestie wel aan het pentesten
[14:52:41] <NoxiousPluK> weet ik veel
[14:52:44] <ei103> je weet het neit
[14:52:50] <ei103> ergo: het kan illegaal zijn
[14:52:55] <ei103> heb je al iemand ingeseind?
[14:53:05] <ei103> of zeker gemaakt dat ie aan het pentesten is?
[14:53:07] <NoxiousPluK> heb jij het al gedaan?
[14:53:10] <NoxiousPluK> want jij hebt het bij deze ook gezien
[14:53:12] <ei103> ik weet niet wie en wat en hoe
[14:53:18] <ei103> jij bent dichter bij de bron
[14:53:23] <NoxiousPluK> daarnaast is de helft van de idlers in dat channel vast een overheidsdienst
[14:53:30] <ei103> dus ik verordeneer je om de jusite autoriteiten in te seinen
[14:53:36] <NoxiousPluK> right
[14:53:42] <NoxiousPluK> ik loop dus een politiebureau binnen
[14:53:45] <ei103> nee gast
[14:53:48] <ei103> dat zijn sukkels
[14:53:58] <ei103> www.aivd.nl
[14:54:01] <ei103> doe ze de groeten van rawplayer 
[14:54:03] <NoxiousPluK> 'ja hoi, op een irc server ergens online, anoniem, lees ik iets over iemand die iets kraakt bij een onbekend bedrijf waarvan ik niet weet in welk land'
[14:54:14] <ei103> ja, zoek dat uit dan
[14:54:17] <appy> die iets lijkt te kraken
[14:54:25] <NoxiousPluK> ik ben er behoorlijk zeker van dat de aivd daar ook zit :p
[14:54:36] <NoxiousPluK> daarnaast, hoe kan ik dat uitzoeken?
[14:54:36] <appy> ei103: dan doe je het werk van de aivd en daar zijn ze niet blij mee
[14:54:37] <ei103> wat is dan nog het fucking nut van tor en encrypted?
[14:54:41] <NoxiousPluK> ik bemoei mij er niet mee, ik zie het alleen langskomen
[14:54:45] <ei103> dan kan je toch beter hiden in plain sight?
[14:54:58] <ei103> justaguy: nou?
[14:54:59] <NoxiousPluK> tor omdat die irc server als een tor hidden service draait
[14:55:03] <justaguy> ei103: nee
[14:55:04] <NoxiousPluK> als hij dat niet deed zat ik er ook
[14:55:10] <ei103> justaguy: wat nee? niet of wel?
[14:55:26] <NoxiousPluK> het is niet mijn keuze dat die server alleen over tor bereikbaar is ei103 :p
[14:55:36] <ei103> waarom zou je er willen zitten dan?
[14:55:45] <NoxiousPluK> maar ik heb hier ook iemand eens zien roepen 'pffff ik zou een bank moeten beroven'
[14:55:46] <ei103> klinkt allemaal als moeite
[14:55:48] <NoxiousPluK> moet ik dan ook al gaan melden?
[14:55:55] <NoxiousPluK> welnee, het is helemaal geen moeite
[14:55:57] <ei103> eigenlijk wel
[14:56:04] <NoxiousPluK> apt-get install tor 
[14:56:06] <ei103> wie was dat?
[14:56:09] <ei103> !karma tor
[14:56:13] <digiweed> ei103: Karma for "tor" has been increased 4 times and decreased 8 times for a total karma of -4.
[14:56:13] <ei103> pompom
[14:56:25] <NoxiousPluK> ooh die karma is idd een perfecte indicatie
[14:56:34] <ei103> half om half
[14:56:36] <NoxiousPluK> extreem representatief
[14:56:54] <ei103> niet zo serieus nox
[14:56:55] <NoxiousPluK> ik heb tor ge'apt-get, een socks5 proxy naar localhost gezet in weechat en ik was klaar
[14:56:59] <NoxiousPluK> haha
[14:57:05] <NoxiousPluK> als er iemand hier serieus doet ben jij het wel :*
[14:57:09] <ei103> nee
[14:57:19] <ei103> je kan niet in mijn kop kijken
[14:57:27] <ei103> laat staan mijn portemonnee
[14:57:36] <NoxiousPluK> ehh
[14:57:39] <ei103> tenzij
[14:57:39] <NoxiousPluK> wil ik dat dan?
[14:57:42] <ei103> iemand via dat kanaal
[14:57:47] <ei103> mijn bank gehackt heeft
[14:57:53] <ei103> blijbkaar
[14:57:54] <NoxiousPluK> ik zie niet direct in wat ik met jou portemonee te maken heb :p
[14:57:58] <NoxiousPluK> right
[14:58:00] <ei103> je doet een statement over mijn gemoedstoestand
[14:58:06] <ei103> zonder in mijn kop te kunnen kijken
[14:58:06] <NoxiousPluK> en daar ben ik dan deels verantwoordelijk voor
[14:58:09] <NoxiousPluK> blijkbaar
[14:58:29] <ei103> dus of doe zo'n statement niet of vraag het
[14:58:39] <ei103> en dan zeg ik "gematigd serieus"
[14:58:39] <NoxiousPluK> durf je nog wel bij hackerspaces te komen?
[14:58:42] <NoxiousPluK> want die hebben 'hack' in de naam
[14:58:47] <ei103> sure
[14:58:50] <ei103> hoewel ik eik nooit kom
[14:59:25] <NoxiousPluK> aangezien je al precies weet om wat voor soort channel het gaat blijkbaar
[14:59:32] <ei103> bij staat hacker met slechte connotaasies pas op plaats 9. van de definities
[14:59:37] <ei103> ik krijg er wel een beeld bij
[14:59:57] <NoxiousPluK> naja https://en.wikipedia.org/wiki/Hacker_culture staat gelinkt in het topic
[14:59:59] <ei103> iemand vind een remote en gaat dan blijkbaar braggen over $8800,- die ergens staan
[15:00:02] <NoxiousPluK> misschien doet dat wat met je beeld
[15:00:02] <digiweed> Title: Hacker culture - Wikipedia, the free encyclopedia (at en.wikipedia.org)
[15:00:13] <ei103> vertel mij niet wat de definitie van hacker is
[15:00:18] <NoxiousPluK> want je hebt al erg snel een beeld, zonder in het channel te kunnen kijken
[15:00:24] <NoxiousPluK> net als dat ik niet in jou hoofd kan kijken :*
[15:00:34] <ei103> maar pentesters vallen bij mij op plaats 8. van de definitie van hacker
[15:00:39] <ei103> net 1 plaatsje boven 9.
[15:00:41] <ei103> (de cracker)
[15:00:46] <NoxiousPluK> dat kan
[15:00:51] <NoxiousPluK> het heet niet #crackers, right?
[15:00:56] <ei103> hoe heet het?
[15:00:57] <NoxiousPluK> het gaat voornamelijk over pentesting
[15:01:01] <NoxiousPluK> dat je dat even weet
[15:01:06] <NoxiousPluK> eh, dat weet je al :p
[15:01:12] <ei103> dan kunnen ze beter het wikipedia artikel over pentesting als topic zetten
[15:01:41] <appy> want er kan maar 1 ding in het topic
[15:01:44] <NoxiousPluK> oh er staat nog meer in het topic
[15:01:54] <ei103> weghalen dan
[15:01:56] <ei103> hou op
[15:01:57] <NoxiousPluK> als je het zo graag wil weten, kan ik het wel even copy/pasten voor je
[15:01:59] <appy> mooi deze hoeveelheid aannames
[15:02:02] <Fermata> Ik vind dit wel goed zo.
[15:02:08] <NoxiousPluK> 14:59:43           -- | Topic for #hacking is "http://www.catb.org/~esr/faqs/hacker-howto.html | https://www.exploit-db.com/ -- https://www.reddit.com/r/netsec -- https://www.reddit.com/r/blackhat -- https://www.reddit.com/r/crypto -- https://www.reddit.com/r/onions -- https://en.wikipedia.org/wiki/Hacker_culture"
[15:02:09] <ei103> nee dank je
[15:02:10] <digiweed> Title: How To Become A Hacker (at www.catb.org)
[15:02:18] <ei103> stom stopic
[15:02:18] <Fermata> Maar ik ben ook enigszins narcistisch aangelegd.
[15:02:19] <ei103> veel te serieus
[15:02:33] <ei103> ze kunnen een voorbeeld nemen aan #nerds
[15:02:34] <Fermata> OH
[15:02:40] <NoxiousPluK> overigens zit deze dude er ook: http://devco.re/blog/2016/04/21/how-I-hacked-facebook-and-found-someones-backdoor-script-eng-ver/
[15:02:42] <Fermata> Ik moet m'n rode broek natuurlijk wel aan
[15:02:47] <NoxiousPluK> was hij een verschrikkelijk slechte hax0r?
[15:02:49] <NoxiousPluK> vast wel
[15:02:50] <digiweed> Title: How I Hacked Facebook, and Found Someone's Backdoor Script | DEVCORE 戴夫寇爾 (at devco.re)
[15:02:54] <NoxiousPluK> kijk ook even wat 'ie met zijn findings heeft gedaan
[15:02:56] <NoxiousPluK> onderaan het artikel
[15:02:59] <ei103> NoxiousPluK: maar ben je het met me eensch dat het voor jou gevaarlijk is om dit soort kanalen te vertoeven?
[15:03:10] <ei103> ja, $10.000 mee verdient
[15:03:10] <NoxiousPluK> nee
[15:03:17] <mimic> moge
[15:03:20] <NoxiousPluK> ik ben het er niet mee eens 
[15:03:24] <NoxiousPluK> want het is een deel van mijn werk
[15:03:26] <NoxiousPluK> ik leer er van
[15:04:59] <appy> ei103: maak jij je nou zorgen over wat NoxiousPluK doet?
[15:05:04] <ei103> totaal niet
[15:05:08] <ei103> die kan zichzelf wel redden
[15:05:44] <appy> waarom deze tirade dan? 
[15:05:52] <ei103> dit is geen tirade mensen
[15:06:04] <ei103> ik weerleg wat punten die hij te berde brengt
[15:06:11] <mimic> ei, wat denk jij
[15:06:12] <ei103> en zo komen we van de hak op de tak
[15:06:14] <mimic> jouw hoofd...
[15:06:16] <ei103> ja, ik denk dat mimic
[15:06:25] <ei103> ik denk dat al heel lang
[15:06:25] <mimic> rawplayers kont
[15:06:30] <ei103> maar jij bent te lamlendig
[15:06:39] <ei103> om je KLAUWEN uit te steken
[15:06:45] <mimic> mooi he
[15:06:49] <ei103> ik heb al 10x gezegd dat je die daar in moet stoppen
[15:06:56] <Fermata> In rawplayers kont?
[15:07:14] <mimic> je hoort m de hele dag niet
[15:07:20] <mimic> maar één anaal woord
[15:07:23] <mimic> en Fermata is er
[15:07:31] <Fermata> Oh oké.
[15:07:34] <Fermata> Dan ga ik wel weer.
[15:07:39] <mimic> was gezellig
[15:07:41] <mimic> xoxoxo
[15:07:50] <Fermata> Ik moet nog gaan eten met tuig in Nijmegen straks.
[15:08:04] <ei103> sorry
[15:08:06] <ei103> ik ben er niet bij
[15:08:13] <mimic> ik wist niet dat surrounder zo ver kon reizen
[15:08:36] <mimic> zo zonder begeleiding
[15:08:43] <Fermata> Drones hè
[15:08:50] <Fermata> Haak in de kraag in Wageningen
[15:08:59] <Fermata> Mbv GPS naar Nijmegen
[15:09:00] <Fermata> *dump*
[15:09:07] <mimic> Sander le Tralala
[15:09:09] <mimic> 23 April 2011 at 03:45 ·
[15:09:11] <mimic> Portal 2 uitgespeeld. Tijd voor slaap.
[15:09:12] <mimic> das lang gelee
[15:12:35] *** Joins: koolaid (koolaid@ip-213-127-118-32.ip.prioritytelecom.net)
[15:12:39] *** Quits: koolaid (koolaid@ip-213-127-118-32.ip.prioritytelecom.net) (Client exited)
[15:12:39] *** Joins: koolaid (koolaid@2a02:a212:280:1c00:4ce5:a23c:ce13:4278)
[15:13:05] <mimic> voor de NoxiousPluK https://www.youtube.com/watch?v=gSZs3YHATxk
[15:13:07] <digiweed> Title: ITS FINALLY HERE!! - Fallout 4 Mods - Week 24 - YouTube (at www.youtube.com)
[15:16:28] <Dubbeldrank> goh, gezellig hier
[15:17:03] <ei103> ga weg
[15:17:19] <Dubbeldrank> ok
[15:17:21] *** Parts: Dubbeldrank (is@niet.te.zuipen) ()
[15:28:48] <Fermata> Mensen!
[15:28:56] <ei103> wat een aap
[15:29:03] <Fermata> Goed nieuws!
[15:30:27] <Fermata> M'n nieuwe NikeiD's zijn onderweg.
[15:31:13] <bReChThOu> :/
[15:33:47] <mimic> https://www.youtube.com/watch?v=W6jVw5eZJjk
[15:33:49] <digiweed> Title: DVD/ VHS/ Laserdisc Collection 2016 - YouTube (at www.youtube.com)
[15:33:55] <mimic> AVGN
[15:37:58] *** Quits: Fermata (stefan@5.157.82.116) (Ping timeout: 61 seconds)
[15:42:12] <mimic> https://www.youtube.com/watch?v=pRz_CG3DZb4
[15:42:14] <digiweed> Title: Nvidia FAILURE… Lab - AMAZING Behind The Scenes Tour - YouTube (at www.youtube.com)
[15:42:40] *** Joins: Fermata (stefan@5.157.82.116)
[15:50:04] <wirky> Fermata GABBERTJE
[15:50:13] <ei103> :S
[15:50:19] <wirky> meej je rooie trainingsbroek
[15:50:40] <Fermata> En AirMaxjes!
[15:50:41] <bReChThOu> :+
[15:50:51] <mimic> hakken wie einer malle
[15:52:01] <Fermata> Goed.
[15:52:02] <Fermata> DOEi
[15:53:04] <mimic> dag
[16:16:00] <the_Ye-Ti> !seen dubbeldrank
[16:16:00] <Nyx> dubbeldrank was last seen here 58 minutes ago.
[16:16:01] <digiweed> the_Ye-Ti: dubbeldrank was last seen in #nerds 58m 41s ago: <Dubbeldrank> ok
[16:19:45] *** Quits: Tomsworld (tom@243.227-242-81.adsl-dyn.isp.belgacom.be) (Ping timeout: 61 seconds)
[16:23:18] <mimic> https://www.youtube.com/watch?v=jiu0LPeLQPE
[16:23:22] <digiweed> Title: Retro-Tech: When HD Movies came on VHS - YouTube (at www.youtube.com)
[17:00:08] *** Joins: Tomsworld (tom@243.227-242-81.adsl-dyn.isp.belgacom.be)
[17:07:24] *** Quits: SCHAPiE (dorian@dhcp-077-249-247-124.chello.nl) (Exit)
[17:15:32] *** Joins: SCHAPiE (dorian@dhcp-077-249-247-124.chello.nl)
[17:30:40] <Fermata> Nou, geen Nijmegen
[17:31:25] <Fermata> Ik sta vast voor de afgesloten Roertunnel; te hoge vrachtwagen heeft ALLE waarschuwingen gemist en heeft de ventilatoren en camera's kapot gereden
[17:31:43] <ei103> :(
[17:31:52] <ei103> leiden ze niet om?
[17:31:55] <Fermata> Half uur al
[17:32:00] <Fermata> Ik sta er pal voor
[17:32:09] <Fermata> 50-100m
[17:32:09] <justaguy> Fermata: omg irc achter het stuur
[17:32:15] <ei103> hij staat stil :s
[17:32:19] <justaguy> :)
[17:33:48] <Fermata> Godn"ndeju zeg
[17:34:05] <Fermata> Pakketbezorger van PostNL heeft dit al voor de tweede keer deze week
[17:34:08] <Fermata> Dan baal je ook
[17:40:45] <ei103> Dicht tussen knp. Het Vonderen en de Roertunnel
[17:40:48] <ei103> Vonderen dan ook!
[17:41:56] <Fermata> *vonder*
[17:42:23] <ei103> jij bent zeker zo'n mafkees die ook reurmonj zegt
[17:42:31] <ei103> TIL
[17:42:38] <ei103> dat de Roer niet de Ruhr is
[17:42:46] <ei103> niet dat ik dat dacht, maar toch
[17:44:15] <Fermata> Remunj, he.
[17:44:20] <Fermata> En nee dat doe ik niet
[17:56:48] *** Joins: grid (grid@dhcp-089-099-194-232.chello.nl)
[18:25:30] *** Quits: grid (grid@dhcp-089-099-194-232.chello.nl) (Ping timeout: 67 seconds)
[19:03:17] <ei103> volwassen hoor http://www.gelderlander.nl/regio/nijmegen-e-o/nijmegen/studenten-ziekenhuis-in-geslagen-door-rivaliserende-corpsleden-1.5950218
[19:03:20] <digiweed> Title: Mishandeling leden studentenclub Carolus Magnus Nijmegen door corpsleden Ovum Novum (at www.gelderlander.nl)
[19:06:23] <koolaid> shit had ik maar gordijnen
[19:07:07] <ei103> !zon--
[19:07:11] <digiweed> ei103: Karma for zon is now: 18
[19:23:23] *** Quits: Fermata (stefan@5.157.82.116) (Ping timeout: 66 seconds)
[19:41:52] *** Joins: grid (grid@82-168-233-113.ip.telfort.nl)
[19:45:23] <wirky> hoi grid
[19:45:29] <grid> hoi
[19:45:37] <wirky> hoe gaat t met jou
[19:45:56] <grid> goed
[19:46:42] <wirky> heb je nog leuke feitjes en of weetjes
[19:49:20] *** Joins: Fermata (stefan@5.157.82.116)
[20:02:54] <ei103> Fermata: status?
[20:03:54] <Fermata> Bureau, synth, muziekpapier.
[20:04:38] *** Quits: Tomsworld (tom@243.227-242-81.adsl-dyn.isp.belgacom.be) (Ping timeout: 66 seconds)
[20:07:18] <the_Ye-Ti> goed gegaan op t euh KKplein?
[20:07:23] *** Joins: Tomsworld (tom@243.227-242-81.adsl-dyn.isp.belgacom.be)
[20:07:32] <Fermata> Niet doorgegaan.
[20:07:42] <Fermata> Ik stond bijna een uur vast voor de Roertunnel.
[20:08:08] <Fermata> Een of andere vrachtwagenchauffeur had op de A73 ALLE waarschuwingengemist en heeft in de tunnel ventilatiesystemen en camera's stuk gereden
[20:09:31] <the_Ye-Ti> beroerd
[20:09:58] <Fermata> Juh
[20:10:06] <Fermata> Andere keer dan maar.
[21:52:51] <the_Ye-Ti> de feestelijke zaterdagavond \o/
[21:56:56] <NoxiousPluK> Fermata: ZombieSloth weer zeker
[22:27:30] *** Joins: Guyver2 (Guyver2@guyver2.xs4all.nl)
[22:47:47] *** Quits: SCHAPiE (dorian@dhcp-077-249-247-124.chello.nl) (Exit)
[22:48:10] *** Joins: SCHAPiE (dorian@dhcp-077-249-247-124.chello.nl)
[22:53:04] *** Quits: SCHAPiE (dorian@dhcp-077-249-247-124.chello.nl) (Ping timeout: 67 seconds)
[23:08:46] *** Joins: SCHAPiE (dorian@dhcp-077-249-247-124.chello.nl)
[23:29:11] *** Quits: wirky (werken@ip503c7f23.speed.planet.nl) (Ping timeout: 60 seconds)
[23:49:54] *** Quits: grid (grid@82-168-233-113.ip.telfort.nl) (Ping timeout: 60 seconds)
[23:54:22] *** Quits: Guyver2 (Guyver2@guyver2.xs4all.nl) (Exit)
[23:58:14] *** Quits: int3nz0r (int3nz0r@541A8E1B.cm-5-3c.dynamic.ziggo.nl) (Exit)
