[00:06:16] *** Quits: Xyphoid (Xyphoid@i210097.upc-i.chello.nl) (Client exited)
[00:33:18] *** Quits: welly7 (willy@ip503c7f23.speed.planet.nl) (Ping timeout: 60 seconds)
[00:33:18] *** Quits: wirky (werken@ip503c7f23.speed.planet.nl) (Ping timeout: 60 seconds)
[00:34:22] *** Joins: welly7 (willy@ip503c7f23.speed.planet.nl)
[00:34:37] *** Joins: wirky (werken@ip503c7f23.speed.planet.nl)
[00:48:35] *** Quits: QORRiE (dorian@dhcp-077-249-247-124.chello.nl) (Exit)
[00:51:08] <wirky> okay
[00:51:12] <wirky> sup
[01:00:14] *** Quits: Tomsworld (tom@91.179.64.24) (Ping timeout: 61 seconds)
[01:05:03] *** Joins: Tomsworld (tom@2a02:a03f:26af:8700:9ce8:f62:8bfa:9b31)
[01:20:24] *** Quits: Tomsworld (tom@2a02:a03f:26af:8700:9ce8:f62:8bfa:9b31) (Ping timeout: 67 seconds)
[01:47:49] *** Quits: koolaid (koolaid@2a02:a212:280:1c00:8dff:1611:7521:2013) (Client exited)
[03:48:41] *** Joins: koolaid (koolaid@ip-213-127-118-32.ip.prioritytelecom.net)
[03:49:46] *** Quits: koolaid (koolaid@ip-213-127-118-32.ip.prioritytelecom.net) (Ping timeout: 61 seconds)
[04:30:41] *** Quits: SCHAPiE (dorian@dhcp-077-249-247-124.chello.nl) (Exit)
[04:31:03] *** Quits: wirky (werken@ip503c7f23.speed.planet.nl) (Ping timeout: 66 seconds)
[06:23:54] <Fermata> Mogge
[07:50:01] *** Joins: koolaid (koolaid@2a02:a212:280:1c00:8dff:1611:7521:2013)
[07:51:04] *** Quits: koolaid (koolaid@2a02:a212:280:1c00:8dff:1611:7521:2013) (Ping timeout: 60 seconds)
[08:07:08] <rawplayer> mogge
[08:07:14] <rawplayer> !koffie++
[08:07:17] <digiweed> rawplayer: Karma for koffie is now: 1808
[09:18:47] *** Joins: Tomsworld (tom@91.179.64.24)
[09:19:13] *** Joins: koolaid (koolaid@2a02:a212:280:1c00:8dff:1611:7521:2013)
[09:19:58] <rawplayer> koolaid o/
[09:20:05] <koolaid> o/
[09:20:53] <koolaid> snel effe wat soylenten en naar de plee alvorens naar de gym te gaan!
[09:21:12] <rawplayer> nice nice
[09:21:18] <rawplayer> chill dat die open is!
[09:33:05] *** Joins: wirky (werken@ip503c7f23.speed.planet.nl)
[09:35:19] *** Quits: koolaid (koolaid@2a02:a212:280:1c00:8dff:1611:7521:2013) (Client exited)
[10:02:03] <Fermata> Bevriend gaykoppel gaat trouwen \o/
[10:02:06] <Fermata> Zo lief samen <3
[10:07:05] *** Quits: Tomsworld (tom@91.179.64.24) (Ping timeout: 66 seconds)
[10:08:51] *** Joins: SCHAPiE (dorian@dhcp-077-249-247-124.chello.nl)
[10:21:29] <the_Ye-Ti> huhwat
[10:37:49] <the_Ye-Ti> syf_: https://youtu.be/anrvBD4aTGY
[10:37:51] <digiweed> Title: Exclusive DOOM 1080p 60FPS Gameplay with Vulkan API on GeForce GTX - YouTube (at youtu.be)
[10:43:46] *** Joins: Guyver2 (Guyver2@guyver2.xs4all.nl)
[11:08:00] *** Joins: Tomsworld (tom@91.179.64.24)
[11:15:26] *** Quits: Tomsworld (tom@91.179.64.24) (Ping timeout: 60 seconds)
[11:35:36] *** Joins: koolaid (koolaid@ip-213-127-118-32.ip.prioritytelecom.net)
[11:36:50] <justaguy> Fermata: wanneer ga jij trouwen
[11:37:07] *** Quits: koolaid (koolaid@ip-213-127-118-32.ip.prioritytelecom.net) (Ping timeout: 60 seconds)
[11:39:37] <Fermata> Niet binnenkort, in ieder geval.
[11:40:14] *** bIeR is now known as bReChThOu
[11:41:18] <bReChThOu> toet
[11:44:54] * BarthezZ humpt bReChThOu
[11:53:22] <bReChThOu> bartje :>
[11:53:27] <nietzowerrum103> https://www.mascolori.nl/prime-punch
[11:53:29] <nietzowerrum103> koopjuh
[11:53:31] <digiweed> Title: Prime Punch (at www.mascolori.nl)
[11:54:15] <Fermata> Heb je ze al gekocht?
[11:54:23] <nietzowerrum103> te common
[11:54:31] <nietzowerrum103> zeker nu ze in de aanbieding zijn
[11:54:49] <Fermata> In het zwart zouden ze mooi zijn voor onder het nieuwe kostuum.
[11:55:08] <nietzowerrum103> ga je carnaval vieren?
[11:55:19] <Fermata> Kostuum, pak, hoe noem je dat
[11:55:22] <nietzowerrum103> zwart hebben ze uiteraard niet
[11:55:40] *** Joins: koolaid (koolaid@2a02:a212:280:1c00:8dff:1611:7521:2013)
[11:55:45] <nietzowerrum103> oh toch sort of https://www.mascolori.nl/schoenen/black-mamba
[11:55:48] <digiweed> Title: Black Mamba - Schoenen (at www.mascolori.nl)
[11:56:09] <Fermata> https://www.mascolori.nl/prime/prime-ebony -- doe eens zoeken anders
[11:56:12] <digiweed> Title: Prime Ebony - Prime (at www.mascolori.nl)
[11:56:41] <nietzowerrum103> kek
[11:57:08] <Fermata> Ik wacht nog op m'n nieuwe tailcoat verdorie
[12:01:39] <the_Ye-Ti> oh schone geduldzaak
[12:15:16] *** Joins: Tomsworld (tom@91.179.64.24)
[12:18:43] *** Quits: Guyver2 (Guyver2@guyver2.xs4all.nl) (Client exited)
[12:25:52] *** Quits: Tomsworld (tom@91.179.64.24) (Ping timeout: 66 seconds)
[12:28:40] <justaguy> servers moven is toch altijd lastiggg
[12:29:16] <nietzowerrum103> zelluf lastig
[12:30:20] <nietzowerrum103> zo zwaar zijn ze toch niet?
[12:33:31] <surrounder> HONDERDDROE!
[12:33:37] <surrounder> *HONDERDDRIE!
[12:34:02] <Fermata> !l mooiewoorden as HONDERDDROE
[12:34:06] <digiweed> Fermata: The operation succeeded.
[12:34:39] <surrounder> Fermatatatata.wav o//
[12:34:51] <Fermata> surrounder o//
[12:35:40] <justaguy> Fermata.deepthroat https://www.youtube.com/watch?v=OAVL61yeCYs&feature=youtu.be&t=09s
[12:35:45] <digiweed> Title: E.T. the Walrus practices his vocalizations at Point Defiance Zoo & Aquarium - YouTube (at www.youtube.com)
[12:36:03] <Fermata> justaguy: 404
[12:53:39] <koolaid> nietzowerrum103: 
[12:54:13] <justaguy> het is weer eens een feestdag en zondag in belgië
[12:54:17] <justaguy> telenet helemaal stuk 
[12:54:49] <Fermata> aww
[12:57:56] <justaguy> ik was gisteren dus in Garderen
[12:58:06] <justaguy> wat een leeg niemandsland is dat
[12:59:05] <koolaid> ah naast Stroe en Uddel
[13:00:33] <surrounder> justaguy: dan was je in de buurt
[13:03:59] <justaguy> surrounder: orly
[13:05:40] <surrounder> 2 gemeentes verder
[13:05:55] <justaguy> enge gedachte dat
[13:05:57] <justaguy> :3
[13:06:46] <surrounder> angsthaas
[13:06:54] <justaguy> =)
[13:07:42] <surrounder> !gelderland++
[13:07:45] <digiweed> surrounder: Karma for gelderland is now: 31
[13:08:46] <bReChThOu> zo noemen we belgie ook
[13:08:50] <bReChThOu> oh wacht, dat is kelderland
[13:08:59] * justaguy schopt bReChThOer
[13:09:23] <surrounder> bReChThOu: mgiihiii
[13:10:28] <bReChThOu> !gamen
[13:10:34] <bReChThOu> rct2 4 laif
[13:10:35] <bReChThOu> !gamen++
[13:10:38] <digiweed> bReChThOu: Karma for gamen is now: 39
[13:12:24] <justaguy> nah surrounder ik zit wel vaker in de buurt van een #nerd'er
[13:12:25] <justaguy> :P
[13:12:51] *** Quits: int3nz0r (int3nz0r@541A8E1B.cm-5-3c.dynamic.ziggo.nl) (Ping timeout: 61 seconds)
[13:14:36] <surrounder> joh
[13:15:27] <bReChThOu> ik blijf er zo ver mogelijk vandaan
[13:15:33] <Boots> rct2 ftw
[13:15:51] <Boots> 1 ook overigens
[13:17:14] *** Joins: int3nz0r (int3nz0r@541A8E1B.cm-5-3c.dynamic.ziggo.nl)
[13:17:18] *** Quits: int3nz0r (int3nz0r@541A8E1B.cm-5-3c.dynamic.ziggo.nl) (Exit)
[13:27:30] *** Quits: jk-5 (jk-5@D549D0E1.cm-10-1b.dynamic.ziggo.nl) (Ping timeout: 61 seconds)
[13:30:54] <Fermata> http://i.imgur.com/8Lmgws7.jpg -- :D
[13:32:56] <Boots> lol
[13:33:13] <Boots> No escape from railality
[13:35:27] <surrounder> lawl
[13:35:47] *** Joins: jk-5 (jk-5@D549D0E1.cm-10-1b.dynamic.ziggo.nl)
[13:39:21] <rawplayer> nog 21 minuten!
[13:40:08] <Fermata> En dan?
[13:40:40] <bReChThOu> dan ist 14:00
[13:40:57] <Fermata> Dat was vast niet het eigenlijke punt.
[13:40:59] *** Joins: Tomsworld (tom@91.179.64.24)
[13:41:02] <Fermata> Of wel, in which case *slowclap*
[13:41:04] <surrounder> rawplayer: en dan?
[13:43:30] <Boots> woooootwoooot 14u
[13:44:14] * surrounder off
[13:44:15] <surrounder> later o//
[13:56:30] * bReChThOu on
[13:57:53] *** Joins: int3nz0r (int3nz0r@541A8E1B.cm-5-3c.dynamic.ziggo.nl)
[14:07:11] <rawplayer> omg
[14:07:16] <rawplayer> mercedes er uit
[14:07:19] <rawplayer> :D
[14:07:27] <rawplayer> verstappen tweede
[14:08:02] <rawplayer> hamilton knalt tegen rossberg aan
[14:09:05] <rawplayer> spannend
[14:09:06] <the_Ye-Ti> </spoiler>
[14:09:06] <rawplayer> nu al
[14:09:23] <rawplayer> safety car nog er in
[14:09:26] <rawplayer> derde ronde
[14:10:25] <rawplayer> saintz eerste
[14:10:31] <rawplayer> verstappen tweede
[14:10:42] <the_Ye-Ti> nog 80 rondes te gaan?
[14:10:50] <rawplayer> 62
[14:11:02] <rawplayer> nu ronde 4
[14:11:14] <the_Ye-Ti> zenuwslopend /o\
[14:11:18] <rawplayer> uhu
[14:11:25] <rawplayer> xD
[14:33:47] <mimic> heeft iemand een decent online stream voor me?
[14:33:56] <mimic> van f1
[15:16:22] *** Joins: Escovan (Escovan@server1.escovan.net)
[15:22:06] <Escovan> Yeah nieuwe rDNS doet het. IP is hetzelfde.
[15:22:40] <justaguy> ya omg !
[15:22:41] <justaguy> kijk
[15:22:43] *** Quits: justaguy (justaguy@justaguy.nl) (Exit)
[15:22:44] *** Joins: justaguy (justaguy@justaguy.nl)
[15:22:49] <justaguy> OMG
[15:23:29] <Fermata> WAT
[15:23:34] <Escovan> Ja, ik heb het ook vaker gedaan. Maar het werkte nu binnen 12 uur sinds ik de vorige veranderd had. Omdat ik een lagere TTL had ingesteld.
[15:23:51] <justaguy> ik doe TTL altijd 300
[15:23:56] <justaguy> #whynot
[15:24:02] <Escovan> 300 is voor test
[15:24:30] <Escovan> 16800 voor serieuze zaken die niet zo snel veranderen.
[15:25:03] <justaguy> Ey uhm, ik heb 2 serverdozen, ik wil wat remote storage doen, HDD van server 1 mounten op server 2
[15:25:06] <justaguy> hoe de fuck moet dat
[15:25:28] <Escovan> via FTP een mountpoint aanmaken?
[15:25:42] <justaguy> FTP
[15:25:42] <Escovan> komt ie gewoon online via mount -a
[15:25:47] <justaguy>  /kick Escovan
[15:25:50] <Escovan> of CIFS
[15:25:56] <Escovan> SMB
[15:26:17] <Escovan> Of heb je een SAN ofzo?
[15:26:23] <justaguy> nee joh
[15:26:29] <justaguy> gewoon een online.net doos en een transip doos
[15:28:21] <justaguy> sftp mounts 
[15:28:28] <Escovan> Naar mijn ervaring is FTP sneller dan CIFS/SMB ... Gewoon via mc de FTP benaderen als je snel wat wil overzetten
[15:28:33] <Escovan> Ja sftp
[15:28:38] <Escovan> duh
[15:28:42] <Escovan> tis geen 1999
[15:28:54] <justaguy> Ja Escovan ik ben de nieuwe generatie hé
[15:28:58] <Escovan> toen certificaten nog 100 gulden kostten
[15:30:04] <Escovan> want mensen met ¨crypto software kennis¨ waren special ... en export verbod enzo.
[15:30:27] <Escovan> Nu doet iedereen dat gewoon effe met Let´s encrypt of StartSSL.
[15:31:42] <Escovan> http://server3.escovan.net/
[15:31:46] <digiweed> Title: EscoServer 3 - Cloud Technology (at server3.escovan.net)
[15:46:41] <mimic> MAX MAX MAX MAX MAX MAX MAX MAX MAX MAX MAX MAX MAX MAX MAX MAX MAX MAX MAX MAX MAX MAX MAX MAX MAX MAX MAX MAX MAX MAX MAX MAX MAX MAX MAX 
[15:48:24] <justaguy> BAM BAM BAM BAM
[15:56:31] <Fermata> RAM BAM BAM BAM 
[15:56:38] <Fermata> Wordt die eikel zomaar even eerste
[16:05:10] <mimic> idd
[16:22:50] <Boots> Zomaar even ook
[16:24:29] <Boots> Wat een getoeter hier
[16:25:16] <Boots> En gevroem
[16:41:16] <syf_> goed he van max!
[16:46:05] *** Joins: Kirth (Kirth@5.144-247-81.adsl-dyn.isp.belgacom.be)
[16:48:13] <Kirth> 
[16:50:37] <bReChThOu> Kirth :>
[16:51:52] * Kirth aait bReChThOu.
[16:51:55] <Kirth> Alles wel m'n beste?
[16:57:09] <Fermata> *crickets*
[16:58:18] <justaguy> Kirth: kirthje!!
[16:58:56] * Kirth pat justaguy.
[16:59:00] <bReChThOu> zeker
[17:00:12] <Fermata> bReChThOu: drink jij eigenlijk wel genoeg bier?
[17:18:21] * justaguy PAT Kirth 
[17:33:21] <nietzowerrum103> Kirth: 
[17:33:22] <nietzowerrum103> koolaid: 
[17:33:55] <koolaid> tis weer ns tiet of niet dan
[17:35:28] <nietzowerrum103> true
[17:36:57] *** Quits: Tomsworld (tom@91.179.64.24) (Ping timeout: 66 seconds)
[17:50:49] *** Quits: Kirth (Kirth@5.144-247-81.adsl-dyn.isp.belgacom.be) (Exit)
[17:54:53] <surrounder> dat was een kekke race
[17:56:07] <SCHAPiE> idd
[18:07:06] *** Quits: welly7 (willy@ip503c7f23.speed.planet.nl) (Ping timeout: 60 seconds)
[18:07:06] *** Quits: wirky (werken@ip503c7f23.speed.planet.nl) (Ping timeout: 60 seconds)
[18:08:10] *** Joins: welly7 (willy@ip503c7f23.speed.planet.nl)
[18:08:18] *** Joins: wirky (werken@ip503c7f23.speed.planet.nl)
[18:12:50] *** Quits: welly7 (willy@ip503c7f23.speed.planet.nl) (Ping timeout: 61 seconds)
[18:13:00] *** Quits: wirky (werken@ip503c7f23.speed.planet.nl) (Ping timeout: 66 seconds)
[18:14:15] *** Joins: welly7 (willy@ip503c7f23.speed.planet.nl)
[18:14:24] *** Joins: wirky (werken@ip503c7f23.speed.planet.nl)
[18:49:35] <rawplayer> surrounder!!!!!!!!
[18:49:45] <rawplayer> was een coole race :D
[18:52:06] <surrounder> formule 1 rockt dan ook wel
[18:57:51] <rawplayer> ja omg
[18:58:43] *** Quits: koolaid (koolaid@2a02:a212:280:1c00:8dff:1611:7521:2013) (Ping timeout: 61 seconds)
[18:59:09] *** Joins: koolaid (koolaid@2a02:a212:280:1c00:8dff:1611:7521:2013)
[19:00:12] *** Quits: koolaid (koolaid@2a02:a212:280:1c00:8dff:1611:7521:2013) (Ping timeout: 60 seconds)
[19:02:01] <nietzowerrum103> Raikkonen over #verstappen: “The really scary thing is that I used to race against his father [Jos].”
[19:03:56] <Fermata> Hehe
[19:04:47] <surrounder> geweldig echt hoe ie daar stond tussen 2 wereldkampioenen (5 titels in totaal, raikkonen 1 en vettel 4) op z'n eerste raceweekend in die auto; echt te gaaf
[19:05:13] <Fermata> 18 jaar.
[19:05:19] <Fermata> Absurd
[19:07:05] <surrounder> te mooi dit
[19:07:16] <surrounder> vorig jaar al zoveel moois laten zien en dat dit; echt, woot
[19:07:24] <nietzowerrum103> surrounder geniet van dingen
[19:12:26] *** Joins: koolaid (koolaid@2a02:a212:280:1c00:8dff:1611:7521:2013)
[19:14:43] <surrounder> !F1++
[19:14:47] <digiweed> surrounder: Karma for F1 is now: 20
[19:15:44] <Fermata> Mensen!
[19:15:47] <Fermata> Goed nieuws!
[19:15:53] <Fermata> Ik heb thee
[19:16:46] <nietzowerrum103> ok
[19:16:52] <nietzowerrum103> vertel er meer over
[19:17:44] <Fermata> Nah
[19:22:56] *** Quits: Aherin (Aherin@092-111-239-066.static.chello.nl) (Ping timeout: 62 seconds)
[19:24:30] <Dubbeldrank> http://www.dumpert.nl/mediabase/6773125/606326df/baby_ziet_botsing.html
[19:24:34] <digiweed> Title: dumpert.nl - Baby ziet botsing (at www.dumpert.nl)
[19:24:50] <Fermata> !apple++
[19:24:54] <digiweed> Fermata: Karma for apple is now: -12
[19:24:59] <the_Ye-Ti> !sheeple--
[19:25:02] <digiweed> the_Ye-Ti: Karma for sheeple is now: -7
[19:35:00] <rawplayer> surrounder http://i63.tinypic.com/r1mxxl.jpg
[19:35:44] <rawplayer> !F1++
[19:35:46] <digiweed> rawplayer: Karma for F1 is now: 21
[19:41:33] *** Joins: Tomsworld (tom@2a02:a03f:26af:8700:986b:1b65:38c0:d10b)
[19:44:07] *** Quits: Tomsworld (tom@2a02:a03f:26af:8700:986b:1b65:38c0:d10b) (Ping timeout: 60 seconds)
[19:46:27] <nietzowerrum103> !tinypic--
[19:46:30] <digiweed> nietzowerrum103: Karma for tinypic is now: -1
[19:47:25] <syf_> ^
[19:50:17] <nietzowerrum103> !go++
[19:50:19] <digiweed> nietzowerrum103: Karma for go is now: 422
[19:52:13] <the_Ye-Ti> zei er iemand coden?
[19:58:36] <the_Ye-Ti> ow :(
[20:00:03] <Fermata> Jammer ende helaasch.
[20:05:48] <SCHAPiE> ter ere van Verstappen ff een pizza besteld, ipv zelf te koken
[20:05:58] <nomadz> ga ik ook doen
[20:06:02] <nomadz> net thuis van werk
[20:06:04] <nomadz> vind t wel weer goed
[20:08:10] <the_Ye-Ti> ging je weer ehboen?
[20:08:50] <nomadz> zoiets
[20:22:24] <justaguy> nerds
[20:44:11] *** Joins: Aherin (Aherin@092-111-239-066.static.chello.nl)
[21:06:29] <nietzowerrum103> http://www.keysleft.com/
[21:06:32] <digiweed> Title: Keys Left - You have a finite number of keystrokes left in your hands before you die. How many is that? (at www.keysleft.com)
[21:07:11] <Fermata> "We'll assume you spend half your working day typing full speed" -- sure
[21:13:35] <rawplayer> hoi.
[21:13:52] <Fermata> Hoi
[21:21:15] <justaguy> hoi rawpie <3
[21:24:39] *** Joins: grid (grid@dhcp-089-099-194-232.chello.nl)
[21:40:43] *** Joins: Guyver2 (Guyver2@guyver2.xs4all.nl)
[22:32:34] *** Joins: Tomsworld (tom@91.179.64.24)
[22:39:12] <Fermata> nn
[22:40:44] <bReChThOu> nn Fermata
[22:41:03] <rawplayer> dag dag
[22:57:22] *** Quits: grid (grid@dhcp-089-099-194-232.chello.nl) (Ping timeout: 60 seconds)
[23:06:59] *** Joins: grid (grid@dhcp-089-099-194-232.chello.nl)
[23:15:18] *** Quits: grid (grid@dhcp-089-099-194-232.chello.nl) (Ping timeout: 66 seconds)
[23:33:14] *** Quits: int3nz0r (int3nz0r@541A8E1B.cm-5-3c.dynamic.ziggo.nl) (Exit)
[23:41:55] *** Joins: int3nz0r (int3nz0r@541A8E1B.cm-5-3c.dynamic.ziggo.nl)
[23:44:33] <rawplayer> !kip++
[23:44:36] <digiweed> rawplayer: Karma for kip is now: 157
[23:47:18] *** Quits: koolaid (koolaid@2a02:a212:280:1c00:8dff:1611:7521:2013) (Client exited)
[23:48:12] <justaguy> rawplayer: Waar
[23:48:13] <justaguy> geef
[23:48:14] <justaguy> mij
[23:48:15] <justaguy> kippetjes
[23:48:28] *** Quits: int3nz0r (int3nz0r@541A8E1B.cm-5-3c.dynamic.ziggo.nl) (Exit)
