[00:05:56] <koolaid> waarom is Doris omcirkeld?
[00:08:27] <mimic> ik ben tosti aan het maken
[00:08:29] <mimic> uit de oven
[00:08:31] <mimic> :9
[00:09:03] <Dubbeldrank> dikzak
[00:09:09] <mimic> nog niet
[00:09:18] <Dubbeldrank> nog ff dooreten dan
[00:09:21] <mimic> idd
[00:09:25] <mimic> maar dat komt wel goed dan
[00:09:27] <mimic> ga ik crossfitten
[00:09:28] <Dubbeldrank> :>
[00:09:38] <Dubbeldrank> jij kleine rawplayer
[00:10:14] <mimic> hihi
[00:10:28] <mimic> duurt wel lang, tosti uit de oven
[00:10:30] <mimic> 15 minuten
[00:10:32] <mimic> :C
[00:10:51] <Dubbeldrank> geduld
[00:11:02] <mimic> ben benieuwd hoe dat smaakt
[00:11:04] <mimic> nog nooit eerder gemaakt
[00:11:15] <Dubbeldrank> waarschijnlijk als een tosti
[00:11:22] <mimic> dat zou mooi zijn
[00:11:33] <Dubbeldrank> maar, dat weet je nooit zeker tot je het geproefd hebt
[00:11:57] <mimic> komt goed
[00:12:05] *** Quits: SCHAPiE (dorian@dhcp-077-249-247-124.chello.nl) (Ping timeout: 60 seconds)
[00:25:14] <mimic> tosti get
[00:27:47] *** Joins: SCHAPiE (dorian@dhcp-077-249-247-124.chello.nl)
[00:28:56] <Boots> pull tosti
[00:29:19] <Boots> Waarom doe je een tosti in de oven?
[00:29:50] <mimic> geen tostiijzer, te lui voior pan
[00:40:21] *** Quits: Guyver2 (Guyver2@guyver2.xs4all.nl) (Exit)
[00:41:03] <ZombieSloth> is het slecht om elke dag gesmolten kaas te eten? Vast niet
[00:42:19] <Dubbeldrank> denk je dat het wat uitmaakt of het gesmolten is?
[00:43:17] <ZombieSloth> Neuh vast niet
[00:46:17] <Boots> Pan gaat toch sneller
[00:46:24] <Boots> maar ja moet je meer opletten enzo
[00:46:37] <Boots> Wil je misschien een versche kaassouflee?
[00:46:42] <Boots> Uit de oven
[00:46:46] <Boots> Met ekte kaas
[00:46:49] <Boots> Ohnee is al op lama
[00:47:03] * Boots spuugt wat en gaat slapen
[00:48:58] *** boekee is now known as boekee_away
[00:49:14] <mimic> doeg Boots 
[00:49:45] <Boots> doegies
[00:49:51] <Boots> xoxoxox
[00:50:11] * Boots wuif wat gay
[00:52:08] * justaguy doet mee
[00:53:35] *** Joins: Tomsworld (tom@109.130.187.232)
[01:22:46] *** Quits: Ashley (Ashley@D9790162.cm-3-2a.dynamic.ziggo.nl) (Ping timeout: 60 seconds)
[01:26:19] *** Joins: Ashley (Ashley@D9790162.cm-3-2a.dynamic.ziggo.nl)
[01:43:22] *** Quits: Tomsworld (tom@109.130.187.232) (Ping timeout: 67 seconds)
[02:07:14] *** Joins: Tomsworld (tom@109.130.187.232)
[02:12:03] *** Quits: koolaid (koolaid@ip-213-127-118-32.ip.prioritytelecom.net) (Client exited)
[02:12:57] *** Joins: koolaid (koolaid@2a02:a212:280:1c00:9ce9:150f:2935:fe0d)
[02:21:45] *** Quits: koolaid (koolaid@2a02:a212:280:1c00:9ce9:150f:2935:fe0d) (Client exited)
[02:23:59] *** Joins: koolaid (koolaid@ip-213-127-118-32.ip.prioritytelecom.net)
[02:27:02] *** Quits: Tomsworld (tom@109.130.187.232) (Ping timeout: 67 seconds)
[02:53:42] *** Quits: wirky (werken@ip503c7f23.speed.planet.nl) (Exit)
[03:47:41] *** Quits: koolaid (koolaid@ip-213-127-118-32.ip.prioritytelecom.net) (Client exited)
[05:27:36] *** Quits: SCHAPiE (dorian@dhcp-077-249-247-124.chello.nl) (Exit)
[05:47:57] *** Joins: koolaid (koolaid@2a02:a212:280:1c00:907c:72bd:416c:e05a)
[05:49:30] *** Quits: koolaid (koolaid@2a02:a212:280:1c00:907c:72bd:416c:e05a) (Ping timeout: 60 seconds)
[06:52:16] <Fermata> Mogge
[06:54:25] <Boots> mja
[07:28:40] <Boots> http://i.imgur.com/7vCr1UWh.gif
[07:40:51] <arvid> spettrr
[07:43:15] *** Joins: wirky (werken@ip503c7f23.speed.planet.nl)
[07:44:09] <Boots> spettr?
[07:44:10] <Boots> zelf
[07:47:42] *** Quits: wirky (werken@ip503c7f23.speed.planet.nl) (Ping timeout: 69 seconds)
[07:52:30] *** Joins: wirky (werken@ip503c7f23.speed.planet.nl)
[08:47:54] <appy> http://i.imgur.com/DKWws1v.jpg --- yup xD
[09:10:55] *** boekee_away is now known as boekee
[09:18:34] <Fermata> Hmmmvroegappy
[09:18:41] <Fermata> Of erglaatappy?
[09:18:43] *** Quits: wirky (werken@ip503c7f23.speed.planet.nl) (Exit)
[09:24:13] <rawplayer> mogs
[09:24:17] <rawplayer> !koffie++
[09:24:21] <digiweed> rawplayer: Karma for koffie is now: 1751
[09:25:18] <appy> Fermata: zeer vroeg appy
[09:25:31] <appy> het is weer 'och, 4 uur slaap is genoeg nu ben je WAKKER' tijd
[09:29:48] <Dubbeldrank> mogguh
[09:30:00] <rawplayer> mogguh
[09:30:47] <Fermata> appy <3
[09:31:14] <appy> Fermata <3
[09:38:21] *** Joins: koolaid (koolaid@2a02:a212:280:1c00:907c:72bd:416c:e05a)
[10:10:16] * Fermata luistert naar Oh Wonder "Lose it" (Oh Wonder, 2015) [3:50] 
[10:10:19] <Fermata> !oh wonder++
[10:10:21] <digiweed> Fermata: Karma for oh wonder is now: 1
[10:21:48] *** Joins: Guyver2 (Guyver2@guyver2.xs4all.nl)
[10:22:46] <linzen103> Sling: hoe maintain jij je users in postfix en dovecot? via mysql?
[10:22:51] <linzen103> mimic^^
[10:23:53] <rawplayer> ldap!
[10:24:35] <linzen103> ga weg
[10:25:11] <linzen103> die pkg packages van bsd zijn crippled
[10:25:14] <linzen103> geen sql, geen ldap
[10:43:57] <Escovan> http://fortune.prutsplek.nl/ <- Compleet zinloos, maar MySQL is er goed voor. Die slaat nu elke 3 minuten een complete webpagina op.
[10:44:01] <digiweed> Title: Fortune Mod Page - By Escovan.Net - Elke minuut anders (at fortune.prutsplek.nl)
[10:45:26] <mimic> virus
[10:45:45] <Escovan> komt door die gare Mac van je
[10:45:53] <linzen103> prutsplek
[10:45:58] <linzen103> laat het 'm maar niet horen
[10:46:01] <linzen103> !seen plek
[10:46:02] <digiweed> linzen103: I have not seen plek.
[10:46:21] <linzen103> mimic: hoe maintain jij je users in postfix en dovecot?
[10:50:30] <Fermata> Wat zeg je vieze dingen op de vroege morgen, 103.
[10:51:15] <linzen103> ja bah
[10:51:31] <linzen103> ik heb overnight een baard gekregen
[10:53:02] <surrounder> https://www.youtube.com/watch?v=ZiejAhol4Ps&feature=youtu.be - vet
[10:53:04] <digiweed> Title: $150 bike camper: DIY micro mobile home (downloadable plans) - YouTube (at www.youtube.com)
[10:54:00] <Fermata> !fietsen--
[10:54:02] <Fermata> Wel gaaf though
[10:54:03] <digiweed> Fermata: Karma for fietsen is now: -25
[10:54:10] <linzen103> surrounder: hoe maintain jij je users in postfix en dovecot?
[10:55:14] <surrounder> het liefst niet natuurlijk
[10:55:20] <surrounder> !users--
[10:55:22] <digiweed> surrounder: Karma for users is now: -2
[10:55:53] <surrounder> maar @ werk via mysql 
[10:56:04] <linzen103> ja, dat wilde ik ook op zich
[10:56:28] <linzen103> maar die packages voor dovecot2 en postfix hebben dat niet ingebakken
[10:56:41] <surrounder> dan gebruik je ports
[10:56:44] <linzen103> dus ben ze nu aan het compilen met suport
[10:56:46] <linzen103> ja, doe ik nu
[10:56:50] <linzen103> maar ik vraag me af waarom
[10:57:17] <linzen103> ik voel me nu een justaguy 
[10:57:26] <linzen103> met dat gecompile
[10:57:45] <surrounder> mgiihiii
[10:59:09] <Escovan> de voortgang van make kijken kan erg kalmerend zijn. 
[10:59:11] <Escovan> En het lijkt net alsof je iets heel moeilijks doet.
[10:59:34] <linzen103> ja weet je Escovan 
[10:59:38] <linzen103> ik deed dat al toen ik 11 was
[10:59:44] <Escovan> uhuh
[10:59:52] <linzen103> ik vond binaries downloaden echt een major vooruitgang
[11:00:01] <linzen103> vet snel en handig
[11:00:10] <linzen103> maar blijkbaar moet 30 jaar later nog steeds compilen
[11:00:22] <linzen103> al die zinloze cpu cycles
[11:01:21] <Escovan> Nou ja, gecompiled voor een specifiek systeem werkt als je het goed doet wel beter dan vanilla packages.
[11:01:44] <linzen103> ik dacht dat we daar JIT voor hadden uitgevonden
[11:01:50] <linzen103> blijbkaar te nieuwerwets
[11:01:54] <surrounder> Escovan: minimaal
[11:01:58] <linzen103> en wat is 'als je het goed doet'?
[11:02:03] <surrounder> voor de performance hoef je 't niet te doen
[11:02:15] <linzen103> i7-optimalisaasie?
[11:02:20] <surrounder> fapfapfap
[11:02:23] <linzen103> dat gcc doet toch amper iets hoger dan pentium?
[11:02:32] <Escovan> juiste flags meegeven e.d. niet alleen ./configure; make; make install dus... maar effe de config doornemen.
[11:02:39] <linzen103> ja, soit
[11:02:45] <surrounder> voor 0.00001% performance winst!
[11:02:47] <linzen103> ik vind het prima als er dan bijvoorbeeld geen support voor ldap in zit
[11:02:51] <linzen103> als ik het niet nodig heb
[11:03:03] <linzen103> maar nu moet ik dus recompilen omdat ik sql support nodig heb
[11:03:19] <linzen103> was dat niet ooit het idee achter dynamic libraries? dat je op runtime pluggable support had?
[11:03:33] <linzen103> dus ik ben er nog niet mee
[11:03:35] <linzen103> ik voel me vies
[11:04:01] * surrounder geeft 103 een debian cdtje
[11:04:05] <linzen103> (komt misschien ook omdat ik al 5 dagen niet gedoucht heb, ben alleen laffe configbestanden aan het bekijken en nu aan compilen :()
[11:04:07] <surrounder> nu voel ik me vies
[11:04:10] <surrounder> !debian--
[11:04:13] <digiweed> surrounder: Karma for debian is now: -92
[11:04:14] <linzen103> ik heb er over gedacht surrie ;)
[11:04:26] <linzen103> die apt packages hebben die shit er wel in nl.
[11:04:32] <Fermata> Beter neem je Arch!
[11:04:42] <Escovan> tja, als performance geen issue is, en geld ook niet: Gewoon alles op windows :P Ondersteunt nu ook al Bash, dus hup :P
[11:04:55] <Fermata> :P:P:P
[11:05:01] <surrounder> :P:P:P:P:P
[11:05:06] <Fermata> Wat zijn dat voor nonargumenten.
[11:06:28] <rawplayer> linzen103: !
[11:06:32] <rawplayer> donderdag is het zo ver
[11:06:34] <rawplayer> dan gaan we hem ontmoeten
[11:06:35] <linzen103> zo is het
[11:06:36] <rawplayer> meneer systemd
[11:06:37] <linzen103> ff afzeggen
[11:06:44] <rawplayer> doe dat
[11:06:47] <linzen103> dan kan surrie mijn plek opvullen
[11:06:50] <rawplayer> ja
[11:06:53] <rawplayer> gezellig!
[11:07:03] <surrounder> hopelijk wil ie in m'n poeziealbum schrijven
[11:07:06] <linzen103> die heeft een betere band met dhr. poettering
[11:07:52] <linzen103> http://i.imgur.com/OGDbASz.jpg
[11:08:57] <surrounder> doffe ellende vs doffe ellende?
[11:21:53] *** Quits: Guyver2 (Guyver2@guyver2.xs4all.nl) (Connection reset by peer)
[11:24:06] <AlBundy> datawarehouse cluster weer eens kapot
[11:24:09] * AlBundy at the office
[11:24:31] <AlBundy> kernel panic
[11:24:34] <AlBundy> !linux--
[11:24:37] <digiweed> AlBundy: Karma for linux is now: -447
[11:24:42] <linzen103> !bsd++
[11:24:45] <digiweed> linzen103: Karma for bsd is now: 109
[11:25:04] <AlBundy> !ipmi++
[11:25:08] <digiweed> AlBundy: Karma for ipmi is now: -2
[11:25:35] <AlBundy> vorige keer viel het ding uit vanwege fatal ram ecc error
[11:25:53] <AlBundy> ik was in Duitsland, en mijn collega's vonden een reboot voldoende
[11:26:27] <linzen103> die hebben er dan ook geen verstand van
[11:27:03] <AlBundy> ze zijn allemaal ouder en ervaren dan ik, en verzekerden mij ervan dat zoiets een keer kan voorkomen, als het vaker gebeurt is het een probleem
[11:27:17] <AlBundy> ik vond van niet, maar ik was er niet 
[11:27:38] <linzen103> hoe groot is de kans dat 1 kosmische particle zo'n ramcell treft immers
[11:27:56] <AlBundy> mja, genoeg om ecc over de zeik te helpen
[11:28:13] <AlBundy> goed, eens in de logs kijken
[11:28:27] <appeltje> ECC fatal errors knallen je server pas down bij meerdere omgevallen bits 
[11:28:32] <Fermata> linzen103: zou dat zijn wat er met het hoofd van Dubbeldrank is gebeurd?
[11:28:33] <appeltje> bij meerdere addrssen
[11:28:55] <appeltje> neemt niet weg, hier ook 1x last van gehad
[11:29:05] <appeltje> reboot en logs erase was geneog
[11:29:10] <appeltje> en sinds dien ook geen last meer van
[11:29:15] <AlBundy> niks in de logs \o/
[11:29:24] <appeltje> bios logs
[11:29:41] <linzen103> ecc zuigt
[11:29:46] <linzen103> hoe dom is dat systeem
[11:29:49] <linzen103> als 1 bit omvalt: BAM
[11:29:54] <linzen103> of niet bam
[11:29:55] <rawplayer> !hardware--
[11:29:57] <linzen103> vallen er 3 bits om
[11:29:59] <digiweed> rawplayer: Karma for hardware is now: -238
[11:30:03] <linzen103> BAM of niet bam
[11:31:14] <AlBundy> mja, in de kernel panic stond een pid
[11:31:30] <AlBundy> en comm: postfix_mailque Tainted 
[11:31:33] <AlBundy> en nog wat zooi
[11:31:51] <AlBundy> maar of postfix de veroorzaker is, betwijfel ik
[11:32:03] <AlBundy> want dat wordt puur voor lokale mailtjes gebruikt
[11:40:39] <Sling> 10:22:46 < linzen103> Sling: hoe maintain jij je users in postfix en dovecot? via mysql?
[11:40:42] <Sling> mysql ja
[11:40:47] <Sling> want makkelijk ofzo
[11:42:22] *** Quits: sofie (saartj@obs.wzff.de) (Ping timeout: 66 seconds)
[11:42:36] <linzen103> vooral dat 'ofzo' :)
[11:45:14] <AlBundy> !ldap++
[11:45:18] <digiweed> AlBundy: Karma for ldap is now: 0
[11:45:43] <AlBundy> hoewel mysql ook wel heel convenient is met postfix
[11:46:07] <linzen103> ja, ik heb 2 users :)
[11:46:20] *** Joins: sofie (saartj@obs.wzff.de)
[11:46:27] <rawplayer> ja das wel handig
[11:46:29] <rawplayer> bij 2 ures
[11:46:30] <rawplayer> users
[11:46:31] <rawplayer> ldap
[11:46:34] <rawplayer> kerberos ook meteen
[11:47:39] <AlBundy> mja, met een paar honders gebruikers is mysql nog steeds een prima optie
[11:48:07] <rawplayer> ligt vooral aan je architectuur en infra
[11:48:10] <rawplayer> ^_^
[11:48:13] <AlBundy> ook lekker lui met php er tegenaan gescript om aliases aan te maken
[11:48:22] *** Joins: wirky (werken@ip503c7f23.speed.planet.nl)
[11:48:46] <AlBundy> en gebruikers de optie te geven de groepen waar ze lid van zijn te muten enzo :)
[11:49:22] <AlBundy> handig voor vakantie, niet al die zooi van distribution lists
[11:51:13] *** Joins: SCHAPiE (dorian@dhcp-077-249-247-124.chello.nl)
[12:05:42] *** Quits: wirky (werken@ip503c7f23.speed.planet.nl) (Exit)
[12:13:55] <Dubbeldrank> hoi Fermata
[12:14:17] <Dubbeldrank> ze hebben jou als test subject in de LHC gebruikt blijkbaar
[12:14:50] *** Joins: t4rt4rus (t4rt4rus@s559686af.adsl.online.nl)
[12:15:42] <rawplayer> wees eens aardig
[12:15:43] <rawplayer> voor elkaar
[12:15:49] <rawplayer> ipv dat gejank en gekat
[12:19:18] *** Quits: sofie (saartj@obs.wzff.de) (Ping timeout: 66 seconds)
[12:20:43] <Fermata> Dubbeldrank: :D
[12:20:43] <Fermata> <3
[12:20:55] *** Joins: sofie (saartj@obs.wzff.de)
[12:25:10] *** Joins: Tomsworld (tom@2a02:a03f:12c0:600:3818:e12:13ad:6898)
[12:28:14] *** Quits: t4rt4rus (t4rt4rus@s559686af.adsl.online.nl) (Ping timeout: 66 seconds)
[12:29:14] *** Joins: t4rt4rus (t4rt4rus@s559686af.adsl.online.nl)
[12:30:58] *** Quits: Tomsworld (tom@2a02:a03f:12c0:600:3818:e12:13ad:6898) (Ping timeout: 61 seconds)
[12:31:19] *** Joins: Tomsworld (tom@2a02:a03f:12c0:600:f9cc:dab9:5d35:b532)
[12:34:11] <AlBundy> zo, bijna weer up & running
[12:34:16] <rawplayer> http://www.theregister.co.uk/2016/04/07/great_firewall_architect_forced_to_use_vpn/
[12:34:19] <digiweed> Title: China's Great Firewall inventor forced to use VPN live on stage to dodge his own creation • The Register (at www.theregister.co.uk)
[12:34:41] <AlBundy> dan doet-ie z'n werk goed
[12:38:04] <AlBundy> lol, captcha: sudo make sandwich
[12:42:35] *** Quits: sofie (saartj@obs.wzff.de) (Ping timeout: 60 seconds)
[12:43:25] *** Joins: sofie (saartj@obs.wzff.de)
[12:43:47] <AlBundy> http://ktla.com/2016/04/07/motel-owner-secretly-watched-guests-have-sex-for-29-years/
[13:22:24] *** boekee is now known as boekee_away
[13:25:33] *** boekee_away is now known as boekee
[13:31:07] <mimic> tijd om motor te rijden
[13:31:27] <nomadz> tijd om ergens koffie te gaan doen
[13:32:03] <mimic> net gedaan met de vrouw
[13:32:07] <mimic> ff ontbeten buiten de deur
[13:32:19] <NoxiousPluK> tijd om op de bank te hangen
[13:32:27] <mimic> haha ja met de gordijnen dicht
[13:32:29] <NoxiousPluK> ho wacht dat doe ik al
[13:32:43] <NoxiousPluK> niet eens, in de zon
[13:33:03] <NoxiousPluK> terwijl ik op mn telefoon over teamviewer mn pc aan het opschonen ben
[13:33:16] <NoxiousPluK> mn ssd zit vol en ik snap niet waarmee /o\
[13:33:31] <mimic> data
[13:33:35] <nomadz> zeker linux
[13:33:43] <NoxiousPluK> niet eens
[13:33:48] <NoxiousPluK> w10
[13:34:04] <NoxiousPluK> ik wil die ssd in mn laptop pleuren maar eerst backups
[13:34:35] <nomadz> je weet toch dat backups voor mietjes is
[13:34:41] <nomadz> !backups
[13:34:46] <nomadz> onopgevoede bot
[13:35:01] <Fermata> !l backups as voor mietjes
[13:35:02] <NoxiousPluK> !l backups as voor mietjes
[13:35:02] <mimic> wat let je
[13:35:03] <digiweed> Fermata: The operation succeeded.
[13:35:05] <digiweed> NoxiousPluK: The operation succeeded.
[13:35:05] <NoxiousPluK> ... xD
[13:35:12] <NoxiousPluK> Fermata: &5
[13:35:19] <Fermata> NoxiousPluK %5
[13:35:19] <nomadz> !backups
[13:35:23] <digiweed> nomadz: "backups" : (#1) voor mietjes, or (#2) voor mietjes
[13:35:36] <mimic> !redundantie
[13:35:40] <NoxiousPluK> the first rule of backups is...
[13:35:49] <Fermata> !l redundantie as zie !backups
[13:35:49] <mimic> !l redundantie as zie !backups
[13:35:51] <digiweed> Fermata: The operation succeeded.
[13:35:53] <digiweed> mimic: The operation succeeded.
[13:35:54] <Fermata> lol
[13:35:54] <mimic> &5 Fermata 
[13:35:55] <nomadz> !l redundantie as zie !backups
[13:35:58] <NoxiousPluK> omfg
[13:35:58] <digiweed> nomadz: The operation succeeded.
[13:35:59] <Fermata> ^5 mimic 
[13:36:00] <Fermata> :D
[13:36:17] <mimic> gmta's hier
[13:36:19] <Fermata> !redundantie
[13:36:22] <digiweed> Fermata: "redundantie" : (#1) zie !backups, or (#2) zie !backups, or (#3) zie !backups
[13:36:27] <justaguy> tieten
[13:36:28] <NoxiousPluK> hmm
[13:36:28] <Fermata> !backups
[13:36:32] <NoxiousPluK> !backups
[13:36:32] <digiweed> Fermata: "backups" : (#1) voor mietjes, or (#2) voor mietjes
[13:36:34] <digiweed> NoxiousPluK: "backups" : (#1) voor mietjes, or (#2) voor mietjes
[13:36:37] <NoxiousPluK> !backups
[13:36:37] <Fermata> That works
[13:36:39] <digiweed> NoxiousPluK: "backups" : (#1) voor mietjes, or (#2) voor mietjes
[13:36:43] <NoxiousPluK> !winamp++
[13:36:46] <digiweed> NoxiousPluK: Karma for winamp is now: 52
[13:36:50] <NoxiousPluK> !devildriver++
[13:36:54] <digiweed> NoxiousPluK: Karma for devildriver is now: 13
[13:37:00] <mimic> zo
[13:37:01] <NoxiousPluK> !omroep max++
[13:37:04] <digiweed> NoxiousPluK: Karma for omroep max is now: 101
[13:37:05] <mimic> ik heb mijzelf in leer gehezen
[13:37:10] <mimic> tijd voor 5 vuisten diep
[13:37:13] <NoxiousPluK> geil hoor
[13:37:20] <Fermata> Waar kan ik meedoen?
[13:37:29] <mimic> achterop
[13:37:37] <Fermata> mgihihi
[13:37:54] <mimic> waar ben je, Fermata?
[13:38:04] <NoxiousPluK> in zn schoenen
[13:38:13] <Fermata> Heerlen. Over een uur in Maastricht.
[13:38:23] <justaguy> Fermata: Ok ik kom maastricht
[13:38:27] <justaguy> O+
[13:38:40] <mimic> te ver
[13:38:47] <Fermata> justaguy: en dan?
[13:39:04] <NoxiousPluK> te furrr
[13:39:06] <nomadz> hip, ik ben zo ook in maastricht
[13:39:21] <NoxiousPluK> ik ben op de bank
[13:39:29] <mimic> dat wordt geil
[13:39:38] <justaguy> Fermata: meaten
[13:39:42] <justaguy> *meeten
[13:39:45] <NoxiousPluK> lol
[13:39:50] <mimic> freudiaans
[13:39:53] <NoxiousPluK> !justaguy++
[13:39:55] <digiweed> NoxiousPluK: Karma for justaguy is now: -1
[13:39:58] <NoxiousPluK> !meaten++
[13:40:00] <digiweed> NoxiousPluK: Karma for meaten is now: 1
[13:40:07] <NoxiousPluK> !l mooiewoorden as meaten
[13:40:11] <digiweed> NoxiousPluK: The operation succeeded.
[13:40:19] <NoxiousPluK> hij's fijn
[13:40:20] <Fermata> justaguy: oh
[13:42:48] <NoxiousPluK> !mooiewoorden
[13:42:50] <digiweed> NoxiousPluK: "mooiewoorden" : (#1) klaphark, or (#2) embded, or (#3) kapitolen, or (#4) Snormax, or (#5) koekwaus, or (#6) nyoom, or (#7) bierpassie, or (#8) etablishementje, or (#9) sfeerbaar, or (#10) fooraap, or (#11) paniel, or (#12) thuiser, or (#13) girmig, or (#14) karmakuurtje, or (#15) padlarf, or (#16) grapkanker, or (#17) energziek, or (#18) aantijgeren, or (#19) Syfified, or (#20) oorboxen, or (#21) (2 more messages)
[13:42:52] <NoxiousPluK> !more
[13:42:54] <digiweed> NoxiousPluK: plofkip, or (#22) koekwas, or (#23) vlksdanjse, or (#24) padlarf, or (#25) hork, or (#26) fratsen, or (#27) pastinaak, or (#28) poepelen, or (#29) gerutje, or (#30) mongolenboterham, or (#31) consternatie, or (#32) pixelvriendjes, or (#33) slanen, or (#34) hamsterhippies, or (#35) blafhamster, or (#36) duscussies, or (#37) fop, or (#38) kwakje, or (#39) pelzier, or (#40) WünderBahrt(tm), or (#41) (1 more message)
[13:42:56] <NoxiousPluK> !more
[13:42:59] <digiweed> NoxiousPluK: meaten
[13:43:09] <NoxiousPluK> fijn dot
[13:43:13] <nomadz> klaphark :D
[13:43:19] <NoxiousPluK> dit*
[13:43:24] <NoxiousPluK> !klaphark++
[13:43:27] <digiweed> NoxiousPluK: Karma for klaphark is now: 3
[13:43:45] <justaguy> nah fuck maastricht ik ga lasershooten
[13:43:52] <AlBundy> bah, nog 45 minuten voordat synchronisatie klaar is
[13:43:58] <Fermata> justaguy: oh jammer
[13:44:03] <Fermata> Ik rijd nu naar Maasje toe
[13:44:03] <Fermata> o/
[13:44:05] <AlBundy> goed, morgen vrij \o/
[13:46:20] *** Quits: `36` (irssi@ums.student.utwente.nl) (Ping timeout: 61 seconds)
[13:46:55] <NoxiousPluK> !snormax++
[13:46:58] <digiweed> NoxiousPluK: Karma for snormax is now: 3
[13:48:20] <NoxiousPluK> heu padlarf zit er dubbel in
[13:49:54] *** Joins: `36` (irssi@ums.student.utwente.nl)
[13:51:02] * bReChThOu slaps NoxiousPluK around a bit with a large trout
[13:51:56] <NoxiousPluK> oi breggie :3
[13:53:33] <AlBundy> http://tweakers.net/ext/f/kdExxgQI6a5QVk12UOYGrhzq/full.png
[13:56:01] <NoxiousPluK> AlBundy vriend, bij iedere grap die je linkt sterft er iets in mij ;(
[13:56:20] <NoxiousPluK> je bent 'n aardige vent maar onze humor is incompatible ;(
[14:14:38] <AlBundy> ik vond hem ook erg flauw
[14:14:55] <AlBundy> ik dacht dat er hier wel een paar mensen hem leuk zouden vinden :p
[14:19:42] *** Quits: koolaid (koolaid@2a02:a212:280:1c00:907c:72bd:416c:e05a) (Ping timeout: 60 seconds)
[14:20:14] *** Joins: koolaid (koolaid@ip-213-127-118-32.ip.prioritytelecom.net)
[14:30:02] *** Quits: koolaid (koolaid@ip-213-127-118-32.ip.prioritytelecom.net) (Ping timeout: 64 seconds)
[14:30:48] *** Joins: koolaid (koolaid@2a02:a212:280:1c00:3dae:ba8a:831d:dffc)
[14:46:53] <AlBundy> zo, collega neemt het over
[14:46:55] * AlBundy -> huis
[14:58:41] <ZombieSloth> $AlBundy = new Person('Al', 'Bundy);
[14:58:45] <ZombieSloth> derp te snel enter
[14:58:49] <ZombieSloth> Laat maar zitten ook
[14:58:51] <ZombieSloth> Daaag
[14:58:58] <rawplayer> http://assets2.kakhiel.nl/uploads/image_fragment/24181/file/default_was1.jpg
[14:59:01] <rawplayer> :D
[14:59:51] <rawplayer> !koffie++
[14:59:55] <digiweed> rawplayer: Karma for koffie is now: 1752
[15:10:45] <NoxiousPluK> jammer dit ZombieSloth 
[15:25:52] <surrounder> "surrounder@khajja ~ $ exit
[15:25:55] <surrounder> Sorry, command-not-found has crashed! Please file a bug report at:
[15:25:57] <surrounder> https://bugs.launchpad.net/command-not-found/+filebug
[15:25:58] <surrounder> Please include the following information with the report:
[15:25:59] <digiweed> Title: OpenID transaction in progress (at bugs.launchpad.net)
[15:26:00] <surrounder> mmmgiihiiihiihii
[15:29:44] <rawplayer> lol
[15:29:56] <rawplayer> echt debiel
[15:30:03] <rawplayer> dat linux
[15:30:17] <surrounder> troep is het
[15:30:19] <surrounder> WEG!
[15:46:29] *** Joins: wirky (werken@ip503c7f23.speed.planet.nl)
[15:56:15] <AlBundy> wie gebruikt er dan ook exit
[15:56:25] <AlBundy> ctrl+d is toch veel sneller
[15:58:14] <AlBundy> !internet in de trein--
[15:58:17] <digiweed> AlBundy: Karma for internet in de trein is now: -1
[15:58:27] <AlBundy> voor irc gaat het nog net
[16:03:21] <AlBundy> http://www.independent.co.uk/news/world/americas/venezuela-energy-crisis-president-tells-women-to-stop-using-hairdryers-and-go-with-natural-style-to-a6976246.html 
[16:03:25] <digiweed> Title: Venezuela energy crisis: President tells women to stop using hairdryers and go with 'natural' style to save electricity | Americas | News | The Independent (at www.independent.co.uk)
[16:22:03] *** Quits: SCHAPiE (dorian@dhcp-077-249-247-124.chello.nl) (Input/output error)
[16:22:55] *** Joins: SCHAPiE (dorian@dhcp-077-249-247-124.chello.nl)
[16:25:48] <surrounder> AlBundy: die werkte dus niet
[16:26:47] *** boekee is now known as boekee_away
[16:31:05] <Boots> Ik las vuvuzela
[16:31:16] <appeltje> ik las vulva
[17:20:19] <Boots> Ik las appeltje
[17:24:59] *** Quits: SCHAPiE (dorian@dhcp-077-249-247-124.chello.nl) (Exit)
[17:29:46] <appeltje> :P
[17:32:29] *** Joins: SCHAPiE (dorian@dhcp-077-249-247-124.chello.nl)
[18:07:44] *** boekee_away is now known as boekee
[18:18:43] *** Quits: Fermata (stefan@5.157.82.116) (Exit)
[18:32:52] *** boekee is now known as boekee_away
[18:41:01] *** Quits: Twizzlerz (M@178-84-226-29.dynamic.upc.nl) (Ping timeout: 67 seconds)
[18:45:36] *** Quits: Erik (M1bbit@cl-1606.ams-04.nl.sixxs.net) (Ping timeout: 60 seconds)
[18:49:14] *** Joins: Twizzlerz (M@178-84-226-29.dynamic.upc.nl)
[19:08:32] *** Joins: Erik (M1bbit@cl-1606.ams-04.nl.sixxs.net)
[19:46:17] <Dubbeldrank> sup?
[19:49:49] <justaguy> ceiling
[19:50:15] <koolaid> like a room without a roof
[21:45:47] *** Joins: Guyver2 (Guyver2@guyver2.xs4all.nl)
[21:49:00] *** Quits: twistit (uid156026@id-156026.tooting.irccloud.com) (Exit)
[21:57:59] <linzen103> MOAR JPEG https://pbs.twimg.com/media/Aqs6iAdCEAMdNLR.jpg
[22:20:51] <koolaid> jammer klont
[22:20:57] <koolaid> beetje van het evert kwok niveau
[22:21:15] <koolaid> 'dit woord heeft 2 betekenissen!'
[22:24:49] <linzen103> je begrijpt 't niet koolaid 
[22:25:11] <linzen103>  Sun 13:56:01 < NoxiousPluK> AlBundy vriend, bij iedere grap die je linkt sterft er iets in mij ;(
[22:25:43] <NoxiousPluK> ja toch
[22:27:53] <linzen103> het was een stille aanklacht
[22:28:16] <NoxiousPluK> haha
[22:28:23] <NoxiousPluK> heb je een stil toetsenbord ja?
[22:28:59] <linzen103> godver nox
[22:29:03] <linzen103> jij bent al net zo erg
[22:29:04] <linzen103> misschien wel erger
[22:29:05] <Ou-Tannu> o
[22:29:06] <Ou-Tannu> o/
[22:29:29] *** Joins: IceShark (IceShark@5468FB1C.cm-12-1d.dynamic.ziggo.nl)
[22:29:37] <appy> linzen103: nox is erger ;)
[22:29:55] <Ou-Tannu> gewoon 220v er op :P
[22:30:32] <NoxiousPluK> schattig he 103
[22:30:35] <NoxiousPluK> vind ik zelf ook
[22:30:40] <NoxiousPluK> hoi tannie droppie hoe is het leven :3
[22:30:42] <linzen103> alleen
[22:30:45] <NoxiousPluK> het is 230 tegenwoordig
[22:30:50] * NoxiousPluK tilt Ou-Tannu's steen op :9
[22:31:04] <linzen103> al een jaartje of 20
[22:31:28] <Ou-Tannu> 223 meet ik hier hoor :P
[22:31:43] <linzen103> achteraf is het mooi wonen
[22:31:53] <NoxiousPluK> Ou-Tannu: woon je op schiermonnikoog?
[22:31:58] <Ou-Tannu> nope :P
[22:32:34] <linzen103> Overigens als je nu de spanning in je wandcontactdoos (stopcontact) zou meten, zal je waarschijnlijk geen 230V meten. Bij ons is dit zo'n 225 Volt. Dit is niet erg want het valt "binnen de specificatie". De spanning in het elektriciteitsnet fluctueert een beetje en zal deze, afhankelijk van de locatie,
[22:32:41] <linzen103>  ver of dichtbij het elektriciteitshuisje en andere factoren, wat hoger en soms wat lager zijn. Vandaar dat afspraken zijn gemaakt binnen welke marge de spanning moet zijn. Dit is 230 Volt +6% en -10%. Dat is dus een spanning tussen de en 216 en 243 Volt.
[22:32:46] <linzen103> ik zeg
[22:32:48] <Ou-Tannu> Voldoet prima :P
[22:32:49] <linzen103> zet er 243 V op
[22:32:55] <linzen103> zeker voor het onzekere nemen
[22:32:58] * Ou-Tannu pakt de autotransformator
[22:33:31] <Ou-Tannu> jassen we er 260v op
[22:33:37] <NoxiousPluK> welnee schat
[22:33:55] <NoxiousPluK> auto = 12 223+12=235 
[22:33:57] * NoxiousPluK rent
[22:34:12] * Ou-Tannu stopt NoxiousPluK zn handjes in de "Scariac"
[22:34:26] <NoxiousPluK> yay
[22:34:47] <Ou-Tannu> al was die opstelling vroeger heel gangbaar :\
[22:34:54] <NoxiousPluK> true
[22:34:57] <NoxiousPluK> tijden veranderen
[22:34:58] <NoxiousPluK> net als mijn tieten
[22:35:01] <NoxiousPluK> ze hangen wat meer
[22:35:04] <NoxiousPluK> het vet is er wat af
[22:35:13] <NoxiousPluK> m'n tepels zijn minder gevoelig
[22:35:15] <NoxiousPluK> maar vaker pijnlijk
[22:35:15] <Ou-Tannu> bakje zuur, vaste en beweegbare elektrode hoppa :P
[22:35:18] <Ou-Tannu> variacje :D
[22:35:22] <NoxiousPluK> al komt dat door externe invloeden gok ik
[22:35:53] * appy weet van niks
[22:36:18] <Ou-Tannu> gewoon even opladen NoxiousPluK :P
[22:36:41] <NoxiousPluK> m'n tepels?
[22:36:50] <appy> lol
[22:36:58] <Ou-Tannu> jup
[22:37:43] <linzen103> 220 er op
[22:37:48] <NoxiousPluK> 223*
[22:37:56] <appy> :')
[22:38:00] <Ou-Tannu> denk dat je beter gewoon gelijkstroom kan toepassen.
[22:38:07] <Ou-Tannu> geeft minder bijwerkingen :+
[22:38:37] <NoxiousPluK> mwah
[22:38:40] <NoxiousPluK> ik switch vrij vaak
[22:38:58] <Ou-Tannu> oh 
[22:39:04] <appy> dagelijks
[22:39:06] <Ou-Tannu> switching mode? :+ op hoeveel hz? :P
[22:39:10] <NoxiousPluK> hmm
[22:39:11] <NoxiousPluK> even rekenen
[22:39:54] <NoxiousPluK> ik gok ~4 keer per dag, dat is ~0.00004629629Hz
[22:39:58] <NoxiousPluK> nog vragen Ou-Tannu?
[22:40:19] <Dubbeldrank> waar gaat dit over?
[22:40:28] <NoxiousPluK> lees anders even terug, lui mens
[22:40:35] <Ou-Tannu> NoxiousPluK, lol
[22:40:38] <NoxiousPluK> ik ook van jou trouwens
[22:40:41] <Dubbeldrank> ik zag vandaag maredsous op de kaart staan en moest aan linzen103 denken
[22:40:44] <appy> Dubbeldrank \o/
[22:40:54] <Dubbeldrank> hoi appy \o/
[22:41:01] <Ou-Tannu> DD!
[22:41:10] <Dubbeldrank> het was meer een rethorische vraag NoxiousPluK
[22:41:12] <Dubbeldrank> :P
[22:41:13] <NoxiousPluK> ohja? keek je naar een kaart van België?
[22:41:16] <Dubbeldrank> hoi oi :+
[22:41:30] <Dubbeldrank> nee pannenkoek
[22:41:31] <NoxiousPluK> retoriek? daar doen we hier niet aan
[22:41:38] <NoxiousPluK> haha pannenkoek103
[22:41:45] <Dubbeldrank> ik keek op de kaart van het pannenkoekenrestaurant
[22:41:52] <Ou-Tannu> pannenkoek
[22:41:54] <linzen103> maredsous
[22:42:11] <Dubbeldrank> jup
[22:42:33] <NoxiousPluK> of is het pannekoek </the_Ye-Ti>
[22:42:44] <Ou-Tannu> pankoek
[22:42:47] <Ou-Tannu> :p
[22:42:59] <Ou-Tannu> je bakt t immers in 1 PAN en niet in een stel pannen :+
[22:42:59] <appy> koekenpan
[22:43:21] <NoxiousPluK> dus het zijn pannekoeks?
[22:43:31] <appy> nee nee pankoeks
[22:43:36] <NoxiousPluK> koekoeks
[22:43:39] <NoxiousPluK> pankoekoeks
[22:43:40] <Ou-Tannu> k gooi alles gewoon in mn "wok" pan
[22:43:40] <appy> pankoeken eventueel
[22:43:45] <NoxiousPluK> pansexuele koekoeks
[22:43:49] <appy> o_O
[22:44:02] <appy> Ou-Tannu: oh ik in mn hapjespan
[22:44:04] <NoxiousPluK> goed gesprek
[22:44:10] <NoxiousPluK> haha hapjes
[22:44:12] <Ou-Tannu> hapjespan = vlakke bodem toch?
[22:44:13] <NoxiousPluK> alsof jij hapjes neemt
[22:44:15] <appy> uhuh
[22:44:18] <NoxiousPluK> d'r verslindpan
[22:44:20] <Dubbeldrank> frikandellen in de wok
[22:44:21] <appy> lol
[22:44:27] <Ou-Tannu> Dubbeldrank, yup :D
[22:44:32] <appy> NoxiousPluK: das heul niet waar xD
[22:44:39] <NoxiousPluK> wokkandellen
[22:44:46] * Ou-Tannu heeft gewoon 3 wokpannen :')
[22:45:20] <NoxiousPluK> ik heb er ongewoon 1
[22:45:23] <Dubbeldrank> patser!
[22:45:38] * appy heeft een grote en een kleine
[22:45:40] <NoxiousPluK> van de Xenos
[22:45:43] <appy> gebruik ze zelden
[22:45:46] <Dubbeldrank> dildo?
[22:45:47] <appy> wokpannen hebben Ou-Tannu ?
[22:45:51] <NoxiousPluK> ik heb ook een grote en een kleine
[22:45:53] <NoxiousPluK> of nouja
[22:45:55] <NoxiousPluK> het zijn meer statussen
[22:45:57] <appy> Dubbeldrank: dat niet
[22:45:59] <appy> NoxiousPluK: xD
[22:46:01] <Dubbeldrank> oh ok :D
[22:46:02] <NoxiousPluK> O-)
[22:46:07] <NoxiousPluK> soms is het een dood vogeltje
[22:46:16] <appy> Dubbeldrank: kan een eitje niet echt een dildo noemen.. en een vibo ook niet
[22:46:19] <appy> dus ik heb er geen
[22:46:21] <appy> :P
[22:46:29] <NoxiousPluK> wel een grote en kleine vibo \o/
[22:46:30] <Dubbeldrank> :D
[22:46:31] <NoxiousPluK> dat dan weer wel
[22:46:35] <appy> idfd
[22:46:42] <Dubbeldrank> harr harr
[22:46:44] <appy> binnenkort 3 :P
[22:46:45] <NoxiousPluK> ik moet nog investeren in een paar varianten
[22:46:48] <NoxiousPluK> dat
[22:46:50] <NoxiousPluK> xD
[22:46:56] <NoxiousPluK> 4*
[22:46:59] <appy> o_O
[22:47:03] <NoxiousPluK> een zit in een postpakketje
[22:47:07] <NoxiousPluK> de andere staat nog op m'n personal wishlist
[22:47:19] <Dubbeldrank> NoxiousPluK maak je 's ochtends ook wakker door een vibo in z'm oor te steken
[22:47:39] <appy> Dubbeldrank: werkt prima
[22:47:55] <appy> en van de gilletjes word je zelf ook goed wakker
[22:47:56] <NoxiousPluK> zolang ik nog half slaap fluister ik de frequentie
[22:48:01] <NoxiousPluK> :D
[22:48:05] <NoxiousPluK> !gilletjes++
[22:48:06] <appy> lol
[22:48:08] <Dubbeldrank> ja precies, dat z'n hele schedel aan het brommen is
[22:48:08] <digiweed> NoxiousPluK: Karma for gilletjes is now: 1
[22:48:21] <NoxiousPluK> ik brom regelmatig
[22:48:21] <appy> en dat is nogal wat
[22:48:27] <Dubbeldrank> :D
[22:48:32] <NoxiousPluK> er hangt nu een bordje
[22:48:36] <appy> truth xD
[22:48:36] <NoxiousPluK> Dus niet brommen!
[22:48:40] <appy> o_O
[22:48:44] <appy> :')
[22:50:20] <NoxiousPluK> dus nu grom ik
[22:50:23] <NoxiousPluK> en brom ik niet meer
[22:50:25] <NoxiousPluK> ofz
[22:50:27] <NoxiousPluK> o
[22:51:14] <Dubbeldrank> ik vind helemaal mooi!
[22:51:16] <bReChThOu> japy :
[22:51:16] <appy> xD
[22:51:17] <bReChThOu> :>
[22:51:19] <bReChThOu> ey APPY
[22:51:30] <NoxiousPluK> oi breggie
[22:51:32] <NoxiousPluK> ouwe droplul
[22:52:04] <bReChThOu> morgen weer werken :(
[22:52:50] <NoxiousPluK> haha werken
[23:11:02] *** Quits: IceShark (IceShark@5468FB1C.cm-12-1d.dynamic.ziggo.nl) (Input/output error)
[23:17:45] *** Quits: Tomsworld (tom@2a02:a03f:12c0:600:f9cc:dab9:5d35:b532) (Ping timeout: 68 seconds)
[23:29:35] *** Joins: Tomsworld (tom@2a02:a03f:12c0:600:bc55:ea67:6842:6828)
[23:32:58] *** Quits: koolaid (koolaid@2a02:a212:280:1c00:3dae:ba8a:831d:dffc) (Client exited)
