[00:01:26] <PvOESJE> nou als ik zin heb ga ik de discussie wel aan. 
[00:03:07] <appeltje> maak dan het zand in je vagina maar nat
[00:04:50] <justaguy> #fittie
[00:04:52] <justaguy> :p
[00:04:57] <justaguy> Nah liefst niet
[00:05:15] <PvOESJE> een discussie is geen fittie 
[00:05:19] *** Quits: klaveRCX (michiel@klaver.it) (Ping timeout: 66 seconds)
[00:05:43] <PvOESJE> plus je bent online al snel sprakeloos 
[00:06:01] <snors> bah discussies
[00:06:04] <PvOESJE> heel benieuwd hoe dat in irl discussie is
[00:06:05] <snors> het is weekend...
[00:09:09] *** Joins: klaveRCX (michiel@klaver.it)
[00:09:51] <justaguy> :)
[00:35:51] *** Quits: sofie_ (saartj@obs.wzff.de) (Ping timeout: 66 seconds)
[00:39:42] *** Joins: sofie (saartj@obs.wzff.de)
[00:54:59] <Boots> lief glimlachen met justaguy
[00:55:23] <justaguy> :)
[00:55:24] <justaguy> hehe
[00:55:28] <justaguy> ik moet echt fcking slapen nu
[00:55:30] <justaguy> nn
[00:55:55] <Boots> viespeuk
[00:56:26] <Boots> Ik kan niet slapen ik heb seven nation army in mijn hoofd
[01:02:31] <justaguy> woordzoekers maken
[01:02:32] <justaguy> dat helpt
[01:12:16] *** Quits: SCHAPiE (dorian@dhcp-077-249-247-124.chello.nl) (Exit)
[01:17:53] <koolaid> was er maar een app om je woordzoekers te laten maken
[01:19:06] *** Quits: koolaid (koolaid@2a02:a212:280:1c00:5193:fa99:f587:c697) (Client exited)
[01:19:11] *** Joins: Tom (tom@109.130.187.232)
[01:19:16] *** Quits: Tomsworld (tom@2a02:a03f:12c0:600:a440:a303:451d:78d6) (Ping timeout: 66 seconds)
[01:20:16] *** Joins: SCHAPiE (dorian@dhcp-077-249-247-124.chello.nl)
[01:50:54] *** Joins: mrwazoo (mrwazoo@h102136.upc-h.chello.nl)
[02:01:24] *** Quits: Tom (tom@109.130.187.232) (Ping timeout: 60 seconds)
[02:26:21] <mimic> moge
[02:52:40] *** Quits: SCHAPiE (dorian@dhcp-077-249-247-124.chello.nl) (Ping timeout: 60 seconds)
[03:08:18] *** Joins: SCHAPiE (dorian@dhcp-077-249-247-124.chello.nl)
[03:14:08] *** Quits: SCHAPiE (dorian@dhcp-077-249-247-124.chello.nl) (Input/output error)
[03:19:22] *** Joins: koolaid (koolaid@ip-213-127-118-32.ip.prioritytelecom.net)
[03:21:12] *** Quits: koolaid (koolaid@ip-213-127-118-32.ip.prioritytelecom.net) (Ping timeout: 66 seconds)
[05:10:35] *** Quits: appy (appy@d121019.upc-d.chello.nl) (Client exited)
[05:13:48] *** Joins: wirky (werken@ip503c7f23.speed.planet.nl)
[05:21:49] <justaguy> mogge mimic 
[05:30:16] <wirky> sup
[07:21:23] *** Joins: koolaid (koolaid@2a02:a212:280:1c00:5193:fa99:f587:c697)
[07:22:24] *** Quits: koolaid (koolaid@2a02:a212:280:1c00:5193:fa99:f587:c697) (Ping timeout: 60 seconds)
[07:55:05] <Fermata> ohai
[08:34:55] *** Quits: wirky (werken@ip503c7f23.speed.planet.nl) (Exit)
[08:48:37] <moppersmurf> !koffie++
[08:48:42] <digiweed> moppersmurf: Karma for koffie is now: 1763
[09:04:31] *** Joins: koolaid (koolaid@2a02:a212:280:1c00:5193:fa99:f587:c697)
[09:29:51] <moppersmurf> !kakken++
[09:29:55] <moppersmurf> koolaid!
[09:29:55] <digiweed> moppersmurf: Karma for kakken is now: 287
[09:30:34] <koolaid> moppersmurf: 
[09:34:11] <moppersmurf> nog gesprt?
[09:57:14] <koolaid> nee ik had bezoek
[10:23:50] *** Joins: Kirth (Kirth@127.230-242-81.adsl-dyn.isp.belgacom.be)
[10:23:50] *** Joins: Guyver2 (Guyver2@guyver2.xs4all.nl)
[10:29:51] *** Quits: Kirth (Kirth@127.230-242-81.adsl-dyn.isp.belgacom.be) (Ping timeout: 60 seconds)
[10:30:39] *** Joins: Kirth (Kirth@62.4.143.175)
[10:34:25] *** Quits: Erik (M1bbit@cl-1606.ams-04.nl.sixxs.net) (Ping timeout: 61 seconds)
[10:36:50] *** Quits: Fermata (stefan@5.157.82.116) (Exit)
[10:37:42] <surrounder> moppersmurf: ik heb net sport gekeken!
[10:37:57] <bReChThOu> does ff normaal
[10:37:57] *** Quits: Kirth (Kirth@62.4.143.175) (Ping timeout: 60 seconds)
[10:38:39] <surrounder> wat is dat?
[10:44:52] <linzen103> mensen
[10:44:53] <linzen103> https://usercontent.irccloud-cdn.com/file/OUs7HrZn/IMG_4728.JPG
[10:45:05] *** Joins: Erik (M1bbit@cl-1606.ams-04.nl.sixxs.net)
[10:45:15] <bReChThOu> fucking komkommer
[10:46:27] *** Quits: Erik (M1bbit@cl-1606.ams-04.nl.sixxs.net) (Ping timeout: 67 seconds)
[10:46:38] <bReChThOu> http://i.imgur.com/fD2RNw7.jpg @ 103
[10:55:52] *** Joins: Erik (M1bbit@cl-1606.ams-04.nl.sixxs.net)
[10:57:03] *** Quits: Erik (M1bbit@cl-1606.ams-04.nl.sixxs.net) (Ping timeout: 67 seconds)
[10:57:27] *** Joins: Erik (M1bbit@cl-1606.ams-04.nl.sixxs.net)
[10:59:42] *** Quits: Erik (M1bbit@cl-1606.ams-04.nl.sixxs.net) (Ping timeout: 66 seconds)
[11:02:13] *** Joins: Erik (M1bbit@cl-1606.ams-04.nl.sixxs.net)
[11:03:30] *** Quits: Erik (M1bbit@cl-1606.ams-04.nl.sixxs.net) (Ping timeout: 66 seconds)
[11:12:30] <Dubbeldrank> Die harige benen doen het hem linzen103
[11:13:07] <Boots> In bad met een broodje?
[11:13:22] *** Joins: Erik (M1bbit@cl-1606.ams-04.nl.sixxs.net)
[11:13:58] *** Joins: Kirth (Kirth@127.230-242-81.adsl-dyn.isp.belgacom.be)
[11:14:32] *** Quits: Erik (M1bbit@cl-1606.ams-04.nl.sixxs.net) (Ping timeout: 63 seconds)
[11:14:43] <Dubbeldrank> neem jij nooti broodjes mee in bad dan?
[11:15:04] <linzen103> https://www.youtube.com/watch?v=cl1eF0Feq20
[11:15:06] <digiweed> Title: Unboxerki: test Commodore C64 - YouTube (at www.youtube.com)
[11:15:51] *** Joins: Erik (M1bbit@cl-1606.ams-04.nl.sixxs.net)
[11:16:02] <Dubbeldrank> dat moet absolute porno voor jou zijn! :D
[11:16:05] <Dubbeldrank> zeg Erik
[11:16:07] <linzen103> mibbit ribbit
[11:16:09] <Dubbeldrank> je stuitert!
[11:17:02] *** Quits: Erik (M1bbit@cl-1606.ams-04.nl.sixxs.net) (Ping timeout: 66 seconds)
[11:17:18] *** Joins: Erik (M1bbit@cl-1606.ams-04.nl.sixxs.net)
[11:18:39] *** Quits: Erik (M1bbit@cl-1606.ams-04.nl.sixxs.net) (Ping timeout: 67 seconds)
[11:19:34] *** Quits: silverstorm (silverstor@5ED4168A.cm-7-5a.dynamic.ziggo.nl) (Ping timeout: 60 seconds)
[11:19:51] <linzen103> man man
[11:19:53] <linzen103> wat een dag
[11:19:57] <linzen103> en wat een nacht
[11:20:32] <Dubbeldrank> tja, ik was VEEL te vroeg wakker
[11:24:15] *** Quits: Guyver2 (Guyver2@guyver2.xs4all.nl) (Client exited)
[11:25:47] <linzen103> wat staat er vandaag op het program?
[11:26:49] <koolaid> linzen103: hoe slaap je
[11:27:37] <linzen103> vannacht niet zo best
[11:28:04] *** Joins: silverstorm (silverstor@5ED4168A.cm-7-5a.dynamic.ziggo.nl)
[11:30:07] *** Quits: Kirth (Kirth@127.230-242-81.adsl-dyn.isp.belgacom.be) (Ping timeout: 60 seconds)
[11:30:28] *** Joins: Erik (M1bbit@cl-1606.ams-04.nl.sixxs.net)
[11:30:58] <mimic> ik ben GAAR
[11:30:58] *** Joins: Kirth (Kirth@127.230-242-81.adsl-dyn.isp.belgacom.be)
[11:31:40] *** Quits: Erik (M1bbit@cl-1606.ams-04.nl.sixxs.net) (Ping timeout: 66 seconds)
[11:32:49] <Escovan> nou, uit de oven dan mimic 
[11:33:16] <the_Ye-Ti> !gamen++
[11:33:20] <digiweed> the_Ye-Ti: Karma for gamen is now: 31
[11:33:42] <mimic> vannacht sampletje opgenomen voor mn ytchannel
[11:33:46] <mimic> weet nog niet of ik het ok vind
[11:34:40] *** Quits: Kirth (Kirth@127.230-242-81.adsl-dyn.isp.belgacom.be) (Ping timeout: 61 seconds)
[11:35:02] <the_Ye-Ti> "play Doom's open beta all weekend"
[11:35:24] *** Joins: Erik (M1bbit@cl-1606.ams-04.nl.sixxs.net)
[12:00:29] <linzen103> !systemd++
[12:00:31] <digiweed> linzen103: Karma for systemd is now: -13
[12:02:03] <mimic> https://www.facebook.com/Cray.Every.Day/videos/1504054183237826/?fref=nf
[12:02:06] <digiweed> Title: Reacties (at www.facebook.com)
[12:02:06] <mimic> briljant
[12:08:31] *** Joins: Kirth (Kirth@127.230-242-81.adsl-dyn.isp.belgacom.be)
[12:12:03] *** Quits: Kirth (Kirth@127.230-242-81.adsl-dyn.isp.belgacom.be) (Ping timeout: 60 seconds)
[12:22:54] <the_Ye-Ti> linzen103: whatup met de systemd?
[12:24:20] <linzen103> hulde aan systemd!
[12:33:36] <the_Ye-Ti> je kon niks saaiers bedenken?
[12:41:20] <linzen103> networkd!
[12:48:13] <syf_> !karma systemd
[12:48:15] <digiweed> syf_: Karma for "systemd" has been increased 43 times and decreased 56 times for a total karma of -13.
[12:52:50] *** Quits: koolaid (koolaid@2a02:a212:280:1c00:5193:fa99:f587:c697) (Client exited)
[12:54:21] <syf_> wie speelt er slither.io
[12:58:35] <Boots> *probeert*
[13:03:03] *** Joins: appy (appy@d121019.upc-d.chello.nl)
[13:03:12] <the_Ye-Ti> \o appy 
[13:04:41] <Boots> I just played slither.io and got a length of 2542.7
[13:04:53] <Boots> Mijn telefoon werd er heet van
[13:05:37] <appy> \o the_Ye-Ti 
[13:05:55] <syf_> :D
[13:05:57] <linzen103> hoe wordt je zo snel zo lang dan?
[13:08:36] <mimic> word*
[13:10:16] <linzen103> dank je mimic 
[13:10:27] <linzen103> MAAR HOE HELPT ME DIT VERDER in het slither universum?
[13:10:45] <the_Ye-Ti> /o\
[13:12:30] <syf_> 14788 \m/
[13:12:48] <syf_> bam
[13:13:17] <linzen103> ik ben te stom voor dit soort spellen
[13:15:11] <mimic> ik zat een paar sampletjes te bakken in B-majeur, en nu ben ik een hiphoptrack in elkaar aan het bakken met een fucking orgel :')
[13:15:40] <linzen103> escaleert uit de hand
[13:15:42] <appy> !orgeltje++
[13:15:46] <digiweed> appy: Karma for orgeltje is now: 5
[13:16:52] <mimic> ik export em ff
[13:17:00] <syf_> best leuk spel
[13:17:07] <Escovan> Your final length was 805.5
[13:17:10] <Escovan> hmmm
[13:17:47] <mimic>  voor de appy 
[13:17:51] <mimic> http://leetmimic.nl/dump/orgelhop.mp3
[13:18:37] <mimic> te vrolijk ook
[13:18:39] <mimic> ;p
[13:20:35] <syf_> mijn neefje van 5 maakt ook muziek
[13:20:48] <mimic> klinkt het ook zo?
[13:20:56] <linzen103> zuurpuim
[13:21:43] <linzen103> geniet je wel eens van dingen syf_ ?
[13:36:14] <the_Ye-Ti> zn starbucksbezoekjes
[13:45:44] <mimic> lekker, koffie
[13:45:46] <mimic> daar heb ik wel zin in
[13:47:20] <Boots> !hand
[13:47:23] <digiweed> Boots: "hand" : dit escaleert uit de hand
[13:48:32] <Boots> Ik zou er ook nog een doedelzak bij doen mimic
[13:50:01] <mimic> :D
[13:50:12] <mimic> ik heb t inmiddels helemaal verneukt
[13:51:23] <linzen103> ik heb nog een blauwe maandag doedelzak gespeeld
[13:51:27] <linzen103> was niets voor mij
[13:56:40] <mimic> jammer 
[13:59:26] <the_Ye-Ti> met een rokje?
[14:05:00] <linzen103> uiteraard
[14:05:01] <linzen103> chicks digde dat
[14:05:52] <mimic> kom je zo aan je vrouw
[14:05:53] <mimic> ?
[14:07:19] <surrounder> welnee, hij doet gewoon z'n rode broek aan en doet het geluid van een pauw na
[14:08:04] <mimic> WUUUAAAAA
[14:08:06] <mimic> WUAAAAAAA
[14:08:08] <mimic> WUAAAAHHHH
[14:09:00] <mimic> https://www.youtube.com/watch?v=9MhZPqHeEAQ
[14:09:03] <digiweed> Title: Peacock Sound - YouTube (at www.youtube.com)
[14:09:08] <mimic> hmmhm
[14:09:19] <mimic> PAUW PAUW PAUW IK BEN MOOIER DAN JOU
[14:09:22] <mimic> ?
[14:10:13] <surrounder> wat een topfilmpje
[14:10:15] <surrounder> op repeat
[14:10:47] <mimic> vooral dat je miley cirus eerst hoort
[14:10:51] <mimic> en daar die pauw op reageert
[14:10:53] <mimic> ;p
[14:10:59] <Escovan> Ik zat te denken ... (Naar aanleiding dat Piriform zei dat ik een ¬®Virtual¬® draaide op mijn desktop) ... Wat nou als mijn hele filesystem gevirtualiseerd is? En alles transparant voor een willkeurige hacker? Dat ik denk dat ik Windows 10 heb ge√Ønstalleerd, maar dat er stiekem een Hypervisor in mijn MBR zit ofzo :o
[14:11:28] <linzen103> kan
[14:11:32] <mimic> heb je weer aan de paranoidepilletjes gezeten?
[14:11:51] <Escovan> nee, ik ben over aan het schakelen van depot naar pillen, dus heb tijdelijk lagere dosis
[14:12:02] <mimic> ah vandaar
[14:12:29] <mimic> tis wat
[14:12:31] <surrounder> MOAR HYPERVISORS IN MBRS
[14:12:37] <linzen103> Escovan: zoek eens naar SMM rootkits, voor nog meer angst
[14:12:44] <Escovan> lol
[14:13:06] <mimic> http://phrack.org/issues/66/11.html
[14:13:08] <mimic> ah kijk
[14:13:12] <mimic> met voorbeelden
[14:14:36] <Escovan> Want sinds een tijdje - en niet altijd - is het zo dat wanneer ik boot van primaire SSD, deze ook zegt ¬®10 seconden tot booten¬® oid in het engels. Terwijl ik geen BIOS update/change heb gedraaid ofzo.
[14:15:03] <linzen103> bios batterijtje leeg -> setting kwijtgeraakt
[14:15:06] <linzen103> no worries
[14:15:21] <linzen103> ssd rot
[14:15:28] <linzen103> kan niet booten, doet nieuwe poging in 10 s
[14:15:33] <mimic> mhaw ik denk toch echt wel een VM in zijn MBR
[14:15:37] <Escovan> nee, dat is het niet. De bios batterij is ok. Het is een Intel SSD, is een goede schijf.
[14:16:22] <linzen103> maandagochtendexemplaar
[14:16:23] <Escovan> Als ik dan ¬®Esc¬® toets, start ie meteen, maar dat was niet altijd zo.
[14:16:28] <mimic> als je het vermoed he
[14:16:32] <mimic> waarom geen reinstall?
[14:16:51] <linzen103> dat is wat die rootkit je wil laten denken
[14:16:57] <linzen103> 'ik doe een reinstall en ben veilig'
[14:17:13] <Escovan> Dan moet ik bij mijn vermoeden een if=/dev/zero of=/dev/sda doen ... 
[14:17:13] <mimic> goed punt
[14:17:37] <linzen103> das niet genoeg
[14:17:42] <linzen103> das immers ook virtueel
[14:17:53] <Escovan> als ik start van DVD? hmmm
[14:17:57] <mimic> misschien bestaan wij wel helemaal niet
[14:18:03] <mimic> en is alles virtueel
[14:18:08] <linzen103> als je bios besmet is ook zinloos
[14:18:08] <surrounder> heb je je kast al wel ingepakt in landbouwplastic?
[14:18:18] <Escovan> Nee, mimic is gewoon een VPS-uitdeel-en-cashen programma :P
[14:18:34] <linzen103> Escovan: je kan wel detecten of je in een vm zit
[14:18:41] <Escovan> ja?
[14:18:44] <linzen103> tot op zekere hoogte
[14:18:52] <linzen103> IDTR checken
[14:19:04] <linzen103> maar goed
[14:19:07] <linzen103> niet fail safe
[14:19:09] <linzen103> beste disconnect
[14:19:17] <linzen103> sloop je de luidspreker er uit (je weet wel bios whisper)
[14:19:22] <linzen103> gat van een meter graven
[14:19:23] <linzen103> pc er in
[14:19:57] <linzen103> Escovan: red pill test
[14:20:22] <Escovan> Ehm, ik heb wel meer pilletjes gehad :P
[14:20:25] <mimic> is het gat dan de rabbit hole?
[14:21:06] <linzen103> memory hole
[14:21:15] <mimic> klinkt als bier
[14:22:03] <Escovan> Nahja, de afgelopen maanden heb ik maar telkens gedacht: ¬®Wat doe ik nou eigenlijk voor bijzonders dan?¬® nah niet veel, zeker niets illegaals ... en alleen fappen af en toe, maar dat doet iedereen op internet.
[14:22:38] <linzen103> 't hoeft geen overheidsinstantie te zijn uiteraard
[14:23:12] * Escovan is zo iemand die zijn webcam ontkoppelt voor het fappen :P
[14:24:03] <Escovan> maarja, als ze 3 minuten screenshots van schaarsgeklede dames hebben, weten ze het ook wel.
[14:24:33] <linzen103> of als 'ze' #nerds tappen
[14:24:55] <mimic> oh dat gebeurt
[14:24:58] <mimic> zitten hier een paar loggers
[14:24:59] <Escovan> Sowieso, ik heb een certificaat op mijn bouncer en verbind met SSL.
[14:25:01] <mimic> zeker ivm japie
[14:25:09] <mimic> dus iedereen hier wordt gemonitort
[14:26:34] <mimic> daar doet je ssl niets aan
[14:26:38] <Escovan> nee
[14:27:03] <Escovan> Behalve dat hier meer mensen in huis zijn ... Zelfs mijn kippen kunnen dit getikt hebben.
[14:27:24] <mimic> dit is een bevestiging dat je het zelf doet
[14:27:29] <Escovan> :o
[14:28:03] <Escovan> https://www.youtube.com/watch?v=61AdC4G2ULU
[14:28:07] <digiweed> Title: Garbage - I think Im paranoid (Lyrics) - YouTube (at www.youtube.com)
[14:35:44] <Escovan> Nee, soms heb ik echt ¬®rare¬® dingen, zoals dat ik een mailtje typ in Google Apps, en dat de inhoud dan niet helemaal kloppend is, en dan krijg ik een wazig foutmelding. Verstuur ik het mailtje niet. Maar het is altijd maar 1 waarschuwing.
[14:37:51] <surrounder> 't is wat
[14:39:37] <linzen103> wij denken het Escovan, jij zegt het
[14:48:01] <the_Ye-Ti> hmz die doom beta crasht als een malle
[14:48:48] <surrounder> the_Ye-Ti: + hij installeert een hypervisor in je mbr!
[14:59:31] <Escovan> https://twitter.com/PatientAdvocaat/status/721210140674899968
[14:59:34] <digiweed> Title: Mari√´lle Horsting op Twitter: "https://t.co/HbjYWT1ird" (at twitter.com)
[15:04:41] <Dubbeldrank> http://nos.nl/artikel/2099515-vertrekregeling-belastingdienst-te-populair.html
[15:04:43] <digiweed> Title: Vertrekregeling Belastingdienst te populair | NOS (at nos.nl)
[15:56:10] <Darkstar> jammer the_Ye-Ti ik wilde dat nog proberen 
[15:56:40] <linzen103> gelukkig is er slither.io
[15:59:01] <Darkstar> ik ben windows7-sp1-x64 aan het installeren op een oude laptop, windows update is al bijna een dag bezig met 'checking updates'.
[15:59:20] <Darkstar> wat gegoogled en wat gefixed hier en daar maar het is not steeds checking updates
[16:01:44] <Darkstar> mja ik heb me niet verveeld, ik ben iets gaan maken dat een beetje lijkt op een java vm
[16:02:14] <Darkstar> ik heb net m'n eerste progje gemaakt met een primitieve assembler op het ding gerund
[16:03:11] <Darkstar> hij doet ut en heeft uitgerekend dat 14 + 6 = 20
[16:03:43] <linzen103> !!!
[16:04:00] <linzen103> a la jack crenshaw?
[16:05:13] <Darkstar> wie? /me google
[16:07:13] <Darkstar> een assembler is geen compiler, het is allemaal veel simpler, als je het leuk vind kan ik wel een zip ergens neerzetten
[16:08:27] <linzen103> het ligt dicht bij elkaar soms
[16:08:35] <linzen103> ge mot tokenizen
[16:08:38] <linzen103> ge mot parsen
[16:08:46] <linzen103> soms kan je in een assembler ook optimizen
[16:10:14] <linzen103> en als je dingen als macro's e.d. wil kom je toch wel in de buurt van een compiler
[16:10:23] <Darkstar> nja echt parsen hoeft niet, het is at&t syntax dus met strcmp enzo kom je een heel end
[16:10:45] <linzen103> wat is 'echt' parsen?
[16:10:49] <linzen103> dat je het descent doet?
[16:11:13] <Darkstar> echt parsen is een syntax tree bouwen en adhv die tree codes genereren
[16:11:31] <Darkstar> ik doe gewoon strcmp per regel als het ware
[16:11:47] <Darkstar> en de vm is niet veel meer dan een enorme switch statement in een while loop
[16:12:56] <linzen103> in een assembler zou dat wel een vrije platte tree zijn
[16:13:01] <linzen103> tenzij je expressions doet
[16:13:32] <Darkstar> http://www.coreshine.nl/stuff/ramcpu.zip
[16:14:19] <linzen103> es loeren
[16:14:24] <Darkstar> ty :o)
[16:14:50] <Darkstar> make ; make prog1 ; ./ramcpu prog1
[16:14:58] <Darkstar> dat is alles wat werkt
[16:15:19] <linzen103> ik doe altijd een vreugdedansje als *iets* werkt
[16:15:27] <Darkstar> ^.^
[16:15:28] <linzen103> daarna verlies ik m'n interesse :)
[16:16:13] <linzen103> ik ben o.a. bezig met een assembler voor 6510
[16:16:18] <linzen103> wel met 'echt' parsen
[16:16:29] <Darkstar> ja ik weet niet of ik het nog veel ga uitbreiden maar ik wil wel graag jump en conditional branching in de assembler bouwen
[16:16:54] <Darkstar> de vm kan het al, dus zou turing complete moeten zijn
[16:16:54] <the_Ye-Ti> zei er iemand assembleren?
[16:16:57] <linzen103> nee
[16:17:01] <the_Ye-Ti> ow :(
[16:17:18] <Escovan> assembly is voor de Goden
[16:17:30] <linzen103> voor Den Duvel
[16:17:39] <Escovan> hoe weet jij wat ik drink?!!!11
[16:17:46] <linzen103> gezien
[16:17:49] <linzen103> op internet
[16:17:49] <Darkstar> yum duvel
[16:17:58] <the_Ye-Ti> heuh is Escovan weer toegelaten?
[16:18:09] <appeltje> lijkt ero
[16:18:16] <appeltje> echt een toevoeging tot het kanaal ...
[16:18:30] <Escovan> joh, 3 maand ban is wel genoeg toch. :P
[16:18:42] <appeltje> nop
[16:18:48] <linzen103> hou je mond appeltje 
[16:18:52] <linzen103> met je verbale diarree
[16:19:04] <linzen103> en doodsverwensingen
[16:19:06] <the_Ye-Ti> sfeer?
[16:19:10] <linzen103> zeer GRIMMIG
[16:21:08] <the_Ye-Ti> maar uh jij bent dus bezig?
[16:21:33] *** Joins: koolaid (koolaid@2a02:a212:280:1c00:5193:fa99:f587:c697)
[16:21:41] <the_Ye-Ti> wb koolaid 
[16:21:47] <koolaid> elloh
[16:28:49] <Darkstar> linzen103: dit is allemaal spielerij natuurlijk, het word pas echt wat als je op de vm een as.s file kan parsen en dan een werkende as eruit kan spugen
[16:29:22] <Darkstar> maar in hoeverre dat alleen maar 'meer werk' is of dat ik conceptueel nog iets mis daar moet ik nog even een wijntje over drinken
[16:29:36] <the_Ye-Ti> welke cpu targets heb je?
[16:30:13] <Darkstar> een eigen bedacht ding. twee registers, alles is int.
[16:32:12] <Darkstar> wat ik er van geleerd heb is dat zelf hexcodes intypen echt een kut manier van programmeren is
[16:34:32] <the_Ye-Ti> dat wist je vooraf ook al 
[16:35:25] <Darkstar> ja, maar ik zit te wachten op win7 updates en verveel me
[16:40:15] <syf_> !sfeer
[16:40:19] <digiweed> syf_: "sfeer" : (#1) de sfeer op dit moment is: goed, or (#2) girmig
[16:50:48] <mimic> lol Darkstar 
[16:51:11] <mimic> the_Ye-Ti: game je nog?
[16:53:09] <the_Ye-Ti> hmm nee doom crashte :(
[16:54:44] <the_Ye-Ti> en nu is ie uit de library ofzo
[16:55:05] <mimic> huh
[16:55:23] <the_Ye-Ti> weirdness
[16:55:42] <mimic> bij mij staat dat je ingame zit
[16:56:33] <the_Ye-Ti> *ponder*
[16:56:35] <mimic> 35% van game reviews is slechts positief
[16:56:37] <mimic> x)
[16:56:49] <mimic> http://store.steampowered.com/app/350470/
[16:56:51] <digiweed> Title: DOOM Open Beta on Steam (at store.steampowered.com)
[16:58:26] <the_Ye-Ti> oh t is weer terug nu
[16:59:14] <mimic> mal
[17:00:55] <the_Ye-Ti> mjah je kan alleen multiplayer in de beta
[17:01:20] <the_Ye-Ti> dat is wat minder interessant imho
[17:21:18] <syf_> !doom--
[17:21:21] <digiweed> syf_: Karma for doom is now: 4
[17:21:49] <the_Ye-Ti> ?
[17:21:56] <syf_> the ultimate doom > nieuwe doom
[17:22:30] <syf_> ofzo
[17:23:10] <the_Ye-Ti> ben je al zo oud?
[17:28:56] *** Joins: Fermata (stefan@5.157.82.116)
[17:30:12] <Fermata> Stelletje!
[17:30:24] <syf_> the_Ye-Ti: zeker
[17:30:26] <syf_> '81 he
[17:40:48] <Boots> https://scontent.xx.fbcdn.net/hphotos-xpt1/v/t1.0-9/fr/cp0/e15/q65/13015244_873307826114472_3188880297462489310_n.png.jpg?efg=eyJpIjoidCJ9&oh=8e0c0f63023416ae81da3ff09419f89f&oe=57B029EC
[17:42:14] <appeltje> :D
[17:42:17] * appeltje knuffelt de Boots 
[17:42:24] <appeltje> hey lekker ding
[17:50:32] <appeltje> http://i.imgur.com/ZMTdKYY.jpg
[17:51:46] *** Joins: Kirth (Kirth@109.131.238.169)
[17:52:43] <Boots> hoi
[17:53:16] <appeltje> hoi hoi :D
[17:54:00] <syf_> hoi
[17:54:30] <surrounder> hoi :D :D
[17:54:50] <Fermata> :D:D
[17:54:52] <appeltje> gekkies
[17:55:09] <Boots> :l
[18:01:13] <Kirth> ALLEMAAL DE SCHULD VAN DE JODEN.
[18:01:15] <Kirth> Blij dat dat er even uit kon.
[18:15:22] *** Joins: wirky (werken@ip503c7f23.speed.planet.nl)
[18:17:19] <the_Ye-Ti> Kirth: ?
[18:17:48] <mimic> wat
[18:17:52] <mimic> zelfs ik zou dat niet roepen
[18:17:54] <mimic> zomaar
[18:18:02] <the_Ye-Ti> staat antisemitisme in de kicklijst?
[18:18:22] <mimic> per persoon afhankelijk, we moeten wel biased blijven
[18:18:31] <the_Ye-Ti> ahja
[18:23:09] <Kirth> mimic: gekkies
[18:25:40] *** Quits: Kirth (Kirth@109.131.238.169) (Ping timeout: 60 seconds)
[18:56:43] *** Joins: Kirth (Kirth@109.130.228.182)
[18:58:01] *** Quits: Kirth (Kirth@109.130.228.182) (Ping timeout: 60 seconds)
[19:02:12] *** Joins: Phaxinity (Phaxinity@46.166.190.205)
[19:10:18] *** Joins: grid (grid@dhcp-089-099-194-232.chello.nl)
[19:17:09] * mimic is listening to B√∂kkers ‚Äì Annie Uut De Bochte
[19:24:13] * mimic is listening to B√∂kkers ‚Äì Jezus
[19:24:17] <mimic> ik luister naar boerenrock
[19:24:20] <Erik> die waren gister nog in beekbergen
[19:24:21] <mimic> verlooch nooit je afkomst
[19:24:23] <mimic> haha
[19:24:30] <mimic> bokkers zijn best wel goed stiekem
[19:31:47] <Dubbeldrank> verloochen ;)
[19:32:10] <mimic> ah ja
[19:32:11] <mimic> bedankt
[19:32:21] <Dubbeldrank> graag gedaan
[19:32:25] <Dubbeldrank> anders nog iets?
[19:33:16] <mimic> koffie
[19:39:29] <Boots> http://i.imgur.com/oaUzwgL.gif
[19:42:09] <mimic> wtf
[19:42:11] <mimic> :D
[19:42:15] <mimic> :D :D
[19:42:28] <bReChThOu> hij's nice Boots
[19:43:15] <appeltje> da fawk :D
[19:43:17] <appeltje> epic
[19:44:42] <Fermata> Nou tot zo he liefjes
[19:44:55] <mimic> alle randjes goed poetsen he
[20:15:37] *** Joins: Kirth (Kirth@109.130.228.182)
[20:18:09] <moppersmurf> hoiii
[20:18:15] <moppersmurf> !asperges++
[20:18:18] <digiweed> moppersmurf: Karma for asperges is now: 1
[20:21:07] <surrounder> !asperger++
[20:21:10] <digiweed> surrounder: Karma for asperger is now: 1
[20:24:49] <moppersmurf> mghihi
[20:30:59] <Kirth> !assburger++
[20:31:02] <digiweed> Kirth: Karma for assburger is now: 1
[20:37:12] *** Quits: Kirth (Kirth@109.130.228.182) (Ping timeout: 66 seconds)
[20:37:55] *** Joins: Kirth (Kirth@109.130.228.182)
[20:43:33] <Fermata> Maar goed, jodenhaat en geen ban?
[20:43:36] <Fermata> Interessant wel weer.
[20:43:42] *** Quits: Twizzlerz (M@178-84-226-29.dynamic.upc.nl) (Ping timeout: 67 seconds)
[20:47:03] <Kirth> Stokertje
[20:47:48] <Fermata> Aankaarter*
[20:50:08] <Kirth> Jij was in de tijd van de bezetting vast rechtstreeks naar de moffen gerend.
[20:50:18] <mimic> haha :Âçç
[20:50:25] <Kirth> !mimic++
[20:50:29] <digiweed> Kirth: Karma for mimic is now: 769
[20:50:38] <Fermata> haha :Âçê 
[20:50:44] <Fermata> Ik ben jarig op dezelfde dag als Hitler ja
[20:50:52] <mimic> mooie tijd is dat
[20:50:55] <Fermata> Dus ik kan me zeker wel vinden in z'n uh schilderkunst.
[20:51:11] <mimic> goed perspectief
[20:51:28] <Fermata> Ik zie er de diepte wel in.
[20:52:00] *** Joins: Twizzlerz (M@178-84-226-29.dynamic.upc.nl)
[20:54:27] *** Quits: grid (grid@dhcp-089-099-194-232.chello.nl) (Ping timeout: 66 seconds)
[20:56:22] *** Quits: Erik (M1bbit@cl-1606.ams-04.nl.sixxs.net) (Ping timeout: 66 seconds)
[21:00:37] *** Joins: Erik (M1bbit@2001:960:2:645:0:0:0:2)
[21:01:48] *** Quits: Erik (M1bbit@2001:960:2:645:0:0:0:2) (Ping timeout: 66 seconds)
[21:08:48] *** Joins: Erik (M1bbit@cl-1606.ams-04.nl.sixxs.net)
[21:09:39] *** Quits: koolaid (koolaid@2a02:a212:280:1c00:5193:fa99:f587:c697) (Client exited)
[21:10:00] *** Quits: Erik (M1bbit@cl-1606.ams-04.nl.sixxs.net) (Ping timeout: 66 seconds)
[21:11:12] *** Joins: Erik (M1bbit@cl-1606.ams-04.nl.sixxs.net)
[21:12:00] <mimic> a
[21:12:08] <appeltje> b
[21:12:39] <Fermata> c
[21:12:41] <linzen103> d
[21:13:15] <justaguy> e
[21:13:32] <justaguy> mrngm: baardbaas
[21:14:32] <nomadz> f
[21:18:28] * surrounder paast de nomadz een peuk
[21:18:40] * Fermata paast de surrounder een snaak.
[21:19:04] * nomadz gooit een biertje naar de surrounder 
[21:19:11] <surrounder> bazen
[21:19:26] <Fermata> correct.
[21:19:28] <Fermata> nomadz: ^5
[21:20:23] <nomadz> ^6
[21:20:52] <mimic> 6 vuisten diep
[21:21:32] <Fermata> Beter dan niks.
[21:21:39] <mimic> wie heeft er niets dan?
[21:21:42] <mimic> :DDLDLD:DD:D:D:D
[21:22:48] <Fermata> Dubbeldrank in z'n broekje!
[21:23:23] <syf_> doen jullie wel genoeg bier?
[21:23:39] <mimic> ik doe meer bier dan ik je moeder doe
[21:24:00] <linzen103> wat, elke dag?
[21:24:12] <nomadz> 2 biertjes en dan moet ze weer
[21:24:18] <mimic> zwaar leven
[21:27:37] *** Joins: koolaid (koolaid@2a02:a212:280:1c00:5193:fa99:f587:c697)
[21:31:14] *** Quits: koolaid (koolaid@2a02:a212:280:1c00:5193:fa99:f587:c697) (Client exited)
[21:31:26] *** Joins: Guyver2 (Guyver2@guyver2.xs4all.nl)
[21:34:39] <mrngm> justaguy: mwah. sik :+
[21:35:02] <mrngm> justaguy: die CTO uit 't panel had een betere :+
[21:35:20] <mrngm> justaguy: je 3/4 krat mate nog meegekregen?
[21:51:11] <mimic> https://www.youtube.com/watch?v=U_RjQXie9Q0
[21:51:16] <digiweed> Title: Mario Party - Did You Know Gaming? Feat. Brutalmoose - YouTube (at www.youtube.com)
[22:01:49] <nomadz> http://www.bnr.nl/nieuws/805551-1604/verbazing-over-jas-maxima
[22:02:08] <nomadz> :Âçç is daarbij wel op zn plaats
[22:08:02] <Kirth> #lekkerVerontwaardigdDoen
[22:08:09] <Kirth> Want dat is ook wel het √©nige wat we tegenwoordig kunnen.
[22:08:29] *** Quits: Aherin (Aherin@092-111-239-066.static.chello.nl) (Ping timeout: 64 seconds)
[22:09:10] <nomadz> dat is het mooie van internet
[22:09:16] <nomadz> je kan altijd wat te zeiken vinden
[22:09:55] <Kirth> Mooie slogan voor het kanaal
[22:10:03] <Kirth> "#nerds, je kan altijd wat te zeiken vinden"
[22:10:08] <mimic> ach zeur niet
[22:10:23] <Kirth> :(
[22:10:36] <Fermata> :D
[22:10:37] *** Joins: Aherin (Aherin@092-111-239-066.static.chello.nl)
[22:10:52] <mimic> nomadz: http://www.luckymedia.nl/luckytv/2016/04/die-hakenkreuzkonigin/
[22:10:55] <digiweed> Title: LuckyTV | Die Hakenkreuz≠k√∂nigin (at www.luckymedia.nl)
[22:13:13] <Kirth> Die is mooi.
[22:17:41] <Fermata> Tot morgen, allen.
[22:18:10] <mimic> daaaaaaaaag
[22:28:29] *** Quits: Aherin (Aherin@092-111-239-066.static.chello.nl) (Ping timeout: 66 seconds)
[22:30:28] <syf_> Dubbeldrank: ken je http://blankmediagames.com/TownOfSalem/ ?
[22:30:30] <digiweed> Title: Town of Salem (at blankmediagames.com)
[22:31:35] *** Joins: Aherin (Aherin@092-111-239-066.static.chello.nl)
[22:36:04] *** Quits: Phaxinity (Phaxinity@46.166.190.205) (Exit)
[22:38:04] *** Quits: Aherin (Aherin@092-111-239-066.static.chello.nl) (Exit)
[23:16:10] <justaguy> mrngm: Ja hoor die mate meenemen was topplan :)
[23:27:15] <mrngm> justaguy: hoeveel had je er nou uiteindelijk mee? :D
[23:33:14] <justaguy> 10
[23:37:30] <Kirth> zuipen, kreng
[23:42:52] *** Quits: Guyver2 (Guyver2@guyver2.xs4all.nl) (Exit)
[23:43:15] <justaguy> tl;dr justaguy gaat naar opcyberpaint in zoetermeer, ik ontdek dat de club-mate gratis is en orga maakt er geen probleem van dat ik 11 flessen meeneem in m'n rugzak :√ó
[23:45:16] <Kirth> Da's.. sneu
[23:47:39] <justaguy> "we hebben er toch over doe maar"
[23:47:43] <justaguy> :P
