[00:01:06] <mimic> yep Boots :)
[00:02:53] <justaguy> Wanneer next #nerds meet
[00:03:58] *** Quits: Kirth (Kirth@109.133.93.19) (Connection reset by peer)
[00:04:04] <PvOESJE> ik vond je 1 keer in 2016 zien wel genoeg :o 
[00:04:13] <PvOESJE> ga je nu ineens vaker meeten?
[00:04:28] <justaguy> Awww :D
[00:04:31] <justaguy> idk
[00:04:35] <justaguy> treintickets zijn ehm
[00:04:35] <justaguy> duur
[00:05:26] *** Joins: FlutterShy (guntherdw@ip-83-101-5-155.customer.schedom-europe.net)
[00:08:14] <Boots> mja het is nu stil
[00:08:32] <PvOESJE> vergunning tot 12? :D
[00:09:01] <Boots> Ik kan wel laten zien wat ik bedoel maar vind zomaar foto's posten niet eerlijk /onderwerpterugswitch
[00:09:15] <Boots> vorig jaar woonde ik er praktisch naast hield idd vrij snel op
[00:10:15] <Boots> gisteravond was t ook om 11 al stil ofzo
[00:13:36] <Boots> Ik was ool niet echt bang dat t nog lang door zpu haan
[00:13:37] <Boots> gaan
[00:13:39] <PvOESJE> feestjes zijn ook niet meer wat ze vroeger waren :D
[00:13:55] <Boots> Ik vind het helemaal prima zo
[00:16:22] <Boots> irc is ook niet meer wat het vroeger was:D
[00:16:30] <PvOESJE> nee klopt :( 
[00:16:47] <Boots> leven waar is het
[00:17:32] <PvOESJE> ik ben al weer bijna 30 :D 
[00:17:50] <Boots> huh
[00:18:31] <Boots> voor mij blijf je altijd 23 ofzo
[00:18:45] <justaguy> net zoals ik altijd 14 blijf? :)
[00:18:58] <Boots> niet dat ik je ingehaald heb, ik blijf zelf ook 19 ofzo
[00:19:10] <Boots> ja
[00:19:59] <PvOESJE> ik vind het ook niet kloppend voelen
[00:20:02] <PvOESJE> idd die 23 :P 
[00:20:31] <mimic> 30?!
[00:20:32] <Boots> ik onthoud leeftijden van momenten dat ik iemand ontmoet
[00:20:33] <mimic> :D
[00:21:06] <Boots> en voor mezelf me 19 opgehouden met tellen
[00:21:08] <Boots> of 18
[00:21:09] <mimic> hoe oud ben ik dan?
[00:21:12] <mimic> :+
[00:21:19] <Boots> geen idee ook zoiets
[00:21:39] <mimic> yay 18
[00:21:42] <mimic> :+
[00:21:47] <Boots> zelf in te vullen naar wat die zoiets verwijst
[00:21:48] <Boots> hehehe
[00:21:59] <Boots> ja ik bedoelde dus 23 oid
[00:24:59] *** Quits: FlutterShy (guntherdw@ip-83-101-5-155.customer.schedom-europe.net) (Ping timeout: 66 seconds)
[00:26:34] <PvOESJE> hehehe het jonge gevoel komt ook doordat in dit dorp alle ouders pas kinderen krijgen als ze 38 zijn ofzo. 
[00:26:57] <PvOESJE> kromme zin is krim
[00:26:59] <justaguy> zit je in Urk ofzo :P
[00:26:59] <PvOESJE> krom ook
[00:27:15] <Boots> hehe
[00:27:19] <Boots> i
[00:27:32] <Boots> k heb nog altijd t beeld dat mensen pas na 30 aan kinderen beginnen
[00:28:03] <Boots> ja niet dat jij nou al 38'ish bent
[00:28:04] <Boots> :D
[00:31:02] <Boots> maar je babyface helpt ook wel denk
[00:31:12] <justaguy> lolz
[00:31:37] <Boots> ja niet foetusface justaguy
[00:31:41] <Boots> niet aangesproken voelen
[00:31:43] <PvOESJE> hehehe ja mensen schatten mij nogsteeds echt veel jonger
[00:31:54] <Boots> ondanks kinderen
[00:32:01] <justaguy> PvOESJE: hoe oud schat je mij
[00:32:10] <PvOESJE> irl
[00:32:12] <justaguy> ja
[00:32:14] <justaguy> :D
[00:32:17] <PvOESJE> 15 ofzo
[00:32:21] <Boots> hehehe
[00:32:36] <justaguy> ik werd 21 geschat door iemand daar PvOESJE :D
[00:32:37] <justaguy> lol
[00:32:44] <Boots> bril vergeten?
[00:33:04] <justaguy> ik heb gewoon baardgroei nodig
[00:33:09] <Boots> ik snap het ook niet hoor als ik m'n echte leedtijd word geschat
[00:33:11] <Boots> :')
[00:33:34] <Boots> al heb ik geen idee hoe de laatste tijd de stand is
[00:34:03] <justaguy> leedtijd
[00:34:04] <justaguy> :D
[00:34:12] <Boots> oh oeps
[00:35:46] *** Joins: koolaid_ (koolaid@2a02:a212:280:1c00:38ac:5fd4:983b:912)
[00:36:11] *** Quits: koolaid (koolaid@2a02:a212:280:1c00:e42c:fa66:aae4:5f80) (Ping timeout: 61 seconds)
[00:36:27] <PvOESJE> jou 21 schatten vind ik heel knap
[00:38:15] <mimic> met fantasie kan alles
[00:38:58] <PvOESJE> hehehe
[00:41:50] *** Joins: FlutterShy (guntherdw@ip-83-101-5-155.customer.schedom-europe.net)
[00:44:10] <Boots> ik zou er haast drank voor gaan halen
[00:44:14] <Boots> hehehehe
[00:44:28] <justaguy> doen
[00:44:28] <justaguy> lol
[00:44:31] <justaguy> altijd goed idee!
[00:44:33] <Boots> nee lol
[00:44:42] <Boots> ben je bitch niet
[00:46:22] <justaguy> lolwat Boots 
[00:46:23] <justaguy> :D
[00:46:25] <Boots> :D
[00:46:41] <Boots> ikhebkoud
[00:46:57] <justaguy> steek je hoofd in een magnetron
[00:47:02] <justaguy> word je warm van
[00:47:06] <Boots> heb ik niet
[00:47:11] <justaguy> oven dan
[00:47:13] <Boots> beide niet
[00:47:14] <Boots> o
[00:47:17] <Boots> die wel
[00:47:24] <Boots> maar nee ik ben al heet
[00:48:36] <Boots> en ik maak geen sense
[00:48:41] <Boots> ik weet
[00:48:47] <Boots> ik weet
[00:50:11] <PvOESJE> ik snap je homie
[00:50:16] <PvOESJE> ik snap je <3
[00:51:40] *** Quits: FlutterShy (guntherdw@ip-83-101-5-155.customer.schedom-europe.net) (Ping timeout: 68 seconds)
[00:55:05] <mimic> kijk ze
[00:55:11] <mimic> elkaar snappen
[00:56:24] <justaguy> echte homies die PvOESJE en Boots 
[00:58:37] *** Quits: koolaid_ (koolaid@2a02:a212:280:1c00:38ac:5fd4:983b:912) (Client exited)
[01:00:28] *** Joins: FlutterShy (guntherdw@ip-83-101-5-155.customer.schedom-europe.net)
[01:13:37] *** Quits: Twizzlerz (M@178-84-226-29.dynamic.upc.nl) (Ping timeout: 66 seconds)
[01:14:16] *** Joins: Twizzlerz (M@178-84-226-29.dynamic.upc.nl)
[01:55:42] *** Quits: mrwazoo (mrwazoo@h102136.upc-h.chello.nl) (Exit)
[01:55:53] *** Joins: mrwazoo (mrwazoo@h102136.upc-h.chello.nl)
[02:05:55] <mimic> Boots: Boots Boots Boots 
[02:05:56] <mimic> https://www.facebook.com/clickhole/videos/1596020020638258/
[02:05:58] <mimic> voor jou
[02:05:59] <digiweed> Title: Reacties (at www.facebook.com)
[02:06:00] <mimic> :D :D :D
[02:25:11] <mimic> beetje doen alsof je slaapt
[06:29:42] <Dubbeldrank> veel te vroeg!
[06:43:06] <rawplayer> :/
[06:43:08] <rawplayer> ja
[06:50:53] <Fermata> Mogge
[06:56:54] <Boots> mogge
[06:57:06] <Boots> goed filmpje
[07:45:14] *** Joins: jk-5 (jk-5@D549D0E1.cm-10-1b.dynamic.ziggo.nl)
[08:27:55] *** Quits: SCHAPiE (dorian@dhcp-077-249-247-124.chello.nl) (Exit)
[08:34:14] <bReChThOu> hi nerds
[08:38:30] <justaguy> Hi
[09:10:18] <surrounder> mogguh
[09:10:36] *** Joins: koolaid (koolaid@ip-213-127-118-32.ip.prioritytelecom.net)
[09:12:13] *** Joins: WvdL (uid21241@id-21241.ealing.irccloud.com)
[09:12:37] <surrounder> WILLEM!
[09:12:41] <surrounder> WvdL: *brohoof*
[09:12:43] <WvdL> TIMO!
[09:12:48] <WvdL> surrounder:  *brofist*
[09:12:58] <WvdL> alles kut mienjong?
[09:13:10] <surrounder> immer
[09:13:12] <surrounder> met u dan?
[09:20:03] <WvdL> nog kutter
[09:20:20] <WvdL> zo'n vrije dag door de week is niks voor mij
[09:20:26] <surrounder> wat is deze
[09:20:31] <WvdL> krijg je zo'n weekend idee van
[09:20:44] <WvdL> en dan er achterkomen dat het toch geen weekend is
[09:21:00] <WvdL> omdat de wekker volgende dag zo fricking vroeg afgaat
[09:21:02] <WvdL> :D
[09:21:05] <surrounder> mgiihii
[09:21:08] <surrounder> nou, ik vond 't wel wat
[09:21:18] <surrounder> dagje lamballen kan ik altijd wel waarderen
[09:21:25] <WvdL> ja
[09:21:31] <WvdL> maar dat doe ik normaal vridjags dan
[09:21:34] <WvdL> en zaterdag en zondag
[09:21:37] <WvdL> in 1 rij
[09:34:15] <Dubbeldrank> altijd maar klagen
[09:34:49] <surrounder> Dubbeldranghek!
[09:34:54] * surrounder paast de Dubbeldrank een mok koffie
[09:35:04] *** Quits: mrwazoo (mrwazoo@h102136.upc-h.chello.nl) (Ping timeout: 66 seconds)
[09:36:59] <surrounder> "Weer een buurtkroeg minder. De kaalslag voltrekt zich gestaag. Dit zijn cijfers van Horeca Nederland: vorig jaar waren er 9.039 cafés (waarvan 1.515 in Amsterdam), tien jaar eerder nog 10.638. Volgens een woordvoerder heeft vooral het traditionele dranklokaal om de hoek het moeilijk, zeker op het platteland, in de competitie met zuipketen en indrinkers. In de steden is er concurrentie van eigentijdsere
[09:37:00] <surrounder> gelegenheden, waar je kunt ontbijten, lunchen en dineren en de tussenliggende uren kunt doorbrengen met je laptop of tablet, een latte macchiato of mojito onder handbereik"
[09:37:02] <surrounder> fucking hipster
[09:37:04] <surrounder> s
[09:37:07] <Dubbeldrank> thx surrounder o/
[09:38:22] <Dubbeldrank> tja, als je niet met je tijd meegaat dan ga je kapot he
[09:38:55] * surrounder paast Dubbeldrank een latte macchiato
[09:38:59] <surrounder> alsjeblieft he!
[09:39:05] <bReChThOu> sHOERrounder <3
[09:39:08] <Dubbeldrank> lekker knul!
[09:42:41] <surrounder> Dubbeldrank: je liegt
[09:42:45] <surrounder> bReChThOErTj3 <3
[09:42:55] * surrounder voert bReChThOu een mongolenboterham
[09:42:56] <Dubbeldrank> huh
[09:42:58] <Dubbeldrank> WAT?
[09:43:02] <bReChThOu> dankje <3
[09:44:48] <surrounder> Dubbeldrank: DAT JE LIEGT
[09:45:20] <Dubbeldrank> misschien moet je dan ook even vertellen waarover?
[09:45:43] <surrounder> latte macchiato is helemaal niet lekker
[09:45:57] <Dubbeldrank> als je de melk weglaat wel
[09:46:00] <surrounder> mgiihiii
[09:46:04] <Dubbeldrank> :P
[09:57:42] *** Quits: koolaid (koolaid@ip-213-127-118-32.ip.prioritytelecom.net) (Client exited)
[10:05:29] *** Joins: mrwazoo (mrwazoo@h102136.upc-h.chello.nl)
[10:13:41] *** Quits: wirky (werken@ip503c7f23.speed.planet.nl) (Ping timeout: 66 seconds)
[10:14:36] *** Joins: koolaid (koolaid@94.142.213.250)
[10:14:45] *** Joins: wirky (werken@ip503c7f23.speed.planet.nl)
[10:15:22] <surrounder> http://motherboard.vice.com/read/the-f-35s-software-is-so-buggy-it-might-ground-the-whole-fleet - mgihi /o\
[10:16:16] <SJ> mogge
[10:16:28] <surrounder> SJ! o//
[10:16:32] * surrounder paast de SJ een mok koffie
[10:18:13] <SJ> surrounder: o//
[10:18:16] <SJ> lekkah 
[10:18:41] <AlBundy> mogge
[10:18:43] <AlBundy> http://static.tweakers.net/ext/f/LDNmcjzPqEKdcOsZjqkI8IC2/full.gif
[10:20:01] <bReChThOu> :p
[10:20:41] <surrounder> "2) The F-22 software was largely written in Ada, a sane language that's great for real-time systems that cannot fail. Apparently the F-35 software is mostly written in... C++. Writing fault-tolerant real-time C++ is like walking on a tightrope while gripping a gun with the safety off. You can do it, but it's not particularly pleasant." - mgihi
[10:21:58] <WvdL> ff ehrschrijven in go dus
[10:22:06] <WvdL> aldus de #nerd hipsters hier
[10:22:07] <rawplayer> 1986 allover again http://www.nu.nl/buitenland/4253827/jodiumpillen-uiterlijk-in-2017-alle-belgen-beschikbaar-bij-kernramp.html
[10:22:15] <bReChThOu> nice
[10:22:27] <surrounder> !1986++
[10:22:28] <surrounder> topjaar
[10:22:29] <digiweed> surrounder: Karma for 1986 is now: 1
[10:22:40] <bReChThOu> 1988 !!!!
[10:22:46] <bReChThOu> TSJERNOBELG o/
[10:22:56] <surrounder> mgihi
[10:23:58] <AlBundy> nou het scheelt dat ze iedereen jodiumpillen geven, dan zijn we veilig!
[10:24:03] <bReChThOu> ik wel
[10:24:05] <bReChThOu> jullie niet
[10:24:06] <bReChThOu> HAHAH
[10:24:09] <bReChThOu> sterf vuille hollanders
[10:24:24] <rawplayer> wat doe je hier dan?
[10:24:26] <AlBundy> ik ben weg uit Europa voor het eind vh jaar
[10:24:36] <AlBundy> dan mag van mij de hele boel ontploffen
[10:24:45] <surrounder> wat sociaal van je
[10:24:45] <bReChThOu> ik heb geen probleem met gelderland rawplayer
[10:24:59] <surrounder> mgihi
[10:25:20] <rawplayer> !stomen++
[10:25:23] <digiweed> rawplayer: Karma for stomen is now: 2
[10:25:44] <AlBundy> hm, bij nu.nl zijn die tellertjes al een tijdje kapot
[10:25:53] <AlBundy> van het aantal shares e.d.
[10:33:27] <rawplayer> !verkoudheid--
[10:33:31] <digiweed> rawplayer: Karma for verkoudheid is now: -2
[10:33:32] <rawplayer> !ziek--
[10:33:36] <digiweed> rawplayer: Karma for ziek is now: -31
[10:33:37] <rawplayer> teringtroep ga weg
[10:33:37] <rawplayer> ;[
[10:36:04] <rawplayer> pannenkoeken103: https://media.licdn.com/media-proxy/ext?w=531&h=400&f=n&hash=uQjSl%2BY63kAxppo8f5SyemsJDDk%3D&ora=1%2CaFBCTXdkRmpGL2lvQUFBPQ%2CxAVta5g-0R6jnhodx1Ey9KGTqAGj6E5DQJHUA3L0CHH05IbfPWjrKpbaK-OppkBCeH5QjQBkfL61SDHhGo6-et_tf44k357kJJP5agYUbhl4j3lK6w
[10:42:24] <surrounder> lekker snotteren met de rawpie
[10:50:14] <surrounder> jahaaaa lieve kijkbuiskindertjes
[10:50:18] <surrounder> zo zit dat
[10:55:40] <rawplayer> !erwtensoep++
[10:55:44] <digiweed> rawplayer: Karma for erwtensoep is now: 4
[10:56:06] <syf_> o/
[10:56:14] <syf_> !aspergesoep++
[10:56:17] <digiweed> syf_: Karma for aspergesoep is now: 1
[10:56:18] <AlBundy> ghe, mijn werkgever heeft een 'hackathon' gewonnen
[10:56:20] <rawplayer> ja
[10:56:24] <rawplayer> !aspergesoep++
[10:56:26] <digiweed> rawplayer: Karma for aspergesoep is now: 2
[10:56:27] <AlBundy> http://www.theanalyticslab.nl/2016/04/19/eerste-voetbal-hackathon-van-the-analytics-lab-is-een-succes/
[10:56:32] <digiweed> Title: The Analytics Lab | Eerste Voetbal Hackathon van The Analytics Lab is een succes! (at www.theanalyticslab.nl)
[10:56:37] <rawplayer> AlBundy: je liegt.
[10:56:38] <surrounder> !snert++
[10:56:41] <AlBundy> toekomst voorspellen dmv big data
[10:56:42] <digiweed> surrounder: Karma for snert is now: 41
[10:56:45] <rawplayer> je bent op irc
[10:56:46] <rawplayer> urls aan het pasten
[10:56:46] <syf_> AlBundy: stoer!
[10:56:49] <rawplayer> en noemt het werkgever
[10:56:51] <rawplayer> !!!!
[10:56:53] <AlBundy> mja best wel lache
[10:56:54] <surrounder> !!!!!!!!!!!!
[10:56:58] <rawplayer> zo kannie wle weer
[10:57:03] <syf_> AlBundy: maar kan je ook linux draaien
[10:57:08] <AlBundy> zit directe collega van mij in het team, slimme gozer
[10:57:14] <AlBundy> zo slim dat morgen zijn laatste werkdag is :p
[10:57:18] <surrounder> haha linux
[10:57:19] <surrounder> !linux--
[10:57:24] <digiweed> surrounder: Karma for linux is now: -458
[10:57:39] <AlBundy> rawplayer: ja ze geven mij werk
[10:57:53] <syf_> gay
[10:58:06] <rawplayer> !werk--
[10:58:07] <AlBundy> mja vind het wel cool
[10:58:09] <digiweed> rawplayer: Karma for werk is now: -76
[10:58:14] <rawplayer> !hobby++
[10:58:17] <digiweed> rawplayer: Karma for hobby is now: 2
[10:58:20] <surrounder> bah hobbies
[10:58:26] <AlBundy> was tegen KPN, Achmea, ABN Amro, Essent en Belastingdienst
[10:58:44] <rawplayer> kansloze bedrijven
[10:58:52] <rawplayer> daarom win je ook als echt bedrijf
[10:58:56] <AlBundy> ik zou toch denken dat die een stuk groter BI/DA team hebben dan wij
[10:59:09] <rawplayer> AlBundy: maar jullie zijn klein
[10:59:10] <rawplayer> en flexibel
[10:59:13] <AlBundy> da's waar
[10:59:17] <rawplayer> en die andere dus niet
[10:59:20] <rawplayer> en dat zuigt
[10:59:23] <surrounder> size matters
[10:59:26] <rawplayer> wordt je lekker beperkt
[10:59:29] <rawplayer> ja
[11:01:02] <rawplayer> !kleine bedrijven++
[11:01:06] <digiweed> rawplayer: Karma for kleine bedrijven is now: 1
[11:01:31] <AlBundy> en idd, kleine bedrijven
[11:01:54] <WvdL> !kleine bedrijven//
[11:01:58] <WvdL> !kleine bedrijven--
[11:02:00] <digiweed> WvdL: Karma for kleine bedrijven is now: 0
[11:02:03] <WvdL> nooit weer :+
[11:02:17] <WvdL> ohh je bent goed in X, blijf de rest van carriere maar X hier doen
[11:02:23] <WvdL> meest kosten effecient voor ons
[11:02:35] <AlBundy> zojuist komt datawarehouse manager aanzetten, een datasync gaat mis
[11:02:43] <AlBundy> ha, dat vind ik juist cool bij kleine bedrijven
[11:02:51] <AlBundy> rot op met je doorgroeien, ik ben sysad en dat wil ik blijven
[11:02:58] <rawplayer> pannenkoeken103: https://media.licdn.com/media-proxy/ext?w=531&h=400&f=n&hash=IzkWS7SNmNeB2IVM3Jhtv6YLFR8%3D&ora=1%2CaFBCTXdkRmpGL2lvQUFBPQ%2CxAVta5g-0R6jnhodx1Ey9KGTqAGj6E5DQJHUA3L0CHH05IbfPWi6cMeLfLej9kBFfitXjQBge-i1EjThFY64ftnpfd1xi5Xld8H5agYUbhl4lWdI
[11:03:26] <AlBundy> maargoed, dat is geen sysad taak, maar omdat zijn data analyst morgen zijn laatste dag heeft, vindt hij het mijn taak
[11:03:44] <WvdL> is niet perse dorogroeien in de zin van hoger de ladder op
[11:03:50] <WvdL> maar soms is Y doen ook wel leuk
[11:03:55] <WvdL> de breedte in
[11:04:17] <AlBundy> mijn teamleider neemt het voor me op, gaat met hem in discussie, en op het moment dat die manager wegloopt, zegt-ie tegen mij "i'll protect you"
[11:04:21] <AlBundy> :D
[11:04:34] <AlBundy> mja, nog zo'n voordeel bij kleine bedrijven, e is genoeg Y te doen
[11:04:43] <AlBundy> in grote bedrijven ben ik alleen maar tegen beperkingen opgelopen
[11:05:19] <AlBundy> "ja onze afdeling heeft het stervensdruk, maar sorry Mark, ook al heb je niks te doen, je kan niet bijspringen bij ons, want <bureaucratie>
[11:05:30] <WvdL> :D
[11:05:41] <AlBundy> zit ik de halve dag uit mijn neus te vreten en om werk te zeuren
[11:05:44] <WvdL> ja sorry, heb geen urencode voor je.. dus je kan niet meehlpen :P
[11:06:04] <AlBundy> uiteindelijk leg ik me erbij neer, ga ik maar de hele dag zitten facebooken en die ene ticket per dag doen
[11:07:49] <rawplayer> !soep++
[11:07:51] <digiweed> rawplayer: Karma for soep is now: 14
[11:08:00] <AlBundy> toen kwam er een nieuwe manager op mijn afdeling, een maand later eindigde de opdracht en kreeg ik een aantekening dat 
[11:08:12] <AlBundy> ik geen initiatief nam en niks deed
[11:08:35] <AlBundy> toen kon Snow me nergens meer plaatsen :')
[11:08:59] <Fermata> Toen heb je uiteraard je correspondentie overhandigd
[11:09:05] <AlBundy> nah
[11:09:08] <surrounder> Fermatada.wav.enc \o/
[11:09:11] <Fermata> En gezegd "aan mij lag het niet"
[11:09:13] * surrounder paast de Fermata een mok koffie
[11:09:15] <AlBundy> destijds was ik er best wel een beetje boos over
[11:09:19] <Fermata> Nee dan kan je beter als lui worden weggezet
[11:09:22] <Fermata> surrounder: o//
[11:09:26] <Fermata> Dank homie
[11:09:39] <AlBundy> want destijds was mij verteld dat de opdracht eindigde omdat er teveel mensen op die afdeling zaten
[11:10:07] <AlBundy> pas toen men me vertelde dat mijn contract niet werd verlengd, kreeg ik de echte reden te horen en kon ik me niet meer verdedigen
[11:10:40] <AlBundy> dat was 5 maanden later, 5 maanden doorbetaald bankzitten
[11:10:55] *** Joins: Guyver2 (Guyver2@guyver2.xs4all.nl)
[11:10:55] <WvdL> hebben ze het je wel op tijd verteld iig :P
[11:11:05] <AlBundy> mja niet echt
[11:11:18] <AlBundy> mijn teamleider ging allerlei dingen verzinnen om mij beter plaatsbaar te maken
[11:11:26] <WvdL> 5 maanden nog kunnen bankzitten is toch 5 maanden van tevoren? :o
[11:11:42] <AlBundy> ik had geen enkele intake gehad in 5 maanden, maar hij ging mij intaketraining geven
[11:12:37] <AlBundy> want het lag vast daaraan, en dat ik dat niet vond, daarop was zijn antwoord dat ik niet de fout bij anderen moest leggen, lol
[11:12:45] <WvdL> heb 1 intake gehad in laatste 3 jaar :D
[11:12:56] <WvdL> !intake trainingen--
[11:12:57] <AlBundy> damn wat heeft die kerel het bloed onder mijn nagels gehaald destijds
[11:12:59] <digiweed> WvdL: Karma for intake trainingen is now: -1
[11:13:05] <surrounder> !saucijzenbroodje++
[11:13:09] <digiweed> surrounder: Karma for saucijzenbroodje is now: 7
[11:13:13] <AlBundy> elke intake of sollicitatiegesprek dat ik heb gehad heeft tot een baan geleid
[11:13:23] <rawplayer> ik vind dat humor
[11:13:25] <rawplayer> die intake traininge
[11:13:29] <AlBundy> haha was het ook
[11:13:32] <surrounder> same here
[11:13:36] <WvdL> ja.. maar voro mij vrij nutteloos
[11:13:39] <AlBundy> gelukkig was 't een leuke chick
[11:13:41] <surrounder> heb nog maar 1 sollicitiatiegesprak gehad though
[11:13:46] <AlBundy> die me die trainingen gaf
[11:14:00] <WvdL> ik ben toch niet te gieten in het perfecte itnake figuur
[11:14:07] <WvdL> :D
[11:14:20] * surrounder giet willem
[11:14:26] <rawplayer> bij sommige bedrijven hebn je dat nodig
[11:14:30] <rawplayer> omdat niet iedereen competent is
[11:14:35] <rawplayer> om zichzelf te verkopen
[11:14:41] <WvdL> juhh maar dan heb ik er minder behoefte aan om er te werken
[11:14:47] <AlBundy> ghe, ik zit er altijd een beetje van "he, je hebt mij nodig, overtuig me waarom ik voor jou zou werken"
[11:14:53] <WvdL> tenzij gesprek is met enkel HR miep
[11:14:57] <rawplayer> lekker oppervlakkig
[11:14:59] <WvdL> dan doe ik wel mee
[11:15:14] <WvdL> maar als mijn 'toekomstige' collega's mijn intake doen
[11:15:21] <WvdL> en van die stijve harken zijn
[11:15:21] <rawplayer> AlBundy: ja precies
[11:15:27] <WvdL> dan wil je er al niet werken
[11:15:27] <WvdL> :+
[11:15:42] <AlBundy> ghe, leukste gesprek had ik wel bij Technocon
[11:15:48] <AlBundy> gelijk een kruisverhoor met 4 mensen tegenover me
[11:16:07] <rawplayer> ooh dat probeer ik altijd te voorkomen
[11:16:13] <AlBundy> teamleider, directie en 2 sysads
[11:16:14] <rawplayer> altijd ongemakkelijk naast die andere knakkers zitten
[11:17:11] <surrounder> welnee
[11:17:14] <surrounder> gewoon meteen op schoot
[11:17:36] <WvdL> Weetje van de dag 4312 -----------------------
[11:17:36] <WvdL> Sport je regelmatig? Dan verdien je gemiddeld 10 procent meer dan
[11:17:36] <WvdL> die luie collega die naast je zit.
[11:17:47] <WvdL> daarom verdient die fanatieke rawplayer zoveel
[11:17:48] <WvdL> :p
[11:17:56] <AlBundy> mja, je moet wel je cross fit houden
[11:18:07] <WvdL> (en surrounder zo weinig)
[11:18:08] <rawplayer> surrounder in het nieuws; http://speld.nl/2016/04/28/aldi-roept-bier-terug-man-plotseling-onwel-na-drinken-van-kratje/
[11:18:11] <digiweed> Title: Aldi roept bier terug: man plotseling onwel na drinken van traytje - De Speld (at speld.nl)
[11:18:43] <rawplayer> WvdL: oh dat gebruik ik wel bij de volgende onderhandeling
[11:18:45] <AlBundy> ghe, gisteren in de AH, ging een kerel helemaal over de rooie, omdat-ie maar 1 item alcoholische drank mocht kopen
[11:18:51] <surrounder> en terecht
[11:18:56] <AlBundy> 1 krat telt ook als 1 item
[11:18:56] <surrounder> stasi praktijken
[11:18:58] <rawplayer> 1 krat?
[11:19:00] <rawplayer> ja
[11:19:00] <rawplayer> precies
[11:19:03] <rawplayer> lijktm ij toch ook?
[11:19:06] <rawplayer> tis 1 barcode
[11:19:08] <AlBundy> 1 krat, 1 sixpack, of 1 blik
[11:19:10] <surrounder> op 1 been kun je toch niet lopen
[11:19:18] <AlBundy> dat was regeling van de gemeente
[11:19:25] <surrounder> haha amsterdam
[11:19:26] <rawplayer> 1 palet?
[11:19:41] <AlBundy> dus verkoper zegt: he dat ligt niet aan ons, wij moeten ons houden aan de wet en de gemeente heeft voor vandaag besloten blablabla
[11:20:02] <AlBundy> die kerel: nou ik ga een dikke klachtenbrief schrijven naar die kuttoko van jullie en ik kom hier nooit meer
[11:20:07] <AlBundy> :D
[11:20:10] <AlBundy> made my day
[11:20:20] <Fermata> Wat moeten we toch met die mensen?
[11:20:50] <AlBundy> daarna kwam de beveiliger aan de verkoper vragen of hij erop moest toezien dat hij ook echt niet meer de winkel binnenkwam
[11:21:16] <bReChThOu> ey FERMATA <3
[11:21:32] <Fermata> bReChThOu <e
[11:21:39] <surrounder> !saucijzenbroodje++
[11:21:39] <bReChThOu> WAT
[11:21:40] <digiweed> surrounder: Karma for saucijzenbroodje is now: 8
[11:22:11] <bReChThOu> Fermata: noem je me nu kleiner dan 2.718281.. ?
[11:22:39] <surrounder> bReChThOu: nerd
[11:23:14] <bReChThOu> ga toch fietsen
[11:23:32] <Fermata> bReChThOu <PI
[11:23:38] <surrounder> bReChThOu: alleen op een ebike
[11:23:42] <surrounder> anders word ik moe
[11:23:51] <bReChThOu> Fermata: sebiet PIPI in uw bakkes
[11:24:08] <Fermata> Ow, oké.
[11:24:16] <AlBundy> http://www.vakantieveilingen.nl/dagje-weg/uitstapjes/johnny_demol.html lol
[11:24:18] <digiweed> Title: Johnny Demol - Unieke veiling: pool party met Johnny de Mol (max. 5 pers.) | VakantieVeilingen.nl | Bied mee (at www.vakantieveilingen.nl)
[11:24:47] <surrounder> lekkere golden shower met de bReChThOu 
[11:25:02] <bReChThOu> Als kers op de taart serveert hij de lekkerste hapjes en drankjes.
[11:25:03] <bReChThOu> zichzelf ?
[11:25:06] <AlBundy> 4 uur pool party
[11:25:06] <bReChThOu> amirite Fermata
[11:25:08] <AlBundy> lol
[11:25:09] <AlBundy> 4 uur
[11:25:19] <bReChThOu> wrs van 13:00 tot 17:00
[11:25:19] <bReChThOu> :+
[11:25:24] <AlBundy> ja, in de middag :p
[11:44:20] *** Joins: Peetz0r (peter@haas-en-berg.nl)
[11:46:04] <rawplayer> !kakken++
[11:46:08] <digiweed> rawplayer: Karma for kakken is now: 290
[11:48:51] <Fermata> Omnomnom
[11:51:35] <Fermata> Hoe is het met de rawplayer?
[11:51:59] <rawplayer> 'I've been a very bad girl,' she said, biting her lip. 'I need to be punished.' 'Very well,' he said and installed Windows 10 on her laptop.
[11:52:04] <rawplayer> ja nog kak
[11:52:14] <surrounder> !windows 10++
[11:52:17] <digiweed> surrounder: Karma for windows-- 10 is now: 12
[11:52:32] <Fermata> !w10m+-
[11:52:35] <rawplayer> gaat beter als ik recht zit
[11:52:36] <rawplayer> volgens mij
[11:52:45] <surrounder> !w10m++
[11:52:47] <digiweed> surrounder: Karma for w10m is now: 3
[11:52:52] <Fermata> Misschien even toucheren, rawplayer?
[11:53:59] <rawplayer> wut
[11:54:27] <surrounder> :s
[11:58:31] <surrounder> http://www.telegraaf.nl/binnenland/25687220/___COA_geeft_met_opzet_miljoenen_te_veel_uit___.html - je verwacht het niet
[11:58:33] <digiweed> Title: 'COA geeft met opzet miljoenen te veel uit'|Binnenland| Telegraaf.nl (at www.telegraaf.nl)
[12:01:58] <Fermata> Jeej en maa ropvangen
[12:02:59] *** Quits: Peetz0r (peter@haas-en-berg.nl) (Ping timeout: 60 seconds)
[12:03:09] <rawplayer> !coa--
[12:03:11] *** Joins: Peetz0r (peter@haas-en-berg.nl)
[12:03:13] <digiweed> rawplayer: Karma for coa is now: -1
[12:03:46] <AlBundy> !cocoa++
[12:03:49] <digiweed> AlBundy: Karma for cocoa is now: 1
[12:04:45] <AlBundy> of is het cacao?
[12:04:59] <AlBundy> oh allebei \o/
[12:05:55] <surrounder> !kazige dnb++
[12:05:58] <digiweed> surrounder: Karma for kazige dnb is now: 4
[12:06:28] <Fermata> Ceeestring?
[12:06:42] <surrounder> dakeniknie
[12:06:47] <Fermata> Cheestrings, nee?
[12:06:56] <surrounder> NEIN
[12:07:06] <Fermata> https://cheestrings.net/nl/
[12:07:08] <digiweed> Title: Cheestrings (at cheestrings.net)
[12:07:12] <Fermata> HOEF JE NIET TE SCHREEUWEN
[12:07:24] <bReChThOu> !hitler
[12:07:26] <digiweed> bReChThOu: "hitler" : http://i.imgur.com/s01iCB5.gif
[12:07:38] <rawplayer> HITLER
[12:07:42] <rawplayer> HIHIHIHIHHIHIHIHIHIHITLE
[12:07:43] <rawplayer> R
[12:07:47] <rawplayer> met yolosaws
[12:07:53] <Fermata> Even rustig, rawplayer 
[12:07:59] <surrounder> Cheestrings, echte kaas die grappig is en heerlijk mild van smaak!
[12:08:00] <surrounder> Maar vooral boordevol pret!
[12:08:05] <surrounder> gelukkig boordevol pret wel
[12:08:07] <Fermata> :D
[12:08:09] <Fermata> Ja zeg
[12:08:10] <bReChThOu> :')
[12:08:17] * surrounder paast de mimic een mok koffie
[12:08:19] <bReChThOu> boordevol aids
[12:08:24] <mimic> moge
[12:08:26] <Fermata> Niemand maakt ook kaas waardoor je instant in een depressie komt he.
[12:08:31] <surrounder> lol
[12:08:37] <bReChThOu> dat denk jij
[12:09:18] <surrounder> IK WIL KAAS
[12:09:24] <mimic> IK BEN OOK EEN KLANT
[12:09:25] <Fermata> IK BEN OOK EEN KLANT
[12:09:29] <surrounder> mgiihiii
[12:12:06] <rawplayer> !mosterd++
[12:12:11] <digiweed> rawplayer: Karma for mosterd is now: 6
[12:12:14] <rawplayer> hitler was ook maar een boterbloempje
[12:12:24] <surrounder> ja <3
[12:12:49] <Fermata> Maar wel MIJN boterbloempje
[12:17:03] <surrounder> anders sneeuwt 't even
[12:17:27] <rawplayer> mooi hoor
[12:17:36] <surrounder> 't is wat lafjes
[12:17:47] <rawplayer> 11 stedentocht?
[12:25:26] <surrounder> nee
[12:25:29] <surrounder> jij?
[12:26:04] *** Quits: koolaid (koolaid@94.142.213.250) (Connection reset by peer)
[12:26:13] *** Joins: koolaid (koolaid@94.142.213.250)
[12:27:59] <rawplayer> surrounder: op de klapschaats met klappertanden
[12:28:04] <rawplayer> misschien?
[12:28:17] <surrounder> ;D:;d;d:D:D:DDD:D:D;d;d;x;x;x:D
[12:28:40] <rawplayer> schattig
[12:28:48] <rawplayer> zal ik je even met de hand van Fermata in je wangetjes knijpen?
[12:29:15] <surrounder> :s
[12:35:01] <bReChThOu> ome henk
[12:35:21] <surrounder> !
[12:38:20] <bReChThOu> nog 80 minuten
[12:38:24] <bReChThOu> dan ist biertijd
[12:38:30] <surrounder> nog 5 uur /o\
[12:39:37] <bReChThOu> eerst zuipen bij de klant
[12:39:40] <bReChThOu> daarna bij detacheerder
[12:41:52] *** Quits: Peetz0r (peter@haas-en-berg.nl) (Connection reset by peer)
[12:46:35] *** Joins: Peetz0r (peter@haas-en-berg.nl)
[12:50:19] *** Quits: Peetz0r (peter@haas-en-berg.nl) (Ping timeout: 61 seconds)
[12:51:35] *** Joins: Peetz0r (peter@haas-en-berg.nl)
[12:52:14] <mimic> eendjes doen 
[12:52:16] <mimic> KWAK
[12:53:04] *** Quits: wirky (werken@ip503c7f23.speed.planet.nl) (Exit)
[13:17:11] <surrounder> burp
[13:17:16] * surrounder boert zachtjes in bReChThOu's oog
[13:25:37] <bReChThOu> lekker
[13:28:04] <surrounder> ikr
[13:36:04] <syf_> yow
[13:36:13] <surrounder> syfje o//
[13:36:44] <surrounder> wat is UP HOMIE
[13:40:58] *** rawplayer is now known as stervende_zwaan
[13:45:39] <Fermata> Niet weer he
[13:45:54] <bReChThOu> ujj
[13:46:40] <stervende_zwaan> :|
[13:46:50] <surrounder> :s
[13:59:47] <stervende_zwaan> Fermata: aai mij
[13:59:55] <Fermata> Nee.
[13:59:59] <stervende_zwaan> :(
[14:05:38] <Dubbeldrank> is rawplayer weer ziek?
[14:10:44] <SJ> nog steeds ziek natuurlijk
[14:10:49] <SJ> de aansteller 
[14:13:47] <WvdL> als je eenmaal de slachtoffer kaart speelt
[14:13:51] <WvdL> blijf je em spelen
[14:15:38] <SJ> sja 
[14:28:13] <Diabolical|afk> SJ: rawpje is iig op en top man dus 
[14:28:32] * Diabolical|afk aait de surrounder
[14:31:46] <SJ> Diabolical|afk: dat ja :>
[14:36:38] <AlBundy> topman, dat is een kledingmerk
[15:12:53] *** Joins: wirky (werken@ip503c7f23.speed.planet.nl)
[15:18:26] <surrounder> http://imgur.com/OOOT4sW - lol
[15:18:29] <digiweed> Title: The VR game of the year - Imgur (at imgur.com)
[15:35:52] <AlBundy> mijn manager is medewerker vd maand
[15:36:06] <AlBundy> verdomme daar gaat mijn concentratie
[15:36:22] <surrounder> !oordopjes++
[15:36:25] <digiweed> surrounder: Karma for oordopjes is now: 3
[15:36:38] <surrounder> also, wie de neuk verzint zoiets
[15:36:40] <AlBundy> gelukkig is er taart
[15:37:18] <surrounder> hangt van de taart af natuurlijk 
[15:37:29] <NoxiousPluK> ja wtf
[15:37:43] <syf_> ja wtf
[15:37:49] <surrounder> ja wtf
[15:38:37] <appy> ja wtf
[15:40:06] <Arnie> ja wtf
[15:43:08] <AlBundy> ja wtf
[15:43:16] <AlBundy> nu blijft iedereen te staan ouwehoeren
[15:43:26] *** Quits: wirky (werken@ip503c7f23.speed.planet.nl) (Exit)
[15:43:28] <surrounder> wtf
[15:43:35] <AlBundy> het gaat over ddos attacks, en de directeur zegt zo mooi: "Maar onze site heeft nog nooit platgelegen"
[15:43:45] <surrounder> nog nooit!
[15:43:59] * AlBundy opent direct Zabbix voor de zekerheid
[15:44:20] <surrounder> yolo
[16:46:37] <Fermata> Smeerlapperij
[16:47:29] <surrounder> bah
[16:47:43] <Fermata> Noem je me nou smerig?
[16:48:05] <Fermata> Also
[16:48:08] <Fermata> appy <3
[16:48:19] <surrounder> haha ja :D:D
[16:48:36] <Fermata> TitatovenHITLER
[16:48:43] <surrounder> mgiihiii
[16:48:50] <surrounder> !Fermata++
[16:48:51] <digiweed> surrounder: Karma for Fermata is now: 929
[16:48:55] <Fermata> Malle Timo
[16:49:00] <Fermata> !pinten++
[16:49:04] <digiweed> Fermata: Karma for pinten is now: 7
[16:49:08] <Fermata> !surrounder++
[16:49:11] <digiweed> Fermata: Karma for surrounder is now: 1132
[16:49:23] <Fermata> 1132!  Kijk 'm shinen
[16:51:35] *** Joins: Kirth (Kirth@91.178.220.86)
[17:03:25] <Fermata> Het is een Kirth
[17:04:08] <Kirth> Zowaar.
[17:11:33] <AlBundy> https://i.imgur.com/C2jbkX7.jpg
[17:15:11] *** Quits: Kirth (Kirth@91.178.220.86) (Ping timeout: 60 seconds)
[17:16:51] *** Quits: Guyver2 (Guyver2@guyver2.xs4all.nl) (Ping timeout: 60 seconds)
[17:19:10] *** Joins: Guyver2 (Guyver2@guyver2.xs4all.nl)
[17:25:20] *** Joins: wirky (werken@ip503c7f23.speed.planet.nl)
[17:25:39] <wirky> sup homo`s
[17:25:49] <surrounder> nee
[17:26:42] <wirky> gaylords the trensenial
[17:26:53] <koolaid> !belastingdienst--
[17:26:56] <digiweed> koolaid: Karma for belastingdienst is now: -1
[17:27:01] <surrounder> !belasting++
[17:27:04] <digiweed> surrounder: Karma for belasting is now: 21
[17:27:04] <surrounder> !afdragen++
[17:27:06] <surrounder> heerlijk
[17:27:06] <digiweed> surrounder: Karma for afdragen is now: 93
[17:27:35] <koolaid> gelukkig bijna niks verdiend dus ook weinig betalen \o/
[17:27:55] <surrounder> \\o
[17:28:02] <Fermata> !afdragen--
[17:28:05] <digiweed> Fermata: Karma for afdragen is now: 92
[17:30:04] <the_Ye-Ti> !bijdragen++
[17:30:08] <digiweed> the_Ye-Ti: Karma for bijdragen is now: 3
[17:30:16] <surrounder> https://www.reddit.com/r/sysadmin/comments/4giro9/alternatives_to_windows_2003_migration/ - mgihihi /o\
[17:30:26] <digiweed> Title: Alternatives to windows 2003 migration : sysadmin (at www.reddit.com)
[17:30:41] <the_Ye-Ti> al tijd voor om naar huis te doen gaan?
[17:32:11] <surrounder> dat is het
[17:32:17] <surrounder> ik heb er tabak van
[17:32:19] <surrounder> latuh o//
[17:32:22] <the_Ye-Ti> o/~
[17:42:16] *** Joins: Kirth (Kirth@91.178.220.86)
[17:56:55] <koolaid> "it was July 14th last year by the way" hehe
[18:10:31] *** Quits: wirky (werken@ip503c7f23.speed.planet.nl) (Ping timeout: 66 seconds)
[18:10:51] *** Joins: wirky (werken@ip503c7f23.speed.planet.nl)
[18:12:02] *** Quits: wirky (werken@ip503c7f23.speed.planet.nl) (Ping timeout: 64 seconds)
[18:12:23] *** Joins: wirky (werken@ip503c7f23.speed.planet.nl)
[18:29:01] *** Quits: koolaid (koolaid@94.142.213.250) (Client exited)
[19:06:19] *** Joins: SCHAPiE (dorian@dhcp-077-249-247-124.chello.nl)
[19:12:41] <syf_> hihi win2k3
[19:13:20] *** Quits: Kirth (Kirth@91.178.220.86) (Exit)
[19:19:50] <the_Ye-Ti> waar blijft die win2k16 server nou toch?
[19:26:16] <Dubbeldrank> 4https://www.youtube.com/watch?v=PSgUnixCZnQ
[19:26:18] <digiweed> Title: Windows 10 Upgrade Fail - KCCI meteorologist gets upgrade surprise on live TV - YouTube (at www.youtube.com)
[19:26:42] <NoxiousPluK> lol
[19:27:34] <the_Ye-Ti> t lijkt meer een windows 7 update fail
[19:35:53] <stervende_zwaan> hoi
[19:38:03] <PvOESJE> hoi
[19:42:48] *** Joins: koolaid (koolaid@2a02:a212:280:1c00:cd83:93b8:797:b7df)
[19:45:23] <the_Ye-Ti> wb koolaid 
[19:45:29] <koolaid> gegroet allen
[19:46:14] <stervende_zwaan> koolaid: o/
[19:47:41] *** Quits: SCHAPiE (dorian@dhcp-077-249-247-124.chello.nl) (Exit)
[19:49:34] *** Joins: SCHAPiE (dorian@dhcp-077-249-247-124.chello.nl)
[19:57:46] <koolaid> \o
[19:57:49] <koolaid> ben je ziek
[19:58:11] <stervende_zwaan> ja
[20:01:06] <koolaid> ocherm
[20:10:29] <koolaid> ik moet gordijnen kopen
[20:15:09] <the_Ye-Ti> hf
[20:15:29] *** Joins: Flushell (Flushell@5ED3E8BA.cm-7-4d.dynamic.ziggo.nl)
[20:21:08] *** Quits: Flushell (Flushell@5ED3E8BA.cm-7-4d.dynamic.ziggo.nl) (Exit)
[20:21:42] *** Quits: WvdL (uid21241@id-21241.ealing.irccloud.com) (Exit)
[20:47:27] <koolaid> ik zei ik moet, niet ik ga
[20:48:51] <nomadz> semantics
[20:49:19] <the_Ye-Ti> dus het moest niet
[20:52:49] <Fermata> Of het moest een andere keer.
[20:54:17] <the_Ye-Ti> dan zou het niet het melden waard zijn lijkt me
[20:54:33] <Fermata> Inderdaad, dat is waar IRC om gaat.
[20:54:53] <the_Ye-Ti> serious business
[21:21:46] <Boots> hoi
[21:23:18] <syf_> hoi
[21:24:56] <stervende_zwaan> hoi
[21:25:53] <Fermata> hoi
[21:28:15] <nomadz> hoi
[21:30:56] <Sling> http://www.dumpert.nl/mediabase/6761667/59e009cb/fantastisch_geprobeerd.html
[21:30:59] <digiweed> Title: dumpert.nl - Fantastisch geprobeerd (at www.dumpert.nl)
[21:31:02] <Sling> !luckytv++
[21:31:04] <digiweed> Sling: Karma for luckytv is now: 4
[21:34:57] <stervende_zwaan> omg :D
[21:35:03] <stervende_zwaan> !sling++
[21:35:05] <digiweed> stervende_zwaan: Karma for sling is now: 26
[21:53:11] *** Quits: Fermata (stefan@5.157.82.116) (Ping timeout: 60 seconds)
[21:57:52] *** Joins: Fermata (stefan@5.157.82.116)
[21:59:08] *** Quits: Fermata (stefan@5.157.82.116) (Ping timeout: 66 seconds)
[22:03:57] *** Joins: Fermata (stefan@5.157.82.116)
[22:18:13] *** Joins: Kirth (Kirth@91.178.220.86)
[22:19:03] <arvid> Boots moet ook gordijnen kopen
[22:20:22] <syf_> bah gordijnen
[22:23:51] <Boots> huh
[22:24:14] <Boots> oh koolaid moest gordijnen kopen
[22:27:44] <PvOESJE> ik ook
[22:28:06] <PvOESJE> :D maar moet eerst alles op gana meten als de sleutel er is enzl
[22:28:51] <Boots> kom gaan we gordijnshoppen
[22:29:05] <nomadz> www.gordijnshop.nl
[22:29:17] <Boots> ik heb al bij de hema gekeken
[22:29:33] <Boots> arvid ook trouwens, doe maar niet alsof je er niks mee te maken hebt
[22:30:35] <Boots> ik moet ook nog bedenken hoe wat welke hoeveel verschillende etc
[22:30:48] <the_Ye-Ti> arvid heeft liever rolluiken
[22:30:48] <Boots> aan raambekleding
[22:30:59] <Boots> er is al zonwering
[22:31:03] <appeltje> GORDIJNEN
[22:31:06] <appeltje> die moet ik ook nog ofzo
[22:31:14] <the_Ye-Ti> komt die kwantumkorting
[22:31:14] <Boots> hehehe
[22:31:26] <appeltje> maandag ist alweer zover voor mij :O
[22:31:34] <Boots> sleutel?
[22:31:37] <appeltje> uhu
[22:31:41] <Boots> hoeraaa
[22:32:03] <appeltje> net notaris betaald
[22:32:24] <appeltje> vandaagt mn kamer proberen in te pakken
[22:32:31] <appeltje> de logeerkamer staat nu echt vol vol
[22:32:37] <appeltje> en mijn kamer lijkt nog net als ervoor xD
[22:33:35] <Boots> <arvid> :D gordijnshop is dat coolblue ofzo
[22:33:41] <arvid> dat klinkt als een patchkast appeltje 
[22:33:54] <appeltje> lol
[22:33:56] <arvid> elke keer als ik zo'n ding iorui
[22:34:24] <appeltje> die komt nog wel in mn meterkast
[22:34:32] <arvid> opruim blijft er toch een bende over
[22:35:04] <Boots> misschien moet je het ook naar een andere stad brengen
[22:36:06] <Boots> maar dat is leegruimen, is wat anders dan opruimen
[22:36:25] <appeltje> uhu
[22:36:59] *** Quits: wirky (werken@ip503c7f23.speed.planet.nl) (Ping timeout: 60 seconds)
[22:37:58] *** Joins: wirky (werken@ip503c7f23.speed.planet.nl)
[22:42:16] <stervende_zwaan> feli appeltje 
[22:42:54] <PvOESJE> hehehe en ergens moeten we de lijst hebben met spullen die blijven hangen enzo
[22:43:10] <PvOESJE> maar ik weet dus ook niet of de vitrages er bij horen of niet of de rolgordijnen
[22:43:11] <PvOESJE> :D 
[22:43:28] <stervende_zwaan> :D
[22:47:49] <t4rt4rus> weet iemand hoe muizen ruiken?
[22:47:56] <PvOESJE> ja met hun neus
[22:48:02] <t4rt4rus> en weet iemand hoe je geuren kan omschrijven?
[22:48:06] <t4rt4rus> bedankt PvOESJE :P
[22:48:30] <t4rt4rus> weet iemand waar muizen naar ruiken?
[22:49:24] <t4rt4rus> muf?
[22:54:55] <PvOESJE> nergens naar
[22:54:57] <koolaid> naar muur
[22:55:11] <t4rt4rus> volgens mij heb ik muizen :(
[22:56:15] <Boots> ja naar muf'ish
[22:56:19] <t4rt4rus> kut
[22:56:37] <t4rt4rus> vanmiddag rook het nog niet, kom ik rond 6 aan stinkt het :(
[22:56:37] <Boots> iig in mn herinnering van 15 jaar geleden
[22:56:43] <Boots> dat ik wilde veldmuis had gevangen
[22:57:22] <t4rt4rus> oke
[22:57:49] <t4rt4rus> ik ga morgen even een val halen
[22:58:02] <Boots> mja PvOESJE ik weet nog niet of het niet- of wel verduisterende gordijne  gaan worden en dan daar onder misschien nog iets van plissegordijnen ofzo want geen ruimte voor vitrage oid
[22:58:46] <t4rt4rus> kwam nog wat kieren tegen achter mijn aanrecht kastjes
[22:58:52] <t4rt4rus> die ook maar helemaal dicht spuitne
[22:58:54] <PvOESJE> ik ga denk ik voor hele goedkope makkelijke lusdingen 
[22:59:08] <PvOESJE> we hebben 6 slaapkamers waar gordijnen moeten komen
[22:59:21] <t4rt4rus> 6?
[22:59:21] <PvOESJE> dan nog de woonkamer met mega ramen en de keuken en omg duur 
[22:59:30] <PvOESJE> ja 6
[22:59:44] <t4rt4rus> eigen huis of iets anders?
[22:59:49] <PvOESJE> ja
[23:00:03] <PvOESJE> als het niet mijn huis was hoefde ik ook geen gordijnen
[23:01:10] <t4rt4rus> waar heb je 6 slaapkamers voor nodig? ;p
[23:01:42] <PvOESJE> 3 kinderen, kantoor, eigen slaapkamer tjah 
[23:01:54] <Boots> Ja vanwege prijs zou ik dus ook 1 laag doen
[23:01:57] <Boots> Maar ik wil wel gordijnen
[23:02:15] <t4rt4rus> ah ja oke
[23:02:16] <Boots> Ik heb het verschil gemerkt tussen alleen rolgordijnen en toch ook iets er hebben hangen in vorige woning
[23:02:19] <t4rt4rus> 3 kinderen
[23:02:21] <Boots> en dacht wooot dat had ik echt veel eerder moeten doen
[23:02:29] <PvOESJE> njah gelukkig heeft de wasruimte geen ramen :D 
[23:02:32] <t4rt4rus> zelf enig kind, dus ken maar 2 slaapkamers :P
[23:02:43] <Boots> nja en er is al elektrische zonweringschermen
[23:02:46] <PvOESJE> en de inloop garderobe heeft ook nog gordijnen nodig geloof ik
[23:02:52] <PvOESJE> of dat plak ik af met wat folie :D 
[23:02:53] <Boots> ja 6 is wel erg veel
[23:03:04] <Boots> nouja ik vind ehh 5 maal 240x290cm ook wel veel
[23:03:10] <Boots> eh 4 excuus
[23:03:44] <Boots> hehe ja folie idd wel goed idee voor galerijkant
[23:04:00] <Boots> helft ofzo
[23:04:12] <Boots> of kan overal wel eigenlijk
[23:04:18] <Boots> kamerhoge ramen.....
[23:04:42] <Boots> onderste halve meter niet echt nodig ofzo
[23:04:46] <PvOESJE> hehehe ik hoop dat ze alles laten hangen.
[23:05:08] <Boots> gaat dat niet in overleg dan?
[23:06:38] <Boots> http://www.raamfolieonline.nl/plakfolie/plakfolie-schoolbord/aslan-schoolbordfolie-zwart-bb910 :D
[23:06:41] <digiweed> Title: Schoolbordfolie bestellen? | Raamfolie Online (at www.raamfolieonline.nl)
[23:07:29] <PvOESJE> nee dat gaat niet in overleg
[23:07:43] <PvOESJE> ze hebben een lijst gegeven van te voren met wat ze meenemen en wat weg is
[23:07:55] <PvOESJE> een huurhuis moet je kaal opleveren he een koophuis niet
[23:08:20] <PvOESJE> :D njah als je dingen afspreekt maar ze hebben zelf een lijst gegeven met wat blijft
[23:08:46] <Boots> nee ok
[23:09:40] <Boots> ik heb je perfecte raamfolie gevonden PvOESJE 
[23:09:41] <Boots> https://www.praxis.nl/verf-laminaat-decoratie/raamdecoratie/raamfolie/d-c-fix-decoratiefolie-asia-200x45-cm/5288611
[23:09:44] <digiweed> Title: D-c-fix decoratiefolie Asia 200x45 cm | Praxis (at www.praxis.nl)
[23:10:06] <PvOESJE> dat mag niet op ramen :D 
[23:11:28] <Boots> mag mag
[23:11:50] <Boots> maar goed melkglasfolie oid dus
[23:12:08] <PvOESJE> njah je raam gaat er van stuk
[23:12:13] <PvOESJE> en dan kan je het zelf gaan betalen
[23:15:45] <Boots> Heb je HR++glas? Vraag dan eerst bij jouw glasleverancier naar de mogelijkheden voor het plaatsen van raamfolie. Dit in verband met eventuele thermische breuken.
[23:15:48] <Boots> tja
[23:15:59] <Boots> niet dat die serieus was net 
[23:17:32] <PvOESJE> ik ontdek net dat alle rolgordijnen enzo blijven hangen 
[23:17:33] <PvOESJE> :D 
[23:17:45] <Boots> nice
[23:17:58] *** Quits: wirky (werken@ip503c7f23.speed.planet.nl) (Exit)
[23:18:08] <PvOESJE> ik heb je de lijst gestuurd
[23:35:58] <pannenkoeken103> !go++
[23:36:01] <digiweed> pannenkoeken103: Karma for go is now: 420
[23:36:25] <s0fi3> Avondd
[23:43:29] <s0fi3> sup
[23:43:58] <pannenkoeken103> nuttin'
