[00:01:11] <nomadz> yo aim
[00:17:33] *** Quits: wirky (werken@ip503c7f23.speed.planet.nl) (Exit)
[01:03:25] <t4rt4rus> hallo
[01:05:37] <t4rt4rus> !seen ele
[01:05:38] <digiweed> t4rt4rus: ele was last seen in #nerds 1y 8w 1d 17h 25m 8s ago: <ele> helemaal klaar om aan de noeste arbeid te gaan ?
[01:05:47] <t4rt4rus> !seen ele_
[01:05:50] <digiweed> t4rt4rus: I have not seen ele_.
[01:05:55] <t4rt4rus> ele was hier toch laatst?
[01:06:31] <t4rt4rus> of was dat wasbakje?
[01:07:21] *** Quits: SCHAPiE (dorian@dhcp-077-249-247-124.chello.nl) (Exit)
[01:07:38] *** Joins: SCHAPiE (dorian@dhcp-077-249-247-124.chello.nl)
[01:31:57] *** Joins: wirky (werken@ip503c7f23.speed.planet.nl)
[01:50:38] *** Quits: klaveRCX (michiel@klaver.it) (Ping timeout: 61 seconds)
[01:54:36] *** Joins: klaveRCX (michiel@klaver.it)
[03:02:01] *** Quits: wirky (werken@ip503c7f23.speed.planet.nl) (Exit)
[03:02:40] *** Quits: SCHAPiE (dorian@dhcp-077-249-247-124.chello.nl) (Exit)
[03:04:18] *** Joins: Metalfrost (Metalfrost@178-85-169-244.dynamic.upc.nl)
[03:24:38] *** Quits: jk-5 (jk-5@D549D0E1.cm-10-1b.dynamic.ziggo.nl) (Ping timeout: 66 seconds)
[03:29:50] *** Quits: Metalfrost (Metalfrost@178-85-169-244.dynamic.upc.nl) (Exit)
[03:33:58] <SOFIE> cat wine >> /dev/stomach
[04:02:09] *** Joins: Tweaker_0049 (Mibbit@acta.techinc.nl)
[04:02:15] <Tweaker_0049> jow nerds!
[04:02:25] <Tweaker_0049> !seen Peetz0r 
[04:02:28] <digiweed> Tweaker_0049: Peetz0r was last seen in #nerds 24w 2d 5h 7m 45s ago: <Peetz0r> #2600nl @smurfnet o.a.
[04:02:34] <Peetz0r> 24 weken terug?
[04:02:35] <Peetz0r> nowai
[04:02:44] *** Quits: Tweaker_0049 (Mibbit@acta.techinc.nl) (Exit)
[05:04:12] *** Joins: koolaid (koolaid@2a02:a212:280:1c00:5de0:d449:6aa7:8f64)
[05:05:46] *** Quits: koolaid (koolaid@2a02:a212:280:1c00:5de0:d449:6aa7:8f64) (Ping timeout: 60 seconds)
[06:25:36] <Fermata> Mogge
[07:27:12] <Boots> http://i.imgur.com/AVJLeNT.jpg
[07:28:42] <Escovan> mogguh
[07:29:03] <Escovan> En voelt iedereen zich al vrij? :7
[08:27:50] *** Joins: wirky (werken@ip503c7f23.speed.planet.nl)
[08:31:56] *** Joins: jk-5 (jk-5@D549D0E1.cm-10-1b.dynamic.ziggo.nl)
[09:13:57] <AlBundy> vrij ziek 
[09:25:51] <Fermata> Vrij?
[09:25:53] <Fermata> Vrij?
[09:25:57] <Fermata> Hier wordt gewoon gewerkt.
[09:28:48] <the_Ye-Ti> -gewoon
[09:29:21] <bReChThOu> Feryetibundy o/
[09:29:32] <Fermata> bReChThOu: 
[09:29:38] <Fermata> <3
[09:31:03] <AlBundy> whoah zaterdag 26 graden <333
[09:31:20] <AlBundy> eindelijk echt weet
[09:31:24] <AlBundy> weer*
[09:32:04] <AlBundy> liefd
[09:32:18] <AlBundy> en liefs 4 maanden lang dit weer
[09:32:36] <Fermata> Maar niet warmer.
[09:32:42] <Fermata> Wordt het meteen zo benauwd in NL
[09:32:43] <AlBundy> 30 mag ook
[09:33:09] <AlBundy> maar daarboven is niet zo fijn meeestal idd
[09:33:23] <the_Ye-Ti> \o BrechtHou
[09:33:37] <AlBundy> ik vond 45 graden in zagreb ook wel een beetje te warm
[09:34:18] <bReChThOu> ik vond 80 graden in de sauna toch ook wel een beetje te warm
[09:34:26] <AlBundy> oeh lekker
[09:34:31] <AlBundy> liefst 90
[09:34:38] <bReChThOu> was in turkije
[09:34:41] <bReChThOu> daarna naar buiten
[09:34:43] <AlBundy> !sauna++
[09:34:46] <digiweed> AlBundy: Karma for sauna is now: 17
[09:34:46] <bReChThOu> waar het 40° c was
[09:34:48] <bReChThOu> fucking kippenvel :D
[09:35:00] <AlBundy> moet daar weer eens naartoe
[09:35:02] <bReChThOu> eerst nog turks bad
[09:35:27] <the_Ye-Ti> bReChThOu: zijn jullie al bevrijd?
[09:35:51] <AlBundy> er is elke zondag sauna hier in de straat. iemand heeft een sauna in zo'n pipo caravan gemaakt
[09:35:59] <bReChThOu> nee nog niet the_Ye-Ti
[09:36:07] <AlBundy> zwerfsauna
[09:36:54] <the_Ye-Ti> vervelend
[09:37:14] <AlBundy> www.saunakaravaan.nl/companies/8/17/Zwerfsauna
[09:40:38] <the_Ye-Ti> AlBundy: al bekend wanneer je weer op reis gaat?
[09:42:59] *** Joins: Guyver2 (Guyver2@guyver2.xs4all.nl)
[09:49:10] <flaffel103> mensen
[09:49:20] <Fermata> 103!
[09:50:54] <the_Ye-Ti> tilde!
[09:51:00] <flaffel103> yetzel
[09:51:03] <flaffel103> fermie
[09:54:57] <flaffel103> zo
[09:55:01] <flaffel103> vrijheid dus
[09:56:34] *** Joins: Flushell (Flushell@5ED3E8BA.cm-7-4d.dynamic.ziggo.nl)
[09:57:38] <Fermata> Waar?
[09:58:21] <AlBundy> in je hoofd
[10:01:17] <the_Ye-Ti> en natuurlijk de viering van jezus die onderweg is naar de hemel
[10:01:23] <Fermata> Ahahahahaha.
[10:01:25] <flaffel103> voor jou the_Ye-Ti 
[10:01:30] <flaffel103> jouw zonden
[10:01:35] <the_Ye-Ti> op een wolkje!
[10:02:00] <the_Ye-Ti> ben ik zondig?
[10:02:04] <flaffel103> inherent
[10:02:06] <the_Ye-Ti> :(
[10:02:17] <flaffel103> al ben je je van geen kwaad bewust
[10:03:05] <the_Ye-Ti> soort van onbewust zondigen?
[10:03:16] <flaffel103> je bent in zonde geboren
[10:03:21] <flaffel103> maar Hij kan van je houden
[10:03:31] <Fermata> Of he!
[10:03:33] <Fermata> Of niet.
[10:04:09] <the_Ye-Ti> 103: platonisch?
[10:04:59] <flaffel103> uiteraard
[10:05:03] <Fermata> Ben je niet zo van de natte zoenen?
[10:05:03] <flaffel103> hij is sekseloos
[10:05:15] <Fermata> Voor de ontkennende vraag.
[10:05:15] <the_Ye-Ti> valt alweer mee
[10:06:30] <the_Ye-Ti> dat je zo van die vloeistoffen uitwisselt?
[10:07:07] <Fermata> Jep!
[10:07:16] <the_Ye-Ti> jasses
[10:07:25] <Fermata> Omnomnom
[10:08:34] <flaffel103> eindelijk komt het besef
[10:08:37] <flaffel103> the_Ye-Ti = God
[10:08:47] <surrounder> Erik: http://www.nu.nl/formule-1/4257216/verstappen-promoveert-per-direct-red-bull-racing.html - \o/ \o/ \o/ 
[10:08:55] <the_Ye-Ti> asjemenou
[10:09:17] <Fermata> surrounder o//
[10:09:20] <rawplayer> ja surrounder dat wilde ik je NET vertellen
[10:09:27] <rawplayer> zullen we daar een redbull op drinken
[10:10:18] <Fermata> Gadverdamme
[10:10:24] <the_Ye-Ti> een suikervrije
[10:10:36] <Fermata> Gadverdamme
[10:10:41] <surrounder> mooi nieuws om 5 mei mee te beginnen
[10:10:47] <rawplayer> zeke
[10:10:47] <rawplayer> r
[10:11:03] <rawplayer> ik zag bij de jumbo een kartonnen ding staan
[10:11:04] <rawplayer> van max
[10:11:06] <rawplayer> ik ga er ff heen
[10:11:07] <rawplayer> en zeggen
[10:11:08] <rawplayer> OUD
[10:11:10] <the_Ye-Ti> maar ik moet consequent zijn 
[10:11:11] <the_Ye-Ti> !nu.nl--
[10:11:15] <digiweed> the_Ye-Ti: Karma for nu.nl is now: -82
[10:11:32] <Fermata> MOET
[10:11:37] <the_Ye-Ti> DWANG
[10:11:41] <Fermata> VERPLICHT
[10:11:50] <Fermata> Ben jij wel consistent genoeg, the_Ye-Ti?
[10:11:55] <the_Ye-Ti> uh euh 
[10:12:39] <the_Ye-Ti> consistent met mezelf?
[10:12:59] <Fermata> Ja.
[10:13:37] <the_Ye-Ti> ik doe mn best
[10:14:05] <the_Ye-Ti> of euh dan is het  wij doen ons best
[10:16:28] <Fermata> Yetiaans meervoud.
[10:16:40] <the_Ye-Ti> verwarrend /o\
[10:29:34] <syf_> fermatatat
[10:30:08] <Fermata> syf_: syf_ syf_ 
[10:31:39] <syf_> !surrounder++
[10:31:41] <digiweed> syf_: Karma for surrounder is now: 1134
[10:44:35] <Dubbeldrank> het was gisteren een gerucht en vandaag bevestigd! \o/
[10:45:14] <bReChThOu> ?
[10:46:42] <the_Ye-Ti> inzake verstappen
[10:48:01] <rawplayer> Dubbeldrank: magk koffie
[10:48:35] <surrounder> Dubbeldrank: echt tres nice dit :D
[10:49:12] <bReChThOu> sHOERrounder o//
[10:50:11] <surrounder> bReChThOeRtjE <3
[10:50:21] <the_Ye-Ti> is het ook echt een ander team of alleen andere auto?
[10:50:45] <the_Ye-Ti> of hoe zeg je dat
[10:51:15] <the_Ye-Ti> zit er overlap tussen de teams
[10:57:38] <syf_> ander team tog?
[10:58:07] <the_Ye-Ti> ja maar hoe gescheiden zijn die
[11:06:37] *** Joins: koolaid (koolaid@2a02:a212:280:1c00:5de0:d449:6aa7:8f64)
[11:07:23] <surrounder> 't zijn echt 2 andere teams
[11:07:41] *** Quits: koolaid (koolaid@2a02:a212:280:1c00:5de0:d449:6aa7:8f64) (Ping timeout: 60 seconds)
[11:08:23] <surrounder> TR wordt door RB gebruikt om hun jonge coureurs op te leiden
[11:08:59] <the_Ye-Ti> wordt wel krap met voorbereiding voor volgende wedstrijd dan
[11:10:53] <rawplayer> !havermout++
[11:10:56] <digiweed> rawplayer: Karma for havermout is now: 110
[11:11:07] <surrounder> the_Ye-Ti: true, nog genoeg races te gaan though
[11:13:16] <syf_> https://play.google.com/store/apps/details?id=net.kairosoft.android.paddock_en&hl=en
[11:13:23] <syf_> !kairosoft++
[11:13:25] <digiweed> syf_: Karma for kairosoft is now: 1
[11:15:41] <rawplayer> !plasterk--
[11:15:43] <digiweed> rawplayer: Karma for plasterk is now: -1
[11:16:55] <flaffel103> had jij daar niet ook een vingertje in de pap, rawplayer ?
[11:17:27] <syf_> s/rawplayer/snowden/
[11:17:58] <rawplayer> flaffel103: nee
[11:18:04] <rawplayer> !pap--
[11:18:06] <rawplayer> !havermout++
[11:18:08] <digiweed> rawplayer: Karma for pap is now: 0
[11:18:09] <digiweed> rawplayer: Karma for havermout is now: 111
[11:18:23] <rawplayer> flaffel103: ik ben een keurige burger
[11:19:58] <t4rt4rus> hallo
[11:20:10] *** Quits: Guyver2 (Guyver2@guyver2.xs4all.nl) (Exit)
[11:20:27] <the_Ye-Ti> met zn hoedje
[11:21:45] *** Joins: koolaid (koolaid@2a02:a212:280:1c00:5de0:d449:6aa7:8f64)
[11:22:15] <koolaid> flaffel103: cobol hulde
[11:22:24] <koolaid> valt daar nog wat mee te harken
[11:22:39] <rawplayer> koolaid: !
[11:22:43] <rawplayer> koolaid: wat heb je gister gedaan
[11:22:44] <rawplayer> met sporten
[11:22:45] <koolaid> gezopen
[11:22:48] <koolaid> oh sporten
[11:23:12] <koolaid> 5*(20 benchpress, 20 kettlebell rows, stuk rennen)
[11:23:17] <koolaid> hoe groot is dat stuk..
[11:23:19] <rawplayer> goedzo
[11:23:19] <koolaid> even opzoeken
[11:24:16] <koolaid> https://www.google.nl/maps/dir/51.9793241,5.897794/Meijnerswijk+5,+6841+HA+Arnhem/@51.9805792,5.8905777,993m/data=!3m1!1e3!4m8!4m7!1m0!1m5!1m1!1s0x47c7a5b87de0eec9:0xd72f39845ac888c5!2m2!1d5.8949658!2d51.9805793?hl=nl
[11:24:20] <koolaid> heen en terug
[11:24:27] <the_Ye-Ti> naar de kroeg?
[11:25:05] <rawplayer> hoe vaak?
[11:25:08] <koolaid> 5x dus
[11:25:16] <rawplayer> ah ja
[11:25:19] <rawplayer> goed bezig
[11:25:26] <rawplayer> volgens mij ben jij ook LOEISTERK
[11:25:33] <koolaid> dat benchpressen begon met 20+30 maar dat trok ik niet zo
[11:25:41] <rawplayer> verzuring 
[11:25:42] <koolaid> dus dat werd 20+20 en later 20+10
[11:25:47] <flaffel103> rawplayer wil in de houtgreep genomen worden door koolaid 
[11:25:50] <flaffel103> ik zeg het je
[11:25:52] <koolaid> houdgreep
[11:26:09] <rawplayer> waarom zou ik dat willen
[11:26:26] <rawplayer> floorpress is ook fijn met kettlebells
[11:26:31] <flaffel103> koolaid: http://www.cornerstone.nl/vacancies
[11:26:32] <digiweed> Title: Cornerstone - Careers (at www.cornerstone.nl)
[11:26:32] <flaffel103> mad hark
[11:27:09] <koolaid> veronica cornerstone
[11:27:33] <the_Ye-Ti> wel cobol.net mag ik hopen?
[11:30:58] <the_Ye-Ti> koolaid: was het nog wat met die scientology?
[11:39:41] <koolaid> ja was wel leuk
[11:40:19] <koolaid> ze hadden dan geen mensen van scientology te spreken dus gingen ze lieden auditie laten doen en dan voorvallen na laten spelen, want 1 zon opperpad was dan eruit gestapt en vertelde hoe het ging daar
[11:40:35] <koolaid> en je kon goed zien dat t m allemaal nog goed dwars zat
[11:40:47] <koolaid> !louistheroux++
[11:40:50] <digiweed> koolaid: Karma for louistheroux is now: 1
[11:41:14] <the_Ye-Ti> had je ook die andere gezien?
[11:41:16] <koolaid> maar wat een stel freaks hee
[11:41:26] <koolaid> welke andere
[11:41:28] <koolaid> die met zuipen?
[11:41:48] <the_Ye-Ti> die uh 'going clear'
[11:42:10] <the_Ye-Ti> http://www.imdb.com/title/tt4257858/
[11:42:13] <digiweed> Title: Going Clear: Scientology and the Prison of Belief (2015) - IMDb (at www.imdb.com)
[11:43:12] <koolaid> ja die heb ik tijdje terug gezien ja
[11:43:44] <koolaid> achteraf was nog q&a met arjen lubach
[11:43:49] <koolaid> maar die liep maar wat te stuntelen
[11:45:54] <the_Ye-Ti> wat heeft die ermee te maken dan?
[11:54:05] <surrounder> Dubbeldrank: http://www.dumpert.nl/mediabase/6764687/f3cedd8b/eindbaas_max_haalt_zijn_auto_op.html
[11:54:08] <digiweed> Title: dumpert.nl - Eindbaas Max haalt zijn auto op (at www.dumpert.nl)
[11:55:03] <syf_> wij zijn allemaal een klein beetje verstappen!
[11:56:27] <the_Ye-Ti> jos?
[11:58:38] <surrounder> ome frits
[11:59:32] *** Joins: SCHAPiE (dorian@dhcp-077-249-247-124.chello.nl)
[12:02:31] *** Quits: SCHAPiE (dorian@dhcp-077-249-247-124.chello.nl) (Ping timeout: 66 seconds)
[12:13:44] *** Quits: Erik (M1bbit@cl-1606.ams-04.nl.sixxs.net) (Ping timeout: 60 seconds)
[12:13:56] *** Joins: QORRiE (dorian@dhcp-077-249-247-124.chello.nl)
[12:17:56] <rawplayer> hoi QORRiE 
[12:24:23] <syf_> http://i.imgur.com/YFvwpEI.jpg
[12:26:59] *** Joins: SCHAPiE (dorian@dhcp-077-249-247-124.chello.nl)
[12:35:41] *** Quits: koolaid (koolaid@2a02:a212:280:1c00:5de0:d449:6aa7:8f64) (Connection reset by peer)
[12:36:02] *** Joins: koolaid (koolaid@ip-213-127-118-32.ip.prioritytelecom.net)
[12:43:16] *** Joins: grid (grid@dhcp-089-099-194-232.chello.nl)
[13:08:29] <syf_> "Thank you for the order you have placed with dainese.com. Once we have sent your package, we will send you an e-mail with a link for tracking your order."
[13:08:31] <syf_> woop woop
[13:10:48] <rawplayer> O+
[13:10:51] <rawplayer> wat heb je gekocht
[13:15:16] *** Quits: grid (grid@dhcp-089-099-194-232.chello.nl) (Ping timeout: 66 seconds)
[13:15:29] *** Quits: Flushell (Flushell@5ED3E8BA.cm-7-4d.dynamic.ziggo.nl) (Exit)
[13:15:53] <AlBundy> skyscanner prijsalarm mailtje, daar staat "Stop deze alarm"
[13:18:59] <syf_> rawplayer: http://static.dainese.com/media/catalog/product/cache/205/image/9df78eab33525d08d6e5fb8d27136e95/1/8/1815850_f21_f_2.jpg
[13:19:14] <syf_> skyscanner is van tickets toch?
[13:19:26] <syf_> +vlieg
[13:19:55] *** Joins: grid (grid@dhcp-089-099-194-232.chello.nl)
[13:23:45] <syf_> https://www.youtube.com/watch?v=rKQonaSLFDQ
[13:23:47] <syf_> lol
[13:23:48] <digiweed> Title: Epic Hoverboard front flip - YouTube (at www.youtube.com)
[13:24:07] <nomadz> sup bitches
[13:27:47] <rawplayer> syf_: wat ga gje er mee doen
[13:27:50] <rawplayer> heb je moter?
[13:27:57] <syf_> is er nog iets te doen op 5 mei
[13:28:04] <nomadz> werken
[13:28:16] <rawplayer> gewoon niks doen
[13:28:16] <syf_> rawplayer: nog niet, wel dit jaar nog
[13:28:17] <rawplayer> chillen
[13:28:41] <syf_> mja ik weet nooit wati k moet doen op zo een vrije dag
[13:28:49] <syf_> mss gamen heh
[13:29:06] <syf_> laatst ff WoW weer gechecked :P
[13:29:23] <rawplayer> iets koken
[13:29:25] <rawplayer> straks
[13:29:26] <rawplayer> pizza oid
[13:33:07] <syf_> haha https://www.youtube.com/watch?v=EeF3UTkCoxY
[13:33:09] <digiweed> Title: Official Call of Duty®: Infinite Warfare Reveal Trailer - YouTube (at www.youtube.com)
[13:33:17] <syf_> al de dislikes
[13:38:07] <syf_> goed laters o/
[13:39:37] *** Quits: grid (grid@dhcp-089-099-194-232.chello.nl) (Ping timeout: 60 seconds)
[13:42:31] *** Joins: grid (grid@dhcp-089-099-194-232.chello.nl)
[13:43:42] <AlBundy> !koppijn--
[13:43:45] <digiweed> AlBundy: Karma for koppijn is now: -53
[13:47:42] <AlBundy> nou ja, tijd om een docu te kijken dan maar
[13:48:24] <koolaid> wat is er precies mis met die trailer dan.. ziet er toch prima uit
[13:55:49] <the_Ye-Ti> men wil geen scifi shooter zo te lezen
[13:55:56] <AlBundy> ghe
[13:55:58] <AlBundy> http://www.gnosticmedia.com/the-pharmacratic-inquisition/
[13:55:59] <AlBundy> damn vet boeiend
[13:56:04] <digiweed> Title: The Pharmacratic Inquisition, DVD - Gnostic Media (at www.gnosticmedia.com)
[13:57:33] <the_Ye-Ti> nobody expects the Pharmacratic Inquisition!
[13:57:55] <AlBundy> lol
[13:58:05] <AlBundy> mja, ik snap nog niet waarom het zo heet
[13:58:56] <AlBundy> na 17 minuten gaat het vooral nog over mythologie en hun verband met de sterren enzo
[13:59:28] <the_Ye-Ti> dat staat toch gewoon op de site?
[13:59:42] <AlBundy> kreeg het net doorgestuurd van een vriend van me
[13:59:51] <AlBundy> gelijk filmpje aangezet onder te lezen :)
[13:59:57] <the_Ye-Ti> Pharmacratic Inquisition: The Christian persecution of archaic religions based on sacramental ingestion of entheogenic plants and the consequent personal access to ecstatic states
[14:00:10] <nomadz> klinkt goed
[14:00:50] <AlBundy> !drugs++
[14:00:53] <the_Ye-Ti> of kort samengevat 'christenen tegen drugs'
[14:00:55] <digiweed> AlBundy: Karma for drugs is now: 53
[14:01:45] <the_Ye-Ti> en dan is de docu vast 'drugsgebruikers tegen christendom'
[14:03:15] <AlBundy> mja, Christendom heeft een hoop kapot gemaakt
[14:03:39] <nomadz> jezus maakt meer kapot dan je lief is
[14:04:30] <AlBundy> oorsprong in een hoop andere religies, maar vooral ontdaan van de spirituele delen
[14:05:27] <AlBundy> gek genoeg doen monniken vziw wel aan meditatie bijv., maar mijn tante, gereformeerd, werd boos dat ik me met zoiets boeddhistisch bezig durfde te houden
[14:05:59] <the_Ye-Ti> de gereformeerde kerk heeft geen monniken
[14:06:04] <AlBundy> juist
[14:06:08] <AlBundy> katholiek wel
[14:06:24] <the_Ye-Ti> aan katholieken hebben ze ook een broertje dood
[14:06:25] <AlBundy> gereformeerde kerk is zo'n rare stroming
[14:06:37] <rawplayer> !religie--
[14:06:39] <digiweed> rawplayer: Karma for religie is now: -17
[14:06:39] <AlBundy> leer je om bang te zijn voor god
[14:06:50] <rawplayer> !eu--
[14:06:53] <rawplayer> !erdogan--
[14:06:53] <digiweed> rawplayer: Karma for eu is now: -54
[14:06:54] <rawplayer> !rutte--
[14:06:55] <digiweed> rawplayer: Karma for erdogan is now: -3
[14:06:57] <digiweed> rawplayer: Karma for rutte is now: -5
[14:07:02] <the_Ye-Ti> rawplayer: relax /o\
[14:07:05] <nomadz> !negatief--
[14:07:07] <digiweed> nomadz: Karma for negatief is now: 1
[14:07:09] <rawplayer> !tony++
[14:07:12] <digiweed> rawplayer: Karma for tony is now: 7
[14:07:40] <the_Ye-Ti> blair?
[14:08:10] <AlBundy> Gay Tony
[14:17:47] *** Quits: QORRiE (dorian@dhcp-077-249-247-124.chello.nl) (Exit)
[14:28:05] <koolaid> hawk
[14:47:53] *** Quits: grid (grid@dhcp-089-099-194-232.chello.nl) (Ping timeout: 60 seconds)
[14:58:28] *** Joins: grid (grid@dhcp-089-099-194-232.chello.nl)
[15:47:15] *** Quits: grid (grid@dhcp-089-099-194-232.chello.nl) (Ping timeout: 66 seconds)
[16:02:30] *** flaffel103 is now known as bier103
[16:11:42] <koolaid> lekker bier
[16:11:45] <koolaid> ik had gister nog bier
[16:11:48] <koolaid> in een zeker moortgat
[16:11:50] <koolaid> en een zekere barleys
[16:14:15] <SCHAPiE> hmm, bier, niet een gek idee
[16:18:40] *** Quits: wirky (werken@ip503c7f23.speed.planet.nl) (Exit)
[16:26:39] <bier103> koolaid: iets voor you https://teespring.com/new-cobol-it-still-rules
[16:26:41] <digiweed> Title: COBOL: IT STILL RULES! | Teespring (at teespring.com)
[16:30:32] <syf_> koolaid werkt voor de belastingdienst?
[16:31:37] <syf_> https://www.reddit.com/r/todayilearned/comments/4hz6l5/til_of_a_program_called_softram95_claiming_to/
[16:31:43] <digiweed> Title: TIL of a program called SoftRAM95, claiming to double your RAM without a hardware upgrade. It sold 600,000 copies at $79.95 and did absolutely nothing. : todayilearned (at www.reddit.com)
[16:56:00] *** Joins: Erik (M1bbit@cl-1606.ams-04.nl.sixxs.net)
[16:56:04] *** Quits: koolaid (koolaid@ip-213-127-118-32.ip.prioritytelecom.net) (Client exited)
[17:02:15] <Boots> https://scontent-ams3-1.xx.fbcdn.net/v/t1.0-9/fr/cp0/e15/q65/13083259_1012872908767628_995837126792548181_n.jpg?efg=eyJpIjoidCJ9&oh=746db87650babdaea436c9624ee0deef&oe=57B4B74B
[17:05:00] <bier103> godver Boots 
[17:06:12] <Boots> lief doen
[17:11:02] <SCHAPiE> lekker warm zeg
[17:11:06] <bier103> ik moest lachen
[17:13:11] <rawplayer> hoi
[17:17:24] <SCHAPiE> yo
[17:19:27] <syf_> hoi
[17:23:30] <PvOESJE> yo
[17:25:23] <justaguy> Yo
[17:32:31] <bier103> kek
[17:39:51] *** Joins: Metalfrost (Metalfrost@tsn109-201-154-200.dyn.nltelcom.net)
[17:40:21] <rawplayer> !koffie++
[17:40:23] <digiweed> rawplayer: Karma for koffie is now: 1792
[17:40:26] <Metalfrost> hallon
[17:40:29] <rawplayer> hallon
[17:42:23] <bier103> METALI
[17:44:38] <rawplayer> METALI
[17:45:45] <Metalfrost> LIEVEKINDERS
[17:47:16] *** Joins: wirky (werken@ip503c7f23.speed.planet.nl)
[17:55:47] <Boots> http://i.imgur.com/LsMywnXh.gif
[17:56:44] <Metalfrost> een gif en stilstaand plaatje
[17:57:13] <Metalfrost> tijd tot wegklikken: een halve seconde, want bijna 80% zeker dat het een schrikplaatje is
[17:58:45] <bier103> er beweegt iets!
[17:59:12] <bier103> heur heur
[18:00:28] <Boots> Het is meer een faalcameraman die tweede
[18:14:54] <syf_> ik snap t niet
[18:25:17] *** Quits: Metalfrost (Metalfrost@tsn109-201-154-200.dyn.nltelcom.net) (Exit)
[18:44:18] <syf_> !karma storingsdienst
[18:44:20] <digiweed> syf_: Karma for "storingsdienst" has been increased 8 times and decreased 143 times for a total karma of -135.
[18:56:21] *** Joins: koolaid (koolaid@ip-213-127-118-32.ip.prioritytelecom.net)
[18:58:09] *** Quits: koolaid (koolaid@ip-213-127-118-32.ip.prioritytelecom.net) (Ping timeout: 66 seconds)
[19:09:38] *** Joins: koolaid (koolaid@2a02:a212:280:1c00:5de0:d449:6aa7:8f64)
[19:28:22] <NoxiousPluK> !pendulum++
[19:28:26] <NoxiousPluK> !the prodigy++
[19:28:27] <digiweed> NoxiousPluK: Karma for pendulum is now: 27
[19:28:27] <NoxiousPluK> !wageningen++
[19:28:29] <digiweed> NoxiousPluK: Karma for the prodigy is now: 2
[19:28:30] <digiweed> NoxiousPluK: Karma for wageningen is now: 88
[19:29:36] *** Quits: koolaid (koolaid@2a02:a212:280:1c00:5de0:d449:6aa7:8f64) (Connection reset by peer)
[19:30:20] *** Joins: koolaid (koolaid@2a02:a212:280:1c00:5de0:d449:6aa7:8f64)
[19:32:15] *** Quits: koolaid (koolaid@2a02:a212:280:1c00:5de0:d449:6aa7:8f64) (Ping timeout: 60 seconds)
[19:32:39] *** Joins: koolaid (koolaid@ip-213-127-118-32.ip.prioritytelecom.net)
[20:11:21] *** Quits: koolaid (koolaid@ip-213-127-118-32.ip.prioritytelecom.net) (Connection reset by peer)
[20:12:34] *** Joins: koolaid (koolaid@2a02:a212:280:1c00:5de0:d449:6aa7:8f64)
[20:16:21] <syf_> !020++
[20:16:25] <digiweed> syf_: Karma for 020 is now: 1
[20:18:05] <NoxiousPluK> !deadmau5++
[20:18:09] <digiweed> NoxiousPluK: Karma for deadmau5 is now: 5
[20:18:12] <NoxiousPluK> https://www.youtube.com/watch?v=F0YYoo6oFoU
[20:18:14] <digiweed> Title: Deadmau5 - Chill Mix - YouTube (at www.youtube.com)
[20:18:18] <NoxiousPluK> stiekem is dit best wel vet geil
[20:19:41] *** Quits: int3nz0r (int3nz0r@541A8E1B.cm-5-3c.dynamic.ziggo.nl) (Ping timeout: 66 seconds)
[20:35:49] <syf_> hij is wel een chille gast
[20:35:54] <syf_> op zijn live streams enzo
[20:38:20] <the_Ye-Ti> 103: https://scontent-frt3-1.xx.fbcdn.net/v/t1.0-9/13087895_10153534554550423_6958893466318530377_n.jpg?oh=ef9a6d01dffadc4df3d2742c42821c11&oe=57AE976E
[20:38:47] <bier103> (N)
[20:40:33] <the_Ye-Ti> thumb down?
[20:45:45] *** Joins: Xyphoid (Xyphoid@i210097.upc-i.chello.nl)
[21:05:16] <Fermata> Thuis \o/
[21:05:20] <Fermata> Tijd voor goede whisky.
[21:05:50] <Xyphoid> Avond allemaal
[21:05:57] <Xyphoid> Fijne bevrijdingsdag
[21:06:09] <Fermata> Dank je, denk ik.
[21:07:28] <syf_> wat voor whisky?
[21:10:13] <Fermata> Aberlour A'bunadh, batch 53.
[21:10:17] <Fermata> 59,7%
[21:10:23] <Fermata> Glas water ernaast
[21:13:51] *** Joins: Metalfrost (Metalfrost@tsn109-201-152-16.dyn.nltelcom.net)
[21:14:13] <Metalfrost> waren we weer
[21:14:27] <bier103> METALI
[21:14:35] <Metalfrost> 103!
[21:14:49] <Fermata> Oh.
[21:17:03] <Metalfrost> oh
[21:17:32] <surrounder> !wageningen++
[21:17:34] <surrounder> altijd
[21:17:35] <digiweed> surrounder: Karma for wageningen is now: 89
[21:18:40] <Fermata> Was het fijn?
[21:20:21] <nomadz> !wageningen++
[21:20:23] <digiweed> nomadz: Karma for wageningen is now: 90
[21:20:30] <Sling> zin an bier
[21:20:39] <nomadz> ik ook
[21:20:40] <nomadz> en veel ook
[21:20:42] <nomadz> maar morgen werken :s
[21:20:47] <Sling> ja ik ook al
[21:20:51] <Sling> dus dan maar met mate
[21:20:58] <nomadz> dan maar helemaal niet ;(
[21:21:00] <Sling> maar ik heb ook geen mate :(
[21:56:05] *** Joins: Guyver2 (Guyver2@guyver2.xs4all.nl)
[22:21:43] <Metalfrost> http://i.imgur.com/svatG2N.jpg   hahaha
[22:23:48] <Metalfrost> https://www.youtube.com/watch?v=IKBJxZf-Dgs lmao
[22:23:50] <digiweed> Title: Robotic Longevity | Robot Chicken | Adult Swim - YouTube (at www.youtube.com)
[22:25:49] <Fermata> nn
[22:27:50] <Metalfrost> nn
[22:35:08] <Sling> !robot chicken++
[22:35:11] <digiweed> Sling: Karma for robot chicken is now: 1
[23:33:54] *** Quits: Metalfrost (Metalfrost@tsn109-201-152-16.dyn.nltelcom.net) (Exit)
[23:34:11] *** Joins: Metalfrost (Metalfrost@tsn109-201-152-16.dyn.nltelcom.net)
[23:42:45] <the_Ye-Ti> nn
