[00:03:06] *** Quits: Guyver2 (Guyver2@guyver2.xs4all.nl) (Exit)
[00:17:52] *** Quits: grid (grid@dhcp-089-099-194-232.chello.nl) (Exit)
[00:35:20] *** Quits: Bitage (Bitage@82-171-45-9.ip.telfort.nl) (Exit)
[00:35:22] <Metalfrost> nn
[00:35:24] *** Quits: Metalfrost (Metalfrost@46.166.188.224) (Connection reset by peer)
[00:36:48] *** Quits: Twizzlerz (M@178-84-226-29.dynamic.upc.nl) (Ping timeout: 61 seconds)
[00:36:57] *** Quits: MueR (MueR@is.hier) (Ping timeout: 61 seconds)
[00:37:16] *** Quits: rawplayer (rawplayer@mail.myguard.nl) (Ping timeout: 62 seconds)
[00:37:19] *** Quits: digiweed (supybot@solar.opperschaap.net) (Ping timeout: 61 seconds)
[00:37:27] *** Quits: Fermata (stefan@5.157.82.116) (Ping timeout: 60 seconds)
[00:37:27] *** Quits: SJ (bas@muse.kill-9.nl) (Ping timeout: 60 seconds)
[00:37:38] *** Joins: MueR (MueR@is.hier)
[00:37:47] *** Quits: appy (appy@d121019.upc-d.chello.nl) (Ping timeout: 61 seconds)
[00:37:47] *** Quits: t4rt4rus (t4rt4rus@s559686af.adsl.online.nl) (Ping timeout: 61 seconds)
[00:37:47] *** Quits: the_Ye-Ti (tymon@149-210-167-97.colo.transip.net) (Ping timeout: 61 seconds)
[00:40:07] *** Joins: digiweed (supybot@solar.opperschaap.net)
[00:41:13] *** Joins: rawplayer (rawplayer@mail.myguard.nl)
[00:41:22] *** Joins: SJ (bas@muse.kill-9.nl)
[00:41:29] *** Joins: Fermata (stefan@5.157.82.116)
[00:41:41] *** Joins: the_Ye-Ti (tymon@149-210-167-97.colo.transip.net)
[00:41:42] *** Joins: appy (appy@d121019.upc-d.chello.nl)
[00:41:50] *** Joins: t4rt4rus (t4rt4rus@s559686af.adsl.online.nl)
[00:42:13] *** rawplayer is now known as Tweaker64336
[00:45:14] *** Joins: Twizzlerz (M@178-84-226-29.dynamic.upc.nl)
[00:56:24] *** Quits: koolaid (koolaid@2a02:a212:280:1c00:9505:4445:601:d8d1) (Client exited)
[00:56:42] *** Quits: SCHAPiE (dorian@dhcp-077-249-247-124.chello.nl) (Exit)
[00:59:53] *** Quits: klaveRCX (michiel@klaver.it) (Ping timeout: 60 seconds)
[01:00:41] *** Joins: klaveRCX (michiel@klaver.it)
[01:02:07] *** Quits: Bliksem (Tweaki7@a82-161-41-5.adsl.xs4all.nl) (Ping timeout: 60 seconds)
[01:04:00] *** Joins: Bliksem (Tweaki7@a82-161-41-5.adsl.xs4all.nl)
[01:18:44] <surrounder> bReChThOu: waarom?
[01:20:38] <nomadz> zijn de bananen krom
[01:32:38] *** Quits: Bliksem (Tweaki7@a82-161-41-5.adsl.xs4all.nl) (Ping timeout: 68 seconds)
[01:32:53] *** Quits: Boots (boots@0011110000110011.nl) (Ping timeout: 60 seconds)
[01:33:08] *** Joins: Boots (boots@2001:980:93ad:1:ba27:ebff:fea0:b2a)
[01:34:11] *** Joins: Bliksem (Tweaki7@a82-161-41-5.adsl.xs4all.nl)
[04:26:03] <Escovan> nachtvolk?
[05:25:12] <arvid> nee
[05:34:31] <NoxiousPluK> nope
[05:43:42] <GuntherDW> njet? :+
[06:09:11] *** Joins: wirky (werken@ip503c7f23.speed.planet.nl)
[06:09:28] <wirky> sup nirds
[06:13:46] <arvid> ontbijt
[06:13:50] <arvid> en dan werk
[06:26:39] <wirky> lkkr vroeg
[07:02:28] *** Quits: wirky (werken@ip503c7f23.speed.planet.nl) (Ping timeout: 60 seconds)
[07:03:02] <Tweaker64336> Fermata: o/
[07:04:19] *** Joins: wirky (werken@ip503c7f23.speed.planet.nl)
[07:47:22] <Fermata> Tweaker64336: o/
[08:23:12] <Fermata> !koffie++
[08:23:14] <digiweed> Fermata: Karma for koffie is now: 1790
[08:30:21] <justaguy> !ziek zijn--,
[08:30:21] <justaguy> !ziek zijn--
[08:30:26] <digiweed> justaguy: Karma for ziek zijn is now: -1
[08:32:34] <arvid> !werken++
[08:32:39] <digiweed> arvid: Karma for werken is now: -13
[08:39:27] <justaguy> arvid = aivd-r
[08:39:29] <justaguy> :O
[08:54:52] <arvid> +r
[08:55:09] <bReChThOu> hi nerds
[09:01:37] *** Quits: wirky (werken@ip503c7f23.speed.planet.nl) (Exit)
[09:10:16] <surrounder> bitches'n'hoes
[09:10:48] <bReChThOu> PIMPIN' RIDES
[09:11:18] <surrounder> bReChThOeRtjE <3
[09:11:22] * surrounder paast de bReChThOu een tas koffie
[09:11:30] <bReChThOu> sHOERtounder
[09:11:30] <bReChThOu> ebdankt o/
[09:11:32] <bReChThOu> t=r
[09:11:59] <surrounder> bReChThOu: go willem!
[09:12:16] <bReChThOu> ga toch fietsen
[09:12:22] <justaguy> Ok
[09:12:31] <surrounder> bReChThOu: haha ik ben toch geen hollander
[09:12:56] <surrounder> also
[09:13:03] <justaguy> surrounder: Wel een klootviool
[09:13:13] <surrounder> bReChThOu: eind v/d maand / begin juni een keer tijd voor mitrailette en bier?
[09:13:21] <surrounder> justaguy: bakkes puber
[09:14:03] <Fermata> bakkes homofiele fooraap*
[09:14:27] <surrounder> !fooraap++
[09:14:30] <digiweed> surrounder: Karma for fooraap is now: 14
[09:14:41] *** Tweaker64336 is now known as rawplayer
[09:15:42] <justaguy> surrounder: Lief zijn
[09:15:43] <justaguy> :(
[09:15:57] <surrounder> raar verhaal dit
[09:16:15] <bReChThOu> surrounder: je bent gek
[09:16:24] <surrounder> dat is correct
[09:16:52] <Fermata> I'll second that.
[09:17:41] <surrounder> !kamelot++
[09:17:45] <digiweed> surrounder: Karma for kamelot is now: 12
[09:18:49] <surrounder> nog maar 8 uur!
[09:20:10] <Fermata> En dan pils?
[09:20:16] <surrounder> dat
[09:20:22] <surrounder> en anderhalve week vrij \o/
[09:20:40] <rawplayer> KISS MY RAID CONTROLLER
[09:20:41] <Fermata> Bitchin'!
[09:20:50] <surrounder> ja.ja
[09:20:56] <surrounder> rawplayer: bah hardware
[09:20:59] <surrounder> !nerds--
[09:21:01] <rawplayer> !nerds--
[09:21:01] <digiweed> surrounder: Karma for nerds is now: -997
[09:21:04] <digiweed> rawplayer: Karma for nerds is now: -998
[09:21:04] <rawplayer> !nerds--
[09:21:05] <rawplayer> !nerds--
[09:21:05] <rawplayer> !nerds--
[09:21:07] <digiweed> rawplayer: Karma for nerds is now: -999
[09:21:08] <digiweed> rawplayer: Karma for nerds is now: -1000
[09:21:09] <digiweed> rawplayer: Karma for nerds is now: -1001
[09:21:20] <surrounder> 10 HONDERD!
[09:21:30] <Fermata> !neds--
[09:21:33] <Fermata> !nerds--
[09:21:35] <digiweed> Fermata: Karma for neds is now: -1
[09:21:37] <digiweed> Fermata: Karma for nerds is now: -1002
[09:22:50] *** Joins: WvdL (uid21241@id-21241.ealing.irccloud.com)
[09:22:59] <surrounder> WILLEM!
[09:23:03] <surrounder> WvdL: *brohoof*
[09:26:06] <WvdL> TIMO!
[09:26:11] <WvdL> surrounder:  *brofist*  
[09:26:15] <surrounder> dag pookie
[09:26:19] <surrounder> alles gruwelijk?
[09:27:07] <rawplayer> ja
[09:27:14] <surrounder> :s
[09:35:34] <WvdL> alles gruwelijk kut ja
[09:35:48] <surrounder> \o/
[09:35:51] <rawplayer> \o/
[09:37:35] <WvdL> maja
[09:37:38] <WvdL> thats life hea
[09:37:45] <WvdL> :+
[09:38:35] *** Joins: Paranoid (Mibbit@mail.venture-group.nl)
[09:39:09] <WvdL> http://img-9gag-fun.9cache.com/photo/aQ8b3ze_460s.jpg
[09:39:16] <WvdL> rechts de europse honingbij ;[
[09:39:31] <rawplayer> en links?
[09:39:33] <rawplayer> horzel?
[09:39:42] <Paranoid> http://www.zhzactueel.nl/wp-content/uploads/2016/04/IMG_1265-Medium.jpg
[09:43:16] <WvdL> https://i.ytimg.com/vi/iyzg35p0zh0/hqdefault.jpg
[09:43:23] <WvdL> japenese bull hornet :D
[09:43:28] <WvdL> laat ze maar lekekr daar blijven :[
[09:43:53] <surrounder> eeeek
[10:00:55] <mimic> wat een lieve vogels
[10:02:03] <bReChThOu> :')
[10:02:05] <mimic> fluiten ze ook mooi?
[10:02:07] <syf_> mogguh o/
[10:02:11] <bReChThOu> ja
[10:02:17] <bReChThOu> 's morgens lekker wakker worden
[10:02:18] <mimic> als vallende bommen zeker?
[10:02:21] <bReChThOu> BBBBZZZZZZZZZZZZZZZZZZZZZZZZZZZZZZZZZZZZZZZZZZZZZZZZ
[10:02:25] <mimic> :D
[10:02:46] <mimic> oude oost-russische vliegtuigtankers
[10:03:09] *** Joins: Guyver2 (Guyver2@guyver2.xs4all.nl)
[10:05:36] <mimic> die angeltjes ook
[10:05:38] <SJ> mogge
[10:05:39] <mimic> tering
[10:05:41] <mimic> zo lang als je nagel
[10:07:26] <surrounder> SJ! o//
[10:07:32] <surrounder> syfunderscore! \\o
[10:10:05] <syf_> o/
[10:10:08] <syf_> zeg surrounder 
[10:10:27] <mimic> surrounder
[10:10:35] * surrounder aait de mimic
[10:15:46] <Aim> mogguh 
[10:15:48] <Aim> veeels te vroeg 
[10:16:24] <appeltje> nee joh
[10:16:31] <appeltje> heerlijke tijd om je glasvezel gefixed te krijgen
[10:16:32] <appeltje> http://beta.speedtest.net/result/5296529658
[10:16:37] <digiweed> Title: Speedtest.net by Ookla - My Results (at beta.speedtest.net)
[10:18:04] <Fermata> http://beta.speedtest.net/result/5296578849 -- :(
[10:18:07] <digiweed> Title: Speedtest.net by Ookla - My Results (at beta.speedtest.net)
[10:19:28] <WvdL> nice :D
[10:19:31] <WvdL> appeltje:   \o/
[10:20:04] * justaguy heeft limited 30mbits
[10:20:07] <bReChThOu> lol Fermata
[10:20:07] <bReChThOu> paupernet
[10:20:33] * surrounder heeft internet
[10:20:35] <Fermata> Well, het werkt.
[10:20:40] <Fermata> En is betrouwbaar.
[10:20:42] <Fermata> #yolo
[10:21:01] <Dubbeldrank> waarom pak je een Duitse server dan?
[10:21:13] <Fermata> Die pak ik niet.
[10:21:16] <WvdL> achter de wall of republiek Gelderland.. surrounder 
[10:21:16] <Fermata> Die pakte dat ding.
[10:21:21] <WvdL> hebben ze daar vrije itnernet ja?
[10:21:25] <mimic> jij pakt alles wat je kan, Fermata 
[10:21:28] <mimic> ff rustig
[10:21:36] <surrounder> WvdL: keihard itnernetten
[10:21:36] <Aim> nice appeltje 
[10:21:45] <Fermata> mimic: true.dat
[10:21:54] <WvdL> en dan net zoals Fermata, achterlangs? :+
[10:22:01] <WvdL> beetje backdooren
[10:22:03] <Dubbeldrank> test doet niets, zeker omdat ik ads en cookies block :D
[10:22:11] <Dubbeldrank> jammer dan 
[10:22:12] <WvdL> jijs chavuit
[10:22:23] <Dubbeldrank> jij malwareverzamelaar
[10:22:23] <surrounder> http://surrounder.nl/rapzat.txt
[10:22:30] <mimic> http://beta.speedtest.net/result/5296586676
[10:22:33] <digiweed> Title: Speedtest.net by Ookla - My Results (at beta.speedtest.net)
[10:22:39] <mimic> ik ben gelimit aan de snelehid van mijn wifiverbinding
[10:22:45] <mimic> kzit achter een gbitpijp atm
[10:22:52] <Fermata> Zo'n speedtest met een Belgische host, gaat die dan niet door z'n dataliemiet heen?
[10:23:08] <mimic> ja, dan zie je midden in de test ineens een time out
[10:24:46] <Fermata> justaguy: je hebt een Tor-node, heb je ook een Speedtest-host?
[10:25:40] <mimic> nee, daar kun je geen kinderporno op serveren
[10:26:32] <Fermata> Oh, dan laat maar
[10:26:36] <surrounder> tor-nodejs ?
[10:27:43] <AlBundy> heb 6Mb thuis \o/
[10:27:48] <AlBundy> 1Mb up
[10:27:56] <mimic> vet snel
[10:29:53] <justaguy> Fermata: ik draai al een jaar geen tor nodes
[10:30:13] <surrounder> och nee toch
[10:30:20] <Fermata> Wat zal er van je worden!
[10:30:20] <surrounder> hoe moet dat nou verder?
[10:32:02] <syf_> zeg surrounder 
[10:32:10] <syf_> heb je nog storingsdienst?
[10:32:29] <surrounder> aankomende 1,5 week iig niet
[10:32:49] <syf_> beter
[10:34:19] <surrounder> !kamelot++
[10:34:21] <digiweed> surrounder: Karma for kamelot is now: 13
[10:36:12] <syf_> fijne band
[10:36:38] <mimic> zelf fijn
[10:36:39] <surrounder> idfd
[10:36:51] <surrounder> https://www.youtube.com/watch?v=VDLZ6Mqy7AM - fijn nummer ook
[10:36:56] <digiweed> Title: KAMELOT - Liar Liar ft. Alissa White-Gluz (Official Video) | Napalm Records - YouTube (at www.youtube.com)
[10:37:07] <surrounder> !Alissa White-Gluz++
[10:37:10] <surrounder> ook
[10:37:11] <digiweed> surrounder: Karma for Alissa White-Gluz is now: 1
[10:37:27] <mimic> pics
[10:38:03] <surrounder> https://www.google.nl/search?q=Alissa+White-Gluz&biw=1920&bih=971&source=lnms&tbm=isch&sa=X&ved=0ahUKEwiWn-qswL3MAhUFWxoKHYJyB6cQ_AUIBigB
[10:38:05] <digiweed> Title: Alissa White-Gluz - Google zoeken (at www.google.nl)
[10:38:42] <t4rt4rus> ele ele ele ele ele ele ele ele ele ele PoI
[10:38:52] <mimic> oh ja
[10:38:56] <t4rt4rus> goedemorgen
[10:39:01] <mimic> hi
[10:39:06] <Escovan> https://blendle.com/i/filosofie-magazine/onze-rusteloosheid-hoort-bij-ons/bnl-filosofiemagazine-20160429-10513 (95ct)
[10:39:07] <mimic> poi is volgende week pas
[10:39:08] <Fermata> !seen ele
[10:39:10] <t4rt4rus> !seen ele
[10:39:10] <digiweed> Title: ‘Onze rusteloosheid hoort bij ons’ - Filosofie Magazine - Blendle (at blendle.com)
[10:39:12] <digiweed> Fermata: ele was last seen in #nerds 1y 8w 0d 2h 58m 41s ago: <ele> helemaal klaar om aan de noeste arbeid te gaan ?
[10:39:14] <digiweed> t4rt4rus: ele was last seen in #nerds 1y 8w 0d 2h 58m 43s ago: <ele> helemaal klaar om aan de noeste arbeid te gaan ?
[10:39:36] <Fermata> Helaas
[10:39:37] <mimic> nee
[10:39:51] <t4rt4rus> mimic mijn programma zegt 3 mei
[10:39:58] <bReChThOu> tartaartje :D
[10:40:05] <mimic> toch echt de 10e, t4rt4rus 
[10:40:06] <mimic> http://www.myepisodes.com/cal.php
[10:40:09] <digiweed> Title: Personal Calendar :: MyEpisodes.com (at www.myepisodes.com)
[10:40:15] <mimic> w0t
[10:40:16] <t4rt4rus> bReChThOu :D
[10:40:17] <mimic> 01 staat er niet in
[10:40:22] <surrounder> wel een beetje persoonlijk die kalender
[10:40:22] <mimic> dan zal het wel kloppen
[10:40:35] <mimic> surrounder: je bent zelf persoonlijk
[10:40:41] <surrounder> WAT!?
[10:41:01] <mimic> ja je hoort mij wle
[10:41:07] <t4rt4rus> vandaag in de vs, morgen hier
[10:41:09] <surrounder> even paffen dan maar
[10:41:12] <surrounder> stoom afblazen
[10:41:27] <Fermata> Ik wou dat ik pafte.
[10:41:33] <Fermata> Kon ik ook even weg bij mimic
[10:41:38] <Dubbeldrank> :D
[10:41:45] <Dubbeldrank> je kan ook mimic in de fik steken
[10:41:47] <Dubbeldrank> rookt ook
[10:42:02] <Fermata> Zit er nicotine in mimic?
[10:42:06] <mimic> ik ruik wel naar bosbrand
[10:42:13] <Fermata> Zou wel verklaren waarom er zoveel mensen verslaafd aan 'm zijn
[10:42:25] <mimic> ik word wel vaak gezogen idd
[10:42:52] <Dubbeldrank> zeg, moet dit
[10:42:55] <Dubbeldrank> ?
[10:43:01] <mimic> nou ja, nu wel
[10:43:06] <mimic> want ik ben nu geil 
[10:43:07] <mimic> ¯\(°_o)/¯
[10:43:13] <Dubbeldrank> ik wil dit niet weten
[10:43:15] <mimic> ow
[10:43:18] <mimic> ik ben niet geil
[10:43:20] <mimic> ik herhaal
[10:43:22] <mimic> ik ben niet geil
[10:43:25] <Fermata> Utrecht was het toch?
[10:43:32] <mimic> haha ga maar naar Utrecht
[10:43:45] <Dubbeldrank> genoeg te zuigen daar
[10:44:11] <mimic> hoe kom ik zo snel mogelijk in u terecht?
[10:44:34] <syf_> niet
[10:44:39] <mimic> ow
[10:44:40] <surrounder> mgiihiii
[10:44:44] <syf_> waar zit je nu dan?
[10:46:03] <mimic> nieuwegein
[10:46:05] <mimic> /o\
[10:46:57] <syf_> ja dat is wel heel ver van utrecht!
[10:47:03] <surrounder> honderd!
[10:47:07] <mimic> ver genoeg
[10:47:40] <surrounder> ben je vast snel genoeg als je vol gas gaat op de brommert!
[10:47:48] <Fermata> Oerend hard!
[10:47:55] <mimic> eens kijken
[10:48:25] <mimic> 15km
[10:48:30] <surrounder> ooow
[10:48:39] <syf_> mimic is er in 5 minuten met zijn liter bike!
[10:48:44] <syf_> BRAP BRAP
[10:48:50] <mimic> 600cc 
[10:48:52] <mimic> :C
[10:48:57] <mimic> maar wel bloedjesnel
[10:49:01] <mimic> 290 is top geloof ik :+
[10:49:11] <syf_> noice
[10:49:17] <surrounder> voor die tijd loopt 't vast al dun door je broekje
[10:49:25] <mimic> haha dat doet het bij 200 ook wel
[10:49:27] <mimic> :D
[10:49:31] <mimic> wapper wapper
[10:49:46] <surrounder> heel spoor spetterpoep achter je
[10:49:55] <mimic> 'huh je motor is toch zwart?'
[10:49:58] <mimic> 'was...'
[10:50:02] <surrounder> geen broodkruimels nodig die mimic 
[10:54:30] <syf_> :d
[11:01:23] <syf_> https://www.youtube.com/watch?v=ZF-TxJkddFs
[11:01:25] <digiweed> Title: Daytona 675 Topspeed at 271km/h - YouTube (at www.youtube.com)
[11:04:46] <syf_> mooie motor
[11:04:56] <surrounder> dank je
[11:05:03] <syf_> np
[11:05:11] <surrounder> jwtz
[11:11:41] <Paranoid> voor ieder pandapunt.nl
[11:13:55] <syf_> wat dom
[11:14:24] <syf_> "pandapunten zijn dus een herinnering aan het gevolg van te weinig seks: uitsterving"
[11:14:35] <syf_> mag hopen van wel ja, zou best kut zijn als je elke keer een kind krijgt.
[11:14:55] <surrounder> 3000 kleine syfjes/ o\
[11:15:12] <syf_> wat SKATTUG
[11:15:22] <surrounder> d'aaaaaaaaaaaaaaaaaaaaaaaaaaaaaaaaaaaaaaaaw
[11:15:55] <surrounder> https://tech.slashdot.org/story/16/05/01/1830254/windows-desktop-market-share-drops-below-90
[11:15:58] <digiweed> Title: Windows Desktop Market Share Drops Below 90% - Slashdot (at tech.slashdot.org)
[11:16:03] <surrounder> 2016 is het jaar van linux op de desktop!
[11:16:36] <syf_> hahamicro$of7
[11:16:56] <surrounder> haha M$ Windoze!!111 :D;d;d:D:xdDXXd
[11:17:12] <mimic> MICKEYSOFT HIHIIHHIHI
[11:17:19] <mimic> [/rawplayer'
[11:17:22] <mimic> ]
[11:17:23] <surrounder>  :D;d;d:D:xdDXXd
[11:18:57] <Escovan> zo leuk dat volwassen mensen nog het kind in zichzelf koesteren ....
[11:19:00] <Escovan> en uitdragen
[11:19:20] <surrounder> hilarisch is het
[11:19:26] <syf_> ik ben dan ook 12
[11:20:26] <surrounder> syf_: kom je vanmiddag bij mij spelen?
[11:20:40] <mimic> doktertje?
[11:21:11] <surrounder> bromantisch
[11:21:27] <surrounder> durf te wedden dat syf_ echt zuigt in flippo'en
[11:21:35] <mimic> hij zuigt wel in meer
[11:21:36] <mimic> :7
[11:21:39] <surrounder> mgiihii
[11:23:26] <rawplayer> k
[11:23:37] <surrounder> ho rawplayer is er
[11:23:41] <surrounder> allemaal chinees praten
[11:23:44] <rawplayer> ja praat maar chinees
[11:23:47] <rawplayer> ik versta het toch wel
[11:23:50] <rawplayer> menu is babi panging
[11:23:51] <rawplayer> 1
[11:23:57] <rawplayer> menu2 garnalen in koeloeng saus
[11:24:03] <rawplayer> menu3 grote portie vetsin
[11:24:06] <rawplayer> menu 4 nasi met kipsate
[11:24:31] <syf_> nee ik wil met pokemons spelen
[11:24:40] <rawplayer> met surrounder's pokeballen?
[11:24:55] <surrounder> reuzereuze bonken jonguh
[11:24:57] <syf_> met zijn squirtle
[11:28:16] <rawplayer> och jonges
[11:28:18] <rawplayer> och och och
[11:28:19] <rawplayer> jonges
[11:28:21] <rawplayer> och jonges toch
[11:28:25] <mimic> rawplayer: zullen we een biertje doen?
[11:28:26] <rawplayer> ik hoop op mosterdsoep
[11:28:32] <rawplayer> want als ik toch iets lekker vind he
[11:28:35] <surrounder> haha rawplayer en afspreken
[11:28:41] <rawplayer> dan is het mosterdsoep
[11:28:43] <SJ> rawplayer: o/
[11:28:47] <rawplayer> hoi sj
[11:28:54] <rawplayer> hoe is je koffie
[11:28:57] <rawplayer> ?
[11:28:58] <SJ> prima :)
[11:29:34] <SJ> hooest>
[11:29:36] <SJ> ?
[11:29:39] <SJ> jezus
[11:29:41] <SJ> *hoest ?
[11:29:42] <surrounder> SJ: hoi willem!
[11:29:44] <mimic> kuch kuch
[11:29:46] <rawplayer> SJ: lukt het?
[11:29:49] <rawplayer> SJ: ja prima
[11:29:52] <rawplayer> nog wat snotterig
[11:29:54] <rawplayer> hoofd nog dicht
[11:29:56] <mimic> rawplayer negeert mij
[11:29:59] * SJ kijkt gemeen naar surrounder 
[11:30:00] <mimic> dat vind ik spijtig
[11:30:03] <rawplayer> maar ik heb een hartslag en er stroomt bloed
[11:30:08] <SJ> rawplayer: :>
[11:30:19] <rawplayer> en koffie doet geen pijn meer aan mijn schor keeltje
[11:30:21] <SJ> mimic: dat ben je wel gewend toch ?
[11:30:29] <mimic> mhaw
[11:30:31] <mimic> nee
[11:30:36] <SJ> :)
[11:30:56] <SJ> ok mimic 
[11:30:56] <SJ> ok
[11:31:02] <syf_> ok
[11:31:02] <mimic> ok
[11:34:01] <rawplayer> ok
[11:34:54] <nomadz> 11:30 <rawplayer> maar ik heb een hartslag en er stroomt bloed
[11:35:01] <nomadz> dat maakt je een gewild seksobject voor mimic 
[11:39:47] <syf_> o/
[11:41:00] *** Joins: koolaid (koolaid@2a02:a212:280:1c00:9505:4445:601:d8d1)
[11:41:32] * surrounder paast de nomadz een mok koffie
[11:42:00] <rawplayer> meer koffie
[11:42:10] <koolaid> soylentje
[11:42:15] <rawplayer> jonge echt
[11:42:19] <rawplayer> met je soylent
[11:42:22] <rawplayer> neem eens normaal voer
[11:42:26] <rawplayer> ipv astronautenmeuk
[11:42:33] <koolaid> lol
[11:42:38] <AlBundy> !soylent++
[11:42:40] <surrounder> rawplayer: jij dan mejje havermout
[11:42:42] <AlBundy> !joylent++
[11:42:42] <digiweed> AlBundy: Karma for soylent is now: 5
[11:42:45] * nomadz doet een peuk met de surrounder 
[11:42:46] <digiweed> AlBundy: Karma for joylent is now: 1
[11:42:47] <Dubbeldrank> soylent green!
[11:42:47] <rawplayer> !havermout++
[11:42:48] <surrounder> !kapsalon++
[11:42:50] <digiweed> rawplayer: Karma for havermout is now: 109
[11:42:52] <digiweed> surrounder: Karma for kapsalon is now: 78
[11:42:53] <rawplayer> !kapsalon++
[11:42:56] <koolaid> vind zelf joylent dan niet zo lekker
[11:42:57] <digiweed> rawplayer: Karma for kapsalon is now: 79
[11:42:57] <nomadz> !pringles++
[11:42:58] <AlBundy> havermout ook nice ja
[11:43:01] <digiweed> nomadz: Karma for pringles is now: 1
[11:43:01] <rawplayer> !pringles++
[11:43:03] <digiweed> rawplayer: Karma for pringles is now: 2
[11:43:05] <rawplayer> !pringmore++
[11:43:08] <digiweed> rawplayer: Karma for pringmore is now: 1
[11:43:08] <Fermata> !saint-saëns++
[11:43:10] <rawplayer> :DD;d:Dd:D:DD:d;D:D!:!:DD:D::X;xx:x;xX
[11:43:12] <nomadz> echt man
[11:43:12] <digiweed> Fermata: Karma for saint-saëns is now: 1
[11:43:13] <surrounder> rawplayer: :(
[11:43:20] <rawplayer> ;[
[11:43:20] <AlBundy> maar havermout is zoveel werk vergeleken met Xoylent
[11:43:31] <rawplayer> kan je compenseren met je gelul op irc
[11:43:34] <nomadz> ik zit nu aan de paprikapringels, die zijn zo verneukt door zout en E nummers dat het niet te vreten is
[11:43:36] <surrounder> en niet te krijgen op thuisbezorgd
[11:43:37] <nomadz> goed spul dus
[11:43:37] <AlBundy> dat doe ik pas na het ontbijt, rawplayer 
[11:43:57] <koolaid> deze soylent echter, smaakt voortreffelijk
[11:44:03] <surrounder> http://undeadly.org/cgi?action=article&sid=20160503085227&mode=expanded&count=0
[11:44:04] <AlBundy> ik drink bulletproof coffee anyway
[11:44:05] <surrounder> woei
[11:44:07] <digiweed> Title: OpenBSD Foundation Announces Gold Sponsor (at undeadly.org)
[11:44:08] <surrounder> go duckduckgo
[11:44:10] <AlBundy> geen havermout of Xoylent
[11:44:24] <rawplayer> ik eet AlBundy als ontbijt
[11:44:32] <AlBundy> zolang je alles doorslikt
[11:44:37] <rawplayer> licht verteerbaar
[11:44:40] <rawplayer> zoiets als een krekker
[11:44:47] <rawplayer> met een dikke plak sambal
[11:45:02] <syf_> rawplayer: weet je wat lekkere sambal is die van lekkerbekkie
[11:45:14] <AlBundy> zelfgemaakte \o/
[11:45:34] <AlBundy> kost een 4 maanden, maar dan heb je ook wat
[11:46:24] <syf_> idd
[11:49:56] <Boots> Ik heb me ooit klemgegeten in paprikapringles
[11:50:14] <surrounder> toen zat de Boots vast /o\
[11:50:26] <Boots> hehe
[11:51:30] <AlBundy> !gebak++
[11:51:32] <digiweed> AlBundy: Karma for gebak is now: 1
[11:51:32] <rawplayer> lekker men
[11:51:38] <rawplayer> !sambal++
[11:51:42] <digiweed> rawplayer: Karma for sambal is now: 18
[11:51:51] <surrounder> had net ook gebak ja
[11:51:53] <surrounder> collega is jarig
[11:51:57] <surrounder> mezze hooft
[11:52:30] <Fermata> Beetje lekker gebak?
[11:52:39] <surrounder> acceptabel
[11:52:45] <surrounder> <- niet zo'n gebakfan
[11:52:46] <bReChThOu> enkel met z'n hoofd ?
[11:52:50] <rawplayer> HOOFD
[11:52:52] <AlBundy> lekker tompoesjes, moorkoppen, appeltaart en vruchtengebakjes
[11:52:54] <bReChThOu> dat krijg je als de geboorte begint om 23:59 :D
[11:52:59] <surrounder> hehehe
[11:53:08] <AlBundy> van de banketbakker
[11:53:30] <AlBundy> 54 euro voor 28 stuks >.<
[11:53:38] <surrounder> deneuk
[11:53:46] <surrounder> kost duur financieel gezien in valuta
[11:54:53] <rawplayer> http://assets1.kakhiel.nl/uploads/image_fragment/35461/file/default_bek1.jpg
[11:55:01] <rawplayer> !kakhiel++
[11:55:04] <digiweed> rawplayer: Karma for kakhiel is now: 76
[11:55:19] <surrounder> LD
[11:55:22] <surrounder> !kakhiel++
[11:55:24] <digiweed> surrounder: Karma for kakhiel is now: 77
[11:55:46] <bReChThOu> lol
[11:55:51] <surrounder> rawplayer: "komt ashton kutcher bij de dokter zegt de dokter cher heeft al je snoep opgegeten zegt ashton kut cher"
[11:55:59] <surrounder> MGIIHII
[11:56:23] <bReChThOu> ....
[11:56:34] <surrounder> bReChThOu: :D;d;d:D:D:xDxDDDxxxD
[11:56:40] <Fermata> lol
[11:56:42] <bReChThOu> :@
[11:56:45] <surrounder> "komt lange frans bij de dokter zegt de dokter wat heb je morgen het eerste uur zegt lange frans"
[11:56:46] <AlBundy> :')
[11:56:52] <bReChThOu> omg
[11:56:53] <bReChThOu> ga weg
[11:56:54] <surrounder> !kakhiel++
[11:56:56] <digiweed> surrounder: Karma for kakhiel is now: 78
[11:56:56] <Fermata> gaaf
[11:57:21] <surrounder> bReChThOu: neem je de opel? dan neemt danny devito
[11:57:27] <bReChThOu> fuu
[11:57:36] <surrounder> :D;d;d:D:D:xDxDDDxxxD
[11:58:21] <rawplayer> d;dD:d;d:Dd:D:Dd;d:D
[11:58:59] <surrounder> paljasserij zeg ik je
[11:59:08] <Boots> paaljas
[11:59:44] <surrounder> EGEENZINMEER
[11:59:53] <rawplayer> !recruiters--
[11:59:55] <digiweed> rawplayer: Karma for recruiters is now: -23
[11:59:56] <Fermata> hmmmvoer
[12:00:01] <rawplayer> gooische hockeyclub
[12:00:03] <rawplayer> :')
[12:00:23] <rawplayer> bij 1 een reactie gegeven met 'Haha"
[12:00:30] <Boots> http://www.kakhiel.nl/posts/28581-hoe-koppels-elkaar-hebben-leren-kennen?ref=read-more
[12:00:37] <digiweed> Title: Hoe Koppels Elkaar Hebben Leren Kennen | Kakhiel (at www.kakhiel.nl)
[12:00:47] <AlBundy> rawplayer: gewoon zelf recruiter worden, en dan al die lui bellen die jou gebeld hebben
[12:00:58] <surrounder> Boots: :D
[12:01:10] <surrounder> !taco en wil++
[12:01:13] <digiweed> surrounder: Karma for taco en wil is now: 1
[12:01:38] <surrounder> topdate dat
[12:02:20] <rawplayer> zo moe he
[12:02:21] <rawplayer> zooooo moe
[12:02:42] <Boots> http://www.kakhiel.nl/posts/28561-7-dingen-die-nog-zinlozer-zijn-dan-met-je-laptop-op-het-strand-gaan-liggen?ref=image
[12:02:45] <Boots> :D
[12:02:47] <digiweed> Title: 7 dingen die nog zinlozer zijn dan met je laptop op het strand gaan liggen | Kakhiel (at www.kakhiel.nl)
[12:02:52] <nomadz> surrounder, https://www.facebook.com/pages/systemd/211718202364174#
[12:02:55] <digiweed> Title: systemd (at www.facebook.com)
[12:02:56] <nomadz> ff liken yo
[12:03:03] <surrounder> +1
[12:03:05] <surrounder> vind ik leuk
[12:03:07] <rawplayer> +1
[12:03:10] <rawplayer> duimpje omhoog
[12:03:33] <AlBundy> jammer dat je daar nog niet een huilende of boze emoticon kan kiezen
[12:03:38] <surrounder> Boots: hahaha nice
[12:08:58] <Boots> http://assets2.kakhiel.nl/uploads/image_fragment/34811/file/default_mest1.jpg
[12:09:00] <Boots> :')
[12:09:10] <surrounder> https://source.android.com/security/bulletin/2016-05-01.html -  best een hoop
[12:09:13] <surrounder> !android--
[12:09:14] <digiweed> Title: Android Security Bulletin—May 2016 | Android Open Source Project (at source.android.com)
[12:09:16] <digiweed> surrounder: Karma for android is now: -78
[12:09:22] <surrounder> Boots: mgiihii
[12:09:24] <nomadz> haha linux
[12:09:31] <surrounder> haha ja :D:D
[12:09:36] <mimic> lol Boots 
[12:10:21] *** Quits: Guyver2 (Guyver2@guyver2.xs4all.nl) (Ping timeout: 66 seconds)
[12:10:56] *** Joins: Guyver2 (Guyver2@guyver2.xs4all.nl)
[12:11:27] <Boots> http://assets2.kakhiel.nl/uploads/image_fragment/34601/file/default_gat1.jpg
[12:11:31] <Boots> Oke nu top ik doei
[12:12:00] <surrounder> lekker toppen met de Boots 
[12:12:14] <surrounder> mgiihiii
[12:12:23] <mimic> topboobs
[12:12:28] *** Joins: wirky (werken@ip503c7f23.speed.planet.nl)
[12:13:05] <surrounder> !boobs++
[12:13:09] <digiweed> surrounder: Karma for boobs is now: 13
[12:13:14] <surrounder> !kwarktassen++
[12:13:17] <digiweed> surrounder: Karma for kwarktassen is now: 173
[12:14:11] <koolaid> !kakhiel--
[12:14:14] <digiweed> koolaid: Karma for kakhiel is now: 77
[12:14:20] <surrounder> spijtig dit
[12:16:37] <AlBundy> https://nakedsecurity.sophos.com/2012/08/13/correcthorsebatterystaple-dropbox-wit/
[12:17:25] *** Quits: Guyver2 (Guyver2@guyver2.xs4all.nl) (Ping timeout: 63 seconds)
[12:18:13] *** Joins: Guyver2 (Guyver2@2001:985:f3f:1:800:4c1f:aa57:1471)
[12:21:36] *** Quits: BarthezZ (bart@monitoring.deheij-ict.nl) (Ping timeout: 60 seconds)
[12:28:10] *** Joins: NBS (NBS4@ip5657cc38.direct-adsl.nl)
[12:28:47] <surrounder> https://www.security.nl/posting/469661/10-jarige+jongen+krijgt+8_600+euro+voor+Instagram-lek - mooi op tijd
[12:28:51] <digiweed> Title: 10-jarige jongen krijgt 8.600 euro voor Instagram-lek - Security.NL (at www.security.nl)
[12:30:29] <syf_> volgende week: 10 jarige jongen aan de coke
[12:30:35] <bReChThOu> :D
[12:30:37] <bReChThOu> diet coke ?
[12:31:25] <surrounder> syf_: lol
[12:31:28] <surrounder> !syf++
[12:31:30] <digiweed> surrounder: Karma for syf is now: 374
[12:42:26] <Boots> ,hahah
[12:42:31] <Boots> oh ik dacht dat ik stop tyote
[12:42:38] <bReChThOu> STOP
[12:42:41] <surrounder> HAMMERTIME!
[12:42:44] <bReChThOu> :>
[12:42:55] <Boots> ,surrounder++
[12:42:59] <Boots> sorry uitroepteken stuk
[12:43:00] <Boots> deal witb ut
[12:43:04] <surrounder> lol
[12:43:05] <Boots> nee ik faalde geqoon
[12:43:13] <surrounder> !Boots++
[12:43:16] <digiweed> surrounder: Karma for Boots is now: 435
[12:45:25] <Boots> !surrounder++
[12:45:28] <digiweed> Boots: Karma for surrounder is now: 1133
[12:49:08] <syf_> brap brap
[12:50:08] <syf_> tijd voor een liedje
[12:51:17] <Fermata> Dikkerdje Dap
[12:51:29] <Fermata> <backing vocals> brap brap
[12:51:33] <Fermata> Zat op de trap
[12:51:34] <Fermata> <backing vocals> brap brap
[12:51:57] <syf_> brap brap
[13:03:28] <mimic> BRAAAAAAAAAAAAAAAAAP BRAAAAAAAAAAAP
[13:03:39] <mimic> syf_ wordt een B&B-rider
[13:09:24] *** Parts: Dhvagra (Quinten@2001:41d0:b:550:6667:0:0:16) ()
[13:10:11] <Paranoid> http://imgur.com/gallery/tdKdztk
[13:10:13] <digiweed> Title: Such a beautiful high quality photograph capturing nature in action. - Imgur (at imgur.com)
[13:11:02] *** Nyx sets mode: +v the_Ye-Ti
[13:11:07] <mimic> no
[13:11:14] <mimic> lol
[13:11:37] *** Nyx sets mode: +o the_Ye-Ti
[13:12:35] <the_Ye-Ti> nog vervelende lui gespot hier?
[13:12:43] <mimic> ik
[13:12:54] <bReChThOu> yeti o/
[13:12:56] <the_Ye-Ti> gespot of gespot geworden?
[13:13:10] <the_Ye-Ti> \o BrechtHou
[13:13:32] <mimic> ik ben gespot
[13:13:45] <Fermata> the_Ye-Ti: bReChThOu is vervelend
[13:14:17] <the_Ye-Ti> oei
[13:14:31] <mimic> ojee, wat nu Fermata?
[13:14:48] <bReChThOu> Fermata: ach meid
[13:14:51] <bReChThOu> stel je eens niet zo aan
[13:14:52] <the_Ye-Ti> maakte hij grapjes over je geaardheid?
[13:14:58] <bReChThOu> niet eens
[13:15:06] <Fermata> Neh, gewoon :+
[13:15:12] <the_Ye-Ti> of is het die kop?
[13:15:18] <bReChThOu> :D
[13:15:21] <mimic> :D
[13:30:38] <SJ> mimic: HALLO! U HEEFT EEN 'SLA-MIJ' HOOFD
[13:33:06] * surrounder boert bReChThOu zachtjes in z'n oog
[13:36:18] <bReChThOu> lekkah
[13:51:02] <Dubbeldrank> Tussendoor in het Turkse parlement
[13:51:04] <Dubbeldrank> https://www.youtube.com/watch?v=EtYXYkvpdzA
[13:51:08] <digiweed> Title: Tuča u turskom parlamentu - fight in the Turkish parliament - YouTube (at www.youtube.com)
[13:51:20] <Dubbeldrank> en dat wil bij de EU :')
[13:51:51] <Paranoid> passie voor politiek?
[13:51:59] <surrounder> Dubbeldrank: mooi volk man!
[13:52:20] <Dubbeldrank> een paar dagen geleden ook al
[13:52:25] <Dubbeldrank> gaat lekker daar :D
[13:53:46] <surrounder> zag laatst ook een mooie compilatie van 't oekrainse parlement
[13:53:55] <surrounder> relluh
[13:54:50] <AlBundy> Dubbeldrank: samenvatting?
[13:55:31] <Dubbeldrank> geen idee AlBundy
[13:55:36] <Dubbeldrank> mijn Turks is niet zo best
[13:55:59] <Dubbeldrank> maar het ging volgens mij over het strippen van onschendbaarheid van bepaalde personen
[13:56:38] <surrounder> http://www.ad.nl/ad/nl/31848/Amersfoort/article/detail/4293392/2016/05/03/Cel-dreigt-voor-Amersfoorter-om-beledigen-Erdogan.dhtml
[13:56:41] <digiweed> Title: Cel dreigt voor Amersfoorter om beledigen Erdogan - AD.nl (at www.ad.nl)
[13:57:00] <AlBundy> maar wat gebeurt eri n het filmpje dan? dikke ruzie?
[13:57:39] <rawplayer> dikke crossfittie
[13:58:53] <AlBundy> zoals een debat in het Engelse parlement?
[13:59:37] <surrounder> want laten we engeland en turkije vergeleken
[14:02:18] <mimic> SJ: vreemd, dat gebeurt nooit
[14:02:46] <surrounder> MIMIEKJE
[14:03:24] <AlBundy> https://trustfoundry.net/reverse-engineering-a-discovered-atm-skimmer/
[14:03:33] <mimic> surrie
[14:03:37] <Fermata> Repost
[14:04:06] <surrounder> AlBundy is van de paste only IRC
[14:11:43] <surrounder> also
[14:11:46] <surrounder> !kamelot++
[14:11:48] <digiweed> surrounder: Karma for kamelot is now: 14
[14:12:08] <mimic> kamelot jij wel genoeg?
[14:12:18] <surrounder> de afgelopen paar dagen wel ja
[14:12:26] <surrounder> jij?
[14:12:28] <surrounder> te weinig he
[14:12:39] <mimic> jep
[14:12:43] <mimic> niet zelfs
[14:12:45] <surrounder> spijtig dit
[14:12:50] <mimic> dingen des levens
[14:13:04] <surrounder> de leven is hard vriend
[14:13:59] <AlBundy> wat is kamelot
[14:14:32] <bReChThOu> de naam van uw moekes foef
[14:14:36] <surrounder> lol
[14:14:39] <surrounder> AlBundy: een band
[14:15:55] <Fermata> AlBundy: een band
[14:16:09] <mimic> AlBundy: een band
[14:16:17] <Fermata> RAM BAM BAM BAM 
[14:16:21] <mimic> DENG DENG DENG DENG
[14:16:21] <surrounder> UNF UNF UNF UNF UNF
[14:16:57] <Paranoid>  Piereliere boom boom
[14:17:00] <rawplayer> UNF UNF UNF UNF UNF
[14:17:08] * rawplayer knijpt Fermata in haar wangetje
[14:20:11] <surrounder> :s
[14:20:26] <AlBundy> https://i.imgur.com/AFXu4rU.png
[14:21:08] <bReChThOu> lol
[14:21:59] <mimic> wtf
[14:24:07] <nomadz> wtf
[14:24:27] <surrounder> wtf
[14:30:35] <Dubbeldrank> wil ik het zien?
[14:31:02] <Dubbeldrank> ok, ik heb het gezien
[14:31:34] <Dubbeldrank> is mimic weer aan het frontend-developpen?
[14:31:42] <mimic> sorry /o\
[14:31:45] <Dubbeldrank> :>
[14:32:06] <mimic> ik doe ook maar wat
[14:32:09] <Dubbeldrank> doe mijn maar juni bier dan!
[14:32:14] <Dubbeldrank> -n
[14:32:31] <mimic> doe mijn maar juni bier da! ?
[14:32:37] <Dubbeldrank> ja
[14:32:37] <mimic> huh
[14:32:42] <mimic> wat zeg je nou
[14:32:57] <Dubbeldrank> of je even je mond wil houden
[14:33:02] <mimic> ok
[14:33:07] <mimic> ga ik wel ff plassen
[14:33:11] <Dubbeldrank> ja, doe dat
[14:33:19] <Dubbeldrank> niet niezen tijdens hè
[14:39:44] <mimic> ik ga naar huis
[14:39:46] <mimic> doooooooooei
[14:40:44] <surrounder> dag duifje
[14:47:29] <AlBundy> https://i.imgur.com/whdzmEq.jpg lol
[15:04:10] <SJ> spam krijgen over een zogenaamde openstaande factuur met als from: <adres>@backstabbers.com ;-)
[15:04:21] <SJ> spammers hebben ook humor! :)
[15:04:47] <surrounder> hehe
[15:06:32] <justaguy> SJ: Is locky 
[15:06:43] <justaguy> Die gasten hebben wel humor 
[15:07:58] <surrounder> homies van justaguy 
[15:08:27] <justaguy> Vijanden
[15:08:44] <surrounder> andere kleur in ingress?
[15:09:41] <justaguy> Ik memdump die dudes en extract hun configs jwz
[15:09:49] <justaguy> surrounder: Sterf even ofzo.
[15:10:56] <surrounder> the_Ye-Ti: !
[15:13:17] <SJ> dit gaat te fur 
[15:13:34] <surrounder> TE FUR ZEG IK JE
[15:13:48] <surrounder> wat was de policy omtrent dat hier oaw?
[15:14:53] <surrounder> also
[15:14:58] <surrounder> SJ: ook al zo'n dorst?
[15:15:13] <syf_> mimic: wat is een b&b
[15:15:24] <surrounder> bagels and beans!
[15:15:41] <rawplayer> lekker hoor
[15:15:42] <rawplayer> memme
[15:15:42] <rawplayer> n
[15:15:43] <syf_> lekker
[15:28:04] *** Quits: koolaid (koolaid@2a02:a212:280:1c00:9505:4445:601:d8d1) (Client exited)
[15:30:12] <SJ> surrounder: hmmm, bierrrrr
[15:30:21] <surrounder> nou idfd
[15:30:27] <SJ> morgen hapje eten op een dakterras in rotterdam 
[15:30:31] <SJ> lekkah 
[15:30:33] <SJ> tevens
[15:30:35] <SJ> BIER
[15:30:41] <justaguy> !rotterdam++
[15:30:45] <digiweed> justaguy: Karma for rotterdam is now: 1
[15:30:53] <SJ> 1?!
[15:30:57] <surrounder> teveel idd
[15:31:01] <surrounder> !rotterdam--
[15:31:02] <SJ> !rotterdam++
[15:31:03] <digiweed> surrounder: Karma for rotterdam is now: 0
[15:31:07] <digiweed> SJ: Karma for rotterdam is now: 1
[15:31:08] <surrounder> !randstad--
[15:31:12] <digiweed> surrounder: Karma for randstad is now: -73
[15:31:14] <SJ> !karma amsterdan 
[15:31:15] <digiweed> SJ: amsterdan has neutral karma.
[15:31:17] <SJ> !karma amsterdam
[15:31:19] <digiweed> SJ: Karma for "amsterdam" has been increased 39 times and decreased 24 times for a total karma of 15.
[15:31:24] <surrounder> !amsterdam--
[15:31:27] <digiweed> surrounder: Karma for amsterdam is now: 14
[15:33:53] *** Quits: NBS (NBS4@ip5657cc38.direct-adsl.nl) (Exit)
[15:33:57] <mimic> syf_: brag and boost
[15:34:07] <surrounder> MIMIEKJE
[15:34:12] <mimic> HAI
[15:34:18] <surrounder> ^__________________________________^
[15:41:38] *** Joins: NBS (NBS4@ip5657cc38.direct-adsl.nl)
[15:54:43] <syf_> ahh
[15:54:52] <syf_> mimic: denk dat het een triple r gaat worden
[15:54:52] *** Parts: Paranoid (Mibbit@mail.venture-group.nl) ()
[15:55:01] <syf_> street
[15:55:23] <syf_> hoewel de bmw s1000r ook wel tempting is maar dat is teveel van het goede als beginner heh
[15:55:39] <surrounder> syf_: jij hebt toch meer een solex + pothelm hoofd?
[15:55:43] <syf_> haha
[15:55:47] <syf_> !solex++
[15:55:49] *** Quits: NBS (NBS4@ip5657cc38.direct-adsl.nl) (Connection reset by peer)
[15:55:51] <digiweed> syf_: Karma for solex is now: 1
[15:55:55] <surrounder> !solex++
[15:55:58] <surrounder> ja.ja
[15:55:58] <digiweed> surrounder: Karma for solex is now: 2
[15:58:24] <syf_> wat een baas ben je toch
[16:02:41] <surrounder> al even terug maar blijft mooi : http://www.trouw.nl/tr/nl/4324/Nieuws/article/detail/1300297/2008/09/06/Open-dag-Hells-Angels-Amsterdam-goed-bezocht.dhtml
[16:02:44] <digiweed> Title: Open dag Hells Angels Amsterdam goed bezocht - Nieuws - TROUW (at www.trouw.nl)
[16:02:57] <surrounder> "De open dag trok een uiteenlopend publiek, onder wie ouders met kinderen. Ook de Solexclub uit Texel was er met snorfietsen. Compleet met lange jassen en pothelmen togen ze op hun Solex naar het terrein van de Angels aan de Wenckebachwe"
[16:02:59] <surrounder> bazen
[16:04:25] <bReChThOu> o_O
[16:04:54] <surrounder> O_o
[16:05:53] *** Joins: NBS (NBS4@ip5657cc38.direct-adsl.nl)
[16:10:30] *** Quits: wirky (werken@ip503c7f23.speed.planet.nl) (Exit)
[16:16:11] <syf_> hehe
[16:16:19] <syf_> surrounder: volgens mij kan je dat als team uitjes doen
[16:16:25] <syf_> solex rijden
[16:16:53] <syf_> http://www.solextourswestland.nl/home
[16:16:56] <digiweed> Title: Solex Tours Westland - Solex Tours Westland (at www.solextourswestland.nl)
[16:26:14] *** Quits: jk-5 (jk-5@D549D0E1.cm-10-1b.dynamic.ziggo.nl) (Ping timeout: 60 seconds)
[16:26:55] <syf_> dus, wanneer gaan we surrounder 
[16:27:07] <surrounder> later als ik groot ben
[16:28:45] <syf_> ik heb al een nieuwe nickname voor je
[16:28:49] <syf_> 6foot4solex
[16:29:30] <surrounder> zo lang ben ik niet /o\
[16:30:25] <surrounder> verder wel erg kek naturlijk
[16:30:29] <surrounder> zet 'm meteen in m'n MSN status
[16:31:59] <syf_> o/
[16:32:15] <surrounder> paar headbangende bananen eromheen
[16:32:18] <syf_> haha
[16:33:23] *** Joins: wirky (werken@ip503c7f23.speed.planet.nl)
[16:36:52] <pompoensoep103> werky, werky
[16:37:09] <surrounder> HONDERDDRIE!
[16:37:12] <surrounder> LUL!
[16:37:14] <surrounder> VLIEFT?
[16:38:30] <syf_> 24/7VLIEFT
[16:38:57] <surrounder> pompoensoep103: morgen nog daten?
[16:40:19] <wirky> 301
[16:40:23] <wirky> sup
[16:42:30] <pompoensoep103> surrounder: yep
[16:42:34] <pompoensoep103> en dan HARKEN
[16:42:49] <surrounder> ja maar nee
[16:42:52] <surrounder> pilsje na je gesprek
[16:43:07] <surrounder> ben morgen niet op kantoor 
[16:43:12] <pompoensoep103> ja nee
[16:43:16] <surrounder> nee
[16:43:18] <surrounder> maar
[16:43:20] <surrounder> ja
[16:43:41] <pompoensoep103> ik ga daarna picknicken met de family en m'n moedah
[16:43:49] <surrounder> jemoedah!
[16:44:01] <surrounder> gezellig heur
[16:45:05] <syf_> wat lief
[16:45:10] <syf_> ben jij een moederskindje 103?
[16:45:19] <pompoensoep103> integendeel
[16:45:36] <pompoensoep103> ik zou haar es wat vaker motten bellen
[16:45:57] <syf_> ja doe dat
[16:46:04] <syf_> tis al bijna weer moederdag he
[16:46:10] <pompoensoep103> doet ze niet aan
[16:46:26] <pompoensoep103> <-- vaderskindje
[16:46:27] <pompoensoep103> maar ja
[16:46:30] <pompoensoep103> MN VADER IS DOOD
[16:46:33] <pompoensoep103> lul man
[16:46:37] <syf_> :(
[16:47:18] <syf_> pompoensoep103: let me tell you something my father told me. Look at the stars. The great kings of the past look down on us from those stars
[16:47:41] <pompoensoep103> ok
[16:47:46] <surrounder> wat
[16:48:07] *** Joins: Kirth (Kirth@255.238-242-81.adsl-dyn.isp.belgacom.be)
[16:49:42] <rawplayer> hoi
[16:50:21] *** Quits: Henkie94 (Henkie94@hammetjus.nl) (Ping timeout: 66 seconds)
[16:50:39] <surrounder> rawpie
[16:50:45] <rawplayer> hoi
[16:50:55] <surrounder> :s
[16:51:16] <surrounder> nog maar een nummertje kamelot dan maar
[16:51:17] <surrounder> ben er nu toch
[16:51:31] <surrounder> en dan even 1 ticket afhandelen
[16:51:35] <surrounder> en dan vakantie vieren
[16:51:37] <surrounder> yeehaw
[16:52:26] *** Joins: Henkie94 (Henkie94@hammetjus.nl)
[16:58:53] <WvdL> heb jij vakantie.. surrounder ? :o
[16:59:02] <surrounder> ja.ja
[17:01:04] <syf_> hoi
[17:01:21] <surrounder> hoi
[17:02:24] <pompoensoep103> het paradoxale aan vakantie is dat je 4 dagen nodig hebt om je werk los te laten en *zen* te worden
[17:02:45] <AlBundy> gemiddeld?
[17:02:47] <syf_> nee joh
[17:02:48] <pompoensoep103> en als je dan weer aan het werk gaat, hoeft er maar **DIT** te gebeuren en na 7 minuten ben je het weer kwijt
[17:02:49] <syf_> wel als zzp'er
[17:02:51] <AlBundy> voor mij is het 0
[17:02:56] <pompoensoep103> syf_: ik heb nooit vakantie
[17:02:57] <syf_> je kan ook gewoon naar huis gaan en je werk @ work laten
[17:03:05] <surrounder> pompoensoep103: wellicht, nu 1.5 week though \o/
[17:03:11] <surrounder> da's voor mijn doen wel lang
[17:03:11] <AlBundy> syf_: niet als je thuiswerkt ;)
[17:04:30] <syf_> heb ik ook wel gedaan...
[17:04:34] <syf_> aparte kamer hebben voor je kantoor :P
[17:04:59] <syf_> heh en sommige mensen krijgen stress van/op vakantie
[17:06:11] <pompoensoep103> **DIT**!
[17:06:46] <surrounder> van op vakantie kan ik vatten
[17:06:50] <surrounder> <- huismus
[17:07:03] <pompoensoep103> vliegtuig te laat
[17:07:08] <surrounder> even tijdje geen werk is wel fijn though
[17:07:11] <pompoensoep103> auto aan iemand anders verhuurd
[17:07:16] <pompoensoep103> files
[17:07:28] <pompoensoep103> verdwaald in 1/ander kutgat in de hitte
[17:07:33] <pompoensoep103> winkels dicht tussen de middaag
[17:07:35] <pompoensoep103> slecht bier
[17:07:42] <surrounder> :D
[17:07:44] <surrounder> !103++
[17:07:45] <AlBundy> !stress--
[17:07:48] <digiweed> surrounder: Karma for 103 is now: 223
[17:07:49] <digiweed> AlBundy: Karma for stress is now: -37
[17:07:51] <pompoensoep103> !peroni++
[17:07:52] <pompoensoep103> dat dan weer wel
[17:07:55] <digiweed> pompoensoep103: Karma for peroni is now: 1
[17:09:49] <syf_> mja
[17:09:54] <surrounder> mjamja
[17:10:11] <syf_> pompoensoep103: je kan je natuurlijk ook gewoon niet druk maken
[17:10:20] <pompoensoep103> ik maak me zelden druk
[17:10:27] <pompoensoep103> enkel om boze witte mannen
[17:10:44] <AlBundy> damn die zijn er een hoop
[17:10:55] <surrounder> white men can't jump y0
[17:11:54] <syf_> iets met dat de trip zelf ook vakantie is
[17:12:02] <syf_> en niet alleen de destination
[17:12:04] <syf_> heh
[17:12:05] <pompoensoep103> ja
[17:12:16] <pompoensoep103> totdat je 3 uur op een vliegveld zit te wachten om je huurauto
[17:12:25] <pompoensoep103> en dan de verkeerde meekrijgt
[17:12:25] <pompoensoep103> etc
[17:12:36] <pompoensoep103> wel goed voor de *zen* natuurlijk
[17:12:49] <pompoensoep103> wat ook goed voor de zen is: een vacature plaatsen
[17:12:56] <pompoensoep103> fak, wat een mongolen komen daar op af
[17:13:11] <AlBundy> mja, Liene had ook al zo'n stress toen we op Fuerteventura waren
[17:13:55] <AlBundy> om 14u moesten we op het vliegveld zijn, om 12u komen we erachter dat het een feestdag is, dus dat de bussen misschien wel anders rijden, bleek dat we onze laatste mogelijkheid naar het vliegveld hadden gemist
[17:15:07] <AlBundy> vorige dag duurde het 2 uur om een lift te krijgen op diezelfde locatie, dus paniek alom. Snikkend stond ze met haar duim in de lucht, terwijl ik zei: blijf huilen, misschien helpt het
[17:15:12] <rawplayer> pompoensoep103: zoek je soms WERK?
[17:15:28] <pompoensoep103> hoezo?
[17:15:41] <pompoensoep103> ik zoek iemand die werk zoekt
[17:15:42] <rawplayer> ja of een huishoudster
[17:16:19] <AlBundy> ik zoek werk
[17:16:44] <pompoensoep103> Beste AlBundy,
[17:16:44] <pompoensoep103> Nee.
[17:16:46] <pompoensoep103> Groetjes,
[17:16:48] <pompoensoep103> pompoensoep103
[17:16:56] <pompoensoep103> PS: doe gerust nog een poging
[17:17:05] <pompoensoep103> PPS: we houden je cv in het archief
[17:17:36] <SJ> PPPS: Haal het in je hoofd om te bellen of te mailen en we gooien je van het gebouw af 
[17:17:44] <pompoensoep103> head first
[17:17:49] <SJ> :>
[17:18:04] <AlBundy> pompoensoep103: alsof ik die baan zou willen
[17:18:08] <pompoensoep103> grimmige sfeer
[17:18:16] <pompoensoep103> AlBundy: je weet niet eens hoe en wat
[17:18:20] <pompoensoep103> je wil 'm
[17:18:26] <pompoensoep103> vlakbij je hometown
[17:18:27] <AlBundy> 'ik zoek werk' ;)
[17:18:30] <AlBundy> ah oke :)
[17:18:31] <pompoensoep103> muchoes salaris
[17:18:32] <AlBundy> hmm
[17:18:35] <pompoensoep103> PHP
[17:18:35] <AlBundy> ik zoek remote werk
[17:18:38] <pompoensoep103> remote mogelijk
[17:18:42] <SJ> PHP?
[17:18:46] <AlBundy> php vind ik dan weer minder
[17:18:47] <pompoensoep103> de ultieme droombaan
[17:18:48] <SJ> fulltime?
[17:18:49] <syf_> 10k?
[17:18:54] <pompoensoep103> PHP -> Java conversie
[17:18:56] <AlBundy> ik hou niet van programmeren
[17:18:57] <pompoensoep103> dus beetje php is wel hendig
[17:18:58] <syf_> 5?
[17:19:08] <SJ> is daar niet een of ander arbo verbod op?
[17:20:19] <AlBundy> wat is de MAC-waarde van PHP?
[17:21:00] <AlBundy> ghe mooie ook: De tendens lijkt te zijn dat meer onderzoek naar een stof tot resultaat heeft dat de MAC-waarde daalt.
[17:23:56] <WvdL> minimaal 10k
[17:24:00] <WvdL> want iets met java
[17:24:02] <WvdL> :=
[17:24:04] <WvdL> :+
[17:28:29] <pompoensoep103> wil er iemand 2 sponsorkaartjes voor de trekkertrek in erichem a.s. vrijdag- en zaterdag?
[17:29:59] <WvdL> deze jongen passeert
[17:30:31] *** Joins: koolaid (koolaid@2a02:a212:280:1c00:9505:4445:601:d8d1)
[17:30:36] <rawplayer> koolaid: o/
[17:30:46] <koolaid> proost
[17:30:46] <pompoensoep103> koolaid <3
[17:31:02] <rawplayer> koolaid: wil je 2 sponsorkaartjes voor de trekkertrek in erichem a.s. vrijdag- en zaterdag?
[17:31:10] <koolaid> waar ligt dat
[17:31:16] <rawplayer> pompoensoep103: waar ligt dat?
[17:31:22] <pompoensoep103> bij beusichem
[17:31:23] <syf_> erichem?
[17:31:26] <syf_> klinkt ver
[17:31:28] <pompoensoep103> bij geldermalsen
[17:31:29] <koolaid> ah bij drumpt
[17:31:32] <rawplayer> koolaid: bij beusichem
[17:31:34] <syf_> wat is een trekkertrek
[17:31:36] <rawplayer> bij geldermalsen
[17:31:42] <pompoensoep103> tractor pulling
[17:31:44] <rawplayer> bij den bosch
[17:31:50] <koolaid> ik ken wel zon homo die dat leuk vindt
[17:31:56] <pompoensoep103> rawplayer: je wilt ze!
[17:32:02] <pompoensoep103> koolaid: flase?
[17:32:06] <koolaid> diejen
[17:32:10] <pompoensoep103> goh
[17:32:12] *** Quits: wirky (werken@ip503c7f23.speed.planet.nl) (Exit)
[17:32:26] <koolaid> ik heb dat vroeger ook wel ns gezien toen ik nog een klein hummeltje was
[17:32:38] <pompoensoep103> ik zat te dubben of ik met boaz zou gaan
[17:32:42] <koolaid> rawplayer: maar ik pas even denk ik
[17:32:43] <pompoensoep103> maar ik aps
[17:32:44] <pompoensoep103> aps
[17:32:45] <pompoensoep103> pas!
[17:32:47] <koolaid> ik zou nog een paar jaar wachten
[17:33:02] <koolaid> doch bedankt
[17:33:12] <koolaid> misschien limb
[17:33:13] <pompoensoep103> rawplayer: je kan ze ophalen bij de ooyen 15
[17:33:33] <koolaid> waffer kaarten zijn dat precies dan? 
[17:33:45] <koolaid> ik kan denk ik wel iemand vinden als ik ze zo kan doorpassen
[17:33:46] <pompoensoep103> 'sponsorbandjes'
[17:33:55] <pompoensoep103> dunno wat het precies is
[17:33:57] <pompoensoep103> je kan trekkers zien trekken
[17:34:08] <koolaid> trekkertrek ken ik wel
[17:34:38] <koolaid> wie heeft die kssrten nu dan
[17:34:46] <pompoensoep103> ze liggen bij service2fruit op m'n bureau
[17:34:57] <koolaid> okee
[17:35:03] <koolaid> zl ik kieken of limb ze wil?
[17:35:15] <pompoensoep103> doe maar
[17:35:24] <pompoensoep103> moet wel ff kieken hoe ze dan ergens anders komen
[17:35:30] <pompoensoep103> want ik ben pas vrijdag weer daar
[17:35:36] <pompoensoep103> en die shit is vrijdag en zaterdag
[17:35:57] <rawplayer> ik heb niks met trekkertrek
[17:39:00] <koolaid> waar is service2fruit
[17:39:23] <rawplayer> geldermalsen
[17:39:26] <rawplayer> naast de 15
[17:39:27] <rawplayer> +a
[17:39:34] <AlBundy> naast Snow
[17:39:41] <rawplayer> INFORMERE
[17:39:46] <rawplayer> JOESNOEOSONSNWOWME I GO BLEEEEM
[17:39:50] <rawplayer> :|
[17:40:00] <koolaid> jon snow?
[17:40:02] <SJ> A LIKKIE BOOM BOOM DOWN 
[17:40:09] <SJ> ofzo 
[17:40:29] <AlBundy> SJ Snow
[17:40:56] <SJ> joh
[17:41:17] * SJ <-- SnowJaap 
[17:41:22] <SJ> doh
[17:41:55] <AlBundy> oh, niet Snow Jockey?
[17:42:07] <SJ> gelukkig niet 
[17:42:44] <AlBundy> lekker plaatjes draaien met Roeland
[17:43:19] <SJ> gelukkig heb ik Magix Music Maker :>
[17:43:26] <surrounder> nou
[17:43:29] <surrounder> ik ga pils drinken
[17:43:32] <surrounder> vakantie! \o/
[17:43:33] <SJ> sterkte 
[17:43:42] <AlBundy> hahaha
[17:43:46] <SJ> wordpress ontwenningskuur 
[17:43:47] <SJ> :>
[17:43:52] * surrounder aait SJ
[17:43:59] * SJ purrs 
[17:44:18] <SJ> anyway
[17:44:23] <SJ> ik ben er ook vandoor
[17:44:25] <SJ> ltrs 
[17:44:26] <AlBundy> http://i.imgur.com/NrOZvOp.png
[17:44:27] <rawplayer> ltrs
[17:49:29] <AlBundy> http://static1.squarespace.com/static/56ae38e162cd94b6fb8195f8/t/56b119bc01dbae78e5765202/1454447037520/?format=750w
[17:50:54] <koolaid> nozman gehacked door evert kwok zie ik
[17:50:56] *** Joins: NBS2 (NBS4@ip5657cc38.direct-adsl.nl)
[17:51:28] *** Quits: NBS (NBS4@ip5657cc38.direct-adsl.nl) (Ping timeout: 60 seconds)
[17:52:58] <rawplayer> :|
[17:55:19] *** Joins: BarthezZ (bart@monitoring.deheij-ict.nl)
[17:57:30] *** Joins: Xyphoid (Xyphoid@i210097.upc-i.chello.nl)
[17:57:47] <AlBundy> http://static.tweakers.net/ext/f/w0YVrpo3XQ4TOtPWxunfPthC/full.jpg lol
[18:00:52] <Kirth> Moeilijk om te geloven dat zo iemand aangenomen blijft.
[18:01:56] *** Quits: Xyphoid (Xyphoid@i210097.upc-i.chello.nl) (Exit)
[18:03:06] <AlBundy> ligt aan de tijdsspanne, en het geduld wat men heeft
[18:03:14] <AlBundy> je komt weg met een hele hoop hoor
[18:03:50] <AlBundy> ok, huisgatijd
[18:06:56] <Sling> AlBundy: en jij denkt dat dat niet gestaged is :p
[18:13:25] <koolaid> dat tracktor pullen is vrijdag iig 'laat'
[18:19:41] *** Joins: Staatsveiligheidsser (werken@ip503c7f23.speed.planet.nl)
[18:19:55] *** Staatsveiligheidsser is now known as wirky
[18:34:14] <the_Ye-Ti> justaguy: mag t wat minder?
[19:01:32] <syf_> dat van walmart moet wel een hoax zijn
[19:01:41] <syf_> walmart gooit je er denk ik de 1ste keer al uit
[19:02:11] <syf_> het is wel grappig
[19:03:14] <bReChThOu> Kirth! !
[19:03:49] * Kirth aait bReChThOu 
[19:05:56] <syf_> http://www.telegraph.co.uk/science/2016/05/03/dead-could-be-brought-back-to-life-in-groundbreaking-project/
[19:05:59] <digiweed> Title: Dead could be brought back to life in groundbreaking project  (at www.telegraph.co.uk)
[19:30:11] *** Joins: grid (grid@dhcp-089-099-194-232.chello.nl)
[19:33:40] *** Joins: SCHAPiE (dorian@dhcp-077-249-247-124.chello.nl)
[19:41:46] *** Quits: WvdL (uid21241@id-21241.ealing.irccloud.com) (Exit)
[19:42:22] *** Quits: Ou-Tannu (Ou-Tannu@5249248B.cm-4-2a.dynamic.ziggo.nl) (Ping timeout: 60 seconds)
[19:43:37] <Fermata> http://i.imgur.com/sPv3vCR.png -- voor mimic
[19:44:12] *** Joins: Ou-Tannu (Ou-Tannu@5249248B.cm-4-2a.dynamic.ziggo.nl)
[19:58:35] * Arnie bijna live @ JT
[19:58:42] <Arnie> the_Ye-Ti, mimic, NoxiousPluK, Dubbeldrank
[19:59:07] <Fermata> !jt
[19:59:10] <digiweed> Fermata: "jt" : http://jungletrain.net/128kbps.m3u
[19:59:17] <Arnie> Fermata
[20:00:43] * Arnie live @ JT
[20:00:51] <nomadz> jt bioscopen?
[20:01:35] <Arnie> dat bestaat niet meer he
[20:02:49] <nomadz> de bioscoop hier moet nog gerebrand worden
[20:18:43] <t4rt4rus> http://img-9gag-fun.9cache.com/photo/aNnM806_460sv.mp4
[20:31:22] <t4rt4rus> http://img-9gag-fun.9cache.com/photo/aDo9PLx_460sv.mp4
[20:31:49] <mimic> lol Fermata 
[20:33:53] <pompoensoep103> https://image-store.slidesharecdn.com/c9cf09e1-c1d5-4739-8ec2-25649b1f8972-original.png
[20:34:05] <pompoensoep103> het ijzer smeden wanneer het heet is ofzo
[20:36:39] <t4rt4rus> maar je kan wel spelen 
[20:36:49] *** Joins: jk-5 (jk-5@D549D0E1.cm-10-1b.dynamic.ziggo.nl)
[20:37:47] <koolaid> ik heb al 2 uur de hik :(
[20:41:53] <t4rt4rus> ah :(
[20:41:58] <t4rt4rus> boe
[20:43:00] *** Quits: koolaid (koolaid@2a02:a212:280:1c00:9505:4445:601:d8d1) (Ping timeout: 61 seconds)
[20:43:35] *** Joins: koolaid (koolaid@2a02:a212:280:1c00:9505:4445:601:d8d1)
[20:45:15] <mimic> http://viralkliks.nl/race-marokkaan-is-zijn-baan-kwijt-na-het-negeren-van-zwaailichten/
[20:45:19] <digiweed> Title: Race-Marokkaan is zijn baan kwijt na het negeren van zwaailichten (at viralkliks.nl)
[20:46:58] <justaguy> mimic met z'n clickbait
[20:48:42] *** Quits: koolaid (koolaid@2a02:a212:280:1c00:9505:4445:601:d8d1) (Ping timeout: 60 seconds)
[20:51:20] <pompoensoep103> Check 0:33!
[20:51:22] *** Joins: koolaid (koolaid@2a02:a212:280:1c00:9505:4445:601:d8d1)
[21:08:12] <the_Ye-Ti> Arnie: uhm oja!
[21:08:22] <Arnie> nog 52 minuten te gaan
[21:09:14] <the_Ye-Ti> geen gasten dit keer?
[21:09:25] <Arnie> nee
[21:09:53] <the_Ye-Ti> voor de ontkennende vraag
[21:09:55] *** Quits: NBS2 (NBS4@ip5657cc38.direct-adsl.nl) (Exit)
[21:12:04] <Arnie> ik bedoel
[21:12:05] <Arnie> ja
[21:12:36] <the_Ye-Ti> ah
[21:12:47] <Arnie> ja, geen gasten
[21:12:48] <Arnie> :D
[21:13:12] <the_Ye-Ti> soort van gastvrij
[21:13:20] <Arnie> ik ben vandaag supergastvrij
[21:13:31] <bReChThOu> yeti o/
[21:13:39] <the_Ye-Ti> \o BrechtHou
[21:14:20] <the_Ye-Ti> wat ben je aan t doen?
[21:15:54] <bReChThOu> televisie loeren
[21:16:04] <bReChThOu> met een hapje en een drankje
[21:16:11] <Fermata> Wat voor drankje?
[21:16:45] <bReChThOu> pepsi max
[21:16:45] <the_Ye-Ti> \o
[21:16:47] <bReChThOu> :+
[21:17:03] <the_Ye-Ti> !tv--
[21:17:07] <digiweed> the_Ye-Ti: Karma for tv is now: -87
[21:17:08] <bReChThOu> :(
[21:18:26] <the_Ye-Ti> kijk je champions league?
[21:18:42] <bReChThOu> BAY-ATL
[21:19:14] <Aim> avond o/
[21:19:22] <the_Ye-Ti> \o l'aim 
[21:19:23] <bReChThOu> Aim o/
[21:19:25] <Aim> heey bReChThOu en the_Ye-Ti :D
[21:19:36] *** Joins: Xyphoid (Xyphoid@i210097.upc-i.chello.nl)
[21:19:41] <the_Ye-Ti> heb je ook pepsi?
[21:19:47] <Aim> nope 
[21:19:55] <Aim> heb liever coca cola 
[21:20:37] <Aim> en heb nu bier :P
[21:20:51] <bReChThOu> nice
[21:24:38] <Aim> hoe gaat het met bReChThOu ?
[21:25:03] <Sling> http://media.dumpert.nl/foto/738ba5c5_Schermafbeelding_2016_05_03_om_20.45.07.png.png
[21:25:43] <bReChThOu> bijna weekend Aim
[21:25:46] <bReChThOu> nog 1 dagje werken 
[21:25:50] <bReChThOu> en dan 4 dagen vrij met zomerweer
[21:25:51] <bReChThOu> chill
[21:25:55] <Aim> oeh beters
[21:25:59] <Aim> ben wel jaloers 
[21:27:58] <bReChThOu> http://www.demorgen.be/wetenschap/dit-weekend-is-belgie-warmste-plek-van-europa-b31cbe5b/
[21:27:59] <bReChThOu> :D
[21:28:02] <digiweed> Title: Dit weekend is België warmste plek van Europa | Weer | De Morgen (at www.demorgen.be)
[21:28:11] <Aim> het moet niet gekker worden 
[21:28:33] <Aim> kan openlopen!
[21:28:40] <Sling> gemeten in graden patat zeker
[21:28:46] <Aim> hehe
[21:28:58] <Aim> hey Sling o/
[21:29:20] <Sling> o/
[21:29:57] <bReChThOu> Mathijs o/
[21:30:26] <Sling> tijd voor GoT
[21:33:14] <bReChThOu> hf
[21:36:05] *** Quits: welly7 (willy@ip503c7f23.speed.planet.nl) (Ping timeout: 61 seconds)
[21:36:25] *** Quits: wirky (werken@ip503c7f23.speed.planet.nl) (Ping timeout: 66 seconds)
[21:37:09] *** Joins: welly7 (willy@ip503c7f23.speed.planet.nl)
[21:37:21] *** Joins: wirky (werken@ip503c7f23.speed.planet.nl)
[21:39:07] *** Quits: koolaid (koolaid@2a02:a212:280:1c00:9505:4445:601:d8d1) (Ping timeout: 61 seconds)
[21:41:19] *** Joins: koolaid (koolaid@2a02:a212:280:1c00:9505:4445:601:d8d1)
[21:42:08] *** Quits: Kirth (Kirth@255.238-242-81.adsl-dyn.isp.belgacom.be) (Ping timeout: 66 seconds)
[21:44:52] <Fermata> w 2
[21:46:00] *** Quits: koolaid (koolaid@2a02:a212:280:1c00:9505:4445:601:d8d1) (Ping timeout: 60 seconds)
[21:50:19] <bReChThOu> noob3
[21:53:28] <mimic> https://www.youtube.com/watch?v=b4Jp-WIxZxQ
[21:53:33] <digiweed> Title: The ReactOS Video - YouTube (at www.youtube.com)
[21:56:27] <pompoensoep103> 3:13 rocked my pants!
[21:56:40] <the_Ye-Ti> \o Arnicvs
[21:57:08] <Arnie> o/
[21:57:20] *** Quits: grid (grid@dhcp-089-099-194-232.chello.nl) (Ping timeout: 60 seconds)
[22:00:23] *** Joins: koolaid (koolaid@2a02:a212:280:1c00:9505:4445:601:d8d1)
[22:00:30] <the_Ye-Ti> wb koolaid 
[22:00:49] <pompoensoep103> https://www.youtube.com/watch?v=Raicuc2I2rM
[22:00:53] <digiweed> Title: Kreatief met Kurk fragment Spaanse les - YouTube (at www.youtube.com)
[22:04:45] *** Quits: Xyphoid (Xyphoid@i210097.upc-i.chello.nl) (Client exited)
[22:18:15] <mimic> k
[22:27:57] *** Quits: koolaid (koolaid@2a02:a212:280:1c00:9505:4445:601:d8d1) (Ping timeout: 60 seconds)
[22:47:32] *** Joins: koolaid (koolaid@ip-213-127-118-32.ip.prioritytelecom.net)
[22:59:00] * BarthezZ misbruikt rawplayer
[23:05:33] * mimic filmt
[23:06:07] *** Joins: grid (grid@dhcp-089-099-194-232.chello.nl)
[23:08:35] <nomadz> pervs
[23:19:10] <Aim> nomadz o/ 
[23:19:29] *** Quits: grid (grid@dhcp-089-099-194-232.chello.nl) (Ping timeout: 60 seconds)
[23:51:25] <the_Ye-Ti> nn
[23:56:38] <mimic> nn the_Ye-Ti 
