[00:28:27] *** Quits: Kirth (Kirth@109.130.228.182) (Ping timeout: 60 seconds)
[00:31:09] <syf_> wat een kut jas
[00:32:59] <syf_> wat een paljas die claes iversen
[01:09:18] *** Quits: Meeloow (Meeloow@meeloow.centravi.org) (Ping timeout: 66 seconds)
[02:20:24] *** Quits: welly (willy@ip503c7f23.speed.planet.nl) (Connection reset by peer)
[05:12:44] *** Quits: mrwazoo (mrwazoo@h102136.upc-h.chello.nl) (Ping timeout: 64 seconds)
[05:45:31] <mimic> hoi
[05:47:07] <mimic> briljante smsjes aan het versturen
[05:47:14] <mimic> 'Ik heb een broodje bapao'
[05:47:19] <mimic> 'Groetjes aan Lea'
[06:07:43] <surrounder> nu heb ik zin in een broodje bapao
[06:08:49] <mimic> :D surrounder 
[06:08:51] <mimic> https://www.youtube.com/watch?v=Ag6y6jz7bQQ
[06:08:53] <mimic> mooi dit
[06:08:54] <digiweed> Title: African Burundi Drum Music - YouTube (at www.youtube.com)
[06:08:59] <mimic> paar van die negers die op trommels slaan
[06:09:17] <mimic> also
[06:09:19] <mimic> ik ben dronken
[06:09:22] <mimic> mooi spul
[06:09:30] <surrounder> KUTMUZIEK
[06:09:44] <mimic> het is eigenlijk fucking goed
[06:10:48] <mimic> haha en maar trommelen voor een korrel rijst
[06:10:56] <mimic> hunger games, african drum beat edition
[06:11:00] <surrounder> lol
[06:13:14] *** Quits: BarthezZ (bart@monitoring.deheij-ict.nl) (Ping timeout: 66 seconds)
[06:13:53] <mimic> niet iedereen vanavond was gecharmeerd van mijn kim jong ill thshirt
[06:14:01] <mimic> toch vreemd dat mensen dat zo persoonlijk opnemen
[06:14:16] <mimic> maar goed, ik ben dan ook niet boers
[06:14:36] <mimic> snap dat toch ook niet
[06:15:13] <mimic> goed, omvallen in bed
[06:15:16] <mimic> daaaaaaaaaaaaaaaaaaaag
[06:15:18] <surrounder> slaap lekker man
[06:15:28] <moppersmurf> idd
[06:15:47] <surrounder> nog 15 min tot race buildup
[06:15:49] <surrounder> \o/
[06:15:58] <mimic> kankervroeg man
[06:16:03] <moppersmurf> woeiiiii
[06:28:29] <surrounder> http://imgur.com/gallery/YPxDM - lol
[06:28:32] <digiweed> Title: hes about to learn a lesson in life - Album on Imgur (at imgur.com)
[06:47:54] <Fermata> Mogge
[08:41:11] * Escovan schrikt van tablet die alweer leeg is
[08:41:19] <Escovan> Ohja ik heb er facebook op gezet
[08:41:23] <Escovan> *zucht*
[09:11:03] *** Joins: Kirth (Kirth@109.130.228.182)
[09:12:02] *** Joins: welly7 (willy@ip503c7f23.speed.planet.nl)
[09:16:36] *** Quits: Kirth (Kirth@109.130.228.182) (Ping timeout: 66 seconds)
[09:30:23] <the_Ye-Ti> !gamen++
[09:30:26] <digiweed> the_Ye-Ti: Karma for gamen is now: 32
[09:32:16] <moppersmurf> tyt!
[09:32:33] <the_Ye-Ti> weekendsmurf o/
[09:32:37] <moppersmurf> o/
[09:36:20] <the_Ye-Ti> is je webserver al af?
[09:37:55] *** Joins: Meeloow (Meeloow@meeloow.centravi.org)
[09:40:06] <moppersmurf> wut?
[09:40:09] <moppersmurf> welke?
[09:41:40] <the_Ye-Ti> die in de kernel
[09:42:48] <moppersmurf> oh
[09:42:50] <moppersmurf> nee
[09:42:54] <moppersmurf> krijg niks meer uit mijn poten
[09:42:58] <moppersmurf> blijft bij ideeen
[09:43:01] <moppersmurf> niks uit de handen
[09:43:39] <the_Ye-Ti> oh
[09:45:13] <the_Ye-Ti> t leek me ook al wat veel moeite voor weinig resultaat
[09:45:46] *** Joins: koolaid (koolaid@2a02:a212:280:1c00:9dc9:5960:830a:abc8)
[09:53:24] <moppersmurf> och
[09:53:31] <moppersmurf> gewoon vanuit kernel userland aanroepen
[09:53:37] <moppersmurf> koolaid: o/
[09:54:33] <nomadz> nee joh, gewoon je site statisch in de kernel compilen
[09:56:36] <moppersmurf> ik zat te denken aan site updaten via proc ;p
[10:01:35] <koolaid> moppersmurf: 
[10:01:56] <moppersmurf> koolaid: ik heb donderdag 70kg medicijnbal overm ijn schouders gegooid!
[10:01:58] <moppersmurf> met sporten
[10:02:04] <koolaid> jeetje
[10:02:12] <moppersmurf> !!!
[10:02:15] <moppersmurf> :p
[10:02:23] <koolaid> ik kreeg laatst zo'n 50 kg atlassteen niet van de grond
[10:02:29] <koolaid> beetje zwaar, en niet genoeg grip
[10:02:37] <moppersmurf> nou
[10:02:54] <moppersmurf> de truuk is om de bal op je hand te rollen en dan de andere er onder te steken
[10:03:07] <moppersmurf> en niet links/rechts/links/rechts
[10:03:09] <the_Ye-Ti> hu
[10:03:09] <moppersmurf> soort van graven
[10:03:10] <moppersmurf> onder de bal
[10:03:14] <moppersmurf> snap je wat ik bedoel?:$
[10:03:58] <the_Ye-Ti> hoe groot is een bal van 70kg?
[10:06:22] <moppersmurf> poe
[10:06:31] <the_Ye-Ti> 10 meter?
[10:07:02] <koolaid> maarja 50 kilo steen op je hand is niet zo mijn ding
[10:07:25] <moppersmurf> 24cm
[10:07:35] <surrounder> dat was weer kek
[10:07:37] <surrounder> !F1++
[10:07:41] <koolaid> oh die stenen van ons zijn wel groter dan dat
[10:07:44] <moppersmurf> ok di klopt niet
[10:07:48] <the_Ye-Ti> \o rounder 
[10:07:50] <moppersmurf> moet groter zijn
[10:07:51] <digiweed> surrounder: Karma for F1 is now: 16
[10:07:56] <surrounder> yeti! o//
[10:07:59] <koolaid> vergelijk het met de pens van een volzwangere vrouw
[10:08:14] <moppersmurf> ja
[10:08:17] <moppersmurf> slamball
[10:08:20] <moppersmurf> geen medicijnbal
[10:10:40] <the_Ye-Ti> surrounder: hoe deed max t?
[10:11:59] <surrounder> wel ok
[10:12:13] <surrounder> begin leek niet alles maar aan 't eind ging ie goed
[10:12:13] <moppersmurf> !koffie++
[10:12:15] <digiweed> moppersmurf: Karma for koffie is now: 1764
[10:12:15] <moppersmurf> 8e toch?
[10:12:21] <surrounder> !aanmaaklimonade++
[10:12:24] <digiweed> surrounder: Karma for aanmaaklimonade is now: 3
[10:12:25] <the_Ye-Ti> heeft ie zich gedragen dit keer?
[10:12:27] <moppersmurf> leng leng
[10:12:40] <surrounder> ja, race was 1 ronde te kort
[10:16:52] <Fermata> Dag.
[10:20:05] <appeltje> doei Fermatatatatatata
[10:22:28] <nomadz> houdoe
[10:23:01] *** Joins: Guyver2 (Guyver2@guyver2.xs4all.nl)
[10:41:06] <moppersmurf> hoi
[10:42:53] <Fermata> Hallo moppersmurf 
[10:46:32] <moppersmurf> o/
[10:53:58] <surrounder> Fermata: hallo
[10:55:38] <Fermata> surrounder: hallo
[10:58:09] <linzen103> hallo hallo
[10:58:25] <surrounder> linzen103: hallo
[10:58:39] <Fermata> linzen103: hallo
[10:58:43] <linzen103> surrounder.
[10:59:09] <surrounder> hallo.
[10:59:55] <Fermata> Koele kikker, die 103.
[11:00:47] <moppersmurf> linzen103: nog systemd geconfigd?
[11:01:40] <linzen103> <-- bsd
[11:01:58] <moppersmurf> oooo ok
[11:01:59] <linzen103> !linux--
[11:02:03] <digiweed> linzen103: Karma for linux is now: -453
[11:02:04] <linzen103> !systemd++
[11:02:08] <digiweed> linzen103: Karma for systemd is now: -12
[11:03:16] <Fermata> Hij is gek he!
[11:03:57] <moppersmurf> mesjogge
[11:04:18] <linzen103> ik ontken niets
[11:04:24] <linzen103> gek = gezond
[11:05:32] * moppersmurf drinkt thee
[11:05:34] <moppersmurf> met melk en suiker
[11:05:43] <linzen103> sja
[11:05:44] <linzen103> GEK
[11:05:46] <linzen103> of ziek?
[11:05:58] * moppersmurf is kerngezond
[11:06:29] * surrounder is kernsomething
[11:06:34] <surrounder> '86 he
[11:06:55] <linzen103> wie durft er nog te vliegen: https://www.youtube.com/watch?v=iUC7noGU1mQ
[11:06:57] <digiweed> Title: Managing One of the Worlds Largest Clojure Code Bases - Donevan Dolby - YouTube (at www.youtube.com)
[11:07:35] <surrounder> yay clojure
[11:07:37] <surrounder> !lisp++
[11:07:41] <digiweed> surrounder: Karma for lisp is now: 75
[11:08:22] <nomadz> systemd zou geport moeten worden naar openbsd
[11:08:43] <linzen103> of launchd
[11:08:45] <linzen103> oh w8!
[11:11:07] * surrounder paast de nomadz een peuk
[11:11:12] <moppersmurf> !roken--
[11:11:13] <moppersmurf> :r
[11:11:15] <digiweed> moppersmurf: Karma for roken is now: -30
[11:11:29] <moppersmurf> maar ik lust wel een peuk
[11:11:32] <moppersmurf> lekker met een kopje koffie
[11:11:41] <Fermata> Nou dan regel je dat toch.
[11:12:55] <moppersmurf> ja
[11:12:57] <moppersmurf> ben bezig
[11:12:59] <moppersmurf> peuken aan het opbakken
[11:13:03] <appeltje> owh Fermata ging niet weg?
[11:13:07] <appeltje> wat is met deze
[11:13:11] <moppersmurf> hallo fappeltje
[11:13:24] <appeltje> hoi hoi
[11:14:31] <Fermata> appeltje: klopt.
[11:14:35] <Fermata> Ik ging inderdaad niet weg.
[11:14:40] <moppersmurf> !thee++
[11:14:42] <appeltje> zeg dan geen "dag" ofzo
[11:14:42] <digiweed> moppersmurf: Karma for thee is now: 191
[11:14:42] <appeltje> gekkie
[11:14:44] <moppersmurf> !roomboter++
[11:14:48] <digiweed> moppersmurf: Karma for roomboter is now: 34
[11:15:02] <linzen103> grass fed!
[11:15:05] <linzen103> </albundy>
[11:15:06] <linzen103> OR DIE
[11:15:49] <Fermata> appeltje: lekker boeiend ook
[11:15:55] <appeltje> :*
[11:16:10] <linzen103> !sfeer
[11:16:15] <digiweed> linzen103: "sfeer" : (#1) de sfeer op dit moment is: goed, or (#2) girmig
[11:16:23] <Fermata> Sodd off
[11:22:17] <linzen103> ☀
[11:22:29] * appeltje knuffelt de Fermata 
[11:22:39] <linzen103> ☁
[11:22:41] *** Quits: Guyver2 (Guyver2@guyver2.xs4all.nl) (Client exited)
[11:22:53] <appeltje> !utf8
[11:22:57] <moppersmurf> !unicode++
[11:23:00] <digiweed> moppersmurf: Karma for unicode is now: 0
[11:23:07] <appeltje> !def utf8
[11:23:12] <linzen103> ☮ man!
[11:23:12] * moppersmurf kroelt Fermata door zijn haren
[11:23:14] <appeltje> owh dat hebben we zeker niet
[11:23:15] <appeltje> ach w/e
[11:23:17] <moppersmurf> jawel
[11:23:20] <moppersmurf> maar is altijd moeilijk
[11:23:27] <moppersmurf> !l urf8 as <bla>
[11:23:28] <linzen103> zou AlBundy zich al ☯ voelen?
[11:23:30] <digiweed> moppersmurf: The operation succeeded.
[11:23:35] <moppersmurf> wtf is urf8
[11:23:36] <moppersmurf> xD
[11:24:24] <Boots> Hoe kun je je yin-yang voelen?
[11:24:25] <appeltje> !l utf8 as http://csbruce.com/software/utf-8.html
[11:24:27] <digiweed> appeltje: The operation succeeded.
[11:24:47] <appeltje> !urf8
[11:24:50] <digiweed> appeltje: "urf8" : <bla>
[11:24:55] <appeltje> kenker die bot is irritant traag
[11:27:23] <linzen103> past wel bij je
[11:28:31] <Fermata> Kenker, irritant, of traag?
[11:36:32] <Fermata> Pijnlijke stilte
[11:38:15] <moppersmurf> kzit te poepen
[11:39:52] <Fermata> k
[11:41:07] <surrounder> hallo
[11:41:17] <moppersmurf> hallo
[11:41:21] <moppersmurf> surrie
[11:44:28] <Fermata> hallo
[11:46:03] <syf_> o/
[11:46:06] <syf_> https://www.reddit.com/r/Jokes/comments/4f43ua/my_girlfriend_got_a_tattoo_of_a_shell_on_her_thigh/
[11:46:10] <digiweed> Title: My girlfriend got a tattoo of a shell on her thigh : Jokes (at www.reddit.com)
[11:51:18] <moppersmurf> linzen103: https://github.com/mntmn/amiga2000-gfxcard/blob/master/README.md
[11:51:20] <digiweed> Title: amiga2000-gfxcard/README.md at master · mntmn/amiga2000-gfxcard · GitHub (at github.com)
[11:54:22] <linzen103> WAT
[12:06:22] <justaguy> nog 3 dagen
[12:06:27] <linzen103> ja
[12:06:31] <linzen103> en WAT dan?
[12:06:32] <linzen103> WAT DAN?
[12:06:34] <justaguy> en dan is onze meester Fermata jarig
[12:09:24] <Fermata> 22, mensen!
[12:09:42] <moppersmurf> oja
[12:09:46] <moppersmurf> 1 dag voor mij toch?
[12:09:51] <moppersmurf> of wat was het?
[12:10:10] <Fermata> Ik op 20 april, jij?
[12:10:15] <moppersmurf> oja
[12:10:18] <moppersmurf> jij op hitlers  dag
[12:10:18] <moppersmurf> ;d
[12:10:20] <moppersmurf> ik 21
[12:10:29] <Fermata> Jep
[12:11:06] <justaguy> ooo nice :)
[12:11:07] <moppersmurf> nice nice
[12:11:29] <surrounder> gaan jullie ook trakteren? augurken in boterhamworst met een vlaggetje erin?
[12:12:49] <moppersmurf> dag oude leverworst
[12:12:51] <moppersmurf> die verkleurd is
[12:12:59] <moppersmurf> met zo'n narig gekleurd randje
[12:13:06] <surrounder> :D
[12:13:10] <moppersmurf> en zwetende kaas
[12:13:48] <surrounder> doosje rozijntjes erbij
[12:14:26] <Fermata> Oh, die leverworst
[12:14:27] <surrounder> justaguy knutselt een mooie papieren hoed voor je in elkaar bij handenarbeid
[12:14:29] <Fermata> Opa en Oma de Vries.
[12:14:30] <Fermata> Ieks
[12:20:59] *** Joins: Kirth (Kirth@109.130.228.182)
[12:25:52] <justaguy> nah surrounder 
[12:29:58] <moppersmurf> Kirth: <3
[12:30:15] * Kirth high fived moppersmurf 
[12:30:25] <Kirth> Alles wel, grote beer?
[12:32:04] <moppersmurf> zijn gangetje
[12:33:33] <moppersmurf> en hoe is het met onze Kirth ?:p
[12:33:57] <justaguy> en in de cyber met je bigdata Kirth 
[12:34:16] <Kirth> Namenode hung itself, cluster heeft er geen zin meer in.
[12:35:19] <moppersmurf> ;/
[12:36:21] <Kirth> Ik ondertussen ook niet meer :D
[12:36:26] <justaguy> ik had gisteren een mongodb die het niet meer trok en OOM-killer die het verneukte
[12:36:32] <justaguy> fijn
[12:36:39] <Kirth> maybe don't run lolmongodb
[12:37:28] <Kirth> (even serieus, waarom gebruik je mongodb?)
[12:37:36] <justaguy> cuckoo
[12:38:28] <Kirth> Draait dat niet op een echte database?
[12:39:00] <justaguy> die hun web-interface verplicht je om mongodb te gebruiken
[12:39:22] <Kirth> Pijnlijk.
[12:39:37] <surrounder> troep
[12:39:41] <surrounder> WEG!
[12:39:48] <justaguy> Ok
[12:39:53] <Fermata> TROEP
[12:40:00] <Fermata> Beter gebruik je gewoon Mixxx
[12:40:23] <moppersmurf> justaguy: cuckoo is wel leuk
[12:40:33] <justaguy> moppersmurf: orly 
[12:40:42] <justaguy> ;)
[12:41:11] <syf_> justaguy: goh.. mongodb wat niet goed werkt
[12:41:23] <syf_> toch niet webscale?
[12:41:55] <Kirth> "scaling mongodb past 100gb" blijft lachen.
[12:43:32] <syf_> ah dat is cuckoo
[12:51:49] <moppersmurf> http://www.kakhiel.nl/posts/28111-7-dingen-die-leuk-zijn-om-te-doen-met-een-telefoon
[12:51:52] <moppersmurf> :D
[12:51:54] <digiweed> Title: 7 dingen die leuk zijn om te doen met een telefoon | Kakhiel (at www.kakhiel.nl)
[12:53:34] <surrounder> moppersmurf: lol
[12:55:33] <moppersmurf> !kakhiel++
[12:55:36] <digiweed> moppersmurf: Karma for kakhiel is now: 73
[13:04:51] <koolaid> !kakhiel--
[13:04:53] <digiweed> koolaid: Karma for kakhiel is now: 72
[13:05:18] <surrounder> !kakhiel++
[13:05:21] <digiweed> surrounder: Karma for kakhiel is now: 73
[13:05:25] <linzen103> !systemd++
[13:05:27] <digiweed> linzen103: Karma for systemd is now: -11
[13:05:53] <surrounder> !systemd--
[13:05:55] <digiweed> surrounder: Karma for systemd is now: -12
[13:16:52] <nomadz> !surrounder++
[13:16:55] <digiweed> nomadz: Karma for surrounder is now: 1124
[13:17:19] <justaguy> !surrounder++
[13:17:22] <digiweed> justaguy: Karma for surrounder is now: 1125
[13:18:05] <syf_> surrounder: NOU NMOU WAT IS ER MIS MET SYSTEMD DAN
[13:21:27] <surrounder> het stinkt naar ouwe brie
[13:41:35] *** Quits: Kirth (Kirth@109.130.228.182) (Connection reset by peer)
[13:44:47] <mimic> moge
[13:49:07] <Ou-Tannu> :/
[13:50:30] <mimic> http://www.kakhiel.nl/posts/27971-7-dingen-die-vet-kut-zijn-aan-lunchen-met-andere-mensen?ref=related-post
[13:50:33] <digiweed> Title: 7 dingen die vet kut zijn aan lunchen met andere mensen | Kakhiel (at www.kakhiel.nl)
[14:08:01] <mimic> sur'M'butu's band: https://www.youtube.com/watch?v=cYGIbyBfspY
[14:08:02] <digiweed> Title: African Zulu Voices Music - YouTube (at www.youtube.com)
[14:28:55] <the_Ye-Ti> ik vind t niet zo mooi
[14:29:30] <mimic> dit dan, the_Ye-Ti? https://www.youtube.com/watch?v=lVPLIuBy9CY
[14:29:35] <digiweed> Title: FOLI (there is no movement without rhythm) original version by Thomas Roebers and Floris Leeuwenberg - YouTube (at www.youtube.com)
[14:29:44] <mimic> of houd je gewoon niet van ritmische negers?
[14:29:50] <mimic> /o\
[14:29:55] <mimic> ik vind het wel vet eigenlijk
[14:30:10] <the_Ye-Ti> ja uh glad ijs
[14:30:18] <mimic> haha
[15:00:13] <mimic> https://www.youtube.com/watch?v=gVyFy61SP4U
[15:00:16] <digiweed> Title: PINK GUY (FULL ALBUM) + FREE DOWNLOAD - YouTube (at www.youtube.com)
[16:24:15] *** Joins: mrwazoo (mrwazoo@h102136.upc-h.chello.nl)
[16:24:16] <moppersmurf> mogge
[16:54:16] *** Quits: Steff (quassel@trinity.msrv.nl) (Ping timeout: 67 seconds)
[16:54:23] *** Joins: Steff (quassel@trinity.msrv.nl)
[17:20:40] <bReChThOu> https://image-store.slidesharecdn.com/4f531d52-5aae-4a16-96c4-8d45d1a6a887-original.jpeg 103
[17:25:43] <Boots> https://birdinflight.com/ru/vdohnovenie/fotoproect/06042016-face-big-data.html
[17:25:46] <digiweed> Title: Конец анонимности: Идентификация случайных попутчиков - Bird In Flight (at birdinflight.com)
[17:25:58] <Boots> http://www.theguardian.com/world/2016/apr/14/russian-photographer-yegor-tsvetkov-identifies-strangers-facial-recognition-app
[17:26:00] <digiweed> Title: Russian photographer identifies strangers with facial recognition app | World news | The Guardian (at www.theguardian.com)
[17:37:55] *** Quits: koolaid (koolaid@2a02:a212:280:1c00:9dc9:5960:830a:abc8) (Client exited)
[17:41:54] *** Joins: koolaid (koolaid@ip-213-127-118-32.ip.prioritytelecom.net)
[17:41:54] *** Quits: koolaid (koolaid@ip-213-127-118-32.ip.prioritytelecom.net) (Client exited)
[17:41:54] *** Joins: koolaid (koolaid@2a02:a212:280:1c00:9dc9:5960:830a:abc8)
[17:42:14] *** Quits: koolaid (koolaid@2a02:a212:280:1c00:9dc9:5960:830a:abc8) (Client exited)
[17:57:07] <linzen103> !systemd++
[17:57:08] <digiweed> linzen103: Karma for systemd is now: -11
[17:58:37] <nomadz> gauw doen nu surrounder pizza halen is
[17:59:20] <linzen103> surrounder lijkt me typisch een latenbezorger
[18:01:55] <surrounder> correct
[18:02:58] <linzen103> <-- mensenkennis
[18:03:32] <linzen103> pizza halen is ook wel een beetje defeats the purpose
[18:03:37] <linzen103> soort zelf patat bakken
[18:04:23] <surrounder> leugens
[18:05:30] <linzen103> bak jij wel eens zelf patat?
[18:06:54] <surrounder> neen
[18:07:09] <linzen103> waarom niet?
[18:08:21] <surrounder> omdat er al een paar jaar nieuw vet in de vetput moet
[18:08:58] <linzen103> goede reden
[18:09:00] <linzen103> maar niet goed genoeg
[18:09:09] <surrounder> ow
[18:11:18] <surrounder> ben ik nu een schande voor m'n bloed?
[18:12:48] <syf_> zow
[18:13:02] <syf_> !systemd--
[18:13:06] <digiweed> syf_: Karma for systemd is now: -12
[18:13:37] <syf_> Lennart is de TJ Holowaychuk van de linux wereld
[18:13:58] <linzen103> 'tis maar linux
[18:14:21] <linzen103> kan er niet slechter van worden
[18:26:16] <mimic> ik ga een pizza bakken
[18:26:35] <linzen103> godver mimic
[18:26:37] <surrounder> met zelf gebakken patat?
[18:27:27] <mimic> wat is er, linzen103?
[18:27:38] <linzen103> neem een voorbeeld aan surrie
[18:27:42] <linzen103> !systemd++
[18:27:44] <digiweed> linzen103: Karma for systemd is now: -11
[18:27:47] <linzen103> die snapt het tenminste
[18:27:50] <linzen103> pizza = voor luien
[18:27:57] <linzen103> als je dan zelf gaat bakken klopt er niets niet
[18:29:41] <mimic> ik doe m in de oven
[18:29:51] <mimic> zoveel werk is dat niet
[18:30:50] <surrounder> iig minimaal dubbel zo vaak opstaan
[18:32:51] <syf_> oh was er iets mis met pizza halen?
[18:34:44] <surrounder> nimmer
[18:34:46] <surrounder> topuitvinding
[18:38:19] <the_Ye-Ti> bij de afhaalitaliaan
[18:38:45] *** Joins: grid (grid@dhcp-089-099-194-232.chello.nl)
[18:40:16] <linzen103> grid1
[18:42:23] <grid> hoi
[18:42:57] <linzen103> hoe was je dag?
[18:44:26] <grid> ging wel, vanmiddag naar een nederlaag van sc cambuur moeten kijken tegen nec
[18:44:32] <grid> die van jou dan
[18:44:41] <linzen103> ik hoorde 2x mad gejoel
[18:44:59] <linzen103> daarna een me-busje
[18:45:03] <linzen103> wat rennende lieden
[18:45:09] <linzen103> en toen keerde rust weder
[18:45:45] <linzen103> (ik was in de kinderboerderij vlakbij het gofferstadion)
[18:46:40] <grid> nou dan heb je ook iets meegekregen
[18:46:48] <grid> woon je in omgeving daar dan
[18:48:26] <linzen103> sort of
[18:48:28] <linzen103> stukkie rijden
[18:48:33] <linzen103> wist ik veel dat er een wedstrijd was
[18:48:44] <linzen103> maar sterker: ik ben getrouwd door de spreekstalmeester van NEC
[18:49:22] <mimic> hehe
[18:49:50] <linzen103> ik wist het niet, mimic!
[18:49:53] <linzen103> ik wist het niet
[18:50:21] <mimic> geeft niet
[18:50:25] <mimic> iedereen maakt fouten
[18:51:36] <grid> ja de wereld is klein
[18:52:07] <grid> ik ben deze week gaan solliciteren bij xxl webhosting, de oprichter daar van heb ik ontmoet in duitsland, hij was dan niet bij het gesprek maar toch
[18:52:23] <grid> en de gene met wie ik het gesprek had zijn broertje was weer een directe collega bij upc van mij
[18:52:44] <linzen103> ken je LARS SWIERS?
[18:52:47] <linzen103> of SUKIE YUEN?
[18:52:48] <grid> ga zo maar door :)
[18:52:52] <linzen103> of ANNET DE BOER?
[18:52:53] <grid> nee
[18:52:58] <mimic> waarom IN CAPS?
[18:53:01] <grid> wie zijn dat dan
[18:53:09] <linzen103> allemaal (ex-)UPC
[18:53:52] <grid> waar werkten die bij upc dan, welke afdeling?
[18:54:11] <linzen103> support
[18:54:17] <linzen103> sukie yuen niet trouwens
[18:54:17] <linzen103> HR ofzo
[18:54:23] <linzen103> sukie yuen <3
[18:54:32] <mimic> pics
[18:54:36] <Escovan> https://twitter.com/Escovanity/status/721743169352810497
[18:54:40] <digiweed> Title: Escovanity op Twitter: "Afwas? Ach laat maar schatje. Het is nu #TijdvoorThuisbezorgd https://t.co/hhC6fWSss3" (at twitter.com)
[18:55:50] <grid> ik ken ze niet, ik ken wel wat mensen die bij hr zaten
[18:56:57] <syf_> goeie tweet https://twitter.com/Escovanity/status/721730787486404608
[18:56:58] <grid> maar ok, dat is ook alweer ff 3 jaar terug dan
[18:57:00] <digiweed> Title: Escovanity op Twitter: "Ook al heb ik VOOR gestemd: #NEEisNEE ... Ook niet een beetje ... Ophoepelen met die draaikonten. Ik wil nu echt effect zien! @geenpeil" (at twitter.com)
[18:57:02] <grid> bovendien is het nu ziggo
[18:57:41] <syf_> maar het was toch een raadgevend referendum?
[19:00:35] <linzen103> meten met 2 maten: https://twitter.com/Escovanity/status/721684560128421888 https://twitter.com/Escovanity/status/720291179967811584
[19:00:38] <digiweed> Title: Escovanity op Twitter: "Achja, mensen die psychische aandoeningen belachelijk maken zijn eigenlijk zelf pathetisch. "Omdat nadenken moeilijk is, oordelen we maar"" (at twitter.com)
[19:00:42] <linzen103> je kan toch niet in de harses van die lieden kijken?
[19:01:30] <Escovan> ¨Och gut, stel je niet zo aan met je hersentumor, in Afrika is het veel erger!¨
[19:01:53] <surrounder> http://www.trouw.nl/tr/nl/6700/Wetenschap/article/detail/4283892/2016/04/17/Weg-met-die-groente-verering.dhtml 
[19:01:56] <digiweed> Title: Weg met die groente-verering - Wetenschap - TROUW (at www.trouw.nl)
[19:01:59] <linzen103> Escovan: ik kan me voorstellen dat die familie gegriefd is
[19:02:02] <syf_> doet mij denken aan dat filmpje op dumpert met een gabber "de mensen die denken dat wij mongolen zijn, zijn zelf stelletje mongolen"
[19:02:13] <linzen103> jijbak
[19:02:22] <syf_> surrounder: ook weg met fruit! dat heeft suiker
[19:02:52] <syf_> "Het ligt niet aan suiker of vet of koolhydraten. Het gaat erom of je het graag in je mond steekt."
[19:03:04] <surrounder> omnomnom
[19:04:02] <syf_> "Van veel asperges eten zou je seksleven een boost krijgen"
[19:04:12] <syf_> nou weten we ook waarom rawplayer het steeds over zijn asperges heeft
[19:04:14] <syf_> :P
[19:04:22] <Escovan> mijn darmflora nog meer overigens.
[19:04:27] <surrounder> syf_: mgihihi
[19:04:32] <Fermata> Omdat hij tegen beter weten in toch in de hypothese blijft geloven, syf_?
[19:04:38] <mimic> haha ik denk niet dat rawplayer seks heeft
[19:04:43] <Fermata> mimic ^5
[19:04:46] <syf_> laat maar weten als het werkt
[19:04:50] <justaguy> !mimic++
[19:04:53] <digiweed> justaguy: Karma for mimic is now: 770
[19:04:57] <justaguy> mimic: Nou russianbrides.ru
[19:04:59] <linzen103> grid: pardon, Senior Service Disruption Representives
[19:06:45] <grid> linzen103: ah komt me wel bekend voor die afdeling, ik zat zelf bij network services, dus overal wel mee contact gehad zo'n beetje
[19:06:57] <linzen103> moppersmurf: die poettering is trouwens een smeerkees!
[19:07:06] <linzen103> ouwe neuspeuteraar
[19:07:08] <linzen103> en het nog opeten ook
[19:07:29] <Sling> linzen103: service disruption desk = helpdesk :p
[19:07:44] <linzen103> dat zeg ik
[19:07:46] <Sling> ok
[19:08:07] <linzen103> Senior Service Disruption Representive of The First Floor
[19:08:38] <Sling> maar gelukkig werk ik daar niet meer
[19:08:42] <grid> linzen103: in welke plaats zat deze persoon?
[19:08:48] <linzen103> nijmegen
[19:08:48] <Sling> dan zou ik al lang mezelf van dat gebouw gegooid hebben :p
[19:08:57] <linzen103> ROGIER HAGEDOORN
[19:09:04] <grid> ah nijmegen
[19:09:07] <linzen103> over networking gesproken
[19:09:11] * linzen103 kent half upc
[19:09:21] <grid> ik werkte vanuit leeuwarden, daar zat network services toen ook al
[19:09:37] <grid> kabelweg kwamen we ook wel bij langs en natuurlijk in nijmegen ook wel
[19:09:45] <grid> kabelweg zit in amsterdam, duh :)
[19:09:59] <grid> robert dunn was ceo toen ik er zat
[19:10:13] <grid> ging later ook weg toen ik vertrokken weas
[19:10:41] <syf_> grid: ah mooi! dan kan jij mij vast wel vertellen wanneer ik ipv6 krijg
[19:10:47] <linzen103> toen vond ie er neits meer aan natuurlijk
[19:10:53] <linzen103> syf_: xs4all
[19:10:56] <linzen103> !upc--
[19:10:57] * Sling zat er jan '05 - aug '06 en apr '09 - apr '11
[19:10:58] <linzen103> !chello--
[19:11:00] <digiweed> linzen103: Karma for upc is now: 5
[19:11:01] <Sling> @ sdd
[19:11:01] <linzen103> !ziggo--
[19:11:01] <grid> syf_: nee ik heb me met die tak van sport daar totaal niet bezig gehouden :)
[19:11:02] <digiweed> linzen103: Karma for chello is now: -1
[19:11:04] <digiweed> linzen103: Karma for ziggo is now: -11
[19:11:15] <linzen103> !@home--
[19:11:18] <digiweed> linzen103: Karma for @home is now: -1
[19:11:25] <Sling> kpn geeft klanten al zomaar ipv6
[19:11:28] <Sling> !kpn++
[19:11:30] <digiweed> Sling: Karma for kpn is now: -17
[19:11:36] <surrounder> moet je daar nou weer mee
[19:11:51] <Sling> de cloud in
[19:11:55] <surrounder> mgihi
[19:12:39] <syf_> grid: ah vandaar dat we het nog niet hebben dan
[19:15:19] <syf_> hell yah http://www.polygon.com/2016/4/14/11434398/one-of-the-best-board-games-ever-made-is-now-live-on-steam
[19:15:23] <digiweed> Title: One of the best board games ever made is now live on Steam | Polygon (at www.polygon.com)
[19:39:40] <moppersmurf> linzen103: bah!
[19:43:50] *** moppersmurf is now known as rawplayer
[19:50:34] <NoxiousPluK> goeiesmorges :9
[19:51:00] <linzen103> lulhoofd
[19:51:08] <mimic> LULHOOFD103
[19:51:10] <NoxiousPluK> noumoe :p
[20:03:01] <syf_> zo mogguh
[20:03:19] <syf_> wit je in australia?
[20:03:21] <syf_> *zit
[20:03:35] <NoxiousPluK> neuhh
[20:03:44] <NoxiousPluK> op appy's bank :P
[20:03:47] <NoxiousPluK> zelfde effect
[20:04:18] <NoxiousPluK> ook hele andere tijdzone
[20:06:54] <rawplayer> GMT+9000 ?
[20:07:03] <surrounder> woei laptop weer verslacked
[20:07:07] <surrounder> !slackware++
[20:07:10] <digiweed> surrounder: Karma for slackware is now: 100
[20:07:12] <rawplayer> nice nice
[20:07:12] <Fermata> Jij smeerlap
[20:07:15] <rawplayer> i3
[20:07:16] <Fermata> Mag ik je aanraken?
[20:07:16] <rawplayer> ?
[20:07:19] <NoxiousPluK> rawplayer: over 9000
[20:07:25] <surrounder> rawplayer: ja
[20:07:26] <rawplayer> of wat is tegenwoordig hip?
[20:07:32] <surrounder> geen idee
[20:08:43] <syf_> slackware
[20:09:10] <surrounder> nee da's voor winnaars
[20:09:36] <rawplayer> toch eens ijstalleren
[20:09:42] <rawplayer> installeren
[20:09:44] <rawplayer> in een vm
[20:09:53] <surrounder> !vm++
[20:09:55] <digiweed> surrounder: Karma for vm is now: 1
[20:15:16] <rawplayer> !koffie++
[20:15:18] <digiweed> rawplayer: Karma for koffie is now: 1765
[20:31:20] <the_Ye-Ti> op een vm?
[20:32:07] <surrounder> op/in/naast/onder
[20:32:10] <surrounder> moar vm
[20:33:22] <the_Ye-Ti> je installeert een installatie op een vm in een vm  *ponder*
[20:35:01] <NoxiousPluK> dat deed in laatst met mn proxmox test
[20:35:27] <the_Ye-Ti> \o noxp
[20:35:39] <NoxiousPluK> o/
[20:36:44] <NoxiousPluK> ik had win xp in proxmox in hyper-v on w10 :p
[20:36:46] <NoxiousPluK> omdat het kan
[20:36:53] <syf_> bah
[20:36:58] <rawplayer> yo dawg
[20:37:06] <syf_> yo
[20:37:24] <rawplayer> koffie over je vm knoeien _O-
[20:37:43] <the_Ye-Ti> maar proxmox werkt helemaal niet in hyper-v
[20:38:25] <NoxiousPluK> wel hoor
[20:39:23] <the_Ye-Ti> https://www.proxmox.com/en/proxmox-ve/comparison ofzo
[20:39:25] <digiweed> Title: Compare Proxmox VE vs VMware vSphere, Hyper-V, XenServer (at www.proxmox.com)
[20:40:12] <the_Ye-Ti> of is dat de andere kant op?
[20:40:40] <NoxiousPluK> eh? :p
[20:40:46] <NoxiousPluK> dat is een comparison :p
[20:40:50] <the_Ye-Ti> verwarrend die hosts
[20:40:55] <NoxiousPluK> ik heb gewoon proxmox installed in een hyper-v container
[20:41:03] <the_Ye-Ti> "Installing ProxMox VE as an Hyper-V Virtual machine" ah dat lijkt er meer op
[20:42:00] <NoxiousPluK> niet alsof dat moeilijk is ofzo
[20:42:06] <NoxiousPluK> ik heb gewoon de iso er in geladen en de install gedaan
[20:42:09] <NoxiousPluK> draaide prima
[20:42:19] <NoxiousPluK> alleen geen hardware acceleratie ofc, maar het was om te kijken hoe proxmox werkte
[20:44:45] <surrounder> kreeg je er een stijfje van?
[20:44:59] <NoxiousPluK> het maakte mij wel gelukkig ja
[20:45:30] <surrounder> gelukkig genoeg voor een feestje?
[20:45:49] <NoxiousPluK> naaah
[20:46:32] <the_Ye-Ti> surrounder komt er nu aan
[20:49:39] <linzen103> nox die al 47 uur achter de compu zit: http://i.imgur.com/JSmWPql.jpg
[20:50:25] <surrounder> zo'n bengelpetje lijkt me wel wat voor 'm
[20:51:53] <NoxiousPluK> nice
[20:57:19] <syf_> horrible F1 accident.. https://i.imgur.com/r3IXBte.jpg
[20:57:31] <surrounder> mgihiihii
[20:57:53] <surrounder> !syf++
[20:57:56] <digiweed> surrounder: Karma for syf is now: 371
[20:59:41] <justaguy> eindelijk eens thuis dit weeknd
[20:59:57] <linzen103> druk druk druk
[21:00:30] <syf_> :)
[21:01:22] <linzen103> druk is het nieuwe dom
[21:01:25] <linzen103> hoorde ik onlang
[21:01:25] <linzen103> s
[21:02:13] <the_Ye-Ti> beter hobbyen 
[21:02:42] <linzen103> ik ga maar es naar rawplayer luisteren dan
[21:02:47] <linzen103> morgen sebiet vrij
[21:03:21] <surrounder> doet ie goed eh
[21:03:36] <surrounder> ik had ook 3 dagen vrij 
[21:03:38] <surrounder> veel te weinig
[21:03:43] <linzen103> wat denk je surrounder 
[21:03:44] <linzen103> jouw harses
[21:03:45] <linzen103> mijn klauwen
[21:03:47] <linzen103> stinkend rijk woren
[21:03:50] <linzen103> hoeren neuken
[21:03:55] <linzen103> nooit meer werken
[21:03:56] <linzen103> etc
[21:04:03] <surrounder> puik plan
[21:04:27] <linzen103> you are the one!
[21:04:28] <linzen103> http://www.zenobits.demon.nl/mp3/neo.mp3
[21:04:32] <linzen103> now go for it
[21:04:58] <the_Ye-Ti> wat ben je aan t linzen eigenlijk?
[21:05:04] <linzen103> soep
[21:05:10] <linzen103> 48 uur weken
[21:05:12] <linzen103> 24 uur koken
[21:05:15] <linzen103> 48 uur intrekken
[21:05:44] <the_Ye-Ti> en al die tijd pizza?
[21:05:59] <linzen103> pasta
[21:06:05] <linzen103> zoete aardappelsoep
[21:06:08] <linzen103> zuurkool
[21:06:12] <linzen103> hamboegah
[21:06:16] <linzen103> afzien
[21:06:22] <rawplayer> !druk--
[21:06:25] <digiweed> rawplayer: Karma for druk is now: -12
[21:06:30] <surrounder> linzen103: broodje kaas met komkommer niet te vergeten
[21:06:50] <the_Ye-Ti> broodje-kaas-met-komkommer-soep
[21:06:56] <rawplayer> !hamburger++
[21:06:59] <digiweed> rawplayer: Karma for hamburger is now: 54
[21:07:04] <surrounder> !chinees++
[21:07:07] <digiweed> surrounder: Karma for chinees is now: 12
[21:07:45] <the_Ye-Ti> met haaienvin?
[21:07:48] *** Joins: BarthezZ (bart@monitoring.deheij-ict.nl)
[21:08:04] <syf_> waar zijn haaien anders goed veur he!
[21:08:33] * BarthezZ knuffelt de lieve nerdjes
[21:08:41] <surrounder> Barthelemeus!
[21:09:37] <the_Ye-Ti> ouwe ict-er
[21:09:50] * BarthezZ knuffelt omringert
[21:09:53] <BarthezZ> een soort van surrounderception
[21:11:43] <surrounder> :D
[21:12:05] *** Quits: grid (grid@dhcp-089-099-194-232.chello.nl) (Ping timeout: 66 seconds)
[21:12:32] <BarthezZ> hoe is 't meneers?
[21:13:48] <the_Ye-Ti> waarom alleen de meneers?
[21:13:59] <surrounder> BarthezZ: levend, daar?
[21:14:32] <BarthezZ> the_Ye-Ti ik ben te verlegen om met mevrouws te praten 
[21:14:53] <the_Ye-Ti> en de kinders?
[21:15:28] <linzen103> zijn hier niet enkel meneers?
[21:16:25] <the_Ye-Ti> ja?
[21:16:34] <linzen103> nee?
[21:16:47] <the_Ye-Ti> van die ontkennende /o\
[21:16:56] <justaguy> we hebben appy en PvOESJE 
[21:16:58] <linzen103> zeer lastig
[21:16:58] <justaguy>  BarthezZ 
[21:17:08] <linzen103> noem je BarthezZ nu een mevroi?
[21:17:14] <the_Ye-Ti> je vergeet jezelf justaguy 
[21:17:20] <linzen103> appy = bezet
[21:17:29] <linzen103> PvOESJE ook gleuf ik?
[21:17:45] <BarthezZ> hihi
[21:18:05] <linzen103> je mot maar zo denken BarthezZ 
[21:18:12] <linzen103> ik ben ook aan de vrouw gekomen
[21:18:21] <BarthezZ> pics linzen103
[21:18:33] <linzen103> meer dan eensch zelfs
[21:18:45] <the_Ye-Ti> !seen ashley 
[21:18:46] <digiweed> the_Ye-Ti: ashley was last seen in #nerds 4w 3d 22h 42m 15s ago: <Ashley> dus da skeelt weer
[21:18:59] <linzen103> BarthezZ: https://scontent.xx.fbcdn.net/hphotos-xal1/v/t1.0-9/12321250_991441260941552_5683766871576973908_n.jpg?oh=fa09227ac7cc6f3004606ebe4e401bfd&oe=5776E3F7
[21:19:12] <BarthezZ> nee nee
[21:19:16] <BarthezZ> met bewijs erbij dat ze jouw vrouw is
[21:19:17] <linzen103> ohhhhhhhhh!
[21:19:38] <the_Ye-Ti> komt die trouwacte
[21:19:48] <linzen103> !analoge shit--
[21:19:49] <the_Ye-Ti> of is het akte?
[21:19:51] <digiweed> linzen103: Karma for analoge shit is now: -1
[21:19:59] <linzen103> es kieken
[21:20:13] <linzen103> ah!
[21:20:21] <linzen103> https://scontent.xx.fbcdn.net/hphotos-xat1/v/t1.0-9/12687878_962836073802071_2464098461923882499_n.jpg?oh=6dafe8647f3f8e05a47b38075003ec75&oe=57BF9659
[21:20:30] <PvOESJE> ja Ashley moet eens wat actiever zijn!
[21:20:41] <BarthezZ> wat schattig linzen103! 
[21:20:46] <BarthezZ> "Look a shiny thing around my finger!"  
[21:21:03] <linzen103> Ashley: SUMMONED!
[21:21:18] <the_Ye-Ti> mooie batman-angle ook
[21:21:20] <surrounder> nick & summoned ?
[21:24:05] <Fermata> /r/bandnames
[21:24:25] <Boots> Ik dacht laatst ook al waar is Ashley
[21:24:40] <Boots> Maar toen zat ik niet op irc dus deed ik geen !seen
[21:25:09] <surrounder> ot & seen
[21:34:04] *** Joins: grid (grid@dhcp-089-099-194-232.chello.nl)
[21:34:27] <grid> hoi
[21:34:28] <rawplayer> grid o/
[21:35:00] <surrounder> hoi
[21:35:38] <linzen103> grid!
[21:36:17] <AlBundy> http://www.smarttress.com/en/
[21:36:21] <digiweed> Title: Smarttress (at www.smarttress.com)
[21:42:58] <the_Ye-Ti> AlBundy: wanneer ga je?
[21:43:19] *** Joins: koolaid (koolaid@ip-213-127-118-32.ip.prioritytelecom.net)
[21:43:47] *** Quits: wirky (werken@ip503c7f23.speed.planet.nl) (Ping timeout: 68 seconds)
[21:44:22] <rawplayer> koolaid o/
[21:44:56] <linzen103> koolaid <3
[21:45:08] *** Quits: koolaid (koolaid@ip-213-127-118-32.ip.prioritytelecom.net) (Ping timeout: 66 seconds)
[21:45:16] <linzen103> koolaid = lul
[21:45:16] <rawplayer> :|
[21:45:28] *** Joins: wirky (werken@ip503c7f23.speed.planet.nl)
[21:46:44] *** Joins: koolaid (koolaid@2a02:a212:280:1c00:9dc9:5960:830a:abc8)
[21:48:09] <linzen103> koolaid: uitsmijter time!
[21:48:25] <koolaid> linzen103: correct. doch morgen 1300 shrink
[21:48:33] <linzen103> morgen harken
[21:48:43] <koolaid> beter
[21:50:42] <the_Ye-Ti> troya?
[21:50:43] <koolaid> linzen103: kom je dinsdag nog naar ede?
[21:50:58] <linzen103> ja
[21:51:14] <koolaid> kewl
[21:51:16] <linzen103> rawplayer: kom je dinsdag ook naar ede?
[21:51:18] <koolaid> niet vroeg, toch
[21:51:20] <linzen103> alleen middag
[21:51:44] <linzen103> the_Ye-Ti: die was niet zo best
[21:51:47] <linzen103> te vet
[21:51:50] <linzen103> te reuzel
[21:51:54] <linzen103> vieze kaas er op :(
[21:52:01] <the_Ye-Ti> teveel vegetarie begreep ik
[21:52:16] <linzen103> we hadden er naast moeten zitten
[21:52:24] <linzen103> ook vanwege betere tetten
[21:52:38] <rawplayer> ik moet.werken
[21:52:55] <rawplayer> nou ja
[21:52:57] <rawplayer> werken
[21:53:03] <linzen103> geldermalsen <-> ede v.v.
[21:53:07] <linzen103> kippeneindje
[21:53:20] <rawplayer> luns in ede dan?
[21:55:47] <koolaid> troya :(
[21:56:15] <koolaid> gelukkig heb ik weer nieuwe soylent
[21:56:24] <linzen103> CC <3
[21:56:36] <linzen103> kan me die uitsmijter niet zo goed meer heugen btw
[21:58:51] <the_Ye-Ti> had je nu maar een review geschreven
[21:59:08] <linzen103> sowieso een 7
[21:59:25] <linzen103> als het een 5 was had ik het me wel kunnen heugen
[21:59:35] <BarthezZ> ARGHSHFRHFWHG
[21:59:43] <BarthezZ> het draadje achter mn tanden is losgesprongen :X 
[22:00:12] <the_Ye-Ti> ?
[22:00:16] <linzen103> vergeet het maar bij de wijvuh, BarthezZ 
[22:00:19] <linzen103> zonder draadje geen sjans
[22:00:30] <BarthezZ> zo'n ding na slotjes the_Ye-Ti
[22:00:37] <BarthezZ> gewoon een draadje achter je tanden die 't op zn plek houdt 
[22:01:06] <the_Ye-Ti> dus nu zijn je tanden van zn plek?
[22:09:02] <rawplayer> das kut
[22:09:41] <rawplayer> relaxt gebroken? of steekt het nu in je mond?:/
[22:10:51] <koolaid> linzen103: wie is die Paul Boemaars?
[22:11:44] <koolaid> Wij vragen: Naast minimaal HBO opleidingsniveau, aantoonbare ervaring (minimaal 3 jaar) met mobiel app development voor IOS. Waarbij de persoon in kwestie ook snapt hoe front en backend met elkaar moeten samenwerken en communiceren. Het is een pre als de developer ook ervaring heeft met Android. Competenties: Bekend met agile/ scrum werkwijze. Samenwerken in een team. Ziet uitdagingen ipv problemen. Integer. Min. 3 jaar aant
[22:11:44] <koolaid> oonbare ervaring met mobiel app development voor IOS. 
[22:11:53] <koolaid> maximaal uurloon: 55,-
[22:11:55] <koolaid> grapjassen
[22:12:24] <koolaid> verstuurd op 1 april, dat zal het zijn
[22:13:00] <the_Ye-Ti> Integer().
[22:13:30] <linzen103> koolaid: doet euh wbso-subsidies-aanvraag-hulp
[22:13:58] <linzen103> hoe komt ie bij you?
[22:14:03] <koolaid> via jou! :0
[22:14:13] <linzen103> random
[22:14:15] <koolaid> hij stuurt mij een linkedin mail met dat ie via jou gelinkt is
[22:14:20] <linzen103> ja, nou en?
[22:14:27] <linzen103> brutale aap is het
[22:14:36] <koolaid> hork
[22:15:07] <linzen103> Beste Paul,
[22:15:21] <linzen103> Ik heb geen HBO-diploom en vraag minimaal 80,-
[22:15:22] <linzen103> Groet,
[22:15:23] <linzen103> koolaid
[22:15:47] <koolaid> ohja die van die 55,- was een anderfe
[22:15:50] <koolaid> unrelated aan paul
[22:15:54] <linzen103> ah
[22:16:08] <koolaid> hbo diplomas zijn voor sukkels, zeg ik altijd tegen ze
[22:16:10] <linzen103> wbso = gratis geld trouwens
[22:16:29] <linzen103> dus niets voor you :)
[22:16:37] <the_Ye-Ti> mits je uren maakt
[22:16:53] <linzen103> genoeg uren met name
[22:16:54] <linzen103> 500
[22:17:01] <linzen103> en innovaasie
[22:17:31] <the_Ye-Ti> "iets met computers"
[22:18:21] <koolaid> ik innoveer met elke letter die ik cood
[22:24:47] <rawplayer> mooie headline
[22:26:19] <linzen103> rawplayer: zag ik you nu een corduroybroek dragen jl.?
[22:27:35] <rawplayer> die rib <3
[22:27:40] <NoxiousPluK> !ontbijt++
[22:27:43] <digiweed> NoxiousPluK: Karma for ontbijt is now: 3
[22:27:44] <NoxiousPluK> hm
[22:27:50] <NoxiousPluK> 3 maar
[22:27:51] <rawplayer> engels?
[22:27:53] <NoxiousPluK> wat is deze
[22:28:04] <NoxiousPluK> naja
[22:28:09] <NoxiousPluK> ergens om 8 uur wakker geworden
[22:28:11] <NoxiousPluK> net ontbeten
[22:28:15] <NoxiousPluK> met broodjes schnitzel :9
[22:28:26] <linzen103> verkapt-kijk-mij-eens-een-lamzak-zijn
[22:28:50] <NoxiousPluK> and proud of it
[22:41:23] <koolaid> ik heb ook zon periode gehad
[22:41:30] <koolaid> slapen als je moe bent en wakker worden als je wakker wordt
[22:41:32] <koolaid> heerlijk
[22:41:38] <NoxiousPluK> uhuh
[22:41:51] <koolaid> en verder gewoon 16/24 WoW spelen
[22:41:59] <NoxiousPluK> s/wow/appy
[22:42:15] <koolaid> geen ervaring mee (voor zover ik weet)
[23:20:01] *** Joins: Guyver2 (Guyver2@guyver2.xs4all.nl)
[23:21:05] <Boots> appy is toch ook wow
[23:21:17] *** Quits: Guyver2 (Guyver2@guyver2.xs4all.nl) (Exit)
[23:21:22] *** Joins: Guyver2 (Guyver2@guyver2.xs4all.nl)
[23:21:33] <NoxiousPluK> lol true Boots 
[23:28:05] <PvOESJE> lekker is dat zo laat wakker worden,
[23:28:18] <PvOESJE> ik ging het bed uit om 18:30 maar dat was omdat het moest
[23:29:04] <NoxiousPluK> ja hier 19:00 ofzo, en toen douchen
[23:43:55] *** Quits: Guyver2 (Guyver2@guyver2.xs4all.nl) (Exit)
[23:45:41] <PvOESJE> lekker NoxiousPluK 
[23:45:56] <NoxiousPluK> :9
[23:46:03] <NoxiousPluK> nu een schaaltje met kaasjes en worst :P
[23:46:07] <NoxiousPluK> en 'n blowtje \o/
[23:46:09] <NoxiousPluK> prima weekend
[23:47:37] <Boots> Ik kom telkens rond etenstijd uit bed
[23:47:51] <Boots> Middagdutje is ook nog wel eens lekker
[23:47:53] <Boots> Lukt niet altijd
[23:48:17] <Boots> Nouuu laatste paar dagen was ik eerder
[23:48:18] <Boots> mgoed
[23:49:30] <PvOESJE> heheh ik wou dat ik dutjes kon doen :D 
[23:49:47] <PvOESJE> maar ik was gister zo moe en vannacht echt rond 4en thuis ofzo
[23:49:55] <PvOESJE> en toen nog uren wakker :D 
[23:50:55] <mimic> tijd om me kapot te irriteren
[23:50:57] <mimic> \\o
[23:53:11] <NoxiousPluK> meukze
[23:53:13] <NoxiousPluK> ehh
[23:53:14] <Boots> ik slaap best veel... wel heel gebroken
[23:53:16] <NoxiousPluK> neukze
[23:53:17] <Boots> verstopte neus ftl
[23:53:37] <NoxiousPluK> een fluimpje in je snuitje?
[23:53:46] <Boots> en 8368x naar de wc natuurlijk
[23:53:56] <Boots> en 665895x neus snuiten
[23:54:45] <NoxiousPluK> aww :(
[23:55:29] <Boots> En vergeet de nek- en rugpijn niet
[23:55:31] <Boots> etc etc
[23:55:31] <Boots> :D
[23:55:48] <Boots> Maar ik ben allang blij dat ik uberhaupt slaap
[23:56:45] <NoxiousPluK> true
[23:58:20] <wirky> wie is slim
[23:58:53] <Sling> wirky: ik ben superslim, mijn IQ is 100%
[23:58:59] <wirky> wat is t bijvoegelijk naamwoord van rapport(age)
[23:59:12] <Sling> rapporterend ?
[23:59:21] <wirky> ja
[23:59:24] <Sling> rapportage is een zelfstandig naamwoord
[23:59:57] <wirky> dankjewel jongeman
