[00:03:38] *** Quits: koolaid (koolaid@2a02:a212:280:1c00:f4c4:397e:8e79:7225) (Client exited)
[00:03:49] *** Quits: welly7 (willy@ip503c7f23.speed.planet.nl) (Ping timeout: 66 seconds)
[00:03:54] *** Quits: wirky (werken@ip503c7f23.speed.planet.nl) (Ping timeout: 60 seconds)
[00:04:38] *** Joins: welly7 (willy@ip503c7f23.speed.planet.nl)
[00:08:31] *** Joins: wirky (werken@ip503c7f23.speed.planet.nl)
[00:10:28] *** Quits: AlBundy (albundy@max.coevoet.nl) (Ping timeout: 60 seconds)
[00:13:43] *** Quits: wirky (werken@ip503c7f23.speed.planet.nl) (Ping timeout: 61 seconds)
[00:13:54] *** Joins: wirky (werken@ip503c7f23.speed.planet.nl)
[00:16:00] *** Joins: AlBundy (albundy@max.coevoet.nl)
[00:21:15] <burrel103> KOOLAID VAN HERTE(TM)
[00:25:39] <rawplayer> issie jarig
[00:27:39] *** Quits: Fermata (stefan@5.157.82.116) (Ping timeout: 60 seconds)
[00:27:39] *** Quits: Sling (Sling@1.0.0.127.in-addr.nl) (Ping timeout: 60 seconds)
[00:30:20] *** Quits: arvid (arvid@mail.arvid.org) (Ping timeout: 60 seconds)
[00:30:22] *** Joins: arvid (arvid@mail.arvid.org)
[00:31:48] *** Joins: Fermata (stefan@5.157.82.116)
[00:31:59] *** Joins: Sling (Sling@1.0.0.127.in-addr.nl)
[00:59:10] *** Quits: AlBundy (albundy@max.coevoet.nl) (Ping timeout: 60 seconds)
[00:59:19] *** Joins: AlBundy (albundy@max.coevoet.nl)
[01:04:51] <mimic> moge
[01:19:44] *** Quits: Tomsworld (tom@251.168-66-87.adsl-dyn.isp.belgacom.be) (Ping timeout: 67 seconds)
[01:22:30] *** Quits: wirky (werken@ip503c7f23.speed.planet.nl) (Ping timeout: 68 seconds)
[01:23:49] *** Quits: klaveRCX (michiel@klaver.it) (Ping timeout: 60 seconds)
[01:24:14] *** Joins: klaveRCX (michiel@klaver.it)
[01:44:37] *** Quits: Bliksem1 (Tweaki7@a82-161-41-5.adsl.xs4all.nl) (Exit)
[01:45:08] *** Quits: Guyver2 (Guyver2@guyver2.xs4all.nl) (Exit)
[01:45:24] *** Joins: Bliksem (Tweaki7@a82-161-41-5.adsl.xs4all.nl)
[02:04:29] *** Joins: koolaid (koolaid@ip-213-127-118-32.ip.prioritytelecom.net)
[02:05:30] *** Quits: koolaid (koolaid@ip-213-127-118-32.ip.prioritytelecom.net) (Ping timeout: 60 seconds)
[02:53:25] <mimic> http://i.imgur.com/FTdHLdW.webm
[02:53:56] <Peetz0r> waar defuq kijk ik naar :D
[03:02:38] <mimic> http://imgur.com/gallery/YinDn
[03:02:41] <digiweed> Title: and now....#6843 on the list of things Im going to hell for. - Album on Imgur (at imgur.com)
[03:52:10] <Peetz0r> http://i.imgur.com/tMb6CQI.gifv
[04:52:18] *** Joins: willy123 (willy@ip503c7f23.speed.planet.nl)
[04:52:22] *** Quits: welly7 (willy@ip503c7f23.speed.planet.nl) (Ping timeout: 61 seconds)
[05:20:44] *** Joins: Escovan (Escovan@server1.escovan.net)
[06:05:52] *** Joins: koolaid (koolaid@2a02:a212:280:1c00:f4c4:397e:8e79:7225)
[06:06:58] *** Quits: koolaid (koolaid@2a02:a212:280:1c00:f4c4:397e:8e79:7225) (Ping timeout: 60 seconds)
[06:53:42] <Fermata> Mogge
[06:56:33] <Peetz0r> Truste :;
[06:56:36] <Peetz0r> :p*
[07:04:47] <rawplayer> mogge
[07:34:57] <Boots> http://i.imgur.com/7bSkhZ6.gif
[08:00:42] *** Joins: wirky (werken@ip503c7f23.speed.planet.nl)
[08:03:56] *** Joins: WvdL (uid21241@id-21241.ealing.irccloud.com)
[08:04:37] <WvdL> Morguhh
[08:07:04] <syf_> mogguh
[08:17:30] <WvdL> boh wat is het weer ellendig vroeg
[08:25:51] <syf_> ja arbeiten he
[08:29:52] <WvdL> uhu
[08:33:06] *** Joins: koolaid (koolaid@2a02:a212:280:1c00:f4c4:397e:8e79:7225)
[08:39:58] <rawplayer> koolaid!!!
[08:40:02] <rawplayer> feli!!!
[08:41:03] <koolaid> dank!
[08:41:18] <WvdL> Van harte koolaid 
[08:41:19] *** koolaid is now known as kooljarigd
[08:41:23] <kooljarigd> dank!
[08:41:24] <WvdL> 15 jaar geworden?  \o/
[08:41:25] <rawplayer> koolaid gister 10 rondes deadliften afgewisseld met 26/cal row
[08:41:33] <kooljarigd> was het maar zo
[08:41:39] <bReChThOu> hi nerds
[08:41:44] <WvdL> hoi belg
[08:41:49] <rawplayer> ja maar toen was je niet loeisterk
[08:41:57] <rawplayer> ik wacht op de anwb
[08:42:00] <rawplayer> :/
[08:42:04] <kooljarigd> was ik maar 15 met de kennis die ik nu heb .. *mijmer*
[08:42:12] <kooljarigd> he getsie de anwb]
[08:42:27] <rawplayer> motor oververhit
[08:43:05] <justaguy> Mogge
[08:43:16] <justaguy> Hoe is ie m'n cybers
[09:08:26] <WvdL> hoe kennie nou voerverhit zijn?
[09:08:32] <WvdL> zit ie te lekken? :D
[09:09:39] <justaguy> Of zag de motor chicks?
[09:09:57] <surrounder> WILLEM
[09:10:00] <surrounder> WvdL: *brohoof*
[09:10:12] <WvdL> timo!
[09:10:19] <WvdL> surrounder: *brofist* 
[09:10:23] <WvdL> timo
[09:10:26] <WvdL> alles kut?
[09:10:33] <justaguy> surrounder: Yoyo
[09:10:36] <justaguy> Sup
[09:10:49] <bReChThOu> sHOERrounder o//
[09:10:56] * bReChThOu paast de 'rounder een lekker tasje koffie
[09:11:18] <surrounder> bReChThOErTje <3
[09:11:20] <surrounder> thanks homie
[09:11:23] <surrounder> WvdL: uiteraard!
[09:11:24] <surrounder> daar?
[09:11:47] <WvdL> ja ook
[09:11:59] *** Joins: Tomsworld (tom@2a02:a03f:2698:3700:8137:2233:39f:e378)
[09:19:57] *** Quits: Tomsworld (tom@2a02:a03f:2698:3700:8137:2233:39f:e378) (Ping timeout: 60 seconds)
[09:22:38] *** Joins: Guyver2 (Guyver2@guyver2.xs4all.nl)
[09:29:35] <surrounder> Dubbeldrank: https://www.autobahn.eu/872/nederlandse-opportunisten-stichting-wij-moeten-max-verstappen-uitzenden/ - go olav
[09:29:44] <digiweed> Title: Nederlandse Opportunisten Stichting: wij moeten Max Verstappen uitzenden // AUTOBAHN (at www.autobahn.eu)
[09:35:53] <Fermata> "Mijn god, weer dat typische "voor een duppie op de eerste rang" Hollandse geleuter. Alles moet maar gratis en voor niks. De NOS heeft gewoonweg geen geld over voor internationale topsport (F1, tennis, basketbal, etc), maar geeft het liever aan sporten waar geen hond buiten NL naar kijkt (Schaatsen, hockey, Wielrennen)"
[09:35:58] <Fermata> :D
[09:37:18] <surrounder> meer korfbal op TV damnit
[09:37:29] <Fermata> Hé!
[09:37:32] <Fermata> Sjoelen!
[09:37:36] <surrounder> \o/
[09:37:47] <Fermata> Pitspoezen met 1, 2, 3 en 4 stippen op hun hoofd.
[09:37:50] *** Joins: int3nz0r (int3nz0r@541A8E1B.cm-5-3c.dynamic.ziggo.nl)
[09:37:51] <Fermata> Mond breed open
[09:37:55] <Fermata> En gooien die schijven
[09:38:11] <surrounder> hehehe
[09:39:07] *** Quits: kooljarigd (koolaid@2a02:a212:280:1c00:f4c4:397e:8e79:7225) (Client exited)
[09:40:22] <SJ> mogge
[09:45:09] <Dubbeldrank> Tja, demense willen niet dat er met 'hun' belastingcenten sportrechten van de duurdere sporten worden ingekocht door de publieke omroep
[09:45:20] <Dubbeldrank> dat hoort bij de commerciëlen
[09:45:39] <surrounder> net als voetbal
[09:45:43] <Dubbeldrank> jup
[09:45:48] <surrounder> en het nieuws
[09:45:58] <surrounder> en eigenlijk alles op NPO
[09:46:06] <Dubbeldrank> het mag niets meer kosten
[09:46:23] <Dubbeldrank> de VVD is al jaren bezig om de NPO kapot te maken
[09:46:33] <Dubbeldrank> er blijft niets meer over
[09:46:51] <SJ> de VVD alleen? 
[09:46:53] <surrounder> waarom is er dan nog een dwdd met eea dipshit die 5x balkenende verdiend ofzo
[09:46:54] <Dubbeldrank> jup
[09:46:58] <surrounder> *eoa
[09:46:58] <SJ> natuurlijk niet :)
[09:47:27] <syf_> bah voetbal
[09:48:28] <Dubbeldrank> het is niet dat de VARA extra geld krijgt om Matthijs van Nieuwkerk te betalen, dan houden ze simpelweg minder over voor andere programma's
[09:48:35] <SJ> ik vind het opzich correct dat de politiek zich aanbemoeit tegen de uitgaven van de NPO 
[09:48:46] <Dubbeldrank> ja en nee
[09:49:18] <SJ> Dubbeldrank: nee, maar dat iemand in dienst van de publieke omroep 5 x balkenende norm verdient is bizar imho 
[09:49:25] <Dubbeldrank> mee eens
[09:49:42] <SJ> dus daar is wel wat winst te halen 
[09:49:46] <Fermata> !npo--
[09:49:49] <digiweed> Fermata: Karma for npo is now: -10
[09:49:49] <Fermata> !staatsmedia--
[09:49:49] <Dubbeldrank> maar ze bemoeien zich teveel met de programmering
[09:49:51] <digiweed> Fermata: Karma for staatsmedia is now: -1
[09:50:09] <Dubbeldrank> ok, daar is de eerste die het al niet begrijpt
[09:50:20] <SJ> Dubbeldrank: hmm, ik vind een publieke omroep voor programma's van algemeen nut 
[09:50:31] <Fermata> Vertel me eens alles over jouw ervaringen als medewerker voor de NPO, Dubbeldrank.
[09:50:32] <surrounder> ik kijk alleen naar 'net in nederland' met arabische ondertiteling
[09:50:36] <SJ> voetbalrechten horen daar niet bij, imho. Omroep Max duidelijk wel 
[09:50:52] <Dubbeldrank> hihi, Fermata weet het niet
[09:51:01] <surrounder> bitchfight!
[09:51:12] <Dubbeldrank> ik heb jarenlang voor de NPS, nu NTR gewerkt Fermata :>
[09:51:26] <Fermata> Dat weet ik, ja.
[09:51:28] <SJ> Fermata: ik wil niet stoken, maar ik zou Dubbeldrank om z'n oren slaan met je rode nikes 
[09:51:34] <surrounder> Dubbeldrank: zo'n hoofd heb je ook wel een beetje ja
[09:51:51] <WvdL> heeft Dubbeldrank  gewerkt?
[09:51:54] <SJ> die Dubbeldrank verdient gewoon teveel! Heel de NPO failliet!
[09:51:55] <WvdL> werkt ie nog?
[09:52:05] <burrel103> mensen
[09:52:06] <burrel103> ga es aan het werk!
[09:52:12] <SJ> zelluf
[09:52:13] <burrel103> ipv dit soort burrelpraat
[09:52:14] <SJ> mejje go 
[09:52:20] <WvdL> lead by example... burrel103 
[09:52:38] <burrel103> don't do what i do do what i say
[10:02:32] *** Quits: int3nz0r (int3nz0r@541A8E1B.cm-5-3c.dynamic.ziggo.nl) (Exit)
[10:04:07] <AlBundy> http://i.imgur.com/7bSkhZ6.gifv lol
[10:07:34] <syf_> SJ: infrared nikes he!
[10:07:37] <syf_> infrared.
[10:10:36] <SJ> :>
[10:11:39] <burrel103> WvdL: zo goed?
[10:11:46] <burrel103> werkte toch een kwartier
[10:30:40] <AlBundy> https://theintercept.com/2016/05/17/new-evidence-about-the-dangers-of-monsantos-roundup/
[10:30:48] <digiweed> Title: New Evidence About the Dangers of Monsanto’s Roundup (at theintercept.com)
[10:31:15] <syf_> HAHA JA MONSANTO SLEGT
[10:31:15] <syf_> gmo is evil!
[10:31:22] <AlBundy> mooi man, shit die op ons voedsel wordt gespoten wordt niet getest op toxiciteit, want trade secrets
[10:31:48] <surrounder> !syf++
[10:31:48] <digiweed> surrounder: Karma for syf is now: 380
[10:31:48] <AlBundy> ik weet niks van gmo, dus ik heb er geen mening over
[10:32:09] <surrounder> merk het 
[10:32:37] <syf_> :D
[10:32:37] <AlBundy> dit gaat om pesticiden gebaseerd op glyphosaat, maar de andere ingredienten die daarin gebruikt worden waren niet getest
[10:32:45] <syf_> !surrounder++
[10:32:45] <digiweed> syf_: Karma for surrounder is now: 1137
[10:34:24] <AlBundy> omdat het zelfs enorm tegengewerkt wordt om samples van die specifieke chemicaliën te krijgen om mee te testen
[10:34:24] <AlBundy> best wel bizar, aangezien dat op ons eten wordt gespoten
[10:34:24] <surrounder> geen chemicalien in bundyville
[10:34:24] <appeltje> geen dhmo?
[10:36:59] *** Joins: Escovan (Escovan@server1.escovan.net)
[10:37:52] <rawplayer> hoi
[10:38:06] <surrounder> hoi
[10:40:06] <WvdL> ja burrel103 , das idd de manier. heb er zelf spontaan bijna 50 minuten van gaan werken
[10:41:56] <rawplayer> hoi
[10:42:50] <surrounder> hoi
[10:43:09] *** Joins: Phaxinity (Phaxinity@46.166.188.238)
[10:43:09] <rawplayer> HOI
[10:43:23] <surrounder> :s
[10:43:31] <rawplayer> !wachten--
[10:43:32] <rawplayer> !wachten--
[10:43:32] <rawplayer> !wachten--
[10:43:34] <digiweed> rawplayer: Karma for wachten is now: -20
[10:43:36] <digiweed> rawplayer: Karma for wachten is now: -21
[10:43:37] <digiweed> rawplayer: Karma for wachten is now: -22
[10:43:49] <surrounder> :s
[10:44:06] <surrounder> waar wacht je op duifje?
[10:44:20] <AlBundy> wachten is cool man
[10:44:26] <AlBundy> ideaal moment voor wat meditatie
[10:44:38] <rawplayer> :')
[10:44:41] <AlBundy> wat?
[10:44:46] <AlBundy> da's goed voor de geest
[10:45:08] <AlBundy> zelfs een paar minuutjes
[10:45:12] <surrounder> oh ffs
[10:45:55] <WvdL> heerlijk
[10:46:00] <WvdL> paar links hippies
[10:46:02] <syf_> wachten = tijdverspilling
[10:46:08] <syf_> kan je net zo goed iets anders gaan doen
[10:46:12] <AlBundy> wat heeft dat nou weer met links of hippies te maken, lol
[10:46:14] <WvdL> ff je new age cd'tje aanzetten.. rawplayer 
[10:46:17] <syf_> meditatie? veel
[10:46:29] <syf_> ik zie trump niet mediteren iig
[10:46:31] <AlBundy> meditatie staat daar copmleet los van
[10:46:43] <WvdL> nee
[10:46:44] <syf_> daar heeft ie het te druk voor
[10:46:44] <AlBundy> eeuwenoude techniek
[10:46:57] <WvdL> rechtse rakkers zijn verblind emt geld verdienen
[10:47:06] <AlBundy> mja, mediteer 30 minuten per dag. Als je het daar te druk voor hebt, dan 60 minuten.
[10:47:06] <WvdL> die verkwanselen geen tijd aan meditatie
[10:47:11] <WvdL> ergo..  linkse hippie meuk
[10:47:14] <syf_> ^
[10:47:15] <AlBundy> het is geen tijdverspilling
[10:47:23] <AlBundy> want het maakt je productiever
[10:47:36] <WvdL> lijntje coke snuiven ook
[10:47:40] <AlBundy> geeft rust in het hoofd, overzicht
[10:48:01] <WvdL> oftewel.. ongeschikt for ze job
[10:48:07] <AlBundy> juistn iet
[10:48:17] <AlBundy> ze zouden hun job beter kunnen doen, meer in minder tijd
[10:48:23] <AlBundy> dus meer tijd over voor nog meer geld
[10:48:30] <syf_> "I want to thank my yoga guru for making the falconx and tesla possible, without meditation we would never have achieved this" -- Elon Musk
[10:48:42] <syf_> NEVER HAPPENED
[10:48:55] <syf_> slotje
[10:49:36] <surrounder> hahaha
[10:49:37] <surrounder> !syf++
[10:49:41] <digiweed> surrounder: Karma for syf is now: 381
[10:51:20] <syf_> er is hier best veel haat voor alles wat ook maar remotely spiritueel is
[10:51:28] <AlBundy> elon musk doet transcendental meditation
[10:51:42] <AlBundy> http://www.brownpapertickets.com/event/746375
[10:51:45] <digiweed> Title: Learn to Meditate in the Hamptons with the David Lynch Foundation (at www.brownpapertickets.com)
[10:52:08] <WvdL> "The fair-trade ticketing company."
[10:52:24] <WvdL> schreeuwt er ook maar iets niet "links" aan die site? :+
[10:53:02] <appeltje> het is center alligned?
[10:53:06] <syf_> nja hij is een keer naar een event geweest
[10:53:06] <surrounder> lol
[10:53:09] <surrounder> !appeltje++
[10:53:12] <digiweed> surrounder: Karma for appeltje is now: 123
[10:53:15] <syf_> appeltje: lol
[10:53:29] <WvdL> !appeltje++
[10:53:32] <digiweed> WvdL: Karma for appeltje is now: 124
[10:53:40] <AlBundy> lekker boeiend, WvdL, of het links is of rechts
[10:53:51] <AlBundy> het maakt het niet meer of minder goed of waar of betrouwbaar
[10:54:07] <WvdL> jawel.. want daarmee heb ik jou sneller op de kast  \o/
[10:54:07] <AlBundy> fair trade is niet links anyway
[10:54:08] * WvdL rent
[10:54:17] <AlBundy> fair trade is een concept van eerlijke handel
[10:54:23] <AlBundy> eerlijk staat los van links of rechts
[10:54:25] <syf_> hoe is dat niet links?
[10:54:33] <WvdL> dat is zo links als het maar kan
[10:54:38] <AlBundy> onzin
[10:54:42] <WvdL> rechts is vraag - aanbod
[10:54:47] <WvdL> eerlijk komt daar niet in voor
[10:55:01] <syf_> blijkbaar is de manier van handel doen niet links of rechts
[10:55:18] <Boots> 5
[10:55:20] <Boots> oeps
[10:55:21] <syf_> dus ik zou ook een foxconn fabriek kunnen runnen en links zijn
[10:55:24] <Dubbeldrank> http://www.ad.nl/ad/nl/1013/Buitenland/article/detail/4302872/2016/05/18/Poolse-bejaarden-kopen-per-ongeluk-tickets-raveparty.dhtml
[10:55:27] <WvdL> 5 tieten, Boots ?
[10:55:30] <digiweed> Title: Poolse bejaarden kopen per ongeluk tickets raveparty - AD.nl (at www.ad.nl)
[10:55:31] <syf_> want eerlijkheid staat er los van
[10:55:33] <Boots> Nee
[10:55:33] <Boots> 2
[10:55:36] <syf_> ofzo
[10:55:43] <Dubbeldrank> pics!
[10:55:44] <AlBundy> mja, wat wil je impliceren?
[10:55:54] <AlBundy> links = goed en rechts = slecht ofzo?
[10:56:02] <AlBundy> links = eerlijk en rechts = uitbuiting?
[10:56:48] <AlBundy> als je 15 bent is dat misschien een geldige gedachtengang
[10:57:03] <surrounder> niet iedereen is zo verheven als AlBundy natuurlijk
[10:57:08] <syf_> als links/rechts niets met eerlijkheid te maken heeft dan werkt het beiden kanten op
[10:57:22] <syf_> dan is het tegenovergestelde van "fair trade" ook niet rechts
[10:57:43] <WvdL> pfff
[10:57:48] <WvdL> gaat de verkeerde kant op jongens
[10:57:52] <WvdL> ff emditeren..
[10:57:54] <AlBundy> boeiend allemaal, we dwalen af
[10:57:55] <WvdL> ff tot rust komen
[10:57:56] <WvdL> :D
[10:57:56] <syf_> WvdL: haha
[10:58:06] <surrounder> !WvdL++
[10:58:07] <syf_> ja laten we allemaal dat eventjes doen
[10:58:09] <digiweed> surrounder: Karma for WvdL is now: 195
[10:58:11] <surrounder> !sfeer
[10:58:14] <digiweed> surrounder: "sfeer" : (#1) de sfeer op dit moment is: goed, or (#2) girmig
[10:58:15] <AlBundy> als je moet wachten, is mediteren een goed idee, want je helpt jezelf er enorm mee, en het maakt het wachten makkelijker
[10:58:35] <AlBundy> en het is niet iets zweverigs ofzo
[10:58:38] <WvdL> ik was vroeger zo goed in emditeren
[10:58:46] <WvdL> kon zelfs staand slapen in de trein :+
[10:58:54] <AlBundy> slapen is niet hetzelfde
[10:59:00] <WvdL> niet? :(
[10:59:05] <AlBundy> nee verre van
[10:59:14] <WvdL> ohw
[11:00:18] <AlBundy> http://addicted2success.com/success-advice/21-reasons-why-successful-people-meditate/ alsjeblieft :p
[11:00:26] <digiweed> Title: 21 Reasons Why Successful People Meditate | Addicted 2 Success (at addicted2success.com)
[11:00:41] <syf_> AlBundy: http://elitedaily.com/life/motivation/psychopaths-make-the-best-leaders/1108247/
[11:00:42] <surrounder> :p;p:P;P:P
[11:00:42] <syf_> altsu
[11:00:43] <digiweed> Title: People With Traits Of Psychopaths Actually Make The Best Leaders (at elitedaily.com)
[11:00:46] <syf_> :P:P:P
[11:01:13] <AlBundy> zelfs bij monsanto hebben ze meditation spaces
[11:01:38] <syf_> http://www.globalresearch.ca/masters-of-manipulation-psychopaths-rule-the-world/5383706
[11:01:42] <digiweed> Title: Masters of Manipulation: Psychopaths Rule The World | Global Research - Centre for Research on Globalization (at www.globalresearch.ca)
[11:01:55] <AlBundy> ja dat is bekend
[11:02:07] <AlBundy> maar boeiend wie over de wereld heerst, dat is niet belangrijk
[11:02:24] <surrounder> belangrijker is wie er in bundyville heerst
[11:02:24] <AlBundy> heers over jezelf en je bent vrij
[11:02:36] <syf_> AlBundy: ben je zo een "sovereign citizen" aanhanger?
[11:03:18] <AlBundy> nee
[11:03:24] <AlBundy> ik hang niks aan
[11:03:35] <AlBundy> ik ben al soeverein, daar hoef ik niks voor te doen
[11:03:57] <syf_> https://www.youtube.com/watch?v=QCozh_vbYdM :D
[11:04:00] <digiweed> Title: Sovereign Citizens Getting Owned Compilation - YouTube (at www.youtube.com)
[11:04:10] <AlBundy> ja dat is van die onzin
[11:04:14] <AlBundy> "AM I BEING DETAINED?"
[11:04:31] <syf_> you have no power here mr popo!
[11:04:42] <AlBundy> het feit dat je soeverein bent betekent niet ineens dat er geen mensen proberen autoriteit over je te hebben, en daarbij niet schuwen om geweld te gebruiken
[11:05:18] <AlBundy> die politieagent heeft ook geen enkele macht
[11:05:23] <AlBundy> hij heeft een wapen
[11:09:50] <AlBundy> anyway, bedenk me net dat ik me nog moet inschrijven voor een vipassana retreat
[11:10:11] <surrounder> nu net natuurlijk!
[11:12:10] <syf_> lol
[11:12:50] <surrounder> verwacht vast geen vraag als 'oh aaaaaaaaaaaaaaaaaaaaaaalllllll, wat is vipassana?!?'
[11:13:05] <Dubbeldrank> ik las vispasdinges
[11:13:11] <AlBundy> lol
[11:13:13] <Dubbeldrank> vond ik wel bij hem passen
[11:13:22] <AlBundy> nah, is 10 daags meditatie bootcamp
[11:13:35] <Dubbeldrank> oh, ik mediteer altijd op het toilet
[11:13:42] <surrounder> je hoeft te vraag niet eens te stellen
[11:13:43] <Dubbeldrank> helemaal zen na het kakken
[11:13:45] <AlBundy> 9 dagen in complete stilte, geen contact met anderen, zelfs geen oogcontact
[11:13:53] <AlBundy> en 10,5 uur per dag mediteren
[11:14:13] <AlBundy> elke dag een instructie extra
[11:14:28] <AlBundy> beste cadeautje wat je jezelf ooit kan geven
[11:15:22] <syf_> Dubbeldrank: dat is wel een mooi moment voor jezelf altijd
[11:15:24] <AlBundy> op dag 5 voelde ik me high alsof ik psychedelica op had
[11:15:24] <syf_> toilet
[11:15:48] <Dubbeldrank> idd syf_
[11:19:08] *** Joins: Tomsworld (tom@2a02:a03f:2698:3700:c420:e616:437b:8c09)
[11:20:36] *** Quits: Tomsworld (tom@2a02:a03f:2698:3700:c420:e616:437b:8c09) (Ping timeout: 63 seconds)
[11:21:15] <WvdL> ik snap dat nooit
[11:21:22] <WvdL> dat momentje voor jezelf @ toilet
[11:21:31] <WvdL> je ebnt binnen een minuut toch weer buiten? ;[
[11:21:48] <surrounder> hangt eraf hoe het spelletje @ mobiel gaat
[11:21:52] <surrounder> *er vanaf
[11:22:02] <WvdL> heb geeneens tijd om dat op te starten :+
[11:23:06] *** Quits: Steff (quassel@trinity.msrv.nl) (Ping timeout: 66 seconds)
[11:23:16] *** Joins: Steff (quassel@trinity.msrv.nl)
[11:28:11] <syf_> WvdL: hangt ook wel van je dieet af
[11:29:14] <Fermata> AlBundy: lijkt me wel saai
[11:29:24] *** Quits: flunk (flunk@420.bl4ze.it) (Ping timeout: 61 seconds)
[11:29:26] <WvdL> dat zal et em zijn syf_ 
[11:29:30] *** Joins: flunk (flunk@149.210.160.44)
[11:32:18] <Aim> mogguh 
[11:32:27] <bReChThOu> Aim: <3
[11:32:43] <Aim> bReChThOooooooouuu <3
[11:34:59] <Aim> alles goed?
[11:35:28] <bReChThOu> zekers :]
[11:35:31] <bReChThOu> met jou?
[11:35:39] <Aim> ook wel 
[11:35:45] <Aim> druk met werk 
[11:36:20] <syf_> o/ aim
[11:36:28] <Aim> hey syf_ o/
[11:39:43] *** Joins: kooljarigd (koolaid@2a02:a212:280:1c00:6c34:343c:f4ee:464f)
[11:40:44] *** Quits: kooljarigd (koolaid@2a02:a212:280:1c00:6c34:343c:f4ee:464f) (Ping timeout: 60 seconds)
[11:43:28] <burrel103> AlBundy: ik ben ook soeverein
[11:43:37] <burrel103> en tevens verlicht
[11:43:42] <burrel103> daar heb ik al die onzinkak niet voor nodig
[11:43:42] <bReChThOu> soeverein103 o/
[11:43:53] *** burrel103 is now known as soeverein103
[11:44:00] <surrounder> HONDERDDRIE!
[11:44:11] <soeverein103> GODVERDOMME
[11:47:07] <soeverein103> wtf8
[11:47:31] <soeverein103> als tester deed ik wel eens Ă» inserten in applicaties die gewoon utf-8 aware waren
[11:47:36] <soeverein103> gekke mensen maken
[12:01:27] <AlBundy> http://i.imgur.com/wOtM9qm.jpg
[12:01:49] <AlBundy> Fermata: het is het tegenovergestelde van saai
[12:02:45] <AlBundy> 10 dagen tijd puur en alleen aan jezelf besteden
[12:03:13] <AlBundy> het woord tijd moet 3 woorden naar rechts volgens mij
[12:04:49] <mimic> moge
[12:04:55] <surrounder> MIMIEKJE
[12:04:58] * surrounder paast de mimic een mok koffie
[12:05:00] <AlBundy> beste wat je jezelf ooit cadeau kan doen, maar zoals met een hoop, realiseer je dat pas achteraf
[12:05:06] <mimic> lekker
[12:05:09] <mimic> <3
[12:05:54] <soeverein103> AlBundy: YMMV
[12:06:08] <soeverein103> verlichting zit niet in 10 dagen 25 uur per dag mediteren
[12:06:11] <soeverein103> verlichting zit van binnen
[12:06:50] <mimic> een TL-lampje
[12:06:51] <soeverein103> en dat het voor jou prima is om je niet te wassen en te mediteren, is prima
[12:07:18] <surrounder> soeverein103: je begrijpt het gewoon niet! je bent immers niet verheven!
[12:07:36] <the_Ye-Ti> !zaagvis++
[12:07:38] <soeverein103> ik *BEN* verheven
[12:07:38] <digiweed> the_Ye-Ti: Karma for zaagvis is now: 84
[12:07:48] <the_Ye-Ti> of is dat morgen pas?
[12:07:54] <surrounder> /o\
[12:07:54] <mimic> http://i.imgur.com/7bSkhZ6.gif
[12:08:00] <surrounder> the_Ye-Ti: iig wel vis zometeen!
[12:08:12] <AlBundy> soeverein103: het gaat niet om verlichting bereiken
[12:08:20] <AlBundy> het gaat erom dat het hoe dan ook beneficial is
[12:08:26] <AlBundy> en zeker het  beste cadeau wat je jezelf kan geven
[12:08:30] <mimic> hey
[12:08:33] <mimic> anders hou je ff op
[12:08:36] <the_Ye-Ti> zeg eh AlBundy wanneer vertrek je nou?
[12:08:45] <AlBundy> niet omdat ik verlicht of verheven denk te zijn
[12:08:50] <AlBundy> man, verre van
[12:09:43] <soeverein103> AlBundy: nee, het is niet per se hoe dan ook beneficial
[12:09:44] <AlBundy> en je zegt het zelf, verlichting zit van binnen, en meditatie is o.a. introspectie
[12:09:50] <soeverein103> voor *you* is het beneficial
[12:09:56] <AlBundy> nee, voor iedereen, universeel
[12:09:58] <appy> NO U
[12:10:07] <soeverein103> AlBundy: onzin
[12:10:10] <AlBundy> vind jij
[12:10:11] <surrounder> dejavu @ discussie
[12:10:13] <surrounder> ander kanaal though
[12:10:19] <surrounder> voordat ik op ignore stond ook
[12:10:21] <surrounder> mgiihii
[12:10:33] <appy> AlBundy: naar jezelf kijken is ENGHENG
[12:10:35] <soeverein103> voor mij is 2x10 minuten per dag genoeg introspectie
[12:10:35] <appy> ^_^
[12:10:37] <AlBundy> appy: ja idd
[12:10:38] <surrounder> UNIVERSEEL!
[12:10:39] <soeverein103> kakken en douchen
[12:10:43] * mimic negeert surrounder
[12:10:47] <surrounder> mimic: <3
[12:10:53] <AlBundy> dat doe ik al een paar weken, mimic 
[12:10:57] <surrounder> haha
[12:10:57] <mimic> manmanmanmanmanman
[12:11:09] <mimic> waarom dan AlBundy?
[12:11:18] <AlBundy> werkt op m'n zenuwen
[12:11:27] <surrounder> nu ben ik trots
[12:11:31] <mimic> hm grappig
[12:11:35] <mimic> ik dacht dat ik diegene altijd ben
[12:12:03] <mimic> goed, ik ga nog wat van mijn aardbeienbavaroisvlaai snoepen
[12:12:20] <Fermata> appy <3
[12:12:21] <appy> bavariovlaai
[12:12:25] <mimic> bah
[12:12:29] <appy> Fermata <3
[12:12:38] <AlBundy> lekker, mimic 
[12:12:46] <AlBundy> smakelijk
[12:12:50] <mimic> ja
[12:13:02] <appy> ohja, even voor de goede orde, ik hing niet aan het plafond :P
[12:13:05] <surrounder> lol
[12:13:13] <Fermata> Vlaai > mediteren
[12:13:13] <mimic> surrounder: voor jou
[12:13:15] <mimic> https://www.youtube.com/watch?v=_Kmh4BbJPz8
[12:13:17] <Fermata> !vlaai++
[12:13:19] <digiweed> Title: Stop Drinking!! thai ads - YouTube (at www.youtube.com)
[12:13:21] <digiweed> Fermata: Karma for vlaai is now: 3
[12:13:29] <AlBundy> !limburg++
[12:13:31] <Fermata> Hoe is het met de appy?
[12:13:32] <digiweed> AlBundy: Karma for limburg is now: 12
[12:13:39] <appy> Fermata: goed!
[12:13:43] <bReChThOu> ey APPY
[12:13:55] <appy> oi BRECHTHOER
[12:13:59] <surrounder> mimic: lol
[12:15:17] <SJ> appy: aan de muur dan? 
[12:15:24] <appy> SJ: niet eens!
[12:15:30] <Fermata> Waar was je dan al die tijd?!
[12:15:31] <SJ> appy, het #nerds muurbloempje 
[12:15:40] <SJ> appy: niet! Flauw zeg ;-)
[12:15:44] <appy> Fermata: dierentuin onder andere!
[12:15:53] <Fermata> Noem je de slaapkamer tegenwoordig zo
[12:15:58] <Fermata> Creabea
[12:16:01] <SJ> ah, familiebezoek 
[12:16:02] <appy> SJ: wel aan het bed en de kast, maar dat terzijde :+
[12:16:14] <SJ> uit of in de kast? 
[12:16:17] <SJ> :>
[12:16:41] <appy> :')
[12:16:51] <SJ> :')
[12:16:55] <appy> hangkast, figure it out :P
[12:17:23] <Fermata> Ik snap het niet meer.
[12:17:32] <Fermata> Ik denk dat een verduidelijkende tekening gewenst is.
[12:17:33] <Fermata> :+
[12:18:06] <appy> er was een tafel involved
[12:18:13] <appy> *verwarring vergroot*
[12:18:15] <Fermata> Dan snap ik het weer.
[12:18:57] <appy> mooi :P
[12:20:47] <SJ> Een hele goede geile middaaaaag 
[12:21:07] <appy> weer afk, net meubels anders gezet... nu al mn spullen nog :')
[12:21:13] <appy> doei poekies
[12:21:22] <surrounder> appy: o//
[12:21:25] <surrounder> SJ: \\o
[12:22:30] <Fermata> Dag appy
[12:25:33] <SJ> surrounder: o//
[12:28:16] *** Joins: grid (grid@dhcp-089-099-194-232.chello.nl)
[12:34:59] <AlBundy> https://i.imgur.com/inOrNTq.webm vet
[12:36:01] <Fermata> Dat bepaal ik zelf wel.
[12:36:03] * Fermata klikt
[12:37:22] <surrounder> klikspaan
[12:37:46] <bReChThOu> KLIKSPAAN HALVE MAAN
[12:37:54] <Fermata> Raar verhaal dit
[12:38:24] <surrounder> nogal ja
[12:38:43] <bReChThOu> http://www.kinderliedjes.overtuin.net/oude_liedjes.html
[12:38:45] <bReChThOu> graag gedaan
[12:38:46] <digiweed> Title: Nederlandse kinderliedjes / klassieke liedjes H - O (at www.kinderliedjes.overtuin.net)
[12:39:09] <Fermata> Vast Hollandse kinderliedjes.
[12:39:11] <Fermata> Ik ken ze niet.
[12:39:16] <surrounder> ik ook niet
[12:39:18] <surrounder> !holland--
[12:39:20] <digiweed> surrounder: Karma for holland is now: -35
[12:39:33] <bReChThOu> !holland--
[12:39:34] <bReChThOu> WEG
[12:39:37] <digiweed> bReChThOu: Karma for holland is now: -36
[12:39:46] <surrounder> Oude Jan en jonge Jan
[12:39:48] <surrounder> die gingen samen pompen.
[12:39:50] <surrounder> fraai
[12:40:38] <surrounder> !karnivool++
[12:40:40] <digiweed> surrounder: Karma for karnivool is now: 19
[12:41:44] <surrounder> https://github.com/IonicaBizau/node.cobol - awesum!
[12:41:47] <digiweed> Title: GitHub - IonicaBizau/node.cobol: Node.js bridge for COBOL which allows you to run Node.js code from COBOL. (at github.com)
[12:43:19] <Fermata> Is dat zo?
[12:43:38] <mimic> !klootviool++
[12:43:40] <digiweed> mimic: Karma for klootviool is now: 3
[12:48:11] <Fermata> http://www.nu.nl/politiek/4263422/kabinet-krijgt-tik-vingers-van-rekenkamer.html -- goh
[12:49:24] <AlBundy> !l rekenkamer as https://i.imgur.com/7bSkhZ6.webm
[12:49:26] <digiweed> AlBundy: The operation succeeded.
[12:49:44] <Fermata> lol
[12:50:37] <Fermata> http://www.1limburg.nl/1lunch-hoe-gaat-t-met-de-kont-van-tom-dumoulin?context=latestarticles -- de belangrijke vragen
[12:50:39] <digiweed> Title: 1Lunch: Hoe gaat t met de kont van Tom Dumoulin? | 1Limburg | Nieuws en sport uit Limburg (at www.1limburg.nl)
[12:51:10] <AlBundy> s/art//
[12:51:52] *** Quits: Phaxinity (Phaxinity@46.166.188.238) (Ping timeout: 61 seconds)
[13:04:04] <Dubbeldrank> https://scontent.xx.fbcdn.net/v/t1.0-9/13239094_10153351894041116_3563755623710349949_n.jpg?oh=c92a6eaaebe518a5cd23e51e2c185ecf&oe=57CFF48F
[13:04:36] <mimic> lol
[13:04:44] <Fermata> Hehehe
[13:04:50] <mimic> help
[13:04:55] <mimic> ik krijg een pakje vandaag
[13:09:12] *** Joins: kooljarigd (koolaid@2a02:a212:280:1c00:6c34:343c:f4ee:464f)
[13:11:20] *** Quits: wirky (werken@ip503c7f23.speed.planet.nl) (Ping timeout: 66 seconds)
[13:12:19] *** Joins: wirky (werken@ip503c7f23.speed.planet.nl)
[13:22:08] <syf_> wat voor pakje
[13:24:17] <Fermata> Nu komt-ie
[13:25:40] <soeverein103> mimic: latex of leer?
[13:26:35] <bReChThOu> 20 liter lube
[13:29:07] <syf_> :D
[13:29:12] <syf_> spandex
[13:29:45] <soeverein103> die syf_ weet wat lekker is
[13:30:03] <Fermata> Of toch de felbegeerde buttplug/fleshlight-combinatie
[13:30:16] <syf_> Fermata: met een staartje
[13:30:24] <Aim> rawrrr
[13:30:48] <Fermata> Aim weet ook wat lekker is! 
[13:30:56] <Fermata> mimic: maar wat zit er in je package?
[13:30:57] <Fermata> Of uh
[13:31:11] <Aim> hehe :P
[13:32:39] * Fermata geeft Aim koffie
[13:33:11] <Aim> thanks!
[13:33:13] <Aim> goed idee
[13:33:21] * Aim paast Fermata een koekje voor bij de koffie 
[13:33:28] <Fermata> Dank u
[13:34:49] *** Quits: kooljarigd (koolaid@2a02:a212:280:1c00:6c34:343c:f4ee:464f) (Client exited)
[13:35:10] <surrounder> Dubbeldrank: http://www.f1today.net/nl/nieuws/f1/211879/testupdate-nederland-en-belgie-op-een-en-twee - gaat lekker!
[13:35:14] <digiweed> Title: Testupdate: Nederland en België op één en twee - F1Today.net Formule 1 nieuws (at www.f1today.net)
[13:36:37] <syf_> zow
[13:37:31] <surrounder> zozo
[13:40:51] <bReChThOu> HUP BELGIE HUP
[13:42:16] <rawplayer> hoi
[13:42:20] <surrounder> knallen die stoffel!
[13:44:00] <surrounder> http://www.powned.tv/nieuws/politiek/2016/05/denk_strikt_sylvana_simons.html - lol /o\
[13:44:02] <digiweed> Title: PowNed : DENK strikt Sylvana Simons (at www.powned.tv)
[13:48:20] <Dubbeldrank> Zo mogen we het graag zien surrounder 
[13:48:29] <Dubbeldrank> 30pk extra \o/
[13:49:44] <surrounder> Dubbeldrank: also; silly season is wat vroeg dit jaar: http://www.f1today.net/nl/nieuws/f1/211857/rosberg-in-gesprek-met-ferrari-voor-2017
[13:49:47] <digiweed> Title: Rosberg in gesprek met Ferrari voor 2017 - F1Today.net Formule 1 nieuws (at www.f1today.net)
[13:51:13] <syf_> surrounder: kijk je alleen f1 of ook motogp?
[13:51:24] <syf_> of vind je motogp kut
[13:51:44] <surrounder> vind 't niet kut maar volg het niet
[13:51:47] <surrounder> alleen F1 en FE
[13:52:11] <syf_> ah ok
[14:00:35] <surrounder> ah aankomend weekend weer FE - nice
[14:00:54] <surrounder> vorige keer was de stream wat beroerd though
[14:06:17] <AlBundy> hmm, afdelingsuitje zometeen
[14:06:42] <AlBundy> hm, zo te zien naar een escape room ofzo
[14:11:11] <syf_> wat hip
[14:11:15] <syf_> in 2015 dan
[14:12:41] <AlBundy> ja nu ik dat weet overweeg ik om lekker op kantoor te blijven
[14:13:06] <SJ> best geinig hoor, zo'n escape room 
[14:13:14] <appeltje> jups
[14:13:16] <appeltje> done twice
[14:13:27] <appeltje> alle 2 de keren stond men weer versteld van creativiteit :P
[14:14:20] <syf_> elke dag zit je toch in een escape room?
[14:16:21] <surrounder> de leven is 1 grote escape room vriend!
[14:16:23] <surrounder> jwtz
[14:18:09] <syf_> :D
[14:26:22] <surrounder> heh, staat een telefoonnummer fout in de documentatie blijkbaar
[14:26:29] <surrounder> heb ik ineens een beautysalon aan de telefoon :D
[14:27:03] <bReChThOu> :')
[14:27:04] <appeltje> gewoon kapsalon bestellen
[14:27:08] <bReChThOu> gelijk afspreaak gemaakt ?
[14:27:29] <surrounder> bReChThOu: valt niks meer aan te doen /o\
[14:28:34] <bReChThOu> guillotine
[14:33:21] *** Quits: Guyver2 (Guyver2@guyver2.xs4all.nl) (Exit)
[14:35:49] <Dubbeldrank> oh, de grappen zijn al gemaakt
[14:36:01] <nomadz> wou je een dubbeldrankje doen?
[14:36:10] * surrounder paast de nomadz een mok koffie
[14:36:11] <Dubbeldrank> nee, er zijn geen links
[14:36:21] * nomadz gooit een peuk naar de surrounder 
[14:36:28] <Dubbeldrank> al kan ik deze wel even dumpen
[14:36:30] <Dubbeldrank> http://www.f1today.net/nl/nieuws/f1/211857/rosberg-in-gesprek-met-ferrari-voor-2017
[14:36:33] <digiweed> Title: Rosberg in gesprek met Ferrari voor 2017 - F1Today.net Formule 1 nieuws (at www.f1today.net)
[14:36:35] <surrounder> :D:D:D
[14:36:35] <nomadz> OUD
[14:36:39] <Dubbeldrank> :P
[14:36:40] <surrounder> kutdubbeld <3
[14:36:54] <Dubbeldrank> :>
[14:37:06] <Dubbeldrank> beter dan Sylvana Simons, die is de repost niet waard
[14:37:21] <Dubbeldrank> voor jou geen plek onder mijn ctrl+v
[14:37:33] <surrounder> !Dubbeldrank++
[14:37:36] <digiweed> surrounder: Karma for Dubbeldrank is now: 289
[14:37:41] <nomadz> even 2016-07-16 bĂ»rrel103 in mijn agenda schrijven
[14:38:19] <nomadz> of is het dan pinkpop
[14:40:55] <Dubbeldrank> nee
[14:41:09] <Dubbeldrank> dat is een maand eerder
[14:43:19] <syf_> komt taylor swift?
[14:43:22] <surrounder> 103pop
[14:52:15] *** Joins: grid_ (grid@dhcp-089-099-194-232.chello.nl)
[14:52:15] *** Quits: grid (grid@dhcp-089-099-194-232.chello.nl) (Ping timeout: 60 seconds)
[14:53:34] <nomadz> geen idee
[14:53:41] <nomadz> ik moet 2 weken werken met pinkpop
[14:53:42] <nomadz> zuigerts
[14:53:51] <syf_> als taylor swift niet komt dan komi k ook niet
[14:53:59] <nomadz> eens kijken of ik eronderuit kan komen
[14:55:58] <nomadz> postfix/postscreen[2058]: PREGREET 32 after 0 from [106.184.3.122]:60296: SSH-2.0-LYGhost_1.2.7-20100630\r\n
[14:56:01] <nomadz> :s
[14:59:19] *** Joins: kooljarigd (koolaid@2a02:a212:280:1c00:6c34:343c:f4ee:464f)
[14:59:19] *** Quits: kooljarigd (koolaid@2a02:a212:280:1c00:6c34:343c:f4ee:464f) (Client exited)
[14:59:20] *** Joins: kooljarigd (koolaid@2a02:a212:280:1c00:6c34:343c:f4ee:464f)
[15:11:18] <Dubbeldrank> tijdens het op en afbouwen ook dan nomadz?
[15:44:02] <rawplayer> hoi
[15:44:13] <surrounder> nee
[15:45:00] <kooljarigd> aloha
[15:45:04] <kooljarigd> de taart zit erin hoor
[15:45:09] <surrounder> kooljarigd: gefeliciteerd man
[15:45:12] <kooljarigd> dank!
[15:45:18] <kooljarigd> en mijn poster is bezorgd!
[15:45:28] <kooljarigd> en de andere print heb ik ter inlijst weggebracht
[15:45:48] <syf_> wat voor pakketje heeft mimic nou gekregen?
[15:46:00] <syf_> *pakje
[15:47:55] <Aim> ik geloof Fermata wel over dat pakje ;)
[15:48:51] *** Nyx sets mode: +o rawplayer
[15:49:02] *** rawplayer changes topic to 'welkom | 2016-07-16 bĂ»rrel103 | koolaid jarig \o/'
[15:49:04] <Aim> yo rawplayer 
[15:49:05] *** rawplayer sets mode: -o rawplayer
[15:49:05] <rawplayer> o/
[15:49:18] <Dubbeldrank> http://www.dumpert.nl/mediabase/6775919/25044ff4/all_i_wanna_do_is.html
[15:49:22] <digiweed> Title: dumpert.nl - All I wanna do is (at www.dumpert.nl)
[15:56:36] *** Quits: Fermata (stefan@5.157.82.116) (Input/output error)
[15:58:33] <mimic> http://www.dumpert.nl/mediabase/6775725/de2ab627/ruzie_op_perron_in_purmerend.html
[15:58:35] <mimic> :D :D
[15:58:35] <digiweed> Title: dumpert.nl - Ruzie op perron in Purmerend (at www.dumpert.nl)
[15:59:06] <mimic> :D
[15:59:16] <mimic> ik ga stuk als ze een luchtalarm nadoet
[15:59:21] <syf_> wat kut
[15:59:25] <mimic> :D
[15:59:27] <mimic> mijn god
[15:59:31] <mimic> rond 1:20
[15:59:55] <syf_> waar hebben ze nou ruzie over?
[16:00:02] <mimic> weet ik veel
[16:00:30] <syf_> lool
[16:00:47] <syf_> caption: stampvoet zonder vriendjes
[16:01:08] <syf_> alternative caption: purmerend haka
[16:01:21] <syf_> of gewoon "ik moet plassen" ofzo
[16:07:28] *** Quits: kooljarigd (koolaid@2a02:a212:280:1c00:6c34:343c:f4ee:464f) (Ping timeout: 60 seconds)
[16:08:07] *** Joins: kooljarigd (koolaid@2a02:a212:280:1c00:f982:6d6c:1cdc:e955)
[16:12:19] <syf_> gek wijf man
[16:12:27] <syf_> dat krijg je er van als je in purmerend gaat wonen
[16:13:08] <mimic> 15:45:48         syf_ | wat voor pakketje heeft mimic nou gekregen?
[16:13:11] <mimic> een doos met kleren
[16:13:19] <syf_> nice
[16:13:25] <syf_> zelf gekocht of je personal shopper?
[16:14:05] <mimic> dit is de eerste doos, dus ze hebben gewoon random crap toegezonden, wat ze denken dat past bij wat ik ingevuld heb
[16:14:09] <mimic> broeken en een paar overhemden zijn iig goed
[16:14:23] <mimic> schoenen (all stars) goede maat, maar daar heb ik er al 6 paar van
[16:14:31] <mimic> en een groene blazer, iets wat ik nooit draag
[16:14:39] <syf_> thecloakroom?
[16:14:42] <syf_> of een ander
[16:14:42] <mimic> yep
[16:14:45] <syf_> ah nice
[16:14:52] <syf_> wil ik ook wel een keer proberen
[16:15:14] <mimic> zieter goed uit tot nu toe
[16:15:17] <mimic> ga zo eens passen
[16:15:20] <syf_> :)
[16:16:04] <syf_> groene blazer klinkt wel apart.
[16:16:53] <mimic> http://leetmimic.nl/dump/kloproom1.jpg
[16:16:54] <mimic> http://leetmimic.nl/dump/kloproom2.jpg
[16:17:39] <syf_> had je zwemkleding zelf aangegeven ergens of?
[16:17:47] <mimic> nee
[16:17:48] <mimic> :')
[16:17:50] <syf_> :d
[16:17:52] <mimic> flikker op met die broek
[16:17:53] <syf_> mss omdat het zomer is ofzo :P
[16:17:59] <mimic> juh
[16:18:08] <mimic> zwembroek van 70 euro
[16:18:10] <mimic> dikke doei
[16:18:16] <syf_> echt he
[16:18:19] <mimic> ik koop ze voor 3 euro bij de zeeman
[16:18:21] <mimic> :D
[16:18:24] <syf_> bijna net zo duur als de blazer lol
[16:18:43] <syf_> maar t ziet er qua prijzen best ok uit allemaal op de zwembroek na
[16:18:53] <mimic> idd
[16:19:02] <mimic> en het zijn precies de spijkerbroeken die ik normaal ook koop
[16:19:16] <syf_> weet je ook wie je shopper is ?
[16:19:35] <mimic> ja, staat op het briefje onder de note
[16:19:45] <syf_> veel leuke vrouwen daar :9
[16:19:52] <mimic> ¯\(°_o)/¯
[16:20:43] <syf_> ah ja ik zie de brief al heh
[16:21:39] <rawplayer> goed
[16:21:44] * rawplayer was appartement bezichtigen
[16:21:48] <rawplayer> tis een bejaardeding
[16:21:52] <rawplayer> waar ze de bejaarden aan het uitfaseren zijn
[16:22:02] <rawplayer> xD
[16:22:02] <surrounder> nieuwe lichting erin
[16:22:11] <rawplayer> hele badkamer nog vol met van die hang en steun dingen
[16:22:13] <surrounder> jij bent immers ook al bijna berjaard
[16:22:15] <surrounder> nice
[16:22:20] <surrounder> *bejaard
[16:22:28] <rawplayer> kreeg direct een gevangen gevoel
[16:22:30] <rawplayer> in dat ding
[16:22:32] <rawplayer> dus snel afgetieft
[16:22:56] <surrounder> bromantisch
[16:24:01] <rawplayer> <3
[16:24:08] * rawplayer knijpt surrounder in haar wangetje
[16:24:17] <surrounder> mgiiihiiiii
[16:24:26] <surrounder> rawplayer: wat ben je toch ook een paljas he? ja!
[16:26:00] <syf_> rawplayer: in 020?
[16:26:01] <bReChThOu> eerder een godverdomse fooraap
[16:26:05] <syf_> of waar ben je aan t kijken
[16:27:41] <rawplayer> syf_: nog niet misschien
[16:27:44] <rawplayer> omgeving utrecht
[16:27:47] <surrounder> !fooraap++
[16:27:51] <digiweed> surrounder: Karma for fooraap is now: 15
[16:28:13] <syf_> !utrecht++
[16:28:17] <digiweed> syf_: Karma for utrecht is now: 11
[16:34:29] <mimic> past aardig goed syf_ 
[16:35:00] <syf_> :)
[16:35:57] *** Joins: Guyver2 (Guyver2@guyver2.xs4all.nl)
[16:37:16] <mimic> kutzooi :+
[17:00:15] *** Joins: Fermata (stefan@5.157.82.116)
[17:12:31] <syf_> nou
[17:12:48] <NoxiousPluK> uhu
[17:13:08] <surrounder> nounounou
[17:14:24] * NoxiousPluK geeft surrounder een kokosmatje
[17:14:26] <NoxiousPluK> in z'n nek
[17:15:02] <surrounder> !!!
[17:15:08] <surrounder> waarom nou toch
[17:15:44] <Fermata> Iedereen haat jou?
[17:15:58] <surrounder> http://tinyurl.com/zl4tgkn - mgihihi
[17:16:09] <NoxiousPluK> at
[17:16:12] <NoxiousPluK> wat
[17:16:13] <NoxiousPluK> !wat
[17:16:15] <NoxiousPluK> !!wat
[17:16:16] <digiweed> NoxiousPluK: "wat" : http://i.imgur.com/Bdh4kIu.jpg
[17:16:22] <bReChThOu> mooi
[17:16:24] <surrounder> Fermata: dat terwijl ik zoveel liefde uitstraal!
[17:16:26] <NoxiousPluK> (zie hoe ik het vergeten van de w maskeerde?)
[17:16:29] <bReChThOu> heb je die ook in formaat hele pizza ?
[17:17:00] <surrounder> NoxiousPluK: :D:D:d;d;d;d;D:D::zxxDxXxxD
[17:19:05] <NoxiousPluK> nou 
[17:19:09] <Fermata> https://www.reddit.com/r/Jokes/comments/4jt3s9/an_englishman_a_frenchman_a_ravishing_blonde_and/ -- :D
[17:19:09] <NoxiousPluK> moe
[17:19:09] <digiweed> Title: An Englishman, a Frenchman, a ravishing blonde and a homely brunette... : Jokes (at www.reddit.com)
[17:19:49] <NoxiousPluK> lmao
[17:20:36] <syf_> loll
[17:20:36] <surrounder> lol
[17:22:27] <NoxiousPluK> https://www.youtube.com/watch?v=06mf-XRjCDM hihihi
[17:22:32] <digiweed> Title: Spider-Man 2 "Raindrops Keep Falling On My Head" Edited - YouTube (at www.youtube.com)
[17:23:09] <NoxiousPluK> wauw: https://i.imgur.com/jqVP4SL.jpg wtf microsoft
[17:23:35] <surrounder> prima oplossing
[17:27:15] <kooljarigd> lezen jullie hackernews niet ofzo
[17:34:13] <NoxiousPluK> hawie?
[17:34:40] <surrounder> jawel
[17:36:40] *** Joins: Escovan (Escovan@server1.escovan.net)
[17:36:53] <NoxiousPluK> the_Ye-Ti: nope
[17:36:56] <surrounder> tijd voor een pilsje is het
[17:36:57] <surrounder> ja
[17:36:59] <surrounder> ja.ja
[17:37:01] <surrounder> later duifjes
[17:37:02] <NoxiousPluK> uhuh
[17:37:08] <NoxiousPluK> ik heb
[17:37:10] <NoxiousPluK> bier gekoopt
[17:37:24] <the_Ye-Ti> welke?
[17:38:22] <NoxiousPluK> la chouffe
[17:38:42] <SJ> vervelend 
[17:38:42] <the_Ye-Ti> is dat met die korte man?
[17:39:03] <SJ> die kabouter gaat altijd aan m'n huig hangen na het 5e biertje 
[17:39:29] <appy> SJ: daarom zitten er maar 4 in een pak
[17:39:29] <appy> duh
[17:39:41] <the_Ye-Ti> \o appy 
[17:39:42] <SJ> oh
[17:39:45] <SJ> is dat het!
[17:39:56] <appy> \o the_Ye-Ti 
[17:40:39] <NoxiousPluK> zo gaan die dingen
[17:41:06] <the_Ye-Ti> kabouters in pak
[17:42:11] <appy> !kabouters++
[17:42:13] <digiweed> appy: Karma for kabouters is now: 34
[17:42:34] <appy> the_Ye-Ti: :D
[17:49:32] <soeverein103> WOEHOE
[17:49:47] <the_Ye-Ti> niet zo emfaseren /o\
[17:53:01] <Fermata> appy <3
[17:55:30] <NoxiousPluK> surrounder: hij is helaas wat instabiel
[17:55:33] <NoxiousPluK> :/
[17:55:36] <NoxiousPluK> op mijn desktop iig
[18:06:12] <Fermata> Nou, NoxiousPluK 
[18:06:15] <Fermata> Geef toe
[18:06:24] <Fermata> Je bent zelf ook wat instabiel
[18:13:07] <the_Ye-Ti> onaerdig
[18:13:15] <mimic> :D
[18:13:36] <the_Ye-Ti> \o mimiqueue
[18:13:56] <the_Ye-Ti> ben je al bepakt?
[18:14:06] <soeverein103> https://www.youtube.com/watch?v=SpSL5tocJIQ
[18:14:08] <mimic> bepakt.. voor? :+
[18:14:08] <digiweed> Title: De Heideroosjes - Punica - YouTube (at www.youtube.com)
[18:14:55] <the_Ye-Ti> van uh [13:04 mimic] ik krijg een pak vandaag
[18:15:04] <mimic> ah, een pakje,
[18:15:06] <mimic> juh
[18:15:08] <mimic> is binnen
[18:15:48] <the_Ye-Ti> soeverein103: 1992!
[18:16:14] <soeverein103> zo lang gelee alweer
[18:18:19] <the_Ye-Ti> achja wat is 1992 op een mensenleven?
[18:19:02] <soeverein103> zeg dat maar tegen columbus
[18:20:13] <the_Ye-Ti> ja die zou dan al uh 542 zijn!
[18:20:41] <the_Ye-Ti> of wat bedoel je?
[18:26:42] <kooljarigd> soeverein103: uitsmijtertijd
[18:27:04] <soeverein103> sure
[18:27:13] <soeverein103> alleen: wanneer?
[18:27:15] <kooljarigd> wanneer schikt t
[18:27:29] <soeverein103> lastig
[18:27:32] <soeverein103> hark + werk
[18:27:37] <soeverein103> zondag wellicht
[18:27:48] <kooljarigd> zondag uitbrakken denk ik
[18:27:55] <soeverein103> of zaterdag voor het festijn van sling
[18:29:07] <the_Ye-Ti> \o/
[18:29:37] <kooljarigd>  / mijn festijn
[18:29:49] <the_Ye-Ti> feest.exe
[18:31:04] <Fermata> kooljarigd: gefeliciteerd met de verjaardag \o/
[18:31:16] * Fermata flikkert wat confetti over kooljarigd 
[18:33:18] <kooljarigd> dank!
[18:34:41] <the_Ye-Ti> eindelijk 40?
[18:35:10] <Aim> congrats kooljarigd!
[18:35:24] <kooljarigd> frenkiieeee dank
[18:35:27] <kooljarigd> komde ook zaterdag
[18:38:15] <Aim> uuh
[18:38:23] <Aim> je verjaardag? 
[18:39:40] <kooljarigd> zeker
[18:39:43] <kooljarigd> t feestje dan
[18:39:48] <kooljarigd> de verjaardag is NU
[18:39:51] <Aim> klinkt goed 
[18:39:52] <kooljarigd> en nu ga ik sporten!
[18:40:15] *** Quits: kooljarigd (koolaid@2a02:a212:280:1c00:f982:6d6c:1cdc:e955) (Client exited)
[18:43:12] <Dubbeldrank> ha wat lelijk
[18:43:50] <Dubbeldrank> als ik in de postnl app het pakketnummer en de postcode invul van het afhaalpunt, dan zie ik alle pakket die daar naartoe onderweg zijn :D
[18:44:01] <Dubbeldrank> *pakketten
[18:48:07] <Aim> eek
[18:48:11] <Aim> lekker secure dan 
[18:48:16] <Aim> ff melding van maken? 
[18:48:19] <soeverein103> rawplayer: https://media.licdn.com/media-proxy/ext?w=531&h=400&f=n&hash=%2FXjsdM08mOAlpZveLdPvzBTC8Gs%3D&ora=1%2CaFBCTXdkRmpGL2lvQUFBPQ%2CxAVta5g-0R6jnhodx1Ey9KGTqAGj6E5DQJHUA3L0CHH05IbfPWjpfcaKerKg8EAfLSQCjQA6fOu1SWXkEY6_L4ntdNsk35PgJsL5aRUPbhU4hGUB5sE-Pg
[18:48:20] <Aim> lijkt me niet goed :P
[18:57:38] <nomadz> dubbeldrank, allemaal claimen en rerouten?
[18:57:47] <Aim> lol
[18:57:54] <Aim> hey nomadz o/
[18:57:58] <nomadz> yo aim
[18:58:14] <the_Ye-Ti> "ik kom mijn 100 pakketjes afhalen"
[18:59:08] <nomadz> jumbo hier is posttechnisch over de zeik sinds de albert heijn geen postnl meer doet
[18:59:17] <nomadz> kunnen het helemaal niet aan
[18:59:51] <Aim> het is ook enorm kut 
[18:59:55] <Aim> postnl zet zijn eigen apparatuur neer 
[19:00:04] <Aim> mag niet intergrated zijn 
[19:00:17] <Aim> dus ze moeten een aparte kassa hebben + iemand die het systeem kent 
[19:00:28] <Aim> plus ze moeten alle taken overnemen wat een postkantoor normaal doet 
[19:00:46] <Aim> inboeken van poststukken/pakketten
[19:00:47] <nomadz> en dan zet de jumbo er kinderen van 16 achter die geen stress gewend zijn, maar wel honderden pakketjes per dag
[19:01:56] <Aim> yup ;)
[19:02:12] <Aim> en nog niet gehad over hoevaak het systeem stuk is :P
[19:02:48] <the_Ye-Ti> hoe weet jij dat allemaal?
[19:03:09] <soeverein103> aim is 16 en werkt bij de sjumbo
[19:03:16] <Aim> keer een uur moeten wachten @jumbo omdat het stuk was :P
[19:03:17] <the_Ye-Ti> ah
[19:03:31] <nomadz> ik laatst ook een uur moeten wachten op pakketje
[19:03:31] <Aim> naja als je dan gaat ouwehoeren met die gasten krijg je dat te horen 
[19:03:34] <nomadz> tot zover het pakje gemak 
[19:04:36] <nomadz> geven ze eerst de albert heijn de schuld dat ze mijn pakje niet kunnen vinden, daarna zou de postbode het mee terug hebben genomen (?)
[19:06:37] <Aim> normaal dumpt postnl een karretje vol met meuk 
[19:06:43] <Aim> dan moeten ze het inboeken 
[19:06:58] <Aim> als het blijkt verkeerd te zijn, sturen we het weer terug naar het disitributie centrum 
[19:23:39] <rawplayer> hallo
[19:23:40] <rawplayer> ik ben er
[19:23:43] <rawplayer> !crossfit++
[19:23:46] <digiweed> rawplayer: Karma for crossfit is now: 136
[19:23:55] <rawplayer> fuck
[19:23:57] <rawplayer> waar is koolaid
[19:23:59] <rawplayer> ooo sporten
[19:24:00] <rawplayer> nice
[19:24:01] <rawplayer> nice!
[19:26:28] <Aim> hey rawplayer o/
[19:26:53] <rawplayer> Aim: o/
[19:26:55] <rawplayer> sup
[19:27:13] <Aim> gaaaar
[19:27:22] <Aim> heb ook crossfit gedaan net
[19:29:45] <the_Ye-Ti> oh gawd
[19:29:53] <rawplayer> erm
[19:29:56] <rawplayer> wat heb je gedaan dan?
[19:30:07] <Aim> bier gedronken op de bank 
[19:30:12] <rawplayer> ooo
[19:30:15] <Aim> terwijl ik iemand zag crossfitten op tv 
[19:30:22] <rawplayer> chill
[19:30:23] <rawplayer> oh
[19:30:23] <soeverein103> snel weggezapt natuurlijk
[19:30:32] <Aim> jah idd en meer bier gepakt 
[19:30:37] <Aim> het motiveerde me wel om te bewegen 
[19:30:39] <rawplayer> waarom zijn jullie zo bang om te bewegen
[19:30:49] <soeverein103> je moest naar de afstandsbediening lopen?
[19:30:52] <soeverein103> ik niet
[19:30:59] <soeverein103> ik heb vandaag iets met leg presses gedaan
[19:31:03] <rawplayer> ohhhh
[19:31:04] <soeverein103> en squats en lugers
[19:31:09] <rawplayer> hoe gaat het met je sportblessure
[19:31:10] <rawplayer> lunges
[19:31:12] <soeverein103> lunges
[19:31:13] <rawplayer> hoe gingen die?
[19:31:13] <soeverein103> ook goed
[19:31:16] <soeverein103> matig
[19:31:16] <rawplayer> en vooral balans
[19:31:35] <Fermata> !sporten++
[19:31:38] <rawplayer> zonder gewichten neem ik aan he
[19:31:38] <digiweed> Fermata: Karma for sporten is now: 142
[19:31:46] <soeverein103> met gewichten natuurlijk
[19:31:51] <rawplayer> oh ja weeti k veel
[19:32:02] <soeverein103> die lui begrijpen niet dat ik voor m'n blessuur ook niet zo'n sporter was
[19:32:11] <soeverein103> en liep als een malle
[19:35:56] *** Joins: Tomsworld (tom@2a02:a03f:2698:3700:7098:16d9:dcc6:ec7a)
[19:47:43] <surrounder> soeverein103: ben jij soms malle pietje?
[19:47:49] <soeverein103> een beetje wel
[19:47:55] <soeverein103> maar don't vlak yourself out
[19:48:34] <surrounder> mgiiihiii
[20:06:28] *** Quits: Tomsworld (tom@2a02:a03f:2698:3700:7098:16d9:dcc6:ec7a) (Ping timeout: 66 seconds)
[20:07:31] *** Joins: Tomsworld (tom@251.168-66-87.adsl-dyn.isp.belgacom.be)
[20:11:01] <rawplayer> hoi
[20:11:05] <rawplayer> !hamburger++
[20:11:07] <digiweed> rawplayer: Karma for hamburger is now: 56
[20:19:17] *** Quits: willy123 (willy@ip503c7f23.speed.planet.nl) (Ping timeout: 61 seconds)
[20:20:47] *** Joins: welly7 (willy@ip503c7f23.speed.planet.nl)
[20:29:06] *** Joins: kooljarigd (koolaid@2a02:a212:280:1c00:f982:6d6c:1cdc:e955)
[20:35:43] <rawplayer> kooljarigd: o/
[20:35:48] <rawplayer> hoe was het sporten
[20:35:50] <rawplayer> vertel mij alles!
[20:36:23] <kooljarigd> nee want ik ga nu in de stad eten en bniertjes
[20:36:26] <kooljarigd> maar het was wel zwaar
[20:36:31] *** Quits: kooljarigd (koolaid@2a02:a212:280:1c00:f982:6d6c:1cdc:e955) (Client exited)
[20:36:37] <rawplayer> cu and have fun!!!
[20:44:52] <Fermata> Mensen!
[20:44:54] <Fermata> Ik ben er weer.
[20:46:23] <rawplayer> hoi
[20:46:28] <rawplayer> ben je positief?
[20:46:58] <Fermata> Positief op wat?
[20:47:03] <rawplayer> niks
[20:47:04] <rawplayer> gewoon
[20:47:06] <rawplayer> of je aardig doet
[20:47:24] <Fermata> Altijd!
[20:47:30] <rawplayer> :/
[20:47:46] <bReChThOu> aadig vervelend ja
[20:47:54] <rawplayer> :S
[20:49:00] <surrounder> :s
[20:50:55] <surrounder> !storingsdienst--
[20:50:58] <digiweed> surrounder: Karma for storingsdienst is now: -136
[20:51:34] <Fermata> bReChThOu: ja nou da's ook aardig toch
[21:03:13] *** Quits: int3nz0r (int3nz0r@541A8E1B.cm-5-3c.dynamic.ziggo.nl) (Exit)
[21:03:18] <surrounder> NoxiousPluK: ik vind hem @ mobiel dusver wel nice eigenlijk
[21:04:18] <surrounder> heel nice zelfs
[21:05:46] <Fermata> !hoofden--
[21:05:49] <digiweed> Fermata: Karma for hoofden is now: -22
[21:07:09] *** Joins: int3nz0r (int3nz0r@541A8E1B.cm-5-3c.dynamic.ziggo.nl)
[21:13:01] *** Quits: Fermata (stefan@5.157.82.116) (Ping timeout: 67 seconds)
[21:17:57] *** Joins: Fermata (stefan@5.157.82.116)
[21:18:48] <the_Ye-Ti> Fermata!
[21:19:28] <Fermata> yeti!
[21:20:21] <the_Ye-Ti> is je tailcoat er al?
[21:20:26] <Fermata> Nein
[21:20:51] <the_Ye-Ti> wachten wachten wachten
[21:21:45] <Fermata> En ik ben al zo geduldig ingesteld.
[21:25:23] <the_Ye-Ti> word je dan chagrijnig oid?
[21:26:30] <Fermata> Dat, of hyper.
[21:30:03] * BarthezZ knuffelt rawplayer
[21:30:16] <the_Ye-Ti> typisch
[21:31:39] <rawplayer> kzit te schijten
[21:32:38] <Fermata> Typisch
[21:33:57] * BarthezZ knuffelt rawplayer
[21:34:06] <BarthezZ> duurtlang
[21:43:56] <the_Ye-Ti> misschien heeft ie een ander
[21:44:37] <syf_> !storingsdienst--
[21:44:41] <digiweed> syf_: Karma for storingsdienst is now: -137
[21:44:42] <syf_> omdat ik met surrounder meeleef
[21:45:01] <soeverein103> !piketdienst--
[21:45:03] <digiweed> soeverein103: Karma for piketdienst is now: -1
[21:45:03] <the_Ye-Ti> \o sociale syf
[21:45:06] <soeverein103> omdat ik graag dure woorden gebruik
[21:45:11] <syf_> o/
[21:46:42] <syf_> http://www.imdb.com/title/tt2611652/
[21:46:45] <digiweed> Title: Fúsi (2015) - IMDb (at www.imdb.com)
[21:46:50] <syf_> "Fusi, a 43 years old man still lives with his mother. His daily life is characterized by one of the monotonous routine. The appearance of vibrant Alma and young Hera will upset his old bachelor habits"
[21:47:22] <the_Ye-Ti> syf_: heb je weleens storingsdienst gedaan?
[21:47:29] <soeverein103> einer von uns!
[21:48:16] <syf_> the_Ye-Ti: 1 week per maand
[21:48:49] <the_Ye-Ti> dus je leeft ook een beetje met jezelf mee
[21:49:00] <the_Ye-Ti> *ponder*
[21:49:45] * Fermata plopt een fles open.
[21:49:55] <syf_> klopt, maar dat is altijd wel een aanrader.. je kan immers alleen maar op jezelf bouwen in het leven o/
[21:50:02] <syf_> Fermata: wat gaat het worden?
[21:50:25] <Fermata> Ardbeg Uigeadail
[21:50:28] <soeverein103> https://www.youtube.com/watch?v=8GffA3__R-Q
[21:50:31] <digiweed> Title: Motorcycle accident in France - YouTube (at www.youtube.com)
[21:50:53] <syf_> lekker
[21:51:31] <the_Ye-Ti> uitnodigende title
[21:52:12] <syf_> idd
[21:52:15] <syf_> ik sla over
[21:52:19] <Fermata> !ardbeg++
[21:52:22] <digiweed> Fermata: Karma for ardbeg is now: 3
[21:54:37] *** Quits: grid_ (grid@dhcp-089-099-194-232.chello.nl) (Ping timeout: 66 seconds)
[22:09:28] *** Quits: Tomsworld (tom@251.168-66-87.adsl-dyn.isp.belgacom.be) (Ping timeout: 61 seconds)
[22:11:39] * rawplayer knuffelt en kroelt BarthezZ 
[22:28:05] *** Joins: Ashley[tmp] (Ashley@D9790162.cm-3-2a.dynamic.ziggo.nl)
[22:28:16] *** Quits: Ashley (Ashley@D9790162.cm-3-2a.dynamic.ziggo.nl) (Ping timeout: 65 seconds)
[22:28:16] *** Quits: Bliksem (Tweaki7@a82-161-41-5.adsl.xs4all.nl) (Ping timeout: 65 seconds)
[22:28:25] <NoxiousPluK> nice surrounder 
[22:28:30] *** Joins: Bliksem (Tweaki7@a82-161-41-5.adsl.xs4all.nl)
[22:28:36] <NoxiousPluK> op desktop is het een beetje jammer dat ie crashed ;(
[22:28:51] <NoxiousPluK> 18:06:21      Fermata | Je bent zelf ook wat instabiel
[22:28:58] <NoxiousPluK> das wel waar
[22:29:00] <NoxiousPluK> nouja
[22:29:01] <soeverein103> BLIKSEM!
[22:29:02] <NoxiousPluK> ik was eerst instabieler
[22:29:08] <NoxiousPluK> tegenwoordig voel ik mij best biostabiel
[22:30:12] <rawplayer> k
[22:30:41] <NoxiousPluK> k
[22:30:49] <NoxiousPluK> voel jij je wel biostabiel rawplayer 
[22:34:15] <NoxiousPluK> https://i.imgur.com/4IjsPow.jpg
[22:35:44] <appy> :')
[22:36:46] *** Joins: kooljarigd (koolaid@ip-213-127-118-32.ip.prioritytelecom.net)
[22:38:19] *** Quits: kooljarigd (koolaid@ip-213-127-118-32.ip.prioritytelecom.net) (Ping timeout: 60 seconds)
[23:11:34] *** Joins: Tomsworld (tom@2a02:a03f:2698:3700:b0e3:1de1:f59b:c22)
[23:17:47] *** Quits: Tomsworld (tom@2a02:a03f:2698:3700:b0e3:1de1:f59b:c22) (Ping timeout: 66 seconds)
[23:43:04] *** Joins: Tomsworld (tom@2a02:a03f:2698:3700:c90:e42a:4d09:1059)
[23:51:37] *** Joins: grid (grid@dhcp-089-099-194-232.chello.nl)
