[00:35:21] *** Quits: trapped (trapped@the.jade.cave) (Connection closed)
[02:05:14] *** Quits: Sutch (Sutch@the.ebony.tower) (Quit: -)
[03:12:09] *** Joins: Demisedulous (Halfway@sorcery-tg4gu9.ipv6.telus.net)
[03:44:48] *** Quits: randomg (randomg@sorcery-orhabk.mi.comcast.net) (Quit: Going offline, see ya! (www.adiirc.com))
[07:38:48] *** Joins: trapped (trapped@the.jade.cave)
[09:03:42] *** Quits: trapped (trapped@the.jade.cave) (Connection closed)
[11:48:41] *** Quits: Demisedulous (Halfway@sorcery-tg4gu9.ipv6.telus.net) (Quit: Sleeping)
[12:01:30] *** Joins: randomg (randomg@sorcery-orhabk.mi.comcast.net)
[12:05:57] *** Joins: trapped (trapped@the.jade.cave)
[12:24:48] *** Joins: Sutch (Sutch@sorcery-c7nn3k.range86-142.btcentralplus.com)
[12:24:48] *** Quits: Sutch (Sutch@sorcery-c7nn3k.range86-142.btcentralplus.com) (Changing host)
[12:24:48] *** Joins: Sutch (Sutch@the.ebony.tower)
[13:14:55] *** Joins: Tez (uid126444@sorcery-9pi829.brockwell.irccloud.com)
[13:29:19] *** Quits: randomg (randomg@sorcery-orhabk.mi.comcast.net) (Quit: Going offline, see ya! (www.adiirc.com))
[14:32:20] *** Joins: randomg (randomg@sorcery-3i6.33f.231.12.IP)
[14:45:35] <Escovan> http://escovan.net
[15:24:36] *** Quits: Tez (uid126444@sorcery-9pi829.brockwell.irccloud.com) (Quit: Connection closed for inactivity)
[15:49:36] *** Quits: Sutch (Sutch@the.ebony.tower) (Quit: -)
[17:33:23] *** Quits: randomg (randomg@sorcery-3i6.33f.231.12.IP) (Quit: Going offline, see ya! (www.adiirc.com))
[17:55:58] *** Joins: randomg (randomg@sorcery-3i6.33f.231.12.IP)
[19:27:04] *** Joins: zipfelkapuze (ZipfelKapuz@sorcery-cjbb6o.dynamic.kabel-deutschland.de)
[19:27:31] *** Quits: zipfelkapuze (ZipfelKapuz@sorcery-cjbb6o.dynamic.kabel-deutschland.de) (Connection closed)
[20:03:19] *** Joins: zipfelkapuze (ZipfelKapuz@sorcery-cjbb6o.dynamic.kabel-deutschland.de)
[21:58:10] *** Quits: randomg (randomg@sorcery-3i6.33f.231.12.IP) (Quit: Going offline, see ya! (www.adiirc.com))
