[00:17:43] *** Quits: zipfelkapuze (ZipfelKapuz@sorcery-cjbb6o.dynamic.kabel-deutschland.de) (Connection closed)
[00:33:57] *** Quits: Tezca (IceChat78@sorcery-6gclr7.res.rr.com) (Ping timeout: 121 seconds)
[00:54:23] *** Joins: Tezca (IceChat78@sorcery-6gclr7.res.rr.com)
[01:28:22] *** Joins: trapped_ (trapped@the.jade.cave)
[01:28:22] *** Quits: trapped (trapped@the.jade.cave) (Connection closed)
[01:32:40] *** Quits: trapped_ (trapped@the.jade.cave) (Quit: int random { /* ensure randomness */ return 3; })
[01:32:51] *** Joins: trapped (trapped@the.jade.cave)
[02:01:38] *** Joins: Pomegranate (malogranatu@Fruit.of.Death)
[02:27:36] *** Quits: trapped (trapped@the.jade.cave) (Connection closed)
[02:31:47] *** Quits: Pomegranate (malogranatu@Fruit.of.Death) (Ping timeout: 121 seconds)
[02:31:48] *** Joins: Pomegranate_ (malogranatu@sorcery-o5vpil.2mja.t3m3.0403.2601.IP)
[02:54:26] *** Quits: Tez (uid126444@sorcery-9pi829.brockwell.irccloud.com) (Quit: Connection closed for inactivity)
[03:00:21] *** Quits: Sutch (Sutch@the.ebony.tower) (Quit: -)
[03:10:31] *** Quits: Pomegranate_ (malogranatu@sorcery-o5vpil.2mja.t3m3.0403.2601.IP) (Quit: BBL, nerds)
[07:14:00] *** Quits: Tezca (IceChat78@sorcery-6gclr7.res.rr.com) (Ping timeout: 121 seconds)
[10:23:53] *** Joins: zipfelkapuze (ZipfelKapuz@sorcery-cjbb6o.dynamic.kabel-deutschland.de)
[10:55:43] *** Joins: trapped (trapped@the.jade.cave)
[11:42:15] *** Quits: Demisedulous (Halfway@sorcery-tg4gu9.ipv6.telus.net) (Connection closed)
[14:33:15] *** Quits: zipfelkapuze (ZipfelKapuz@sorcery-cjbb6o.dynamic.kabel-deutschland.de) (Connection closed)
[14:55:01] *** Joins: zipfelkapuze (ZipfelKapuz@sorcery-cjbb6o.dynamic.kabel-deutschland.de)
[15:24:34] *** Joins: Tez (uid126444@sorcery-9pi829.brockwell.irccloud.com)
[15:38:49] *** Quits: zipfelkapuze (ZipfelKapuz@sorcery-cjbb6o.dynamic.kabel-deutschland.de) (Connection closed)
[15:51:19] *** Joins: Sutch (Sutch@the.ebony.tower)
[16:14:05] *** Joins: Pomegranate (malogranatu@Fruit.of.Death)
[17:26:56] *** Joins: Tezca (IceChat78@sorcery-6gclr7.res.rr.com)
[19:24:26] *** Quits: Tez (uid126444@sorcery-9pi829.brockwell.irccloud.com) (Quit: Connection closed for inactivity)
[19:29:56] *** Quits: Pomegranate (malogranatu@Fruit.of.Death) (Ping timeout: 121 seconds)
[19:38:55] *** Joins: Tez (uid126444@sorcery-9pi829.brockwell.irccloud.com)
[20:34:19] *** Joins: Cryophile (Cryo@probably.some.back.alley)
[22:54:40] *** Joins: zipfelkapuze (ZipfelKapuz@sorcery-cjbb6o.dynamic.kabel-deutschland.de)
[23:16:29] *** Joins: randomg (randomg@sorcery-ghd0uv.89op.uhe5.0402.2601.IP)
