[00:30:01] *** Joins: Tezca (IceChat78@sorcery-6gclr7.res.rr.com)
[00:34:10] *** Quits: trapped (trapped@the.jade.cave) (Connection closed)
[01:10:29] *** Quits: Tezca (IceChat78@sorcery-6gclr7.res.rr.com) (Ping timeout: 121 seconds)
[01:18:08] *** Joins: Tezca (IceChat78@sorcery-6gclr7.res.rr.com)
[01:32:23] *** Quits: Tezca (IceChat78@sorcery-6gclr7.res.rr.com) (Ping timeout: 121 seconds)
[02:03:25] *** Quits: Sutch (Sutch@the.ebony.tower) (Quit: -)
[03:44:45] *** Joins: randomg (randomg@sorcery-kljvd6.89op.uhe5.0402.2601.IP)
[03:44:47] *** Joins: Demisedulous (Halfway@sorcery-kfongf.ipv6.telus.net)
[04:44:41] *** Quits: Tez (uid126444@sorcery-9pi829.brockwell.irccloud.com) (Quit: Connection closed for inactivity)
[05:37:48] *** Joins: Demise (Halfway@sorcery-kfongf.ipv6.telus.net)
[05:37:56] *** Quits: Demise (Halfway@sorcery-kfongf.ipv6.telus.net) (Connection closed)
[08:12:36] *** Joins: trapped (trapped@the.jade.cave)
[09:27:23] *** Quits: trapped (trapped@the.jade.cave) (Connection closed)
[09:50:15] *** Joins: zipfelkapuze (ZipfelKapuz@sorcery-cjbb6o.dynamic.kabel-deutschland.de)
[09:50:51] *** Quits: zipfelkapuze (ZipfelKapuz@sorcery-cjbb6o.dynamic.kabel-deutschland.de) (Connection closed)
[10:28:58] *** Joins: zipfelkapuze (ZipfelKapuz@sorcery-cjbb6o.dynamic.kabel-deutschland.de)
[10:47:32] *** Quits: zipfelkapuze (ZipfelKapuz@sorcery-cjbb6o.dynamic.kabel-deutschland.de) (Connection closed)
[13:26:49] *** Joins: trapped (trapped@the.jade.cave)
[13:34:02] *** Quits: Demisedulous (Halfway@sorcery-kfongf.ipv6.telus.net) (Quit: Sleeping)
[13:55:17] *** Joins: Sutch (Sutch@sorcery-c7nn3k.range86-142.btcentralplus.com)
[13:55:17] *** Quits: Sutch (Sutch@sorcery-c7nn3k.range86-142.btcentralplus.com) (Changing host)
[13:55:17] *** Joins: Sutch (Sutch@the.ebony.tower)
[13:57:18] *** Quits: randomg (randomg@sorcery-kljvd6.89op.uhe5.0402.2601.IP) (Quit: Going offline, see ya! (www.adiirc.com))
[15:14:57] *** Joins: Tez (uid126444@sorcery-9pi829.brockwell.irccloud.com)
[15:15:47] *** Joins: randomg (randomg@sorcery-orhabk.mi.comcast.net)
[16:07:41] *** Quits: Sutch (Sutch@the.ebony.tower) (Quit: -)
[17:51:06] *** Joins: Tezca (IceChat78@sorcery-6gclr7.res.rr.com)
[19:12:23] *** Joins: zipfelkapuze (ZipfelKapuz@sorcery-cjbb6o.dynamic.kabel-deutschland.de)
[19:24:43] *** Quits: Tez (uid126444@sorcery-9pi829.brockwell.irccloud.com) (Quit: Connection closed for inactivity)
[21:22:12] *** Quits: Tezca (IceChat78@sorcery-6gclr7.res.rr.com) (Quit: Life without danger is a waste of oxygen)
[21:22:40] *** Joins: Tezca (IceChat78@sorcery-6gclr7.res.rr.com)
[21:22:42] *** Joins: Tezca_ (IceChat78@sorcery-6gclr7.res.rr.com)
[21:50:40] *** Quits: Tezca (IceChat78@sorcery-6gclr7.res.rr.com) (Quit: Oops. My brain just hit a bad sector)
[22:01:13] *** Quits: randomg (randomg@sorcery-orhabk.mi.comcast.net) (Quit: Going offline, see ya! (www.adiirc.com))
[23:54:51] *** Joins: randomg (randomg@sorcery-orhabk.mi.comcast.net)
