[00:01:11] *** Joins: Demise (Halfway@sorcery-07glfm.ca.shawcable.net)
[00:02:13] *** Quits: Demise (Halfway@sorcery-07glfm.ca.shawcable.net) (Quit: Sleeping)
[02:00:58] *** Quits: Sutch (Sutch@the.ebony.tower) (Quit: -)
[04:38:01] *** Quits: Demisedulous (Halfway@sorcery-07glfm.ca.shawcable.net) (Connection closed)
[08:17:11] *** Joins: trapped (trapped@the.jade.cave)
[09:24:34] *** Quits: trapped (trapped@the.jade.cave) (Connection closed)
[13:15:13] *** Joins: trapped (trapped@the.jade.cave)
[13:58:21] *** Joins: Tez (uid126444@sorcery-gtmtht.pld0.199n.8300.2604.IP)
[14:12:37] *** Joins: HaiOryx (HaiOryx@sorcery-i3o2rp.range86-159.btcentralplus.com)
[14:12:37] *** Quits: HaiOryx (HaiOryx@sorcery-i3o2rp.range86-159.btcentralplus.com) (Changing host)
[14:12:37] *** Joins: HaiOryx (HaiOryx@HaiOryx.vHost)
[14:42:24] *** Joins: Sutch (Sutch@sorcery-rkmfvq.range86-155.btcentralplus.com)
[14:42:24] *** Quits: Sutch (Sutch@sorcery-rkmfvq.range86-155.btcentralplus.com) (Changing host)
[14:42:24] *** Joins: Sutch (Sutch@the.ebony.tower)
[16:05:38] *** Quits: Tez (uid126444@sorcery-gtmtht.pld0.199n.8300.2604.IP) (Quit: Connection closed for inactivity)
[16:45:00] *** Joins: Tez (uid126444@sorcery-gtmtht.pld0.199n.8300.2604.IP)
[17:00:42] *** Quits: David (David@the.ivory.tower) (Ping timeout: 121 seconds)
[17:11:49] *** Joins: David (David@the.ivory.tower)
[17:33:19] *** Quits: HaiOryx (HaiOryx@HaiOryx.vHost) (Client exited)
[20:55:05] *** Joins: zipfelkapuze (ZipfelKapuz@sorcery-cjbb6o.dynamic.kabel-deutschland.de)
[21:05:40] *** Quits: Tez (uid126444@sorcery-gtmtht.pld0.199n.8300.2604.IP) (Quit: Connection closed for inactivity)
[21:17:11] *** Joins: Tez (uid126444@sorcery-gtmtht.pld0.199n.8300.2604.IP)
