[01:26:20] *** Quits: trapped (trapped@the.jade.cave) (Connection closed)
[01:35:15] *** Quits: Tez (uid126444@sorcery-9pi829.brockwell.irccloud.com) (Quit: Connection closed for inactivity)
[01:37:56] *** Joins: randomg (randomg@sorcery-orhabk.mi.comcast.net)
[02:11:05] *** Quits: randomg (randomg@sorcery-orhabk.mi.comcast.net) (Quit: Going offline, see ya! (www.adiirc.com))
[02:12:43] *** Joins: Sutchykins (Sutch@sorcery-rkmfvq.range86-155.btcentralplus.com)
[02:12:43] *** Quits: Sutchykins (Sutch@sorcery-rkmfvq.range86-155.btcentralplus.com) (Changing host)
[02:12:43] *** Joins: Sutchykins (Sutch@the.ebony.tower)
[02:14:22] *** Quits: Sutch (Sutch@the.ebony.tower) (Ping timeout: 121 seconds)
[03:05:20] *** Joins: Cryophile (Cryo@probably.some.back.alley)
[03:58:40] *** Joins: ramdog (randomg@sorcery-r32h68.89op.uhe5.0402.2601.IP)
[03:58:40] *** ramdog is now known as randomg
[04:00:12] *** Quits: randomg (randomg@sorcery-r32h68.89op.uhe5.0402.2601.IP) (NickServ (GHOST command used by randamg))
[04:04:44] *** Quits: Sutchykins (Sutch@the.ebony.tower) (Quit: -)
[07:26:24] *** Quits: Tezca (IceChat78@sorcery-6gclr7.res.rr.com) (Ping timeout: 121 seconds)
[08:38:11] *** Joins: trapped (trapped@the.jade.cave)
[13:55:08] *** Joins: randomg (randomg@sorcery-3i6.33f.231.12.IP)
[15:20:36] *** Joins: Tez (uid126444@sorcery-9pi829.brockwell.irccloud.com)
[15:23:21] *** Joins: Sutch (Sutch@the.ebony.tower)
[18:15:17] *** Quits: Tez (uid126444@sorcery-9pi829.brockwell.irccloud.com) (Quit: Connection closed for inactivity)
[18:15:48] *** Joins: Tez (uid126444@sorcery-9pi829.brockwell.irccloud.com)
[19:36:35] *** Quits: Tez (uid126444@sorcery-9pi829.brockwell.irccloud.com) (*.net *.split)
[19:36:41] *** Joins: Tez (uid126444@sorcery-9pi829.brockwell.irccloud.com)
[21:20:22] *** Quits: randomg (randomg@sorcery-3i6.33f.231.12.IP) (Quit: Going offline, see ya! (www.adiirc.com))
[21:26:33] *** Joins: randomg (randomg@sorcery-3i6.33f.231.12.IP)
[22:00:12] *** Joins: zipfelkapuze (ZipfelKapuz@sorcery-cjbb6o.dynamic.kabel-deutschland.de)
[22:05:18] *** Quits: Tez (uid126444@sorcery-9pi829.brockwell.irccloud.com) (Quit: Connection closed for inactivity)
[22:28:26] *** Joins: Tez (uid126444@sorcery-9pi829.brockwell.irccloud.com)
[23:01:27] *** Quits: randomg (randomg@sorcery-3i6.33f.231.12.IP) (Quit: Going offline, see ya! (www.adiirc.com))
