[00:37:50] *** Quits: trapped (trapped@the.jade.cave) (Connection closed)
[03:23:40] *** Quits: Tezca (IceChat78@sorcery-6gclr7.res.rr.com) (Ping timeout: 121 seconds)
[03:52:34] *** Quits: Sutch (Sutch@the.ebony.tower) (Quit: -)
[04:16:53] *** Quits: Cryophile (Cryo@probably.some.back.alley) (Connection closed)
[07:04:29] *** Quits: Tez (uid126444@sorcery-9pi829.brockwell.irccloud.com) (Quit: Connection closed for inactivity)
[07:40:45] *** Joins: trapped (trapped@the.jade.cave)
[09:31:06] *** Quits: trapped (trapped@the.jade.cave) (Connection closed)
[12:54:08] *** Joins: trapped (trapped@the.jade.cave)
[14:36:33] *** Joins: Sutch (Sutch@the.ebony.tower)
[16:25:13] *** Joins: zipfelkapuze (ZipfelKapuz@sorcery-cjbb6o.dynamic.kabel-deutschland.de)
[16:40:32] *** Joins: Tezca (IceChat78@sorcery-6gclr7.res.rr.com)
[17:12:04] *** Joins: Sutchykins (Sutch@sorcery-obiibh.range109-155.btcentralplus.com)
[17:12:09] *** Joins: randomg (randomg@sorcery-3i6.33f.231.12.IP)
[17:13:20] *** Quits: Sutch (Sutch@the.ebony.tower) (Ping timeout: 121 seconds)
[17:18:54] *** Quits: Tezca (IceChat78@sorcery-6gclr7.res.rr.com) (Ping timeout: 121 seconds)
[17:19:10] *** Joins: Sutch (Sutch@the.ebony.tower)
[17:21:31] *** Quits: Sutchykins (Sutch@sorcery-obiibh.range109-155.btcentralplus.com) (Ping timeout: 121 seconds)
[17:33:00] *** Quits: randomg (randomg@sorcery-3i6.33f.231.12.IP) (Quit: Going offline, see ya! (www.adiirc.com))
[17:44:24] *** Joins: Tez (uid126444@sorcery-9pi829.brockwell.irccloud.com)
[17:51:52] *** Joins: randomg (randomg@sorcery-3i6.33f.231.12.IP)
[18:04:19] *** Joins: Tezca (IceChat78@sorcery-6gclr7.res.rr.com)
[20:04:30] *** Quits: Tez (uid126444@sorcery-9pi829.brockwell.irccloud.com) (Quit: Connection closed for inactivity)
[20:19:08] *** randomg is now known as horsethor
[20:47:49] *** horsethor is now known as randomg
[21:18:03] *** Joins: Tez (uid126444@sorcery-gtmtht.pld0.199n.8300.2604.IP)
[21:44:12] *** Quits: Tezca (IceChat78@sorcery-6gclr7.res.rr.com) (Ping timeout: 121 seconds)
[21:45:13] *** Quits: randomg (randomg@sorcery-3i6.33f.231.12.IP) (Quit: Going offline, see ya! (www.adiirc.com))
[22:09:23] *** Quits: zipfelkapuze (ZipfelKapuz@sorcery-cjbb6o.dynamic.kabel-deutschland.de) (Quit: Leaving)
[22:20:03] *** Joins: randomg (randomg@sorcery-t0d30i.89op.uhe5.0402.2601.IP)
[22:29:38] *** Quits: randomg (randomg@sorcery-t0d30i.89op.uhe5.0402.2601.IP) (Quit: Going offline, see ya! (www.adiirc.com))
