[01:01:04] *** Quits: zipfelkapuze (ZipfelKapuz@sorcery-cjbb6o.dynamic.kabel-deutschland.de) (Connection closed)
[01:04:38] *** Joins: zipfelkapuze (ZipfelKapuz@sorcery-cjbb6o.dynamic.kabel-deutschland.de)
[01:18:54] *** Quits: Tezca (IceChat78@sorcery-6gclr7.res.rr.com) (Ping timeout: 121 seconds)
[01:38:06] *** Joins: randomg (randomg@sorcery-orhabk.mi.comcast.net)
[01:51:23] *** Joins: Tezca (IceChat78@sorcery-6gclr7.res.rr.com)
[01:52:49] *** Quits: randomg (randomg@sorcery-orhabk.mi.comcast.net) (Quit: Going offline, see ya! (www.adiirc.com))
[02:04:42] *** Quits: zipfelkapuze (ZipfelKapuz@sorcery-cjbb6o.dynamic.kabel-deutschland.de) (Connection closed)
[02:12:35] *** Quits: Sutch (Sutch@the.ebony.tower) (Quit: -)
[03:16:35] *** Joins: randomg (randomg@sorcery-kf8ea6.89op.uhe5.0402.2601.IP)
[04:05:19] *** Quits: randomg (randomg@sorcery-kf8ea6.89op.uhe5.0402.2601.IP) (Quit: Going offline, see ya! (www.adiirc.com))
[06:56:11] *** Quits: Demisedulous (Halfway@sorcery-tg4gu9.ipv6.telus.net) (Quit: Sleeping)
[07:10:11] *** Quits: Tezca (IceChat78@sorcery-6gclr7.res.rr.com) (Ping timeout: 121 seconds)
[08:49:48] *** Joins: trapped (trapped@the.jade.cave)
[09:01:57] *** Quits: trapped (trapped@the.jade.cave) (Connection closed)
[10:26:36] *** Joins: zipfelkapuze (ZipfelKapuz@sorcery-cjbb6o.dynamic.kabel-deutschland.de)
[10:49:10] *** Quits: zipfelkapuze (ZipfelKapuz@sorcery-cjbb6o.dynamic.kabel-deutschland.de) (Connection closed)
[13:02:31] *** Joins: trapped (trapped@the.jade.cave)
[13:50:54] *** Joins: randomg (randomg@sorcery-3i6.33f.231.12.IP)
[14:11:00] *** Joins: Sutch (Sutch@the.ebony.tower)
[17:25:46] *** Joins: zipfelkapuze (ZipfelKapuz@sorcery-cjbb6o.dynamic.kabel-deutschland.de)
[17:28:05] *** Joins: Tez (uid126444@sorcery-9pi829.brockwell.irccloud.com)
[17:28:19] *** Joins: Tezca (IceChat78@sorcery-6gclr7.res.rr.com)
[17:55:48] *** Quits: zipfelkapuze (ZipfelKapuz@sorcery-cjbb6o.dynamic.kabel-deutschland.de) (Connection closed)
[19:52:17] *** Joins: Demisedulous (Halfway@sorcery-cv4f3g.ipv6.telus.net)
[20:05:43] *** Quits: Tezca (IceChat78@sorcery-6gclr7.res.rr.com) (Ping timeout: 121 seconds)
[20:32:48] *** Quits: Demisedulous (Halfway@sorcery-cv4f3g.ipv6.telus.net) (Quit: goin downtown to get shot)
[20:51:54] *** Joins: Sutchykins (Sutch@sorcery-rkmfvq.range86-155.btcentralplus.com)
[20:51:54] *** Quits: Sutchykins (Sutch@sorcery-rkmfvq.range86-155.btcentralplus.com) (Changing host)
[20:51:54] *** Joins: Sutchykins (Sutch@the.ebony.tower)
[20:54:23] *** Quits: Sutch (Sutch@the.ebony.tower) (Ping timeout: 121 seconds)
[20:55:23] *** Quits: Tez (uid126444@sorcery-9pi829.brockwell.irccloud.com) (Quit: Connection closed for inactivity)
[21:01:44] *** Joins: Tez (uid126444@sorcery-9pi829.brockwell.irccloud.com)
[21:40:20] *** Quits: randomg (randomg@sorcery-3i6.33f.231.12.IP) (Quit: Going offline, see ya! (www.adiirc.com))
[22:07:19] *** Joins: randomg (randomg@sorcery-3i6.33f.231.12.IP)
[22:07:25] *** Quits: randomg (randomg@sorcery-3i6.33f.231.12.IP) (Quit: Going offline, see ya! (www.adiirc.com))
[22:44:23] *** Quits: trapped (trapped@the.jade.cave) (Ping timeout: 121 seconds)
[22:46:14] *** Joins: trapped (trapped@the.jade.cave)
