[00:00:52] *** Quits: randomg (randomg@sorcery-orhabk.mi.comcast.net) (Quit: Going offline, see ya! (www.adiirc.com))
[00:28:20] *** Quits: zipfelkapuze (ZipfelKapuz@sorcery-cjbb6o.dynamic.kabel-deutschland.de) (Connection closed)
[02:02:12] *** Quits: trapped (trapped@the.jade.cave) (Ping timeout: 121 seconds)
[02:14:26] *** Quits: Demisedulous (Halfway@sorcery-bn1iv0.ipv6.telus.net) (Ping timeout: 121 seconds)
[02:21:32] *** Joins: Demisedulous (Halfway@sorcery-bn1iv0.ipv6.telus.net)
[03:28:40] *** Quits: Sutch (Sutch@the.ebony.tower) (Quit: -)
[05:13:59] *** Joins: randomg (randomg@sorcery-orhabk.mi.comcast.net)
[05:18:30] *** Quits: randomg (randomg@sorcery-orhabk.mi.comcast.net) (Quit: Going offline, see ya! (www.adiirc.com))
[07:31:39] *** Quits: Herod (Herod@sorcery-kue5b8.cc) (Ping timeout: 121 seconds)
[07:32:16] *** Quits: David (David@the.ivory.tower) (Connection closed)
[07:34:08] *** Joins: Herod (Herod@sorcery-kue5b8.cc)
[07:34:30] *** Joins: David (David@the.ivory.tower)
[09:25:40] *** Quits: Demisedulous (Halfway@sorcery-bn1iv0.ipv6.telus.net) (Connection closed)
[10:51:19] *** Joins: trapped (trapped@the.jade.cave)
[13:15:20] *** Joins: randomg (randomg@sorcery-orhabk.mi.comcast.net)
[13:50:50] *** Quits: randomg (randomg@sorcery-orhabk.mi.comcast.net) (Quit: Going offline, see ya! (www.adiirc.com))
[14:39:00] *** Joins: randomg (randomg@sorcery-3i6.33f.231.12.IP)
[15:48:04] *** Joins: Sutch (Sutch@the.ebony.tower)
[16:56:01] *** Quits: randomg (randomg@sorcery-3i6.33f.231.12.IP) (Quit: Going offline, see ya! (www.adiirc.com))
[17:21:13] *** Joins: randomg (randomg@sorcery-3i6.33f.231.12.IP)
[18:11:18] *** Joins: Kennedy (Kennedy@sorcery-fmkj1r.ca.comcast.net)
[18:11:41] *** Parts: Kennedy (Kennedy@sorcery-fmkj1r.ca.comcast.net) ()
[18:13:59] *** Joins: Kennedy (Kennedy@sorcery-fmkj1r.ca.comcast.net)
[18:15:01] *** Parts: Kennedy (Kennedy@sorcery-fmkj1r.ca.comcast.net) ()
[19:33:17] *** Joins: zipfelkapuze (ZipfelKapuz@sorcery-cjbb6o.dynamic.kabel-deutschland.de)
[20:39:13] *** Joins: Tezca (IceChat78@sorcery-b99.54s.9.204.IP)
[20:51:01] *** Quits: randomg (randomg@sorcery-3i6.33f.231.12.IP) (Quit: Going offline, see ya! (www.adiirc.com))
[21:31:12] *** Quits: David (David@the.ivory.tower) (Ping timeout: 121 seconds)
[21:37:04] *** Joins: David (David@the.ivory.tower)
[22:15:56] *** Joins: randomg (randomg@sorcery-orhabk.mi.comcast.net)
[22:18:10] *** Quits: Tezca (IceChat78@sorcery-b99.54s.9.204.IP) (Ping timeout: 121 seconds)
[22:45:00] *** Joins: Tez (uid126444@sorcery-9pi829.brockwell.irccloud.com)
[23:10:44] *** Quits: randomg (randomg@sorcery-orhabk.mi.comcast.net) (Quit: Going offline, see ya! (www.adiirc.com))
[23:41:18] *** Quits: zipfelkapuze (ZipfelKapuz@sorcery-cjbb6o.dynamic.kabel-deutschland.de) (Connection closed)
[23:50:01] *** Joins: Tezca (IceChat78@sorcery-6gclr7.res.rr.com)
[23:56:25] *** Quits: Tezca (IceChat78@sorcery-6gclr7.res.rr.com) (Quit: On the other hand, you have different fingers.)
[23:56:33] *** Joins: Tezca (IceChat78@sorcery-6gclr7.res.rr.com)
