[00:04:10] *** Joins: zipfelkapuze (ZipfelKapuz@sorcery-cjbb6o.dynamic.kabel-deutschland.de)
[01:09:00] *** Quits: trapped (trapped@the.jade.cave) (Connection closed)
[01:48:08] *** Quits: zipfelkapuze (ZipfelKapuz@sorcery-cjbb6o.dynamic.kabel-deutschland.de) (Quit: Leaving)
[02:39:08] *** Joins: Demisedulous (Halfway@sorcery-lr43jb.va.shawcable.net)
[04:04:54] *** Quits: Sutch (Sutch@the.ebony.tower) (Quit: -)
[05:05:10] *** Quits: David (David@the.ivory.tower) (Ping timeout: 121 seconds)
[05:20:30] *** Joins: David (David@the.ivory.tower)
[06:54:13] *** Quits: David (David@the.ivory.tower) (Ping timeout: 121 seconds)
[07:04:37] *** Joins: David (David@the.ivory.tower)
[09:02:04] *** Quits: Demisedulous (Halfway@sorcery-lr43jb.va.shawcable.net) (Connection closed)
[10:17:45] *** Joins: zipfelkapuze (ZipfelKapuz@sorcery-cjbb6o.dynamic.kabel-deutschland.de)
[10:30:00] *** Joins: Rajoguna (Rajas@sorcery-ch2.b6b.100.108.IP)
[13:05:34] *** Quits: Rajoguna (Rajas@sorcery-ch2.b6b.100.108.IP) (Quit: Leaving)
[13:06:31] *** Quits: zipfelkapuze (ZipfelKapuz@sorcery-cjbb6o.dynamic.kabel-deutschland.de) (Connection closed)
[14:02:15] *** Joins: trapped (trapped@the.jade.cave)
[15:35:30] *** Joins: Sutch (Sutch@the.ebony.tower)
[20:17:38] *** Joins: zipfelkapuze (ZipfelKapuz@sorcery-cjbb6o.dynamic.kabel-deutschland.de)
[22:08:16] *** Joins: Demisedulous (Halfway@sorcery-lr43jb.va.shawcable.net)
[23:36:57] *** Quits: zipfelkapuze (ZipfelKapuz@sorcery-cjbb6o.dynamic.kabel-deutschland.de) (Connection closed)
[23:51:53] *** Quits: trapped (trapped@the.jade.cave) (Connection closed)
