[00:12:30] *** Quits: trapped (trapped@the.jade.cave) (Connection closed)
[00:35:02] *** Quits: Tez (uid126444@sorcery-9pi829.brockwell.irccloud.com) (Quit: Connection closed for inactivity)
[01:26:35] *** Quits: zipfelkapuze (ZipfelKapuz@sorcery-cjbb6o.dynamic.kabel-deutschland.de) (Connection closed)
[02:48:03] *** Quits: Sutch (Sutch@the.ebony.tower) (Quit: -)
[03:25:44] *** Quits: Cryophile (Cryo@probably.some.back.alley) (Ping timeout: 121 seconds)
[07:53:37] *** Joins: trapped (trapped@the.jade.cave)
[08:17:08] *** Quits: Tezca (IceChat78@sorcery-6gclr7.res.rr.com) (Ping timeout: 121 seconds)
[09:19:02] *** Quits: trapped (trapped@the.jade.cave) (Connection closed)
[09:47:33] *** Joins: zipfelkapuze (ZipfelKapuz@sorcery-cjbb6o.dynamic.kabel-deutschland.de)
[09:48:54] *** Quits: zipfelkapuze (ZipfelKapuz@sorcery-cjbb6o.dynamic.kabel-deutschland.de) (Connection closed)
[10:34:07] *** Joins: zipfelkapuze (ZipfelKapuz@sorcery-cjbb6o.dynamic.kabel-deutschland.de)
[11:10:13] *** Quits: zipfelkapuze (ZipfelKapuz@sorcery-cjbb6o.dynamic.kabel-deutschland.de) (Connection closed)
[13:28:01] *** Joins: trapped (trapped@the.jade.cave)
[14:27:31] *** Joins: randomg (randomg@sorcery-f5j.0e8.177.166.IP)
[14:39:49] *** Quits: randomg (randomg@sorcery-f5j.0e8.177.166.IP) (Quit: Going offline, see ya! (www.adiirc.com))
[14:46:28] *** Joins: Sutch (Sutch@sorcery-c7nn3k.range86-142.btcentralplus.com)
[14:46:28] *** Quits: Sutch (Sutch@sorcery-c7nn3k.range86-142.btcentralplus.com) (Changing host)
[14:46:28] *** Joins: Sutch (Sutch@the.ebony.tower)
[15:24:03] *** Joins: Demisedulous (Halfway@sorcery-e4i2ej.ipv6.telus.net)
[15:28:56] *** Joins: randomg (randomg@sorcery-qds.4gj.13.204.IP)
[16:06:44] *** Joins: Tez (uid126444@sorcery-9pi829.brockwell.irccloud.com)
[17:52:25] *** Joins: Tezca (IceChat78@sorcery-6gclr7.res.rr.com)
[18:30:06] *** Joins: zipfelkapuze (ZipfelKapuz@sorcery-cjbb6o.dynamic.kabel-deutschland.de)
[19:26:05] *** Quits: zipfelkapuze (ZipfelKapuz@sorcery-cjbb6o.dynamic.kabel-deutschland.de) (Ping timeout: 121 seconds)
[19:43:09] *** Joins: zipfelkapuze (ZipfelKapuz@sorcery-cjbb6o.dynamic.kabel-deutschland.de)
[21:13:34] *** Quits: Demisedulous (Halfway@sorcery-e4i2ej.ipv6.telus.net) (Ping timeout: 121 seconds)
[21:59:16] *** Quits: randomg (randomg@sorcery-qds.4gj.13.204.IP) (Quit: Going offline, see ya! (www.adiirc.com))
[22:07:54] *** Joins: randomg (randomg@sorcery-i7g0vh.of2u.lih1.0380.2600.IP)
[22:16:03] *** Joins: trapped_ (trapped@the.jade.cave)
[22:16:40] *** Quits: FFDoftheTrumpCLan (finalfanta@sorcery-vr8h89.home.ne.jp) (*.net *.split)
[22:16:40] *** Quits: Herod (Herod@sorcery-kue5b8.cc) (*.net *.split)
[22:16:40] *** Quits: Moose (Moo@my.favorite.type.of.men.is.ramen) (*.net *.split)
[22:16:40] *** Quits: trapped (trapped@the.jade.cave) (*.net *.split)
[22:16:54] *** Joins: FFDoftheTrumpCLan (finalfanta@sorcery-vr8h89.home.ne.jp)
[22:21:04] *** Joins: Moose (Moo@sorcery-3nmgt8.info)
[22:21:38] *** Moose is now known as Guest44177
[22:22:19] *** Joins: Herod (Herod@sorcery-kue5b8.cc)
[23:09:51] *** Joins: Demisedulous (Halfway@sorcery-e4i2ej.ipv6.telus.net)
[23:31:39] *** Quits: FFDoftheTrumpCLan (finalfanta@sorcery-vr8h89.home.ne.jp) (Ping timeout: 121 seconds)
[23:43:38] *** Quits: randomg (randomg@sorcery-i7g0vh.of2u.lih1.0380.2600.IP) (Quit: Going offline, see ya! (www.adiirc.com))
