[01:09:06] *** Quits: trapped_ (trapped@the.jade.cave) (Connection closed)
[01:16:58] *** Quits: zipfelkapuze (ZipfelKapuz@sorcery-cjbb6o.dynamic.kabel-deutschland.de) (Connection closed)
[01:48:28] *** Quits: Tezca (IceChat78@sorcery-6gclr7.res.rr.com) (Ping timeout: 121 seconds)
[02:22:08] *** Quits: Sutch (Sutch@the.ebony.tower) (Quit: -)
[03:17:12] *** Joins: randomg (randomg@sorcery-rv7lc1.89op.uhe5.0402.2601.IP)
[03:43:10] *** Guest44177 is now known as Moose
[03:43:18] *** Quits: Moose (Moo@sorcery-3nmgt8.info) (Changing host)
[03:43:18] *** Joins: Moose (Moo@my.favorite.type.of.men.is.ramen)
[06:02:24] *** Quits: Demisedulous (Halfway@sorcery-e4i2ej.ipv6.telus.net) (Quit: Sleeping)
[06:52:04] *** Quits: randomg (randomg@sorcery-rv7lc1.89op.uhe5.0402.2601.IP) (Quit: Going offline, see ya! (www.adiirc.com))
[07:55:06] *** Quits: Tez (uid126444@sorcery-9pi829.brockwell.irccloud.com) (Quit: Connection closed for inactivity)
[08:33:28] *** Joins: trapped (trapped@the.jade.cave)
[11:58:53] *** Joins: zipfelkapuze (ZipfelKapuz@sorcery-cjbb6o.dynamic.kabel-deutschland.de)
[12:48:37] *** Joins: randomg (randomg@sorcery-orhabk.mi.comcast.net)
[13:23:17] *** Quits: randomg (randomg@sorcery-orhabk.mi.comcast.net) (Quit: Going offline, see ya! (www.adiirc.com))
[13:51:42] *** Joins: Sutch (Sutch@sorcery-c7nn3k.range86-142.btcentralplus.com)
[13:51:42] *** Quits: Sutch (Sutch@sorcery-c7nn3k.range86-142.btcentralplus.com) (Changing host)
[13:51:42] *** Joins: Sutch (Sutch@the.ebony.tower)
[14:42:10] *** Joins: randomg (randomg@sorcery-tefqtr.of2u.lih1.0380.2600.IP)
[14:49:33] *** Quits: randomg (randomg@sorcery-tefqtr.of2u.lih1.0380.2600.IP) (Connection closed)
[14:49:36] *** Joins: randomg (randomg@sorcery-tefqtr.of2u.lih1.0380.2600.IP)
[14:50:29] *** Quits: zipfelkapuze (ZipfelKapuz@sorcery-cjbb6o.dynamic.kabel-deutschland.de) (Ping timeout: 121 seconds)
[14:53:56] *** Joins: zipfelkapuze (ZipfelKapuz@sorcery-cjbb6o.dynamic.kabel-deutschland.de)
[15:17:22] *** Joins: Tez (uid126444@sorcery-9pi829.brockwell.irccloud.com)
[15:56:35] *** Joins: Demisedulous (Halfway@sorcery-7pt0df.ipv6.telus.net)
[17:15:54] *** Joins: Tezca (IceChat78@sorcery-6gclr7.res.rr.com)
[17:19:04] *** Joins: Rajoguna (Rajas@sorcery-5hf.lbq.120.108.IP)
[17:19:20] <Rajoguna> I just realized how much I use rests compared to other music
[17:19:41] <Rajoguna> but the frequent rests and staccato is pretty common of trance I think.
[17:25:06] *** Quits: Tez (uid126444@sorcery-9pi829.brockwell.irccloud.com) (Quit: Connection closed for inactivity)
[18:31:02] *** Quits: randomg (randomg@sorcery-tefqtr.of2u.lih1.0380.2600.IP) (Quit: Going offline, see ya! (www.adiirc.com))
[18:46:29] *** Joins: randomg (randomg@sorcery-is2209.89op.uhe5.0402.2601.IP)
[18:50:20] *** Quits: zipfelkapuze (ZipfelKapuz@sorcery-cjbb6o.dynamic.kabel-deutschland.de) (Connection closed)
[18:54:24] *** Joins: zipfelkapuze (ZipfelKapuz@sorcery-cjbb6o.dynamic.kabel-deutschland.de)
[19:43:18] *** Quits: Rajoguna (Rajas@sorcery-5hf.lbq.120.108.IP) (Connection closed)
[20:01:43] *** Joins: Tez (uid126444@sorcery-9pi829.brockwell.irccloud.com)
[20:22:26] *** Quits: randomg (randomg@sorcery-is2209.89op.uhe5.0402.2601.IP) (Ping timeout: 121 seconds)
[20:24:26] *** Joins: randomg (randomg@sorcery-doe.ouq.170.166.IP)
[20:30:20] *** Quits: randomg (randomg@sorcery-doe.ouq.170.166.IP) (Quit: Going offline, see ya! (www.adiirc.com))
[20:32:55] *** Joins: randomg (randomg@sorcery-doe.ouq.170.166.IP)
[20:44:11] *** Quits: Demisedulous (Halfway@sorcery-7pt0df.ipv6.telus.net) (Connection closed)
[21:05:28] *** Quits: zipfelkapuze (ZipfelKapuz@sorcery-cjbb6o.dynamic.kabel-deutschland.de) (Ping timeout: 121 seconds)
[21:30:51] *** Joins: zipfelkapuze (ZipfelKapuz@sorcery-cjbb6o.dynamic.kabel-deutschland.de)
[21:59:55] *** Quits: zipfelkapuze (ZipfelKapuz@sorcery-cjbb6o.dynamic.kabel-deutschland.de) (Connection closed)
[22:16:20] *** Quits: randomg (randomg@sorcery-doe.ouq.170.166.IP) (Quit: Going offline, see ya! (www.adiirc.com))
[23:02:27] *** Joins: Demisedulous (Halfway@sorcery-7pt0df.ipv6.telus.net)
[23:51:02] *** Joins: zipfelkapuze (ZipfelKapuz@sorcery-cjbb6o.dynamic.kabel-deutschland.de)
[23:52:23] *** Joins: randomg (randomg@sorcery-pth1bb.89op.uhe5.0402.2601.IP)
