[00:04:27] *** Joins: Tez (uid126444@sorcery-gtmtht.pld0.199n.8300.2604.IP)
[00:14:17] *** Quits: trapped (trapped@the.jade.cave) (Ping timeout: 121 seconds)
[00:25:44] *** Joins: Demisedulous (Halfway@sorcery-07glfm.ca.shawcable.net)
[00:41:39] *** Quits: zipfelkapuze (ZipfelKapuz@sorcery-cjbb6o.dynamic.kabel-deutschland.de) (Connection closed)
[01:03:22] *** Joins: trapped (trapped@the.jade.cave)
[01:04:58] *** Quits: trapped (trapped@the.jade.cave) (Connection closed)
[02:57:48] *** Quits: Demisedulous (Halfway@sorcery-07glfm.ca.shawcable.net) (Ping timeout: 121 seconds)
[03:06:50] *** Quits: Sutch (Sutch@the.ebony.tower) (Quit: -)
[03:11:54] *** Joins: Demisedulous (Halfway@sorcery-07glfm.ca.shawcable.net)
[05:22:59] *** Quits: Demisedulous (Halfway@sorcery-07glfm.ca.shawcable.net) (Ping timeout: 121 seconds)
[07:48:18] *** Joins: trapped (trapped@the.jade.cave)
[08:05:34] *** Quits: Tez (uid126444@sorcery-gtmtht.pld0.199n.8300.2604.IP) (Quit: Connection closed for inactivity)
[09:03:34] *** Quits: trapped (trapped@the.jade.cave) (Connection closed)
[10:00:09] *** Joins: Demisedulous (Halfway@sorcery-07glfm.ca.shawcable.net)
[10:00:14] *** Quits: Demisedulous (Halfway@sorcery-07glfm.ca.shawcable.net) (Connection closed)
[13:44:58] *** Joins: trapped (trapped@the.jade.cave)
[14:29:46] *** Joins: Tez (uid126444@sorcery-gtmtht.pld0.199n.8300.2604.IP)
[15:20:54] *** Joins: Sutch (Sutch@the.ebony.tower)
[15:25:14] *** Joins: ramdog (randomg@sorcery-3i6.33f.231.12.IP)
[15:25:14] *** ramdog is now known as randomg
[15:34:23] *** Quits: randomg (randomg@sorcery-3i6.33f.231.12.IP) (Quit: Going offline, see ya! (www.adiirc.com))
[16:51:29] *** Joins: randomg (randomg@sorcery-3i6.33f.231.12.IP)
[17:45:35] *** Quits: Tez (uid126444@sorcery-gtmtht.pld0.199n.8300.2604.IP) (Quit: Connection closed for inactivity)
[19:05:34] *** Joins: zipfelkapuze (ZipfelKapuz@sorcery-cjbb6o.dynamic.kabel-deutschland.de)
[19:50:31] *** Quits: randomg (randomg@sorcery-3i6.33f.231.12.IP) (Quit: Going offline, see ya! (www.adiirc.com))
[19:56:00] *** Quits: zipfelkapuze (ZipfelKapuz@sorcery-cjbb6o.dynamic.kabel-deutschland.de) (Ping timeout: 121 seconds)
[20:07:49] *** Joins: zipfelkapuze (ZipfelKapuz@sorcery-cjbb6o.dynamic.kabel-deutschland.de)
[20:13:22] *** Quits: trapped (trapped@the.jade.cave) (Ping timeout: 121 seconds)
[20:17:41] *** Joins: trapped (trapped@the.jade.cave)
[21:18:03] *** Quits: trapped (trapped@the.jade.cave) (Ping timeout: 121 seconds)
[21:18:28] *** Joins: Demisedulous (Halfway@sorcery-07glfm.ca.shawcable.net)
[23:24:52] *** Quits: zipfelkapuze (ZipfelKapuz@sorcery-cjbb6o.dynamic.kabel-deutschland.de) (Connection closed)
