[00:28:35] *** Quits: zipfelkapuze (ZipfelKapuz@sorcery-cjbb6o.dynamic.kabel-deutschland.de) (Quit: Leaving)
[00:54:31] *** Quits: randomg (randomg@sorcery-pth1bb.89op.uhe5.0402.2601.IP) (Quit: Going offline, see ya! (www.adiirc.com))
[01:14:11] *** Quits: trapped (trapped@the.jade.cave) (Connection closed)
[01:14:16] *** Joins: randomg (randomg@sorcery-orhabk.mi.comcast.net)
[01:25:56] *** Quits: randomg (randomg@sorcery-orhabk.mi.comcast.net) (Quit: Going offline, see ya! (www.adiirc.com))
[01:43:52] *** Joins: FFDoftheTrumpCLan (finalfanta@sorcery-vr8h89.home.ne.jp)
[02:14:25] *** Joins: Cryophile (Cryo@probably.some.back.alley)
[03:36:13] *** Quits: Sutch (Sutch@the.ebony.tower) (Quit: -)
[04:39:24] *** Quits: Tezca (IceChat78@sorcery-6gclr7.res.rr.com) (Quit: Why is the alphabet in that order?   Is it because of that song?)
[06:05:47] *** Quits: Demisedulous (Halfway@sorcery-7pt0df.ipv6.telus.net) (Connection closed)
[07:15:09] *** Quits: Tez (uid126444@sorcery-9pi829.brockwell.irccloud.com) (Quit: Connection closed for inactivity)
[11:41:52] *** Joins: trapped (trapped@the.jade.cave)
[15:29:50] *** Joins: Tez (uid126444@sorcery-9pi829.brockwell.irccloud.com)
[15:36:38] *** Joins: Sutch (Sutch@the.ebony.tower)
[15:42:06] *** Joins: ramdog (randomg@sorcery-orhabk.mi.comcast.net)
[15:42:06] *** ramdog is now known as randomg
[16:35:52] *** Quits: Cryophile (Cryo@probably.some.back.alley) (Ping timeout: 121 seconds)
[16:36:44] *** Joins: zipfelkapuze (ZipfelKapuz@sorcery-cjbb6o.dynamic.kabel-deutschland.de)
[16:55:46] *** Quits: randomg (randomg@sorcery-orhabk.mi.comcast.net) (Quit: Going offline, see ya! (www.adiirc.com))
[17:35:10] *** Quits: Tez (uid126444@sorcery-9pi829.brockwell.irccloud.com) (Quit: Connection closed for inactivity)
[17:39:33] *** Joins: Cryophile (Cryo@probably.some.back.alley)
[18:00:52] *** Quits: Cryophile (Cryo@probably.some.back.alley) (Ping timeout: 121 seconds)
[18:52:19] *** Joins: randomg (randomg@sorcery-orhabk.mi.comcast.net)
[19:25:46] *** Joins: Demisedulous (Halfway@sorcery-tg4gu9.ipv6.telus.net)
[19:33:26] *** Joins: Tezca_ (IceChat78@sorcery-6gclr7.res.rr.com)
[19:33:26] *** Joins: Tezca (IceChat78@sorcery-6gclr7.res.rr.com)
[19:33:41] *** Quits: Tezca_ (IceChat78@sorcery-6gclr7.res.rr.com) (Quit: We be chillin - IceChat style)
[20:42:07] *** Quits: Tezca (IceChat78@sorcery-6gclr7.res.rr.com) (Ping timeout: 121 seconds)
[20:52:46] *** Quits: randomg (randomg@sorcery-orhabk.mi.comcast.net) (Quit: Going offline, see ya! (www.adiirc.com))
[21:41:21] *** Joins: Tez (uid126444@sorcery-9pi829.brockwell.irccloud.com)
[22:10:18] *** Quits: Demisedulous (Halfway@sorcery-tg4gu9.ipv6.telus.net) (Ping timeout: 121 seconds)
[22:27:35] *** Joins: Demisedulous (Halfway@sorcery-tg4gu9.ipv6.telus.net)
[23:04:17] *** Joins: randomg (randomg@sorcery-orhabk.mi.comcast.net)
[23:44:03] *** Quits: randomg (randomg@sorcery-orhabk.mi.comcast.net) (Quit: Going offline, see ya! (www.adiirc.com))
