[01:45:13] *** Joins: Tez (uid126444@sorcery-9pi829.brockwell.irccloud.com)
[01:57:43] *** Quits: randomg (randomg@sorcery-orhabk.mi.comcast.net) (Quit: Going offline, see ya! (www.adiirc.com))
[03:26:20] *** Joins: randomg (randomg@sorcery-orhabk.mi.comcast.net)
[03:28:23] *** Quits: Sutch (Sutch@the.ebony.tower) (Quit: -)
[04:10:13] *** Quits: randomg (randomg@sorcery-orhabk.mi.comcast.net) (Quit: Going offline, see ya! (www.adiirc.com))
[06:04:57] *** Quits: Tez (uid126444@sorcery-9pi829.brockwell.irccloud.com) (Quit: Connection closed for inactivity)
[08:11:12] *** Joins: trapped (trapped@the.jade.cave)
[09:10:46] *** Quits: trapped (trapped@the.jade.cave) (Connection closed)
[10:33:16] *** Quits: Demisedulous (Halfway@sorcery-tg4gu9.ipv6.telus.net) (Ping timeout: 121 seconds)
[12:20:24] *** Joins: trapped (trapped@the.jade.cave)
[12:21:57] *** Quits: trapped (trapped@the.jade.cave) (Quit: int random { /* ensure randomness */ return 3; })
[12:22:15] *** Joins: trapped (trapped@the.jade.cave)
[13:26:15] *** Joins: randomg (randomg@sorcery-3i6.33f.231.12.IP)
[14:18:05] *** Joins: Tez (uid126444@sorcery-9pi829.brockwell.irccloud.com)
[14:42:12] *** Quits: randomg (randomg@sorcery-3i6.33f.231.12.IP) (Quit: Going offline, see ya! (www.adiirc.com))
[14:52:32] *** Joins: randomg (randomg@sorcery-3i6.33f.231.12.IP)
[15:45:56] *** Joins: Sutch (Sutch@sorcery-c7nn3k.range86-142.btcentralplus.com)
[15:45:56] *** Quits: Sutch (Sutch@sorcery-c7nn3k.range86-142.btcentralplus.com) (Changing host)
[15:45:56] *** Joins: Sutch (Sutch@the.ebony.tower)
[15:52:03] *** Joins: trapped_ (trapped@the.jade.cave)
[15:52:04] *** Quits: trapped (trapped@the.jade.cave) (Connection closed)
[15:52:32] *** trapped_ is now known as trapped
[17:37:58] *** Joins: jaaso (jaaso@sorcery-rthf06.fios.verizon.net)
[17:46:07] *** Quits: jaaso (jaaso@sorcery-rthf06.fios.verizon.net) (Quit: Leaving)
[18:01:22] *** Quits: randomg (randomg@sorcery-3i6.33f.231.12.IP) (Quit: Going offline, see ya! (www.adiirc.com))
[18:12:50] *** Joins: randomg (randomg@sorcery-91c.5l1.91.96.IP)
[18:26:21] *** Joins: zipfelkapuze (ZipfelKapuz@sorcery-cjbb6o.dynamic.kabel-deutschland.de)
[18:40:12] *** Joins: Sutchykins (Sutch@sorcery-c7nn3k.range86-142.btcentralplus.com)
[18:42:44] *** Quits: Sutch (Sutch@the.ebony.tower) (Ping timeout: 121 seconds)
[18:49:11] *** Quits: Sutchykins (Sutch@sorcery-c7nn3k.range86-142.btcentralplus.com) (Changing host)
[18:49:11] *** Joins: Sutchykins (Sutch@the.ebony.tower)
[18:49:49] *** Quits: zipfelkapuze (ZipfelKapuz@sorcery-cjbb6o.dynamic.kabel-deutschland.de) (Connection closed)
[19:03:31] *** Quits: randomg (randomg@sorcery-91c.5l1.91.96.IP) (Ping timeout: 121 seconds)
[19:14:53] *** Joins: Sutch (Sutch@the.ebony.tower)
[19:17:17] *** Quits: Sutchykins (Sutch@the.ebony.tower) (Ping timeout: 121 seconds)
[19:20:22] *** Joins: randomg (randomg@sorcery-3i6.33f.231.12.IP)
[20:45:00] *** Quits: Tez (uid126444@sorcery-9pi829.brockwell.irccloud.com) (Quit: Connection closed for inactivity)
[21:52:33] *** Joins: Tez (uid126444@sorcery-9pi829.brockwell.irccloud.com)
[22:28:30] *** Joins: zipfelkapuze (ZipfelKapuz@sorcery-cjbb6o.dynamic.kabel-deutschland.de)
[22:42:52] *** Quits: randomg (randomg@sorcery-3i6.33f.231.12.IP) (Quit: Going offline, see ya! (www.adiirc.com))
