[00:15:48] *** Joins: Tez (uid126444@sorcery-9pi829.brockwell.irccloud.com)
[00:36:35] *** Quits: trapped (trapped@the.jade.cave) (Connection closed)
[00:40:58] *** Joins: Tezca (IceChat78@sorcery-6gclr7.res.rr.com)
[00:44:43] *** Quits: zipfelkapuze (ZipfelKapuz@sorcery-cjbb6o.dynamic.kabel-deutschland.de) (Connection closed)
[03:07:55] *** Quits: Sutch (Sutch@the.ebony.tower) (Quit: -)
[03:12:17] *** Quits: Tezca (IceChat78@sorcery-6gclr7.res.rr.com) (Ping timeout: 121 seconds)
[08:06:29] *** Joins: trapped (trapped@the.jade.cave)
[08:11:03] *** Joins: trapped_ (trapped@the.jade.cave)
[08:11:03] *** Quits: trapped (trapped@the.jade.cave) (Connection closed)
[09:12:26] *** Quits: trapped_ (trapped@the.jade.cave) (Connection closed)
[09:54:27] *** Quits: Tez (uid126444@sorcery-9pi829.brockwell.irccloud.com) (Quit: Connection closed for inactivity)
[12:14:51] *** Joins: randomg (randomg@sorcery-orhabk.mi.comcast.net)
[12:48:18] *** Quits: randomg (randomg@sorcery-orhabk.mi.comcast.net) (Quit: Going offline, see ya! (www.adiirc.com))
[13:25:42] *** Joins: trapped (trapped@the.jade.cave)
[13:29:35] *** Joins: trapped_ (trapped@the.jade.cave)
[13:29:35] *** Quits: trapped (trapped@the.jade.cave) (Connection closed)
[14:19:42] *** Joins: Tez (uid126444@sorcery-9pi829.brockwell.irccloud.com)
[14:24:53] *** Joins: randomg (randomg@sorcery-3i6.33f.231.12.IP)
[14:56:12] *** Joins: Sutch (Sutch@the.ebony.tower)
[15:01:09] *** trapped_ is now known as trapped
[15:09:15] *** Joins: zipfelkapuze (ZipfelKapuz@sorcery-cjbb6o.dynamic.kabel-deutschland.de)
[16:33:20] *** Quits: randomg (randomg@sorcery-3i6.33f.231.12.IP) (Quit: Going offline, see ya! (www.adiirc.com))
[16:58:52] *** Joins: randomg (randomg@sorcery-p75vgg.01ka.8tfp.0380.2600.IP)
[18:05:28] *** Quits: randomg (randomg@sorcery-p75vgg.01ka.8tfp.0380.2600.IP) (Quit: Going offline, see ya! (www.adiirc.com))
[18:14:27] *** Quits: Tez (uid126444@sorcery-9pi829.brockwell.irccloud.com) (Quit: Connection closed for inactivity)
[18:14:55] *** Joins: Tez (uid126444@sorcery-9pi829.brockwell.irccloud.com)
[18:29:58] *** Joins: randomg (randomg@sorcery-3i6.33f.231.12.IP)
[19:07:28] *** Quits: zipfelkapuze (ZipfelKapuz@sorcery-cjbb6o.dynamic.kabel-deutschland.de) (Ping timeout: 121 seconds)
[19:15:53] *** Joins: zipfelkapuze (ZipfelKapuz@sorcery-cjbb6o.dynamic.kabel-deutschland.de)
[21:26:51] *** Quits: randomg (randomg@sorcery-3i6.33f.231.12.IP) (Quit: Going offline, see ya! (www.adiirc.com))
[21:33:54] *** Joins: randomg (randomg@sorcery-3i6.33f.231.12.IP)
[21:40:18] *** Quits: randomg (randomg@sorcery-3i6.33f.231.12.IP) (Quit: Going offline, see ya! (www.adiirc.com))
[22:24:27] *** Quits: Tez (uid126444@sorcery-9pi829.brockwell.irccloud.com) (Quit: Connection closed for inactivity)
[23:18:47] *** Joins: Tezca (IceChat78@sorcery-6gclr7.res.rr.com)
[23:33:35] *** Quits: zipfelkapuze (ZipfelKapuz@sorcery-cjbb6o.dynamic.kabel-deutschland.de) (Connection closed)
[23:47:26] *** Quits: trapped (trapped@the.jade.cave) (Connection closed)
