[01:10:30] *** Issy is now known as Sein
[01:21:10] *** Joins: ankh (liam@sorcery-jcvdlg.range86-136.btcentralplus.com)
[01:48:39] *** Quits: ankh (liam@sorcery-jcvdlg.range86-136.btcentralplus.com) (Ping timeout: 121 seconds)
[08:32:38] *** Quits: Sein (random@sorcery-p29.dpl.153.50.IP) (Connection closed)
[10:48:00] *** Joins: Sein (random@sorcery-p29.dpl.153.50.IP)
[11:25:21] *** Quits: Sein (random@sorcery-p29.dpl.153.50.IP) (Ping timeout: 121 seconds)
[11:38:06] *** Joins: Sein (random@sorcery-imq.5i5.153.50.IP)
[12:08:49] *** Joins: ankh (liam@sorcery-478olv.w3.org)
[12:09:50] *** ankh is now known as Guest20305
[12:10:30] *** Guest20305 is now known as ankh
[13:06:28] *** Quits: ankh (liam@sorcery-478olv.w3.org) (Quit: lunch)
[13:36:42] *** Quickshot is now known as Quickshot-afk
[13:40:33] *** Quits: Sein (random@sorcery-imq.5i5.153.50.IP) (Ping timeout: 121 seconds)
[13:41:02] *** Joins: RandomX45 (random@sorcery-iud.jv4.153.50.IP)
[13:41:08] *** RandomX45 is now known as Sein
[14:21:58] *** Joins: ankh (liam@sorcery-478olv.w3.org)
[16:14:12] *** Quits: ankh (liam@sorcery-478olv.w3.org) (Ping timeout: 121 seconds)
[16:51:49] *** Joins: ankh (liam@sorcery-478olv.w3.org)
[18:28:02] *** Quits: ankh (liam@sorcery-478olv.w3.org) (Quit: bbl prolly)
[21:17:05] *** Quickshot-afk is now known as Quickshot
