[03:33:46] *** Quits: Sein (random@sorcery-69d.ilt.81.73.IP) (Ping timeout: 121 seconds)
[03:39:43] *** Joins: Sein (random@sorcery-c16.hvn.81.73.IP)
[04:10:46] *** Sein is now known as Cyberchu
[04:15:56] *** Cyberchu is now known as Sein_is_tired
[09:47:02] *** Awaythysius is now known as Aethysius
[14:59:21] *** Quits: Sein_is_tired (random@sorcery-c16.hvn.81.73.IP) (Ping timeout: 121 seconds)
[15:00:20] *** Joins: Sein_is_tired (random@sorcery-c16.hvn.81.73.IP)
[15:33:25] *** Quits: Sein_is_tired (random@sorcery-c16.hvn.81.73.IP) (Ping timeout: 121 seconds)
[15:38:06] *** Quits: ^Faye^ (pbrigade@aesir.sorcery.net) (*.net *.split)
[15:38:25] *** Joins: ^Faye^ (pbrigade@aesir.sorcery.net)
[15:46:19] *** Joins: Sein_is_tired (random@sorcery-c16.hvn.81.73.IP)
[16:08:25] *** Quits: ^Faye^ (pbrigade@aesir.sorcery.net) (*.net *.split)
[16:09:02] *** Joins: ^Faye^ (pbrigade@aesir.sorcery.net)
[16:22:36] *** Quits: ^Faye^ (pbrigade@aesir.sorcery.net) (*.net *.split)
[16:22:52] *** Joins: ^Faye^ (pbrigade@aesir.sorcery.net)
[16:36:03] *** Joins: Lapthysius (Aethysius@Heywood.Jablome)
[16:36:06] *** ChanServ sets mode: +v Lapthysius
[16:38:19] *** Quits: Aethysius (Aethysius@Heywood.Jablome) (NickServ (GHOST command used by Lapthysius))
[16:38:19] *** Lapthysius is now known as Aethysius
[19:43:44] *** Aethysius is now known as Awaythysius
[21:38:43] *** Joins: Hawk_v3 (Hawk@sorcery-7khmfk.cable.virginm.net)
[22:02:11] *** Quits: Hawk_v3 (Hawk@sorcery-7khmfk.cable.virginm.net) (Quit: Leaving)
[22:09:43] *** Sein_is_tired is now known as Sein
