[01:38:09] *** Joins: Thunderguy (thunderguy@sorcery-5cfg9f.at.cox.net)
[01:38:09] *** ChanServ sets mode: +v Thunderguy
[01:40:25] *** Quits: Sein (random@sorcery-e1e.q2f.81.73.IP) (Ping timeout: 121 seconds)
[01:53:25] *** Joins: Sein (random@sorcery-e1e.q2f.81.73.IP)
[02:58:28] *** Awaythysius is now known as Aethysius
[05:36:06] *** Aethysius is now known as Awaythysius
[05:57:04] *** Joins: sheenobu (sheenobu@sorcery-jsddm4.hs.gigamonster.net)
[06:22:27] *** Quits: Thunderguy (thunderguy@sorcery-5cfg9f.at.cox.net) (Ping timeout: 121 seconds)
[07:00:07] *** Joins: Thunderguy (thunderguy@sorcery-5cfg9f.at.cox.net)
[07:44:45] *** Quits: sheenobu (sheenobu@sorcery-jsddm4.hs.gigamonster.net) (Ping timeout: 121 seconds)
[08:00:02] *** Joins: sheenobu (sheenobu@sorcery-jsddm4.hs.gigamonster.net)
[11:29:41] *** Quickshot is now known as Quickshot-afk
[13:07:24] *** Quits: sheenobu (sheenobu@sorcery-jsddm4.hs.gigamonster.net) (Quit: Leaving)
[13:40:05] *** Quits: Sein (random@sorcery-e1e.q2f.81.73.IP) (Ping timeout: 121 seconds)
[13:53:26] *** Joins: Sein (random@sorcery-b13.7s6.81.73.IP)
[16:05:51] *** Joins: Lapthysius (Aethysius@Heywood.Jablome)
[16:05:51] *** ChanServ sets mode: +v Lapthysius
[16:08:44] *** Quits: Awaythysius (Aethysius@Heywood.Jablome) (Ping timeout: 121 seconds)
[18:36:45] *** Quits: ^Faye^ (pbrigade@aesir.sorcery.net) (*.net *.split)
[20:02:15] *** Joins: ^Faye^ (pbrigade@sorcery-jdr9jf.dreamhost.com)
[20:03:02] *** Quits: ^Faye^ (pbrigade@sorcery-jdr9jf.dreamhost.com) (Changing host)
[20:03:02] *** Joins: ^Faye^ (pbrigade@aesir.sorcery.net)
[21:36:12] *** Quickshot-afk is now known as Quickshot
[23:45:22] *** Quits: Lapthysius (Aethysius@Heywood.Jablome) (Quit: I am exiting this session of multiplayer Notepad.)
[23:46:13] *** Joins: Aethysius (Aethysius@Heywood.Jablome)
[23:46:13] *** ChanServ sets mode: +v Aethysius
[23:46:48] *** Quits: Aethysius (Aethysius@Heywood.Jablome) (Connection closed)
[23:48:18] *** Joins: Aethysius (Aethysius@Heywood.Jablome)
[23:48:18] *** ChanServ sets mode: +v Aethysius
