[06:10:18] *** Quits: Sein (random@sorcery-890.6vf.153.50.IP) (Ping timeout: 121 seconds)
[06:23:27] *** Joins: Sein (random@sorcery-890.6vf.153.50.IP)
[07:43:58] *** Joins: sheenobu (sheenobu@sorcery-jsddm4.hs.gigamonster.net)
[08:45:45] *** Fragosaurus is now known as TogaFrag
[09:44:42] *** Quits: Mloc (mloc@teach.tabhairne) (Ping timeout: 121 seconds)
[09:44:52] *** Quits: Apple_Master (apples@fallemmc.com) (Ping timeout: 121 seconds)
[10:15:59] *** Joins: ankh (liam@sorcery-b3l.dms.234.85.IP)
[10:34:01] *** Joins: Mloc (mloc@teach.tabhairne)
[10:34:01] *** Joins: MrApples (apples@sorcery-4cgni5.rvj2.45gp.41d0.2001.IP)
[10:34:21] *** Quits: Mloc (mloc@teach.tabhairne) (Quit: poof)
[10:34:21] *** Quits: MrApples (apples@sorcery-4cgni5.rvj2.45gp.41d0.2001.IP) (Connection closed)
[10:59:53] *** Quits: ankh (liam@sorcery-b3l.dms.234.85.IP) (Quit: the final 100 metres)
[11:05:36] *** Joins: Apple_Master (apples@sorcery-3pcqfr.infinitive.co.uk)
[11:05:37] *** Quits: Apple_Master (apples@sorcery-3pcqfr.infinitive.co.uk) (Changing host)
[11:05:37] *** Joins: Apple_Master (apples@fallemmc.com)
[11:11:48] *** Joins: Mloc (mloc@sorcery-4cgni5.rvj2.45gp.41d0.2001.IP)
[11:11:50] *** Quits: Mloc (mloc@sorcery-4cgni5.rvj2.45gp.41d0.2001.IP) (Changing host)
[11:11:50] *** Joins: Mloc (mloc@teach.tabhairne)
[12:31:46] *** Joins: ankh (liam@sorcery-jcvdlg.range86-136.btcentralplus.com)
[13:07:03] *** Quits: ankh (liam@sorcery-jcvdlg.range86-136.btcentralplus.com) (Ping timeout: 121 seconds)
[13:10:58] *** Joins: ankh (liam@sorcery-jcvdlg.range86-136.btcentralplus.com)
[14:56:36] *** Quits: Neoburner (Neoburner@sorcery-pdsg09.com) (Server shutdown)
[14:56:36] *** Quits: StarThorn (topher@crucible.lab13.org) (Server shutdown)
[14:56:36] *** Quits: TogaFrag (frag@sorcery-9fd.rd5.203.159.IP) (Server shutdown)
[14:56:36] *** Quits: Guest3541 (Disorganize@sorcery-21auju.compute.amazonaws.com) (Server shutdown)
[14:56:36] *** Quits: Ccomp5950 (ccomp5950@totally.not.a.bot) (Server shutdown)
[14:56:37] *** Joins: Fragmint (frag@sorcery-9fd.rd5.203.159.IP)
[14:56:37] *** ChanServ sets mode: +o Fragmint
[14:56:38] *** Joins: StarThorn (topher@sorcery-kerlt1.lab13.org)
[14:56:40] *** Joins: Neoburner (Neoburner@sorcery-pdsg09.com)
[14:57:08] *** Joins: Disorganized (Disorganize@sorcery-21auju.compute.amazonaws.com)
[14:57:41] *** Disorganized is now known as Guest37478
[14:59:59] *** Joins: ccomp5950 (ccomp5950@sorcery-7todds.sorcery.net)
[15:00:02] *** Quits: ccomp5950 (ccomp5950@sorcery-7todds.sorcery.net) (Connection closed)
[15:00:35] *** Joins: ccomp5950 (ccomp5950@totally.not.a.bot)
[15:02:36] *** ccomp5950 is now known as Ccomp5950
[15:11:23] *** Quits: ankh (liam@sorcery-jcvdlg.range86-136.btcentralplus.com) (Ping timeout: 121 seconds)
[16:38:38] *** Quits: Sein (random@sorcery-890.6vf.153.50.IP) (Ping timeout: 121 seconds)
[16:51:45] *** Joins: Sein (random@sorcery-890.6vf.153.50.IP)
[17:09:53] *** ChanServ sets mode: +o StarThorn
[17:10:02] *** Quits: StarThorn (topher@sorcery-kerlt1.lab13.org) (Changing host)
[17:10:02] *** Joins: StarThorn (topher@crucible.lab13.org)
[17:10:02] *** gaia.sorcery.net sets mode: +o StarThorn
[17:31:40] *** Lapthysius is now known as Aethysius
[17:46:03] *** Joins: ankh (liam@sorcery-jcvdlg.range86-136.btcentralplus.com)
[18:03:16] *** Quits: ankh (liam@sorcery-jcvdlg.range86-136.btcentralplus.com) (Ping timeout: 121 seconds)
[18:10:15] *** Quits: Sein (random@sorcery-890.6vf.153.50.IP) (Ping timeout: 121 seconds)
[18:15:53] *** Joins: ankh (liam@sorcery-jcvdlg.range86-136.btcentralplus.com)
[18:23:41] *** Joins: Sein (random@sorcery-smj.h1u.153.50.IP)
[20:36:57] *** Quits: [R] (rstamer@sorcery-u4rrd1.org) (Ping timeout: 121 seconds)
[21:09:15] *** Joins: [R] (rstamer@sorcery-u4rrd1.org)
[21:09:15] *** ChanServ sets mode: +v [R]
[22:06:59] *** Quits: Sein (random@sorcery-smj.h1u.153.50.IP) (Quit: Leaving)
