[00:34:29] *** Joins: warsoul (warsoul@sorcery-05v8i3.fl.comcast.net)
[01:29:09] *** Quits: warsoul (warsoul@sorcery-05v8i3.fl.comcast.net) (Changing host)
[01:29:09] *** Joins: warsoul (warsoul@war.soul)
[02:03:30] *** Quits: ^Faye^ (pbrigade@aesir.sorcery.net) (*.net *.split)
[02:15:49] *** Quits: warsoul (warsoul@war.soul) (Quit: )
[02:18:15] *** Joins: warsoul (warsoul@war.soul)
[03:33:35] *** Quits: Sein (random@sorcery-c16.hvn.81.73.IP) (Ping timeout: 121 seconds)
[03:47:06] *** Joins: Sein (random@sorcery-84u.ofe.81.73.IP)
[04:48:40] *** Quits: Ikarus (ufo@sorcery-60v6eb.adsl.xs4all.nl) (*.net *.split)
[04:49:52] *** Joins: Ikarus (ufo@sorcery-60v6eb.adsl.xs4all.nl)
[04:50:53] *** Ikarus is now known as Guest35179
[06:12:11] *** Quits: tycel (tycel2004@sorcery-7ktaf7.fidnet.com) (Connection closed)
[06:56:22] *** Quits: Sein (random@sorcery-84u.ofe.81.73.IP) (Ping timeout: 121 seconds)
[06:58:46] *** Joins: Sein (random@sorcery-84u.ofe.81.73.IP)
[07:46:31] *** Awaythysius is now known as Aethysius
[12:28:36] *** Aethysius is now known as Awaythysius
[13:10:12] *** Joins: Lapthysius (Aethysius@Heywood.Jablome)
[13:10:12] *** ChanServ sets mode: +v Lapthysius
[13:13:04] *** Quits: Awaythysius (Aethysius@Heywood.Jablome) (Ping timeout: 121 seconds)
[15:33:59] *** Quits: Sein (random@sorcery-84u.ofe.81.73.IP) (Ping timeout: 121 seconds)
[15:46:51] *** Joins: Sein (random@sorcery-db4.eq0.81.73.IP)
[16:38:46] *** Quickshot changes topic to 'Have you tested linux 4.6 yet? Or gcc-5.3? - Have a question? Just ask - Paste: http://pastebin.com - <Broekie> Cue big flashing USER ERROR lights.'
[23:06:06] *** Quits: Lapthysius (Aethysius@Heywood.Jablome) (Ping timeout: 121 seconds)
[23:21:35] *** Joins: Aethysius (Aethysius@Heywood.Jablome)
[23:21:35] *** ChanServ sets mode: +v Aethysius
