[00:48:47] *** Cloud_Frag is now known as CrippledFrag
[00:55:37] *** Joins: RandomX45 (random@sorcery-t99.h1u.153.50.IP)
[00:55:43] *** RandomX45 is now known as Issy
[02:15:45] *** Quits: Vicarious (diepfriet@sorcery-imt8eu.icario.us) (Ping timeout: 121 seconds)
[04:02:49] *** Quits: Aethysius (Aethysius@Heywood.Jablome) (Ping timeout: 121 seconds)
[04:04:44] *** Joins: Aethysius (Aethysius@Heywood.Jablome)
[04:04:44] *** ChanServ sets mode: +v Aethysius
[05:09:51] *** Joins: Vicarious (diepfriet@sorcery-imt8eu.icario.us)
[06:06:10] *** Joins: Lapthysius (Aethysius@Heywood.Jablome)
[06:06:10] *** ChanServ sets mode: +v Lapthysius
[06:07:54] *** Quits: Aethysius (Aethysius@Heywood.Jablome) (Ping timeout: 121 seconds)
[06:09:27] *** Quits: Issy (random@sorcery-t99.h1u.153.50.IP) (Ping timeout: 121 seconds)
[06:13:01] *** Quits: Lapthysius (Aethysius@Heywood.Jablome) (Quit: I am exiting this session of multiplayer Notepad.)
[06:13:17] *** Joins: Aethysius (Aethysius@Heywood.Jablome)
[06:13:17] *** ChanServ sets mode: +v Aethysius
[06:23:07] *** Joins: Issy (random@sorcery-t99.h1u.153.50.IP)
[13:24:50] *** Joins: Nick85287 (5a9326ff9c@sorcery-olavte.user.ono.com)
[13:26:43] *** Quits: Nick85287 (5a9326ff9c@sorcery-olavte.user.ono.com) (Quit: Adiós a todos!)
[15:44:42] *** Joins: `Zephyr (Zephyr@sorcery-56k.r9h.106.27.IP)
[15:44:49] *** Parts: `Zephyr (Zephyr@sorcery-56k.r9h.106.27.IP) ()
[17:59:07] *** Quits: Aethysius (Aethysius@Heywood.Jablome) (Quit: I am exiting this session of multiplayer Notepad.)
[18:09:55] *** Quits: Issy (random@sorcery-t99.h1u.153.50.IP) (Ping timeout: 121 seconds)
[18:23:37] *** Joins: Issy (random@sorcery-p4f.25n.153.50.IP)
[20:15:03] *** Joins: Escovan (Escovan@sorcery-n6prqj.prutsplek.nl)
