[00:38:31] *** Quits: Sein (random@sorcery-34m.um0.153.50.IP) (Ping timeout: 121 seconds)
[00:52:07] *** Joins: Sein (random@sorcery-ln7.1j5.153.50.IP)
[01:42:09] *** Quits: ankh (liam@sorcery-jcvdlg.range86-136.btcentralplus.com) (Quit: sleep)
[11:12:05] *** Joins: ankh (liam@sorcery-478olv.w3.org)
[11:32:42] *** Awaythysius is now known as Aethysius
[12:08:49] *** Joins: Lapthysius (Aethysius@Heywood.Jablome)
[12:08:49] *** ChanServ sets mode: +v Lapthysius
[12:09:13] *** Quits: Lapthysius (Aethysius@Heywood.Jablome) (Connection closed)
[12:09:40] *** Joins: Lapthysius (Aethysius@Heywood.Jablome)
[12:09:40] *** ChanServ sets mode: +v Lapthysius
[12:11:27] *** Quits: Aethysius (Aethysius@Heywood.Jablome) (Ping timeout: 121 seconds)
[12:12:00] *** Lapthysius is now known as Aethysius
[12:39:00] *** Quits: Sein (random@sorcery-ln7.1j5.153.50.IP) (Ping timeout: 121 seconds)
[12:52:41] *** Joins: Sein (random@sorcery-bhg.1j5.153.50.IP)
[13:04:40] *** Quits: ankh (liam@sorcery-478olv.w3.org) (Ping timeout: 121 seconds)
[14:14:27] *** Joins: ankh (liam@sorcery-478olv.w3.org)
[15:01:57] *** Sein is now known as Recon
[16:11:57] *** Quits: Aethysius (Aethysius@Heywood.Jablome) (Connection closed)
[16:12:17] *** Joins: Aethysius (Aethysius@Heywood.Jablome)
[16:12:17] *** ChanServ sets mode: +v Aethysius
[16:29:09] *** Recon is now known as Sein
[17:13:31] *** Quits: ankh (liam@sorcery-478olv.w3.org) (Quit: bbl)
[17:19:07] *** Sein is now known as Recon
[17:38:58] *** Quits: Recon (random@sorcery-bhg.1j5.153.50.IP) (Ping timeout: 121 seconds)
[17:51:00] *** Joins: Recon (random@sorcery-tvj.dle.81.73.IP)
[18:24:11] *** Recon is now known as Sein
[19:16:42] *** Sein is now known as Recon
[19:51:35] *** Joins: ankh (liam@sorcery-qqeksf.as43234.net)
[23:23:50] *** Recon is now known as Sein
[23:56:21] *** Quits: sheenobu (sheenobu@sorcery-jsddm4.hs.gigamonster.net) (Connection closed)
[23:57:41] *** Joins: sheenobu (sheenobu@sorcery-jsddm4.hs.gigamonster.net)
