[00:43:14] *** Joins: ankh (liam@sorcery-sbu.1mf.35.174.IP)
[02:37:32] * Cloud_Frag sips his evening coffee
[02:49:44] <Quickshot> Good evening then
[02:58:59] <ankh> may the seventh earring of the lost mermaid of antioch fall into your coffee and bring good luck and prosperity and five thousand truckloads of clean argyle sheep-wool socks.
[03:07:14] *** Recon is now known as Sein
[03:23:07] <Quickshot> That should be enough socks to last one awhile
[03:43:02] <ankh> :D you can never have too many
[04:03:27] *** Quits: Sein (random@sorcery-43o.25n.153.50.IP) (Ping timeout: 121 seconds)
[04:16:53] *** Joins: Sein (random@sorcery-olg.jv4.153.50.IP)
[09:06:00] <Ikarus> too many socks ? mmm, too many white ones though
[09:08:36] <ankh> good point
[13:27:48] *** Quits: Mloc (mloc@teach.tabhairne) (Quit: poof)
[13:28:11] *** Joins: Mloc (mloc@teach.tabhairne)
[13:30:00] *** Quits: Neoburner (Neoburner@sorcery-pdsg09.com) (Ping timeout: 121 seconds)
[13:30:49] *** Joins: Neoburner (Neoburner@sorcery-pdsg09.com)
[14:53:21] *** Quits: Karolis2011 (Karolis@th-166-235.splius.lt) (Ping timeout: 121 seconds)
[14:53:56] *** Joins: Karolis2011 (Karolis@sorcery-dl99hq.stepanekjakub.cz)
[14:54:55] *** Karolis2011 is now known as Guest13777
[14:55:56] *** Guest13777 is now known as Karolis
[14:56:11] *** Quits: Karolis (Karolis@sorcery-dl99hq.stepanekjakub.cz) (Changing host)
[14:56:11] *** Joins: Karolis (Karolis@th-166-235.splius.lt)
[14:56:14] *** Karolis is now known as Karolis2011
[16:03:22] *** Quits: Sein (random@sorcery-olg.jv4.153.50.IP) (Ping timeout: 121 seconds)
[16:16:49] *** Joins: Sein (random@sorcery-qmc.4of.153.50.IP)
