[01:24:29] *** Quits: Quickshot (Quickshot@sorcery-3a8u0v.l2ae.08va.0981.2001.IP) (Ping timeout: 121 seconds)
[01:34:37] *** Joins: Quickshot (Quickshot@sorcery-3a8u0v.l2ae.08va.0981.2001.IP)
[01:34:37] *** ChanServ sets mode: +o Quickshot
[01:49:24] *** Quits: StarThorn (topher@crucible.lab13.org) (Ping timeout: 121 seconds)
[01:50:25] *** Joins: StarThorn (topher@sorcery-kerlt1.lab13.org)
[03:15:04] *** Joins: ankh (liam@sorcery-sbu.1mf.35.174.IP)
[03:24:54] *** Quits: Sein (random@sorcery-rm9.r43.81.73.IP) (Quit: Leaving)
[04:44:50] *** Quits: Aethysius (Aethysius@Heywood.Jablome) (Quit: I am exiting this session of multiplayer Notepad.)
[08:48:32] *** Joins: Aethysius (Aethysius@Heywood.Jablome)
[08:48:32] *** ChanServ sets mode: +v Aethysius
[09:02:11] *** Quits: Aethysius (Aethysius@Heywood.Jablome) (Quit: I am exiting this session of multiplayer Notepad.)
[09:02:27] *** Joins: Aethysius (Aethysius@Heywood.Jablome)
[09:02:27] *** ChanServ sets mode: +v Aethysius
[09:21:36] *** Joins: Lapthysius (Aethysius@Heywood.Jablome)
[09:21:36] *** ChanServ sets mode: +v Lapthysius
[09:21:43] *** Quits: Aethysius (Aethysius@Heywood.Jablome) (NickServ (GHOST command used by Lapthysius))
[09:21:43] *** Lapthysius is now known as Aethysius
[09:22:15] *** Quits: [R] (rstamer@sorcery-u4rrd1.org) (*.net *.split)
[09:22:15] *** Quits: Thunderguy (thunderguy@sorcery-5cfg9f.at.cox.net) (*.net *.split)
[09:22:15] *** Quits: ankh (liam@sorcery-sbu.1mf.35.174.IP) (*.net *.split)
[09:22:15] *** Quits: GreekFrag (frag@sorcery-9fd.rd5.203.159.IP) (*.net *.split)
[09:22:15] *** Quits: Neoburner (Neoburner@sorcery-pdsg09.com) (*.net *.split)
[09:22:15] *** Quits: Apple_Master (apples@fallemmc.com) (*.net *.split)
[09:23:31] *** Joins: GreekFrag (frag@sorcery-9fd.rd5.203.159.IP)
[09:23:31] *** Joins: Apple_Master (apples@fallemmc.com)
[09:23:31] *** Joins: Thunderguy (thunderguy@sorcery-5cfg9f.at.cox.net)
[09:23:31] *** Joins: [R] (rstamer@sorcery-u4rrd1.org)
[09:23:31] *** Joins: Neoburner (Neoburner@sorcery-pdsg09.com)
[09:23:31] *** Joins: ankh (liam@sorcery-sbu.1mf.35.174.IP)
[09:23:31] *** Joins: 785ADTO2V (Aethysius@Heywood.Jablome)
[09:23:31] *** ember.sorcery.net sets mode: +ovvv GreekFrag Thunderguy [R] 785ADTO2V
[09:24:06] *** Quits: 785ADTO2V (Aethysius@Heywood.Jablome) (Ping timeout: 121 seconds)
[11:33:22] *** Aethysius is now known as Awaythysius
[15:59:36] *** ChanServ sets mode: +o StarThorn
[15:59:55] *** Quits: StarThorn (topher@sorcery-kerlt1.lab13.org) (Changing host)
[15:59:55] *** Joins: StarThorn (topher@crucible.lab13.org)
[15:59:55] *** gaia.sorcery.net sets mode: +o StarThorn
[17:29:45] *** Awaythysius is now known as Aethysius
[18:41:18] *** Joins: sheenobu (sheenobu@sorcery-jsddm4.hs.gigamonster.net)
[18:53:05] *** Quits: sheenobu (sheenobu@sorcery-jsddm4.hs.gigamonster.net) (Connection closed)
[19:00:50] *** Joins: sheenobu (sheenobu@sorcery-jsddm4.hs.gigamonster.net)
[20:23:35] *** Joins: RobinStamer (rstamer@sorcery-u4rrd1.org)
[20:23:35] *** ChanServ sets mode: +v RobinStamer
[20:23:47] *** Quits: [R] (rstamer@sorcery-u4rrd1.org) (Ping timeout: 121 seconds)
[22:12:38] *** Quits: sheenobu (sheenobu@sorcery-jsddm4.hs.gigamonster.net) (Ping timeout: 121 seconds)
[22:23:30] *** Joins: RandomX45 (random@sorcery-r2d.vpu.81.73.IP)
[22:23:37] *** RandomX45 is now known as Sein
[22:27:52] *** Joins: sheenobu (sheenobu@sorcery-jsddm4.hs.gigamonster.net)
[22:28:42] <Quickshot> Hm
