[00:22:15] *** Quits: Ccomp5950 (ccomp5950@totally.not.a.bot) (*.net *.split)
[00:22:15] *** Quits: sheenobu (sheenobu@sorcery-jsddm4.hs.gigamonster.net) (*.net *.split)
[00:22:15] *** Quits: Sein (random@sorcery-l06.dle.81.73.IP) (*.net *.split)
[00:22:15] *** Quits: ^Faye^ (pbrigade@aesir.sorcery.net) (*.net *.split)
[00:23:02] *** Joins: Ccomp5950 (ccomp5950@totally.not.a.bot)
[00:23:02] *** Joins: sheenobu (sheenobu@sorcery-jsddm4.hs.gigamonster.net)
[00:23:02] *** Joins: Sein (random@sorcery-l06.dle.81.73.IP)
[00:23:44] *** Joins: ^Faye^ (pbrigade@aesir.sorcery.net)
[03:24:48] *** Awaythysius is now known as Aethysius
[07:07:48] *** Quits: Sein (random@sorcery-l06.dle.81.73.IP) (Ping timeout: 121 seconds)
[07:13:44] *** Quits: sheenobu (sheenobu@sorcery-jsddm4.hs.gigamonster.net) (Ping timeout: 121 seconds)
[07:20:36] *** Joins: Sein (random@sorcery-nja.vpu.81.73.IP)
[07:26:13] *** Joins: sheenobu (sheenobu@sorcery-jsddm4.hs.gigamonster.net)
[08:12:20] *** Quits: sheenobu (sheenobu@sorcery-jsddm4.hs.gigamonster.net) (Ping timeout: 121 seconds)
[08:12:31] *** Joins: sheenobu (sheenobu@sorcery-jsddm4.hs.gigamonster.net)
[08:44:03] *** Aethysius is now known as Awaythysius
[08:57:16] *** Sein is now known as Guest57304
[15:07:59] *** Guest57304 is now known as Sein
[15:18:32] *** Quits: Vicarious (diepfriet@sorcery-imt8eu.icario.us) (Ping timeout: 121 seconds)
[15:57:48] *** Joins: Hawk_v3 (Hawk@sorcery-7khmfk.cable.virginm.net)
[17:05:34] * BreakfastFrag serves a continental breakfast
[17:43:50] *** Joins: Vicarious (diepfriet@sorcery-imt8eu.icario.us)
[18:13:36] *** Joins: root (muriani@sorcery-slk.jt8.241.192.IP)
[18:13:36] *** ChanServ sets mode: +o root
[18:14:21] *** Parts: root (muriani@sorcery-slk.jt8.241.192.IP) ()
[19:07:51] *** Quits: Sein (random@sorcery-nja.vpu.81.73.IP) (Ping timeout: 121 seconds)
[19:21:21] *** Joins: Sein (random@sorcery-e97.9bt.81.73.IP)
[19:23:33] *** Quits: Hawk_v3 (Hawk@sorcery-7khmfk.cable.virginm.net) (Quit: Leaving)
[20:28:31] *** Awaythysius is now known as Aethysius
[21:19:54] *** Quits: Sein (random@sorcery-e97.9bt.81.73.IP) (Quit: Leaving)
