[00:29:41] *** Quits: ankh (liam@sorcery-jcvdlg.range86-136.btcentralplus.com) (Ping timeout: 121 seconds)
[00:42:12] *** Joins: ankh (liam@sorcery-jcvdlg.range86-136.btcentralplus.com)
[00:43:41] *** Quits: ankh (liam@sorcery-jcvdlg.range86-136.btcentralplus.com) (Quit: sleep)
[02:33:56] *** Quits: Sein (random@sorcery-nob.mi0.153.50.IP) (Ping timeout: 121 seconds)
[03:07:55] *** Joins: RandomX45 (random@sorcery-nob.mi0.153.50.IP)
[03:13:26] *** Quits: sheenobu (sheenobu@sorcery-jsddm4.hs.gigamonster.net) (Ping timeout: 121 seconds)
[03:28:39] *** Joins: sheenobu (sheenobu@sorcery-jsddm4.hs.gigamonster.net)
[03:39:34] *** Quits: RandomX45 (random@sorcery-nob.mi0.153.50.IP) (Ping timeout: 121 seconds)
[03:52:15] *** Joins: RandomX45 (random@sorcery-nob.mi0.153.50.IP)
[08:12:53] *** Quits: RandomX45 (random@sorcery-nob.mi0.153.50.IP) (Ping timeout: 121 seconds)
[08:26:54] *** Joins: RandomX45 (random@sorcery-hqu.h1u.153.50.IP)
[09:47:22] *** Joins: ankh (liam@sorcery-jcvdlg.range86-136.btcentralplus.com)
[09:53:09] *** Karolis2011 is now known as Karolis
[10:00:31] *** Quits: ankh (liam@sorcery-jcvdlg.range86-136.btcentralplus.com) (Ping timeout: 121 seconds)
[11:36:44] *** Joins: ankh (liam@sorcery-478olv.w3.org)
[11:47:34] *** Quits: ankh (liam@sorcery-478olv.w3.org) (Quit: bbl)
[12:08:03] *** Joins: ankh (liam@sorcery-478olv.w3.org)
[13:43:55] *** Quits: ankh (liam@sorcery-478olv.w3.org) (Quit: lunch)
[16:28:02] *** RandomX45 is now known as Sein
[16:45:14] *** Joins: ankh (liam@sorcery-478olv.w3.org)
[16:46:16] *** ankh is now known as Guest50840
[17:10:58] *** Guest50840 is now known as ankh
[17:21:38] *** Quits: ankh (liam@sorcery-478olv.w3.org) (Quit: bbiab)
[17:24:51] *** Sein is now known as Issy
[17:35:54] *** Joins: ankh (liam@sorcery-478olv.w3.org)
[17:36:01] *** Quits: ankh (liam@sorcery-478olv.w3.org) (Connection closed)
[17:36:32] *** Joins: ankh (liam@sorcery-478olv.w3.org)
[19:29:42] *** Quits: ankh (liam@sorcery-478olv.w3.org) (Quit: bbl)
[20:01:19] *** Quits: sheenobu (sheenobu@sorcery-jsddm4.hs.gigamonster.net) (Connection closed)
[20:08:26] *** Joins: sheenobu (sheenobu@sorcery-jsddm4.hs.gigamonster.net)
[20:11:38] *** Joins: Hawk_v3 (Hawk@sorcery-7khmfk.cable.virginm.net)
[20:12:50] *** Quits: Issy (random@sorcery-hqu.h1u.153.50.IP) (Ping timeout: 121 seconds)
[20:18:32] *** Quits: sheenobu (sheenobu@sorcery-jsddm4.hs.gigamonster.net) (Quit: Leaving)
[20:20:40] *** Joins: sheenobu (sheenobu@sorcery-jsddm4.hs.gigamonster.net)
[20:26:22] *** Joins: Issy (random@sorcery-dsr.6vf.153.50.IP)
[21:08:20] *** Quits: Hawk_v3 (Hawk@sorcery-7khmfk.cable.virginm.net) (Quit: Leaving)
[23:25:07] *** Quits: Issy (random@sorcery-dsr.6vf.153.50.IP) (Ping timeout: 121 seconds)
[23:38:10] *** Joins: Issy (random@sorcery-p29.dpl.153.50.IP)
