[00:00:40] *** Quits: Aapje (user@i244127.upc-i.chello.nl) (Ping timeout: 61 seconds)
[00:01:29] *** Joins: Aapje (user@i244127.upc-i.chello.nl)
[00:03:30] *** Quits: Guyver2 (Guyver2@guyver2.xs4all.nl) (Exit)
[00:04:12] *** Quits: Tomcat_hatt (user@193.107.221.57) (Exit)
[00:17:04] *** Quits: DarK-OnE (dark@priss.segfault.nl) (Ping timeout: 62 seconds)
[00:17:17] *** Quits: Sponge (Sponge@149.210.150.92) (Ping timeout: 66 seconds)
[00:17:45] *** Joins: DarK-OnE (dark@priss.segfault.nl)
[00:23:39] *** Quits: Anthor (Anthor@cust.7.103.adsl.cistron.nl) (Ping timeout: 61 seconds)
[00:27:05] *** Quits: wirky (werken@ip503c7f23.speed.planet.nl) (Exit)
[00:27:54] *** Joins: Tweaker787 (Mibbit@5ED5F840.cm-7-6d.dynamic.ziggo.nl)
[00:27:58] <Tweaker787> bros bros bros, joop komt los
[00:35:38] <MueR> oh
[00:35:40] <MueR> en nu?
[00:35:52] <Tweaker787> feeston
[00:37:33] <Tweaker787> http://irc.tweakers.net/ ligt eruit btw
[00:39:55] <Aapje> mooi
[00:41:31] <Tweaker787> web irc > software irc
[00:45:42] *** Quits: Tweaker787 (Mibbit@5ED5F840.cm-7-6d.dynamic.ziggo.nl) (Exit)
[00:54:09] <GekkePrutser> Zegt degene die inlogde via de webirc???
[01:13:23] <ElectrowolF> ?
[01:13:32] <ElectrowolF> weirdo...
[01:14:19] *** Quits: Svardskampe (Svardskamp@198-14-ftth.onsnetstudenten.nl) (Connection reset by peer)
[01:55:12] *** Quits: SimonP (SimonP@znc.glasvezel-online.net) (Ping timeout: 60 seconds)
[02:03:16] *** Joins: SimonP (SimonP@znc.glasvezel-online.net)
[02:25:08] *** Joins: CAPSLOCK2000 (CAPSLOCK20@a83-162-177-20.adsl.xs4all.nl)
[02:28:27] *** Joins: chem (chem@203.87.131.77)
[02:28:43] <chem> joehoe
[02:35:24] *** Quits: Spelvoud (Spelvoud@sd51113cf.adsl.online.nl) (Ping timeout: 66 seconds)
[02:49:46] *** Joins: Spelvoud (Spelvoud@sd51113cf.adsl.online.nl)
[02:53:18] *** Quits: chem (chem@203.87.131.77) (Ping timeout: 61 seconds)
[02:57:04] *** Quits: CAPSLOCK2000 (CAPSLOCK20@a83-162-177-20.adsl.xs4all.nl) (Client exited)
[03:14:40] *** Quits: DinX (DinX___@d54C120B6.access.telenet.be) (Ping timeout: 66 seconds)
[03:15:06] *** Quits: zwiep (zwiep@d54C03C0D.access.telenet.be) (Ping timeout: 61 seconds)
[03:20:40] *** Joins: zwiep (zwiep@d54C03C0D.access.telenet.be)
[03:44:28] *** Quits: zwiep (zwiep@d54C03C0D.access.telenet.be) (Ping timeout: 60 seconds)
[03:49:46] *** Joins: zwiep (zwiep@d54C03C0D.access.telenet.be)
[04:01:42] *** Joins: wirky (werken@ip503c7f23.speed.planet.nl)
[04:11:07] *** Joins: DinX (DinX___@d54c120b6.access.telenet.be)
[04:25:56] *** Quits: Smileface (alexander@25bc408b.ftth.concepts.nl) (Exit)
[04:30:42] *** Quits: wirky (werken@ip503c7f23.speed.planet.nl) (Ping timeout: 67 seconds)
[04:32:20] *** Joins: wirky (werken@ip503c7f23.speed.planet.nl)
[06:17:41] *** Quits: zwiep (zwiep@d54C03C0D.access.telenet.be) (Ping timeout: 60 seconds)
[06:19:52] <tozzert> meh
[06:22:14] *** Quits: Twizzlerz (M@178-84-226-29.dynamic.upc.nl) (Ping timeout: 60 seconds)
[06:23:22] *** Joins: zwiep (zwiep@d54C03C0D.access.telenet.be)
[06:30:20] <Spacecowboy> urgh
[06:30:40] *** Joins: Twizzlerz (M@178-84-226-29.dynamic.upc.nl)
[07:52:03] *** Joins: Escovan (Escovan@test.prutsplek.nl)
[08:01:37] *** Joins: DataGhostS (vincent@5ED2C6DE.cm-7-3d.dynamic.ziggo.nl)
[08:06:40] <rogue> mogge
[08:07:05] *** Joins: DinX_Werk (DinX@out.helics.leuven.be)
[08:22:34] <Escovan> mogguh :) 
[08:27:05] *** moto-moi|afk is now known as moto-moi
[08:36:24] *** Joins: Wussie (wussie@220-251.ftth.onsbrabantnet.nl)
[08:38:43] *** Joins: IdieEasy (Mibbit@mail1.arntz-nl.com)
[08:39:10] *** Parts: IdieEasy (Mibbit@mail1.arntz-nl.com) ()
[08:43:14] *** Joins: kees (kees@kees.tweakers.net)
[08:44:50] *** Joins: zomertje (zomertje@pluizigenblauw.xs4all.nl)
[08:44:50] *** ChanServ sets mode: +o zomertje
[08:52:30] <DataGhostS> https://www.youtube.com/watch?v=Zg07GdEKif8 lekker lekker afgelopen weekend
[08:56:38] *** Joins: Drawer (Mibbit@80.255.245.203)
[08:57:03] <Drawer> i dont drink coffee i drink tea my dearrrrrrrrr
[08:57:07] <Drawer> \o/
[08:57:50] *** Quits: erratic (erratic@ip-206-125-168-70.netcrave.io) (Ping timeout: 67 seconds)
[09:04:18] *** Joins: tbosua (tbosua@office.hostnetbv.nl)
[09:07:03] * mimic paast de rogue een bakje koffie
[09:08:59] *** Joins: Francis (Francis@5468C56E.cm-12-1d.dynamic.ziggo.nl)
[09:10:11] *** Joins: Francis_ (Francis@5468C56E.cm-12-1d.dynamic.ziggo.nl)
[09:10:16] *** Quits: Francis (Francis@5468C56E.cm-12-1d.dynamic.ziggo.nl) (Ping timeout: 66 seconds)
[09:10:46] *** Quits: Francis_ (Francis@5468C56E.cm-12-1d.dynamic.ziggo.nl) (Connection reset by peer)
[09:11:57] *** Joins: Tomcat_hatt (user@193.107.221.57)
[09:13:25] *** Joins: Francis (Francis@5468C56E.cm-12-1d.dynamic.ziggo.nl)
[09:15:27] *** Quits: Francis (Francis@5468C56E.cm-12-1d.dynamic.ziggo.nl) (Ping timeout: 67 seconds)
[09:20:33] *** Joins: Francis (Francis@5468C56E.cm-12-1d.dynamic.ziggo.nl)
[09:21:56] *** Quits: Francis (Francis@5468C56E.cm-12-1d.dynamic.ziggo.nl) (Ping timeout: 62 seconds)
[09:29:46] *** Joins: smesjz (smesjz@dhcp-089-098-025-154.chello.nl)
[09:34:40] *** Joins: McM (mcm@31.161.159.77)
[09:35:22] *** Joins: Anthor (Anthor@cust.7.103.adsl.cistron.nl)
[09:37:15] <zomertje> mogguh
[09:41:52] <Escovan> ha zomertje :P
[09:46:40] *** Quits: Tomcat_hatt (user@193.107.221.57) (Exit)
[09:51:14] *** Joins: Jeroen (Jeroen@ip82-139-124-155.lijbrandt.net)
[09:54:32] *** Quits: najtreve (najtreve@82.161.255.73) (Exit)
[09:56:24] *** Joins: najtreve (najtreve@vanramselaar.xs4all.nl)
[10:02:16] *** Joins: Phaxinity (Phaxinity@tsn109-201-154-191.dyn.nltelcom.net)
[10:04:40] <Drawer> Jeroen: lukket?
[10:04:49] <Jeroen> wa lukt
[10:06:41] <Drawer> je afstuderen
[10:06:42] <Drawer> je script
[10:06:43] <Drawer> de wijve
[10:07:04] <Jeroen> ghehe
[10:07:07] <Jeroen> mja nu aan het schrijven he
[10:07:28] <Jeroen> kutwerk is dat
[10:07:38] <Jeroen> mgoed het eind komt in zicht
[10:09:07] *** Joins: chem (chem@125.60.156.232)
[10:16:31] <gdex> Jeroen: kutstudent!
[10:16:33] <gdex> nu kan het nog
[10:17:07] <Jeroen> :(
[10:17:19] <Jeroen> ik had al klaar willen/moeten zijn, mgoed
[10:17:26] <Jeroen> daar dacht de gezondheid anders over
[10:17:51] <Jeroen> ondertussen word ik wel doodgespamd door bedrijven
[10:17:54] <Jeroen> dus dat is dan weer positief
[10:21:37] <Escovan> ik ook
[10:21:39] <Escovan> facturen
[10:22:06] <Erik> wel allemaal netjes openen he Escovan 
[10:22:09] <Escovan> klinkt bijna het zelfde als vacature toch? :P
[10:22:15] <Jeroen> ghehe
[10:22:20] <Jeroen> ik krijg gelukkig wel vacatures
[10:22:29] <Nakebod> factuur.pdf.exe!
[10:22:45] <Jeroen> of nja, vooral uitnodigingen tot business courses en dat soort shit "want daar recruiten we"
[10:22:47] <Jeroen> whatever :+
[10:24:11] <Escovan> oh ja, weet je nog dat ik ooit MS papiertjes haalde? Daar krijg ik nu nog van 4 bedrijven mailtjes over :P
[10:24:42] <Escovan> ¨Extra cursusje dit, goed voor je cv¨ etc.
[10:36:04] <Jeroen> nou
[10:36:08] <Jeroen> doen en zorgen dat jij niet betaalt
[10:37:08] <Escovan> :D
[10:41:32] <Escovan> Ik wil nog wel een keer deze halen voor de fun van competentie erkenning: To add verified Linux skills to my resume. / https://www.lpi.org/certification/linux-essentials/
[10:44:43] <Escovan> ¨how to create and run simple scripts¨ - Ik ben zo iemand die webpagina´s in SH kan maken :P
[10:52:28] <Escovan> Ha ha, die lpimarketplace draait ASP :D
[10:53:04] <SJ> LPI?
[10:53:09] <SJ> doe het niet 
[10:53:32] <Erik> bij Snow moest je toch LPI1-3 halen?
[10:53:35] <Escovan> http://www.lpimarketplace.com
[10:54:19] <SJ> Erik: LPI-1 en LPI-2 ooit 
[10:54:36] <SJ> vandaar dat ik zeg, doe het niet :>
[10:54:47] <SJ> ik zou eerder voor iets als RHCSA gaan dan 
[10:59:50] <smesjz> kvind die focus op tooling zo beperkt, het proces er om heen (bijv. ITIL) om dingen gecontroleerd te doen is imho veel belangrijker. 
[11:00:17] <Escovan> ik heb al ITIL.
[11:00:36] *** Quits: McM (mcm@31.161.159.77) (Ping timeout: 60 seconds)
[11:01:03] *** Joins: Guyver2 (Guyver2@guyver2.xs4all.nl)
[11:01:12] <smesjz> En ooit in de praktijk gebruikt? 
[11:01:56] <Erik> boek en de praktijk willen nog wel eens verschillen
[11:01:58] <Escovan> Mwah, niet echt. ITIL was of te groot voor het bedrijf waar ik zat, of ik zat niet op de functie waar je ITIL nodig had.
[11:02:20] *** Quits: chem (chem@125.60.156.232) (Exit)
[11:02:43] <SJ> smesjz: het is het samenspel tussen 
[11:02:55] <SJ> ITIL is niet voor niets een 'best practice' 
[11:03:23] <SJ> implementeer ITIL volledig en je organisatie slaat vast 
[11:04:06] <smesjz> SJ: ja, dat snap ik. Maar de waarde van zo'n papiertje is heel beperkt als je het nog nooit binnen een proces hebt toegepast. 
[11:04:26] <SJ> smesjz: ook als je bij een ISP met 20 man zit? 
[11:04:36] <Escovan> Ja, een proces is een ticket escaleren of afhandelen ... dat heb ik natuurlijk wel eens gedaan.
[11:04:47] <SJ> dat hangt helemaal af van welke organisatie en welke schaalgrootte 
[11:05:47] <SJ> daarnaast is voor iemand die technisch uitvoerend bezig is overwegend change en incident management belangrijk, maar verder niet echt 
[11:05:59] <smesjz> SJ: dan kan je nog steeds dingen gecontroleerd(er) doen. Geeft wel wat overhead maar voorkomt ook iedereen lekker als bijv. root aan het knutselen is. 
[11:06:19] <SJ> en dan heb je weer veel meer aan praktijkervaring 
[11:06:33] <SJ> in plaats van ITIL ervaring 
[11:06:48] <SJ> oh, zeker, maar dat is de 'onzichtbare' ITIL 
[11:07:16] <SJ> iedere ISP van 20 man heeft een ticketsysteem, zeer waarschijnlijk met prioriteiten 
[11:07:31] <SJ> we noemen het geen incident management maar dat is het wel ;)
[11:08:15] <smesjz> mjah, zo'n ticket systeem zal ook weinig structuur brengen om bijv. risico's te beschrijven etc. Maar zo'n approval flow etc zal overkill zijn. Maar kan wel structuur geven
[11:09:23] <SJ> natuurlijk, maar de wat geavanceerdere ITIL topics of eigenlijk de 'niet common sense topics' zijn voornamelijk van toepassing binnen grotere organisaties 
[11:09:24] <smesjz> Wij gebruiken (delen van) ITIL als manier om SOC-1 certificering mogelijk te maken, niet ideaal en hoop overhead maar wel altijd traceability
[11:09:46] <SJ> waarbij je weer uit moet kijken dat het proces een middel blijft en geen doel opzich wordt
[11:10:09] <SJ> ja, dat werkt prima
[11:10:13] <SJ> en niets is ideaal :)
[11:10:52] <smesjz> idd
[11:11:25] <SJ> still, het is de combinatie van 
[11:11:46] <SJ> Zo'n Redhat examen is wel tof, want het is een praktijkexamen 
[11:11:53] <SJ> in een lab setup 
[11:12:26] <SJ> dat is het punt wat ik heb tegen LPI
[11:13:00] <SJ> als ik willekeurig wie met enige intelligentie en 0 Linux ervaring een paar dagen opsluit met een LPI boek halen ze dat gewoon 
[11:13:26] <Erik> moet ik maar eens doen dan
[11:13:44] <SJ> RHCSA / RHCE zegt veel meer 
[11:14:31] <smesjz> ach, als je wordt aangenomen op basis van LPI zonder clue, val je vanzelf wel door de mand. Is met meeste van die papertjes
[11:14:43] <SJ> natuurlijk wel 
[11:15:05] <SJ> maar de waarde van het papiertje is minder 
[11:15:42] <smesjz> Ja, maar ik neem dat je als werkgever praktijkervaring + papiertje wil, ipv 1 van beiden
[11:24:20] *** Joins: Tweaker_7149 (Mibbit@devvers.tweaknet.net)
[11:24:25] *** Quits: Tweaker_7149 (Mibbit@devvers.tweaknet.net) (Exit)
[11:28:17] *** Joins: Ziz (Mibbit@129.253.243.10)
[11:28:19] <Ziz> thnx @kees 
[11:28:23] <kees> np
[11:36:25] <najtreve> Beetje late reactie, lees net pas terug... Zelf zie ik de nodige CV's van Linux mensen voorbij komen. Daarbij is iemand voor ons interessant als RHCE gecertificeerd en een paar jaar ervaring.
[11:37:43] <Ziz> 21 jaar oud. 30 jaar evaring en veel certificaten en laag salaris
[11:37:48] <Ziz> Die mensen wil ik graag
[11:38:54] <najtreve> Leeftijd speelt bij ons niet echt een rol. Salaris natuurlijk wel, maar goede Linux mensen mogen best wat kosten.
[11:39:52] <Ziz> :)
[11:40:00] <Jeroen> en als ze 22 worden ontsla je ze, Ziz?
[11:40:25] <Ziz> idd
[11:40:29] <Ziz> worden ze te duur
[11:40:34] <Drawer> is ziz zn favo hobby
[11:40:35] <Ziz> krijgen ze een mening enz
[11:41:11] <Ziz> Mening en rechten horen niet onder mijn dictatuur
[11:42:34] <Drawer> enige recht is het aanrecht!!!!!!1111
[11:42:54] <Ziz> single Drawer ?
[11:43:19] <Drawer> neehoor
[11:45:24] *** Joins: chem (chem@125.60.156.232)
[11:46:40] <Aapje> ben je wel eerlijk tegen je wederhelft over hoe je bent?
[11:47:20] <Drawer> :+
[11:47:22] <Ziz> Je weet hoe mannen onder elkaar zijn.Vrij van het riempje van de wederhelft
[11:47:43] <rawplayer> najtreve zoek jeniemand?
[11:47:46] <rawplayer> iemand
[11:47:54] <Drawer> was vanochtend op het nieuws ook dat veel meer vrouw-vrouw-huwelijken uit elkaar gingen vergeleken met man-man-huwelijk
[11:47:55] <Drawer> en
[11:47:58] <Drawer> snap ik wel
[11:48:04] <Drawer> mannen zijn awesome.
[11:48:08] <Aapje> :x
[11:48:20] <Aapje> vrouwen liegen gewoon meer
[11:48:22] <Aapje> he Samantha
[11:48:37] <Jeroen> oeh zijn er roddels
[11:48:42] <Aapje> niet echt
[11:48:43] <Aapje> maargoe
[11:48:45] <Samantha> wat
[11:48:47] <Samantha> ik lieg niet
[11:48:51] <Aapje> zie
[11:48:52] <Aapje> daar begint 't
[11:48:52] <Jeroen> saai
[11:48:52] <Samantha> ik verzwijg misschien dingen
[11:48:55] <Samantha> maar ik lieg niet ;p
[11:49:52] <Ziz> Wat zei Jim Jeffries ook alweer. "I like men, but I can never fuck a man. Simply because I can't fuck someone I respect".
[11:51:27] <Ziz> https://www.youtube.com/watch?v=Okklf-d3mHc
[11:53:58] *** Joins: ravenger (textual@ravenger.xs4all.nl)
[11:57:37] *** Quits: chem (chem@125.60.156.232) (Exit)
[11:58:25] *** Quits: ravenger (textual@ravenger.xs4all.nl) (Exit)
[11:59:04] *** Joins: chem (chem@125.60.156.232)
[11:59:09] *** Joins: ravenger (textual@ravenger.xs4all.nl)
[12:02:17] *** Quits: chem (chem@125.60.156.232) (Exit)
[12:13:30] *** Quits: Guyver2 (Guyver2@guyver2.xs4all.nl) (Exit)
[12:14:33] *** Joins: Tweaker_3275 (Mibbit@89-250-186-163.tangos.nl)
[12:18:38] *** Quits: Tweaker_3275 (Mibbit@89-250-186-163.tangos.nl) (Exit)
[12:18:45] *** Joins: Tweaker_9932 (Mibbit@89-250-186-163.tangos.nl)
[12:20:23] *** Quits: Tweaker_9932 (Mibbit@89-250-186-163.tangos.nl) (Exit)
[12:29:58] *** Quits: DinX_Werk (DinX@out.helics.leuven.be) (Connection reset by peer)
[12:33:05] *** Quits: ravenger (textual@ravenger.xs4all.nl) (Exit)
[12:38:12] <Jeroen> https://www.indiegogo.com/projects/first-vaginal-beer-bottled-instinct#/story
[12:38:28] <Jeroen> what
[12:38:28] <Jeroen> the
[12:38:29] <Jeroen> fuck
[12:39:35] <Ziz> wat
[12:39:46] <Ziz> o.o
[12:39:56] <Samantha> pardon
[12:40:39] <Ziz> Moet je na geen. Daar zijn waarschijnlijk 'proef" personen voor geweest.
[12:40:42] <Ziz> gaan*
[12:44:05] <Samantha> brrr
[12:44:44] <Ziz> Ligt aan de vrouw he Samantha. Niet meteen helemaal weg werpen dat idée
[12:44:57] <Jeroen> Don’t you think it is disrespect for a woman? Aren’t you afraid of feminists’ attack?	No. Firstly, Yoni is a sacred Hindu name of vagina and it symbolizes our respect to vagina as a sacrum.
[12:45:03] <Jeroen> ahja
[12:45:16] <Samantha> Is dit niet gewoon een 1 april-grap
[12:45:22] <Ziz> Zou kunnen
[12:45:37] <Samantha> Laat het alsjeblieft een 1 april-grap zijn 
[12:45:45] <Jeroen> haha
[12:46:25] <Jeroen> wil jij geen kierbier, Samantha?
[12:46:32] <Jeroen> geen poespils?
[12:46:34] <Samantha> Nee bedankt :P
[12:46:41] <Ziz> Misschien is het bier gedeelte het probleem?
[12:47:03] <Ziz> Wijn variantje er van Samantha ?
[12:47:19] <Samantha> Haha, dat haalt een deel van het probleem wel weg, maar nee, nog steeds geen interesse
[12:47:19] <Jeroen> een preutpint?
[12:47:22] *** Quits: wirky (werken@ip503c7f23.speed.planet.nl) (Ping timeout: 60 seconds)
[12:48:37] *** Joins: wirky (werken@ip503c7f23.speed.planet.nl)
[12:48:41] <Ziz> Om nou te zeggen dat ik het openlijk zou bestellen op het terras. Nee. Maar thuis proberen.. Sure
[12:48:55] <Jeroen> haha
[12:50:09] <Jeroen> is weer eens wat anders met schuim op je lip, Ziz 
[12:54:33] *** Joins: VirtualGaming (Mibbit@78-20-138-37.access.telenet.be)
[12:55:12] <Ziz> Zeker Jeroen 
[12:57:18] *** Quits: Teckna (jonathan@52487D74.cm-4-1b.dynamic.ziggo.nl) (Ping timeout: 66 seconds)
[12:59:46] *** Quits: VirtualGaming (Mibbit@78-20-138-37.access.telenet.be) (Exit)
[13:00:03] *** Joins: erratic (erratic@c-24-143-108-117.customer.broadstripe.net)
[13:00:25] *** Quits: Jose_Orinoko (AndChat492@ip-80-236-202-39.dsl.scarlet.be) (Connection reset by peer)
[13:00:27] *** Joins: Jose_Orinoko (AndChat492@ip-80-236-202-39.dsl.scarlet.be)
[13:01:49] *** Quits: erratic (erratic@c-24-143-108-117.customer.broadstripe.net) (Ping timeout: 67 seconds)
[13:10:12] *** Joins: VirtualGaming (Mibbit@78-20-138-37.access.telenet.be)
[13:12:31] *** Joins: chem (chem@125.60.156.232)
[13:14:22] *** Joins: Teckna (jonathan@52487D74.cm-4-1b.dynamic.ziggo.nl)
[13:16:03] <Drawer> ik heb een gaatje in mn lip Jeroen 
[13:16:08] <Drawer> omdat ik een schroefje tegen mn lip aanduwde
[13:16:09] <Drawer> ;(
[13:16:12] * Drawer beunhaas
[13:16:39] <Ziz> Welke samenvoeging van omstandigheden zorgde daar voor Drawer 
[13:17:29] <Ziz> ik zou me ziek melden. Heb hier iemand die al 2 weken weg is door buikgriep.
[13:18:13] <Drawer> haha
[13:18:17] *** Quits: chem (chem@125.60.156.232) (Exit)
[13:18:18] <Drawer> ik ga me morgen ziekmelden
[13:18:20] <Drawer> vanwege koorts
[13:18:22] <Drawer> hooikoorts
[13:18:29] <Erik> ik ken mensen die zich voor minder ziek melden
[13:18:29] <Drawer> en de rest van de maand ook
[13:18:32] <Drawer> laaaaterrrrrrr
[13:18:45] <Ziz> Zou mooi weer worden
[13:18:52] <Ziz> dus goede tijd om ziekmelding te plannen
[13:19:32] <Ziz> Maar even serieus... Wat voor buikgriep heb je als je daarvoor 2 weken thuis blijft
[13:19:58] <Hooglander1> Ziz:  de griep is dit jaar echt heel heftig 
[13:20:04] <Erik> hoor de laatst een verhaal van een manager dat iemand in de 60 dagen van dit jaar als werk dagen ze er toch wel 20 heeft gewerkt
[13:20:05] <Hooglander1> Ik ken meerdere mensen die er echt meerdere weken last van hebbenb
[13:20:16] <Erik> de rest van de tijd was ze 'ziek'
[13:21:07] <Ziz> Ik heb serieus bij een bedrijf gehad. Vrouw ( directrice/workaholic) die kwam na 2 weken terug van zwangerschapsverlof omdat ze zich verveelde
[13:21:09] <Ziz> what de fuck
[13:21:19] <Hooglander1> Whehe
[13:21:31] <Hooglander1> Dan heeft ze geluk dat ze zich zo goed voelt
[13:22:18] *** Joins: chem (chem@125.60.156.232)
[13:23:32] <Ziz> ja eh
[13:23:38] <Ziz> Nanny
[13:23:44] <chem> dussuh, he
[13:23:47] *** Joins: erratic (erratic@ip-206-125-168-70.netcrave.io)
[13:24:30] <Hooglander1> is het al weekend chem?
[13:24:47] <chem> dunno
[13:24:47] <chem> is it?
[13:25:06] <Ziz> Sommige mensen weten het verschil niet. Tussen werkdagen en weekend
[13:25:41] <Nakebod> Ik blijf erbij dat ooit om een of andere reden het weekend omgewisseld is met werkdag. Kan niet kloppen dit!
[13:26:29] <Ziz> Volgens mij heb ik de helft van mijn kaasbroodje verspreid over de vloer
[13:26:33] <Ziz> wat een bende
[13:27:23] <Ziz> Zou het zelf stofzuigen maar wens geen inbreuk te maken op wekgelegenheid van intrieurverzorgers
[13:27:29] <Nakebod> :D
[13:27:43] <chem> lekker wekken
[13:27:51] <Hooglander1> ik moet wel zeggen
[13:27:57] <Hooglander1> ik kan wel wennen aan 4-daagse werkweken
[13:28:12] <Ziz> Ik zou al blij zijn met 5 werkwekken
[13:28:30] <Nakebod> Nadeel is wel dat je meer tijd hebt om minder geld uit te geven, eh Hooglander1 :+
[13:28:33] <Ziz> Maar goed er zijn luxe en werkpaarden hé
[13:29:26] <Hooglander1> mwhoa, ik had niet minder geld dit weekend Nakebod  :+
[13:29:41] <Hooglander1> iets met een jaarlijkse bonus die uitgekeerd werd :+
[13:29:48] <Nakebod> Ik ben van de stempel: Je moet het oude niet vervangen voordat het op is.. Dus doorwerken stelletje bejaarden! :+
[13:29:48] <Ziz> Werk meestal ook op Zat. Dan heb ik gelukkig geen tijd geld uit te geven. Vrouwlief daarintegen
[13:30:00] <Ziz> Compenseerd 
[13:30:27] <Hooglander1> Zolang je de uren kan schrijven Ziz 
[13:30:30] <Hooglander1> moet je niet klagen als ZZP' er
[13:30:40] <Drawer> idd ziz
[13:30:42] <Jeroen> met een echte griep ben je ook makkelijk 2 weken halfdood
[13:30:43] <Drawer> niet zeiken
[13:30:44] <Drawer> met je tesla
[13:30:56] <Jeroen> lijkt me dat noro dat ook wel kan
[13:31:02] <Jeroen> (buikgriep bestaat niet)
[13:31:28] <Hooglander1> buikgriep is voor veel mensen de echte griep
[13:31:30] <Chiron> dat buikgriep virusje heb ik wel meer mensen over gehoord, maar 2 weken is wel erg fors
[13:31:30] <Ziz> "Was in Bredá en daar ging bijenkorf weg. En alles was 50% van de prijs dus heb een Tommy Jasje Blazer en jurk.. Wat ik betaalf heb? oh 450 euro totaal volgens mij. Maar was korting!"
[13:31:34] <Hooglander1> de andere griep is een neusverkoudheid :+
[13:31:38] <Drawer> BREDAAAAAAAAAA
[13:31:44] <Drawer> ALS WE GAAAAAAAAAN
[13:31:44] <Jeroen> een griepje is idd gewoon een verkoudheid
[13:31:45] <Chiron> had 'm zelf ook, dacht even een halve middag dat ik een blindedarmontsteking had
[13:31:46] <Drawer> DAN GAAN WE MET ZN ALLEN
[13:31:49] <Drawer> DE KROEGEN OVERVALLEN
[13:31:53] <chem> Jeroen iedereen heeft 4x per jaar griep als ik ze mag geloven
[13:31:53] <Drawer> HIER IN ONS MOOI BREDAAAAAA
[13:31:57] <Drawer> \o/
[13:32:03] <Hooglander1> 2x per jaar kan wel :P
[13:32:06] <Hooglander1> in ieder geval dit jaar
[13:32:07] <chem> 450 euro?
[13:32:10] <Hooglander1> er waren twee strengen rond aan het gaan
[13:32:14] <chem> breng het maar terug dan
[13:32:18] <chem> krijg je 100% korting!
[13:32:21] <Ziz> idd
[13:32:29] <Ziz> Maar dat concept zit er nog niet helemaal in chem 
[13:32:37] <Drawer> haha ziz
[13:32:38] <Jeroen> gewoon alleen zakgeld geven
[13:32:41] <Drawer> werkt ze zelf ook?
[13:32:44] <Ziz> Ja
[13:32:46] <Drawer> ah
[13:32:47] <chem> koop jij anders ff voor 500 euro een gadget of pc upgrade
[13:32:55] <Ziz> Ze is financieel adviseur
[13:33:00] <Ziz> zou je niet zeggen met dat uitgeefgedrag
[13:33:06] <Drawer> haha
[13:33:10] <Drawer> hahahahahaa
[13:33:12] <Jeroen> bij de loodgieter lekt de kraan
[13:33:19] <Drawer> haha
[13:33:21] <Drawer> true true true
[13:33:27] <Drawer> ik keek laatst help mijn man is klusser
[13:33:28] <chem> vrouwen kunnen anderen altijd goed advies geven
[13:33:32] <chem> vrouwen/mensen
[13:33:32] <Drawer> was een elektricien
[13:33:33] <Drawer> manman
[13:33:35] <Drawer> dat huis
[13:33:39] <Drawer> een grote tyfusbende qua kabels
[13:33:40] <Drawer> :D
[13:33:41] <Ziz> We hebben ook ineens 250 euro aan koffie... Voor dat geld has George Cloony het zelf morgen brengen
[13:33:42] <Hooglander1> als Ziz  werkt op die dag, dan kan dat prima uit :+
[13:33:43] <Ziz> jezus man
[13:33:46] <Hooglander1> daar is wel een case voor te maken
[13:33:49] <chem> met al die open elektrapunten enzo Drawer ?
[13:33:57] <Drawer> ja chem 
[13:33:58] <Nakebod> ooh Drawer die aflevering was goed ja :+
[13:34:03] <Drawer> en wandcontactdoos
[13:34:03] <chem> in de kinderkamer alles
[13:34:03] <Drawer> IN
[13:34:05] <Drawer> het plafond
[13:34:05] <Nakebod> die huur je ook nooit meer in
[13:34:09] <Drawer> IN het plafond
[13:34:10] <Drawer> een wcd
[13:34:10] <Drawer> :D
[13:34:13] <Drawer> een opbouwdoos
[13:34:14] <Hooglander1> handig toch
[13:34:14] <Hooglander1> :+
[13:34:18] <Ziz> Ons nieuwe huis heeft een opbouw stopcontact boven het bad...
[13:34:19] <Drawer> kabels overal
[13:34:20] <chem> klinkt als menig hobby-weekend-programmeer project
[13:34:22] <Drawer> een grote tyfuszooi
[13:34:30] <Jeroen> is voor de toaster, Ziz 
[13:34:32] <Hooglander1> voor de fohn tijdens het badderen
[13:34:32] <Ziz> Gastenbadkamer gelukkig
[13:34:34] <Ziz> Maar geez
[13:34:41] <Jeroen> als white rabbit van jefferson airplane piekt is dat erg handig
[13:35:09] <Drawer> pardon ziz
[13:35:10] <Drawer> je wat
[13:35:19] <Drawer> je gastenbadkamer?
[13:35:19] <Drawer> :D
[13:35:31] <Drawer> ik mag al blij zijn dat ik een badkamer met 3 wildvreemden deel
[13:35:33] <Drawer> tyfussssss
[13:35:44] <Ziz> :x
[13:36:02] <chem> tegelijk Drawer ?
[13:36:07] <Ziz> Is geen mooie badkamer hoor Drawer . Is met bad en douchkabine
[13:36:11] <Drawer> ja
[13:36:12] <Drawer> chem
[13:36:13] <chem> elke avond weer 3 nieuwe wildvreemden
[13:36:13] <Drawer> lekker cozy
[13:36:22] <Hooglander1> hij woont niet voor niets in woensel-west
[13:36:29] <chem> woensellll
[13:36:30] <Jeroen> Drawer verdient de huur terug met de inkomsten van de condoomautomaat
[13:36:38] <Ziz> hahahaha Jeroen 
[13:36:40] <chem> Jeroen hehe
[13:36:54] <Hooglander1> af en toe gaatjes erin prikken
[13:36:56] <Hooglander1> voor shits and giggles
[13:37:35] <chem> dus nu zijn we in de filipijnen
[13:37:38] <chem> gaar als een mofo
[13:37:50] <Drawer> haha 
[13:37:55] <Drawer> chem is helemaal naar de filestijnen
[13:37:55] <chem> vlucht om 0:40, aankomen om 5h, vervolgvlucht om 12h
[13:37:57] <Drawer> filipijnen
[13:37:59] <Hooglander1> ik las gaar als moto
[13:38:00] <Hooglander1> :D
[13:38:01] <Drawer> whatevaaaaaaaaah
[13:38:28] <chem> toch 3-4h geslapen vandaag in stukjes van 1,5 uur ofzo
[13:38:47] <Hooglander1> waar zit je nu ergens dan?
[13:38:48] <Hooglander1> doe's picca
[13:39:03] <Ziz> Drawer: http://imgur.com/LOEQP1f
[13:39:18] <chem> weer een amerikaans reisschema:
[13:39:19] <chem> Day 1: Bangkok (Relax after a long flight, eat) Day 2-4: Siem Reap (Angkor Wat!) Day 5-8: Chiang Mai (Beauty of Northern Thailand/Elephant trekking/maybe hiking) Day 9-12: Phuket or Krabi or Ko Samui ???? Day 13-15: Kuala Lumpur Day 16-18: Singapore Day 19-21: Bangkok
[13:39:21] <chem> w-t-f
[13:39:35] <chem> Hooglander1 coron, google het maar
[13:40:32] <Hooglander1> zo doen de meeste mensen het chem :P
[13:40:35] <Hooglander1> niet iedereen heeft een jaar de tijd
[13:41:00] <chem> Hooglander1 elke hop is al een volle reisdag zo'n beetje
[13:41:21] <Drawer> nice toch ziz
[13:41:24] <Drawer> beter dan de mijne hoor
[13:41:26] <Drawer> :P
[13:41:33] <Drawer> mja, sociale studentenwoningbouw uit 97
[13:41:35] <Drawer> :+
[13:41:38] <Hooglander1> chem tjah. het reizen zie je ook leuke dingen
[13:41:43] <Hooglander1> ik heb Zuid-Afrika niet heel anders gedaan
[13:41:52] <Jeroen> ik heb niet eens een douchecabine
[13:41:54] <Jeroen> noch een bad
[13:41:57] <chem> je kan ook bangkok-chiang mai-kanchanaburi-krabi-ko samui doen
[13:42:01] <chem> heb je het aanzienlijk relaxter
[13:42:07] <chem> en zie je in essentie hetzelfde
[13:42:24] <chem> Jeroen volgens mij heeft Drawer nog wel een golden shower voor je
[13:42:30] <Jeroen> ik zou kanchanaburi alleen doen als je de tijd hebt
[13:42:38] <chem> met eventuele 'regen modus' dmv doorgeprikte condooms
[13:42:42] <Jeroen> zo spectaculair is dat niet
[13:42:48] <chem> Jeroen als je KL en singapore skipt...
[13:42:56] <Jeroen> mja true
[13:42:58] *** Joins: Smileface (alexander@25bc408b.ftth.concepts.nl)
[13:43:06] <Jeroen> maar het ligt redelijk uit de richting
[13:43:17] <Jeroen> en het enige dat er is is die brug en de erawan falls
[13:43:27] <chem> Hooglander1 je deed elke 2-3 dagen een vlucht?
[13:43:30] <chem> die brug valt tegen :P
[13:43:38] <Jeroen> ik zou me een dag extra in bangkok de tyfus in zuipen
[13:43:38] <Jeroen> :+
[13:43:41] <chem> museum was aardig, olifantenkamp was wel heel tof
[13:43:46] <Jeroen> die brug valt tegen ja :+
[13:43:51] <Hooglander1> chem: ow nee, wel een reisdag in de auto
[13:43:52] <Jeroen> museum is wel cool ja
[13:43:55] <Jeroen> met die nepmercedes
[13:43:55] <Hooglander1> maar geen vluchten
[13:44:00] <Jeroen> staat die er nog?
[13:44:14] <chem> Jeroen uhmmm does not ring a bell
[13:44:22] <chem> je bedoelt die verbouwde trein/auto ding?
[13:44:27] <Jeroen> ja
[13:44:34] <Jeroen> http://farm8.static.flickr.com/7507/16053167392_2a3d60c00e_m.jpg
[13:44:36] <Jeroen> deze
[13:44:51] <Jeroen> "kanchanaburi museum mercedes" did the trick :+
[13:44:53] <chem> Hooglander1 dat bedoel ik; je bent op die manier kris-kras aan het vliegen en uuuuren en uuuuren aan het wachten
[13:45:12] <chem> ik heb hem niet gezien iig
[13:45:17] <chem> wel die andere
[13:45:20] <chem> ff googlen :P
[13:45:38] <chem> met 2mbit zoefff
[13:45:54] * Jeroen heeft in een week thailand bangkok en kanchanaburi gedaan
[13:46:05] <Jeroen> ooit kom ik er terug om de meer obvious dingen te doen :+
[13:46:10] <chem> dat is best te doen
[13:46:20] <Hooglander1> Ja okeej, dat is wel wat anders dan chem. Ik deed soms 8 uur rijden over zandwegen op weg naar de volgende locatie. Dat was wel tof 
[13:46:20] <chem> maar dunno of je dan idd kanchanaburi moet doen
[13:46:21] <Ziz> lol @ mediamarkt
[13:46:34] <Jeroen> daarom nu kanchanaburi dus :p
[13:46:43] <Ziz> https://www.facebook.com/mediamarktnl/?fref=nf
[13:47:26] <chem> Jeroen olifantenpark vonden wij tof, waterval geskipt (het is er atm gortdroog), het heritage straatje is kansloos
[13:47:46] <Jeroen> ja dat straatje :')
[13:47:50] <Jeroen> olifanten niet geweest
[13:48:15] <Hooglander1> ben je olifanten gaan rijden of wat?
[13:48:26] <Jeroen> da's zielig jonge
[13:49:05] *** Quits: GameFreak (nn@123-035-128-083.dynamic.caiway.nl) (Ping timeout: 61 seconds)
[13:49:10] <chem> Hooglander1 nee niet rijden; wel eten geven/eten maken/wassen/zwemmen
[13:49:23] <Hooglander1> Ah, dat is wel geinig
[13:49:36] <Hooglander1> Vast indrukwekkend voor mini-me ook
[13:49:43] <chem> die vond het doodnormaal
[13:49:51] <chem> zie facebook foto die ik laatst sharede :+
[13:50:17] <Drawer> ha ik ga chem zoeken op fb
[13:50:39] <chem> puppies, kippen, koeien, olifanten - net zo gewoon als mussen en bomen
[13:50:53] <Hooglander1> Ik zie alleen iets over en krabber :P
[13:50:54] <Jeroen> ik zag chem laatst al voorbij komen
[13:50:55] <Hooglander1> en over een world map
[13:51:01] <Jeroen> op de facebooks
[13:51:05] <Jeroen> toen werd het allemaal toch wel eng
[13:51:08] <chem> Hooglander1 uhhh ff zien
[13:51:12] <Drawer> mja Jeroen 
[13:51:18] <Drawer> ik heb een ochtendjas van de v&d
[13:51:21] <Drawer> toen kwam het wel erg dichtbij
[13:51:24] <chem> he bah Jeroen 
[13:51:26] <Jeroen> haha
[13:53:58] *** Quits: ElectrowolF (DI3@5355D892.cm-6-6d.dynamic.ziggo.nl) (Exit)
[13:59:22] *** Quits: samschaap (samschaap@5469BF1F.cm-12-2c.dynamic.ziggo.nl) (Ping timeout: 66 seconds)
[14:02:15] <chem> Hooglander1 pm
[14:02:39] *** Joins: Guyver2 (Guyver2@guyver2.xs4all.nl)
[14:02:53] <Jeroen> s
[14:04:47] <Drawer> LEKKER VOLWASSEN JEROEN
[14:04:55] <Jeroen> :>
[14:05:47] <chem> jaloers zeker
[14:06:05] <Hooglander1> pm waar chem? :D
[14:06:14] <Hooglander1> niet hier iig
[14:06:26] <chem> en nu en nu
[14:07:23] *** Joins: samschaap (samschaap@5469BF1F.cm-12-2c.dynamic.ziggo.nl)
[14:28:16] *** Quits: kees (kees@kees.tweakers.net) (Ping timeout: 66 seconds)
[14:28:51] *** Joins: kees (kees@kees.tweakers.net)
[14:29:54] *** Joins: Tomcat_ha (user@a83-162-255-205.adsl.xs4all.nl)
[14:30:56] <najtreve> rawplayer: Wij zijn continu op zoek naar goede Linux professionals voor interessante projecten: http://xforce.conclusion.nl/
[14:32:09] <rawplayer> ziet er uit als een concurent van snow
[14:32:47] <SJ> recruiters hebben irc ontdekt?
[14:32:49] <najtreve> Is het ook min of meer. Al richt Snow zich vooral op beheer, terwijl Xforce zich ook meer met projecten bezig houdt.
[14:32:54] <kees> ik doe ook wel eens iets met lunix
[14:33:00] <SJ> IS ER DAN NIETS MEER HEILIG
[14:33:08] <SJ> najtreve: hoe kom je daar nou bij?
[14:33:13] <kees> :D
[14:33:36] <rawplayer> SJ: misschien heeft hij daar ooit gewerkt
[14:33:42] <najtreve> SJ: Ik ben geen recruiter hoor. Men had het eerder op de dag over Linux enzo. Vandaar.
[14:33:47] <rawplayer> je weet het niet he!
[14:33:50] <SJ> najtreve: snap ik ;-) 
[14:33:53] <najtreve> SJ: Dat vertelde iemand mij die daar gewerkt heeft.
[14:34:01] <SJ> apart ;-) 
[14:34:52] <Drawer> HALLO RECRUITER
[14:34:54] <Drawer> HIER BEN IK
[14:34:58] <Drawer> zie je Escovan 
[14:35:02] <Drawer> zo moet je jezelf aanprijzen
[14:35:05] <Drawer> anders kom je nooit aan werk
[14:35:45] <Hooglander1> had het over linux
[14:35:48] <Hooglander1> zullen wij ook ff praten over linux Drawer 
[14:35:48] <chem> :X
[14:35:55] <Drawer> ok
[14:35:56] <Hooglander1> schijnt dat je dan een aanbod krijgt
[14:36:04] <Hooglander1> bash command line --verbose
[14:36:04] <Hooglander1> en zo
[14:36:09] <Drawer> alsof jij ook maar IETS met linux kan
[14:36:10] <Drawer> :DDD
[14:36:20] <chem> stuk maken
[14:36:22] <Drawer> ik linux je er helemaal uit
[14:36:27] <chem> kan-ie vast wel
[14:36:32] * rawplayer speelt wat met syscalls en lkm's
[14:36:40] <Hooglander1> ls en zo Drawer 
[14:36:47] <Drawer> ja leuk
[14:36:49] <Drawer> mapjes kijken
[14:36:49] <Drawer> :D
[14:36:50] <Hooglander1> en apt-get
[14:36:51] <Hooglander1> kan ik ook
[14:36:53] <Hooglander1> :+
[14:37:00] <Drawer> op een centos server?
[14:37:02] <Drawer> :+
[14:37:40] <Drawer> speltip 4, bluf alleen als het geloofwaardig is
[14:39:01] *** Quits: Guyver2 (Guyver2@guyver2.xs4all.nl) (Exit)
[14:40:51] <Drawer> zo
[14:40:56] <Drawer> ik maak me hier nog vette programmeerdingen
[14:40:58] <Drawer> in een gui.
[14:41:01] <Drawer> .....
[14:41:59] <Drawer> mss wel wat voor jeroen dit
[14:43:24] <Drawer> ej Hooglander1 
[14:43:26] <Drawer> uit je hoofd
[14:43:26] <Drawer> %7C
[14:44:42] <gdex> meer hex-codes, daar word je een 1337 hax0r van!
[14:48:09] <Hooglander1> Drawer:  ga lekker zelf pijpen
[14:48:12] <Erik> |
[14:48:42] <Erik> Hooglander1: ja, is dat nodig bij jullie om hogerop te komen?
[14:48:48] *** Joins: GameFreak (nn@005-130-128-083.dynamic.caiway.nl)
[14:49:48] *** Quits: chem (chem@125.60.156.232) (Exit)
[14:50:38] <Drawer> Erik: ik wil er niet over praten.
[14:52:14] *** Joins: Robin (robin@5419F052.cm-5-2d.dynamic.ziggo.nl)
[14:52:14] *** ChanServ sets mode: +v Robin
[14:56:12] <Hooglander1> Erik:  wanna find out?
[14:56:59] <Erik> neuh, was van plan dit jaar eerst een half jaar werkloos thuis te zitten
[15:06:27] *** Quits: Phaxinity (Phaxinity@tsn109-201-154-191.dyn.nltelcom.net) (Ping timeout: 66 seconds)
[15:09:30] <Jeroen> niezo haten Drawer 
[15:15:06] <Drawer> haha Erik doet een escovannetje
[15:16:16] <Erik> Drawer: alleen moet ik er voor werken om een half jaar niks te doen
[15:17:05] <Drawer> heeft Escovan t toch beter voor elkaar
[15:18:48] <Erik> maar waarschijnlijk kan ik toch geen half jaar stil zitten en zal ik wel weer werk zoeken
[15:20:20] * Escovan pakt een biertje - 
[15:20:23] <Escovan> *BUUUURP*
[15:21:13] <Escovan> lift logurl
[15:21:14] <lift> Escovan: Come see yourself chat at http://www.elesoft.net/lift/lift.php?prefs%5Bchannel%5D=5
[15:21:20] *** Joins: Francis (Francis@5468C56E.cm-12-1d.dynamic.ziggo.nl)
[15:21:43] <Escovan> Hier, dat is de eerste keer dat ik dat commando juist onthoud.
[15:24:02] * Francis schopt MueR 
[15:30:55] <MueR> wat
[15:33:59] <Francis> hai
[15:34:04] <Francis> zaterdag
[15:34:07] <Francis> niet vergeten
[15:34:17] <Francis> je bent mijn verjaardag ook al vergeten
[15:34:22] <Francis> ik voel een afstand groeien
[15:34:47] <Drawer> mja
[15:34:49] <Drawer> ik heb zoiets van
[15:34:53] <Drawer> ik ben er zelf ook nog
[15:34:54] <Drawer> snap je
[15:34:57] <Drawer> ja kweetniet
[15:34:58] <Drawer> zon gevoel
[15:35:02] <Drawer> zon gevoel van leeegte
[15:35:10] <Drawer> :>
[15:35:13] <Francis> dat ja
[15:36:31] <kees> test
[15:36:40] <Drawer> nee
[15:36:42] <Drawer> doet t niet
[15:36:52] <kees> owh, vervelend
[15:37:07] * DizzyWeb turns kees off and on again
[15:37:12] <DizzyWeb> En nu?
[15:37:22] <kees> dat heb ik al heel veel gedaan
[15:37:26] <kees> maar nu werkt het wel!
[15:37:37] <kees> blijkbaar moest ik 'udp streaming' hebben
[15:37:46] <DizzyWeb> Ja, duh.
[15:38:31] <kees> een nieuwe vpn testen is vrij lastig als je de oude vpn nodig hebt voor config en hem uit moet zetten voor de nieuwe vpn :P
[15:38:44] <DizzyWeb> Da's onhandig inderdaad.
[15:39:03] <Escovan> configfiles uitprinte
[15:39:11] <DizzyWeb> Uit zetten, als in, VPN server uit zetten?
[15:39:11] <Escovan> overtikken
[15:39:20] <kees> nee, client restarten
[15:39:22] <DizzyWeb> Dus, in 1x goed, anders onbereikbaar? :P
[15:39:24] <DizzyWeb> Ohhh.
[15:39:27] <DizzyWeb> Valt nog mee :P
[15:39:44] <kees> en gelukkig kan ik buiten de vpn om nog wel naar mijn vpn server toe :P
[15:39:56] <Hooglander1> net als remote werken en dan ifdown eth0 doen
[15:39:56] <DizzyWeb> Hehe
[15:39:57] <Hooglander1> ffuuuu
[15:40:03] <kees> hehe
[15:40:16] <Escovan> dan gebeurt er hier nix
[15:40:28] <Escovan> Klaagt ie dat ie geen eth0 heeft
[15:40:31] <kees> gelukkig hebben al mijn servers meerdere interfaces :P
[15:41:15] <Drawer> omg Hooglander1 kent linuxdingen
[15:41:19] <DizzyWeb> Oh ja, ook met schade en schande geleerd dat je er echt "&& ifup eth0" achter moet zetten. En ook absoluut zonder typo's.
[15:41:38] *** Joins: Svardskampe (Svardskamp@198-14-ftth.onsnetstudenten.nl)
[15:41:42] <kees> ik zou er ; ifup eth0 van maken
[15:42:03] <kees> met && doet hij dat commando niet als het eerste commando faalt
[15:42:11] <Escovan> service network restart
[15:42:17] <kees> maar dat eerste commando kan prima falen en toch de interface uit zetten
[15:42:31] <DizzyWeb> Goed punt, nog nooit gehad gelukkig.
[15:42:33] <Hooglander1> Drawer: goed he
[15:42:41] <DizzyWeb> Wel eens een typo gemaakt in het ifup commando.
[15:43:03] <kees> magoed, ik kan altijd remote werken op mijn servers
[15:43:15] <SJ> systemctl restart network 
[15:43:18] <Hooglander1> heb je die kvm nog kees?
[15:43:18] * SJ rent 
[15:43:21] <Hooglander1> die rack-mounted unit?
[15:43:28] <kees> ja, die wel
[15:43:38] <kees> maar de kvm-over-ip heb ik weggesloopt
[15:43:58] <kees> omdat ik toch altijd via de built-in kvm van de servers ging
[15:44:07] <SJ> beetje rackserver heeft iets als IPMI idd 
[15:44:08] <kees> en dit een heleboel kabels scheelde
[15:44:23] <Hooglander1> met project phoenix had je er toch geen op de andere locatie gok  ik ook
[15:44:32] <kees> jawel hoor :)
[15:44:37] <kees> zo duur zijn ze niet
[15:44:46] <kees> maar daar had ik nog minder ruimte :P
[15:44:50] <SJ> m'n bak thuis heeft ipmi 
[15:45:04] <SJ> scheelt traplopen als ik mn netwerk config eens verneuk :P
[15:45:06] <DizzyWeb> M'n oude pc-nu-servert niet :P
[15:45:37] <DizzyWeb> En meestal verneuk ik een config als ik op kantoor ben, dus dan is ie weer eens een dag niet bereikbaar ;)
[15:45:41] <Ziz> mijn ruitenwisser rubbers zijn gejat...
[15:45:47] <DizzyWeb> lol
[15:45:53] <DizzyWeb> Sorry, kut voor je!
[15:45:53] <SJ> Ziz: lolwhut?
[15:46:19] <Ziz> Not kidding...
[15:46:23] <Hooglander1> :D
[15:46:24] <SJ> Ziz: ik had wel ooit een collega waarbij de achterlichten van z'n VW Polo gejat werden 
[15:46:27] <Hooglander1> wee tee ef
[15:46:39] <SJ> alleen de achterlichten 
[15:46:47] <SJ> auto opengebroken omdat 
[15:46:48] <Drawer> thnx ziz
[15:46:52] <Drawer> ik heb die nog nodig
[15:46:53] <Drawer> goed idee
[15:47:08] <Ziz> Want ja. Die zijn niet specifiek voor die auto ofzo
[15:47:10] <Ziz> :/
[15:47:29] <DizzyWeb> Hooguit specifiek voor dat type ;)
[15:47:29] <Ziz> Zelfs de dealer reageerde met wtf
[15:47:50] <Ziz> Dus zo maar eens langs dealer rijden
[15:47:53] <Ziz> *zucht*
[15:48:11] <Ziz> Blij dat het niet regent
[15:48:31] <DizzyWeb> Wel eens gehoord van een collega wiens rechter achterband gejat was. De band. De velg zat er nog gewoon op. Weet nogsteeds niet of ik de foto's geloof.
[15:49:03] <Hooglander1> Dat kan bijna niet
[15:49:09] <Ziz> Je kijkt als dief naarn een tesla en denk, van alle shit die ik van dat ding kan jatten wil ik de ruitenwissers.
[15:49:11] <DizzyWeb> Daarom.
[15:50:03] <DizzyWeb> Anyhow. Ajuu!
[15:51:20] <Ziz> doie
[15:51:21] <Ziz> doei
[15:53:16] <Chiron> https://www.youtube.com/watch?v=ncp7JYzuJw4 haha
[15:55:45] <Drawer> https://www.youtube.com/watch?v=0g1NyYeirzo
[15:55:50] <Drawer> ARNOLTTTT
[16:03:30] <Erik> mijn auto zag er zo vorige week uit https://i.imgur.com/sGWGzRD.jpg
[16:03:47] <kees> ach, collega hier heeft zijn auto wel eens op 4 bakstenen zien staan zonder wielen :P
[16:04:00] *** Joins: wouterg00 (Mibbit@5357AB5E.cm-6-8c.dynamic.ziggo.nl)
[16:04:03] *** Joins: McM (mcm@d30008.upc-d.chello.nl)
[16:04:06] <kees> Erik, boom geknuffeld?
[16:04:24] <Erik> nee, de berm
[16:04:50] <wouterg00> Na al een half jaar lid te zijn van tweakers kom ik er nu ook achter dat er een chatbox is :D
[16:05:25] <Francis> schattig, een nieuweling
[16:06:35] <wouterg00> nou schattig ben ik niet hoor
[16:06:45] <Chiron> n0000bs
[16:07:32] <Hooglander1> Erik: dat krijg je er van als je een clio rijd
[16:08:57] <Erik> zal het wel verdient hebben ja
[16:09:44] <kees> gisteren ook een vrachtauto op mijn route die de berm een goede plek vond om te rijden
[16:10:05] <kees> halve weg afgesloten en een file van a'dam tot ijmuiden :/
[16:10:23] <Erik> ik deed het netjes bij een afrit
[16:10:51] <kees> das aardig, hoeft de snelweg niet dicht
[16:11:30] <Ziz> Waarom weg afsluiten als auto in berm ligt?
[16:11:36] <Ziz> Echt
[16:11:47] <kees> spitsstrook afsluiten he
[16:11:51] <Ziz> ALs het een zachte berm is vind die vrachtwagen het waarschijnlijk nog fijn 
[16:11:54] *** Joins: Saggler (Saggler@131-052-158-163.dynamic.caiway.nl)
[16:12:21] <kees> die vrachtauto had de hele weg onder de modder uit de berm gespoten, dus dat moesten ze opruimen
[16:12:27] *** Quits: Saggler (Saggler@131-052-158-163.dynamic.caiway.nl) (Exit)
[16:12:57] <Chiron> of je monteert een gewei op je audi... https://www.youtube.com/watch?v=weU5U6nXx8o
[16:13:44] <Ziz> ok....
[16:14:21] <kees> http://www.noordhollandsdagblad.nl/incoming/article27946330.ece/182d4/ALTERNATES/w600/12378090_999520663469258_2306801893526232664_o.jpg zo dus
[16:16:18] <Ziz> goeie greppel
[16:16:49] <kees> stomme is dat het gewoon een rechte weg is daar en geen enkele reden om de berm in te sturen 8)7
[16:16:53] *** Quits: Francis (Francis@5468C56E.cm-12-1d.dynamic.ziggo.nl) (Exit)
[16:16:56] <Ziz> Waarom endorced een oud docent me voor Channel Marketing... thnx i guess
[16:17:12] <Ziz> kees: is lastig hoor, slapen en rechtdoor rijden
[16:17:30] <kees> hehe
[16:18:13] <tobias> daar hebben we vangrails voor
[16:18:14] <tobias> maakt wat herrie
[16:18:20] <tobias> maar dan ga je wel mooi rechtdoor
[16:18:26] *** Quits: DataGhostS (vincent@5ED2C6DE.cm-7-3d.dynamic.ziggo.nl) (Ping timeout: 67 seconds)
[16:20:33] <wouterg00> hmm morgen een toets maar geen zin om te leren
[16:20:52] <tobias> als je nu nog moet leren ben je uberhaupt niet goed bezig
[16:20:59] <wouterg00> klopt
[16:21:27] <wouterg00> maar ik leer eigenlijk altijd maar vanaf een paar dagen van te voren
[16:21:33] <wouterg00> en dat gaat wel prima
[16:22:45] <PCR> Iemander hier een mooi alternatief voor Universal Extractor? Google geeft schadelijke software melding op de site http://www.legroom.net/software/uniextract maar ik vond het een fijn progje
[16:23:45] <wouterg00> Ik gebruik altijd windows verkenner :P
[16:23:55] <PCR> Ha, ja ik ook voor de zips
[16:25:59] <wouterg00> Voor sommige bestanden nog WinRAR. Als ik bestanden moet omzetten gebruik ik altijd zamzar.com
[16:26:39] <PCR> Grote voordeel van UniExtract was herkenning van veel formaten i.c.m. de shellextension, dat zoek ik eigenlijk
[16:26:56] *** Quits: Drawer (Mibbit@80.255.245.203) (Exit)
[16:27:49] *** Joins: Nelicquele (Nelicquele@i244127.upc-i.chello.nl)
[16:29:03] <wouterg00> Trouwens wat ik me afvraag, bij sommige grote topics heb je bij een topicstart een heel mooi begin in stijl met kleuren enzo... Hoe maken ze dat?
[16:29:17] <Escovan> met kleurpotlood
[16:29:21] <moto-moi> klink op het view knopje?
[16:29:28] <moto-moi> -n
[16:29:35] *** moto-moi is now known as moto-moi|afk
[16:29:41] <kees> klink op het view kopje?
[16:29:59] <pasta> ik heb wel een klink, maar geen view kopje :/
[16:31:09] *** Quits: wouterg00 (Mibbit@5357AB5E.cm-6-8c.dynamic.ziggo.nl) (Exit)
[16:31:53] *** Quits: kees (kees@kees.tweakers.net) (Input/output error)
[16:32:35] *** Quits: McM (mcm@d30008.upc-d.chello.nl) (Ping timeout: 66 seconds)
[16:33:03] *** Joins: McM (mcm@d30008.upc-d.chello.nl)
[16:33:14] <tobias> PCR: ik gebruik eigenlijk altijd 7zip
[16:33:19] <tobias> opensource en fijn
[16:33:59] <PCR> En die ondersteunt ook wel wat formaten? Ik gooi af en toe nog wel eens rechtermuisknop op een docx om die te unzippen.
[16:34:12] <PCR> Open source dus kan ik er zelf ook nog wel wat in prutsen natuurlijk
[16:36:24] *** Joins: Resistor (Resistor@ip5456d91b.speed.planet.nl)
[16:39:50] *** Joins: ElectrowolF (DI3@5355D892.cm-6-6d.dynamic.ziggo.nl)
[16:42:14] *** Joins: m1dnight (christophe@2a02:a03f:1273:fc00:be5f:f4ff:fe9a:a91e)
[16:43:45] *** Joins: Xeo (Mibbit@194.151.32.170)
[16:44:21] *** Quits: sm0ck (ashnohoe@D97B8CD4.cm-3-4c.dynamic.ziggo.nl) (Ping timeout: 67 seconds)
[16:44:35] *** Joins: sm0ck (ashnohoe@D97B8CD4.cm-3-4c.dynamic.ziggo.nl)
[16:45:13] *** Quits: Xeo (Mibbit@194.151.32.170) (Exit)
[16:53:01] *** Quits: Robin (robin@5419F052.cm-5-2d.dynamic.ziggo.nl) (Exit)
[17:00:33] *** Joins: Sponge (Sponge@149.210.150.92)
[17:04:12] *** Quits: tbosua (tbosua@office.hostnetbv.nl) (Exit)
[17:04:29] *** Joins: tbosua (tbosua@office.hostnetbv.nl)
[17:05:02] *** Quits: Jose_Orinoko (AndChat492@ip-80-236-202-39.dsl.scarlet.be) (Ping timeout: 66 seconds)
[17:07:21] *** Joins: Skalton (Skalton@541971C3.cm-5-2b.dynamic.ziggo.nl)
[17:08:08] *** Quits: groentela (GroenteLa@213.154.252.196) (Client exited)
[17:10:12] *** Quits: Resistor (Resistor@ip5456d91b.speed.planet.nl) (Exit)
[17:12:36] *** Joins: Guyver2 (Guyver2@guyver2.xs4all.nl)
[17:19:31] *** Quits: Spelvoud (Spelvoud@sd51113cf.adsl.online.nl) (Exit)
[17:20:30] *** Quits: Ziz (Mibbit@129.253.243.10) (Exit)
[17:24:37] <tozzert> hai
[17:25:15] *** Joins: Jose_Orinoko (AndChat492@ip-80-236-202-39.dsl.scarlet.be)
[17:25:56] <tozzert> iedereen alweer gedoneerd aan wikipedia?
[17:28:33] <Jeroen> die ep van billions deze week
[17:28:34] <Jeroen> briljant
[17:28:34] <Jeroen> :D
[17:28:49] <tozzert> DONNIE :'(
[17:30:13] <qlum> Heb eigenlijk nog nooit geld aan wikipedia gegeven
[17:30:15] *** Quits: tbosua (tbosua@office.hostnetbv.nl) (Exit)
[17:30:30] <tozzert> ik wel zie ik net
[17:30:39] <tozzert> kreeg mail van ze of ik niet weer bereid ben te doneren
[17:30:40] <tozzert> ;p
[17:31:00] <smesjz> is dat nog af te trekken van belasting? 
[17:31:39] <tozzert> ejsj womo
[17:32:34] <tozzert> http://gathering.tweakers.net/forum/list_message/46340839#46340839
[17:32:36] <tozzert> :'(
[17:32:39] <tozzert> echt
[17:32:50] *** Quits: Nelicquele (Nelicquele@i244127.upc-i.chello.nl) (Connection reset by peer)
[17:32:52] <tozzert> mensen die totaal niet aanvoelen wat een auto fijn vindt en niet
[17:33:29] <tozzert> sowieso
[17:33:32] <tozzert> 2k5 toeren
[17:33:37] <tozzert> dan begint de pret net
[17:33:38] <smesjz> ey toz..lillikkerd 
[17:33:54] <tozzert> al begint die bij mij pas @ 3krpm
[17:33:54] <tozzert> :+
[17:34:26] <tozzert> lijkt me een alias van jeroen
[17:35:39] <Jeroen> ik trek mijn auto altijd door tot 6k
[17:35:44] <Jeroen> behalve als ie warm is
[17:35:46] <Jeroen> dan maar tot 2k
[17:36:30] *** Joins: marijn (Mibbit@ip4da4c47a.direct-adsl.nl)
[17:36:36] <Jeroen> http://gathering.tweakers.net/forum/list_message/46342099#46342099 en het probleem is wss niet eens het schakelmoment
[17:37:05] *** Quits: marijn (Mibbit@ip4da4c47a.direct-adsl.nl) (Exit)
[17:38:03] <tozzert> van dat storingslampje...
[17:38:09] <tozzert> zoudie mijn auto gekocht hebben?
[17:38:09] <tozzert> :+
[17:38:21] <tozzert> heb het ook uit m'n thunderbird toen gesloopt
[17:38:21] <tozzert> :+
[17:38:35] *** Joins: kees (kees@office.tweaknet.net)
[17:38:46] *** Joins: Kaastosti (Kaastosti@j192122.upc-j.chello.nl)
[17:38:52] <tozzert> aankomen bij de dealer waar je hem inruilt met brandend storingslampje is ook zowat...
[17:38:53] <Kaastosti> goeeeiemiddag
[17:39:04] <tozzert> Gaston!
[17:39:31] <Jeroen> oplichter
[17:39:45] <tozzert> c'est moi
[17:40:00] <Kaastosti> achter deur nummerrrrrrr twee zit vandaaaaag...    Jeroen!
[17:40:14] <tozzert> hij zit idd in de kast
[17:40:33] <tozzert> hij komt er maar niet uit
[17:42:21] <tozzert> http://nos.nl/artikel/2096063-lesbiennes-voelen-zich-vaak-niet-serieus-genomen.html
[17:42:22] <tozzert> :D
[17:42:32] <tozzert> link wordt inmiddels omgeleid ofzo
[17:43:11] <tozzert> al werkt nos.nl/artikel/2096063-kutlesbiennes ook
[17:43:14] *** boekee_away is now known as boekee
[17:43:18] <Jeroen> http://nos.nl/artikel/2096063-tozzert-is-een-homo.html
[17:43:26] <tozzert> traag jeroen
[17:43:34] <tozzert> boekee!
[17:43:50] <tozzert> concullega!
[17:44:02] <Jeroen> http://www.marketwatch.com/story/the-millennials-looking-to-get-rich-or-die-tryin-off-one-of-wall-streets-riskiest-oil-plays-2016-03-30
[17:44:07] <Jeroen> wallstreetbets ftw
[17:44:11] <tozzert> vrijdag gaan we de lunch bij een ander eens beoordelen
[17:44:23] <tozzert> training voor een toegangscontrolesysteem
[17:47:54] <tozzert> meh, lees toch wel heul veul problemen mbt de update naar DSM 6.0
[17:48:04] <tozzert> ik wacht nog even met updaten iig
[17:50:39] *** Quits: McM (mcm@d30008.upc-d.chello.nl) (Ping timeout: 60 seconds)
[17:54:13] *** Quits: Wussie (wussie@220-251.ftth.onsbrabantnet.nl) (Ping timeout: 61 seconds)
[17:54:49] *** Joins: Wussie (wussie@220-251.ftth.onsbrabantnet.nl)
[17:58:16] *** Quits: Teckna (jonathan@52487D74.cm-4-1b.dynamic.ziggo.nl) (Ping timeout: 61 seconds)
[18:04:50] *** Quits: wirky (werken@ip503c7f23.speed.planet.nl) (Ping timeout: 61 seconds)
[18:05:02] <tozzert> http://www.dumpert.nl/mediabase/6742616/d7b47f6a/kortpittig_kapsel_valt_moslima_aan_2.html
[18:06:20] *** Joins: Francis (Francis@5468C56E.cm-12-1d.dynamic.ziggo.nl)
[18:07:20] *** Joins: wirky (werken@ip503c7f23.speed.planet.nl)
[18:09:23] *** Quits: DizzyWeb (arjen@ip56508964.direct-adsl.nl) (Ping timeout: 67 seconds)
[18:10:23] *** Joins: DizzyWeb (arjen@ip56508964.direct-adsl.nl)
[18:10:42] <kees> wat bezield zo'n mens?
[18:11:04] *** Quits: VirtualGaming (Mibbit@78-20-138-37.access.telenet.be) (Exit)
[18:11:32] *** Quits: Guyver2 (Guyver2@guyver2.xs4all.nl) (Ping timeout: 67 seconds)
[18:13:17] <PCR> @tobias 7Zip werkt top, thx voor de tip!
[18:14:52] *** Joins: Spelvoud (Spelvoud@sd51113cf.adsl.online.nl)
[18:14:59] *** Joins: Teckna (jonathan@52487D74.cm-4-1b.dynamic.ziggo.nl)
[18:29:03] *** Quits: Aapje (user@i244127.upc-i.chello.nl) (Ping timeout: 60 seconds)
[18:29:13] <tozzert> precies kees
[18:29:18] <tozzert> een hoofddoek dragen
[18:29:18] <tozzert> tsk
[18:29:24] <tozzert> hoe durft ze!
[18:29:56] *** Joins: Aapje (user@i244127.upc-i.chello.nl)
[18:30:07] *** Quits: Jose_Orinoko (AndChat492@ip-80-236-202-39.dsl.scarlet.be) (Ping timeout: 62 seconds)
[18:33:10] *** Quits: spons (spons@54199BE2.cm-5-2c.dynamic.ziggo.nl) (Ping timeout: 61 seconds)
[18:33:14] *** Joins: spons (spons@54199BE2.cm-5-2c.dynamic.ziggo.nl)
[18:35:59] <tozzert> http://img-9gag-fun.9cache.com/photo/agVE7eg_460s_v2.jpg
[18:36:03] <tozzert> nice
[18:36:08] <tozzert> ook al gaat het om .de
[18:39:15] <tozzert> http://img-9gag-fun.9cache.com/photo/aQ8Oy7W_460sv.mp4
[18:39:22] <tozzert> even doorsturen naar maat die @ coca cola werkt
[18:39:23] <tozzert> ;p
[18:47:20] *** Quits: Kaastosti (Kaastosti@j192122.upc-j.chello.nl) (Ping timeout: 61 seconds)
[18:47:48] *** Quits: Francis (Francis@5468C56E.cm-12-1d.dynamic.ziggo.nl) (Exit)
[18:52:42] <Nakebod> Maar ondertussen is het wel 2-1 voor coca cola
[18:53:59] <Hooglander1> Pepsi is niet te zuipen
[18:54:02] <Hooglander1> Daarom is cola al beter
[18:54:07] <kees> lol, microsoft brengt bash naar windows :D
[18:54:24] <tozzert> @ weekendjes weg waar hij ook bij is, doen we altijd boodschappen en halen pepsi
[18:54:27] <tozzert> hilarisch
[18:54:30] <tozzert> niet te kuchen idd
[18:54:31] <tozzert> maja
[18:54:39] <tozzert> zelfs onhandiger dragen
[18:54:45] <tozzert> want coca cola heeft 4-packs
[18:54:48] <tozzert> pepsi vaak niet
[18:54:55] <Hooglander1> Worth ut
[18:54:56] <Hooglander1> *it
[18:55:14] <tozzert> psies
[18:55:15] <tozzert> ;p
[18:55:15] <Hooglander1> Als.ie dan een held is haalt ie Coca Cola uit zijn auto
[18:55:20] <tozzert> heerlijk kutten
[18:55:54] *** Joins: Kaastosti (Kaastosti@j192122.upc-j.chello.nl)
[18:56:08] <Hooglander1> Over kutten gesproken
[18:56:10] <Hooglander1> Hi Kaastosti 
[18:58:48] <Escovan> hey kaaskut!
[18:58:52] <Escovan> eh, tosti
[18:58:54] <Escovan> ach
[18:58:58] *** Quits: DizzyWeb (arjen@ip56508964.direct-adsl.nl) (Ping timeout: 60 seconds)
[19:00:44] <PCR> Zal die BASH op Windows nu een 1 april grap zijn van MS....
[19:01:53] <kees> wel een goede grap dan :P
[19:02:14] <PCR> Zou het zelfs jammer vinden als het een 1 aprilletje is
[19:02:34] <kees> aan de ene kant wel, aan de andere kant niet
[19:02:52] <kees> het zet linux als desktop os wel onder druk dan 
[19:03:33] <PCR> true, maar het begint misschien toch wel een beetje if you can't beat them, join them te worden
[19:03:40] <Kaastosti> ey meneer
[19:04:39] <Hooglander1> Hoezo zet dat het als desktop os onder druk Kees?
[19:04:51] <Hooglander1> Alsof Linux desktoppers alleen maar geven om.bash
[19:04:57] <Kaastosti> jaaaaaa bash
[19:05:02] *** Quits: smesjz (smesjz@dhcp-089-098-025-154.chello.nl) (Exit)
[19:05:20] <Nakebod> bashen!
[19:05:23] <Kaastosti> bash is vet handig... maar je kunt nu eenmaal niet alles automatiseren
[19:05:23] <Nakebod> Ik bash op alles!
[19:05:28] * Hooglander1 basht Nakebod 
[19:05:32] <Nakebod> nee daar heb je cron voor :+
[19:05:45] <Kaastosti> cron is scheduling
[19:05:55] <Nakebod> ooh ooh Hooglander1 ! kattenbeesten zaten net heul lang redelijk dicht bij elkaar
[19:06:12] <Nakebod> beide aan 1 kant van de camera :+ 
[19:07:05] *** Joins: DizzyWeb (arjen@ip56508964.direct-adsl.nl)
[19:10:34] <Hooglander1> Oeh, cute Nakebod 
[19:10:38] <Hooglander1> Komt het dan toch goe
[19:10:41] <Hooglander1> ?
[19:10:50] <Nakebod> Ik hoop het wel ja :P
[19:11:01] <PCR> Geen 1 april want staat nu op FP /https://nl.wikipedia.org/wiki/Beroep_op_autoriteit
[19:12:17] <Hooglander1> Zaten ze echt naast elkaar?
[19:12:23] *** Joins: Metalfrost (Metalfrost@tsn109-201-152-241.dyn.nltelcom.net)
[19:12:24] <Hooglander1> Of waren ze gezamenlijk in dezelfde ruimte?
[19:12:44] <Nakebod> 30 cm van elkaar af, pluis links van de camera, en simba rechts ervan :P
[19:12:57] <Hooglander1> It's something
[19:13:13] <Nakebod> in dezelfde ruimte doen ze vaker, simba in de krabpaal, pluis in haar schuilplekje :P
[19:13:32] <Nakebod> beide dan ook gewoon slapen 
[19:13:39] <Hooglander1> Pluis lijkt nu ook wel relaxed
[19:13:42] <Hooglander1> Zit niet meer in de verre hoek
[19:14:03] <Hooglander1> Wast zichzelf ook gewoon op het bureau
[19:14:05] <tozzert> https://www.autobahn.eu/485/nederlandse-porsche-van-eur25-ton-duikt-in-het-water/
[19:14:07] <Hooglander1> Das best kwetsbaar zeg maar
[19:14:08] <tozzert> oepsie
[19:14:10] <Nakebod> klopt, hoop dat ze straks ook weer wat gaat rondneuzen
[19:14:45] <tozzert> goeie reactie ook van sjaak
[19:14:46] <tozzert> ;p
[19:15:04] <Hooglander1> Moet je de deur wel open doen Nakebod :P
[19:15:16] <Nakebod> die is open!
[19:15:47] <Nakebod> gisteravond was ze wel, voor haar doen, flink aan het rondneuzen, toen zat de deur wel dicht, en simba was in de woonkamer
[19:17:18] <Hooglander1> :)
[19:17:23] <Hooglander1> Nu toch maar weer naar het hoekje
[19:19:04] *** Quits: Aapje (user@i244127.upc-i.chello.nl) (Ping timeout: 68 seconds)
[19:24:22] *** Joins: brabolander2000 (Mibbit@121-249.ftth.onsbrabantnet.nl)
[19:24:31] <brabolander2000> haa
[19:25:41] *** Joins: deRuyter (oke@121-249.ftth.onsbrabantnet.nl)
[19:25:52] *** Quits: brabolander2000 (Mibbit@121-249.ftth.onsbrabantnet.nl) (Exit)
[19:25:58] <deRuyter> Goedenavond 
[19:26:14] <deRuyter> ik had een vraagje, weet iemand toevallig het ip adress van GoT teamspeak?
[19:26:24] <deRuyter> voor World of Tanks ^^ 
[19:26:26] <Nakebod> ::1
[19:26:45] <deRuyter> oi Nakebod
[19:27:34] *** Joins: Phaxinity (Phaxinity@46.166.188.211)
[19:28:03] *** Quits: Phaxinity (Phaxinity@46.166.188.211) (Exit)
[19:28:12] <Metalfrost> deRuyter,  
[19:28:13] <Metalfrost>  	Gathering of Tanks
[19:28:13] <Metalfrost> ts3.gatheringoftanks.nl:9987
[19:28:14] <Jeroen> waren jouw topsails wel eens te zien bij het toen naakte chatham, deRuyter?
[19:28:17] <deRuyter> noem me een noob maar ik krijg het niet gevonden
[19:28:29] <deRuyter> hardstikke bedankt Metalfrost!
[19:28:32] <Metalfrost> np
[19:28:37] <Metalfrost> https://www.tsviewer.com/index.php?page=list&category=100&newlanguage=en&site=4&limit=50
[19:28:42] <Metalfrost> 5 sec werk
[19:29:18] <deRuyter> dank u, nu voel ik me helemaal een noob.
[19:29:18] *** Quits: PerlinNoise (P@D97B0886.cm-3-4a.dynamic.ziggo.nl) (Ping timeout: 60 seconds)
[19:29:22] <Nakebod> scary Hooglander1 ze is nu heulemaal ergens anders :O
[19:29:34] <Hooglander1> Ff kijken
[19:29:57] <Nakebod> ik had haar al gevonden :+
[19:30:12] <Nakebod> Simba ligt hier :P
[19:30:28] <Hooglander1> Ah
[19:30:30] <Hooglander1> Die zocht ik
[19:30:32] <Hooglander1> :+
[19:30:54] <Hooglander1> Lekker allebei klikken
[19:30:55] <Hooglander1> Whehehe
[19:30:59] <Nakebod> uhuh :D
[19:31:13] <Nakebod> Maar zo zat ze gisteravond ook, voor het eerst in lange tijd
[19:31:21] <Nakebod> denk dat ze zo naar de krabpaal gaat
[19:31:24] <Nakebod> kijkt er zo na
[19:31:44] <deRuyter> een poes opzoek naar een krabpaal
[19:32:38] *** Joins: gakkethijs (gakkethijs@84-245-42-16.dsl.cambrium.nl)
[19:33:08] <Hooglander1> Ninja cat
[19:33:13] <Hooglander1> Stiekem uit beeld lopen
[19:33:34] <Metalfrost> <deRuyter> dank u, nu voel ik me helemaal een noob.     ach, tenminste wel met de wetenschap dat je onwetendheid zich elders bevindt :>
[19:33:43] *** boekee is now known as boekee_away
[19:34:19] *** Joins: PerlinNoise (P@D97B0886.cm-3-4a.dynamic.ziggo.nl)
[19:36:08] *** Joins: Guyver2 (Guyver2@guyver2.xs4all.nl)
[19:47:42] *** Joins: dikkie (dikkie@ip-81-11-200-254.dsl.scarlet.be)
[19:48:52] *** Quits: dikkie (dikkie@ip-81-11-200-254.dsl.scarlet.be) (Exit)
[19:52:48] *** Quits: Metalfrost (Metalfrost@tsn109-201-152-241.dyn.nltelcom.net) (Exit)
[19:58:18] *** Joins: Aapje (user@i244127.upc-i.chello.nl)
[19:59:56] *** Quits: Aapje (user@i244127.upc-i.chello.nl) (Ping timeout: 60 seconds)
[20:00:33] *** Joins: Aapje (user@i244127.upc-i.chello.nl)
[20:07:21] *** Joins: Matthew (Matthew@178-117-75-230.access.telenet.be)
[20:08:40] *** Joins: Metalfrost (Metalfrost@tsn109-201-152-241.dyn.nltelcom.net)
[20:13:40] <Jeroen> whe
[20:13:45] <Jeroen> ik hoor een brandmelder in de verte
[20:13:47] <Jeroen> en nu sirenes
[20:13:56] <Jeroen> en idd, de brandweer is uitgerukt :+
[20:15:45] <ElectrowolF> geen eens een "afk, huis staat in de fik" ?
[20:16:39] <Tomcat_ha> brb tornado
[20:19:27] <Hooglander1> Kijken dan Jeroen 
[20:19:29] <Hooglander1> Pics en zo
[20:20:05] *** Joins: Resistor (Resistor@ip5456d91b.speed.planet.nl)
[20:21:21] <Jeroen> ik zie geen rook
[20:22:22] <ElectrowolF> +10 punten voor Tomcat_ha
[20:22:52] <ElectrowolF> en Tomcat_ha is vast ouder dan 30 :P
[20:23:03] <Tomcat_ha> neen
[20:23:56] <ElectrowolF> heu, bestaat die website dan nog?
[20:24:16] <ElectrowolF> so it does!
[20:24:34] <Jeroen> dat rottige alarm gaat nog steeds
[20:24:34] <Jeroen> ugh
[20:24:49] <Jeroen> maar geen escalatie op p2000
[20:24:58] <Hooglander1> Linkje?
[20:25:15] <ElectrowolF> Hooglander1: naar?
[20:25:15] <Tomcat_ha> ik ken bash sinds 2001 denk ik wel
[20:25:17] <Jeroen> http://www.p2000-online.net/haaglandenf.html
[20:25:19] <Tomcat_ha> maar ik was toen 12
[20:25:33] <ElectrowolF> http://www.bash.org/?6441
[20:25:34] <ElectrowolF> same
[20:27:31] <ElectrowolF> sjeesh, die dinge zijn echt oud ondertussen
[20:28:23] <Nakebod> you are old!
[20:28:42] <ElectrowolF> true :(
[20:29:26] <Nakebod> de beste bash quote is imho http://www.bash.org/?98450 
[20:29:48] <Nakebod> vooral als je het visualiseert
[20:30:26] <ElectrowolF> uhu, zitten nog wel meer tussen die nog steeds erg sterk zijn
[20:31:04] <Jeroen> ik vind de verhalen van die cyberseksgozer het mooiste
[20:31:08] <Jeroen> bloodninja afaik?
[20:31:20] <Jeroen> http://www.bash.org/?104383 ja dus
[20:31:52] <Jeroen> http://www.megalomaniac.com/~andrew/funny/bloodcyber.html
[20:31:53] <Jeroen> :D
[20:32:01] <ElectrowolF> uhu
[20:32:02] <ElectrowolF> heel goed
[20:33:01] <ElectrowolF> heh
[20:33:12] <ElectrowolF> goede vragen voor een irc pubquiz o.i.d.
[20:34:25] <tobias> pom
[20:34:34] <tobias> microsoft weer een blije keynote gedaan
[20:34:39] <tobias> nog geen nieuwe devices helaas :P
[20:35:05] <freebee666> g'avond
[20:35:09] <tozzert> monsieur tobias
[20:35:11] <Jeroen> ik vraag me altijd af
[20:35:23] <Jeroen> met een long straddle net voor een keynote van een groot bedrijf
[20:35:30] <Jeroen> moet je toch bijna gegarandeerd geld kunnen verdienen
[20:35:39] <tozzert> praat goddomme neerlandsch jeroen
[20:35:43] <tobias> zo heb ik ~100 piek verdiend op apple
[20:35:50] <tobias> maar die gingen juist omlaag met de keynote
[20:35:59] <Jeroen> mja met een straddle maakt dat niet uit he
[20:36:02] <tobias> en daarom heb ik sinds een paar dagen een positie in tesla :)
[20:36:03] <Jeroen> dat is een call en een put
[20:36:11] <Jeroen> dus zolang het maar beweegt, maak je winst
[20:36:25] <tobias> ja, maar opties zijn stom
[20:36:40] <tobias> en in dat geval is het relatief duur ook denk ik
[20:36:43] <tobias> niet zoveel ervaring met opties
[20:36:44] *** Quits: Guyver2 (Guyver2@guyver2.xs4all.nl) (Ping timeout: 66 seconds)
[20:36:49] <Jeroen> ja dat is het risico
[20:36:53] <Jeroen> de beweging moet over de fees heen
[20:37:18] <tobias> bij apple was 't een beetje een afgrond in de koers toen duidelijk werd dat ze alleen saaie shit gingen presenteren
[20:37:25] <tobias> hop insta-sell 15 mins de keynote in :P
[20:37:31] <Jeroen> ghehe
[20:37:47] <Jeroen> ja je zou erop kunnen shorten maar dat is wel fucking risky
[20:37:57] <tobias> tesla staat tov een paar dagen trug al een beetje in de plus, en ik verwacht daar wel een paar procent te pakken als de beurs vrijdagmiddag opengaat
[20:38:07] <tozzert> al klaar met je scriptie jeroen?
[20:38:15] <Jeroen> even niet, tozzert 
[20:38:16] <tobias> en dan twijfel ik nog of ik 'm vrijdag al verkoop of juist de media even lekker het weekend de boel laat opwarmen
[20:38:33] <tobias> hangt beetje van feeling af @ presentatie en hoe de pers de eerste uren reageert
[20:38:38] <Jeroen> je moet gewoon een YOLO doen, tobias
[20:38:42] <Jeroen> even kijken op /r/wallstreetbets
[20:38:46] <tobias> perspresentatie is gelukkig ruim buiten markturen
[20:39:02] <Jeroen> http://www.marketwatch.com/story/the-millennials-looking-to-get-rich-or-die-tryin-off-one-of-wall-streets-riskiest-oil-plays-2016-03-30 dus
[20:39:03] <tobias> Jeroen: alle yolo's die ik tot nu toe heb gedaan hebben me zo'n 250 euro gekost
[20:39:08] <Jeroen> ghehe
[20:39:17] <tobias> netto -250 tov als ik dat niet had gedaan
[20:39:28] <tobias> (ter vergelijking: ik heb nu 550 in mn wallet)
[20:39:33] <tobias> dus uh, nope
[20:39:49] <tobias> ik ga gewoon voor sane redelijk wel-overwogen en af en toe gewoon saai indexjes meekoersen
[20:40:19] *** Joins: Tweaker (Mibbit@5357AB5E.cm-6-8c.dynamic.ziggo.nl)
[20:40:25] <tobias> hah, dat is gewoon een gokker die gewonnen heeft
[20:40:32] <Tweaker> hi
[20:40:43] <tobias> en van 900 piek 55k maken maakt je nog niet rijk
[20:40:45] *** Joins: Guyver2 (Guyver2@guyver2.xs4all.nl)
[20:41:24] <Jeroen> het zijn idd allemaal gokkers
[20:41:32] <Nakebod> maar niet slecht voor een 18 jarige :P
[20:41:37] <tobias> (ik heb teveel pokerervaring vanaf de zijlijn om te snappen dat je dan moet weglopen, of het in je bankroll moet stoppen en gebruiken als seed money)
[20:41:45] <tobias> Nakebod: het punt is: het is niet herhaalbaar
[20:41:52] <Nakebod> true
[20:41:54] <tobias> dus als je nu denkt: woei dit werkt, dan val je voor gamblers fallacy
[20:41:56] <Jeroen> ja die penny stocks is echt puur gokken
[20:42:15] <tobias> en dat is waarom een index keer op keer wint van zelfs behoorlijk doorgewinterde beleggers
[20:42:21] <tobias> een index is geen gok maar een beweging
[20:42:29] <Nakebod> Dit is eenmalig, en leuk, maar idd doorgaan heeft niet het zelfde resultaat
[20:42:31] <tobias> en dat is saai :)
[20:43:32] <tobias> ff kijken of Bux UWTI trackt :-)
[20:43:47] <tobias> goh, nope :P
[20:44:10] <Jeroen> bux zal alleen mainstream exchanges doen
[20:44:14] <Jeroen> UWTI is nog net geen pink slip, gok ik zo :+
[20:44:39] <tobias> zo te zien is WSBets wel een lollige subreddit om te lezen :+
[20:45:04] <Jeroen> ja erg vermakelijk
[20:45:12] <tobias> mja, bux is feitelijk een derivatenhandel - het zijn CFD's die de koersen van commodities/indexes/stocks tracken
[20:45:30] <tobias> maar daardoor (want cfd's) extreem toegankelijk en snel
[20:45:47] <tobias> ik heb van mn 500 piek inleg 700 gemaakt, toen 450, en nu weer bijna 600 :+
[20:45:51] <Jeroen> uhuh
[20:45:53] <tobias> en ik ben 4 maart begonnen
[20:46:05] <Jeroen> dik rendement :+
[20:46:09] <tobias> onee 8 maart
[20:46:48] <tobias> ik sta nu op 571 euro maar dat zit mainly in Netflix waar ik -19% sta (koers staat 3.8% hoger dan buy, ik heb een short, en een multiplier van 5)
[20:46:52] <tobias> dat doet zeer :)
[20:47:03] <Jeroen> ghehe
[20:47:08] <tobias> (ingekocht voor 300 euro, dus nu -57 euro, was eerder -80 vandaag :P)
[20:47:14] <Jeroen> hoe zit het met margin?
[20:47:27] <tobias> dat is vertaald naar 'multiplier'
[20:47:41] <tobias> feitelijk heb ik dus een margin van 5x de waarde
[20:47:54] <Jeroen> mja ik bedoel meer, short gaan heeft potentieel ongelimiteerde verliezen
[20:47:57] <Jeroen> hoe gaat bux daarmee om?
[20:48:08] <tobias> zodra je effectief op -100% staat cutten ze 'm
[20:48:13] <Jeroen> niet meer shorten dan saldo/underlying spot?
[20:48:16] <Jeroen> ah
[20:48:17] <tobias> precies
[20:48:30] <tobias> en in de + kun je afaik doorstomen tot sint juttemis
[20:48:44] <Jeroen> het wordt natuurlijk pas echt yolo als je synthetics of kan shorten/options traden op een echte margin basis :+
[20:48:48] <tobias> op valuta kun je een multiplier van x33 gebruiken :o dat slaat echt nergens op
[20:48:54] <tobias> laat er een algo ergens een scheet, ben je rijk
[20:48:58] <Jeroen> dat je op je 500 ineens 35k verschuldigd bent ofzo :+
[20:49:15] <tobias> mja, dat is een beetje eng :+
[20:49:16] <Jeroen> x33 is bizar ja
[20:49:21] <tobias> en er is geen reden om 't zo hard te laten gaan
[20:49:26] <tobias> tenzij je denkt dat de boel weer gaat stijgen
[20:49:30] <Hooglander1> #yolo
[20:49:32] <tobias> dan zou je die positie willen houden
[20:49:34] <Hooglander1> Dat is wel een reden
[20:49:53] <Jeroen> je had goud geld kunnen verdienen net voor de limiet van de chf eraf ging :p
[20:49:57] <Jeroen> dat was wel een sure bet
[20:50:04] <Jeroen> 33x chf long
[20:50:06] <Jeroen> hadsikidee
[20:50:22] <Tweaker> Bestaat er eigenlijk een 'het grote monitor-topic'? Zo ja, waar? Ik kan hem via de zoekfunctie van GoT niet vinden :(
[20:50:34] <tobias> lol 'ask me anything and I can tell you why its bullish like none other, or the yacht is on me. '
[20:50:37] <tobias> wtf :D
[20:50:49] *** Quits: Metalfrost (Metalfrost@tsn109-201-152-241.dyn.nltelcom.net) (Exit)
[20:51:50] <Jeroen> haha
[20:51:55] <Jeroen> ja alles gaat daar om jachten
[20:52:05] <Jeroen> en shkreli is de held
[20:52:23] <tobias> wat is dat UWTI een heerlijke gokautomaat zeg
[20:52:32] <tobias> gewoon een random number generator gekoppeld aan een koerslijn
[20:52:44] <tobias> double digit drops alsof 't niks is
[20:52:52] <Jeroen> haha ja
[20:52:56] <Jeroen> ultieme volatility
[20:53:18] <Tweaker> Weet iemand of er een algemeen monitortopic bestaat??
[20:53:26] <tobias> Tweaker: we horen je maar we weten het niet
[20:53:42] <Hooglander1> Grote topics moeten sowieso dood
[20:53:46] <Hooglander1> Kuldingen
[20:53:47] <Jeroen> https://www.reddit.com/r/wallstreetbets/comments/44u0fk/guide_to_not_being_an_options_retard/ maar dit is bijv kwaliteit
[20:55:40] <tobias> gheghe
[20:55:44] <tobias> lekker vlotjes geschreven ook
[20:56:24] <tobias> ik vind opties niet zo leuk eigenlijk
[20:57:01] <Jeroen> je verliest het toch van de algoritmeboys
[20:57:15] <tobias> naja, je moet meesnacken, het is niet een markt waarin je hoeft te verliezen
[20:57:21] <tobias> je moet gewoon boven rood uitkomen :-)
[20:57:26] <Jeroen> opties hebben in feite alleen nut voor een trade (een eufemisme voor speculatie) of hedging
[20:57:31] *** Quits: Tweaker (Mibbit@5357AB5E.cm-6-8c.dynamic.ziggo.nl) (Exit)
[20:57:33] <tobias> en ja, de algo's zijn veel beter in snel geld maken
[20:57:33] <Jeroen> mja
[20:58:01] *** Quits: wirky (werken@ip503c7f23.speed.planet.nl) (Ping timeout: 61 seconds)
[20:59:11] <tobias> dat is waarom ik het leuk vind - het is niet zo dat als je net gewonnen hebt, je dan 'de pot leeggemaakt hebt' en het is ook niet perse een zero-sum game
[20:59:25] *** Joins: wirky (werken@ip503c7f23.speed.planet.nl)
[20:59:33] <Jeroen> het is allerminst een zero sum game
[20:59:36] <Jeroen> dat is idd het mooiste
[21:00:33] *** Quits: wirky (werken@ip503c7f23.speed.planet.nl) (Ping timeout: 67 seconds)
[21:03:08] *** Joins: wirky (werken@ip503c7f23.speed.planet.nl)
[21:06:00] *** Joins: Nelicquele (Nelicquele@i244127.upc-i.chello.nl)
[21:10:48] *** Quits: jk-5 (jk-5@D549D0E1.cm-10-1b.dynamic.ziggo.nl) (Ping timeout: 60 seconds)
[21:12:38] *** Joins: jk-5 (jk-5@D549D0E1.cm-10-1b.dynamic.ziggo.nl)
[21:16:05] *** Quits: jk-5 (jk-5@D549D0E1.cm-10-1b.dynamic.ziggo.nl) (Ping timeout: 63 seconds)
[21:21:43] *** Quits: gakkethijs (gakkethijs@84-245-42-16.dsl.cambrium.nl) (Ping timeout: 68 seconds)
[21:22:31] *** Quits: Resistor (Resistor@ip5456d91b.speed.planet.nl) (Exit)
[21:31:10] *** Quits: jback (quassel@212.47.254.155) (Client exited)
[21:40:03] *** boekee_away is now known as boekee
[21:42:20] *** boekee is now known as boekee_away
[21:43:12] *** Quits: Kaastosti (Kaastosti@j192122.upc-j.chello.nl) (Exit)
[21:43:38] <Hooglander1> Als je banden wisselt
[21:43:41] <Hooglander1> Assteunen nodig?
[21:43:43] <Hooglander1> Nee toch
[21:44:09] <tobias> neuh
[21:44:14] <tozzert> ja
[21:44:17] <tozzert> sssst tobias
[21:44:21] <tobias> nouja
[21:44:24] <tozzert> laat hem lekker assteunen kopen
[21:44:25] <tobias> je mag heus assteunen gebruiken
[21:44:30] <tobias> je kan ook bierkratjes gebruiken btw
[21:44:34] <tobias> want je woont in eindhoveuh
[21:44:37] <tozzert> ik zou een brug kopen
[21:44:47] <tobias> zoeen als bij de gym
[21:44:51] <Nakebod> paar stoeptegels toch
[21:44:57] <tozzert> smeerput!
[21:45:00] <tozzert> ohnee
[21:45:03] <tobias> oja bierkratjes zijn te duur
[21:45:03] <tozzert> heb je nog niks aan
[21:45:04] <tozzert> :+
[21:45:10] *** Joins: jback (quassel@hubble.milkyway.cloud)
[21:45:14] <tobias> Hooglander1: krikkie op krikpunt
[21:45:19] <tobias> pompe tot je kop rood is
[21:45:30] <tozzert> dat is bij hem al na 1 keer
[21:45:33] <tobias> zoek wel ff in je boekie op waar je krikpunt zit
[21:45:39] <tozzert> dan issie nog geen cm uit z'n veren
[21:45:39] <tobias> voordat je je plaatwerk naar de tiefus drukt
[21:45:45] <tobias> of de krik door de bodem
[21:46:10] <tobias> tozzert: bij mn 206 zit echt een onkantig hoerig klein klotekrikkie
[21:46:15] <tozzert> auto op z'n dak leggen
[21:46:18] <tobias> doe me dan maar een werkplaatskrik op oliedruk
[21:46:28] <tozzert> kun je er makkelijk bij
[21:46:29] <tobias> of nog mooier gewoon op perslucht
[21:46:31] <tozzert> alle 4 tegelijk
[21:46:47] <Nelicquele> Bokjes van de Lidl
[21:46:49] <Nelicquele> Lekker gammel
[21:46:59] <Hooglander1> Boeiend
[21:47:01] <Hooglander1> Voor wielen
[21:47:10] <Hooglander1> Vanaf morgen een krik in de ramsj
[21:47:12] <Hooglander1> Die Neem ik ff mee
[21:47:16] <Nelicquele> Neuh, zolang je niet onder de auto gaat liggen care
[21:47:29] <Hooglander1> Ik heb geen krik in de auto tobias 
[21:47:32] <Hooglander1> Alleen die schuimrommel
[21:47:42] *** Joins: jbck (quassel@kepler.milkyway.cloud)
[21:48:27] <tobias> lol ok
[21:48:28] <Nakebod> das lastig krikken
[21:48:30] <tobias> ook geen reservewiel?
[21:48:56] <tobias> Hooglander1: zoek ff op in je boekje hoe je mot krikken - ik moet er een klem voor om een stuk 'plaat' heenzetten
[21:49:09] <Hooglander1> Geen reservewiel idd
[21:49:21] <Hooglander1> Hmz, okay, zal ff kijken
[21:49:38] <tobias> dus een ding dat U-vormig is dat onderop op mn krik past en bovenop op de auto past
[21:49:45] <Nakebod> dwars door de bodem heen :+
[21:54:06] <Hooglander1> Hmz, lees vage shit over krikpunten
[21:54:11] <Hooglander1> Eens irl kijken dus
[21:55:36] <Ou-Tannu> de bij de auto horende krik moet op een bepaalde plek bij mij :/ alleen die gebruik ik zelden.. je draait je t ongeluk voor de auto omhoog is :| garagekrikken er onder is makkelijker
[22:00:09] *** Quits: Wussie (wussie@220-251.ftth.onsbrabantnet.nl) (Exit)
[22:02:43] <Jeroen> https://www.youtube.com/watch?v=cEMX7kJndSQ dr<tab>
[22:02:43] <Jeroen> ugh
[22:03:30] <tozzert> de tering
[22:03:32] <tozzert> wat een stem
[22:03:41] <tozzert> en dat bedoel ik niet in positieve zin
[22:03:45] <Nelicquele> Ik zat er vanmorgen nog aan te denken
[22:04:19] <tobias> aan krikken?
[22:04:21] <Nelicquele> Dat zijn van die mensen die een witte leren bank hebben met een witte salontafel met een gouden rand en een witte tv-kast met mooie houtnerf en een gouden kroonluchter boven de witte eettafel met gouden rand
[22:04:39] <Nelicquele> En een bijstandsuitkering niet te vergeten.
[22:04:59] <Nelicquele> En een teckel met de naam "Tabby"
[22:05:04] <Nelicquele> tebbie nou gedaan!
[22:05:10] <tobias> wat voor goedkope kutwinkel staat die lelijke trol in
[22:05:24] <tobias> lekker met de flosnaden van dr onderbroek in dr jurk
[22:05:36] *** Quits: jbck (quassel@kepler.milkyway.cloud) (Ping timeout: 61 seconds)
[22:07:23] <Hooglander1> Eric dikeb
[22:07:25] <Hooglander1> Really?
[22:07:30] <Hooglander1> Die van Big Brother?
[22:08:30] <tozzert> heeft die in big brother gezeten ja?
[22:09:16] <Erik> de bus toch?
[22:09:18] *** Joins: jk-5 (jk-5@D549D0E1.cm-10-1b.dynamic.ziggo.nl)
[22:09:24] *** Quits: Destruction (Destructio@507230E5.cm-15.dynamic.ziggo.nl) (Ping timeout: 66 seconds)
[22:09:39] *** Joins: Destruction (Destructio@507230E5.cm-15.dynamic.ziggo.nl)
[22:09:40] <tozzert> ik ken hem van stenders eigenlijk
[22:12:10] <Hooglander1> De bus idd
[22:13:21] <tozzert> I doubt it
[22:16:43] <Hooglander1> Hmzz
[22:16:50] <Hooglander1> Wikipedia zegt idd ook wat anders
[22:16:58] <Hooglander1> Hedde goddomme gelijk ook nog tozzert 
[22:17:50] <tozzert> duh
[22:18:08] <tobias> wtf is de bus
[22:18:32] <ElectrowolF> z'n ding waar je kaarten op aansluit
[22:18:38] <ElectrowolF> via PCI bv
[22:18:41] <ElectrowolF> of vroeger ISA
[22:18:51] <ElectrowolF> zodat ze met je cpu kunnen praten
[22:18:59] *** Quits: jk-5 (jk-5@D549D0E1.cm-10-1b.dynamic.ziggo.nl) (Exit)
[22:20:10] <tozzert> dat soort programma's probeer ik ook te blocken in m'n grijze massa tobias
[22:20:26] <tozzert> maat vamme kijkt serieus dat topia ofzo
[22:20:29] <tozzert> utopia?
[22:20:36] <tobias> ik kwam er vandaag achter dat ik perongeluk toch nog commerciele zenders kan ontvangen
[22:20:38] <tozzert> ik wist niet eens dat het nog steeds was
[22:20:42] <tobias> ze zitten nu alleen in 9xx verstopt ipv op 1-15
[22:20:45] <tozzert> of inmiddels al afgelopen?
[22:21:01] <tobias> ik snap echt neit waarom ik ooit voor ziggo heb betaald
[22:21:07] <tozzert> wat voor karig kutabonnement heb je dan?
[22:21:09] <tobias> gezien je de hele reut gewoon gratis kan afnemen
[22:21:17] <tobias> tozzert: ik heb een jaar geleden ziggo opgezegd
[22:21:22] <tozzert> mja
[22:21:27] <tobias> hdzenders in de 1-20 range zijn nu uit
[22:21:29] <tozzert> ze sluiten je vaak idd niet af
[22:21:33] <Jeroen> https://www.youtube.com/watch?v=EHhBeswcSOk
[22:21:34] <Jeroen> :D
[22:21:38] <Jeroen> als die kerel gaat zingen
[22:21:38] *** Joins: jk-5 (jk-5@D549D0E1.cm-10-1b.dynamic.ziggo.nl)
[22:21:52] <tozzert> jeroen
[22:21:54] <tobias> de crypto is afgesloten voor de hd-zenders maar de kabel zelf geeft uncrypted nog dezelfde zenders in non-hd door in de 9xx-range
[22:21:56] <tozzert> zit je weer te zuipen?
[22:21:57] <tobias> supermal
[22:21:59] *** Quits: zomertje (zomertje@pluizigenblauw.xs4all.nl) (Exit)
[22:22:02] <tobias> maarja gratis tv #yolo
[22:22:03] <Jeroen> ik zag al op facebook dat ze een dubbele tienermoeder is
[22:22:04] <ElectrowolF> officiele videoclip?
[22:22:10] <Jeroen> nooit tozzert :+
[22:22:13] <ElectrowolF> hoe is de niet-officiele dan?
[22:22:18] <tozzert> dus moeder geworden in d'r twenties?
[22:22:30] *** Quits: Destruction (Destructio@507230E5.cm-15.dynamic.ziggo.nl) (Ping timeout: 60 seconds)
[22:22:34] *** Joins: Destruction (Destructio@507230E5.cm-15.dynamic.ziggo.nl)
[22:23:13] <ElectrowolF> wtf Jeroen, zelfs de autotune kan het niet zuiver krijgen...
[22:23:21] <Jeroen> ja
[22:23:21] <Jeroen> :D
[22:23:35] <ElectrowolF> hij kan beter zingen ;p
[22:23:46] *** Quits: Destruction (Destructio@507230E5.cm-15.dynamic.ziggo.nl) (Ping timeout: 66 seconds)
[22:23:50] *** Joins: Destruction (Destructio@507230E5.cm-15.dynamic.ziggo.nl)
[22:24:16] <Jeroen> http://www.royotters.nl/ en dit is de producer
[22:24:25] <Jeroen> :D
[22:24:36] <ElectrowolF> o my
[22:24:37] <Jeroen> man man man
[22:24:39] <ElectrowolF> lens flare!
[22:24:58] <Nakebod> unsupported plugin \o/
[22:25:02] <Nakebod> kutsite \o/
[22:25:21] <ElectrowolF> heh
[22:25:33] <ElectrowolF> "geboorte van ryan en roan (youtube)"
[22:25:54] <ElectrowolF> die youtube link naar de geboorte van z'n kinderen er bij maakt het wel af
[22:25:58] <Jeroen> hahaha
[22:26:07] <Jeroen> maar die kleine speelt mee in kinderen geen bezwaar he!
[22:26:18] <Nakebod> vol met de camera de tunnel in?
[22:26:28] <ElectrowolF> die kleine?
[22:27:10] <Jeroen> ryan
[22:27:15] <ElectrowolF> heerlijk plagiaat in die clips ;p
[22:27:16] <ElectrowolF> ah
[22:27:21] <Jeroen> heb jij "Roy Prive" niet gelezen
[22:27:22] <Jeroen> jonge
[22:27:23] <Jeroen> :D
[22:27:30] <ElectrowolF> nouja
[22:27:35] <ElectrowolF> bleef bij die youtube link steken
[22:27:55] <ElectrowolF> owja
[22:28:03] <ElectrowolF> ariestenaam ivan
[22:28:11] <ElectrowolF> artiestenaam*
[22:28:21] <Jeroen> https://www.youtube.com/watch?v=UB02kypqyEo :D:D:D
[22:28:24] <Jeroen> zanger bob 2.0
[22:28:46] <ElectrowolF> goud
[22:28:47] <Jeroen> godverdomme waar is drawer
[22:29:12] <ElectrowolF> hij kan wel beter zingen dan kelly s
[22:29:26] *** Quits: Teckna (jonathan@52487D74.cm-4-1b.dynamic.ziggo.nl) (Ping timeout: 60 seconds)
[22:29:28] <tobias> jezus jongens hou op
[22:29:30] <Hooglander1> tobias: totdat ze je fysiek van de kabel trekken
[22:29:38] <Hooglander1> Maar dat doen ze vrijwel niet meer
[22:29:42] <tobias> Hooglander1: ik zou niet weten waarom ze dt zouden doen
[22:29:51] <Hooglander1> Om je te laten betalen 
[22:29:53] <ElectrowolF> maar iets zegt me dat hij niet zelf de liedjes schrijft...
[22:30:04] <tobias> ik snap gewoon niet waarom ik nederland 1-2-3 en rtl-x-y-z allemaal in non-hd gratis free-to-air krijg 
[22:30:07] <Jeroen> Muziek & Tekst: Roy Otters
[22:30:09] <tobias> waarom zit dat niet achter de smartcard
[22:30:12] <tozzert> tof fuif man
[22:30:13] <Jeroen> roy otters is het brein achter de operatie he
[22:30:16] <tozzert> allemaal aal de cola en sinas
[22:30:19] <tozzert> aan
[22:30:22] <Jeroen> haha
[22:30:23] <ElectrowolF> ahh
[22:30:26] <ElectrowolF> roy otters the man
[22:30:28] <Hooglander1> tobias: geen flauw benul
[22:30:30] <Jeroen> zo is dat tegenwoordig tozzert 
[22:30:31] <tobias> Hooglander1: ze hebben alle mogelijkheid om alles achter crypto te stoppen
[22:30:32] <Jeroen> allemaal nix
[22:30:37] <tobias> en dan hoeven ze geen poppetjes in busjes te latne rijden
[22:30:42] <Hooglander1> 1,2,3 in HD is ook unencrypted geloof ik
[22:30:45] <tobias> en ze doen het niet - why
[22:30:47] <tobias> Hooglander1: klopt
[22:30:52] <tobias> want dat moet van moeder staat
[22:30:55] <Hooglander1> Dan heb je nog de analoge zneders btw
[22:30:55] <ElectrowolF> 1,2,3 zijn ze verplicht he
[22:30:57] <ElectrowolF> maar de rest niet...
[22:31:17] <tobias> magoed enige wat ik nu denk is... waarom heb ik ooit geld overgemaakt aan ziggo?!
[22:31:20] <ElectrowolF> wellicht is het gewoon duurder om je af te sluiten dan niet
[22:31:26] <tobias> gezien je het ook gratis kan gebruiken, en HD boeit me geen fuck voor daytime tv
[22:31:55] <Hooglander1> Als ze slim zijn gooien ze het op een akkoordje met andere providers
[22:32:07] <Hooglander1> Waar geen TV pakket op dsl of glas is afgesloten trek je ze van de fysieke kabel
[22:32:18] <Hooglander1> Zou ze wel geld opleveren
[22:34:29] <Hooglander1> Mag hoop ik niet, mgoe :X
[22:34:35] <ElectrowolF> hmm
[22:34:38] <ElectrowolF> opleveren?
[22:34:42] <ElectrowolF> niet eerder kosten?
[22:34:44] <Hooglander1> Nee
[22:34:46] <ElectrowolF> al die manuren joh!
[22:34:50] <Hooglander1> Valt mee
[22:35:01] <Hooglander1> Je stuurt gewoon een keer een monteur langs als ie toch in de buurt is
[22:35:07] <Hooglander1> Dat kan vrij efficiënt
[22:35:13] <Hooglander1> Het hoeft niet meteen he
[22:35:23] <ElectrowolF> denk die kosten a 40 euro de uur toch wat te veel voor ze zijn
[22:36:19] <Hooglander1> Mwhoa
[22:36:23] <Hooglander1> €18 per maand he
[22:36:23] <ElectrowolF> weet wel dat ze sommige van dat soort dingen gewoon niet fysiek willen uitzetten omdat het te veel werk is
[22:36:33] <Hooglander1> Vang je wel mensen zoals Tobias mee af
[22:36:37] <ElectrowolF> die ze waarschijnlijk niet krijgen ;p
[22:36:49] <Hooglander1> I doubt that
[22:36:50] <ElectrowolF> i dunno
[22:36:51] <ElectrowolF> ;p
[22:37:02] <Hooglander1> Kan je wel een keer een proef mee draaien
[22:37:06] <Hooglander1> Kijken of het geld oplevert
[22:37:07] <ElectrowolF> verwacht niet dat ze er echt aan gaan verdienen
[22:37:15] <ElectrowolF> true
[22:37:19] <Hooglander1> Je weet het niet
[22:37:24] <Hooglander1> Pas na een proef
[22:37:33] <tobias> Hooglander1: als je de ziggo-sleutel meegeeft aan de glasvezelmonteur
[22:37:34] <Hooglander1> Ik ken zelf  best veel mensen die zo gratis TV leechen
[22:37:42] <tobias> die om de hoek in het blokkastje ff de ziggo-kabel eraf jakkert
[22:37:53] <Hooglander1> Kan ook
[22:38:05] <ElectrowolF> als wij nou glasvezel zouden hebben...
[22:38:05] <ElectrowolF> ;p
[22:38:21] <Hooglander1> Ik Ben blijer dan km dacht met de settopbox van KPN en vrienden
[22:38:25] <Hooglander1> Begin gemist is echt briljant
[22:38:32] <Hooglander1> Dat gebruik ik echt zo vaak
[22:38:42] <ElectrowolF> ?
[22:39:01] <ElectrowolF> ow, uitzending gemist maar dan wel normaal beeld?
[22:39:37] <Hooglander1> Nou ja, gewoon wat het is
[22:39:49] <ElectrowolF> niet 227p ;p
[22:39:49] <Hooglander1> Als de uitzending nog bezig is kun je hem vanaf het begin kijken
[22:39:58] <Hooglander1> Met gewoon 1080i50
[22:40:05] <Hooglander1> Fucking briljant
[22:40:15] <Hooglander1> Pauzeren, maar dan meteen met historie zeg maar
[22:40:24] <ElectrowolF> check
[22:40:39] <ElectrowolF> maar eigenlijk vind ik dat dat gewoon op uitzending gemist moet voor de publieke omroep
[22:42:17] <Hooglander1> Gaat niet gebeuren
[22:42:23] <tobias> televisie is fucking dom
[22:42:26] <tobias> 99% is pulp
[22:42:43] <Hooglander1> Ik mis ook Belgische zenders
[22:42:45] <Hooglander1> Zoals Vier
[22:42:49] <ElectrowolF> hmm
[22:42:53] <Hooglander1> Die kan je gewoon niet kijken in NL
[22:43:03] <ElectrowolF> die reisdocumantaires vind ik nu wel mooi
[22:43:19] <Hooglander1> Die van China was goed
[22:43:27] <ElectrowolF> check
[22:43:36] <ElectrowolF> vandaag 1e ep van frankrijk gekeken
[22:43:39] <ElectrowolF> ook interessant
[22:43:45] <Hooglander1> Klopt idd
[22:43:54] <ElectrowolF> dat is meer het soort tv waar ik van hou
[22:43:57] <ElectrowolF> beetje... brits..
[22:43:59] <ElectrowolF> sorta ;p
[22:44:03] <Hooglander1> Met die dingen is opnemen ook wel fijn
[22:44:07] <Hooglander1> Plan ik gewoon altijd in
[22:44:09] <ElectrowolF> true
[22:44:12] <Hooglander1> En kijk ik wanneer ik wil
[22:44:14] <ElectrowolF> ik kijk ze dus op uitzending gemist :(
[22:44:14] <Hooglander1> In 1080p
[22:44:17] <Hooglander1> \0/
[22:44:23] <ElectrowolF> kan ze opnemen
[22:44:26] <ElectrowolF> maar ben daar te lui voor
[22:44:38] <Hooglander1> Maar sinds ik een 55" ipv 32" TV heb, ben ik daar wat gevoeliger voor geworden
[22:44:40] <ElectrowolF> om dat in te stellen op m'n tv
[22:44:44] <Hooglander1> Dan is SD niet om aan te zien
[22:44:48] <ElectrowolF> i know
[22:45:11] <ElectrowolF> 49" hier.. kan 4k.. en heeft dus een "app" voor uitzending gemist in below-sd kwaliteit ;p
[22:45:59] <Hooglander1> Whehe
[22:46:04] <Hooglander1> 4k heb ik niet
[22:46:23] <Hooglander1> Zag beneden bij het oud papier een doos staan van een 48" curved uhd tv
[22:46:24] <ElectrowolF> ben van een crt naar 4k gegaan...
[22:46:33] <Hooglander1> Dan trap je teveel in marketing crap
[22:46:44] *** Joins: Teckna (jonathan@52487D74.cm-4-1b.dynamic.ziggo.nl)
[22:46:50] <ElectrowolF> curved hoef ik niet
[22:46:52] <tobias> lol uhd in 48" en dan ook nog banaan
[22:47:08] <tobias> ik wil gewoon een platte 90" ofzo
[22:47:13] <tobias> maar eerst maar de staatsloterij winnen
[22:47:14] <ElectrowolF> 90" o.O
[22:47:30] <ElectrowolF> vond 55" al te groot
[22:47:34] <tobias> ja ik vind mn 50" wat klein vanuit de keuken en dat mag wel 4x zo groot
[22:47:40] <tobias> (2x de diagonaal dus)
[22:47:46] <ElectrowolF> uhu
[22:48:01] <ElectrowolF> ga eerst vrijdag eens kijken/luisteren voor een stereo hifi setje
[22:48:11] <ElectrowolF> tv's komen over 5 jaar wel eeer
[22:48:13] <ElectrowolF> weer*
[22:48:40] <ElectrowolF> en zaterdag eens kijken naar de eizo schermen die foritain had getest laatst
[22:48:47] <ElectrowolF> die kosten ook al weer 1100 de stuk :/
[22:49:15] <ElectrowolF> maar moet m'n 19" samsung toch eens vervangen...
[22:49:35] <ElectrowolF> dure grappen allemaal
[22:50:36] *** Quits: Jeroen (Jeroen@ip82-139-124-155.lijbrandt.net) (Exit)
[22:52:51] *** Quits: Dennis (dennis@anna.infra.promising.nl) (Ping timeout: 60 seconds)
[22:52:58] *** Joins: Dennis (dennis@anna.infra.promising.nl)
[23:17:18] *** Joins: coreblink (coreblink@145.132.131.160)
[23:19:34] *** Quits: kees (kees@office.tweaknet.net) (Input/output error)
[23:30:10] *** Quits: Teckna (jonathan@52487D74.cm-4-1b.dynamic.ziggo.nl) (Ping timeout: 61 seconds)
[23:30:30] *** Joins: Teckna (jonathan@52487D74.cm-4-1b.dynamic.ziggo.nl)
[23:53:56] *** Quits: wirky (werken@ip503c7f23.speed.planet.nl) (Ping timeout: 60 seconds)
[23:56:58] *** Joins: wirky (werken@ip503c7f23.speed.planet.nl)
[23:58:47] *** Quits: Matthew (Matthew@178-117-75-230.access.telenet.be) (Connection reset by peer)
