[00:00:57] *** Quits: Aapje (user@i244127.upc-i.chello.nl) (Ping timeout: 66 seconds)
[00:02:03] *** Joins: Aapje (user@i244127.upc-i.chello.nl)
[00:08:19] *** Quits: Guyver2 (Guyver2@guyver2.xs4all.nl) (Connection reset by peer)
[00:11:20] *** Quits: Matthew (Matthew@178-117-75-230.access.telenet.be) (Connection reset by peer)
[00:15:43] <MrDummy> okee, ccleaner heeft fouten eruit gehaald
[00:15:56] <MrDummy> iconen verschijnen en startknop werkt
[00:16:32] <MrDummy> dat is al helemaal mooi
[00:16:36] *** Quits: Sponge (Sponge@149.210.150.92) (Exit)
[00:36:13] *** Quits: grid (grid@dhcp-089-099-194-232.chello.nl) (Ping timeout: 66 seconds)
[00:36:44] *** Quits: klaveRCX (michiel@klaver.it) (Ping timeout: 61 seconds)
[00:40:42] *** Joins: klaveRCX (michiel@klaver.it)
[00:41:25] *** Quits: coreblink (coreblink@145.132.131.160) (Exit)
[00:42:13] *** Quits: Stuiterbal (Stuit@2001:980:5281:1:3c70:aece:891f:b348) (Exit)
[00:43:48] *** Quits: Teckna (jonathan@52487D74.cm-4-1b.dynamic.ziggo.nl) (Ping timeout: 61 seconds)
[00:46:29] *** Quits: Tweaker14491 (tobias@sinas.rename-it.nl) (Ping timeout: 60 seconds)
[00:46:50] *** Quits: Korvaag (sjoerd@sinas.rename-it.nl) (Ping timeout: 66 seconds)
[00:51:30] *** Joins: tobias (tobias@sinas.rename-it.nl)
[00:51:44] *** Joins: Korvaag (sjoerd@sinas.rename-it.nl)
[00:52:31] *** tobias is now known as Tweaker56250
[01:41:58] *** Quits: int3nz0r (int3nz0r@541A8E1B.cm-5-3c.dynamic.ziggo.nl) (Exit)
[01:43:18] *** Joins: int3nz0r (int3nz0r@541A8E1B.cm-5-3c.dynamic.ziggo.nl)
[01:48:30] *** Quits: Bitage (Bitage@82-171-45-9.ip.telfort.nl) (Exit)
[02:09:37] *** Joins: rhod (rhod@86.85.193.196)
[02:31:46] *** Quits: Chester (Chester@c77152.upc-c.chello.nl) (Ping timeout: 60 seconds)
[02:32:43] *** Quits: mrwazoo (mrwazoo@h102136.upc-h.chello.nl) (Ping timeout: 60 seconds)
[02:32:51] *** Joins: Chester (Chester@c77152.upc-c.chello.nl)
[02:33:33] *** Joins: mrwazoo (mrwazoo@h102136.upc-h.chello.nl)
[02:39:17] *** Quits: welly7 (willy@ip503c7f23.speed.planet.nl) (Ping timeout: 68 seconds)
[02:39:17] *** Quits: wirky (werken@ip503c7f23.speed.planet.nl) (Ping timeout: 68 seconds)
[02:40:07] *** Joins: welly7 (willy@ip503c7f23.speed.planet.nl)
[02:41:53] *** Quits: jk-5 (jk-5@D549D0E1.cm-10-1b.dynamic.ziggo.nl) (Ping timeout: 60 seconds)
[02:42:24] *** Joins: jk-5 (jk-5@D549D0E1.cm-10-1b.dynamic.ziggo.nl)
[03:06:24] *** Quits: Twizzlerz (M@178-84-226-29.dynamic.upc.nl) (Ping timeout: 66 seconds)
[03:20:04] *** Quits: Ziz (Mibbit@129.253.243.10) (Exit)
[03:22:46] *** Joins: Teckna (jonathan@52487D74.cm-4-1b.dynamic.ziggo.nl)
[03:51:46] *** Quits: mrwazoo (mrwazoo@h102136.upc-h.chello.nl) (Exit)
[04:37:22] *** Quits: Smileface (alexander@25bc408b.ftth.concepts.nl) (Exit)
[05:33:54] *** Quits: rhod (rhod@86.85.193.196) (Exit)
[05:45:32] *** Joins: rhod (rhod@86.85.193.196)
[06:00:48] *** Quits: rhod (rhod@86.85.193.196) (Exit)
[06:12:41] <tozzert> meh
[06:16:06] *** Quits: Teckna (jonathan@52487D74.cm-4-1b.dynamic.ziggo.nl) (Ping timeout: 60 seconds)
[06:19:58] <Escovan> hmm
[06:20:45] <tozzert> WAT?!
[06:25:19] <Escovan> goedemorgen lieve tozzert 
[06:26:34] *** Joins: Twizzlerz (M@178-84-226-29.dynamic.upc.nl)
[06:32:33] *** Joins: rhod (rhod@86.85.193.196)
[06:32:40] <tozzert> hou je bek man
[06:32:41] <tozzert> gek
[06:32:42] <tozzert> !
[06:32:56] <tozzert> met je rare praet
[06:33:18] <tozzert> goedemorgens zijn zeldzaam
[06:33:41] *** Joins: Teckna (jonathan@52487D74.cm-4-1b.dynamic.ziggo.nl)
[06:34:37] <Escovan> moet je eens tranxène nemen ipv alcohol voor je gaat slapen ... *gaaap* lekker mellow
[06:35:37] <tozzert> wéér zulke raere praet
[06:35:39] <tozzert> !
[06:35:49] <tozzert> geen alcohol
[06:35:53] <tozzert> voel jij je wel lekker?!
[06:35:58] <tozzert> tsk
[06:36:05] <Escovan> ja best wel eigenlijk
[06:37:14] <Spacecowboy> gaap
[06:37:22] <Spacecowboy> tering
[06:37:25] <Spacecowboy> :37 alweer
[06:38:00] <Escovan> Ik ga vandaag voor het eerst sinds mijn (chronische) schouderblessure weer eens bowlen
[06:38:08] <Escovan> Kijken wat ik er van bak met rechts
[06:39:12] * Escovan is dus links, en zijn linkerarm heeft vaak de neiging tot uit de kom gaan.
[06:42:02] <tozzert> zo kan ik het ook
[06:42:08] <tozzert> je arm er nog eens extra achteraan gooien
[06:42:14] <tozzert> dan krijg ik ook wel alles om ja
[06:44:58] <Escovan> Ik heb geoefend met de XBox.
[06:45:08] <Escovan> Maar virtuele ballen zijn veel lichter :P
[07:01:03] *** Quits: Teckna (jonathan@52487D74.cm-4-1b.dynamic.ziggo.nl) (Ping timeout: 61 seconds)
[07:17:46] <Escovan> Dit is wel een mooie visualisatie van de ´schrijnende ongelijkheid´ in de wereld: https://twitter.com/ProtestPics/status/722987504740253696
[07:31:12] *** Joins: Teckna (jonathan@52487D74.cm-4-1b.dynamic.ziggo.nl)
[07:48:43] *** Joins: wirky (werken@ip503c7f23.speed.planet.nl)
[08:01:07] <rogue> mogge
[08:01:31] <Hooglander1> Mogge
[08:01:43] * Hooglander1 zet de pot koffie in # tnet
[08:02:18] <rogue> \o/
[08:03:16] <rogue> wanneer heeft tozzert weer storingsdienst?
[08:03:27] <rogue> ik heb zin om iemand aan te moedigen
[08:05:08] * mimic paast de rogue een bakje koffie
[08:05:31] <rogue> \o/
[08:05:43] <rogue> wat een liefde hier op de vroege ochtend
[08:05:50] <mimic> mooi he
[08:05:54] <rogue> s/liefde/koffie
[08:06:00] *** Joins: DataGhostS (vincent@5ED2C6DE.cm-7-3d.dynamic.ziggo.nl)
[08:06:25] <mimic> same difference
[08:07:29] <Hooglander1> Week 19
[08:07:49] <Hooglander1> Over 2,5 week 
[08:08:36] <rogue> awesome
[08:12:55] *** Joins: smesjz (smesjz@dhcp-089-098-025-154.chello.nl)
[08:13:52] *** Joins: otwin (meh@213.154.252.196)
[08:17:35] *** Joins: zomertje (zomertje@pluizigenblauw.xs4all.nl)
[08:17:35] *** ChanServ sets mode: +o zomertje
[08:20:04] *** Joins: McM (mcm@213.144.242.196)
[08:22:39] *** Quits: McM (mcm@213.144.242.196) (Ping timeout: 60 seconds)
[08:23:44] <rogue> en is hier nog wat gebeurd verder?
[08:23:49] <rogue> rellen over helpdeskers?
[08:27:42] *** Joins: Tweakerbitch (Mibbit@216.4.56.160)
[08:28:35] *** Quits: Tweakerbitch (Mibbit@216.4.56.160) (Exit)
[08:31:56] <Hooglander1> Neuj
[08:32:02] <Hooglander1> Beetje dooie boel
[08:32:11] <Hooglander1> We hebben lade gedeporteerd
[08:32:11] <rogue> nouzeg
[08:32:17] <rogue> ah kijk
[08:32:35] <rogue> t was wat laat voor aborteren
[08:34:10] <Hooglander1> Ja zoiets
[08:34:16] <Hooglander1> Hoe ist met jou dan?
[08:34:23] <Hooglander1> Nog wat spannends gebeurd
[08:35:35] *** moto-moi|afk is now known as moto-moi
[08:51:04] * DizzyWeb gaapt wat
[08:51:09] <DizzyWeb> Meer koffie.
[08:53:00] *** Joins: aswen (aswen@lochem.swen.nu)
[09:05:03] <smesjz> hmm
[09:09:03] <rogue> Hooglander1: neuh, en met jou?
[09:09:17] *** Joins: tbosua (tbosua@office.hostnetbv.nl)
[09:13:47] <rogue> http://i.imgur.com/cMc4yyg.gifv
[09:21:39] <Nakebod> maar wrom
[09:23:30] <rogue> ipv een kisscam
[09:25:40] *** Joins: TNO (TNO@52D9D0A2.cm-11-1d.dynamic.ziggo.nl)
[09:28:34] <Dubbeldrank> Omdat je geen Amerikaan bent Nakebod
[09:30:35] <rogue> ik vind t wel humor
[09:34:47] <moto-moi> pff, toen michael jackson het deed was de wereld te klein!
[09:35:27] * moto-moi laat https://www.youtube.com/watch?v=9ElddgJCgyg even aan rogue zien omdat ze het vast niet meer weet
[09:39:14] <Hooglander1> rogue neuj, gaat zo zn gangetje eigenlijk
[09:41:11] *** Joins: McM (mcm@92.69.196.187)
[09:47:26] *** Joins: Huigie (Huigie@D57D516A.static.ziggozakelijk.nl)
[09:47:58] *** Quits: Boots (boots@0011110000110011.nl) (Ping timeout: 60 seconds)
[09:48:24] <rogue> wat
[09:48:34] <rogue> sinds wanneer heb ik een slecht geheugen moto-moi 
[09:48:43] <rogue> de belangrijke dingen onthoud ik toch in elk geval wel
[09:48:58] <rogue> Hooglander1: rijdt je plof nog lekker?
[09:49:08] *** Quits: McM (mcm@92.69.196.187) (Ping timeout: 60 seconds)
[09:49:40] <Hooglander1> ik heb sinds september een nieuwe he
[09:49:42] <Hooglander1> de Magna is foetsie
[09:49:48] <Hooglander1> Of had ik dat al eens geroepen?
[09:50:09] <Hooglander1> Maar die nieuwe rijd nog steeds heerlijk ja. Al zo'n 7000km mee gereden sindsdien
[09:50:45] *** Joins: McM (mcm@92.69.196.187)
[09:53:27] *** Joins: DinX (DinX___@ptr-2hj4tblnzznaeg1eef7kvc6n8.ip6.access.telenet.be)
[09:53:46] <rogue> ja geheid
[09:53:50] <rogue> maar mijn geheugen is goed
[09:54:47] <moto-moi> point proven.. :P
[09:55:54] <rogue> welk punt
[09:55:57] <rogue> waarmee
[10:01:45] <gdex> het was moto-moi, met een potloodpunt, in de woonkamer
[10:02:23] <Hooglander1> dan was het fee
[10:02:27] <Hooglander1> die een setup gecreerd heeft voor moto
[10:03:11] <rogue> moto-moi met een potlood
[10:03:15] <rogue> dat kan ik me wel voorstellen
[10:03:18] <rogue> leute mn koffie is op
[10:03:20] <rogue> algehele paniek
[10:04:10] <gdex> Hooglander1: fee zou het nooit zo doen dat ze er zelf voor gepakt zou worden
[10:04:23] <gdex> als het al duidelijk fee was, was het gewoon een medische oeps
[10:04:49] <gdex> rogue: kom maar een bakje halen dan
[10:05:10] <rogue> te ver
[10:05:13] <rogue> kan ik niet bij
[10:05:25] <rogue> *reikt*
[10:06:13] <gdex> dan houdt het op he
[10:06:25] <Hooglander1> gewoon gooien gdex
[10:06:47] <rogue> pcies
[10:07:31] <gdex> nu is het raam hier vies :/
[10:07:44] <rogue> binnenkant dan
[10:07:45] <rogue> kan je zo bij
[10:08:03] <gdex> je de binnenkant van het raam hier vies
[10:08:07] <gdex> open zetten is te ver
[10:08:20] <gdex> +is ergens
[10:08:26] *** Quits: zomertje (zomertje@pluizigenblauw.xs4all.nl) (Exit)
[10:08:27] <rogue> ja precies
[10:08:31] <rogue> dat schatte ik al zo in
[10:13:08] *** Joins: coreblink (coreblink@145.132.131.160)
[10:14:13] *** Joins: Jeroen (Jeroen@145.94.212.214)
[10:16:09] *** Joins: fee-tje (fee-tje@137-109-201-31.ftth.glasoperator.nl)
[10:21:23] *** Quits: McM (mcm@92.69.196.187) (Ping timeout: 61 seconds)
[10:22:02] *** Quits: Jeroen (Jeroen@145.94.212.214) (Ping timeout: 60 seconds)
[10:22:39] *** Joins: Jeroen (Jeroen@ip82-139-124-155.lijbrandt.net)
[10:43:27] *** Joins: Ziz (Mibbit@129.253.243.10)
[10:45:06] <Erik> bloemen waren optijd Ziz?
[10:46:08] <Ziz> Jup
[10:46:21] <Ziz> waren wel groter dan ik had verwacht... 
[10:47:09] <Jeroen> de secretaresses?
[10:47:10] <Jeroen> iew
[10:47:13] <mimic> hoeveel kuub?
[10:47:15] <gdex> is het secretaressedag vandaag?
[10:47:31] <Jeroen> heb je nog geen bloemen gekregen, gdex?
[10:47:31] <Jeroen> aww
[10:47:51] <gdex> degene die naast me zit neemt al de hele week de telefoon op
[10:47:55] <gdex> ik heb niks voor hem
[10:48:04] <Ziz> Breng hem een bloemetje
[10:48:08] <mimic> gdex: https://scontent-frt3-1.xx.fbcdn.net/hphotos-xla1/t31.0-8/s960x960/13063429_1350787464935061_960025103890691746_o.jpg
[10:48:13] <DataGhostS> je mag wel een walnoot van me kopen gdex 
[10:48:22] <DataGhostS> kan je m kado doen
[10:48:28] <gdex> ik vind mimic's idee beter
[10:48:52] <mimic> logisch
[10:49:00] <gdex> nee het is wel een uitzondering
[10:49:09] <mimic> ...logisch :C
[10:49:14] <mimic> meeting, afk
[10:49:19] <gdex> gaat 'ie gelijk weg he
[10:49:30] <gdex> hij heeft niet eens rogue koffie gegeven
[10:49:53] <Jeroen> rogue is ook te druk met secretaressedag
[10:50:29] <gdex> en jij bent zelf veel te druk met je scriptie toch?
[10:50:35] <gdex> hoe ver ben je eigenlijk?
[10:50:40] <Jeroen> ik zit ff een mailtje af te wachten
[10:50:42] <gdex> (ben nu wel echt benieuwd eigenlijk)
[10:50:55] <Jeroen> niet ver genoeg 
[10:50:58] <gdex> :+
[10:51:01] <gdex> hoe lang heb je nog?
[10:51:07] <Jeroen> depends
[10:51:10] <Jeroen> dat is het kutte
[10:51:18] <gdex> hangt af van het mailtje?
[10:51:20] <Jeroen> ik ben een flinke tijd ziek geweest
[10:51:24] <Jeroen> deels
[10:51:28] <Jeroen> dus ik krijg extra tijd
[10:51:31] <Jeroen> maar hoeveel extra...
[10:51:34] <gdex> oei
[10:51:45] <gdex> laf gedoe, daarvoor compenseren
[10:51:48] <gdex> dat deden ze bij ons niet
[10:51:54] <Jeroen> daarom waardeer ik het gekut rond m'n scriptie ook niet zo, eigenlijk :+
[10:52:03] <gdex> explains
[10:52:13] <gdex> ik zal het niet vaker dan 1x per week meer vragen ;)
[10:52:22] <Jeroen> :p
[10:52:39] <gdex> geen idee hoe dat bij ons zou gaan eigenlijk
[10:52:53] <Jeroen> bureaucratisch
[10:52:54] <gdex> dat was gewoon "je hebt 6 maanden (geschaald naar deeltijdfactor), plus max 3 maanden uitloop"
[10:52:55] <Jeroen> zo zou het gaan
[10:53:13] <gdex> heb nergens gelezen dat daar uitzonderingen op mogelijk zijn als je eenmaal begonnen bent
[10:53:25] <Jeroen> er zal altijd een hardheidsclausule zijn
[10:53:51] <gdex> je mag oneindig vaak opnieuw beginnen, dus tja
[10:54:23] <Jeroen> ja maar op de EUR zijn er vaste momenten daarvoor
[10:54:27] <Jeroen> dus dat gaat niet gebeuren
[10:54:28] *** Quits: coreblink (coreblink@145.132.131.160) (Exit)
[10:54:49] <Jeroen> maarja de supervisor doet nogal moeilijk
[10:55:13] <Jeroen> enerzijds omdat ie het proces op de uni niet zo goed begrijpt (werkt er nog niet zo lang) en anderzijds omdat 't gewoon een beetje een moeilijke vent is
[10:55:45] <Jeroen> mgoed
[10:55:53] <gdex> klinkt als feest
[10:56:03] <gdex> moeilijke vent als supervisor is wel naar
[10:56:09] <Jeroen> ja
[10:56:18] <Jeroen> ik heb 'm dus al een keer om nieuwe deadlines gevraagd
[10:56:34] <Jeroen> krijg ik terug "ja ik wil eerst progress zien" met een copypaste erbij van z'n vorige mail met "lees dit nog eens"
[10:56:42] <Jeroen> ja thanks, handig als ik deadliens voor dat progress wil zetten
[10:56:44] *** Quits: tbosua (tbosua@office.hostnetbv.nl) (Exit)
[10:57:00] <Jeroen> hij heeft ook een keer een document gestuurd van "ik heb je dit al eens gestuurd en hier staat alles in"
[10:57:04] <Jeroen> had ie nog nooit gestuurd
[10:57:18] <gdex> escaleren?
[10:57:19] <mimic> gdex: 08:05:08            * | mimic paast de rogue een bakje koffie
[10:57:23] <mimic> ff rustig he
[10:57:27] <gdex> die was alweer op mimic 
[10:57:29] <gdex> wel blijven lezen
[10:57:34] <mimic> o
[10:57:34] <Jeroen> mja de communicatie van mijn kant op is ook niet ideaal geweest
[10:57:38] <mimic> ¯\(°_o)/¯
[10:57:40] <Jeroen> verder is het wel zo dat ie nog niet veel gezien heeft
[10:57:47] <Jeroen> (ik ben eigenlijk een beetje bang om shit in te leveren)
[10:57:54] <Jeroen> mgoed
[10:58:30] <DizzyWeb> Je moet ook geen shit inleveren.
[10:58:33] <smesjz> Jeroen: je kan toch gewoon afspraak op uni maken om face to face door te spreken? Werkt veel beter dan dat gemail iedere keer is mijn ervaring met scripties
[10:58:40] <Jeroen> mja smesjz 
[10:58:56] <Jeroen> laatste keer dat ik dat probeerde "ik wil eerst wat ingeleverd zien en dan bepaal ik wel of we IRL kunnen meeten"
[10:58:58] <Jeroen> letterlijk
[10:59:28] <smesjz> ah, dat klinkt motiverend
[10:59:32] <Jeroen> ja he
[11:02:48] <Lin> nja als je vastloopt.. is er dan geen docent die je kan vragen om hulp die niet over je scriptie gaat?
[11:03:22] <Jeroen> not really
[11:04:41] <smesjz> zelfs een kantoorbaan is nog minder erg
[11:04:55] <Jeroen> 't is natuurlijk ook voornamelijk mijn schuld, als ik een rottig mailtje krijg is het vooral "fuck you en fuck deze shit" en voer ik een week niks uit
[11:05:24] <mimic> daar heb je alleen jezelf mee :+
[11:05:24] <DizzyWeb> Hehe. Mja, dat schiet ook niet zo op.
[11:05:36] <Jeroen> mja
[11:08:41] <Escovan> OJEEE PRIMEUR TERREUR!!!!111
[11:08:50] <Escovan> Onbeheerde koffers in Rotterdam!
[11:08:54] <Escovan> KOFFERS!
[11:09:13] <Escovan> https://twitter.com/Politie_Rdam/status/723065114535038976
[11:09:24] <smesjz> Jeroen: voorwoord al wel klaar? 
[11:12:43] <Jeroen> voorwoord klaar, lit review moet ik nog uitschrijven, modellen klaar, code klaar, data verzameld
[11:13:15] <Jeroen> nouja lit review is 90% al uitgescheven
[11:13:31] <Jeroen> als ik me gewoon goed voelde zou ik dat ding in 2 weken uitpoepen
[11:13:32] <Jeroen> maarja
[11:14:01] <mimic> DOE HET DAN
[11:14:34] <Escovan> Zo gewoon is het niet om je goed te voelen
[11:14:58] <mimic> ff rustig Escovan 
[11:15:12] <mimic> ik voel mij uitstekend, los van het feit dat ik teveel werk op mij neem
[11:15:20] <mimic> het een sluit het ander niet uit
[11:15:42] <Huigie> rustaaaaag
[11:18:46] <Jeroen> ik zie wel waarom ik geen email terug krijg
[11:18:50] <Jeroen> netwerk van de uni is stuk
[11:18:52] <Jeroen> goed bezig
[11:20:57] *** Quits: DataGhostS (vincent@5ED2C6DE.cm-7-3d.dynamic.ziggo.nl) (Exit)
[11:21:42] <mimic> lekker
[11:21:45] <mimic> altijd wat met die uni's
[11:24:20] *** Joins: DataGhostS (vincent@5ED2C6DE.cm-7-3d.dynamic.ziggo.nl)
[11:26:47] <Ziz> Microsoft is ook een stel beunhazen. Wilde bij Heineken met Microsoft Nederland voor 5mil Enterprise CAL's afsluiten met als voorwaarden dat als ze een brouwerij sluiten en de cals over kunnen nemen naar een andere brouwerij. Microsoft Nederland zegt Nee... twee weken later opent Heineken een brouwrij in Brazilië. Vraagt hetzelfde aan Microsoft Bra. 
[11:27:00] <Ziz> Die zeggen Tuurlijk. Doen we wel even. 
[11:27:25] <Ziz> Bam 5mil aan licenties naar Microsoft Brazil ipv Nederland
[11:27:27] <Ziz> Sukkels
[11:27:43] <GekkePrutser> Sowieso raar dat je je CALs binnen je eigen bedrijf niet mee kan nemen naar een andere vestiging
[11:27:49] <Ziz> juist
[11:27:56] <Escovan> Tja, dat is denk ik ook een stukje cultuur. Nederlanders in kantoorfuncties zijn niet zelden procedure volgende komma neukers.
[11:27:59] <GekkePrutser> Wij doen dat regelmatig met bijv. Avaya telefoon licenties
[11:28:01] <DataGhostS> nja het is natuurlijk niet helemaal hetzelfde bedrijf
[11:28:06] <DataGhostS> want buitenland
[11:28:17] <GekkePrutser> Ja maar ook internationaal doen we dat
[11:28:17] <Ziz> GekkePrutser: avaya doet daar niet moeilijk over. Cisco ook niet
[11:28:22] <Ziz> Het is puur Mickysoft
[11:28:46] <GekkePrutser> Ah dat wist ik niet, ik werk vooral aan de telecom kant
[11:30:09] <Ziz> Heb bij Western Digital Avaya call manager draaien. Bij Unilever Cisco. Geen probleem. Maar oh wee als je licenties van Microsoft over de grens mee neemt.
[11:30:44] <Ziz> Aan de andere kant. Bij Western Digital gingen ze verhuizen van Schiphol naar hoofddorp. En wilde hun 020 nummers mee nemen.
[11:30:49] <Ziz> Dat was wel een dingetje
[11:30:54] <GekkePrutser> hehe
[11:31:03] <Ziz> 112 moest gereroute worden naar een lokaal hoofddorp nummer
[11:31:04] <GekkePrutser> Daar zijn ze in NL ook wel streng mee ja
[11:32:10] <GekkePrutser> Maar het is ook wel begrijpelijk voor 112, telefoontjes naar 112 vanaf vaste nummers gaan direct naar de lokale meldkamer, en als die hem door moeten sturen naar een andere dan kost dat extra tijd
[11:33:28] <Ziz> Jup
[11:34:05] <Ziz> Dus gewoon een vast lijntje aan leggen met lokaal nummer en die laten uitbellen zodra 112 getoetst is
[11:34:24] <GekkePrutser> Ja idd dat is makkelijk op te lossen
[11:35:03] *** Joins: grid (grid@dhcp-089-099-194-232.chello.nl)
[11:36:12] <Escovan> http://nieuwspaal.nl/hier-op-kantoor-is-intimiteit-gewoon-belangrijk/
[11:37:14] <Ziz> Pff bloemen was niet genoeg hoor. Vroeg de dames of ze nog iets specifieks wilde lunchen. Heel charmant is het KFC
[11:37:27] <Jeroen> hahaha
[11:37:32] <Huigie> :D
[11:37:40] <Ziz> volgens mij zit er een langs de a4 toch?
[11:37:46] <Huigie> yup
[11:38:24] <Hooglander1> Ziz dan heb je wel toffe secretaresses :D
[11:38:42] <Ziz> hongerige
[11:38:51] <Ziz> Dat ook
[11:40:39] <Ziz> Ze moeten spontaan zijn, snugger qua denk niveau (hoeft niet binnen een specifiek vakgebied) en schouders er onder willen zetten. Want ik geef die van mij altijd veel verantwoordelijkheid. Niet alleen dom notuleren en telefoontjes op nemen
[11:43:03] <Hooglander1> Zo hebben wij een paar office managers
[11:43:09] <Hooglander1> Maar die doen ook gewoon -alles- zowat
[11:44:06] <GekkePrutser> Bestaan er nog secretaresses die alleen notuleren en de telefoon opnemen dan?
[11:44:12] <GekkePrutser> Bij ons hebben ze allemaal wel nevenfuncties
[11:44:20] <GekkePrutser> En voor notuleren hebben ze geen tijd want ze werken voor verschillende mensen
[11:44:46] <DataGhostS> http://www.unusualattractions.com/wp-content/uploads/2015/03/if_you_know_what_i_mean_127_by_zeflyingmuppet-d810kjr.png
[11:45:00] <Hooglander1> touche DataGhostS
[11:45:38] <GekkePrutser> lol
[11:45:51] <GekkePrutser> Dat bedoelde ik niet eens :)
[11:46:44] <Ziz> "Nevenfuncties: 
[11:46:56] <GekkePrutser> Ik bedoelde meer dingen als reiscoordinator, trainingscoordinator dat soort dingen
[11:47:04] <Ziz> Nou Ik heb wel eens te jonge te knappe meisjes bij te vieze te oude mannetjes gezien.
[11:47:23] <Ziz> als gezelfschap tijdens zakenreizen
[11:47:45] <Hooglander1> doen ze in de baltische staten nog wel eens
[11:47:53] <Hooglander1> zo kunnen knappe dames hun universiteit betalen
[11:47:57] <Ziz> Echt te vies voor woorden
[11:48:02] <Ziz> idd
[11:48:36] <Hooglander1> Tjah... als je het alternatief weet valt het soms ook wel mee
[11:48:44] <Hooglander1> Het is erg makkelijk te oordelen vanuit de Nederlandse positie
[11:52:08] *** Quits: smesjz (smesjz@dhcp-089-098-025-154.chello.nl) (Exit)
[11:55:48] *** Joins: McM (mcm@92.69.196.187)
[12:01:27] <Lin> je ziet het toch in amerikaanse series ook vaak zat, dat ze escort is om dr studie te bekostigen..
[12:02:13] *** Joins: tbosua (tbosua@office.hostnetbv.nl)
[12:06:40] <rogue> net als ryan reynolds in blade 3
[12:06:45] <rogue> 'I date a lot of older men'
[12:06:57] <Jeroen> gebeurt in het VK ook veel
[12:06:59] <Jeroen> apparently
[12:07:20] <Jeroen> http://www.dailymail.co.uk/news/article-3014158/One-20-students-turning-sex-industry-pay-way-university.html
[12:20:13] *** Quits: rhod (rhod@86.85.193.196) (Exit)
[12:21:42] *** Quits: McM (mcm@92.69.196.187) (Ping timeout: 66 seconds)
[12:32:41] *** Joins: Boots (boots@0011110000110011.nl)
[12:37:52] *** Quits: fee-tje (fee-tje@137-109-201-31.ftth.glasoperator.nl) (Exit)
[12:40:54] *** Quits: wirky (werken@ip503c7f23.speed.planet.nl) (Ping timeout: 61 seconds)
[12:47:34] *** Joins: mrwazoo (mrwazoo@h102136.upc-h.chello.nl)
[12:55:16] *** Joins: fee-tje (fee-tje@137-109-201-31.ftth.glasoperator.nl)
[12:55:35] <Hooglander1> fee-tje!
[12:55:46] <fee-tje> hooooooooog
[12:59:26] <DizzyWeb> laaaaaaaag
[13:00:49] <Hooglander1> nie so he DizzyWeb
[13:04:10] <DizzyWeb> Wrom nie? :o
[13:13:53] <gdex> 1 a te weinig
[13:14:14] *** Joins: kees (kees@office.tweaknet.net)
[13:15:41] <Hooglander1> en ik ben hoog, niet laag
[13:15:44] <Hooglander1> kom op nou zeg
[13:16:41] <DizzyWeb> Ja, want "hooooooog" is per defnitie jij :P
[13:18:01] <gdex> dat wel
[13:18:04] <gdex> hij is immers nummer 1
[13:18:19] <Hooglander1> gdex begrijpt het
[13:18:27] <DizzyWeb> Oh. Nou, my bad.
[13:18:57] <Ziz> Zo
[13:19:01] <Ziz> RIP plofkip
[13:19:14] *** Joins: GodFather (p00p@a83152.upc-a.chello.nl)
[13:19:40] *** Joins: Saggler (Saggler@131-052-158-163.dynamic.caiway.nl)
[13:21:55] *** Quits: kees (kees@office.tweaknet.net) (Exit)
[13:24:53] *** Joins: kees (kees@2001:610:600:8774:a9fd:a28:6445:e40d)
[13:43:48] *** Quits: kees (kees@2001:610:600:8774:a9fd:a28:6445:e40d) (Input/output error)
[13:45:19] *** Joins: DinX_Werk (DinX@out.helics.leuven.be)
[13:52:32] *** Joins: chem (chem@112.198.83.46)
[13:52:42] <chem> wolla
[13:53:17] <Ziz> o.o
[13:53:45] <gdex> moet je geen vakantie houden chem 
[13:54:12] <chem> doe ik toch
[13:54:25] <chem> morgen rondje met een bootje
[13:54:35] <chem> en dan over paar dagenn
[13:54:39] <chem> en dan over paar dagen naar iets anders
[13:54:45] <Ziz> als op irc zitten werk ga ik facturen sturen naar kees
[13:54:50] <mimic> Hypothyreoïde na jood-131-behandeling i.v.m. hyperthyreoïdie
[13:54:53] <chem> en dan weten we het niet want alles is vol
[13:54:53] <mimic> w0t
[13:55:09] <gdex> Ziz: alleen kees mag dat als werk opschrijven
[13:55:15] <gdex> hij moet namelijk kijken of de servers het nog doen
[13:55:16] <Ziz> :(
[13:55:21] <Ziz> uhu
[13:55:29] <mimic> wat een held
[13:55:31] <mimic> ;)
[13:55:31] <Ziz> ipv ping irc.tweakers.net doet die dit
[13:55:34] <chem> mission critical
[13:56:08] <DataGhostS> heb je t koud mimic ?
[13:56:15] <Ziz> Dan doet kees op dit moment zijn werk niet :o
[13:56:19] <mimic> nop
[13:56:39] <Ziz> je zal volgende week maar een weekje vrij zijn <3
[13:56:51] <mimic> je zou maar eigen baas zijn
[13:56:51] <Hooglander1> ik denk dat we hier sneller zijn dan een ping of een andere test script :+
[13:56:55] <chem> ja
[13:56:56] <chem> dat zal je toch overkomen
[13:56:59] <Hooglander1> sterker nog, dat hebben we vaak bewezen +:
[13:57:02] <chem> en dan nog 30 weken ofzo
[13:57:11] <Ziz> pff
[13:57:17] <Ziz> Onbetaald :P
[13:57:26] <chem> ik krijg huur :P
[13:57:31] <Ziz> idd!
[13:57:34] <chem> en zorgtoeslag geloof ik
[13:57:50] <DataGhostS> in verweggistan ja?
[13:58:18] <chem> tuurlijk
[13:58:29] <Ziz> blijft gewoon een boere hollander
[13:58:35] <Ziz> met een boers paspoort
[13:58:43] <chem> volgende week ook 3,5kg aan onnodige meuk terug naar .nl sturen
[13:58:43] <mimic> ik ruik jaloezie
[13:58:48] <mimic> coke?
[13:59:01] <DataGhostS> :P
[13:59:19] <chem> nee geen coca-cola
[13:59:28] <mimic> coke.
[13:59:33] <mimic> sos
[13:59:38] <mimic> etc
[13:59:40] <mimic> ¯\(°_o)/¯
[13:59:41] <chem> de witte motor?
[13:59:45] <DataGhostS> ja die ja
[13:59:46] <mimic> precies
[13:59:47] <gdex> 3.5kg aan buitgemaakt briefgeld
[13:59:50] <Hooglander1> de kapotte behuizing?
[13:59:52] <chem> uhm nee.
[13:59:55] <chem> waarom zou ik dat wegsturen
[14:00:04] <mimic> hehe, doe mij de 3.5kg aan coke maar ipv 3.5kg briefgeld
[14:00:09] <chem> gdex aka 4 euro 23 ?
[14:00:22] *** Quits: Saggler (Saggler@131-052-158-163.dynamic.caiway.nl) (Exit)
[14:00:24] <chem> Hooglander1 nee die moet ook nog naar de states (14kg)
[14:00:32] <mimic> ik *gok* dat de drugs meer waard is
[14:00:33] <chem> nee allemaal dingen waarvan ik niet eens meer weet wat
[14:01:07] <chem> een jurk, een speelgoed ding, boekjes, ongebruikte schoenen
[14:01:08] <chem> zegt de fray
[14:01:18] <chem> frau*
[14:01:19] <gdex> mimic: 3.5kg aan 500euro-briefjes?
[14:01:26] <mimic> eens rekenen
[14:01:38] <Huigie> doe mij die briefjes maar idd
[14:01:38] <mimic> per gram is coke 40-70euro
[14:01:43] <mimic> dus laten we van 40 uitgaan
[14:01:50] *** Joins: McM (mcm@92.69.196.187)
[14:01:51] <Huigie> kom je een stuk makkelijker vanaf...
[14:02:01] <mimic> das waar
[14:02:14] <gdex> 8.5g voor een 500e biljet vind ik even snel volgens google
[14:02:14] <chem> mimic en hoeveel tijd en risico is het om dat om te zetten naar geld?
[14:02:16] <mimic> maar denk je dat 3.5kg briefjes van 500 minder is dan 140.000?
[14:02:21] <mimic> ach, details
[14:02:29] <gdex> kan niet kloppen
[14:02:30] <chem> :P
[14:02:42] <gdex> 8.5g is een 2 euro munt 8)7
[14:02:43] <gdex> rare google
[14:02:47] <gdex> beetje vreemd samenvatten
[14:03:16] <gdex> maar een 500e biljet weegt wel minder dan een 2 euro munt
[14:03:30] <gdex> dan kom je uit op minimaal ruim 58 euro per gram
[14:03:51] <mimic>  De grootste en zwaarste noot is de violette vijfhonderd. Hij weegt 1,12 gram en heeft een moderne architectuur. 
[14:03:56] <mimic> 1,12 gram dus
[14:04:00] <gdex> ah kijk
[14:04:04] <mimic> hmmm
[14:04:06] <mimic> ok
[14:04:12] <gdex> dat is bijna 450e/g
[14:04:21] <gdex> scheelt iets :+
[14:04:26] <gdex> maar je moet minimaal 50e-briefjes hebben dus
[14:04:27] <mimic> doe mij de briefjes maar
[14:04:41] <mimic> 500 in 3.5 kg is 1,5 miljoen
[14:04:43] <mimic> :+
[14:04:48] <DataGhostS> http://dataghost.se/~dataghost/IMG-20160419-WA0014.jpg mimic 
[14:05:07] <mimic> ik word altijd misselijk als ik pepsi
[14:05:28] <chem> mimic zou je dat bij de douane moeten aangeven?
[14:05:37] <mimic> ligt er aan hoe hard je kunt rennen
[14:06:00] <chem> naar de gate?
[14:06:15] <mimic> naar buiten :+
[14:06:31] <DataGhostS> mwoah
[14:06:31] <mimic> nah
[14:06:32] <DataGhostS> https://www.youtube.com/watch?v=vecLzLMGlHI
[14:06:42] <mimic> met de vliegtuig gaat t je niet echt lukken :C
[14:06:45] <chem> jongens ik kan toch niks met die linkjes
[14:06:51] <chem> 2.1kb/s
[14:07:09] <chem> DataGhostS's jpg is nu ingeladen t/m eht midden van 'hell yeah' (gok ik)
[14:07:55] <mimic> DataGhostS: te flauw
[14:07:57] <mimic> :')
[14:08:31] <gdex> chem: regel 1: je mist niks als je niet op DataGhostS's linkjes klikt
[14:08:48] <chem> klik 'm aan ouwe
[14:08:50] <chem> allemaal.
[14:09:13] <DataGhostS> gdex, heb je kennelijk iets gemist
[14:09:25] <DataGhostS> ik heb een tijdje geleden eentje gepost waar de eerste persoon die zn mailadres achterlaat 500 euro krijgt
[14:09:32] <DataGhostS> heeft nog niemand op geklikt
[14:09:40] <mimic> clickbait
[14:10:02] <gdex> bluf
[14:10:09] <DataGhostS> ja nu ga ik t niet vertellen
[14:10:10] <DataGhostS> zoek maar
[14:10:45] <chem> pepsi is sowieso goor.
[14:10:49] <chem> (eindelijk binnen)
[14:10:52] <mimic> idfd
[14:13:30] *** Quits: TNO (TNO@52D9D0A2.cm-11-1d.dynamic.ziggo.nl) (Input/output error)
[14:17:54] *** Quits: chem (chem@112.198.83.46) (Exit)
[14:20:47] <Ziz> ctrl + cnd + r
[14:20:53] <Ziz> favo shortcut
[14:21:03] <Ziz> cmd*
[14:24:57] *** Quits: Jeroen (Jeroen@ip82-139-124-155.lijbrandt.net) (Exit)
[14:25:48] *** Quits: fee-tje (fee-tje@137-109-201-31.ftth.glasoperator.nl) (Exit)
[14:35:11] *** Quits: Teckna (jonathan@52487D74.cm-4-1b.dynamic.ziggo.nl) (Ping timeout: 66 seconds)
[14:35:44] *** Joins: Teckna (jonathan@52487D74.cm-4-1b.dynamic.ziggo.nl)
[14:37:46] *** Joins: PCR (PCR@D9642D35.static.ziggozakelijk.nl)
[14:39:09] *** Parts: PCR (PCR@D9642D35.static.ziggozakelijk.nl) ()
[14:39:37] *** Joins: Jeroen (Jeroen@wlan-145-94-194-74.wlan.tudelft.nl)
[14:39:43] *** Quits: Jeroen (Jeroen@wlan-145-94-194-74.wlan.tudelft.nl) (Exit)
[14:40:57] *** Quits: otwin (meh@213.154.252.196) (Input/output error)
[14:40:58] *** Joins: PCR (PCR@D9642D35.static.ziggozakelijk.nl)
[14:52:42] *** Joins: wirky (werken@ip503c7f23.speed.planet.nl)
[15:13:22] *** Joins: rhod (rhod@86.85.193.196)
[15:20:53] *** Quits: McM (mcm@92.69.196.187) (Ping timeout: 66 seconds)
[15:41:33] *** Joins: zomertje (zomertje@pluizigenblauw.xs4all.nl)
[15:41:33] *** ChanServ sets mode: +o zomertje
[15:50:39] *** Joins: otwin (meh@213.154.252.196)
[15:52:28] *** Quits: wirky (werken@ip503c7f23.speed.planet.nl) (Exit)
[15:53:17] *** Quits: PCR (PCR@D9642D35.static.ziggozakelijk.nl) (Exit)
[15:57:13] *** Joins: PCR (PCR@D9642D35.static.ziggozakelijk.nl)
[16:09:49] <PCR> Voor de taalkundigen alhier: wat is een goed gebekt meervoud voor software?
[16:09:56] <PCR> Softwares is een beetje vreemd
[16:10:48] *** Quits: GodFather (p00p@a83152.upc-a.chello.nl) (Exit)
[16:11:10] <DataGhostS> software is ontelbaar
[16:11:36] <DataGhostS> of al impliciet meervoud
[16:11:48] <DataGhostS> zeker geen enkelvoud, want het is 'een stuk software'
[16:11:52] <DataGhostS> of 'een programma'
[16:11:52] <DataGhostS> of ...
[16:12:21] <PCR> Eens, maar de volgende zin: 'Op een computer staan allerlei soorten software geïnstalleerd'
[16:12:28] <PCR> Dat leest toch raar of niet?
[16:12:31] <DataGhostS> nee
[16:12:41] <DataGhostS> je verplaatst het telbare woord naar buiten software
[16:12:43] <DataGhostS> in dit geval soorten
[16:12:50] <DataGhostS> stuks kan ook maar dat vind ik dan wel raar taalgebruik
[16:13:25] <DataGhostS> kan zijn dat mijn onderbuik het misheeft en de vandale het niet eens is met mijn telbaarheid mgoed
[16:13:29] <PCR> maar 'staan' verwijst toch naar 'software' en niet 'soorten' lijkt mij
[16:13:48] <DataGhostS> de groep mensen staat buiten
[16:13:53] <DataGhostS> de mensen staan buiten
[16:14:06] <DataGhostS> soort van hetzeldfe idee
[16:14:25] *** Joins: Guyver2 (Guyver2@guyver2.xs4all.nl)
[16:14:31] <DataGhostS> volgens de vandale heeft software ook geen meervoud
[16:15:14] <PCR> ja ok, bedankt voor de info!
[16:19:31] *** Quits: DataGhostS (vincent@5ED2C6DE.cm-7-3d.dynamic.ziggo.nl) (Ping timeout: 66 seconds)
[16:32:30] *** moto-moi is now known as moto-moi|afk
[16:39:17] *** Joins: Resistor (Resistor@ip5456d91b.speed.planet.nl)
[16:43:59] *** Prof_Away^^ is now known as Prof_NaPo^^
[16:45:23] <Prof_NaPo^^> geen probleem PCR 
[16:45:25] <Prof_NaPo^^> daar zijn wij voor
[16:45:27] <Prof_NaPo^^> wij zijn een helpdesk
[16:45:34] <Prof_NaPo^^> Hooglander1 is hoofd-helpdesk
[16:45:47] <Hooglander1> nee dat is tozzert
[16:45:49] *** Quits: Resistor (Resistor@ip5456d91b.speed.planet.nl) (Ping timeout: 66 seconds)
[16:45:56] <gdex> jij bent de manager Hooglander1 
[16:45:58] <gdex> tozzert is het werkvolk
[16:46:13] <Prof_NaPo^^> ah, tozzert zit in de spreekwoordelijke loopgraven
[16:46:24] <gdex> hoezo spreekwoordelijk?
[16:46:32] *** Joins: Resistor (Resistor@ip5456d91b.speed.planet.nl)
[16:46:42] <Prof_NaPo^^> ik ben nooit in de fysieke helpdesk geweest gdex 
[16:46:49] <Prof_NaPo^^> ik ging er van uit dat het spreekwoordelijk was
[16:47:41] <Prof_NaPo^^> doet me deugd dat het niet spreekwoordelijk blijkt te zijn
[16:47:52] <PCR> lol, ik zie jullie niet als helpdesk anders wordt het een beetje één-richtingsverkeer
[16:47:58] <PCR> u vraagt, wij draaien
[16:48:31] <Prof_NaPo^^> oh inderdaad, wij zijn geen helpdesk, maar sinds Maart 2014 zijn wij een servicedesk geworden
[16:48:31] <PCR> ben altijd blij als iemand ff meedenkt
[16:48:42] <Huigie> softwarez
[16:49:41] <Prof_NaPo^^> noem het gewoon ¨een zorgvuldig samengestelde software suite¨
[16:49:43] <Huigie> hardwaren
[16:55:11] <Prof_NaPo^^> stem + en toch?
[16:55:14] <Prof_NaPo^^> dus hardwareen
[16:58:07] <Huigie> nu maak je die jongen in de war joh
[16:59:56] <PCR> ja maar hardware eindigt op een zoute e
[17:00:04] <PCR> en dan geldt het niet
[17:00:11] <Prof_NaPo^^> hmm dan moet er een  ß bij toch?
[17:00:35] *** Joins: Robin (robin@5419F052.cm-5-2d.dynamic.ziggo.nl)
[17:00:35] *** ChanServ sets mode: +v Robin
[17:00:48] <PCR> ja een kringel-s
[17:04:38] <GekkePrutser> Een pretzel :9
[17:07:00] <PCR> een pretzel-s dan :P
[17:08:00] *** Quits: rhod (rhod@86.85.193.196) (Exit)
[17:11:52] *** Joins: wirky (werken@ip503c7f23.speed.planet.nl)
[17:15:03] <tozzert> trutten
[17:15:07] <tozzert> en Huigie
[17:15:13] <Huigie> poepie
[17:20:40] *** Joins: feej (Mibbit@62.12.7.36)
[17:21:05] <feej> hola \o/
[17:23:06] *** Joins: Jeroen (Jeroen@ip82-139-124-155.lijbrandt.net)
[17:33:10] <feej> iedereen zit bij de vrouw aan de aardappels?
[17:33:33] <Spacecowboy> nope
[17:33:47] <Spacecowboy> zo eens ff pizza bestellen
[17:33:53] <Spacecowboy> mijn zuipavond is verzet naar morgen
[17:33:54] <Spacecowboy> :(
[17:34:30] <feej> jij hebt tenminste nog een zuipavond
[17:34:41] <Jeroen> ik heb rijst aan de kook
[17:34:43] <Prof_NaPo^^> bij jouw is het de standaard feej?
[17:34:43] <Jeroen> geen aardappels
[17:34:44] <Jeroen> !
[17:34:48] <Spacecowboy> sowieso
[17:34:50] <Prof_NaPo^^> *jou
[17:34:52] <Spacecowboy> aardappels
[17:34:52] <Spacecowboy> :r
[17:35:29] <feej> nja ik zie niemand aanwezig
[17:35:36] <feej> en ik verveel me de tyfus
[17:35:48] <Prof_NaPo^^> dan ga je kantklossen
[17:36:18] <feej> mja ik ben mn breiwerkje vergeten
[17:36:25] <tozzert> aardappelanders en soortgelijken
[17:36:26] <tozzert> :9
[17:36:27] <tozzert> omnom
[17:36:43] <tozzert> of zuurkoolschotel met aardappelschijffies
[17:36:51] <Spacecowboy> gross
[17:37:09] <feej> nomnomnom
[17:37:25] <feej> ik had kikkererwtensalade
[17:42:01] *** Quits: aswen (aswen@lochem.swen.nu) (Exit)
[17:43:08] <Jeroen> m'n rijst is klaar
[17:43:11] <Jeroen> zo ff de lamsbouten in de pan
[17:43:13] <Jeroen> :9
[17:43:17] <Spacecowboy> nice
[17:43:43] <Jeroen> weet alleen niet echt wat voor groente ik erbij moet eten
[17:43:51] <Huigie> spruitjes
[17:44:11] <Huigie> brocolli
[17:44:24] <Huigie> spinazie
[17:44:53] <SJ> boontjes
[17:45:20] <SJ> haricot verts als je decadent wil doen
[17:46:26] <Huigie> ook lekker
[17:46:36] <Tomcat_ha> https://scontent.ford1-1.fna.fbcdn.net/hphotos-xpt1/v/t1.0-9/12990870_10154144971658792_1391586201112588903_n.jpg?oh=521225b1e08405c124758e3234e76678&oe=57A8F501
[17:46:37] <Huigie> roomboter sausje erop
[17:59:56] *** Quits: Resistor (Resistor@ip5456d91b.speed.planet.nl) (Exit)
[18:02:25] *** Quits: Huigie (Huigie@D57D516A.static.ziggozakelijk.nl) (Connection reset by peer)
[18:02:39] *** Joins: Huigie (Huigie@D57D516A.static.ziggozakelijk.nl)
[18:05:06] *** Joins: Francis (Francis@5468C56E.cm-12-1d.dynamic.ziggo.nl)
[18:05:37] <Francis> ohai
[18:09:00] *** Quits: Teckna (jonathan@52487D74.cm-4-1b.dynamic.ziggo.nl) (Ping timeout: 60 seconds)
[18:11:10] *** Joins: Resistor (Resistor@ip5456d91b.speed.planet.nl)
[18:14:03] *** Quits: tbosua (tbosua@office.hostnetbv.nl) (Exit)
[18:15:17] *** Quits: Resistor (Resistor@ip5456d91b.speed.planet.nl) (Exit)
[18:23:47] *** Quits: FlutterShy (guntherdw@znc.s.wrongplace.be) (Exit)
[18:24:16] *** Joins: FlutterShy (guntherdw@znc.s.wrongplace.be)
[18:28:00] *** Joins: Teckna (jonathan@52487D74.cm-4-1b.dynamic.ziggo.nl)
[18:30:26] *** Joins: Resistor (Resistor@ip5456d91b.speed.planet.nl)
[18:32:29] *** Quits: feej (Mibbit@62.12.7.36) (Exit)
[18:36:06] *** Joins: Stuiterbal (Stuit@2001:980:5281:1:90eb:d236:8a0a:dee5)
[18:37:38] *** Joins: coreblink (coreblink@145.132.131.160)
[18:43:15] *** Joins: Wussie (wussie@220-251.ftth.onsbrabantnet.nl)
[18:45:11] *** Joins: boy_yonder (Seb@82-169-222-71.ip.telfort.nl)
[18:48:45] *** Quits: Teckna (jonathan@52487D74.cm-4-1b.dynamic.ziggo.nl) (Ping timeout: 66 seconds)
[18:59:16] *** Joins: Metalfrost (Metalfrost@46.166.190.233)
[19:01:10] *** Joins: rhod (rhod@86.85.193.196)
[19:05:14] *** Joins: gakkethijs (gakkethijs@84-245-42-16.dsl.cambrium.nl)
[19:05:25] *** Joins: Teckna (jonathan@52487D74.cm-4-1b.dynamic.ziggo.nl)
[19:13:45] <tozzert> prince deaud
[19:14:08] <Huigie> sniewaar
[19:14:13] <tozzert> swel
[19:14:14] <Jeroen> wat
[19:14:18] <Jeroen> wtf
[19:14:19] <Huigie> "Dat het om de 57-jarige Prince zelf gaat, is nog niet bevestigd."
[19:14:21] <tozzert> http://www.nu.nl/muziek/4250862/zanger-prince-overleden-57-jarige-leeftijd.html
[19:14:30] <tozzert> ohja
[19:14:33] <tozzert> maja
[19:14:38] <tozzert> wè denkte zelluv
[19:15:09] <Jeroen> wat een jaar
[19:16:26] *** Joins: Matthew (Matthew@178-117-75-230.access.telenet.be)
[19:17:20] <Hooglander1> Formeel geen bevestiging
[19:17:30] <Huigie> het jaar is nog niet eens klaar
[19:17:43] <Hooglander1> Maar lijkt me stug dat er een andere dooie ligt in zijn huis
[19:17:55] <Jeroen> http://www.mprnews.org/story/2016/04/21/officials-death-investigation-at-prince-paisley-park Hooglander1 
[19:18:20] <PCR> Wel steeds meer media 'bevestigen' het
[19:18:53] <Hooglander1> NOS houd het nog correct
[19:18:56] <tozzert> het is ook niet zo dat je hem makkelijk met iemand verwisseld
[19:19:21] <tozzert> t
[19:19:43] <Jeroen> i don't wanna be your weekend lovaaaah
[19:20:02] <Huigie> This is what it sounds like when doves cry
[19:20:10] <Jeroen> https://www.youtube.com/watch?v=NFXZNt4oLkE dit is ook zo'n briljante cover
[19:20:28] <Jeroen> crazy met gnarls barkley heeft ie ook briljant gecoverd
[19:20:35] <Jeroen> beetje van dit gitaargejank erbij
[19:20:45] *** Quits: grid (grid@dhcp-089-099-194-232.chello.nl) (Ping timeout: 66 seconds)
[19:20:52] <tozzert> nu was ik ook nooit een prince liefhebber
[19:20:59] <tozzert> ja
[19:21:03] <tozzert> choco prince
[19:21:04] <tozzert> omnom
[19:21:12] <Prof_NaPo^^> Prince Willem Alexander
[19:21:13] <Prof_NaPo^^> is baa
[19:21:21] <tozzert> willy
[19:24:14] <Prof_NaPo^^> die ja
[19:24:15] <Prof_NaPo^^> die ouwe
[19:25:06] <tozzert> beetje dom in zijn vroegere jaren
[19:27:48] <Prof_NaPo^^> uhu, een kind van een massamoordenaar trouwen...
[19:28:56] <Hooglander1> Mwhoa, als jij zo'n Mokkeltje aan de haak zou kunnen slaan zou je het doen
[19:29:23] *** Quits: Francis (Francis@5468C56E.cm-12-1d.dynamic.ziggo.nl) (Exit)
[19:29:43] <Jeroen> "mokkeltje"
[19:29:48] <Jeroen> was max niet een succesvolle bankier?
[19:30:06] <Jeroen> ik heb het niet zo op met de monarchie, maar je moet het ze nageven, ze betekenen nog wel wat in het bedrijfsleven
[19:30:08] <Prof_NaPo^^> nee, hij is gewoon uit de goede schede komen kruipen
[19:30:23] <Jeroen> werkte friso ook niet bij mck?
[19:30:26] <Huigie> eew
[19:30:39] <Jeroen> http://images.nrc.nl/P-I1HKrMvPirwr5Lk8JU5M1Cy4Q=/1280x/s3/static.nrc.nl/inbeeld/files/2013/04/2704WEBAPPmax4.jpg
[19:30:40] <Jeroen> damn
[19:30:56] <Jeroen> die lijkt echt sprekend op een vroegere studiegenote van me :+
[19:31:04] <Prof_NaPo^^> http://www.koninklijkhuis.nl/binaries/large/content/gallery/koninklijkhuis/content-afbeeldingen/portretfoto-s/koning-willem-alexander/c4eb0bbf-6824-49d5-aa0e-e18cc5488ce3-jpg
[19:31:05] <Huigie> echt een sletje
[19:31:10] *** Quits: boy_yonder (Seb@82-169-222-71.ip.telfort.nl) (Exit)
[19:31:11] <Jeroen> ghehe
[19:31:13] <Prof_NaPo^^> wat nonchalant zeg...
[19:31:16] <Prof_NaPo^^> en dat is dan koning
[19:31:16] <Prof_NaPo^^> ffs
[19:31:16] <Jeroen> kijk maar uit, Huigie 
[19:31:32] <Jeroen> of ze sluiten je op voor majesteitsschennis
[19:31:33] <Huigie> ze was klant hier
[19:31:58] <Huigie> kwam vaak met 2 vriendinnen hier
[19:32:13] <Jeroen> noem je haar tieten zo?
[19:32:22] <Huigie> kwam er eerst een gast binnen om rond te kijken en als die weer naar buiten ging dan kwamen zij binnen
[19:32:28] <Jeroen> liever kate dan max, overigens
[19:32:37] <Huigie> kate, bleh
[19:32:44] <Huigie> die pijpt niet
[19:32:51] <Jeroen> ghehe ja de familie oranje shopt hier in de buurt ook regelmatig
[19:33:03] <Jeroen> staan er ineens allemaal donkere volvo's en audi's
[19:33:07] <Jeroen> +een hoop kmar op motor
[19:33:15] <Jeroen> zag ze vorige week nog volgens mij
[19:33:20] <Prof_NaPo^^> WOW
[19:33:24] <Jeroen> ja
[19:33:27] <Prof_NaPo^^> Jeroen, jij bent stoer
[19:33:28] *** Quits: Hooglander1 (Hoog@isleet.nl) (Ping timeout: 61 seconds)
[19:33:31] <Jeroen> sowieso
[19:33:41] *** Joins: Hooglander1 (Hoog@2001:984:ef56:1:211:32ff:fe51:1415)
[19:33:46] <Prof_NaPo^^> mag ik je aanraken?
[19:33:47] <Jeroen> altijd zo van "wat is er nu weer aan de hand"
[19:33:51] <Jeroen> "oh, hullie weer"
[19:34:21] <Prof_NaPo^^> doe maar uit de hoogte Jeroen 
[19:34:24] <Jeroen> zo rol ik
[19:34:30] <Prof_NaPo^^> nee, dat komt omdat je dik bent
[19:34:43] <Jeroen> ik ben niet zo prinsgezind
[19:35:16] <Prof_NaPo^^> schavuit
[19:35:20] <Jeroen> uhuh
[19:38:01] *** Prof_NaPo^^ is now known as Prof_Away^^
[19:39:12] <Jeroen> Superster Prince (57) overleden
[19:39:14] <Jeroen> superster
[19:39:15] <Jeroen> jwz
[19:40:09] <Hooglander1> Nu ook bevestigd idd
[19:44:09] <Escovan> The King leeft eeuwig voort, dus Prince ook.
[19:44:23] <Hooglander1> Jezus wat een gepruts bij dwdd
[19:44:29] <Hooglander1> Als je geen materiaal hebt
[19:44:32] <Hooglander1> Doe dan wat je voorbereid
[19:44:35] <Hooglander1> Ipv dit gekut
[19:44:59] <Escovan> lekker dingen kijken die we haten! :P
[19:46:27] <Escovan> mevrouw Escovan: Wie is dat? :D
[19:46:41] <Huigie> helder licht
[19:46:49] <Escovan> Nee, gewoon jong
[19:46:55] <Jeroen> 12?
[19:47:00] <Jeroen> dat is illegaal he
[19:47:40] <Escovan> En die beschermende gristelijke opvoeding heeft ook niet geholpen.
[19:48:33] <Jeroen> https://www.reddit.com/r/fuck2016
[19:49:37] <Jeroen> de regisseur van oa goldfinger ook al overleden vandaag
[19:50:25] <Jeroen> https://www.youtube.com/watch?v=DoQwKe0lggw
[19:51:15] <Huigie> goeie show zo idd
[19:51:20] <Huigie> dus...
[19:52:42] *** Quits: Robin (robin@5419F052.cm-5-2d.dynamic.ziggo.nl) (Ping timeout: 60 seconds)
[19:53:30] *** Joins: Robin (robin@5419F052.cm-5-2d.dynamic.ziggo.nl)
[19:53:30] *** ChanServ sets mode: +v Robin
[20:02:36] *** Quits: PerlinNoise (P@D97B0886.cm-3-4a.dynamic.ziggo.nl) (Ping timeout: 60 seconds)
[20:06:35] <tozzert> kan beter saul bellen denk
[20:11:03] *** Joins: PerlinNoise (P@D97B0886.cm-3-4a.dynamic.ziggo.nl)
[20:12:47] *** Quits: PerlinNoise (P@D97B0886.cm-3-4a.dynamic.ziggo.nl) (Ping timeout: 66 seconds)
[20:14:10] *** Joins: Nelicquele (Nelicquele@i244127.upc-i.chello.nl)
[20:16:49] <tozzert> hmmm
[20:16:50] <tozzert> season finale
[20:17:10] <tozzert> 10 eps
[20:17:15] <tozzert> bietje kort nie
[20:17:40] <tozzert> niet dat S01 langer was
[20:17:41] <tozzert> maar toch
[20:20:30] <Escovan> Ja, die teleurstelling moest ik ook verwerken...
[20:20:41] <Escovan> Nu weer vet lang wachten op het volgende seizoen
[20:21:04] *** Joins: PerlinNoise (P@D97B0886.cm-3-4a.dynamic.ziggo.nl)
[20:23:21] <Nelicquele> Welke serie?
[20:24:07] <Erik> better call saul
[20:24:23] <Nelicquele> Ah
[20:27:29] <qlum> Best een goede serie, ik keek gisteren de season final
[20:30:25] *** Quits: Teckna (jonathan@52487D74.cm-4-1b.dynamic.ziggo.nl) (Ping timeout: 61 seconds)
[20:31:45] *** Joins: Teckna (jonathan@52487D74.cm-4-1b.dynamic.ziggo.nl)
[20:31:53] <Jeroen> mike gaat dood
[20:33:14] <Nelicquele> Iedereen dood, einde
[20:34:46] *** Quits: rhod (rhod@86.85.193.196) (Exit)
[20:42:00] *** Joins: Sponge (Sponge@149.210.150.92)
[20:46:21] *** Joins: grid (grid@dhcp-089-099-194-232.chello.nl)
[20:47:22] *** Quits: Resistor (Resistor@ip5456d91b.speed.planet.nl) (Exit)
[20:49:49] <Hooglander1> tozzert: 
[20:49:53] <Hooglander1> Weet jij iets van knipperlichten
[20:49:54] <Hooglander1> :+
[20:50:10] <tozzert> dat ze het 50% van de tijd doen?
[20:50:19] <tozzert> als in aan zijn?
[20:50:29] <tozzert> ish
[20:50:33] * DinX_Werk aait Robin 
[20:50:49] *** Quits: Teckna (jonathan@52487D74.cm-4-1b.dynamic.ziggo.nl) (Ping timeout: 66 seconds)
[20:50:50] <tozzert> ben ik geslaagd Hooglander1?
[20:51:06] *** Joins: MasterFX (victor@ip51cea55f.adsl-surfen.hetnet.nl)
[20:51:13] <Hooglander1> :P
[20:51:18] <Hooglander1> Mijn knipperlicht mod past niet
[20:51:27] <Hooglander1> Ipv twee pinnekes op 180 graden
[20:51:30] <tozzert> wè hedde naa wir geprutst?
[20:51:31] <Hooglander1> Ist 1 verder dan de ander
[20:51:54] <tozzert> @ houder bedoel je?
[20:51:57] <tozzert> origineel?
[20:52:10] <tozzert> kan wel kloppen ja..  dat die maar op 1 manier erin kunnen
[20:52:38] <Hooglander1> Origineel ja
[20:52:45] <Hooglander1> Ist 200 en 160 zeg maar
[20:52:54] <Hooglander1> Dus de nieuwe past er niet in
[20:53:17] <freebee666> g'avond
[20:53:34] <tozzert> http://i58.tinypic.com/r1m0e1.jpg
[20:54:01] <Hooglander1> Yes
[20:54:02] <tozzert> en wat wil je nu?
[20:54:56] <Hooglander1> De ene in de andere fitting
[20:55:05] <tozzert> dè gao nie passe war
[20:55:34] <Hooglander1> Nee, maar waarom is dat verschil er uberhaupt
[20:56:40] *** Joins: Vipertje (tweak@54182E79.cm-5-1a.dynamic.ziggo.nl)
[20:56:44] <tozzert> ik schat zodat je er niet het verkeerde lampje in kunt zetten
[20:56:49] <Hooglander1> Ah vstrom forum geeft het antwoord
[20:57:02] <tozzert> which is?
[20:57:02] <Hooglander1> Dat is zodat je niet een Helder lampje er in doet waar oranje hoort
[20:57:07] <Hooglander1> En v.v.
[20:57:11] <tozzert> wat ik zeg dus
[20:57:23] <tozzert> je hebt wel van die silver coated lampjes
[20:57:30] <Hooglander1> Ik heb Led replacement
[20:57:35] <Hooglander1> Die ook drl doen als het goed is
[20:57:36] <tozzert> heb ik in m'n vlovlo gefrommeld
[20:57:50] <tozzert> dan moet er meer aangepast worden lijkt me
[20:57:55] <tozzert> het knipperlichtrelais
[20:58:27] <Hooglander1> Nja, apparently not
[20:58:37] <Hooglander1> Ik snap er ook, zoals gebruikelijk, geen fluit van
[20:59:00] *** Quits: Huigie (Huigie@D57D516A.static.ziggozakelijk.nl) (Exit)
[20:59:21] <tozzert> lijkt me zeer sterk
[20:59:40] <Hooglander1> Ik zoek het linkje ff
[21:00:14] <Hooglander1> http://m.ebay.com/itm/291543342390?_mwBanner=1
[21:00:18] <Hooglander1> Doet dat het
[21:00:30] <tozzert> KUTCHUCK!
[21:01:07] <tozzert> 3 touwtjes Hooglander1
[21:01:18] <Hooglander1> Yes, maar die derde
[21:01:19] <tozzert> dus niet zomaar wisselen
[21:01:24] <Hooglander1> Lijkt erop dat je die aan elkaar moet maken
[21:01:28] <Hooglander1> Dus links aan rechts
[21:01:31] <Hooglander1> I shit you not
[21:01:36] *** Joins: Guyver2_ (Guyver2@guyver2.xs4all.nl)
[21:01:51] *** Quits: Guyver2 (Guyver2@guyver2.xs4all.nl) (Ping timeout: 62 seconds)
[21:01:51] *** Guyver2_ is now known as Guyver2
[21:02:14] <tozzert> yeah right
[21:02:38] <Hooglander1> Er zit dus zo'n zwart touwtje bij
[21:02:44] <Hooglander1> En die past precies links aan rechts
[21:03:37] <tozzert> gemeenschappelijke gnd
[21:03:46] <tozzert> en 1 die aan je lichtschakelaar moet hangen
[21:03:55] <tozzert> en de andere @ knipperlichtsignaal
[21:04:05] <tozzert> kan niet anders man
[21:04:35] <tozzert> 'Best used for front turn signal lights w/ dual functions as parking lights and turn signal lights'
[21:04:46] <tozzert> with dual functions
[21:06:14] *** Joins: Teckna (jonathan@52487D74.cm-4-1b.dynamic.ziggo.nl)
[21:06:30] *** Quits: Metalfrost (Metalfrost@46.166.190.233) (Exit)
[21:07:45] <Hooglander1> Hmz, heb een andere gevonden met beschrijving
[21:08:01] <Hooglander1> http://g03.a.alicdn.com/kf/HTB1UiS9GXXXXXbfXFXXq6xXFXXXZ/202572757/HTB1UiS9GXXXXXbfXFXXq6xXFXXXZ.jpg?size=173423&height=667&width=1000&hash=ddefd666e1ca6f59fb8877d0b9ea3346
[21:08:52] *** Quits: Guyver2 (Guyver2@guyver2.xs4all.nl) (Ping timeout: 66 seconds)
[21:09:09] <tozzert> dus 1 draad @ contact
[21:09:12] *** Joins: Guyver2 (Guyver2@guyver2.xs4all.nl)
[21:09:18] <Hooglander1> Die draad heb ik niet :+
[21:09:19] <tozzert> en andere 2 @ knipperlichtfitting
[21:09:30] <tozzert> 1 gnd
[21:09:34] <tozzert> 2 plussen
[21:09:36] <tozzert> like I said
[21:09:51] <Hooglander1> Maar die draad heb ik dus niet...
[21:10:02] <tozzert> leggen dan hè
[21:10:11] <Hooglander1> Elke lamp heeft drie aansluitingen
[21:10:17] <tozzert> of van je lamp af pakken
[21:10:18] <Hooglander1> 2 fitting, 1 zwarte losse
[21:10:38] <Hooglander1> En ik heb er 1 kabel bij die die twee zwarte aan elkaar knoopt
[21:10:40] <tozzert> en die losse zal voor de drl zijn schat ik
[21:10:59] <tozzert> kabel=beschrijving?
[21:11:04] <tozzert> of wat bedoel je?
[21:11:22] <Hooglander1> Nee
[21:11:24] <Hooglander1> Zoals ik zeg
[21:11:30] <Hooglander1> 1 zwart touwtje van koper
[21:11:47] *** Joins: Diaboluzzz (Mibbit@5249EDE5.cm-4-2d.dynamic.ziggo.nl)
[21:11:47] <Hooglander1> Met connectors zo gemaakt
[21:11:54] <tozzert> 'je hebt een kabel die 2 zwarte bij elkaar knoopt'?
[21:12:03] <Hooglander1> Dat die precies die twee zwarte van de lampen aan elkaar kan verbinden
[21:12:49] <tozzert> je weet het weer heerlijk te verwoorden
[21:12:51] <tozzert> :D
[21:13:08] <Hooglander1> Foto 3
[21:13:10] <Hooglander1> http://m.ebay.com/itm/2pcs-1156-BAU15S-2835-42-LED-30W-Car-Dual-Color-Switchback-DRL-Turn-Signal-Light-/401101930037?_trkparms=aid%253D222007%2526algo%253DSIC.MBE%2526ao%253D1%2526asc%253D20150519202348%2526meid%253Db51879d0ca60417e9f0a0b589e258809%2526pid%253D100408%2526rk%253D8%2526rkt%253D18%2526sd%253D291543342390&_trksid=p2056116.c100408.m2460
[21:13:21] *** Quits: Diaboluzzz (Mibbit@5249EDE5.cm-4-2d.dynamic.ziggo.nl) (Exit)
[21:13:24] *** Joins: Diaboluzzz (Mibbit@5249EDE5.cm-4-2d.dynamic.ziggo.nl)
[21:13:44] <Diaboluzzz> Wh00p wh00p
[21:13:54] <tozzert> een kabeltje
[21:14:14] <Diaboluzzz> Dit is een paar jaar geleden.
[21:14:29] <Hooglander1> Je joinde om 21:11 nog
[21:14:41] <Diaboluzzz> *zwaait naar @gdex @DGTL_Magician 
[21:14:45] <Diaboluzzz> Hehe
[21:14:47] <Diaboluzzz> True
[21:15:14] <Diaboluzzz> Laatste keer dat ik hier was, was gdex nog minderjarig :D
[21:15:49] <Diaboluzzz> Doet wel pijn om te zien dat mn nick is verlopen :p
[21:16:51] <Diaboluzzz> \o @Sponge
[21:18:38] *** Quits: MasterFX (victor@ip51cea55f.adsl-surfen.hetnet.nl) (Client exited)
[21:19:53] <Sponge> hey Diaboluzzz
[21:20:03] <Sponge> mja mijn naam was ook eens verlopen ja
[21:20:06] *** Quits: Teckna (jonathan@52487D74.cm-4-1b.dynamic.ziggo.nl) (Ping timeout: 61 seconds)
[21:20:31] <Sponge> maar sinds ik mirc weer in de startup heb gaat het wat beter ;)
[21:21:05] <Diaboluzzz> Cool
[21:21:22] *** Joins: MasterFX (victor@ip51cea55f.adsl-surfen.hetnet.nl)
[21:21:47] <Diaboluzzz> Ik kwam er zojuist achter dat iemand met wie ik samenwerk oud IRC meubilair is
[21:22:10] <Diaboluzzz> Dus we vroegen ons af of het nog in leven was, tnet irc, ja dus!
[21:22:23] *** Quits: gakkethijs (gakkethijs@84-245-42-16.dsl.cambrium.nl) (Connection reset by peer)
[21:22:59] <Diaboluzzz> Waar hang je tegenwoordig uit @Sponge westen of weer terug op honk?
[21:23:54] <Sponge> Nee, nog steeds in t westen :)
[21:24:08] <Sponge> Wel prima hier zo :)
[21:24:47] <Diaboluzzz> Ook nog steeds in Delft? Daar zat je destijds toch?
[21:24:49] <Sponge> Zag we ldat er binnenkort een hackathon in groningen is over IJkdijk sensor data
[21:25:00] <Sponge> misschien is dat nog iet wat ik wi ldoen.. heel misschien
[21:25:06] <Sponge> Yup, Delft
[21:25:10] <Diaboluzzz> Heb ik wat van gehoord idd
[21:25:16] <Sponge> de aquathon oid
[21:25:22] <Tomcat_ha> irc is nog steeds het beste
[21:25:44] <Tomcat_ha> al lijkt discord eindelijk een potentiele vervanger te zijn
[21:25:47] <Tomcat_ha> moet nog even kijken
[21:26:18] <Diaboluzzz> Wij hebben de kar getrokken bij dat hele groningen IoT netwerk dekking verhaal @Sponge
[21:26:26] <Diaboluzzz> Dus zijn aardig in de loop
[21:26:50] <Sponge> ah nie
[21:26:51] <Sponge> nie
[21:26:54] <Sponge> *nice
[21:26:54] <Sponge> :D
[21:26:58] <gdex> is dat echt zo lang geleden Diaboluzzz ?
[21:26:59] <Diaboluzzz> :D
[21:27:09] <gdex> aangezien ik al ruim 10 jaar niet meer minderjarig ben
[21:27:09] <Sponge> Mja, je bedrijf loopt goed volgens mij :)
[21:27:20] <Diaboluzzz> Ja, 2008 denk ik gdex?
[21:27:27] <Diaboluzzz> 2007?
[21:27:29] <gdex> dat is toch minder dan 10 jaar :P
[21:27:31] <gdex> mgoed, close enough
[21:27:46] <Sponge> zit hier nu ook alweer 10 jaar
[21:27:46] <gdex> lang geleden klopt wel
[21:27:51] <gdex> IRC never dies
[21:27:55] <Diaboluzzz> :)
[21:27:58] <Diaboluzzz> Idd ftw
[21:28:07] <gdex> ik zit hier ook alweer een jaar of 15
[21:28:15] <Sponge> * in het westen
[21:28:23] <Sponge> IRC idd sinds #ut natuurlijk
[21:28:24] <Sponge> :D
[21:28:44] <Diaboluzzz> Ik 2002 volgens mij
[21:29:21] *** Quits: Guyver2 (Guyver2@guyver2.xs4all.nl) (Client exited)
[21:29:22] <Diaboluzzz> Staat me iets bij van oktober 2001 forum en jun 2003 irc
[21:29:31] <gdex> ik zit hier langer dan dat ik op de site zit, en m'n account is van augustus 2001
[21:29:39] <Diaboluzzz> Volgens mij kwam ik na een half jaar/jaar erbij op.irc
[21:29:53] <Diaboluzzz> Ja jij was sowieso eerder
[21:29:55] *** LeapingSheep is now known as LeapingSheep_znc
[21:30:36] *** Joins: Guyver2 (Guyver2@guyver2.xs4all.nl)
[21:30:39] <Diaboluzzz> Ik kwam zojuist via @m-m bij @Moartn terecht
[21:30:51] <gdex> dat klinkt allemaal oud
[21:30:54] <Diaboluzzz> Zo kwam het balletje ad rol
[21:31:15] <Diaboluzzz> Time flies.
[21:31:49] *** Quits: zomertje (zomertje@pluizigenblauw.xs4all.nl) (Exit)
[21:31:58] <Diaboluzzz> Gotta go! 
[21:32:08] <gdex> :w
[21:32:14] <Diaboluzzz> Nice catching up. Bbl
[21:32:14] <gdex> je weet ons te vinden iig
[21:32:20] <Diaboluzzz> :)
[21:32:49] <Sponge> :P
[21:32:55] *** Joins: rhod (rhod@86.85.193.196)
[21:36:49] *** Joins: Teckna (jonathan@52487D74.cm-4-1b.dynamic.ziggo.nl)
[21:37:24] *** Quits: Diaboluzzz (Mibbit@5249EDE5.cm-4-2d.dynamic.ziggo.nl) (Exit)
[21:38:08] *** Quits: MasterFX (victor@ip51cea55f.adsl-surfen.hetnet.nl) (Exit)
[21:58:09] *** Quits: Jeroen (Jeroen@ip82-139-124-155.lijbrandt.net) (Exit)
[21:58:34] <Robin> broekies :p
[22:14:58] *** Joins: feej (Mibbit@62.12.7.36)
[22:15:30] <feej> haaaai
[22:15:32] <tozzert> http://img-9gag-fun.9cache.com/photo/aYeZypv_460sv.mp4
[22:15:38] <tozzert> feejmuts!
[22:19:09] <feej> hola!
[22:19:14] <feej> ben je dronken tozzert?
[22:19:21] <tozzert> nee :'(
[22:20:13] <tozzert> maar ik ga wel m'n nest in!
[22:20:15] <tozzert> ook leuk!
[22:20:18] *** Quits: Teckna (jonathan@52487D74.cm-4-1b.dynamic.ziggo.nl) (Ping timeout: 60 seconds)
[22:20:50] <feej> ik wil ook naar bed :(
[22:21:09] <tozzert> wat let je?
[22:21:20] <tozzert> fuck die lijers van een patiënten!
[22:21:34] *** Joins: Teckna (jonathan@52487D74.cm-4-1b.dynamic.ziggo.nl)
[22:21:37] *** Joins: Langstaarttroepiaal (Mibbit@201-236.ftth.onsbrabantnet.nl)
[22:22:14] <feej> nog 40 min tot aflossing
[22:23:18] *** Quits: Tweaker56250 (tobias@sinas.rename-it.nl) (Ping timeout: 61 seconds)
[22:23:29] <tozzert> nou
[22:23:33] <tozzert> succes daarmee dan!
[22:23:35] <tozzert> tata
[22:23:50] *** Quits: Korvaag (sjoerd@sinas.rename-it.nl) (Ping timeout: 66 seconds)
[22:26:52] *** Quits: grid (grid@dhcp-089-099-194-232.chello.nl) (Ping timeout: 66 seconds)
[22:28:26] *** Quits: Langstaarttroepiaal (Mibbit@201-236.ftth.onsbrabantnet.nl) (Exit)
[22:33:40] *** Joins: Korvaag (sjoerd@sinas.rename-it.nl)
[22:33:40] *** Joins: tobias (tobias@sinas.rename-it.nl)
[22:34:42] *** tobias is now known as Tweaker13542
[22:35:59] *** Quits: Teckna (jonathan@52487D74.cm-4-1b.dynamic.ziggo.nl) (Ping timeout: 67 seconds)
[22:36:47] *** Joins: Teckna (jonathan@52487D74.cm-4-1b.dynamic.ziggo.nl)
[22:43:51] *** Quits: int3nz0r (int3nz0r@541A8E1B.cm-5-3c.dynamic.ziggo.nl) (Exit)
[22:44:08] *** Quits: Nelicquele (Nelicquele@i244127.upc-i.chello.nl) (Exit)
[22:49:01] *** Joins: int3nz0r (int3nz0r@541A8E1B.cm-5-3c.dynamic.ziggo.nl)
[22:53:55] *** Quits: Matthew (Matthew@178-117-75-230.access.telenet.be) (Connection reset by peer)
[22:55:11] *** Quits: Robin (robin@5419F052.cm-5-2d.dynamic.ziggo.nl) (Exit)
[23:01:32] *** Quits: feej (Mibbit@62.12.7.36) (Exit)
[23:19:44] *** Joins: grid (grid@dhcp-089-099-194-232.chello.nl)
[23:27:56] *** Quits: Sponge (Sponge@149.210.150.92) (Exit)
