[00:00:55] <boekee> Hahaha 
[00:01:06] <Hooglander1> Is je scriptie al af? :+
[00:01:41] <Jeroen> het is zaterdagavond, hufte r:+
[00:02:41] <Hooglander1> Whehehe
[00:02:46] <Hooglander1> You're welcome
[00:02:54] <Hooglander1> Beetje uitgaan dadelijk met een halve scriptie
[00:02:58] <Hooglander1> Arbeiten zal je
[00:03:05] <Hooglander1> Werkschuw tuig
[00:06:21] <Jeroen> :(
[00:09:29] <boekee> Laat die jongen tis zaterdag 
[00:15:44] <Hooglander1> :D
[00:18:05] *** Quits: Matthew (Matthew@178-117-75-230.access.telenet.be) (Connection reset by peer)
[00:20:33] *** Quits: PCR (pcr@2a02:a441:a99f:0:e0c3:3537:a4c6:6c74) (Ping timeout: 60 seconds)
[00:20:59] *** Joins: PCR (pcr@2a02:a441:a99f:0:e0c3:3537:a4c6:6c74)
[00:40:21] *** Quits: Guyver2 (Guyver2@guyver2.xs4all.nl) (Exit)
[00:44:06] *** Quits: DizzyWeb (arjen@ip56508964.direct-adsl.nl) (Ping timeout: 60 seconds)
[00:44:11] *** Joins: DizzyWeb (arjen@ip56508964.direct-adsl.nl)
[00:48:04] *** Quits: Jeroen (Jeroen@54188FF8.cm-5-1c.dynamic.ziggo.nl) (Exit)
[00:48:58] *** boekee is now known as boekee_away
[00:51:54] *** Quits: PCR (pcr@2a02:a441:a99f:0:e0c3:3537:a4c6:6c74) (Ping timeout: 61 seconds)
[00:52:19] *** Joins: PCR (pcr@2a02:a441:a99f:0:e0c3:3537:a4c6:6c74)
[00:53:35] *** Joins: Tomsworld (tom@109.130.187.232)
[00:53:35] *** ChanServ sets mode: +o Tomsworld
[01:11:56] *** Quits: coreblink (coreblink@145.132.131.160) (Exit)
[01:16:46] *** Quits: Stuiterbal (Stuit@2001:980:5281:1:59cc:402c:624e:d828) (Exit)
[01:23:17] *** Quits: PCR (pcr@2a02:a441:a99f:0:e0c3:3537:a4c6:6c74) (Ping timeout: 60 seconds)
[01:23:41] *** Joins: PCR (pcr@2a02:a441:a99f:0:e0c3:3537:a4c6:6c74)
[01:43:22] *** Quits: Tomsworld (tom@109.130.187.232) (Ping timeout: 67 seconds)
[01:45:30] *** Quits: Vipertje (tweak@54182E79.cm-5-1a.dynamic.ziggo.nl) (Ping timeout: 66 seconds)
[01:46:20] *** Joins: Vipertje (tweak@54182E79.cm-5-1a.dynamic.ziggo.nl)
[01:48:33] *** Quits: pasta (pasta@541E0197.cm-5-7a.dynamic.ziggo.nl) (Ping timeout: 66 seconds)
[01:49:38] *** Joins: pasta (pasta@541E0197.cm-5-7a.dynamic.ziggo.nl)
[01:54:36] *** Quits: PCR (pcr@2a02:a441:a99f:0:e0c3:3537:a4c6:6c74) (Ping timeout: 60 seconds)
[01:54:59] *** Joins: PCR (pcr@2a02:a441:a99f:0:e0c3:3537:a4c6:6c74)
[02:07:14] *** Joins: Tomsworld (tom@109.130.187.232)
[02:07:15] *** ChanServ sets mode: +o Tomsworld
[02:25:56] *** Quits: PCR (pcr@2a02:a441:a99f:0:e0c3:3537:a4c6:6c74) (Ping timeout: 60 seconds)
[02:26:20] *** Joins: PCR (pcr@2a02:a441:a99f:0:e0c3:3537:a4c6:6c74)
[02:27:02] *** Quits: Tomsworld (tom@109.130.187.232) (Ping timeout: 67 seconds)
[02:45:02] <tozzert> oi
[02:53:42] *** Quits: wirky (werken@ip503c7f23.speed.planet.nl) (Exit)
[02:56:45] <tozzert> ging jeroen zuipen vanavond terwijl hij aan z'n scriptie had moeten werken ja?
[02:56:55] <tozzert> wat een lul
[02:57:18] *** Quits: PCR (pcr@2a02:a441:a99f:0:e0c3:3537:a4c6:6c74) (Ping timeout: 61 seconds)
[02:57:41] *** Joins: PCR (pcr@2a02:a441:a99f:0:e0c3:3537:a4c6:6c74)
[03:20:30] *** Quits: Teckna (jonathan@52487D74.cm-4-1b.dynamic.ziggo.nl) (Ping timeout: 61 seconds)
[03:28:38] *** Quits: PCR (pcr@2a02:a441:a99f:0:e0c3:3537:a4c6:6c74) (Ping timeout: 60 seconds)
[03:29:12] *** Joins: PCR (pcr@2a02:a441:a99f:0:e0c3:3537:a4c6:6c74)
[03:38:02] *** Joins: Teckna (jonathan@52487D74.cm-4-1b.dynamic.ziggo.nl)
[03:46:42] *** Quits: PCR (pcr@2a02:a441:a99f:0:e0c3:3537:a4c6:6c74) (Client exited)
[03:49:07] *** Quits: Vipertje (tweak@54182E79.cm-5-1a.dynamic.ziggo.nl) (Connection reset by peer)
[04:25:39] *** Joins: Drawer (z@53521BE5.cm-6-3a.dynamic.ziggo.nl)
[04:51:14] *** Quits: Teckna (jonathan@52487D74.cm-4-1b.dynamic.ziggo.nl) (Ping timeout: 66 seconds)
[04:57:06] *** Quits: Destruction (Destructio@507230E5.cm-15.dynamic.ziggo.nl) (Ping timeout: 60 seconds)
[04:57:14] *** Joins: Destruction (Destructio@507230E5.cm-15.dynamic.ziggo.nl)
[05:04:01] *** Quits: Destruction (Destructio@507230E5.cm-15.dynamic.ziggo.nl) (Ping timeout: 62 seconds)
[05:04:05] *** Joins: Destruction (Destructio@507230E5.cm-15.dynamic.ziggo.nl)
[05:08:37] *** Joins: Teckna (jonathan@52487D74.cm-4-1b.dynamic.ziggo.nl)
[06:28:21] *** Quits: Teckna (jonathan@52487D74.cm-4-1b.dynamic.ziggo.nl) (Ping timeout: 67 seconds)
[06:55:09] *** Joins: Teckna (jonathan@52487D74.cm-4-1b.dynamic.ziggo.nl)
[07:07:21] *** Quits: Teckna (jonathan@52487D74.cm-4-1b.dynamic.ziggo.nl) (Ping timeout: 67 seconds)
[07:25:05] *** Joins: Teckna (jonathan@52487D74.cm-4-1b.dynamic.ziggo.nl)
[07:43:26] *** Joins: wirky (werken@ip503c7f23.speed.planet.nl)
[07:47:42] *** Quits: wirky (werken@ip503c7f23.speed.planet.nl) (Ping timeout: 69 seconds)
[07:50:11] *** Quits: Drawer (z@53521BE5.cm-6-3a.dynamic.ziggo.nl) (Exit)
[07:52:30] *** Joins: wirky (werken@ip503c7f23.speed.planet.nl)
[08:03:54] *** Joins: Resistor (Resistor@ip5456d91b.speed.planet.nl)
[08:13:20] *** Joins: Smileface (alexander@25bc408b.ftth.concepts.nl)
[08:13:54] *** Quits: Smileface (alexander@25bc408b.ftth.concepts.nl) (Exit)
[09:01:43] *** Joins: Jeroen (Jeroen@54188FF8.cm-5-1c.dynamic.ziggo.nl)
[09:10:55] *** boekee_away is now known as boekee
[09:18:43] *** Quits: wirky (werken@ip503c7f23.speed.planet.nl) (Exit)
[09:41:15] *** Joins: chem (chem@203.111.224.47)
[09:41:25] <chem> waddup sletjes
[09:42:19] *** Joins: Sponge (Sponge@149.210.150.92)
[10:08:09] *** Quits: chem (chem@203.111.224.47) (Exit)
[10:16:17] <tozzert> brak
[10:17:21] *** LeapingSheep is now known as LeapingSheep_znc
[10:18:28] *** LeapingSheep_znc is now known as LeapingSheep
[10:21:48] *** Joins: Guyver2 (Guyver2@guyver2.xs4all.nl)
[10:25:00] *** Joins: Stuiterbal (Stuit@2001:980:5281:1:7931:667f:43e2:920c)
[10:35:28] *** Joins: zomertje (zomertje@pluizigenblauw.xs4all.nl)
[10:35:28] *** ChanServ sets mode: +o zomertje
[10:44:14] <Jeroen> https://www.reddit.com/r/beer/comments/4dzisl/what_country_is_behind_the_us_with_most_and_best/
[10:44:16] <Jeroen> kutamerikanen
[10:44:48] *** Joins: Wussie (wussie@220-251.ftth.onsbrabantnet.nl)
[10:44:51] <gdex> als de VS wat dat betreft op plek 12 ofzo staat, is dus de vraag wie plaak 13 bezet
[10:46:31] <gdex> de start van parijs-roubaix is toch wat minder indrukwekkend dan die van de ronde van vlaanderen
[10:47:14] <Jeroen> binnenkort de giro jonge
[10:47:20] <Jeroen> ga wel ff kijken denk ik
[10:47:58] <gdex> ja wordt ook wel leuk
[10:48:17] <gdex> al is het wel jammer dat de tijdrit al op vrijdag is
[10:48:34] <gdex> dat was in urecht echt de beste dag om er te zijn
[10:49:23] <Jeroen> waarom is dat dan jammer?
[10:49:30] <gdex> omdat ik op vrijdag moet werken
[10:49:56] <gdex> en ik niet alleen
[10:50:08] <Jeroen> en het concept snipperdag kennen ze niet in utrecht? :+
[10:50:32] <gdex> jawel
[10:50:42] <gdex> maar de sfeer was toen ook zo mooi omdat er een miljoen man in de stad stond
[10:50:47] <gdex> en dat gaat niet gebeuren in apeldoorn op een vrijdag
[10:50:58] <Jeroen> true
[10:51:25] <gdex> de eerste meters van parijs-roubaix zijn blijkbaar ook over kasseien
[10:51:29] <gdex> ik had geen idee :P
[10:52:54] <Jeroen> staat het toch redelijk om bekend :p
[10:53:13] <gdex> de echte stroken beginnen pas een km of 100
[10:54:07] <gdex> ze zijn nog niet officieel gestart en er is nu al iemand z'n zadel kwijt
[11:00:57] *** Quits: Stuiterbal (Stuit@2001:980:5281:1:7931:667f:43e2:920c) (Exit)
[11:09:27] <Jeroen> misschien vindt ie dat lekker rijden
[11:11:22] *** Quits: Resistor (Resistor@ip5456d91b.speed.planet.nl) (Exit)
[11:19:32] *** Joins: coreblink (coreblink@145.132.131.160)
[11:21:53] *** Quits: Guyver2 (Guyver2@guyver2.xs4all.nl) (Connection reset by peer)
[11:33:44] <Jeroen> http://www.sporcle.com/games/zachHu1/donald-trump-or-adolf-hitler
[11:37:56] <tobias> mogge
[11:38:32] <tozzert> had je nog bier gehaald tobias?
[11:40:18] <rawplayer> mmm bier
[11:42:11] *** Joins: Anthor (Anthor@cust.7.103.adsl.cistron.nl)
[11:48:17] *** Joins: wirky (werken@ip503c7f23.speed.planet.nl)
[11:52:22] <tobias> tozzert: nope :/
[11:52:37] <tobias> ik ben wel van deventer naar enschede gereden met 'avoid highways' aan op de navi om een ijsje te gaaneten
[11:52:43] <tobias> dat was lollig :)
[11:59:20] *** Quits: Blaataap (anon@185.66.250.92) (Exit)
[11:59:34] *** Joins: Teckna1 (jonathan@2001:1c01:c07:4b00:2014:693d:1f3b:4019)
[12:00:47] *** Quits: Teckna (jonathan@52487D74.cm-4-1b.dynamic.ziggo.nl) (Ping timeout: 67 seconds)
[12:03:39] *** Joins: PCR (pcr@ip54508f13.adsl-surfen.hetnet.nl)
[12:05:42] *** Quits: wirky (werken@ip503c7f23.speed.planet.nl) (Exit)
[12:10:39] *** Joins: Matthew (Matthew@178-117-75-230.access.telenet.be)
[12:11:48] *** Joins: gakkethijs (gakkethijs@84-245-42-16.dsl.cambrium.nl)
[12:13:25] *** Joins: Lin (Lin@53570183.cm-6-8a.dynamic.ziggo.nl)
[12:22:59] *** moto-moi|afk is now known as moto-moi
[12:25:10] *** Joins: Tomsworld (tom@2a02:a03f:12c0:600:3818:e12:13ad:6898)
[12:25:10] *** ChanServ sets mode: +o Tomsworld
[12:30:58] *** Quits: Tomsworld (tom@2a02:a03f:12c0:600:3818:e12:13ad:6898) (Ping timeout: 61 seconds)
[12:31:19] *** Joins: Tomsworld (tom@2a02:a03f:12c0:600:f9cc:dab9:5d35:b532)
[12:31:19] *** ChanServ sets mode: +o Tomsworld
[12:45:15] *** Quits: Anthor (Anthor@cust.7.103.adsl.cistron.nl) (Ping timeout: 60 seconds)
[13:16:09] *** Joins: Resistor (Resistor@ip5456d91b.speed.planet.nl)
[13:22:24] *** boekee is now known as boekee_away
[13:25:33] *** boekee_away is now known as boekee
[13:47:56] *** Quits: gakkethijs (gakkethijs@84-245-42-16.dsl.cambrium.nl) (Exit)
[13:54:35] *** Joins: boy_yonder (Seb@82-169-222-71.ip.telfort.nl)
[13:58:55] *** Quits: Jeroen (Jeroen@54188FF8.cm-5-1c.dynamic.ziggo.nl) (Exit)
[14:36:46] *** Quits: Teckna1 (jonathan@2001:1c01:c07:4b00:2014:693d:1f3b:4019) (Exit)
[14:40:23] *** Joins: Teckna (jonathan@2001:1c01:c07:4b00:6456:4612:7e6:8f98)
[14:44:30] *** Joins: Teckna1 (jonathan@52487D74.cm-4-1b.dynamic.ziggo.nl)
[14:45:09] *** Quits: Teckna (jonathan@2001:1c01:c07:4b00:6456:4612:7e6:8f98) (Ping timeout: 66 seconds)
[14:50:23] *** Quits: Teckna1 (jonathan@52487D74.cm-4-1b.dynamic.ziggo.nl) (Ping timeout: 60 seconds)
[14:50:41] *** Joins: Teckna (jonathan@52487D74.cm-4-1b.dynamic.ziggo.nl)
[15:07:49] *** Joins: yonderboy (Seb@82-169-222-71.ip.telfort.nl)
[15:08:05] *** Quits: boy_yonder (Seb@82-169-222-71.ip.telfort.nl) (Ping timeout: 60 seconds)
[15:11:10] *** Quits: Teckna (jonathan@52487D74.cm-4-1b.dynamic.ziggo.nl) (Ping timeout: 66 seconds)
[15:14:14] *** Joins: Teckna (jonathan@52487D74.cm-4-1b.dynamic.ziggo.nl)
[15:23:14] *** Joins: Jeroen (Jeroen@54188FF8.cm-5-1c.dynamic.ziggo.nl)
[15:24:37] *** Quits: tozzert (tozzke@541FBF87.cm-5-8c.dynamic.ziggo.nl) (Ping timeout: 60 seconds)
[15:33:07] *** Joins: tozzert (tozzke@541FBF87.cm-5-8c.dynamic.ziggo.nl)
[15:40:49] *** Joins: Mattie (Mattie@ftth-213-134-239-005.solcon.nl)
[15:46:35] *** Joins: wirky (werken@ip503c7f23.speed.planet.nl)
[15:56:15] *** Quits: Teckna (jonathan@52487D74.cm-4-1b.dynamic.ziggo.nl) (Ping timeout: 60 seconds)
[16:13:47] *** Joins: Teckna (jonathan@52487D74.cm-4-1b.dynamic.ziggo.nl)
[16:20:08] *** Joins: Smileface (alexander@25bc408b.ftth.concepts.nl)
[16:26:47] *** boekee is now known as boekee_away
[16:31:48] *** Quits: yonderboy (Seb@82-169-222-71.ip.telfort.nl) (Ping timeout: 61 seconds)
[16:47:05] *** Joins: jvr (sampagne01@109.132.52.248)
[16:51:41] <Jeroen> http://www.telegraph.co.uk/business/2016/04/09/crewless-drone-ships-will-be-sailing-the-seas-by-2020/
[16:58:10] *** Quits: jvr (sampagne01@109.132.52.248) (Exit)
[17:13:02] *** Joins: Tweaker_8584 (Mibbit@ip73-140-173-82.adsl2.static.versatel.nl)
[17:13:41] *** Quits: Tweaker_8584 (Mibbit@ip73-140-173-82.adsl2.static.versatel.nl) (Exit)
[17:30:51] *** Quits: Matthew (Matthew@178-117-75-230.access.telenet.be) (Connection reset by peer)
[18:01:54] <Hooglander1> Mogguh
[18:01:58] <Hooglander1> Lekker stukje gereden vandaag
[18:06:05] *** Joins: Stuiterbal (Stuit@2001:980:5281:1:144e:4947:4393:56a4)
[18:07:44] *** boekee_away is now known as boekee
[18:10:37] *** Joins: boy_yonder (Seb@82-169-222-71.ip.telfort.nl)
[18:26:29] *** Quits: Smileface (alexander@25bc408b.ftth.concepts.nl) (Exit)
[18:26:53] *** Quits: Teckna (jonathan@52487D74.cm-4-1b.dynamic.ziggo.nl) (Ping timeout: 61 seconds)
[18:29:12] * boekee is jaloers!
[18:32:52] *** boekee is now known as boekee_away
[18:41:01] *** Quits: Twizzlerz (M@178-84-226-29.dynamic.upc.nl) (Ping timeout: 67 seconds)
[18:45:35] *** Joins: Teckna (jonathan@52487D74.cm-4-1b.dynamic.ziggo.nl)
[18:45:36] *** Quits: Erik (M1bbit@cl-1606.ams-04.nl.sixxs.net) (Ping timeout: 60 seconds)
[18:46:59] *** Joins: Matthew (Matthew@178-117-75-230.access.telenet.be)
[18:48:09] *** Quits: Matthew (Matthew@178-117-75-230.access.telenet.be) (Ping timeout: 61 seconds)
[18:49:14] *** Joins: Twizzlerz (M@178-84-226-29.dynamic.upc.nl)
[18:50:02] *** Joins: Matthew (Matthew@178-117-75-230.access.telenet.be)
[18:50:07] *** Quits: Matthew (Matthew@178-117-75-230.access.telenet.be) (Connection reset by peer)
[18:52:03] *** Joins: Matthew (Matthew@178-117-75-230.access.telenet.be)
[18:52:08] *** Quits: Matthew (Matthew@178-117-75-230.access.telenet.be) (Connection reset by peer)
[18:54:28] *** Joins: Matthew (Matthew@178-117-75-230.access.telenet.be)
[18:54:33] *** Quits: Matthew (Matthew@178-117-75-230.access.telenet.be) (Connection reset by peer)
[19:07:23] *** Joins: Matthew (Matthew@178-117-75-230.access.telenet.be)
[19:07:29] *** Quits: Matthew (Matthew@178-117-75-230.access.telenet.be) (Connection reset by peer)
[19:08:32] *** Joins: Erik (M1bbit@cl-1606.ams-04.nl.sixxs.net)
[19:09:11] *** Joins: Matthew (Matthew@178-117-75-230.access.telenet.be)
[19:09:23] *** Quits: Matthew (Matthew@178-117-75-230.access.telenet.be) (Connection reset by peer)
[19:10:00] *** Joins: Matthew (Matthew@178-117-75-230.access.telenet.be)
[19:11:02] *** Quits: Matthew (Matthew@178-117-75-230.access.telenet.be) (Ping timeout: 60 seconds)
[19:29:47] *** Joins: Matthew (Matthew@178-117-75-230.access.telenet.be)
[19:29:59] *** Quits: Matthew (Matthew@178-117-75-230.access.telenet.be) (Connection reset by peer)
[19:30:55] *** Joins: Matthew (Matthew@178-117-75-230.access.telenet.be)
[19:31:58] *** Quits: Matthew (Matthew@178-117-75-230.access.telenet.be) (Ping timeout: 60 seconds)
[19:47:33] *** Joins: Svardskampe (Svardskamp@198-14-ftth.onsnetstudenten.nl)
[19:57:33] <tozzert> wat een ruhe hier
[19:58:42] <jasper> juridisch is ;'t volgens mij geen studieschuld, maar gewoon kosten die je werkgever betaalt en onder bepaalde voorwaarden op je kan verhalen
[19:58:58] <jasper> oeps
[19:59:00] <jasper> verkeerde venster
[20:02:47] <moto-moi> aja
[20:02:56] <moto-moi> gekke jasper met z'n random adviezen
[20:03:22] <jasper> niet zo random in dat andere kanaal :)
[20:03:34] <moto-moi> dat moeten we nu maar van je aannemen ja..
[20:04:48] <jasper> je doet maar wat je niet laten kunt...
[20:04:57] <tozzert> wil jij zeggen dat jij in andere kanalen níet random blaat?
[20:05:10] <moto-moi> ik niet, jij wel dan tozzert?
[20:05:27] <moto-moi> heb je #tozzert geregistreert en praat je daar met al je vrienden?
[20:05:31] <Hooglander1> Trutjes
[20:05:34] <Hooglander1> Hoestnou
[20:06:01] <tozzert> hou je bek vuile getrouwde burger
[20:06:24] <Hooglander1> Whehe
[20:06:31] <Hooglander1> Vandaag proefgereden op een andere motor
[20:06:39] <Hooglander1> Kon je gewoon inschrijven op een open dag van de rijschool
[20:06:42] <Hooglander1> Tof was da
[20:06:46] <jasper> oh, ik dacht dat die zin een hele andere kant op ging
[20:07:17] <jasper> somethingsomethinggetrouwd "ik heb vandaag proefgereden op een ander"
[20:08:49] <Hooglander1> Whehe
[20:08:51] <Hooglander1> Had gekund
[20:11:24] <Jeroen> http://www.nytimes.com/2016/04/10/opinion/sunday/congratulations-youve-been-fired.html
[20:13:24] <jasper> jeroen: jammer joh
[20:13:31] <jasper> of was dat niet persoonlijk?
[20:13:50] <Jeroen> als ik zou schrijven voor de nyt zou je het wel horen
[20:25:34] *** Joins: teder (Teder@ip-217-103-196-58.ip.prioritytelecom.net)
[20:28:13] <tozzert> paar mooie biertjes op gister jeroen
[20:28:54] <Jeroen> ok
[20:28:59] <tozzert> Filou was er een van die wel prima was
[20:29:06] <tozzert> d'n bikse tripel ook wel
[20:29:33] <Jeroen> ok
[20:29:41] <tozzert> fijn hè?
[20:29:43] <Jeroen> ok
[20:30:33] <Hooglander1> Waar was je naar toe tozzert 
[20:30:58] <tozzert> beek
[20:33:14] <Hooglander1> Bierfestival of zo
[20:33:21] <Hooglander1> Met je speciaalbiertjes
[20:35:46] *** Joins: Resistor_ (Resistor@ip5456d91b.speed.planet.nl)
[20:35:53] *** Quits: Resistor (Resistor@ip5456d91b.speed.planet.nl) (Ping timeout: 65 seconds)
[20:35:58] *** Resistor_ is now known as Resistor
[20:37:16] *** Quits: Resistor (Resistor@ip5456d91b.speed.planet.nl) (Ping timeout: 66 seconds)
[20:37:44] *** Joins: Resistor (Resistor@ip5456d91b.speed.planet.nl)
[20:39:46] *** Quits: Resistor (Resistor@ip5456d91b.speed.planet.nl) (Exit)
[20:40:47] *** Joins: yonderboy (Seb@82-169-222-71.ip.telfort.nl)
[20:41:14] *** Quits: boy_yonder (Seb@82-169-222-71.ip.telfort.nl) (Ping timeout: 62 seconds)
[20:43:58] *** Joins: Matthew (Matthew@178-117-75-230.access.telenet.be)
[20:58:17] <tozzert> neenee, 't schêhl eraf gedronken
[20:59:42] *** Quits: teder (Teder@ip-217-103-196-58.ip.prioritytelecom.net) (Exit)
[21:02:47] *** Quits: m1dnight (christophe@2a02:a03f:124f:d800:be5f:f4ff:fe9a:a91e) (Ping timeout: 60 seconds)
[21:08:16] *** Quits: ElectrowolF (DI3@5355D892.cm-6-6d.dynamic.ziggo.nl) (Ping timeout: 66 seconds)
[21:09:03] <Hooglander1> Hadden ze bij jou ook moeten doen tozzert 
[21:09:04] <Hooglander1> :+
[21:09:05] <Hooglander1> Kekeke
[21:09:54] *** Joins: ElectrowolF (DI3@5355D892.cm-6-6d.dynamic.ziggo.nl)
[21:18:34] *** Joins: m1dnight (christophe@2a02:a03f:12df:eb00:be5f:f4ff:fe9a:a91e)
[21:30:59] <tobias> pom
[21:34:28] <Hooglander1> Lekker gebarbecuet tobias 
[21:38:46] *** Quits: lmd (lmd@5ED7EC48.cm-7-8d.dynamic.ziggo.nl) (Ping timeout: 66 seconds)
[21:38:51] *** Quits: Mattie (Mattie@ftth-213-134-239-005.solcon.nl) (Exit)
[21:39:14] *** moto-moi is now known as moto-moi|afk
[21:40:21] *** Joins: lmd (lmd@5ED7EC48.cm-7-8d.dynamic.ziggo.nl)
[21:45:47] *** Joins: Guyver2 (Guyver2@guyver2.xs4all.nl)
[21:49:00] *** Quits: twistit (uid156026@id-156026.tooting.irccloud.com) (Exit)
[21:53:22] *** Joins: Denyos (Denyos@ip56587acf.direct-adsl.nl)
[21:56:55] *** Quits: zomertje (zomertje@pluizigenblauw.xs4all.nl) (Exit)
[22:00:16] *** Quits: Jeroen (Jeroen@54188FF8.cm-5-1c.dynamic.ziggo.nl) (Exit)
[22:13:56] <tobias> Hooglander1: zeker
[22:14:14] <tobias> weer fijn 3kg houtskool in 2 dagen er doorheen gejakkerd
[22:18:26] <Sponge> http://teamcoco.com/korea/conan-checks-out-pc-bang hehe 'I like an aisle seat' :D
[22:22:12] <Hooglander1> tobias: :9 lekkah
[22:24:24] <Hooglander1> tozzert: http://tweakers.net/nieuws/110169/sony-brengt-android-60-naar-xperia-z3-serie-en-z2.html
[22:25:29] <tobias> Sponge: omg :)
[22:25:30] <tobias> bizar trouwens
[22:25:38] <tobias> 40 zinnige game-rigs in een 'internetcafe'
[22:25:48] <tobias> niemand die rookt, niemand die herrie maakt
[22:25:52] <tobias> gewoon hardcore gamen
[22:27:51] *** Quits: yonderboy (Seb@82-169-222-71.ip.telfort.nl) (Exit)
[22:29:25] *** Joins: IceShark (IceShark@5468FB1C.cm-12-1d.dynamic.ziggo.nl)
[22:29:45] <Hooglander1> Prima oplossing eigenlijk
[22:29:54] <Hooglander1> Gok zomaar dat dat per uur ook nog wel aantikt
[22:30:05] <tobias> jup
[22:30:16] <tobias> maar voor je een rig van 1k eruit gegamed hebt is ie alweer outdated
[22:30:28] <tobias> dus kun je beter op deze manier je tijd leasen :)
[22:31:07] <tobias> (hoewel je met 10eu/uur je met iets van 7 van die 14-uurs-sessies (omg lol) nodig hebt om 1000 euro te moeten betalen)
[22:34:51] <Hooglander1> Maar ja
[22:34:58] <Hooglander1> Als die dingen 24/7 staan te blazen
[22:35:02] <Hooglander1> En ook geld opleveren
[22:35:05] <Hooglander1> Snie gek nie
[22:35:12] <Hooglander1> €2k aanschaf of zo
[22:35:28] <Hooglander1> Gok dat de rest van het pand nog duurder is 
[22:41:44] *** Quits: Denyos (Denyos@ip56587acf.direct-adsl.nl) (Connection reset by peer)
[22:53:33] *** Quits: Matthew (Matthew@178-117-75-230.access.telenet.be) (Connection reset by peer)
[22:55:07] *** Quits: Teckna (jonathan@52487D74.cm-4-1b.dynamic.ziggo.nl) (Ping timeout: 60 seconds)
[22:55:46] *** Joins: Teckna (jonathan@52487D74.cm-4-1b.dynamic.ziggo.nl)
[22:59:51] *** Quits: Teckna (jonathan@52487D74.cm-4-1b.dynamic.ziggo.nl) (Ping timeout: 66 seconds)
[23:07:26] *** Quits: Hoogvlieger (Hoogvliege@ip41-37-211-87.adsl2.static.versatel.nl) (Exit)
[23:11:02] *** Quits: IceShark (IceShark@5468FB1C.cm-12-1d.dynamic.ziggo.nl) (Input/output error)
[23:16:40] <Dubbeldrank> http://www.express.co.uk/news/politics/659825/Dutch-referendum-EU-Brussels-Ukraine-deal-visa-free-travel-Rutte-Brexit
[23:17:45] *** Quits: Tomsworld (tom@2a02:a03f:12c0:600:f9cc:dab9:5d35:b532) (Ping timeout: 68 seconds)
[23:29:35] *** Joins: Tomsworld (tom@2a02:a03f:12c0:600:bc55:ea67:6842:6828)
[23:29:35] *** ChanServ sets mode: +o Tomsworld
[23:41:14] *** Quits: Sponge (Sponge@149.210.150.92) (Ping timeout: 60 seconds)
[23:59:29] *** Joins: Teckna (jonathan@52487D74.cm-4-1b.dynamic.ziggo.nl)
