[00:05:17] *** Joins: tozZ2 (AndChat714@31.161.172.21)
[00:05:24] <tozZ2> Goddomme Hooglander1 
[00:05:32] <tozZ2> Die korenaar embrasse
[00:05:37] <tozZ2> De tering
[00:05:42] <Hooglander1> Goei bier?
[00:05:54] <tozZ2> Uhuh
[00:06:02] <Hooglander1> Dat zei ik je toch
[00:06:12] <tozZ2> Ook al eens op d'n deze? 
[00:06:25] <tozZ2> Wel heel peaty
[00:06:30] <tozZ2> Turf? 
[00:06:38] *** Joins: int3nz0r (int3nz0r@541A8E1B.cm-5-3c.dynamic.ziggo.nl)
[00:07:30] <tozZ2> En zij stonden ook komende donderdag @ brabants bierfestival zei je h√®? 
[00:08:41] *** Joins: tozzmob (AndChat714@54188313.cm-5-1c.dynamic.ziggo.nl)
[00:09:07] <Hooglander1> Yeah
[00:09:17] <Hooglander1> Ik weet niet meer welke ik op had
[00:09:28] <Hooglander1> Zal niet dezelfde zijn
[00:09:30] *** Quits: tozZ2 (AndChat714@31.161.172.21) (Ping timeout: 66 seconds)
[00:09:35] <tozzmob> Je herkent me aan dat ik daar veel aan de stand sta
[00:09:38] <tozzmob> :+
[00:09:50] <Hooglander1> Kleine kans dat we gaan hoor
[00:09:57] <tozzmob> We? 
[00:10:06] <tozzmob> Geen vrouwen h√®
[00:10:25] <Hooglander1> Ik moet toch een Bob hebben
[00:10:50] <tozzmob> Goed punt 
[00:10:53] <tozzmob> Maar
[00:11:53] <Hooglander1> Nou
[00:12:10] <tozzmob> Taxichauffeurs schijnen over het algemeen ook nuchter te blijven 
[00:12:26] <Hooglander1> Bietje duur vanuit Oirschot
[00:12:30] <tozzmob> Gast
[00:12:38] <tozzmob> Goedkoper dan naar Tilburg 
[00:13:03] <Hooglander1> Jij neemt een busje met 7 man
[00:13:09] <Hooglander1> Likely
[00:13:18] <Hooglander1> Je zit er niet alleen of met twee
[00:13:25] <tozzmob> Er is nog niks geregeld hoor
[00:13:47] *** Quits: MueR (MueR@is.hier) (Ping timeout: 60 seconds)
[00:13:52] *** Joins: Tweaker_5960 (Mibbit@178-84-253-201.dynamic.upc.nl)
[00:14:03] <tozzmob> We gaan
[00:14:08] <Hooglander1> Alsof je niet met meer mensen gaat...
[00:14:15] <tozzmob> Heen of terug is nog onbekend 
[00:14:57] <tozzmob> Mgoe
[00:15:06] <tozzmob> Verder zuipen
[00:15:17] <tozzmob> Dag honneponnetjes
[00:15:18] <Hooglander1> Sauf se
[00:15:20] *** Quits: tozzmob (AndChat714@54188313.cm-5-1c.dynamic.ziggo.nl) (Exit)
[00:21:37] *** Quits: Tweaker_5960 (Mibbit@178-84-253-201.dynamic.upc.nl) (Exit)
[00:24:03] *** Joins: MueR (MueR@is.hier)
[00:24:03] *** ChanServ sets mode: +ao MueR MueR
[00:30:47] <Hooglander1> Hey een MueR 
[00:39:28] *** Joins: wirky (werken@ip503c7f23.speed.planet.nl)
[00:39:44] *** Joins: bbee (bbee@53541FA1.cm-6-5a.dynamic.ziggo.nl)
[01:05:43] *** Quits: wirky (werken@ip503c7f23.speed.planet.nl) (Ping timeout: 66 seconds)
[01:08:32] *** Joins: Xanland (home@is-aweso.me)
[01:09:32] *** Joins: wirky (werken@ip503c7f23.speed.planet.nl)
[01:10:46] <Xanland> Goedenavond heren
[01:46:10] *** Quits: Stuiterbal (Stuit@2001:980:5281:1:f953:94bf:141d:d478) (Exit)
[01:48:59] *** Quits: Chester (Chester@c77152.upc-c.chello.nl) (Ping timeout: 61 seconds)
[01:50:05] *** Joins: Chester (Chester@c77152.upc-c.chello.nl)
[02:19:52] *** Quits: ElectrowolF (DI3@5355D892.cm-6-6d.dynamic.ziggo.nl) (Ping timeout: 60 seconds)
[02:20:11] *** Joins: ElectrowolF (DI3@5355D892.cm-6-6d.dynamic.ziggo.nl)
[02:24:25] *** Quits: ElectrowolF (DI3@5355D892.cm-6-6d.dynamic.ziggo.nl) (Ping timeout: 60 seconds)
[02:24:44] *** Joins: ElectrowolF (DI3@5355D892.cm-6-6d.dynamic.ziggo.nl)
[02:53:07] <tozzert> abend
[02:54:30] <wirky> toxie sup
[02:54:48] <tozzert> ?
[03:21:02] *** Joins: Drawer_ (z@53521BE5.cm-6-3a.dynamic.ziggo.nl)
[03:23:55] *** Quits: Drawer_ (z@53521BE5.cm-6-3a.dynamic.ziggo.nl) (Ping timeout: 66 seconds)
[03:30:10] *** Quits: Teckna (jonathan@52487D74.cm-4-1b.dynamic.ziggo.nl) (Ping timeout: 66 seconds)
[03:47:13] *** Joins: Teckna (jonathan@52487D74.cm-4-1b.dynamic.ziggo.nl)
[03:48:20] *** Quits: wirky (werken@ip503c7f23.speed.planet.nl) (Ping timeout: 60 seconds)
[03:48:57] *** Joins: wirky (werken@ip503c7f23.speed.planet.nl)
[04:45:29] *** Quits: Teckna (jonathan@52487D74.cm-4-1b.dynamic.ziggo.nl) (Ping timeout: 66 seconds)
[05:22:56] *** Joins: Teckna (jonathan@52487D74.cm-4-1b.dynamic.ziggo.nl)
[05:27:40] <Escovan> mogguh
[05:45:42] *** Quits: Teckna (jonathan@52487D74.cm-4-1b.dynamic.ziggo.nl) (Ping timeout: 68 seconds)
[06:02:52] *** Joins: Teckna (jonathan@52487D74.cm-4-1b.dynamic.ziggo.nl)
[06:31:28] *** Quits: wirky (werken@ip503c7f23.speed.planet.nl) (Ping timeout: 67 seconds)
[06:32:53] *** Joins: wirky (werken@ip503c7f23.speed.planet.nl)
[07:24:50] *** Joins: Resistor (Resistor@ip5456d91b.speed.planet.nl)
[07:55:38] *** Quits: Svardskampe (Svardskamp@109-15-ftth.onsnetstudenten.nl) (Connection reset by peer)
[08:03:08] *** Prof_Away^^ is now known as Prof_NaPo^^
[08:12:45] *** Quits: Resistor (Resistor@ip5456d91b.speed.planet.nl) (Ping timeout: 60 seconds)
[08:14:05] *** Joins: Resistor (Resistor@ip5456d91b.speed.planet.nl)
[08:15:37] <Escovan> http://nieuwspaal.nl/leden-voedselbank-gekort-op-uitkering/
[08:16:49] <Prof_NaPo^^> en terecht
[08:17:29] <Resistor> Als je eten van de voedselbank krijgt heb je meer geld over voor bier en sigaretten. 
[08:17:43] <Prof_NaPo^^> vergeten de hoeren niet Resistor 
[08:18:32] <Escovan> bier en sigaretten zijn een noodzakelijke rem om het uitkeringvangen een beetje te beperken in chronische gevallen.
[08:18:34] <Resistor> Maar aan de andere kant: Ik was vorige maand bij iemand die nog van ‚Ç¨5,- moest leven, nog 10 dagen tot de uitkering weer binnenkwam. En dat met een gehandicapt kind.
[08:19:45] <Escovan> Het nadeel is ook, dat als je zo laag in inkomen zit, je sociaal netwerk meestal ook niet veel geld heeft en kleiner is.
[08:20:27] <Escovan> maarja, veels te serieus
[08:20:36] <Escovan> Het is vandaag dag van de arbeid!
[08:20:37] <Resistor> Ah, het is een satirische site. Nothing to see, move on.
[08:20:39] <Prof_NaPo^^> ik hoor enkel problemen Escovan 
[08:20:43] <Prof_NaPo^^> denk eens aan oplossingen
[08:20:52] <Escovan> gratis geld voor iedereen!
[08:21:59] <Prof_NaPo^^> gratis geld bestaat niet
[08:23:09] <Escovan> sssst, niet verklappen alles. Straks zeg je ook nog dat sinterklaas niet bestaat!
[08:26:33] <Escovan> https://nl.wikipedia.org/wiki/Karl_Marx
[08:50:52] *** Quits: Resistor (Resistor@ip5456d91b.speed.planet.nl) (Ping timeout: 61 seconds)
[08:52:05] *** Joins: Resistor (Resistor@ip5456d91b.speed.planet.nl)
[08:53:14] <Resistor> Urgh... Dit is de enige verbinding die steeds reset.
[08:58:25] *** Prof_NaPo^^ is now known as Prof_Away^^
[09:07:38] *** Joins: Sponge (Sponge@149.210.150.92)
[09:08:09] *** Joins: Drawer_ (z@53521BE5.cm-6-3a.dynamic.ziggo.nl)
[09:17:02] *** Joins: Jeroen (Jeroen@54188FF8.cm-5-1c.dynamic.ziggo.nl)
[09:26:33] *** Joins: coreblink (coreblink@145.132.131.160)
[09:33:47] <Drawer_> hallo
[09:34:21] *** Joins: Guyver2 (Guyver2@guyver2.xs4all.nl)
[09:35:01] <Jeroen> goedemorgen
[09:36:23] <Drawer_> hoe
[09:36:23] <Drawer_> krijgen
[09:36:24] <Drawer_> ze
[09:36:26] <Drawer_> het voor elkaar
[09:36:28] <Drawer_> gp om 1400
[09:36:30] <Drawer_> voetbal om 1430
[09:36:32] <Drawer_> fml
[09:36:44] <Dubbeldrank> gp all the way natuurlijk
[09:37:02] <Jeroen> weet je wat ook erg
[09:37:03] <Jeroen> is
[09:37:07] <Drawer_> als
[09:37:08] <Drawer_> iemand
[09:37:09] <Drawer_> zo
[09:37:10] <Drawer_> praat?
[09:37:15] <Jeroen> er is geen live stream van de archery world cup
[09:37:18] <Jeroen> omdat het in shanghai is
[09:37:21] <Jeroen> en de chinezen het blokkeren
[09:37:26] <Jeroen> |:(
[09:37:27] <Drawer_> kutcommies
[09:37:42] <Jeroen> en nederland boert nota bene goed
[09:37:52] <Jeroen> al een gouden en een zilveren plak
[09:37:55] <Jeroen> ze hadden 2x goud moeten pakken
[09:37:56] <Jeroen> maarja
[09:38:27] <Dubbeldrank> tja, we hadden ook aan het EK mee moeten doen
[09:38:32] <Jeroen> oh en nog een keer zilver zo te zien
[09:38:33] <Jeroen> wanne prutser
[09:39:00] <Jeroen> de boogschutters hebben altijd last van de nederlandse ziekte
[09:39:05] <Jeroen> de beste zijn maar dan in de finale verliezen
[09:40:58] <tozzert> meh
[09:41:40] <tozzert> ja man jeroen
[09:41:44] <tozzert> baal ik √©cht van
[09:41:48] <tozzert> geen boogschieten op tv
[09:41:49] <tozzert> schande!
[09:42:10] <Jeroen> het komt nog wel op eurosport volgens mij
[09:42:31] <tozzert> WAT ZEIK JE DAN
[09:42:47] <Jeroen> da's niet live jonge
[09:43:20] <tozzert> goddomme goeie biertjes op giester
[09:43:38] <tozzert> getuige de lap leer in m'n muil atm
[09:48:49] <Jeroen> wel mooi
[09:48:59] <Jeroen> ze schieten midden in de stad
[09:49:02] <Jeroen> over een meertje
[09:49:06] <Jeroen> in een park
[09:49:40] <Jeroen> http://images.travelpod.com/tw_slides/ta00/c3d/284/beautiful-shanghai-park-shanghai.jpg hiero
[09:57:09] *** Quits: Resistor (Resistor@ip5456d91b.speed.planet.nl) (Ping timeout: 61 seconds)
[09:58:06] *** Joins: Resistor (Resistor@ip5456d91b.speed.planet.nl)
[09:58:47] <tozzert> Deadpool.2016.720p.BluRay.x264-SPARKS
[09:58:49] <tozzert> o/
[10:00:02] <bacobart> woensdag al
[10:00:02] <bacobart> slapert
[10:00:23] <tozzert> m'n nas heeft hem gisteren pas gedownload
[10:00:47] <tozzert> en ik zag het 3 minuten geleden pas
[10:01:14] <bacobart> dan is je feed traag ofzo
[10:01:14] <bacobart> mgoed
[10:01:16] <Jeroen> die jongen gaat dood, tozzert 
[10:01:17] <bacobart> hijs leuk
[10:01:28] *** Quits: Teckna (jonathan@52487D74.cm-4-1b.dynamic.ziggo.nl) (Ping timeout: 66 seconds)
[10:01:32] <tozzert> jij ook jeroen
[10:01:37] <Jeroen> never
[10:04:29] <Jeroen> http://indiatoday.intoday.in/story/defence-minister-wife-elizabeth-antony-paintings-for-rs.-28-crore/1/201258.html
[10:04:36] <Jeroen> da's ook een manier van omkoping
[10:07:35] <tozzert> is dat niet heel weinig?
[10:07:39] <tozzert> 28
[10:08:52] <Jeroen> je moet de "cr" ook meenemen
[10:08:57] <Jeroen> een crore is 10 miljoen
[10:09:08] <tozzert> o
[10:09:08] <Jeroen> dus dit is 4 miljoen euro ofzo
[10:09:56] <tozzert> that's other cook
[10:10:31] <Jeroen> uhuh
[10:11:31] <Jeroen> https://i.imgur.com/ZHvNnv7.gifv
[10:12:15] <tozzert> domme paki
[10:16:39] *** Joins: kees (kees@office.tweaknet.net)
[10:19:14] *** Joins: Teckna (jonathan@52487D74.cm-4-1b.dynamic.ziggo.nl)
[10:19:25] *** Joins: Tweaker_8442 (Mibbit@ip56570b8b.direct-adsl.nl)
[10:19:47] *** Quits: Tweaker_8442 (Mibbit@ip56570b8b.direct-adsl.nl) (Exit)
[10:21:59] *** Quits: Teckna (jonathan@52487D74.cm-4-1b.dynamic.ziggo.nl) (Ping timeout: 61 seconds)
[10:21:59] *** Joins: Teckna (jonathan@52487D74.cm-4-1b.dynamic.ziggo.nl)
[10:29:23] *** Joins: Francis (Francis@5468C56E.cm-12-1d.dynamic.ziggo.nl)
[10:29:43] <Francis> ohai
[10:50:25] <Jeroen> woei NL wint weer goud
[10:50:30] <Jeroen> https://scontent-amt2-1.xx.fbcdn.net/hphotos-xpl1/v/t1.0-9/13124990_485290138323960_373421273109573522_n.jpg?oh=3b5e02d6f12c8074afb9ffcb0b7d1854&oe=57B67454
[10:57:20] *** Joins: Wussie (wussie@220-251.ftth.onsbrabantnet.nl)
[10:57:55] <Hooglander1> Mogguh
[11:04:02] *** Quits: Guyver2 (Guyver2@guyver2.xs4all.nl) (Exit)
[11:07:29] <Jeroen> http://www.mrctv.org/blog/study-girls-feel-more-negative-emotions-about-math-boys
[11:08:03] <tozzert> stop eens met je jaspertjes
[11:11:52] <Drawer_> haha
[11:12:07] <tozzert> was wel een bijzondere Hooglander1... die dochter van de korenaar
[11:12:13] <tozzert> http://www.ratebeer.com/beer/de-dochter-van-de-korenaar-embrasse-peated-oak-aged-whiskey-cask/140210/
[11:12:22] <tozzert> wel heel turfachtig
[11:12:59] <Drawer_> de juup en nachos waren gisteravond ook weer bijzonder lekker heur
[11:13:19] <tozzert> https://www.youtube.com/watch?v=gMuZWOlMqX0
[11:13:34] <Jeroen> ik drink de dochter van de korenaar before it was cool
[11:13:39] <Jeroen> dronk*
[11:13:49] <Jeroen> die tent zit in baarle
[11:13:57] <Drawer_> ik deed de dochter van de korenaar voordat het een biertje werd
[11:14:20] <Hooglander1> tozzert: je kwam er speciaal voor op IRC met je zatte harses :P
[11:14:29] <tozzert> did I?
[11:14:29] <tozzert> :+
[11:15:00] <tozzert> wel een beetje een deceptie na het uitpakken van de fles
[11:15:04] <tozzert> geen etiket, niks
[11:15:06] <tozzert> mgowe
[11:15:12] <tozzert> los kaartje erbij
[11:15:18] <Hooglander1> Die apparatuur heeft ie niet
[11:15:27] <Drawer_> dan koopt ie dat
[11:15:30] <Drawer_> upscalen
[11:15:30] <Hooglander1> Kroonkurken stampen gebeurt nog met de hand he
[11:15:31] <Drawer_> gvd
[11:16:49] <Drawer_> kutsite
[11:17:46] <Drawer_> mja tozzert 
[11:17:53] <Drawer_> die score op ratebeer zegt niks
[11:17:57] <Drawer_> http://www.ratebeer.com/beer/orval/835/
[11:17:59] <Drawer_> kijk deze
[11:18:01] <Drawer_> niet te zuipe
[11:18:05] <tozzert> ghe
[11:18:07] <tozzert> bocht idd
[11:18:21] <Drawer_> http://www.ratebeer.com/beer/heineken/37/
[11:18:24] <Drawer_> deze score klopt wel
[11:18:26] <Drawer_> 5/100
[11:18:26] <Drawer_> :D
[11:18:31] <tozzert> weet niet of jij die dochter kunt waarderen Drawer_
[11:18:59] <Drawer_> http://www.ratebeer.com/beer/tripel-karmeliet/5368/
[11:19:00] <Drawer_> kijk
[11:19:02] <Drawer_> dit klopt goed
[11:19:48] <tozzert> keek ervan op dat karmeliet pas sinds '96 bestaat
[11:21:25] <tozzert> ben je donderdag ook in oirschot te vinden Drawer_?
[11:21:27] <tozzert> of jeroen?
[11:22:41] *** Joins: McM (mcm@d30008.upc-d.chello.nl)
[11:24:02] *** Quits: wirky (werken@ip503c7f23.speed.planet.nl) (Exit)
[11:24:24] <Drawer_> ik heb dondrdag volgens mij iets anders
[11:24:32] <Drawer_> die meet was donderdag toch Hooglander1 
[11:24:52] <Drawer_> onee, de week erop
[11:26:10] <tozzert> daolik deadpool es k√™hke d√™hnk
[11:26:26] <Drawer_> dalijk eens rondje karren
[11:26:31] <Drawer_> gister goed gewassen
[11:28:49] <Jeroen> ik ga eens schieten
[11:28:50] <Jeroen> w
[11:28:51] <Jeroen> :w
[11:28:56] <Jeroen> en nee donderdag niet in oirschot
[11:29:00] <Jeroen> wat is er dan?
[11:29:01] *** Quits: Jeroen (Jeroen@54188FF8.cm-5-1c.dynamic.ziggo.nl) (Exit)
[11:29:29] <tozzert> ...
[11:30:41] <moto-moi|afk> vast iets met bier?
[11:30:45] *** moto-moi|afk is now known as moto-moi
[11:30:59] <tozzert> +veel
[11:31:05] <tozzert> +verschillende
[11:31:37] <Drawer_> zal mn klokje eens maken tozzert 
[11:31:38] <Drawer_> witte wel
[11:31:46] <Drawer_> de led van t klokje niet op mn constante power
[11:31:48] <Drawer_> maar geschakeld
[11:31:50] <Drawer_> :>
[11:31:55] <Drawer_> ff n beetje alles ontbeunen
[11:32:05] <tozzert> d√® lekt me w√™hs j√®
[11:32:15] <tozzert> jij?
[11:32:17] <tozzert> ontbeunen?
[11:32:20] <Drawer_> jazekerrrr
[11:32:25] <tozzert> let me not laugh
[11:32:29] <Drawer_> ok doei.
[11:32:32] <tozzert> succes
[11:32:33] <tozzert> ;)
[11:34:59] *** Quits: Erik (M1bbit@cl-1606.ams-04.nl.sixxs.net) (Ping timeout: 60 seconds)
[11:39:39] *** Quits: McM (mcm@d30008.upc-d.chello.nl) (Ping timeout: 67 seconds)
[11:42:08] *** Joins: Rivanov (Rivanov@31-151-31-203.dynamic.upc.nl)
[11:46:10] *** Quits: Teckna (jonathan@52487D74.cm-4-1b.dynamic.ziggo.nl) (Ping timeout: 60 seconds)
[11:52:51] <Hooglander1> tozzert: zijn auto heeft wel nog steeds meer dan 75pk
[11:52:58] <Hooglander1> Kunnen we niet allemaal zeggen hier
[11:53:47] *** Quits: Rivanov (Rivanov@31-151-31-203.dynamic.upc.nl) (Ping timeout: 67 seconds)
[11:58:47] *** Joins: Rivanov (Rivanov@31-151-31-203.dynamic.upc.nl)
[12:00:20] *** Quits: Rivanov (Rivanov@31-151-31-203.dynamic.upc.nl) (Exit)
[12:00:28] *** Joins: Rivanov (Rivanov@31-151-31-203.dynamic.upc.nl)
[12:00:36] <moto-moi> ik moet echt mijn bak laten chiptunen geloof ik :(
[12:01:37] <gdex> en dan de hele dag chiptunes afspelen?
[12:01:43] *** Quits: Rivanov (Rivanov@31-151-31-203.dynamic.upc.nl) (Ping timeout: 68 seconds)
[12:02:51] <moto-moi> nee, ik heb maar 1 pk meer nodig
[12:03:05] <moto-moi> genoeg om meer te hebben dan tozzert z'n nieuwe bak :+
[12:03:19] <gdex> :+
[12:03:29] <gdex> ik heb al meer pk, minder kilo's, en minder oppervlak
[12:03:47] <gdex> ik kan altijd een versnelling te hoog rijden voor het echte tozzert-gevoel
[12:03:56] <moto-moi> ghehe
[12:04:04] *** Joins: Teckna (jonathan@52487D74.cm-4-1b.dynamic.ziggo.nl)
[12:04:30] *** Joins: Rivanov (Rivanov@31-151-31-203.dynamic.upc.nl)
[12:08:46] *** Quits: Teckna (jonathan@52487D74.cm-4-1b.dynamic.ziggo.nl) (Ping timeout: 66 seconds)
[12:12:23] *** Quits: Winkey (Winkey@ip4da97a02.direct-adsl.nl) (Ping timeout: 60 seconds)
[12:22:23] *** Joins: Winkey (Winkey@ip4da97a02.direct-adsl.nl)
[12:24:24] *** Joins: Teckna (jonathan@52487D74.cm-4-1b.dynamic.ziggo.nl)
[12:25:54] *** Quits: Winkey (Winkey@ip4da97a02.direct-adsl.nl) (Ping timeout: 66 seconds)
[12:29:55] *** Joins: Winkey (Winkey@ip4da97a02.direct-adsl.nl)
[12:39:39] <qlum> 7NYJ7JY+++- R543  NBGHYT675 ASEDTGHYJIK-OIKJYHNTGBRFVDCSXGTY78I0-DSY90-=
[12:50:23] *** Quits: Rivanov (Rivanov@31-151-31-203.dynamic.upc.nl) (Ping timeout: 66 seconds)
[12:51:35] <tozzert> is dat niet wat overdreven qlum?
[12:53:01] <boekee> Serial code ?
[12:53:45] *** Joins: Rivanov (Rivanov@31-151-31-203.dynamic.upc.nl)
[12:53:58] *** Quits: Rivanov (Rivanov@31-151-31-203.dynamic.upc.nl) (Exit)
[12:54:11] *** Joins: Rivanov (Rivanov@31-151-31-203.dynamic.upc.nl)
[12:54:22] *** Joins: Anthor (Anthor@cust.7.103.adsl.cistron.nl)
[12:55:29] <kees> Voor het eerst in negentien jaar heeft het in mei gevroren in De Bilt. Aan de grond vroor het er afgelopen nacht 1,8 graden. In het Noord-Hollandse Berkhout was het op zaterdagnacht het koudst, daar vroor het 1,7 graden. 
[12:55:30] <kees> wut?
[12:55:59] *** Quits: Rivanov (Rivanov@31-151-31-203.dynamic.upc.nl) (Ping timeout: 66 seconds)
[12:56:57] *** Joins: Rivanov (Rivanov@31-151-31-203.dynamic.upc.nl)
[12:59:06] *** Quits: Rivanov (Rivanov@31-151-31-203.dynamic.upc.nl) (Exit)
[13:01:07] *** Joins: Rivanov (Rivanov@31-151-31-203.dynamic.upc.nl)
[13:05:51] *** Quits: Rivanov (Rivanov@31-151-31-203.dynamic.upc.nl) (Exit)
[13:06:03] *** Joins: Rivanov (Rivanov@31-151-31-203.dynamic.upc.nl)
[13:13:39] *** Joins: Jeroen (Jeroen@54188FF8.cm-5-1c.dynamic.ziggo.nl)
[13:15:47] *** Quits: Rivanov (Rivanov@31-151-31-203.dynamic.upc.nl) (Exit)
[13:16:15] *** Joins: FADM|JLP (zoldertjeg@ip15-227-208-87.adsl2.static.versatel.nl)
[13:16:33] *** Quits: Teckna (jonathan@52487D74.cm-4-1b.dynamic.ziggo.nl) (Ping timeout: 62 seconds)
[13:17:07] <qlum> was mijn toetsenbord aan het schoonmaken
[13:21:16] *** Joins: Rivanov (Rivanov@31-151-31-203.dynamic.upc.nl)
[13:22:27] <Jeroen> https://www.youtube.com/watch?v=xs3BXVTF7mw&feature=youtu.be
[13:23:06] *** Quits: Rivanov (Rivanov@31-151-31-203.dynamic.upc.nl) (Ping timeout: 66 seconds)
[13:28:53] *** Quits: Prof_Away^^ (~NaPo@92-108-244-176.dynamic.upc.nl) (Ping timeout: 61 seconds)
[13:29:32] *** Joins: Prof_Away^^ (~NaPo@92-108-244-176.dynamic.upc.nl)
[13:29:48] *** Joins: Chester- (Chester@c77152.upc-c.chello.nl)
[13:29:55] *** Quits: Chester (Chester@c77152.upc-c.chello.nl) (Ping timeout: 66 seconds)
[13:29:55] *** Prof_Away^^ is now known as Prof_NaPo^^
[13:30:00] *** Joins: Rivanov (Rivanov@31-151-31-203.dynamic.upc.nl)
[13:33:09] *** Quits: Rivanov (Rivanov@31-151-31-203.dynamic.upc.nl) (Ping timeout: 66 seconds)
[13:33:44] *** Joins: Teckna (jonathan@52487D74.cm-4-1b.dynamic.ziggo.nl)
[13:37:18] *** Joins: Erik (M1bbit@cl-1606.ams-04.nl.sixxs.net)
[13:38:38] *** Quits: FADM|JLP (zoldertjeg@ip15-227-208-87.adsl2.static.versatel.nl) (Ping timeout: 60 seconds)
[13:39:20] *** Joins: Rivanov (Rivanov@145.132.74.228)
[13:44:34] *** Joins: wirky (werken@ip503c7f23.speed.planet.nl)
[13:44:45] *** Quits: Meeloow (Meeloow@2001:41d0:b:550:6667:0:0:13) (Ping timeout: 67 seconds)
[13:44:55] *** Quits: Rena (Rena@2001:41d0:b:550:6667:0:0:18) (Ping timeout: 68 seconds)
[13:45:13] *** Quits: Erik (M1bbit@cl-1606.ams-04.nl.sixxs.net) (Ping timeout: 67 seconds)
[13:45:32] *** Quits: Sponge (Sponge@149.210.150.92) (Ping timeout: 67 seconds)
[13:45:32] *** Quits: Xanland (home@is-aweso.me) (Ping timeout: 67 seconds)
[13:45:41] *** Quits: Schmiel (schmiel@caesarea.schmiel.nl) (Ping timeout: 67 seconds)
[13:45:41] *** Quits: Winkey (Winkey@ip4da97a02.direct-adsl.nl) (Ping timeout: 67 seconds)
[13:45:50] *** Quits: Drawer_ (z@53521BE5.cm-6-3a.dynamic.ziggo.nl) (Ping timeout: 67 seconds)
[13:45:59] *** Quits: AK47 (arjan@217-19-31-246.dsl.cambrium.nl) (Ping timeout: 67 seconds)
[13:45:59] *** Quits: FlutterShy (guntherdw@ip-83-101-5-155.customer.schedom-europe.net) (Ping timeout: 67 seconds)
[13:45:59] *** Quits: DarK-OnE (dark@priss.segfault.nl) (Ping timeout: 67 seconds)
[13:46:36] *** Joins: gakkethijs (gakkethijs@84-245-42-16.dsl.cambrium.nl)
[13:46:44] *** Quits: Dennis (dennis@anna.infra.promising.nl) (Ping timeout: 66 seconds)
[13:46:44] *** Quits: HiThere (HiThere@178.62.12.154) (Ping timeout: 66 seconds)
[13:46:53] *** Quits: kees (kees@office.tweaknet.net) (Ping timeout: 66 seconds)
[13:47:06] *** Quits: int3nz0r (int3nz0r@541A8E1B.cm-5-3c.dynamic.ziggo.nl) (Ping timeout: 60 seconds)
[13:47:17] *** Joins: kees (kees@office.tweaknet.net)
[13:47:24] *** Quits: Tweaker7123 (tobias@sinas.rename-it.nl) (Ping timeout: 61 seconds)
[13:47:29] *** Joins: tobias (tobias@sinas.rename-it.nl)
[13:47:50] *** Quits: jback (quassel@hubble.milkyway.cloud) (Ping timeout: 65 seconds)
[13:47:50] *** Quits: NMe (NMe@tyrion.devven.nl) (Ping timeout: 65 seconds)
[13:47:53] *** Joins: HiThere (HiThere@2a03:b0c0:1:d0:0:0:245:f001)
[13:47:57] *** Joins: Dennis (dennis@anna.infra.promising.nl)
[13:48:08] *** Quits: sm0ck (ashnohoe@D97B8CD4.cm-3-4c.dynamic.ziggo.nl) (Ping timeout: 65 seconds)
[13:48:08] *** Quits: Francis (Francis@5468C56E.cm-12-1d.dynamic.ziggo.nl) (Ping timeout: 65 seconds)
[13:48:25] *** Joins: Francis (Francis@5468C56E.cm-12-1d.dynamic.ziggo.nl)
[13:48:30] *** tobias is now known as Tweaker62071
[13:48:56] *** Quits: MueR (MueR@is.hier) (Ping timeout: 69 seconds)
[13:49:05] *** Quits: jk-5 (jk-5@D549D0E1.cm-10-1b.dynamic.ziggo.nl) (Ping timeout: 68 seconds)
[13:49:11] *** Joins: jk-5 (jk-5@D549D0E1.cm-10-1b.dynamic.ziggo.nl)
[13:49:14] *** Quits: klaveRCX (michiel@klaver.it) (Ping timeout: 67 seconds)
[13:49:14] *** Quits: Spelvoud (Spelvoud@sd51113cf.adsl.online.nl) (Ping timeout: 67 seconds)
[13:49:16] *** Joins: klaveRCX (michiel@klaver.it)
[13:49:59] *** Joins: NMe (NMe@tyrion.devven.nl)
[13:50:00] *** ChanServ sets mode: +v NMe
[13:50:04] *** Joins: sm0ck (ashnohoe@D97B8CD4.cm-3-4c.dynamic.ziggo.nl)
[13:50:16] *** Joins: Spelvoud (Spelvoud@sd51113cf.adsl.online.nl)
[13:50:41] *** Joins: jback (quassel@hubble.milkyway.cloud)
[13:50:55] *** Joins: DarK-OnE (dark@priss.segfault.nl)
[13:53:27] *** Joins: Erik (M1bbit@cl-1606.ams-04.nl.sixxs.net)
[13:54:46] *** Quits: jback (quassel@hubble.milkyway.cloud) (Ping timeout: 68 seconds)
[13:55:20] *** Joins: Sponge (Sponge@149.210.150.92)
[13:55:34] *** Joins: Xanland (home@is-aweso.me)
[13:55:39] *** Joins: AK47 (arjan@217-19-31-246.dsl.cambrium.nl)
[13:55:51] *** Joins: Arno (arno@541B0FEB.cm-5-4a.dynamic.ziggo.nl)
[13:55:51] *** ChanServ sets mode: +o Arno
[13:57:34] *** Joins: jback (quassel@hubble.milkyway.cloud)
[13:57:43] *** Joins: MueR (MueR@is.hier)
[13:57:43] *** ChanServ sets mode: +ao MueR MueR
[13:59:06] *** Joins: int3nz0r (int3nz0r@541A8E1B.cm-5-3c.dynamic.ziggo.nl)
[13:59:30] *** Joins: Meeloow (Meeloow@meeloow.centravi.org)
[14:00:01] *** Joins: Rena (Rena@2001:41d0:b:550:6667:0:0:18)
[14:01:38] *** Quits: Rivanov (Rivanov@145.132.74.228) (Ping timeout: 60 seconds)
[14:02:30] *** Joins: Rivanov (Rivanov@145.132.74.228)
[14:02:57] *** Joins: Schmiel (schmiel@caesarea.schmiel.nl)
[14:03:51] *** Quits: Rivanov (Rivanov@145.132.74.228) (Exit)
[14:04:45] *** Joins: FlutterShy (guntherdw@ip-83-101-5-155.customer.schedom-europe.net)
[14:06:02] *** Joins: Drawer (z@53521BE5.cm-6-3a.dynamic.ziggo.nl)
[14:07:16] <Drawer> nou
[14:07:22] <Drawer> t ontbeunen is gelukt hoor tozzert 
[14:07:34] <Drawer> gelijk n zekering kunnen vervangen \o :+
[14:08:49] <Jeroen> door een stapel stuivers?
[14:08:52] <Drawer> ja
[14:09:00] <Drawer> en wat alufolie
[14:14:58] *** Joins: Rivanov (Rivanov@31-151-31-203.dynamic.upc.nl)
[14:15:33] *** Joins: Winkey (Winkey@ip4da97a02.direct-adsl.nl)
[14:18:14] <gakkethijs> niet gewoon een breinaald?
[14:18:27] *** Joins: Stuiterbal (Stuit@2001:980:5281:1:84d8:8353:da5f:44d6)
[14:22:21] <tozzert> trots op je Drawer
[14:22:31] <tozzert> kunnen/moeten
[14:24:55] <gakkethijs> wow
[14:24:57] <gakkethijs> a first
[14:25:59] *** Quits: Resistor (Resistor@ip5456d91b.speed.planet.nl) (Connection reset by peer)
[14:26:26] *** Joins: Resistor (Resistor@ip5456d91b.speed.planet.nl)
[14:26:33] <Jeroen> ik zou beledigd zijn als tozzert trots op me is
[14:27:27] <tozzert> jij hoeft je daar dan ook niet druk om te maken
[14:29:16] *** Joins: chem (chem@180.191.107.237)
[14:30:19] <chem> joehoe
[14:30:39] <gakkethijs> ?
[14:31:04] <chem> ¬ø
[14:31:11] <gakkethijs> nice
[14:34:02] <chem> yes
[14:36:24] <gakkethijs> en 
[14:36:31] <gakkethijs> goed verhaal 
[14:37:40] <Jeroen> zijn de filipijnen al naar de filistijnen
[14:38:22] <gakkethijs> Jeroen, 
[14:38:28] <Jeroen> thijs
[14:38:29] <gakkethijs> waarom heb je ons niet verblijdt hier mee?
[14:38:29] <gakkethijs> http://nos.nl/artikel/2102451-wereldbekergoud-handboogschutter-van-den-berg.html
[14:38:38] <Jeroen> ik heb het vanochtend gezegd
[14:38:54] <gakkethijs> toen sliep ik nog
[14:38:55] <Jeroen> Jeroen>
[14:38:56] <Jeroen> woei NL wint weer goud
[14:38:56] <Jeroen> [10:50am] <Jeroen>
[14:38:57] <Jeroen> https://scontent-amt2-1.xx.fbcdn.net/hphotos-xpl1/v/t1.0-9/13124990_485290138323960_373421273109573522_n.jpg?oh=3b5e02d6f12c8074afb9ffcb0b7d1854&oe=57B67454
[14:39:00] <Jeroen> ja
[14:39:04] <Jeroen> is dat mijn probleem?
[14:39:09] <gakkethijs> maar wat is recurve..
[14:39:19] <gakkethijs> dat de pijl terug komt?
[14:39:57] <Jeroen> dat de latten van de boog dubbelgekromd zijn
[14:40:11] <Jeroen> http://www.bestrecurvebowguide.com/wp-content/uploads/2015/09/PSE-Honor.jpg
[14:40:14] *** Quits: Wussie (wussie@220-251.ftth.onsbrabantnet.nl) (Exit)
[14:40:20] <Jeroen> bovenin zie je de recurve
[14:40:43] <gakkethijs> type boog dus?
[14:40:44] <gakkethijs> ok
[14:40:58] <gakkethijs> en is dit de F1 van het boogschieten?
[14:41:16] <Jeroen> er is niet echt een F1 van het boogschieten
[14:41:19] <Jeroen> recurve is olympisch
[14:41:25] <Jeroen> compound is geavanceerder maar niet olympisch
[14:41:36] <chem> is het dan iig staand te paard in galop?
[14:41:52] <chem> of is het nog steeds voor mietjes met 3 kwartier mikken en allemaal malle gadgets
[14:41:57] <Jeroen> http://stephanhansen.dk/Blaa2.JPG-for-web-xlarge.jpg
[14:42:05] <Jeroen> je hebt 20s per schot, chem
[14:42:30] <Jeroen> maarre "gadgets" zitten er wel op ja :p
[14:42:36] <chem> ik kan sneller iemand veroordelen zonder voorkennis dan dat
[14:42:52] <chem> 2s, hophop
[14:42:55] <chem> knallen met die pijlen
[14:43:19] <chem> hoe lang hebben ze bij darten? het moet sneller dan dat kunnen, die lui zijn volgens mij permanent dronken
[14:44:01] <chem> in ander nieuws, ook in .ph hebben ze geen 13e verdieping
[14:44:03] <Jeroen> haha
[14:45:02] *** Quits: chem (chem@180.191.107.237) (Ping timeout: 61 seconds)
[14:45:16] <Jeroen> Based on an internal review of records, Dilip Rangnekar of Otis Elevators estimates that 85% of the buildings with Otis brand elevators did not have a floor named the 13th floor
[14:45:18] <Jeroen> o
[14:45:25] <Jeroen> chem kwam de 13e vloer tegen zeker
[14:52:06] *** Joins: chem (chem@180.191.107.90)
[14:53:33] <chem> zoiets jeroen
[14:53:39] <chem> het is traagisch hier, het internet
[14:56:18] *** Quits: wirky (werken@ip503c7f23.speed.planet.nl) (Ping timeout: 60 seconds)
[14:57:31] *** Joins: wirky (werken@ip503c7f23.speed.planet.nl)
[15:07:56] <Drawer> kutzooi
[15:08:00] <Drawer> verstappen valt uit
[15:08:03] <Drawer> reed 6e
[15:08:04] <Drawer> :/
[15:08:11] <Drawer> motor stuque
[15:08:43] <gakkethijs> haha
[15:09:08] <gakkethijs> ferrari kon niet hebben dat ze hem niet konden krijgen
[15:09:31] <Drawer> gvd
[15:09:34] <Drawer> 1-0 twente
[15:09:38] <Drawer> of mja
[15:09:38] <Drawer> ajax
[15:09:40] <Drawer> helaas
[15:09:41] <Drawer> ;(
[15:09:50] <Drawer> en 3-1 psv
[15:09:52] <Drawer> dat dan weer wel
[15:11:47] <Drawer> gdex, 
[15:11:52] <Drawer> wtf doe je op mn linkedin
[15:11:54] <Drawer> stalker
[15:13:12] *** Quits: chem (chem@180.191.107.90) (Ping timeout: 68 seconds)
[15:14:56] *** Joins: chem (chem@180.191.107.237)
[15:16:02] <bacobart> http://www.zie.nl/video/f7vz4bzf2wem
[15:16:04] <bacobart> welke game is dat?
[15:16:10] <bacobart> op 00:42 
[15:16:54] <Drawer> dunno, als je t weet, zeg t ff
[15:16:54] <Drawer> :+
[15:17:15] <chem> tetris?
[15:17:21] <bacobart> ja, met autos
[15:17:22] <bacobart> gaaf
[15:17:35] <chem> monkey island?
[15:17:57] <bacobart> is 't leuk daar in 1990?
[15:18:22] <chem> het is hier eerder '50
[15:22:02] <chem> You can now use your Spotify account. Your Spotify Premium is valid until May 29, 2016 11:38 AM \o/
[15:22:17] <chem> nice, en dat voor niks (lokaal simkaart feature ding)
[15:25:53] <Drawer> vroeger had je in google earth van die pins die iedereen op leuke plekken flikkerde met erbij wat t was
[15:25:56] <Drawer> dat heeft maps niet he?
[15:26:04] <Drawer> heel area51 was bijvoorbeeld gemapped
[15:26:08] <chem> van panoramio bedoel je?
[15:26:18] <Drawer> weet niet?
[15:26:22] <Drawer> gewoon kleine stukjes tekst
[15:26:29] <Drawer> niet per se foto≈õ
[15:26:35] <chem> owh dat zegt me niks, klinkt als een specifieke layer dan?
[15:26:45] <Drawer> ja weet niet of dat toen al layers heetten
[15:26:55] <Drawer> google earth eens downen
[15:26:56] <MueR> zucht ing
[15:27:16] <MueR> "je mag $transactie niet doen, verhoog je verzendlimiet"
[15:27:29] <MueR> doe je dat, moet je "om veiligheidsredenen" 15 minuten wachten
[15:27:42] <MueR> ik ben toch al ingelogd, heb de verhoging al geauthoriseerd..
[15:27:43] <chem> is het nou geregeld MueR ?
[15:27:43] <chem> MueR geen hacker in de wereld die 15 minuten heeft
[15:27:51] <MueR> het is geregeld ja
[15:27:54] <chem> nice!
[15:28:13] <chem> en... voelt beter?
[15:28:19] <MueR> nee
[15:28:24] <chem> :/
[15:28:24] <MueR> maar dat komt nog wel hoop ik
[15:28:36] <MueR> heb vandaag ook maar eens de naamplaatjes op de brievenbus veranderd
[15:28:51] <gakkethijs> naar ik woon hier niet?
[15:29:07] <chem> The bitch is gone?
[15:29:07] <MueR> naar mijn naam, ipv mijn naam + ex
[15:29:32] <chem> weer een liter fles bier op
[15:29:34] <chem> :'(
[15:29:46] <MueR> vrijdag al even bij de nieuwe werkgever gezeten
[15:29:51] <chem> kan iemand ff 2 meter naar mijn koelkast kopen?
[15:29:51] <chem> ah nice
[15:29:56] <chem> en, leuk (genoeg) ?
[15:30:14] <MueR> de persoon waar ik wat werkzaamheden van over moet gaan nemen heeft ontslag genomen :P
[15:30:21] <MueR> ze weten nu niet helemaal wat ze met me aan moeten
[15:30:27] <gakkethijs> klinkt goed
[15:30:35] <MueR> dus hebben ze me voor mn eerste dag al overgeplaatst naar een ander team
[15:30:37] <gakkethijs> dus je gaat neuspeuteren?
[15:30:46] <MueR> nah, ik ga nu voor samsung werken
[15:30:50] <gakkethijs> iewl
[15:31:03] <chem> maar dat werk is dan toch niet weg?
[15:31:03] <gakkethijs> waarom zou je dat doen
[15:31:06] <MueR> kreeg wel meteen te horen dat ik mn laptop opnieuw moet installeren
[15:31:18] <gakkethijs> ^^
[15:31:19] <MueR> want "samsung's corporate vpn werkt niet op windows 10"
[15:31:26] <MueR> I call bullshit, ik heb het al werkend
[15:31:30] <chem> ah dat begint goed
[15:31:43] <gakkethijs> werkt niet is toch altijd ¥zou niet mogen¥
[15:32:11] <chem> klinkt als een vboxje met win95 waar je je traffic doorheen tunnelt en :w
[15:32:30] <MueR> nou ja.. ze hebben een maand of 4 geleden XP support gedropped.. dat niveau
[15:32:38] <MueR> samsung, niet mn werkgever
[15:32:39] *** Quits: Rivanov (Rivanov@31-151-31-203.dynamic.upc.nl) (Ping timeout: 66 seconds)
[15:32:44] *** Joins: Rivanov (Rivanov@31-151-31-203.dynamic.upc.nl)
[15:32:49] <Drawer> ej
[15:32:57] <Drawer> op vliegvelden zie je vaak vanb die ondergrondse huisjes
[15:33:00] <Drawer> weet iemand wat dat zijn
[15:33:06] <gakkethijs> ondergrondse huisjes?
[15:33:07] <gakkethijs> wtf
[15:33:09] <Drawer> op eindhoven zie je t ook
[15:33:09] <Drawer> ja
[15:33:10] <Drawer> wacht
[15:33:10] <chem> als ze ondergronds zijn zie je niet he
[15:33:10] <gakkethijs> waarom zie je ze dan?
[15:33:11] <chem> LAMPIE
[15:33:16] <gakkethijs> ^^
[15:33:21] <Drawer> alleen dak erbovenuit jonge
[15:33:23] <MueR> pics or gtfo Drawer
[15:33:26] <gakkethijs> bunkers jonguh
[15:33:31] <chem> en heet een half ingegraven huis geen bunker?
[15:33:38] <gakkethijs> vaak wel
[15:33:40] <chem> hi5 @ gakkethijs 
[15:33:53] <gakkethijs> ^^ iets met minds blabla
[15:34:04] <chem> en dat dwars door de tijdzones heen
[15:34:08] <MueR> het is lang geleden dat ik aan die kant van eindhoven airport heb rondgelopen, maar toen waren dat idd bunkers
[15:34:18] <Drawer> het ding is felrood
[15:34:21] <chem> dus daar zitten allemaal Duitsers in
[15:34:24] <chem> zoveel is zeker
[15:34:25] <Drawer> neeeeeee
[15:34:27] <Drawer> ;(
[15:34:29] <Drawer> ja gvd
[15:34:31] <MueR> was wel een geinige dag trouwens.. mocht een vliegtuig laten landen :D
[15:34:44] <chem> MueR met je drone + laser?
[15:34:46] <Drawer> naast de landingsbaan
[15:35:04] <Drawer> http://www.ed.nl/polopoly_fs/1.4763504.1450125008!/image/image.jpg_gen/derivatives/landscape_800_600/image-4763504.jpg
[15:35:05] <Drawer> hier
[15:35:07] <MueR> nee chem, op de landingsbaan staan, met van die spiegeleien :P
[15:35:08] <Drawer> lkinks van de baan
[15:35:14] <Drawer> zie je een huisje met alleen ramen bovengronds
[15:35:21] <Drawer> op madrid zag ik ook zoiets
[15:35:26] <chem> MueR is eindhoven zo ghetto dat dat met de hand moet nog?
[15:35:38] <MueR> dit was ~18 jaar geleden
[15:35:46] <Drawer> dan laat je toch geen vliegtuig landen MueR 
[15:35:50] <Drawer> maar taxi'en
[15:35:53] <Drawer> naar de juiste plaats?
[15:36:01] <MueR> was een Hercules (nee, niet die ene die kapotstuk ging)
[15:36:03] <MueR> whatever
[15:36:16] <Drawer> ahja
[15:36:24] <Drawer> maaaaaaar
[15:36:28] <Drawer> dat hokje/huisje dus
[15:36:33] <MueR> mocht een dag mee met de buurman.. die was verantwoordelijk voor alle militaire vluchten
[15:36:37] <MueR> toen nog
[15:36:43] <chem> MueR maar heb je nog enige attachments met Haar, of is het allemaal feitelijk geregeld?
[15:37:05] <MueR> ze wil haar stofzuiger nog op komen halen, meer niet
[15:37:27] <Jeroen> dus jij dat ding afgevuld met bloem en glitter
[15:37:46] <chem> hehe
[15:38:09] <MueR> laatste stofzuigerzak zit er in en die zit bijna vol.. dus care verder
[15:38:14] <chem> met POEP
[15:38:17] <chem> of... ?
[15:38:34] <chem> moet ze het wel snel ophalen, anders maakt het weinig meer uit
[15:38:50] <MueR> euh, stof, zaagsel, kleine stukjes kabel van m'n electronicagepruts
[15:38:50] <chem> maar kan je dat ding niet bij curry dumpen en :w ?
[15:38:55] <MueR> kan
[15:39:03] <chem> klinkt als een plan dan
[15:39:07] <MueR> moet binnenkort toch even langs.. wil een basgitaar lenen van een collega
[15:39:11] <chem> ipv wachten tot zij er zin an heeft
[15:39:15] <MueR> of ja, per vandaag oud collega
[15:39:26] *** Quits: Rivanov (Rivanov@31-151-31-203.dynamic.upc.nl) (Ping timeout: 67 seconds)
[15:39:27] <MueR> wel een toffe fles whisky gekregen van curry trouwens
[15:39:33] <MueR> uit m'n geboortejaar :D
[15:39:48] <MueR> ja ING, die 15 minuten zijn op
[15:40:03] <chem> MueR nice, welke?
[15:40:18] <MueR> Highland Park 21yo Signatory Cask Strength
[15:40:27] <MueR> uit 86
[15:40:39] <chem> ah signatory heeft altijd wel toffe cask-keuzes
[15:41:00] <chem> heb er flessen van gehad van 'bekende' jaren, en toch echt heel anders/beter
[15:41:32] <chem> een hp van 21y, die wil ik ook wel proberen trouwens
[15:41:46] <chem> vind het meestal een wat whisky-cocktailsaus waardige whisky, aka een slobberwhisky
[15:42:43] <MueR> https://cdn2.masterofmalt.com/whiskies/p-2813/highland-park-1986-signatory-bottling-whisky.jpg die dus, behalve 21 ipv 22yo
[15:44:29] <chem> cask strength vinden een hoop mensen niet zo lekker, te sterk - maar ik vind het wel proper
[15:44:58] <MueR> deze blijft iig nog even dicht tot ik een goede reden heb :P
[15:45:37] <chem> tsja zo heb ik nog een Port Ellen 24yo Dewar Rattray staan
[15:47:22] <chem> die theoretisch een hoop waard is @ veilingen maar ja
[15:48:15] <MueR> zo, ik ga er weer ff vandoor
[15:48:16] <MueR> :w
[15:48:19] <chem> :w
[15:48:35] <chem> smatjes batsen
[15:49:29] <gakkethijs> MueR,  vreemd 21y uit 1986
[15:52:41] <Drawer> tuurlijk niet vreemd
[15:52:45] <Drawer> 21y gerijpt
[15:52:46] <Drawer> doh
[15:53:21] <Jeroen> ja gakkethijs 
[15:53:22] <Jeroen> tssss
[15:53:23] <Jeroen> tsss
[15:53:27] <Drawer> hmm
[15:53:32] <Drawer> is madurodam nog open eigenlijk?
[15:54:08] <Drawer> hmm ja
[15:54:09] <Drawer> nice
[15:54:11] *** Quits: chem (chem@180.191.107.237) (Connection reset by peer)
[15:54:27] <moto-moi> je wilt godzilla gaan spelen?
[15:55:24] <Drawer> ja
[15:56:09] <moto-moi> cool, laat je wel iemand foto's maken? :P
[15:56:32] <Jeroen> godzilla had natuurlijk wel een goede acteur
[15:56:34] <Jeroen> jean reno <3
[16:05:48] <moto-moi> welke van de 3 die de afgelopen jaren is gemaakt?
[16:05:53] <moto-moi> of zijn ze alweer aan de volgende reboot bezig?
[16:05:55] <moto-moi> I've lost count
[16:05:59] *** Joins: Rivanov (Rivanov@31-151-31-203.dynamic.upc.nl)
[16:06:09] <gakkethijs> OOO
[16:06:28] <Drawer> Jeroen, 
[16:06:32] <Drawer> https://scontent-amt2-1.xx.fbcdn.net/hphotos-xfl1/v/t1.0-9/13151591_10209082565370814_2712167934946207277_n.jpg?oh=98f54c99d73c85d14679372a323f2d19&oe=57B89524
[16:06:34] <Jeroen> http://www.imdb.com/title/tt0120685/ die slechte, moto-moi 
[16:06:36] <Drawer> :>
[16:06:48] <moto-moi> zat er dan een goede tussen?
[16:06:52] <Jeroen> ghehe
[16:07:02] <Jeroen> welke mag ik uitzoeken, Drawer?
[16:07:05] <Jeroen> wel een cheerleader effect
[16:07:06] <Drawer> dunno
[16:07:10] <moto-moi> ik vrees dat ik deze heb gezien
[16:08:56] *** Joins: FADM|JLP (zoldertjeg@ip15-227-208-87.adsl2.static.versatel.nl)
[16:15:18] <Drawer> kut ajax
[16:15:21] <Drawer> kut twente
[16:15:23] <Drawer> doe eens je best
[16:17:14] <rawplayer> kutkutkut
[16:20:39] *** Quits: kees (kees@office.tweaknet.net) (Input/output error)
[16:21:16] *** Quits: wirky (werken@ip503c7f23.speed.planet.nl) (Exit)
[16:23:53] <Rivanov> Hopen dat leicester er nog eentje inprikt
[16:24:02] <Rivanov> Zou leuk zijn als ze het vandaag meteen afmaken. :)
[16:58:44] <FADM|JLP> Goede middag :D
[17:00:06] <gdex> Drawer: ik dacht dat linked zei dat je een connection had met iemand waarvan ik geen idee zou moeten hebben hoe je hem zou kennen, maar dat bleek gewoon onduidelijkheid van de interfacte zijn
[17:01:25] *** Quits: FADM|JLP (zoldertjeg@ip15-227-208-87.adsl2.static.versatel.nl) (Exit)
[17:01:57] *** Quits: Rivanov (Rivanov@31-151-31-203.dynamic.upc.nl) (Exit)
[17:04:23] *** Joins: Smileface (alexander@25bc408b.ftth.concepts.nl)
[17:08:05] *** Quits: jk-5 (jk-5@D549D0E1.cm-10-1b.dynamic.ziggo.nl) (Ping timeout: 61 seconds)
[17:12:49] *** Joins: boy_yonder (Seb@82-169-222-71.ip.telfort.nl)
[17:15:29] *** Quits: Francis (Francis@5468C56E.cm-12-1d.dynamic.ziggo.nl) (Exit)
[17:15:44] <Drawer> ok doei.
[17:15:46] *** Quits: Drawer (z@53521BE5.cm-6-3a.dynamic.ziggo.nl) (Exit)
[17:16:16] *** Joins: jk-5 (jk-5@D549D0E1.cm-10-1b.dynamic.ziggo.nl)
[17:16:21] *** Joins: Vipertje (tweak@54182E79.cm-5-1a.dynamic.ziggo.nl)
[17:37:23] <Hooglander1> Mogguj
[17:37:35] <Hooglander1> Raad eens wat er niet startte vanochtend tozzert en gdex 
[17:37:37] <Hooglander1> :+
[17:38:04] *** Quits: Smileface (alexander@25bc408b.ftth.concepts.nl) (Exit)
[17:39:05] <Ou-Tannu> je elektrische kookplaat? en kon je geen ontbijt koken? :P
[17:40:07] <Hooglander1> Neuj, mijn motor
[17:44:14] <Ou-Tannu> ah
[17:45:28] <Hooglander1> Toen die weer aan de praat was wel lekker gereden trouwens
[17:47:49] <Ou-Tannu> Dat maakte vast een hoop goed
[17:48:28] <Hooglander1> Jup
[17:48:37] <Hooglander1> Gelukkig heb ik een helling bij de parkeergarage
[17:48:46] <Hooglander1> Dat maakt aanlopen makkelijk
[17:49:00] <Hooglander1> Dikke V-twin wil anders niet
[17:49:59] <Ou-Tannu> tot je beneden bent en hij nog geen zin heeft :) 
[17:50:24] <Hooglander1> Halverwege liep ie al
[17:50:47] <Hooglander1> Er moet gewicht op het achterwiel zitten
[17:50:52] <Hooglander1> Anders Sleep je gewoon de achterband
[17:50:57] <Hooglander1> Dus aanduwen is lastig
[17:51:02] <Hooglander1> Want je moet er zelf op zitten
[17:51:09] <Hooglander1> En dan is vaart maken lastig
[17:51:41] <Ou-Tannu> uh ja :) dan kom je wat handen en voeten te kort
[17:53:31] <Ou-Tannu> gelukkig start mijn 30cc monster op dit moment wel elke keer goed.. alleen zit er wel weer een nasty geluidje bij in :(
[18:00:50] *** Joins: wirky (werken@ip503c7f23.speed.planet.nl)
[18:02:39] <Hooglander1> 30cc ghehe
[18:02:49] <Hooglander1> Das echt heel klein
[18:02:58] <Hooglander1> Brommertje Ou-Tannu ?
[18:03:11] <tozzert> oorzaak Hooglander1?
[18:03:16] <tozzert> jouw gepruts?
[18:03:22] <tozzert> laat het jouw gepruts zijn!
[18:03:27] <tozzert> jouw gepruts toch?
[18:03:32] <Hooglander1> Dunno, ik gok dat ik de lichten te lang aan heb gelaten vorige keer
[18:03:37] <Hooglander1> Toen nog wel getest offie goed startte
[18:03:40] <Hooglander1> Dat deed ie
[18:03:47] <Hooglander1> En paar dagen later dus niet meer
[18:03:53] <Hooglander1> Misschien had ik beter niet kunnen testen
[18:03:57] <Hooglander1> :+
[18:03:59] <tozzert> jouw gepruts dus
[18:04:00] <tozzert> o/
[18:04:02] <tozzert> :+
[18:04:10] <Hooglander1> Wel zelf gefixt :*
[18:06:20] <tozzert> kgao es w√® friet bakke war
[18:08:31] <Hooglander1> Wat zijn de sneks van vandaag
[18:12:49] *** Quits: [M]-V (meicobuijs@84-245-27-142.dsl.cambrium.nl) (Ping timeout: 60 seconds)
[18:22:42] *** Quits: wirky (werken@ip503c7f23.speed.planet.nl) (Exit)
[18:24:39] *** Joins: [M]-V (meicobuijs@84-245-27-142.dsl.cambrium.nl)
[18:25:32] *** Quits: jk-5 (jk-5@D549D0E1.cm-10-1b.dynamic.ziggo.nl) (Ping timeout: 60 seconds)
[18:27:06] <Jeroen> dat location spoofing op android werkt nog best mooi
[18:27:52] <MueR> zo, dat was lache
[18:28:16] <MueR> ff spontaan reunie van de "hangjeugd" uit mn kindertijd
[18:28:46] <tozzert> frikandelleke, kroketje, viandelleke en een kaassouffle
[18:29:07] <tozzert> die laatste uiteraard om m'n giechel te verbranden
[18:31:38] *** Joins: Robin (robin@5419F052.cm-5-2d.dynamic.ziggo.nl)
[18:31:38] *** ChanServ sets mode: +v Robin
[18:32:10] *** Quits: bbee (bbee@53541FA1.cm-6-5a.dynamic.ziggo.nl) (Exit)
[18:33:46] *** Joins: jk-5 (jk-5@D549D0E1.cm-10-1b.dynamic.ziggo.nl)
[18:45:32] *** Quits: Vipertje (tweak@54182E79.cm-5-1a.dynamic.ziggo.nl) (Connection reset by peer)
[18:45:35] *** Quits: Resistor (Resistor@ip5456d91b.speed.planet.nl) (Exit)
[19:00:10] *** Joins: GodFather (p00p@a83152.upc-a.chello.nl)
[19:02:14] *** Joins: bbee (bbee@53541FA1.cm-6-5a.dynamic.ziggo.nl)
[19:02:28] *** Joins: Resistor (Resistor@ip5456d91b.speed.planet.nl)
[19:04:20] <tozzert> http://www.dumpert.nl/mediabase/6762801/b93df305/voetbalhoolies_slopen_terras_in_tilburg.html
[19:04:26] <tozzert> ik vrees dat ik er daar een paar van ken
[19:04:26] <tozzert> :/
[19:04:53] <tozzert> bristol supporters waren hier voor wII
[19:06:03] <tozzert> alleen zullen dit feyenoorders zijn
[19:06:31] <tozzert> hmz
[19:06:35] <tozzert> accent doet anders vermoeden
[19:09:41] *** Joins: wirky (werken@ip503c7f23.speed.planet.nl)
[19:11:30] <Hooglander1> tozzert: staan ze er tussen op de foto's?
[19:11:36] <tozzert> nee
[19:11:50] <tozzert> en ik ken ook wel de meeste van dat willem ii tuig
[19:11:50] <tozzert> ;p
[19:11:59] <tozzert> van gezicht iig
[19:12:53] <Hooglander1> Kansloos voetbalvolk
[19:13:11] <Hooglander1> Als het Marokkanen waren geweest was de wereld te klein geweest
[19:15:20] <Resistor> Ach, Frankrijk is nu ook gezellig. https://www.youtube.com/watch?v=TcYOOi4KQYs
[19:33:58] *** Joins: Matthew (Matthew@178-117-75-230.access.telenet.be)
[19:37:03] *** Quits: wirky (werken@ip503c7f23.speed.planet.nl) (Exit)
[19:44:30] *** Quits: Jeroen (Jeroen@54188FF8.cm-5-1c.dynamic.ziggo.nl) (Exit)
[20:11:38] <tozzert> http://www.dumpert.nl/mediabase/6762939/03bc380e/speech_eindigen_al_een_baas.html
[20:11:44] <tozzert> wat een vent is het ook h√®
[20:11:45] <tozzert> ;p
[20:14:48] <Matthew> :D
[20:42:52] *** Quits: chim0 (a@d5c53ff2.ftth.concepts.nl) (Ping timeout: 60 seconds)
[20:47:47] *** Joins: wirky (werken@ip503c7f23.speed.planet.nl)
[20:49:13] *** Quits: boy_yonder (Seb@82-169-222-71.ip.telfort.nl) (Exit)
[20:50:26] <Hooglander1> tozzert: beetje jammer dattie niet de echte mic los trekt
[21:11:20] *** Joins: Jeroen (Jeroen@54188FF8.cm-5-1c.dynamic.ziggo.nl)
[21:12:44] *** Quits: gakkethijs (gakkethijs@84-245-42-16.dsl.cambrium.nl) (Connection reset by peer)
[21:14:00] *** Quits: Resistor (Resistor@ip5456d91b.speed.planet.nl) (Exit)
[21:25:45] <tozzert> godnakende
[21:25:49] <tozzert> tantum extra warm
[21:26:57] <tozzert> zeg maar gerust Carolina Reaper-heet
[21:30:35] <rawplayer> lekker op je ballen
[21:30:48] <tozzert> ik betwijfel het
[21:30:58] <tozzert> het zit nu in m'n knieholte...
[21:31:02] <tozzert> man man man
[21:31:21] <rawplayer> drupje pure 9mil sco capsaicin op je tong
[21:31:30] <rawplayer> en wat sambal oelek in je ogen
[21:33:13] <Hooglander1> Dat is toch voor bejaarden? Dat Tantum?
[21:33:42] <tozzert> ook dat betwijfel ik
[21:33:46] <tozzert> die gaan er dood van denk ik
[21:36:55] <tozzert> ik ga niet kunnen slapen zo
[21:36:57] <tozzert> fuck
[21:37:12] *** Quits: A1AD (jeron@d54c08cd2.access.telenet.be) (Ping timeout: 60 seconds)
[21:38:10] <MueR> zit de speech van obama op het correspondents dinner te kijken.. paar goeie burns :D
[21:38:14] *** Joins: BarthezZ (bart@monitoring.deheij-ict.nl)
[21:41:27] <HarmoniousVibe> Yep, dit z'n meest ontspannende dinner. Niet gek ook natuurlijk
[21:44:12] <MueR> en de laatste 5 seconden van zn speech zijn epic
[21:44:42] <MueR> crap.. mn lamp schijt em uit
[21:45:20] <tozzert> wat schijt je lamp uit?
[21:45:37] <MueR> nu de vraag.. waar zijn mn reservelampjes
[21:45:47] *** Joins: A1AD (jeron@d54C08CD2.access.telenet.be)
[21:45:51] <tozzert> ik denk in de winkel
[21:45:53] <HarmoniousVibe> Dat geklopt is wel verschrikkelijk irritant
[21:46:02] *** Quits: Sponge (Sponge@149.210.150.92) (Ping timeout: 66 seconds)
[21:46:08] <MueR> ah, gevonden
[21:46:57] <HarmoniousVibe> Schei√ü, vergeten te tanken
[21:47:12] *** Quits: Meeloow (Meeloow@meeloow.centravi.org) (Ping timeout: 62 seconds)
[21:47:12] *** Quits: Rena (Rena@2001:41d0:b:550:6667:0:0:18) (Ping timeout: 62 seconds)
[21:47:45] <tozzert> https://kassa.vara.nl/vraag-beantwoord/vraag/voeding-gezondheid/tantum-warmte-extra-warm
[21:49:01] <rawplayer> AANKLAGEN
[21:49:09] <rawplayer> tozzert: yoghurt er op smeren
[21:49:13] <rawplayer> onttrekt hitte
[21:51:19] *** Joins: Tomcat_ha (user@a83-162-255-205.adsl.xs4all.nl)
[21:51:22] *** Quits: Tomcat_ha (user@a83-162-255-205.adsl.xs4all.nl) (NickServ (GHOST command used by `Tomcat_))
[21:51:29] *** Joins: Tomcat_ha (user@a83-162-255-205.adsl.xs4all.nl)
[21:51:39] <tozzert> lees meer van deze slechte ervaringen
[21:51:48] <tozzert> sommigen zelfs brandwonden
[21:51:51] *** Quits: Tomcat_ha (user@a83-162-255-205.adsl.xs4all.nl) (NickServ (GHOST command used by `Tomcat_))
[21:51:51] <rawplayer> sick
[21:51:57] *** Joins: Tomcat_ha (user@a83-162-255-205.adsl.xs4all.nl)
[21:52:05] <tozzert> blijvende rode vlekken
[21:54:48] <tozzert> fuck
[21:54:54] <tozzert> dit is arelaxed
[21:55:26] *** Joins: Meeloow (Meeloow@2001:41d0:b:550:6667:0:0:13)
[21:57:05] *** Quits: Meeloow (Meeloow@2001:41d0:b:550:6667:0:0:13) (Ping timeout: 66 seconds)
[21:57:25] <tozzert> http://www.apotheek.nl/medicijnen/benzydamine-op-de-huid?product=tantum#belangrijk-om-te-weten-over-benzydamine-op-de-huid
[21:57:32] <tozzert> die reacties zijn ook al niet heel positief
[21:57:34] <tozzert> :/
[21:58:19] *** Joins: Rena (Rena@2001:41d0:b:550:6667:0:0:18)
[21:59:05] <Hooglander1> tozzert: joh
[21:59:10] <Hooglander1> Het is een zalf die warm word
[21:59:12] <Hooglander1> Thats it
[21:59:17] <Hooglander1> Als je pijn hebt moet je er iets aan doen
[21:59:19] *** Joins: Meeloow (Meeloow@2001:41d0:b:550:6667:0:0:13)
[21:59:22] <tozzert> was het maar warm
[21:59:23] <Hooglander1> Dit is symptoombestrijding
[21:59:33] <tozzert> het wordt fucking heet
[21:59:37] <tozzert> te heet
[21:59:41] <tozzert> pijnlijk heet zelfs
[22:00:05] <Hooglander1> :/
[22:00:32] <Hooglander1> Ga naar de fysio, of Neem een naproxen
[22:01:06] <tozzert> hoeist
[22:01:14] <tozzert> heb ook een keer last van m'n knie...
[22:01:27] <moto-moi> heeft tozzert nu aids aan z'n knie?
[22:01:37] <moto-moi> typisch weer van hem
[22:01:53] <tozzert> chlamydia denk
[22:01:54] <Hooglander1> Moet je niet met je zatte harses van de fiets pleuren tozzert 
[22:02:08] <moto-moi> alles voor de babes he
[22:02:10] <tozzert> had er gisteren voor het zuipen al last van
[22:02:21] <rawplayer> ah
[22:02:23] <rawplayer> een zuipknie
[22:02:27] <tozzert> ghehe
[22:02:28] <moto-moi> je hebt zeker weer met meters bier gesleept? :P
[22:02:43] <tozzert> werd er gisterochtend mee wakker eigenlijk
[22:02:56] <tozzert> heb ik weer batman gespeeld tijdens het slaapwandelen
[22:03:04] <tozzert> of een marathon geslaapwandeld
[22:03:17] <moto-moi> werd je wel wakker in je eigen bed
[22:03:17] <moto-moi> ?
[22:03:28] <Hooglander1> Heeft ie √ºberhaupt een bed Moto?
[22:03:33] <moto-moi> dunno
[22:04:00] <moto-moi> maar als 'ie bij z'n buurvrouw heeft geslapen kan ik me voorstellen dat je ergens (slaap)dronken tegenaan ramt omdat het huis verkeerd is gebouwd :P
[22:04:09] <Hooglander1> Ghehe
[22:04:26] <Hooglander1> Ik denk eerder een ouderdomskwaaltje
[22:04:36] <moto-moi> dat was mijn tweede gok O-)
[22:04:39] <tozzert> ik denk dat jij niet moet denken
[22:04:42] <moto-moi> opa tozzie
[22:04:45] <Hooglander1> Dat zou een te goed verhaal zijn Moto, dat had hij ons echt wel verteld
[22:04:50] <moto-moi> da's waar :P
[22:04:54] <tozzert> eigen bed idd
[22:05:07] <Hooglander1> Scheelt dat je nieuwe wagen niet zo snel is, kan je knie een beetje rusten
[22:05:16] <Hooglander1>  Gaspedaal verder intrappen heeft toch geen zin
[22:05:19] <moto-moi> mwah, wel continue vol gas rijden he :P
[22:05:33] <Hooglander1> Dan gewoon voet erop
[22:05:35] <Hooglander1> Is nog steeds rust
[22:05:44] <moto-moi> misschien moet 'ie een baksteen meenemen?
[22:05:56] <moto-moi> want dat wrak heeft vast geen autopilot
[22:07:02] <Hooglander1> Hij is toch begrenst
[22:07:07] <Hooglander1> Dus boetes pakken doe je toch niet
[22:07:17] <moto-moi> begrenst of gewoon een fiat motor?
[22:07:18] <Hooglander1> Mag je nu morgen al wisselen tozzie?
[22:07:21] <Hooglander1> Ey
[22:07:23] <Hooglander1> Niet zo he
[22:07:26] <tozzert> nope
[22:07:27] <moto-moi> ghehe
[22:07:30] <Hooglander1> Mijn Fiat heeft 84pk
[22:07:36] <moto-moi> dammit!
[22:07:44] * moto-moi gaat sip in een hoekje zitten
[22:07:53] <Hooglander1> Ik zou hem laten tunsn
[22:07:56] <Hooglander1> Die ene pk 
[22:07:57] <moto-moi> ik moet echt een nieuwere auto kopen :(
[22:08:05] <Hooglander1> Maar geen Transit connect
[22:08:10] <Hooglander1> Koop gewoon weer een motor
[22:08:16] <Hooglander1> Haal je ook makkelijk de 76
[22:08:19] <moto-moi> ghehe
[22:08:34] <Hooglander1> Vandaag nog 200km getoert
[22:08:52] <moto-moi> netjes, het was mooi weer :)
[22:09:49] <Hooglander1> Ahuh
[22:09:54] <Hooglander1> Wel beetje frisjes nog
[22:10:03] <Hooglander1> Zodra je boven de 80kwam was het iets minder aangenaam
[22:10:14] <Hooglander1> Dan begon de zak aardappelen achterop te miepen :+
[22:10:30] <moto-moi> oh, was rogue mee?
[22:10:33] <Hooglander1> Over twee weken naar Engeland
[22:10:33] <tozzert> zo is ze ook in bed ja?
[22:10:37] <Hooglander1> Nee, mijn vrouw moto
[22:10:38] <Hooglander1> :P
[22:10:38] *** Joins: grid (grid@dhcp-089-099-194-232.chello.nl)
[22:10:51] <moto-moi> ah, dat is vast gezelliger ja
[22:10:53] <Hooglander1> Maar verder *Like* :D
[22:10:57] <moto-moi> :P
[22:11:10] <moto-moi> sowieso, bij het touren is 80 km/u ook prima over het algemeen :)
[22:11:21] <Hooglander1> Ja, klopt
[22:11:29] <Hooglander1> Alleen zo af en toe ff lostrekken is ook wel fijn
[22:11:31] *** Quits: wirky (werken@ip503c7f23.speed.planet.nl) (Exit)
[22:11:41] <Hooglander1> Heb niet voor niets 94pk op dat ding tenslotte
[22:11:51] <Hooglander1> Anders had ik net zo goed een vstrom650 kunnen kopen
[22:11:55] <Hooglander1> Of een Transit connect
[22:11:55] <moto-moi> mwah, leuk genoeg bij een stoplicht :+
[22:12:12] <Hooglander1> Ghehe, true
[22:12:22] <moto-moi> tss, spoilerslet :/
[22:12:49] <Hooglander1> :D
[22:13:06] <Hooglander1> Herinner je je opeens dat je boos op me was ?
[22:13:26] <moto-moi> neuh, dat ben ik niet vergeten..
[22:14:10] <Hooglander1> Lekker gemoppert en geroddelt over me met fee? :+
[22:14:14] <Hooglander1> Snode plannen beraad en zo
[22:14:15] <moto-moi> uiteraard
[22:14:24] <moto-moi> en daarna feej bedreigt
[22:14:30] <moto-moi> same old, same old dus :+
[22:14:59] <Hooglander1> Hmz, laat ze dat gebeuren na?
[22:14:59] <tozzert> STOP IT
[22:15:01] <Hooglander1> *ja
[22:15:02] <tozzert> MY EYES HURT
[22:15:09] <tozzert> jullie met je t's en 
[22:15:25] <tozzert> en=ipv d's
[22:15:27] <Hooglander1> Dacht dat je de zalf in je ogen had gesmeerd
[22:15:53] <tozzert> en nu wel goed doen
[22:15:53] <tozzert> echt
[22:16:00] <tozzert> logica...
[22:16:02] <tozzert> consequentie...
[22:16:03] <tozzert> 0
[22:16:43] <Hooglander1> Dus
[22:16:45] <Hooglander1> En nu
[22:16:57] <tozzert> niks hoor
[22:17:01] <tozzert> het komt alleen zo dom over
[22:17:08] <tozzert> en dat ben je volgens mij op zich niet
[22:17:11] <tozzert> :+
[22:17:23] <Hooglander1> Ghehe
[22:17:30] <Hooglander1> Het boeit me oprecht geen zak
[22:17:39] <tozzert> it should
[22:17:42] <Hooglander1> Mijn Engels is daarom ook beter dan mijn Nederlands
[22:17:53] <Hooglander1> Ik schrijf al jaren alles wat er toe doet in het Engels
[22:18:05] <Hooglander1> Dan gaat je Nederlands alleen maar verder naar de kut
[22:18:06] <tozzert> haal het even uit je keyboard
[22:18:10] <tozzert> je hebt vast autocorrect
[22:18:19] <tozzert> en je hebt al die woorden ooit toegevoegd met een t
[22:18:24] <Hooglander1> Neuj
[22:18:29] <Hooglander1> Ik voeg nooit wat toe
[22:18:37] <tozzert> gebeurt dat niet automatisch?
[22:18:43] <tozzert> bij mij wel namelijk
[22:19:12] <Hooglander1> Zou kunnen
[22:19:45] <Hooglander1> Mijn personal dictionary staan ze niet in
[22:20:11] * rawplayer maakt vlechtjes in moto-moi's borsthaar
[22:20:14] <tozzert> dan moet je vaker de suggesties gebruiken
[22:21:09] *** Joins: wasbak` (Mibbit@095-096-019-148.static.chello.nl)
[22:23:48] *** Quits: Matthew (Matthew@178-117-75-230.access.telenet.be) (Connection reset by peer)
[22:24:59] *** moto-moi is now known as moto-moi|afk
[22:25:09] <tozzert> waar ga je heen in de UK Hooglander1?
[22:28:27] *** Quits: pasta (pasta@541E0197.cm-5-7a.dynamic.ziggo.nl) (Ping timeout: 60 seconds)
[22:29:54] *** Joins: pasta (pasta@541E0197.cm-5-7a.dynamic.ziggo.nl)
[22:30:18] *** Joins: Guyver2 (Guyver2@guyver2.xs4all.nl)
[22:33:03] <mimic> moge
[22:33:24] *** Quits: Jeroen (Jeroen@54188FF8.cm-5-1c.dynamic.ziggo.nl) (Exit)
[22:35:06] <wasbak`> mimic
[22:39:09] *** Joins: Jeroen (Jeroen@54188FF8.cm-5-1c.dynamic.ziggo.nl)
[22:39:21] *** Quits: Jeroen (Jeroen@54188FF8.cm-5-1c.dynamic.ziggo.nl) (Exit)
[22:41:13] *** Quits: wasbak` (Mibbit@095-096-019-148.static.chello.nl) (Exit)
[22:42:14] *** Joins: wassnats (Mibbit@095-096-019-148.static.chello.nl)
[22:45:41] *** wassnats is now known as wasbak`1
[22:45:45] *** wasbak`1 is now known as wasbak`
[23:22:43] *** Quits: Robin (robin@5419F052.cm-5-2d.dynamic.ziggo.nl) (Exit)
[23:48:43] *** Quits: GodFather (p00p@a83152.upc-a.chello.nl) (Exit)
[23:52:49] *** Quits: Arno (arno@541B0FEB.cm-5-4a.dynamic.ziggo.nl) (Connection reset by peer)
