[00:01:01] *** Quits: Aapje (user@i244127.upc-i.chello.nl) (Ping timeout: 60 seconds)
[00:01:49] *** Quits: Guyver2 (Guyver2@guyver2.xs4all.nl) (Exit)
[00:02:05] *** Joins: Aapje (user@i244127.upc-i.chello.nl)
[00:06:11] *** Quits: Tordek (Tordek@2001:470:1f15:683:4021:d8ef:56fc:fa57) (Connection reset by peer)
[00:09:03] *** Quits: SimonP (SimonP@remote.glasvezel-online.net) (Exit)
[00:09:39] *** Quits: Tomsworld (tom@91.179.64.24) (Ping timeout: 65 seconds)
[00:09:57] *** Joins: Tomsworld (tom@120.178-66-87.adsl-dyn.isp.belgacom.be)
[00:09:57] *** ChanServ sets mode: +o Tomsworld
[00:10:45] *** Joins: SimonP (SimonP@remote.glasvezel-online.net)
[00:11:21] *** Quits: Tomsworld (tom@120.178-66-87.adsl-dyn.isp.belgacom.be) (Ping timeout: 61 seconds)
[00:13:00] *** Joins: Tomsworld (tom@162.171-245-81.adsl-dyn.isp.belgacom.be)
[00:13:00] *** ChanServ sets mode: +o Tomsworld
[00:15:32] *** Quits: Tomsworld (tom@162.171-245-81.adsl-dyn.isp.belgacom.be) (Ping timeout: 61 seconds)
[00:16:00] *** Joins: Tomsworld (tom@251.168-66-87.adsl-dyn.isp.belgacom.be)
[00:16:00] *** ChanServ sets mode: +o Tomsworld
[00:23:19] *** Quits: Tomsworld (tom@251.168-66-87.adsl-dyn.isp.belgacom.be) (Exit)
[00:25:03] *** Quits: klaveRCX (michiel@klaver.it) (Ping timeout: 66 seconds)
[00:25:23] *** Joins: klaveRCX (michiel@klaver.it)
[00:31:06] *** Joins: Tomsworld (tom@2a02:a03f:2698:3700:b937:a914:24c8:519f)
[00:31:06] *** ChanServ sets mode: +o Tomsworld
[00:47:14] *** Quits: Stuiterbal (Stuit@a83-163-239-39.adsl.xs4all.nl) (Exit)
[01:06:35] *** Quits: mrwazoo (mrwazoo@h102136.upc-h.chello.nl) (Exit)
[01:11:50] *** Quits: Tomsworld (tom@2a02:a03f:2698:3700:b937:a914:24c8:519f) (Ping timeout: 66 seconds)
[01:13:35] *** Joins: Tomsworld (tom@251.168-66-87.adsl-dyn.isp.belgacom.be)
[01:13:35] *** ChanServ sets mode: +o Tomsworld
[01:16:28] *** Joins: mrwazoo (mrwazoo@h102136.upc-h.chello.nl)
[01:22:36] *** Quits: Tomsworld (tom@251.168-66-87.adsl-dyn.isp.belgacom.be) (Ping timeout: 61 seconds)
[03:51:00] *** Quits: Etienne (EtienneM@541F7E72.cm-5-8b.dynamic.ziggo.nl) (Ping timeout: 66 seconds)
[03:53:28] *** Joins: Etienne (EtienneM@541F7E72.cm-5-8b.dynamic.ziggo.nl)
[04:48:16] *** Quits: sanderr (speeedy@ringbreak.dnd.utwente.nl) (Ping timeout: 60 seconds)
[04:52:17] *** Joins: sanderr (speeedy@ringbreak.dnd.utwente.nl)
[05:19:38] *** Joins: Smileface (alexander@25bc408b.ftth.concepts.nl)
[06:16:50] <tozzert> meh
[06:20:13] *** Quits: Smileface (alexander@25bc408b.ftth.concepts.nl) (Exit)
[06:31:48] <Escovan> meh
[06:32:48] <tozzert> jij wordt voor de lol wakker
[06:33:12] <Escovan> nee, voor de koffie
[06:33:42] <tozzert> en ik hoop voor je ook voor het plassen
[06:33:43] <tozzert> niet erna
[06:34:33] <Escovan> daarvan werd ik wakker... een volle blaas
[06:35:04] <Escovan> en er komt een moment dat je dat niet meer kan uitstellen
[06:46:12] *** Quits: wasbak (Mibbit@f107090.upc-f.chello.nl) (Exit)
[07:07:59] *** Joins: Tomsworld (tom@2a02:a03f:2698:3700:447c:1ede:bc6c:4baa)
[07:07:59] *** ChanServ sets mode: +o Tomsworld
[07:28:09] *** Quits: Aapje (user@i244127.upc-i.chello.nl) (Connection reset by peer)
[07:28:11] *** Joins: [M]-Vegetto (meicobuijs@84-245-27-142.dsl.cambrium.nl)
[07:28:11] *** Joins: Aapje (user@i244127.upc-i.chello.nl)
[07:28:46] *** Joins: Escovan (Escovan@server1.escovan.net)
[07:50:20] *** Quits: Tomsworld (tom@2a02:a03f:2698:3700:447c:1ede:bc6c:4baa) (Ping timeout: 60 seconds)
[08:00:58] *** Quits: marlinc (marlinc@80.100.128.152) (Ping timeout: 66 seconds)
[08:20:34] *** Joins: Drawer (Mibbit@80.255.245.203)
[08:20:42] <Drawer> gvd
[08:20:46] <Drawer> oordopjes vergeten
[08:20:52] <Drawer> IS HET ZO'N DAG?!
[08:26:51] *** moto-moi|afk is now known as moto-moi
[08:36:42] *** Joins: kees (kees@kees.tweakers.net)
[08:37:45] <gdex> het is net maandag he Drawer 
[08:37:59] <Drawer> idd
[08:38:06] <Drawer> muziek luisteren via een bluetooth oortje
[08:38:07] <Drawer> fml
[08:41:01] <gdex> ach, het is iig iets
[08:41:24] <Drawer> mja true
[08:41:39] <Drawer> alleen die is over 3-4 uur ook leeg
[08:41:45] <Drawer> gelukkig wel net pauze dan
[08:41:46] <Drawer> :+
[08:42:50] *** Joins: Madpilot (Madpilot@46.144.181.34)
[08:49:00] <gdex> en dan snel naar huis fietsen voor je oordopjes
[08:51:15] <kees> zucht, en dit is waarom ipv6 stom is
[08:51:39] <kees> ubuntu's ipv6 ligt er al een tijd uit en niemand is dat opgevallen.. ipv4 ligt eruit en er is paniek in de tent
[08:53:12] *** Joins: marccom (marc@095-097-114-212.static.chello.nl)
[09:00:02] *** Joins: tbosua (tbosua@office.hostnetbv.nl)
[09:04:43] *** Joins: McM (mcm@193.173.193.100)
[09:18:37] *** Joins: DinX_Werk (DinX@213.224.57.66)
[09:25:25] *** Joins: Huigie (Huigie@D57D516A.static.ziggozakelijk.nl)
[09:26:02] *** Quits: marccom (marc@095-097-114-212.static.chello.nl) (Ping timeout: 60 seconds)
[09:42:48] *** Joins: marccom (marc@095-097-114-212.static.chello.nl)
[09:45:42] <SJ> mogge
[09:53:32] *** Joins: Jeroen (Jeroen@54188FF8.cm-5-1c.dynamic.ziggo.nl)
[09:55:17] *** Quits: Huigie (Huigie@D57D516A.static.ziggozakelijk.nl) (Exit)
[10:10:40] <Drawer> wat is dat toch altijd met woningbouwsites en KLEINE KUT IMAGES
[10:10:44] <Drawer> https://www.woonbedrijf.com/woning-zoeken/woningaanbod/eindhoven-stadsdeel-gestel/nieuwbouw-zuiderpark,-96-appartementen?advID=100020689
[10:10:51] <Drawer> wat heb je nou aan die plattegrond die erop staat
[10:10:54] <Drawer> van 50x60px
[10:11:25] <Drawer> 360x257 sorry
[10:13:34] <kees> staat er toch boven?
[10:13:38] <kees> 'Woningdetail'
[10:13:42] <kees> details zijn nooit groot
[10:14:36] <Drawer> mja dat krijg je ervan
[10:14:45] <Drawer> als je alleen van die communicatietrutjes laat werken bij woningbouwen
[10:14:45] <Drawer> :D
[10:15:48] <gdex> er staat ook nergens hoe groot zo'n appartement is volgens mij
[10:15:58] <kees> die hele site laad hier niet
[10:16:11] <Jeroen> ja die site werkt voor geen meter
[10:16:22] <kees> ah, adblockers uit
[10:16:54] <kees> Gemiddelde inschrijfduur: geen indicatie (afgelopen 3 jaar is 1 woning verhuurd)
[10:16:56] <kees> 8)7
[10:19:11] *** Quits: Jeroen (Jeroen@54188FF8.cm-5-1c.dynamic.ziggo.nl) (Ping timeout: 66 seconds)
[10:19:26] *** Joins: Jeroen (Jeroen@54188FF8.cm-5-1c.dynamic.ziggo.nl)
[10:35:51] <moto-moi> 'Een indicatie van de servicekosten van de parkeerplaats bedraagt ‚Ç¨ 14,00.'
[10:36:03] <moto-moi> wtf doen ze daarvoor, vegen ze hem elke dag schoon voor je ofzo?
[10:38:48] <Jeroen> _iemand_ moet die ambtenaar betalen terwijl die zich de hele dag achter z'n bureau aftrekt
[10:39:36] <moto-moi> ik dacht dat ze dat van de ozb deden?
[10:50:28] *** Joins: Tomsworld (tom@251.168-66-87.adsl-dyn.isp.belgacom.be)
[10:50:29] *** ChanServ sets mode: +o Tomsworld
[10:52:08] *** Quits: Tomsworld (tom@251.168-66-87.adsl-dyn.isp.belgacom.be) (Ping timeout: 66 seconds)
[10:57:04] *** Joins: Chester (Chester@c77152.upc-c.chello.nl)
[11:01:15] <DizzyWeb> Moggel.
[11:01:33] *** Quits: Chester (Chester@c77152.upc-c.chello.nl) (Exit)
[11:01:38] *** Joins: Chester (Chester@c77152.upc-c.chello.nl)
[11:11:41] *** Quits: Drawer (Mibbit@80.255.245.203) (Exit)
[11:14:34] *** Quits: Blaasvis (arjan@vps.soulfly.nl) (Ping timeout: 68 seconds)
[11:15:24] *** Joins: Blaasvis (arjan@vps.soulfly.nl)
[11:15:25] *** Joins: grid (grid@dhcp-089-099-194-232.chello.nl)
[11:17:02] <Jeroen> http://i.imgur.com/OnMGbOs.jpg
[11:17:21] <DizzyWeb> Selfie?
[11:18:27] *** Joins: DinX (DinX@176.9.154.138)
[11:18:57] <grid> wtf
[11:19:15] *** Joins: Guyver2 (Guyver2@guyver2.xs4all.nl)
[11:20:29] *** Quits: DinX (DinX@176.9.154.138) (Input/output error)
[11:20:39] *** Joins: DinX (DinX@176.9.154.138)
[11:21:14] *** Quits: DinX (DinX@176.9.154.138) (Input/output error)
[11:24:58] *** Joins: Drawer (Mibbit@80.255.245.203)
[11:36:47] *** Quits: rhod (rhod@86.85.193.196) (Exit)
[11:38:15] *** Joins: DinX (DinX@176.9.154.138)
[11:38:54] *** Quits: DinX_Werk (DinX@213.224.57.66) (Exit)
[11:39:54] *** Joins: rhod (rhod@86.85.193.196)
[11:40:22] *** Joins: Nelicquele (Nelicquele@i244127.upc-i.chello.nl)
[11:57:36] *** Quits: Drawer (Mibbit@80.255.245.203) (Exit)
[12:04:16] *** Quits: Ou-Tannu (Ou-Tannu@5249248B.cm-4-2a.dynamic.ziggo.nl) (Ping timeout: 60 seconds)
[12:09:23] *** Joins: Ou-Tannu (Ou-Tannu@5249248B.cm-4-2a.dynamic.ziggo.nl)
[12:13:20] <GekkePrutser>  
[12:13:25] <GekkePrutser> Oeps sorry
[12:36:00] <Jeroen> https://next.ft.com/content/50efb818-16cd-11e6-b197-a4af20d5575e
[12:36:01] <Jeroen> ha
[12:40:00] <kees> paywall
[12:43:48] *** Joins: Saggler (Saggler@131-052-158-163.dynamic.caiway.nl)
[12:45:55] *** Joins: Ziz (Mibbit@129.253.243.10)
[12:46:13] <Ziz> Goede middag
[12:46:29] <Jeroen> http://webcache.googleusercontent.com/search?q=cache:LJnJYy8UGGQJ:www.ft.com/cms/s/0/50efb818-16cd-11e6-b197-a4af20d5575e.html+&cd=1&hl=en&ct=clnk&gl=nl kees
[12:46:58] <Ziz> o.O
[12:47:27] <Jeroen> wat
[12:48:32] <Ziz> in the butt
[12:48:48] <kees> werkt tweakers.net nog bij jullie?
[12:49:02] <Ziz> ja
[12:49:25] <Ziz> Word wel gefoward naar pornhub maar neem aan dat je dit wilde
[12:49:28] <Ziz> :P
[12:50:00] <kees> jep
[12:50:11] <kees> nieuwe loadbalancers in gebruik genomen :)
[12:50:18] <Ziz> gj
[12:50:37] <Jeroen> ik voel me helemaal in balans nu
[12:50:47] <Ziz> Zo'n ketting
[12:50:48] <kees> 2 clicken om het om te zetten (en 2 om het terug te zetten als het niet werkte)
[12:50:51] <Ziz> bio stabiel ofzo
[12:50:59] <kees> hehe
[12:51:34] <kees> zo'n bio magnetische bal om je magnetische veld in evenwicht te brengen
[12:51:46] <Ziz> ja idd
[12:51:50] <kees> ketting met therapeutische eigenschappen
[12:51:57] <Ziz> Werden die dingen niet verboden?
[12:52:39] <kees> nee, de reclame ervoor wel
[12:53:10] <kees> volgens de wiki
[12:55:14] <Ziz> Ah
[12:55:29] <Ziz> Ik vind die radio actieve gaaf
[12:57:00] <Ziz> http://i.imgur.com/62QqBaK.jpg
[12:57:09] <Ziz> Maar volgens NY Times ga je er dood van las ik net
[13:03:14] *** Quits: DinX (DinX@176.9.154.138) (Input/output error)
[13:05:09] <Jeroen> je moet 'm ook niet in je poepert steken
[13:08:32] <kees> jeuh, tweakers staan hier nu ook bij (als je een https url opgevraagt hebt) \o/ chrome://net-internals/#http2
[13:09:29] <gdex> nee hoor, want die opent in firefox nu
[13:09:32] <gdex> klotebrowsers
[13:09:37] <kees> :P
[13:09:38] <gdex> stelt zichzelf gewoon als standaard in
[13:09:43] <Jeroen> hier niet
[13:09:44] *** Joins: Drawer (Mibbit@80.255.245.203)
[13:10:02] <gdex> http://home.geniusdex.net/pieter/img/zoekdefout.png <-- dat soort dingen
[13:10:05] <gdex> al was dat een paar jaar terug
[13:11:14] <kees> ja, ik had zelfs een tijd dat alleen urls uit xchat in een andere browser geladen werden
[13:12:44] <Ziz> yey heb mijn S7 binnen. En fck wat is die groot
[13:14:41] <Jeroen> that's what she said
[13:23:51] *** Joins: DinX (DinX@176.9.154.138)
[13:32:48] *** Quits: Saggler (Saggler@131-052-158-163.dynamic.caiway.nl) (Exit)
[13:33:34] *** Quits: Chiron (Chiron@ip5652834f.adsl-surfen.hetnet.nl) (Client exited)
[13:39:31] *** Quits: Jeroen (Jeroen@54188FF8.cm-5-1c.dynamic.ziggo.nl) (Exit)
[13:39:46] <gdex> Ziz: en zwaar
[13:40:10] *** Quits: mrwazoo (mrwazoo@h102136.upc-h.chello.nl) (Ping timeout: 62 seconds)
[13:40:12] *** Joins: Mrwazig (mrwazoo@h102136.upc-h.chello.nl)
[13:40:19] <gdex> al is 'ie vergeleken met m'n nexus 5 vooral een cm langer (en zwaarder dus)
[13:40:20] *** Quits: mimic (cyka@eindbaas.s4nder.nl) (Ping timeout: 62 seconds)
[13:40:21] *** Quits: DinX (DinX@176.9.154.138) (Ping timeout: 62 seconds)
[13:40:25] <gdex> breedte/hoogte is nagenoeg gelijk
[13:40:25] *** Joins: DinX (DinX@2a01:4f8:160:4090:0:0:0:2)
[13:40:36] *** Joins: mimic (cyka@eindbaas.s4nder.nl)
[13:40:56] *** Quits: grid (grid@dhcp-089-099-194-232.chello.nl) (Ping timeout: 60 seconds)
[13:42:48] *** Joins: Chiron (Chiron@ip5652834f.adsl-surfen.hetnet.nl)
[13:44:05] <Ziz> Zo alles even over gegooit van mijn S6 naar S7
[13:44:10] <Ziz> software upodate
[13:44:21] *** Quits: Ou-Tannu (Ou-Tannu@5249248B.cm-4-2a.dynamic.ziggo.nl) (Ping timeout: 66 seconds)
[13:44:32] <gdex> je vind 'm ook groot vergeleken met je s6?
[13:46:16] <DizzyWeb> kees: kzie ze inderdaad voorbij komen \o/
[13:47:23] <Ziz> gdex:  ja
[13:47:32] <Ziz> echt een slag groter
[13:48:26] <gdex> dat zit echt alleen in dikte en gewicht
[13:48:30] <gdex> maar 't is wel merkbaar inderdaad
[13:48:34] <gdex> gewicht doet 't meeste denk ik
[13:48:48] <kees> 'waardoor er voor Èn na mij wat mensen vertrokken zijn die er al enige tijd zaten. Sommige vanwege valide redenen (werken er al bijna 10 jaar bijv.)'
[13:49:01] <kees> waarom is 10 jaar bij 1 baas werken een valide reden om er weg te gaan? 8)7
[13:49:13] <gdex> opzichzelfstaand niet
[13:49:24] <gdex> maar vaak is dat wel het moment waarop je wat verandering wil
[13:53:34] <Ziz> Je hebt twee redenen om weg te gaan. ALs je in een andere keuken wil kijken. Of wanneer je niet verder kan groeien. Oh ja en als het niet leuk meer is natuurlijk.
[13:54:00] *** Joins: bdalenoord (Mibbit@195.35.227.200)
[13:55:32] <moto-moi> Ziz: of omdat je mokkel zeikt dat je ergens anders moet wonen.. :P
[13:55:35] <moto-moi> genoeg opties hoor :P
[13:56:46] <gdex> begin jij nu over een mokkel dat begint te zeiken? :P
[13:57:09] <gdex> Ziz: of als jij binnenkomt natuurlijk o/ ;)
[13:57:18] <moto-moi> Dat probleem heb ik inderdaad zelf niet gdex, dat klopt :P
[13:57:41] <moto-moi> of je werk verhuist
[13:57:48] <gdex> ja dat is ook een goede reden
[13:57:53] <moto-moi> genoeg redenen Ziz, dan de 2 die jij noemde :+
[13:58:35] <gdex> komt basically allemaal wel neer op "werk bevalt niet meer" of "te weinig groeimogelijkheden"
[13:58:51] <moto-moi> mwah
[13:59:09] <moto-moi> ook genoeg reden dat je wil verhuizen vanwege redenen die niet zo snel werkgerelateerd zijn
[13:59:26] <moto-moi> maar op de werkplek zelf zijn die twee het meestal wel ja
[14:00:28] *** Joins: smesjz (smesjz@dhcp-089-098-025-154.chello.nl)
[14:00:38] *** Joins: basdalenoord (bas@195.35.227.200)
[14:01:04] *** Quits: bdalenoord (Mibbit@195.35.227.200) (Exit)
[14:02:09] *** basdalenoord is now known as bdalenoord
[14:03:06] <Ziz> door mijn mokkel ben ik zelfstandige geworden
[14:03:13] <Ziz> ben ik minder thuis :P
[14:03:38] <gdex> moto-moi: als je verhuist, en dan is daarna je reistijd te groot, bevalt je werk niet meer
[14:04:51] <moto-moi> true
[14:05:35] <gdex> uiteindelijk is "te weinig doorgroeimogelijkheden" trouwens uiteindelijk ook een voorloper van "werk bevalt niet meer", maar dan ben je er op tijd bij
[14:06:04] <moto-moi> goed punt :P
[14:07:05] <gdex> ik kan zo Ziz' werk overnemen, zo moeilijk is 't niet :+
[14:07:15] <kees> meeste mensen schijnen van baan te wisselen omdat de manager een droplul is :P
[14:07:29] <moto-moi> maar dat is toch elke manager?
[14:07:32] <gdex> dan bevalt je werk ook niet meer :+
[14:07:38] <moto-moi> hoe is het trouwens met ACM? :+
[14:07:59] <kees> prima, managed weinig, dus dat is prima :P
[14:08:03] <moto-moi> ghehe
[14:08:14] <SJ> "A manager is like a diaper, always on your ass and usually full of shit"
[14:08:37] <kees> dat valt met acm wel mee :P
[14:08:45] <Drawer> niet
[14:08:48] <Drawer> ik zag acm donderdag
[14:08:52] <Drawer> hij deed boos
[14:09:01] <kees> dat doet hij altijd
[14:09:02] <Drawer> waarom was jij er niet kees
[14:09:02] <moto-moi> nah, zo staat z'n hoofd :P
[14:09:14] <Drawer> ik wilde mariokarten tegen jou
[14:09:18] <kees> Drawer, te ver weg, paspoort nog neit verlengt
[14:09:19] <Drawer> ipv tegen die langharige
[14:09:27] <DizzyWeb> Omdat acm boos kijkt Drawer ;)
[14:09:32] <kees> jeroen kan wel beter mariokarten dan ik :P
[14:09:39] <gdex> daarom wilde 'ie tegen jou gok ik kees 
[14:09:52] *** Joins: Robin (robin@5419F052.cm-5-2d.dynamic.ziggo.nl)
[14:09:52] *** ChanServ sets mode: +v Robin
[14:09:54] <kees> success, ik mariokart niet :P
[14:10:06] <gdex> easy win dus :+
[14:10:12] <kees> uhuh
[14:12:00] <kees> 'Silverstone introduceert budgetbehuizing' 'adviesprijs van 60 euro.' 
[14:12:02] <kees> 8)7
[14:12:12] <kees> budgetbehuizing is 30 euro ofzo max
[14:13:22] <gdex> voor silverstone is 60 euro wel budget :+
[14:15:23] *** Quits: Robin (robin@5419F052.cm-5-2d.dynamic.ziggo.nl) (Exit)
[14:23:04] <Ziz> gdex	ik kan zo Ziz' werk overnemen, zo moeilijk is 't niet :+
[14:23:18] <Ziz> Niks doen vereist jaren training gdex 
[14:29:00] <Ziz> Ik zit nu ergens waar ik echt veel shit heb. Deze afdeling heeft echt bizar veel leegloop. 
[14:29:02] <rogue> mogge
[14:29:07] <Ziz> Morguh
[14:29:17] <gdex> en toch nog tijd om te IRC'en :+
[14:29:19] <rogue> waarom heeft niemand mij 4 jaar geleden op thomas sanders gewezen
[14:29:29] <Ziz> Ben bezig met een nieuwe koffie automaat
[14:29:29] <rogue> prioriteiten gdex 
[14:29:34] <Ziz> Want die gasten hebben gelijk
[14:29:36] * rogue geeft Ziz een streepje
[14:29:37] <Ziz> De koffie is echt slecht
[14:29:42] *** Joins: Ou-Tannu (Ou-Tannu@5249248B.cm-4-2a.dynamic.ziggo.nl)
[14:29:47] <gdex> :D
[14:30:00] <Ziz> Als ze graag willen dat ik bespaar doe ik dat wel ergens anders
[14:30:10] <gdex> je moet besparen en leegloop voorkomen tegelijk?
[14:30:18] <Ziz> Neu
[14:30:22] <Ziz> leegloop eerst fixen
[14:30:30] <gdex> oooh
[14:30:30] <Ziz> Maar wel zo goedkoop mogenlijk natuurlijk
[14:30:48] <gdex> maar helpt het niet met besparen als je daar iets langer over doet? :+
[14:30:58] <Ziz> Hehe
[14:31:08] <Ziz> Vanochtend met 10man gebabbelt
[14:31:14] <Ziz> 6 er van is op zoek naar nieuw werk
[14:31:24] <Ziz> ALlemaal vinden ze de sfeer kut
[14:31:40] *** Quits: Ou-Tannu (Ou-Tannu@5249248B.cm-4-2a.dynamic.ziggo.nl) (Ping timeout: 66 seconds)
[14:31:41] <Ziz> Ik heb ze lijstjes van voor en nadelen laten maken.
[14:31:43] <Ziz> Nou
[14:31:50] <Ziz> Ik heb het geweten hoor
[14:31:54] <Ziz> haha
[14:32:15] *** Joins: Ou-Tannu (Ou-Tannu@5249248B.cm-4-2a.dynamic.ziggo.nl)
[14:32:33] *** Joins: Smileface (alexander@25bc408b.ftth.concepts.nl)
[14:32:45] <rogue> haha ja da's altijd mooi met evaluaties
[14:33:02] <Ziz> Wil ik die 6 houden moet ik snel met resultaten komen
[14:33:05] <rogue> bij ons hadden ze 't geniale idee om de sheets in tweeen te verdelen voor voor- en nadelen
[14:33:10] <Ziz> De vorige manager was bla bla maar deed nooit wat
[14:33:17] <rogue> toen viel extra hard op dat alles aan 1 kant stond :)
[14:33:23] <Ziz> idd
[14:33:50] <Ziz> Maar dat is goed om te zien
[14:33:56] <Ziz> Want dan weet je wat je moet verbeteren
[14:35:16] <Ziz> Hier is dat ech 10.000 kleine dingen. Van sfeer tot het gevoel dat je het goed doet. Tot koffie machine is al een jaar zonder contract door pruttelt en bagger is.
[14:35:37] <Ziz> om 3 uur met directie zitten. 
[14:35:52] <gdex> fix ff een bakke goede koffie om ze te laten proeven hoe dat smaakt
[14:36:04] <rogue> is toch ook 't eerste bij sollicitatiegesprekken
[14:36:04] <Ziz> Zat daar wel aan te denken ja
[14:36:07] <rogue> de koffie proeven
[14:36:12] <Ziz> hehe
[14:36:32] <Ziz> Zat er idd aan te denken om voor de 4 directie leden koffie te halen uit de machine op de vloer hier
[14:37:23] <SJ> daarna 4 accountmanagers op laten draven van $koffieboeren, zet maar 4 automaten neer, week op proef, degene die wint krijgt het contract 
[14:37:23] <rogue> ik zat er aan te denken om iets te doen
[14:37:27] <rogue> is vandaag nog niet gelukt
[14:37:53] <rogue> hoewel
[14:37:58] <rogue> koffie drinken is iets doen, toch?
[14:38:00] <SJ> Het is soms best grappig hoe dat werkt 
[14:38:14] <Ziz> SJ jup. Dat heb ik al best vaak gedaan
[14:38:15] <gdex> zeiken op je leidinggevenden ook rogue 
[14:38:20] <rogue> bij ons was alleen de keus tussen 'groffe' en 'fijne' maling
[14:38:22] <rogue> zo'n nepkeus
[14:38:22] <gdex> maar wel alleen als je dat doet tegen iemand die er iets mee kan
[14:38:31] <rogue> gdex: weinig gedaan vandaag toch?
[14:38:32] <gdex> jij denkt, neem een ander in de maling
[14:38:40] <SJ> Paar techneuten hebben binnen $bedrijf clandestien een whiteboard opgehangen naast de koffieautomaat, want handig als je iemand tegenkomt 
[14:38:41] <rogue> maar wil ik ook met alle liefde doen hoor
[14:38:49] <SJ> Facility management kwam daarachter 
[14:39:02] <SJ> nu hangt naast iedere koffieautomaat verplicht een whiteboard 
[14:39:10] <gdex> handig
[14:39:17] <gdex> je hebt van die whiteboardverf
[14:39:20] <gdex> die gewoon op alle muren smeren
[14:39:31] <SJ> want, "Hee, nu ik je toch zie, heb je 2 tellen?" "<uur verder>" 
[14:39:39] <SJ> soort informele meetingroom 
[14:39:43] <rogue> ja da's relaxed
[14:39:44] <SJ> en werkt als een trein 
[14:39:50] <rogue> intercollegiaal overleg
[14:40:13] <SJ> dat is vooral goed meedenken 
[14:40:44] <SJ> in plaats van "MAG NIET!" "WIE HEEFT DAAR TOESTEMMING VOOR GEGEVEN?" 
[14:40:52] <Drawer> ik heb vandaag iets gemaakt
[14:40:55] <Drawer> kapot gemaakt!
[14:40:58] <Drawer> \o/
[14:42:01] <SJ> Ziz: heel veel kleine dingen maakt 1 groot ding 
[14:42:04] <rogue> SJ: bij ons hingen die dingen bij de toiletten
[14:42:14] <SJ> en dan rennen je mensen ineens en masse de deur uit
[14:42:31] <Ziz> jup
[14:43:12] <SJ> het management in vertwijfeling achterlatend, hoe kan dit nu?!
[14:43:29] <SJ> wakker blijven en luisteren naar je mensen, afspraken nakomen, etc 
[14:43:49] <SJ> het is opzichzelf niet heel moeilijk 
[14:43:51] <Ziz> En mensen jutten elkaar ook op om weg te gaan natuurlijk
[14:43:56] <SJ> natuurlijk 
[14:44:02] <gdex> "wedstrijdje wie als eerste weg is?"
[14:44:06] <Ziz> haha idd
[14:44:07] <SJ> maar dat is het sneeuwbaleffect 
[14:44:40] <DizzyWeb> Huh? Wat? Dat klinkt als efficient werken, dat kan niet.
[14:44:56] <Ziz> Ach dit komt goed. Dit fix ik wel
[14:45:04] <Ziz> Heb ergere situaties gezien
[14:45:10] <DizzyWeb> Wie ga je ontslaan?
[14:45:40] <SJ> ..... 
[14:45:41] <SJ> :')
[14:45:58] <rogue> naja opjutten
[14:46:05] <rogue> straks zijn alle leuke alternatieven weg!
[14:46:25] <rogue> t mooiste is nog als ze reorganisaties aankondigen
[14:46:38] <rogue> en dan verbaasd zijn als mensen weggaan
[14:46:50] <Ziz> managers zijn soms een raar volk
[14:47:14] <Ziz> Wonsdag komen er 3 proefmachines
[14:47:19] <Ziz> koffie
[14:47:51] *** Quits: DinX (DinX@2a01:4f8:160:4090:0:0:0:2) (Client exited)
[14:47:53] <Ziz> Nu Dell account manager achter zijn reet aan zitten en een laptop standaard introduceren hier
[14:48:02] *** Joins: DinX (DinX@176.9.154.138)
[14:48:24] *** Joins: Robin (robin@5419F052.cm-5-2d.dynamic.ziggo.nl)
[14:48:24] *** ChanServ sets mode: +v Robin
[14:48:30] <DizzyWeb> Proefmachines. Wat.
[14:48:43] <Ziz> test koffie automaten
[14:48:55] <gdex> hun laptops staan nu gewoon op hun bureau?
[14:48:58] <Ziz> mogen ze gaan stemmen
[14:49:01] <gdex> lekker omlaag kijken naar het scherm
[14:49:44] *** Quits: DinX (DinX@176.9.154.138) (Client exited)
[14:49:53] *** Joins: DinX (DinX@dinx.be)
[14:50:56] <Ziz> Mja. "We hebben flexplekken en allemaal andere laptops dus docking overal neer zetten kon niet. Waarom we flexplekken hebben? Nou het zou moeten kunnen om thuis te werken maar dat mocht nooit."
[14:51:46] *** Quits: Nelicquele (Nelicquele@i244127.upc-i.chello.nl) (Ping timeout: 61 seconds)
[14:51:52] <DizzyWeb> Hier tenminste allemaal Dell laptops en docks waar (bijna) alle laptops in passen.
[14:52:16] <Ziz> Als je het bij latitudes houd kan je dezelfde dock gebruiken
[14:52:36] <DizzyWeb> Alleen eigenwijze zzp'ers die perse hun eigen laptop willen gebruiken zitten met nekklachten :P
[14:53:01] <DizzyWeb> Waarom ze hier niet zeggen "ons netwerk, komen alleen onze laptops op" snap ik niet.
[14:53:23] <gdex> niet helemaal waar Ziz 
[14:53:39] <gdex> er is een model waar de dock-connector achterop zit ipv ongeveer in het midden, en dan kun je kiezen tussen de dock en de standaard
[14:53:44] <gdex> maar dock op standaard past dan niet meer
[14:53:58] <Ziz> Okayu
[14:54:08] <gdex> geen idee meer welke dat was tho
[14:54:10] <DizzyWeb> Die hebben wij hier niet :P
[14:54:11] <Ziz> Naja volgens mij is het nu vrij normaal de 7000 serie te nemen
[14:54:20] <Ziz> 7270 als 13"
[14:54:22] <DizzyWeb> Alle latitudes die we hier hebben passen in de docks.
[14:54:23] <Ziz> 7470
[14:54:29] *** Quits: Smileface (alexander@25bc408b.ftth.concepts.nl) (Exit)
[14:54:40] <Ziz> Soms houd je ruimte aan de achterkant over
[14:54:45] <Ziz> maar past meestal wel
[14:55:07] <DizzyWeb> Zit z'n schuif op... als je ruimte hebt, schuif je dat ding naar voren.
[14:55:15] <Ziz> zelfs met schuif
[14:55:19] <gdex> lelijk gedoe wel een beetje
[14:55:32] <DizzyWeb> Mja, maar ach, boeiend, het werkt.
[14:55:35] <Ziz> idd
[14:56:04] <Ziz> Hier hebben mensen Toshiba satelites. XPS, en weet ik veel wat nog meer
[14:56:17] <Ziz> Wat ze op dat moment goedkoop bij de mediamarkt konden kopen ofzo
[14:56:54] <DizzyWeb> Hier zaten ze vroegah met desktops... en toen wilden ze flexplekken, dus hebben ze het wat dat betreft goed aangepakt. 1 standaard.
[14:57:24] <gdex> dat is leuk tot er een stuk gaat
[14:58:38] <Ziz> ff meeting
[14:58:42] <Ziz> Directie pesten
[14:58:44] <Ziz> wohoo
[15:04:06] *** Quits: freebee666 (spam@j217177.upc-j.chello.nl) (Connection reset by peer)
[15:04:08] *** Quits: Mrwazig (mrwazoo@h102136.upc-h.chello.nl) (Ping timeout: 60 seconds)
[15:04:11] *** Joins: freebee666 (spam@j217177.upc-j.chello.nl)
[15:04:13] *** Joins: Mrwazig (mrwazoo@h102136.upc-h.chello.nl)
[15:09:40] *** Quits: Mrwazig (mrwazoo@h102136.upc-h.chello.nl) (Connection reset by peer)
[15:09:45] *** Quits: Robin (robin@5419F052.cm-5-2d.dynamic.ziggo.nl) (Connection reset by peer)
[15:09:59] *** Joins: Mrwazig (mrwazoo@h102136.upc-h.chello.nl)
[15:10:00] *** Joins: Robin (robin@5419F052.cm-5-2d.dynamic.ziggo.nl)
[15:10:00] *** ChanServ sets mode: +v Robin
[15:10:01] *** Quits: A1AD (jeron@d54C08CD2.access.telenet.be) (Ping timeout: 63 seconds)
[15:10:51] <DizzyWeb> gdex: Nouja, de nieuwe modellen passen in dezelfde docks... wordt pas een probleem als nieuwere series niet meer in de oude docks passen.
[15:10:51] *** Joins: A1AD (jeron@d54C08CD2.access.telenet.be)
[15:13:44] <gdex> ik doelde op cheap-ass dingen bij de mediamarkt halen DizzyWeb 
[15:14:04] <DizzyWeb> Ja, dat schiet niet op.
[15:15:09] <Robin> poep
[15:15:13] <rogue> WAAR
[15:15:14] <Robin> stuk
[15:15:20] * rogue likt Robin maar even niet
[15:15:21] <Robin> kees > wat doe je?
[15:15:44] <Robin> ik moet belangrijk doen op mijn forum!
[15:15:54] <kees> hmjah maar waarom is het stuk?
[15:16:09] <Robin> naja, stuk
[15:16:10] <Robin> het is zoek
[15:16:19] * rogue wijst
[15:16:45] * Robin graait in rogue's inkijk
[15:17:00] <rogue> ej
[15:17:04] <Robin> jammertieten
[15:17:06] <rogue> fair enough
[15:17:07] * DizzyWeb is geschokt
[15:17:24] <rogue> wees blij dat t geen magic-conferentie is
[15:17:35] <DizzyWeb> Dan had de inkijk aan de achterkant gezeten.
[15:17:53] <Robin> dan zou er een neckbeard achter rogue staan
[15:18:37] <rogue> http://imgur.com/a/SjcgE
[15:18:52] <rogue> DizzyWeb: we weten niet of Robin kan mikken he
[15:19:04] <kees> Robin, ligt waarschijnlijk in de dns, kun je zien wat hij probeert te resolven?
[15:20:37] <Robin> het werkt nu weer, kees 
[15:20:50] <rogue> PANIEK OM NIKS ROBIN
[15:20:56] <Robin> duh
[15:23:23] <kees> nou, ik weet dat ik even een fuckup had, maar dat had ik binnen 10s gefixed
[15:23:43] <kees> maar blijkbaar was dat niet snel genoeg
[15:23:44] <rogue> een happy little accident?
[15:24:26] *** Joins: GodFather (p00p@a83152.upc-a.chello.nl)
[15:24:32] <kees> nee, per ongeluk het gateway adres op een server binden is niet tof :P
[15:24:44] <rogue> there are no mistakes, kees
[15:24:49] <rogue> only happy little accidents
[15:25:09] <kees> ipv iets.ip.17 iets.ip.1 
[15:26:42] <rogue> happy.little.accidents.
[15:27:04] <Robin> :D
[15:29:33] <rogue> jij snapt me wel he Robin 
[15:35:16] <Robin> JA!
[15:36:29] <Robin> https://www.youtube.com/watch?v=emHSO5dr6dk
[15:37:10] * DinX aait Robin 
[15:38:05] <Ziz> Tududud
[15:38:41] <DizzyWeb> rogue: dat plaatje was precies wat ik bedoelde ja ;)
[15:41:23] *** Quits: rhod (rhod@86.85.193.196) (Exit)
[15:41:45] *** Joins: Tomcat_hatt (user@193.107.221.57)
[15:42:36] <Dubbeldrank> hier werkt het nog steeds niet kees
[15:42:49] <Dubbeldrank> wachten tot de volgende dns update?
[15:43:00] *** Quits: rogue (rogue@razor.bz2.nl) (Ping timeout: 60 seconds)
[15:44:10] *** Quits: casdr (casdr@grapple.raaw.eu) (Ping timeout: 61 seconds)
[15:44:25] <Escovan> huh wat? Tweakers doet het
[15:44:42] <Dubbeldrank> hier niet
[15:45:05] <Escovan> Heeft u uw binnenhuisbekabeling al nagekeken?
[15:45:15] <Escovan> Uw modem gereset?
[15:45:21] <Dubbeldrank> ga weg
[15:46:08] <Escovan> ipconfig /flushdns ?
[15:46:17] <Drawer> manman
[15:46:19] <Drawer> leuk dat byod
[15:46:23] <Drawer> zit hier iemand met een laptop
[15:46:26] <Drawer> die draait zo fucking hard
[15:46:33] <Drawer> lijkt net alsof de schoonmaakster aan het stofzuigen is
[15:46:50] <Escovan> en je hebt geen oordopjes
[15:46:59] <Drawer> exact
[15:47:02] <Drawer> kutleven
[15:47:03] <Escovan> man, wat is jouw leven kut
[15:47:14] <Drawer> precies
[15:47:17] <Drawer> zat ik maar in de WW
[15:47:17] <Drawer> ;(
[15:47:49] <Dubbeldrank> het zal wel met het bovenstaande verhaal te maken hebben
[15:48:05] <Dubbeldrank> dan is het met de volgende dns update waarschijnlijk weer verholpen
[15:49:25] *** Joins: rhod (rhod@86.85.193.196)
[15:50:23] <kees> Dubbeldrank, dns heb ik net weer gefixt denk ik
[15:50:26] <Dubbeldrank> ; <<>> DiG 9.10.3-P4-Ubuntu <<>> tweakers.net
[15:50:28] <Dubbeldrank> ;; global options: +cmd
[15:50:30] <Dubbeldrank> ;; connection timed out; no servers could be reached
[15:50:32] <Dubbeldrank> dit kreeg ik
[15:50:36] <Dubbeldrank> ff kijken kees
[15:50:58] <Dubbeldrank> nope
[15:51:17] <DarK-OnE> hier werkt het ook niet
[15:51:21] <Dubbeldrank> waarschijnlijk heb ik net pech gehad qua moment dan
[15:51:33] <Escovan> http://tweakers.net/nieuws/111367/kpn-test-uitwisseling-kwantumsleutels-tussen-datacenters.html
[15:53:13] <DarK-OnE> en de website doet 't weer
[15:53:44] *** Joins: Huigie (Huigie@D57D516A.static.ziggozakelijk.nl)
[15:55:41] *** Joins: rogue (rogue@razor.bz2.nl)
[15:58:47] *** Joins: Nelicquele (Nelicquele@i244127.upc-i.chello.nl)
[16:01:24] <Ziz> Nieuwe koffie automaat, check. Functies herevaluaren en budget voor salarisverhogingen en promoties check. 
[16:01:26] <kees> Dubbeldrank, gevonden
[16:01:39] <kees> 60 bytes from 00:1f:a0:04:2a:20 (31.22.80.137): index=31 time=296.642 msec
[16:01:39] <kees> 60 bytes from c2:d6:ec:5b:cd:bc (31.22.80.137): index=32 time=496.185 msec
[16:01:44] <kees> dat klopt niet helemaal :P
[16:01:51] <Ziz> oh nice
[16:02:00] <Ziz> Inbel verbinding
[16:02:17] <kees> owh, de ping doet er niet toe
[16:02:31] <kees> dat twee servers op hetzelfde adres reageren wel
[16:02:55] <Ziz> ahh op die fiets
[16:03:10] <rogue> doe je goed kees
[16:03:25] <rogue> is dat een feature?
[16:03:26] <kees> ja, zat nog een ipadres verstopt in die config :/
[16:03:34] <Dubbeldrank> werkt weer idd
[16:03:38] <Dubbeldrank> \o/
[16:03:42] <rogue> t kan, technisch gezien, met een paar vlannetjes
[16:03:55] <rogue> t gaat allemaal wel toevallig tegelijk stuk ja
[16:04:08] <kees> niet heel toevallig, ben loadbalancers aan het swappen
[16:04:13] <Dubbeldrank> technisch gezien kan tozzert 's nachts ook slapen
[16:04:17] <rogue> mocht je je afvragen waarom ik mn koffie over mn bureau heb gegoten dan komt dat mooi uit
[16:04:20] <rogue> dat vraag ik me ook af
[16:04:28] <rogue> kees: hier klapte een datacenter eruit
[16:04:41] <rogue> je bent wel machtig
[16:04:43] <rogue> maar niet zo machtig :)
[16:04:44] <kees> owh, dat is andere koek dan een servertje
[16:06:01] <gdex> kwam dat door je koffie rogue ?
[16:06:29] <rogue> mijn koffie is machtig, maar niet zo machtig, gdex 
[16:06:36] <kees> rogue, tenzij het een false alarm is omdat dat datacenter checked of hij nog werkt door tweakers.net te pingen
[16:06:42] <gdex> dus het was iets dat machtiger is dan zowel kees als rogue's koffie
[16:06:44] <gdex> dat is niet veel
[16:06:45] <rogue> dat eh
[16:06:56] <rogue> lijkt me bijzonder waarschijnlijk
[16:06:59] <gdex> kees: dat is betrouwbaarder dan google volgens mij
[16:07:11] <rogue> vraag t ze
[16:07:21] <rogue> volgens mij zitten hier wel wat lui van bit :)
[16:07:27] <kees> dan zou het datacenter nu weer moeten werken :P
[16:07:36] <rogue> klopt!
[16:07:54] <rogue> en ze zeggen dat er een netwerkstoring is en dat er meer informatie komt en de meer informatie was dat het weer grotendeels werkt!
[16:09:02] <kees> ik heb wel eens een mail gehad van mensen die tweakers als checkpoint gebruikten en gingen klagen toen we eens een storing hadden
[16:09:48] <GekkePrutser> Lol
[16:10:05] <GekkePrutser> Betalen ze dan ook voor uptimegarantie?
[16:10:10] <kees> :P
[16:11:32] <rogue> haha ja idd
[16:11:44] <rogue> overheidssubsidie ivm public service
[16:16:26] <SJ> kees: lolwhut?
[16:16:47] *** Quits: DinX (DinX@dinx.be) (Ping timeout: 60 seconds)
[16:17:08] *** Joins: DinX (DinX@176.9.154.138)
[16:18:32] *** Quits: DinX (DinX@176.9.154.138) (Client exited)
[16:19:42] *** Joins: DinX (DinX@dinx.be)
[16:23:56] *** Joins: grid (grid@dhcp-089-099-194-232.chello.nl)
[16:25:01] <Ziz> Sow. Ik denk ik ga even alle functie niveaus gelijk trekken
[16:25:20] <Ziz> Jr Sys admin.. 1900 p,
[16:25:22] <Ziz> lolwhut
[16:25:30] <Ziz> Die gaat dus naar 29
[16:25:35] <Ziz> pm
[16:25:58] <Ziz> Zullen ze wel blij mee zijn. Op dat niveau houd je nog best veel er van over
[16:27:09] <kees> ja, die zal wel 800 pm erop vooruit gaan
[16:27:19] <Ziz> idd
[16:27:37] <gdex> ik gok 600
[16:27:38] <kees> en meteen verliest hij ook toeslagen, dus totaal zal het wel 600pm zijn
[16:27:39] <Ziz> Ze nemen salaris schalen niet echt serieus hier
[16:27:40] <gdex> eens uitrekenen
[16:27:49] <Ziz> echt kansloos
[16:28:09] <Ziz> wie het meest zeikt en niet gemist kan worden krijgt meer geld. De rest niks omdat de markt slecht gaat. 
[16:28:09] <Ziz> pfff
[16:28:16] <gdex> 1630 vs 2175
[16:28:20] <rogue> marktwerking
[16:28:23] <gdex> is toch maar 545
[16:28:29] *** moto-moi is now known as moto-moi|afk
[16:28:44] <gdex> Ziz: dat kun je hooguit een paar jaar volhouden, en daarna moet je het wel herstellen
[16:28:45] <Ziz> Heb net al duidelijk gemaakt dat zij onaanvaardbaar weinig aan I.T. budget hebben.
[16:29:36] *** Quits: Madpilot (Madpilot@46.144.181.34) (Exit)
[16:29:37] <Ziz> "Ja ja ja dan moet het uit andere afdelingen komen." Ja eh, Das niet mijn probleem
[16:29:37] *** Quits: Drawer (Mibbit@80.255.245.203) (Exit)
[16:30:04] <Huigie> "Just fire some people..."
[16:30:31] <Ziz> "Als jullie innovatief uit jullie slogan willen hoog houden moeten jullie misschien eens denken Windows 2003 servers en 7 jaar oude hardware te vervangen.
[16:30:45] <Ziz> :P
[16:30:56] <Huigie> 7!
[16:31:12] *** Quits: kees (kees@kees.tweakers.net) (Input/output error)
[16:32:18] <Ziz> "Als nu jullie datacenter in stort wat kan met de huidige hardware hebben jullie geen garantie, geen support, en geen gemotiveerde mensen om jullie er bovenop te helpen."
[16:32:26] <Ziz> Kies maar.
[16:33:45] <SJ> 1900,- voor een junior? 
[16:33:55] <SJ> wat verdient een senior dan in vredesnaam? 
[16:39:22] <Escovan> YES 
[16:39:29] <Escovan> Stack!
[16:42:06] <rogue> SJ: t kan in verhouding zijn, of juist compensatie voor de junioren
[16:42:10] <rogue> goeie vraag :)
[16:44:45] <Escovan> Gefeliciteerd! Je STACK wordt binnen enkele minuten opgeleverd. 
[16:45:06] <SJ> Escovan: dat zei je al ;-)
[16:45:38] <Escovan> maar nu heb ik ook een betaal app voor NFC transacties... achja.
[16:45:49] <Escovan> ohnee, tis een Bunq
[16:46:12] <SJ> rogue: mja, maar 1900 is wel erg weinig 
[16:46:20] <SJ> zelfs voor een junior 
[16:48:08] <rogue> dat ontken ik niet
[16:50:33] *** Quits: smesjz (smesjz@dhcp-089-098-025-154.chello.nl) (Exit)
[16:55:04] <tozzert> HAI
[16:55:04] <tozzert> kakazeit
[16:55:40] <Huigie> so soon
[16:55:52] <tozzert> ok
[16:55:55] <tozzert> dan wacht ik 5 minuutjes
[16:55:59] <tozzert> goed?
[16:56:05] <Huigie> *\o/*
[16:56:11] <tozzert> anders ben jij weer van slag
[16:56:43] <tozzert> morgen de wekker weer om 4:30/45
[16:56:44] <tozzert> manmanman
[16:56:57] <Huigie> niet te doen
[16:57:29] <Escovan> Ow... het is gewoon een WebDAV account :o
[16:57:33] <Escovan> Achja, KISS
[16:58:13] <Escovan> *OwnCloud
[16:58:37] <SJ> stack is owncloud? 
[16:58:42] <Escovan> yep
[16:58:48] <SJ> hmm
[16:59:05] <tozzert> mag ik Huigie?
[16:59:31] <Huigie> nu
[16:59:35] <tozzert> het stinkt iig al alsof er een half uithangt
[16:59:46] <Huigie> geeft het al kopjes?
[17:00:04] <tozzert> en daarna in bad
[17:00:08] <tozzert> na geveegd te hebben uiteraard
[17:00:10] <tozzert> tata
[17:00:23] <Huigie> niet samen?
[17:02:14] *** Joins: Jeroen (Jeroen@ip82-139-124-155.lijbrandt.net)
[17:03:36] <rogue> tmi
[17:03:45] <rogue> mijn gevoelige geest, Huigie 
[17:04:01] *** Quits: Robin (robin@5419F052.cm-5-2d.dynamic.ziggo.nl) (Exit)
[17:09:26] *** Quits: rhod (rhod@86.85.193.196) (Client exited)
[17:09:30] *** Joins: rhod (rhod@86.85.193.196)
[17:26:04] *** Joins: kees (kees@office.tweaknet.net)
[17:28:08] *** Joins: Deianeira|GPC (spam@j217177.upc-j.chello.nl)
[17:28:09] *** Joins: Chester- (Chester@c77152.upc-c.chello.nl)
[17:28:10] *** Quits: freebee666 (spam@j217177.upc-j.chello.nl) (Connection reset by peer)
[17:28:10] *** Quits: Mrwazig (mrwazoo@h102136.upc-h.chello.nl) (Ping timeout: 60 seconds)
[17:28:10] *** Quits: Ou-Tannu (Ou-Tannu@5249248B.cm-4-2a.dynamic.ziggo.nl) (Ping timeout: 60 seconds)
[17:28:10] *** Quits: wirky (werken@ip503c7f23.speed.planet.nl) (Ping timeout: 60 seconds)
[17:28:10] *** Quits: Nelicquele (Nelicquele@i244127.upc-i.chello.nl) (Ping timeout: 60 seconds)
[17:28:10] *** Quits: grid (grid@dhcp-089-099-194-232.chello.nl) (Ping timeout: 60 seconds)
[17:28:10] *** Quits: Chester (Chester@c77152.upc-c.chello.nl) (Ping timeout: 60 seconds)
[17:28:10] *** Joins: wirkenwirkenwirken (werken@ip503c7f23.speed.planet.nl)
[17:28:12] *** Joins: grid (grid@dhcp-089-099-194-232.chello.nl)
[17:28:15] *** Joins: Ou-Tannu (Ou-Tannu@5249248B.cm-4-2a.dynamic.ziggo.nl)
[17:28:16] *** Joins: MrWazoo (mrwazoo@h102136.upc-h.chello.nl)
[17:28:30] <Ziz> poof
[17:28:48] *** Joins: Nelicquele (Nelicquele@i244127.upc-i.chello.nl)
[17:32:45] *** Quits: tbosua (tbosua@office.hostnetbv.nl) (Exit)
[17:32:59] *** Joins: DinX_ (DinX___@ptr-2hj4tblnzznafgmncii5uu9oy.ip6.access.telenet.be)
[17:33:09] *** Quits: GodFather (p00p@a83152.upc-a.chello.nl) (Exit)
[17:33:39] *** Quits: DinX_ (DinX___@ptr-2hj4tblnzznafgmncii5uu9oy.ip6.access.telenet.be) (Exit)
[17:41:16] *** Parts: marccom (marc@095-097-114-212.static.chello.nl) ()
[17:43:30] <Jeroen> omg rutte was bij de toppers
[17:43:34] <Jeroen> [/priv√©]
[17:48:44] <Tomcat_hatt> afzetten
[17:50:55] <Ziz> De toppers?
[17:50:56] <Ziz> Ja
[17:51:01] <Ziz> zeker afzetten
[17:51:42] <tozzert> Huigie
[17:51:44] <tozzert> ben ik weer
[17:52:08] <tozzert> de dagen van amper vegen zijn weer voorbij helaas
[17:52:09] <tozzert> :'(
[17:56:35] <tozzert> straks biertje doen denk!
[17:56:36] <tozzert> o/
[17:58:27] <Huigie> ik doe nog steeds aan courtesy wipes
[17:59:50] <tozzert> dan gao ik naa mar meej m'n voeijer aon de slag war!
[18:00:18] *** Quits: Huigie (Huigie@D57D516A.static.ziggozakelijk.nl) (Exit)
[18:00:30] <kees> owh zucht, let even niet op en accepteer een linkedin invite van een sales figuur en krijg meteen spam 8)7
[18:02:49] <Ziz> Nice
[18:13:30] <Ziz> Ik krijg nog bedrijven die denken dat mij vast in dienst kunnen nemen. Want ja ZZP'er zijn is onzeker
[18:13:50] <Ziz> en je inkome is beperkt. Sommige vragen jaarcijvers
[18:13:59] <Ziz> om te kijken of ze het kunnen matchen
[18:14:13] <Ziz> Maar tot nu toe heb ik mensen teleurgesteld er mee haha
[18:15:29] *** Quits: grid (grid@dhcp-089-099-194-232.chello.nl) (Ping timeout: 66 seconds)
[18:21:32] *** Quits: jk-5 (jk-5@D549D0E1.cm-10-1b.dynamic.ziggo.nl) (Ping timeout: 66 seconds)
[18:21:41] *** Quits: bdalenoord (bas@195.35.227.200) (Ping timeout: 66 seconds)
[18:21:46] *** Joins: grid (grid@dhcp-089-099-194-232.chello.nl)
[18:23:36] <Ziz> off home
[18:23:42] *** Ziz is now known as Ziz`aw
[18:29:27] *** Joins: jk-5 (jk-5@D549D0E1.cm-10-1b.dynamic.ziggo.nl)
[18:31:04] *** Joins: Tweaker_5108 (Mibbit@5357994E.cm-6-8c.dynamic.ziggo.nl)
[18:31:09] <Tweaker_5108> Hey
[18:31:21] <tozzert> je moet bij de buren zijn
[18:31:53] <Tweaker_5108> Realtek hd audio manager ofzo, verschijnt zomaar in beeld als ik bezig ben met iets
[18:32:07] <Tweaker_5108> Dan wordt er gevraagd wat ik in mijn pc gestopt hebt (Koptelefoon, speakers, etc)
[18:32:11] <Tweaker_5108> Terwijl er niks nieuws in zit
[18:32:24] <Tweaker_5108> En daarna staat er dat hij eruit gehaald is
[18:32:32] <Tweaker_5108> Hoe los ik dit op? Als ik bijvoorbeeld game verschijnt die pop-up en stoort het mij
[18:32:55] <tozzert> alle stekkertjes er goed ingefrommeld?
[18:32:59] <kees> apt-get purge realtek*
[18:33:06] <tozzert> niet dat er 1 half in zit
[18:33:20] <tozzert> maar
[18:33:35] <tozzert> voor dit soort vragen is het forum bedoeld
[18:33:44] <tozzert> hier doe we alleen aan slap ouwehoeren
[18:33:50] <tozzert> en dat kan kees als de beste
[18:34:02] <tozzert> hier zijn we allergisch voor tech
[18:34:10] <tozzert> tenzij ik een vraag heb
[18:34:12] <tozzert> ik mag dat
[18:34:18] <Tweaker_5108> ja
[18:34:24] <Tweaker_5108> apt-get purge realtek
[18:34:28] <Tweaker_5108> wat is dat?
[18:35:07] <Tweaker_5108> Moet ik het plaatsen in audio en hifi of overige hardware?
[18:35:16] *** Joins: JamesB009 (got@185.65.53.175)
[18:35:30] <tozzert> ik zou het niet weten
[18:35:47] <tozzert> zit het op je moederbord of is het een los audiokaartje?
[18:35:55] <Tweaker_5108> moederbord
[18:36:02] <tozzert> is daat een kopje voor?
[18:36:04] <tozzert> vast wel
[18:36:08] <tozzert> daar
[18:36:39] <Tweaker_5108> Processors, Moederborden en Geheugen?
[18:36:53] <tozzert> vind je dat geen goede plek?
[18:37:17] <Tweaker_5108> ja
[18:37:24] <Tweaker_5108> maar het heeft met de detectie van audio apparaten te maken
[18:37:25] <Tweaker_5108> maar ok
[18:37:38] <tozzert> op je moederbord
[18:37:51] *** Quits: boekee (boekee@5ED2A61F.cm-7-3c.dynamic.ziggo.nl) (Ping timeout: 60 seconds)
[18:37:59] <tozzert> je moederbord detecteert dat
[18:38:28] *** Joins: Matthew (Matthew@178-117-75-230.access.telenet.be)
[18:38:28] <tozzert> anders zoek eens op realtek hd audio
[18:38:39] <tozzert> kijken waar die topics in gepleurd zijn
[18:38:52] <tozzert> je zou haast denken dat ik slim was
[18:38:55] <tozzert> :o
[18:39:46] *** Joins: Azurai (Mibbit@86.92.245.164)
[18:40:02] *** Quits: Azurai (Mibbit@86.92.245.164) (Exit)
[18:40:33] *** Joins: boekee (boekee@5ED2A61F.cm-7-3c.dynamic.ziggo.nl)
[18:45:19] *** Joins: Wussie (wussie@7-254.ftth.onsbrabantnet.nl)
[18:48:47] <Jeroen> de computeridee is die ---> kant op, Tweaker_5108 
[18:48:52] <Jeroen> of je kan het bij tozzert in PM proberen
[18:49:06] <tozzert> ja man
[18:49:13] <tozzert> die grap is nog steeds hilarisch
[18:55:33] <Boots> Was ja, tozzert
[18:56:46] <tozzert> trut
[18:58:43] <Jeroen> Boots met d'r grote muil altijd
[18:58:48] <mimic> ALTIJD
[18:58:53] <mimic> maar ze heeft wel een punt
[18:59:47] <Tweaker_5108> wat bedoel je?
[18:59:51] <Tweaker_5108> Jeroen
[18:59:56] <Tweaker_5108> welk computeridee?
[19:00:04] <Jeroen> oh dear god
[19:00:06] <mimic> hey Tweaker_5108 
[19:00:08] <mimic> hoe oud ben je?
[19:00:10] <Tweaker_5108> hey
[19:00:12] <Tweaker_5108> 16
[19:00:16] <mimic> ah vandaar
[19:00:16] <Tweaker_5108> hoezo?
[19:00:18] <Jeroen> quelle surprise
[19:00:30] *** Joins: bdalenoord (bas@86.85.116.123)
[19:00:39] *** Joins: Stuiterbal (Stuit@2001:980:5281:1:9de1:9946:8f82:87cd)
[19:00:42] <mimic> bas dalenoord
[19:00:46] <mimic> dat jij hier nog eens komt
[19:00:54] <Stuiterbal> huh
[19:01:53] *** Joins: Smileface (alexander@25bc408b.ftth.concepts.nl)
[19:02:36] <tozzert> leeftijdsgenootje jeroen
[19:02:40] <tozzert> boffen jij
[19:02:56] <Jeroen> haha
[19:03:07] <Jeroen> ja voor jou is ie geestelijk al wat te oud he
[19:03:11] <Tweaker_5108> hoe oud zijn jullie?
[19:03:27] *** Joins: Resistor (Resistor@ip5456d91b.speed.planet.nl)
[19:03:28] <Jeroen> hoi ik ben theo, ik ben 42
[19:05:21] <tozzert> http://www.dumpert.nl/mediabase/6775269/10660b72/ballen_van_staal_experiment.html
[19:05:23] <tozzert> ghe
[19:05:37] <tozzert> dat die broeken nog passen joh
[19:07:01] <tozzert> http://www.dumpert.nl/mediabase/6775249/76953a55/statische_elektriciteit.html
[19:07:02] <tozzert> oh man
[19:07:14] <tozzert> doet me denken aan m'n tijd in een plasticfabriek
[19:07:22] <tozzert> plastic platen op elkaar leggen
[19:07:25] <tozzert> *knetter*
[19:07:27] <tozzert> *auw*
[19:09:22] <Tweaker_5108> Theo, ik dacht dat je Jeroen heette
[19:09:23] <Tweaker_5108> Game je nog?
[19:09:28] <Tweaker_5108> Of heb je dat nooit gedaan?
[19:09:48] <Jeroen> ik had vroeger aandelen atari, sindsdien heb ik een trauma
[19:10:14] <tozzert> en moneyz in zijn pocket
[19:10:16] <tozzert> jwtz
[19:10:17] <Tweaker_5108> hoezo heb je een trauma?
[19:11:15] <Jeroen> ik had ingezet op het succes van het videospel van ET
[19:12:10] <Tweaker_5108> welke
[19:12:16] <Tweaker_5108> ET alien of wat?
[19:14:06] *** Quits: Destruction (Destructio@507230E5.cm-15.dynamic.ziggo.nl) (Ping timeout: 60 seconds)
[19:14:09] <Jeroen> wat studeer je, Tweaker_5108 
[19:15:00] <rogue> zeg, tozzert
[19:15:07] <rogue> hoe staat t met je storingsdienst!
[19:15:10] *** Joins: Destruction (Destructio@507230E5.cm-15.dynamic.ziggo.nl)
[19:15:25] *** Quits: Tweaker_5108 (Mibbit@5357994E.cm-6-8c.dynamic.ziggo.nl) (Exit)
[19:15:27] <tozzert> die is voorbij h√®
[19:15:32] <Jeroen> :(
[19:15:34] <tozzert> best jammer
[19:16:37] <Jeroen> http://www.dumpert.nl/mediabase/6775217/104c99c3/als_vleeseters_als_vegetari_rs_zouden_zijn.html
[19:16:37] <rogue> ja idd
[19:16:47] <Jeroen> ik heb nog nooit zo'n vegetari√´r gezien, eigenlijk
[19:16:48] <rogue> weinig dramatisch ook
[19:16:52] <tozzert> ik kon hem niet afkijken jeroen
[19:18:44] <Jeroen> lekker wief wel
[19:20:32] *** gdex changes topic to 'Welkom in #geen-storingsdienst'
[19:20:42] <kees> die 'that's my foods food' is wel goed :P
[19:21:09] <Jeroen> die gebruik ik al jaren
[19:21:15] <Jeroen> en die heb ik niet eens zelf verzonnen
[19:27:21] <Jeroen> https://www.facebook.com/ministerpresident/posts/1115404001854644
[19:27:28] <Jeroen> Peter Kokernoot: Eikel
[19:27:38] <Jeroen> Peter Kokernoot: Evert Van Den Brink ben mij er niet van bewust jou te kennen, dus ga lekker iemand anders beledigen maar niet mij of mijn familie!
[19:27:39] <Jeroen> _O-
[19:28:18] <Boots> Ja Jeroen, welk computeridee?
[19:28:30] <Boots> :D
[19:29:46] <Jeroen> je bent ouder dan ik Boots 
[19:29:48] <Jeroen> muil :+
[19:30:34] <Boots> Maar ik ben de 42 nog niet gepasseerd
[19:32:24] <tozzert> Huigie al 2 keer
[19:41:50] *** Joins: fee-tje (fee-tje@137-109-201-31.ftth.glasoperator.nl)
[19:42:01] *** moto-moi|afk is now known as moto-moi
[19:42:06] <Jeroen> haha
[19:42:15] <Jeroen> huigie krijgt al voor de derde keer tanden
[19:42:37] *** Quits: A1AD (jeron@d54C08CD2.access.telenet.be) (Ping timeout: 61 seconds)
[19:44:38] <tozzert> http://www.autoweek.nl/video/5231/terugblik-zo-blikte-max-verstappen-vooruit
[19:44:40] <tozzert> 1:10
[19:44:40] <tozzert> ghehe
[19:48:01] *** Joins: Chiron_ (Chiron@ip5652834f.adsl-surfen.hetnet.nl)
[19:48:06] *** Quits: Chiron_ (Chiron@ip5652834f.adsl-surfen.hetnet.nl) (Exit)
[19:50:16] <Dubbeldrank> http://www.topgear.com/sites/default/files/styles/3600w/public/images/news-article/carousel/2016/05/2b43c81e11a5f5b32700f312ec1cd9e5/da_mark_ii_series_general.jpg?itok=6KHGIYeB
[19:50:43] <Jeroen> had je nu je brommercertificaat nog maar, Dubbeldrank 
[19:50:48] <tozzert> wanlellikding
[19:50:51] <Dubbeldrank> ;(
[19:51:10] <Dubbeldrank> ik ben pre-brommercertificaat Jeroen ;D
[19:51:31] <Jeroen> filmpje werkt hier niet tozzert 
[19:51:34] <Jeroen> jezus Dubbeldrank 
[19:51:35] <Jeroen> ben je zo oud
[19:51:42] <tozzert> en jij jeroen?
[19:51:48] <tozzert> nog steeds 25kw?
[19:51:50] <Boots> Jeroen is Theo van 42
[19:51:52] <tozzert> of wat is dat
[19:51:54] <Boots> o
[19:51:59] <Jeroen> al enige tijd vol vermogen
[19:52:07] <Dubbeldrank> nee, jij bent geboren in de 90s Jeroen
[19:52:11] <Dubbeldrank> noob
[19:52:12] <tozzert> maar je neemt genoegen met jouw passoa?
[19:52:24] <Jeroen> you're from the seventies but i'm a nineties bitch
[19:52:25] <Jeroen> I LOVE IT
[19:52:33] <tozzert> of hedde gij oew brommer nog?
[19:52:40] <Jeroen> die heb ik nog ja
[19:52:42] <Dubbeldrank> god damn hippies ;)
[19:52:44] <Jeroen> nog niet op gereden dit jaar hough :x :+
[19:52:46] <Dubbeldrank> 70s \o/
[19:52:49] <Jeroen> maar die heeft iets van 50kw
[19:52:51] <tozzert> vorig jaar wel?
[19:52:54] <Jeroen> ja
[19:53:06] <Jeroen> maar niet vaak genoeg
[19:54:03] <Jeroen> mijn passoa heeft wel meer vermogen dan jouw bus, tozzert 
[19:54:13] <Jeroen> ik denk dat zelfs de auto van lade meer vermogen heeft
[19:54:26] <tozzert> uhuh
[19:58:39] *** Joins: gakkethijs (gakkethijs@84-245-42-16.dsl.cambrium.nl)
[19:58:47] *** Joins: Prof_NaPo^^ (~Prof_NaPo@92-108-244-176.dynamic.upc.nl)
[19:59:37] *** Quits: JamesB009 (got@185.65.53.175) (Exit)
[20:07:57] *** Quits: int3nz0r (int3nz0r@541A8E1B.cm-5-3c.dynamic.ziggo.nl) (Ping timeout: 61 seconds)
[20:11:40] *** Quits: wirkenwirkenwirken (werken@ip503c7f23.speed.planet.nl) (Ping timeout: 66 seconds)
[20:12:00] *** Quits: welly7 (willy@ip503c7f23.speed.planet.nl) (Ping timeout: 61 seconds)
[20:12:35] *** Joins: wirky (werken@ip503c7f23.speed.planet.nl)
[20:12:48] *** Quits: fee-tje (fee-tje@137-109-201-31.ftth.glasoperator.nl) (Exit)
[20:13:04] *** Joins: welly7 (willy@ip503c7f23.speed.planet.nl)
[20:17:18] *** Quits: bdalenoord (bas@86.85.116.123) (Ping timeout: 63 seconds)
[20:26:12] *** Quits: Prof_NaPo^^ (~Prof_NaPo@92-108-244-176.dynamic.upc.nl) (Connection reset by peer)
[20:34:14] *** Quits: zwiep (zwiep@d54C03C0D.access.telenet.be) (Ping timeout: 60 seconds)
[20:39:44] *** Joins: zwiep (zwiep@d54c03c0d.access.telenet.be)
[20:40:09] *** Joins: Francis (Francis@5468C56E.cm-12-1d.dynamic.ziggo.nl)
[20:42:20] *** Deianeira|GPC is now known as freebee666
[20:42:28] <freebee666> g'avond
[20:47:23] <tozzert> gday sir
[20:48:50] <freebee666> tozzie
[20:49:04] <freebee666> wie gehts?
[20:49:11] <tozzert> kut h√®
[20:49:14] <tozzert> mit dich?
[20:49:15] *** Quits: bacobart (bart@ionosphere.nl) (Input/output error)
[20:49:56] <freebee666> ja hoor, weer een dag overleefd
[20:50:09] <Steffanx> en morgen weer een nieuwe :O
[20:50:29] <freebee666> ja it never stops :(
[20:51:01] <Steffanx> Om een zeker niemand te quoten: Never say never.
[20:51:57] *** Joins: bacobart (bart@ionosphere.nl)
[20:52:33] <tozzert> never be clever toch?
[20:54:14] *** Joins: Sponge (Sponge@149.210.150.92)
[20:54:34] <rogue> ik doe mn best
[20:55:22] <tozzert> hoef jij je best niet voor te doen toch?
[20:55:58] <tozzert> you're a natural!
[20:57:05] *** Quits: Resistor (Resistor@ip5456d91b.speed.planet.nl) (Exit)
[21:03:52] *** Joins: Tomsworld (tom@251.168-66-87.adsl-dyn.isp.belgacom.be)
[21:03:52] *** ChanServ sets mode: +o Tomsworld
[21:05:34] <rogue> ohja!
[21:05:38] <rogue> scheelt weer moeite
[21:05:49] <Jeroen> "Jeroen: Avery Dennison, Fugro, and AT&T are looking for candidates like you."
[21:06:05] <Jeroen> "Managing Director"
[21:06:09] <Jeroen> "Senior Space LinkedIn"
[21:06:11] <Jeroen> err
[21:06:14] <Jeroen> linkedin=engineer
[21:06:24] <Jeroen> LI heeft wel veel vertrouwen in me :+
[21:10:48] *** Quits: grid (grid@dhcp-089-099-194-232.chello.nl) (Ping timeout: 67 seconds)
[21:13:19] *** Joins: grid (grid@dhcp-089-099-194-232.chello.nl)
[21:16:14] <tozzert> meer dan wij
[21:24:24] *** Quits: Tomcat_hatt (user@193.107.221.57) (Exit)
[21:30:58] <tozzert> http://img-9gag-fun.9cache.com/photo/avPMLBd_700b.jpg
[21:31:54] *** Quits: Francis (Francis@5468C56E.cm-12-1d.dynamic.ziggo.nl) (Connection reset by peer)
[21:34:17] <Jeroen> hoe zie je daar een konijn in
[21:35:01] <tozzert> smeerpijp!
[21:35:56] <Jeroen> dat sowieso
[21:36:02] <Jeroen> maar ik zie oprecht geen konijn
[21:36:24] <kees> wat is het anders dan een konijn die in een veld speelt?
[21:36:32] <moto-moi> ik denk dat dat de bedoeling is Jeroen
[21:36:38] *** Quits: gakkethijs (gakkethijs@84-245-42-16.dsl.cambrium.nl) (Ping timeout: 60 seconds)
[21:36:40] <Jeroen> lame
[21:36:41] <tozzert> sssst
[21:36:50] <Jeroen> de meeste van dat soort plaatjes zijn nog wel echt dubbel getekend
[21:36:51] <tozzert> ik keek ook 10 minuten hoor
[21:36:52] <tozzert> ;p
[21:36:56] <Jeroen> maar dit is gewoon kut dus
[21:37:01] <tozzert> jep
[21:37:01] <tozzert> kut
[21:37:07] <moto-moi> mjah, ik kan er echt geen konijn in ontdekken
[21:37:07] <Jeroen> harhar
[21:37:09] <kees> +een
[21:37:28] <tozzert> is net in het holletje gekropen!
[21:37:51] *** Joins: WTs2 (Mibbit@541A75FC.cm-5-3b.dynamic.ziggo.nl)
[21:43:01] *** Joins: gakkethijs (gakkethijs@84-245-42-16.dsl.cambrium.nl)
[21:44:31] <Steffanx> bah
[21:45:14] <tozzert> smeerlapperij
[21:45:21] <tozzert> die jeroen altijd!
[21:45:51] <moto-moi> schaamteloos
[21:45:54] <Jeroen> sowieso
[21:46:05] <tozzert> het is ook een smerige vechter die jeroen
[21:46:08] <tozzert> hij gooit met poep
[21:46:17] <Jeroen> en dan wel zachte he
[21:46:19] <Jeroen> dat het zo plakt
[21:46:25] <moto-moi> wist je dat hij dat bewaart in z'n schoen?
[21:46:46] <tozzert> duh
[21:46:47] <tozzert> waar anders?
[21:47:06] <tozzert> beetje gekke opmerking moto-moi
[21:47:11] <moto-moi> ...
[21:47:13] *** Quits: kees (kees@office.tweaknet.net) (Input/output error)
[21:47:23] <moto-moi> ik kan na uitleg vragen, maar ik wil het liever niet weten :X
[21:47:29] <Jeroen> hahaha
[21:47:34] <tozzert> *naar
[21:47:43] <Jeroen> dat als je zo in zo'n schoen stapt je het zo langs je enkel omhoog voelt kruipen
[21:47:53] <tozzert> :9
[21:47:59] <tozzert> we've all been there
[21:48:07] <moto-moi> daarom draag je zeker ook altijd van die gaye laarzen
[21:49:24] <Jeroen> haha
[21:49:29] <Jeroen> ik heb wel een paar enkelboots
[21:49:36] <Steffanx> Heerlijk Jeroen. Zoals die klei van de hydraulic press cahnnel?
[21:49:40] <Jeroen> je moet toch wat dragen out in the field
[21:49:58] <Jeroen> bijvoorbeeld, Steffanx 
[21:50:02] <Jeroen> maar dan warm en vochtig
[21:50:15] <Steffanx> <3
[21:50:32] <Steffanx> Met stukjes van de nootjes van de dag ervoor?
[21:51:31] <tozzert> ej
[21:51:32] <tozzert> maar
[21:51:32] <tozzert> dus
[21:51:33] <tozzert> enzo
[21:51:42] <tozzert> aangezien mijn wekker midden in de nacht gaat...
[21:51:46] <tozzert> ga ik jullie verlaten
[21:51:53] <tozzert> dagdag
[21:52:01] <Jeroen> later
[21:52:10] <Steffanx> geniet ervan
[21:52:11] <tozzert> aligator
[22:00:11] *** Quits: grid (grid@dhcp-089-099-194-232.chello.nl) (Exit)
[22:06:51] *** Quits: WTs2 (Mibbit@541A75FC.cm-5-3b.dynamic.ziggo.nl) (Exit)
[22:08:21] *** Quits: gakkethijs (gakkethijs@84-245-42-16.dsl.cambrium.nl) (Exit)
[22:12:16] *** Joins: smesjz (smesjz@dhcp-089-098-025-154.chello.nl)
[22:27:31] * DinX aait moto-moi 
[22:32:47] *** Quits: smesjz (smesjz@dhcp-089-098-025-154.chello.nl) (Exit)
[22:46:21] *** Quits: Matthew (Matthew@178-117-75-230.access.telenet.be) (Connection reset by peer)
[22:57:37] <Boots> Wie
[22:57:38] <Boots> Oh
[22:57:40] <Boots> JEROEN WEER
[22:57:47] <Boots> Je windt me niet om de enkel oke
[22:57:55] <Jeroen> hahaha
[22:58:09] <Boots> Ik ben ook geen blok aan je been
[22:58:12] <Boots> Lief doen enzo
[23:00:30] <Jeroen> ik zei niks!
[23:00:46] <Jeroen> zo ik tindermatch me hier met een episch lekkere latina
[23:00:52] <Jeroen> maar zo te zien is die alleen op doortocht
[23:00:55] <Jeroen> haat
[23:01:32] <Stuiterbal> haha, je zoekt je heil ondertussen op Tinder?
[23:01:50] <Jeroen> is best grappig
[23:02:06] <Jeroen> beetje chicks spotten die selfies maken bij het holocaustmonument in berlijn
[23:02:14] <Jeroen> die houden van reizen en leuke dingen doen met vriendinnen
[23:02:22] <Jeroen> en als derde foto een colourrunplaatje hebben
[23:02:28] <Stuiterbal> :(
[23:02:37] <Jeroen> ja
[23:02:38] <Jeroen> zo zijn ze
[23:04:34] <Boots> hehehe is het toevallig een latina die in July naar NL komt?
[23:04:52] <Jeroen> nee ze is er al
[23:05:09] <Boots> Oh dan weet ik niet wie het is
[23:05:56] <Boots> En zoiets? http://www.slechtegrappen.nl/sites/default/files/styles/artikel_content/public/media/579730_370148706426991_1433752988_n.jpg?itok=W_JkAF6F
[23:06:12] <Stuiterbal> omg
[23:06:16] <Boots> hahahaha
[23:06:29] <Jeroen> hahaha
[23:10:14] *** Joins: Mrwazig (mrwazoo@h102136.upc-h.chello.nl)
[23:10:15] *** Quits: MrWazoo (mrwazoo@h102136.upc-h.chello.nl) (Ping timeout: 67 seconds)
[23:10:17] *** Joins: Smile (alexander@25bc408b.ftth.concepts.nl)
[23:10:18] *** Quits: wirky (werken@ip503c7f23.speed.planet.nl) (Ping timeout: 61 seconds)
[23:10:22] *** Joins: wirky (werken@ip503c7f23.speed.planet.nl)
[23:10:43] *** Quits: Smileface (alexander@25bc408b.ftth.concepts.nl) (Ping timeout: 67 seconds)
[23:32:59] *** Joins: zomertje (zomertje@pluizigenblauw.xs4all.nl)
[23:32:59] *** ChanServ sets mode: +o zomertje
[23:48:53] *** Quits: Jeroen (Jeroen@ip82-139-124-155.lijbrandt.net) (Exit)
[23:54:07] *** Quits: Stuiterbal (Stuit@2001:980:5281:1:9de1:9946:8f82:87cd) (Exit)
[23:58:49] *** Quits: zomertje (zomertje@pluizigenblauw.xs4all.nl) (Exit)
