[00:00:12] *** Joins: Tweaker_0024 (Mibbit@546BFA1D.cm-12-4d.dynamic.ziggo.nl)
[00:07:17] *** Quits: Arno (arno@541B0FEB.cm-5-4a.dynamic.ziggo.nl) (Connection reset by peer)
[00:11:47] *** Quits: Tweaker_0024 (Mibbit@546BFA1D.cm-12-4d.dynamic.ziggo.nl) (Exit)
[00:13:30] *** Quits: klaveRCX (michiel@klaver.it) (Ping timeout: 60 seconds)
[00:13:50] *** Joins: Egocentrix (Reinout@524BEB05.cm-4-4d.dynamic.ziggo.nl)
[00:14:22] *** Joins: klaveRCX (michiel@klaver.it)
[00:41:06] *** Quits: Matthew (Matthew@37.252.230.59) (Connection reset by peer)
[00:52:31] *** Quits: rhod (rhod@86.85.193.196) (Connection reset by peer)
[00:57:35] *** Joins: rhod (rhod@86.85.193.196)
[01:11:51] *** Quits: Wussie (wussie@220-251.ftth.onsbrabantnet.nl) (Exit)
[01:18:52] *** Joins: Wasbak (Mibbit@095-096-019-149.static.chello.nl)
[01:27:22] *** Quits: Anthor (Anthor@cust.7.103.adsl.cistron.nl) (Exit)
[01:28:56] *** Quits: Egocentrix (Reinout@524BEB05.cm-4-4d.dynamic.ziggo.nl) (Ping timeout: 67 seconds)
[01:42:26] *** Quits: Lin (Lin@53570183.cm-6-8a.dynamic.ziggo.nl) (Client exited)
[01:44:18] *** Quits: Wasbak (Mibbit@095-096-019-149.static.chello.nl) (Exit)
[01:48:57] *** Joins: Wasbak (Mibbit@095-096-019-149.static.chello.nl)
[01:54:01] *** Quits: Wasbak (Mibbit@095-096-019-149.static.chello.nl) (Exit)
[01:54:21] *** Quits: Guyver2 (Guyver2@guyver2.xs4all.nl) (Exit)
[01:57:54] *** Quits: GodFather (p00p@a83152.upc-a.chello.nl) (Exit)
[01:58:59] *** Joins: Wasbak (Mibbit@095-096-019-149.static.chello.nl)
[02:04:03] *** Quits: Wasbak (Mibbit@095-096-019-149.static.chello.nl) (Exit)
[02:09:00] *** Joins: Wasbak (Mibbit@095-096-019-149.static.chello.nl)
[02:14:07] *** Quits: Wasbak (Mibbit@095-096-019-149.static.chello.nl) (Exit)
[02:19:01] *** Joins: Wasbak (Mibbit@095-096-019-149.static.chello.nl)
[02:19:38] *** Joins: Tweaker_1960 (Mibbit@84-245-6-230.dsl.cambrium.nl)
[02:20:39] <Tweaker_1960> Boe
[02:21:28] *** Tweaker_1960 is now known as martijndutch
[02:21:49] *** Quits: martijndutch (Mibbit@84-245-6-230.dsl.cambrium.nl) (Exit)
[02:24:00] *** Quits: Wasbak (Mibbit@095-096-019-149.static.chello.nl) (Exit)
[02:28:34] *** Joins: Wasbak (Mibbit@095-096-019-149.static.chello.nl)
[02:33:33] *** Quits: Wasbak (Mibbit@095-096-019-149.static.chello.nl) (Exit)
[02:38:35] *** Joins: Wasbak (Mibbit@095-096-019-149.static.chello.nl)
[02:43:36] *** Quits: Wasbak (Mibbit@095-096-019-149.static.chello.nl) (Exit)
[02:45:46] *** Quits: FlutterShy (guntherdw@znc.s.wrongplace.be) (Ping timeout: 60 seconds)
[02:48:37] *** Joins: Wasbak (Mibbit@095-096-019-149.static.chello.nl)
[02:53:40] *** Quits: Wasbak (Mibbit@095-096-019-149.static.chello.nl) (Exit)
[02:58:40] *** Joins: Wasbak (Mibbit@095-096-019-149.static.chello.nl)
[03:00:23] *** Quits: Wasbak (Mibbit@095-096-019-149.static.chello.nl) (Exit)
[03:05:16] *** Joins: FlutterShy (guntherdw@znc.s.wrongplace.be)
[03:17:07] *** Quits: Winkey (Winkey@ip4da97a02.direct-adsl.nl) (Exit)
[03:20:32] *** Joins: Winkey (Winkey@ip4da97a02.direct-adsl.nl)
[04:33:07] *** Joins: wordu (kril@ip36-122-210-87.adsl2.static.versatel.nl)
[04:50:32] <wordu> logische topic
[04:50:33] <wordu> dat wel
[04:58:07] *** Quits: zomertje (zomertje@pluizigenblauw.xs4all.nl) (Exit)
[05:01:48] *** Quits: A1AD (jeron@d54C08CD2.access.telenet.be) (Ping timeout: 61 seconds)
[05:10:25] *** Joins: A1AD (jeron@d54C08CD2.access.telenet.be)
[05:43:41] *** Quits: itsnotreal (Mibbit@ip54508f13.adsl-surfen.hetnet.nl) (Exit)
[05:45:53] *** Joins: Smileface (alexander@25bc408b.ftth.concepts.nl)
[06:28:23] *** Joins: Waskebab (Mibbit@095-096-019-149.static.chello.nl)
[06:39:37] *** Quits: Waskebab (Mibbit@095-096-019-149.static.chello.nl) (Exit)
[06:42:59] *** Joins: mib_etlg65 (Mibbit@66.87.152.249)
[06:43:17] *** Quits: mib_etlg65 (Mibbit@66.87.152.249) (Exit)
[06:43:20] <Escovan> Zo, automatische updates maar eens uitgezet op CCleaner. Heb sterk de indruk dat ze alleen maar telkens een minor-versie update laten oppoppen om mij zo ver te krijgen dat ik het ga kopen.
[06:43:20] *** Joins: mib_etlg65 (Mibbit@66.87.152.249)
[06:43:35] *** Quits: mib_etlg65 (Mibbit@66.87.152.249) (Exit)
[06:43:39] *** Joins: mib_etlg65 (Mibbit@66.87.152.249)
[06:43:55] *** Quits: mib_etlg65 (Mibbit@66.87.152.249) (Exit)
[06:44:00] *** Joins: mib_etlg65 (Mibbit@66.87.152.249)
[06:44:09] <Escovan> mib_etlg65, whats up?
[06:44:18] *** Quits: mib_etlg65 (Mibbit@66.87.152.249) (Exit)
[06:44:26] *** Joins: Waskebab (Mibbit@095-096-019-149.static.chello.nl)
[06:49:32] *** Quits: Waskebab (Mibbit@095-096-019-149.static.chello.nl) (Exit)
[06:54:27] *** Joins: Waskebab (Mibbit@095-096-019-149.static.chello.nl)
[06:55:20] *** Quits: rhod (rhod@86.85.193.196) (Exit)
[06:59:33] *** Joins: rhod (rhod@86.85.193.196)
[07:03:10] *** Quits: Waskebab (Mibbit@095-096-019-149.static.chello.nl) (Exit)
[07:05:55] *** Joins: Wasbak (Mibbit@095-096-019-149.static.chello.nl)
[07:08:27] *** Quits: Smileface (alexander@25bc408b.ftth.concepts.nl) (Exit)
[07:14:49] *** Quits: Wasbak (Mibbit@095-096-019-149.static.chello.nl) (Exit)
[07:16:01] *** Quits: rhod (rhod@86.85.193.196) (Exit)
[07:16:48] *** Joins: rhod (rhod@86.85.193.196)
[07:17:03] *** Quits: wordu (kril@ip36-122-210-87.adsl2.static.versatel.nl) (Exit)
[07:17:03] *** Quits: rhod (rhod@86.85.193.196) (Exit)
[07:19:27] *** Joins: Wasbak (Mibbit@095-096-019-149.static.chello.nl)
[07:24:24] *** Quits: Wasbak (Mibbit@095-096-019-149.static.chello.nl) (Exit)
[08:22:22] <rogue> mogge
[08:55:44] *** Quits: Hoogvlieger (Hoogvliege@ip41-37-211-87.adsl2.static.versatel.nl) (Exit)
[09:10:10] <Nakebod> hm
[09:10:12] *** boekee_away is now known as boekee
[09:26:23] *** Joins: zomertje (zomertje@pluizigenblauw.xs4all.nl)
[09:26:23] *** ChanServ sets mode: +o zomertje
[09:43:43] *** wellywest is now known as wellywest-away
[09:50:14] *** Joins: chem (chem@ppp-58-11-38-107.revip2.asianet.co.th)
[09:53:19] *** Joins: Resistor (Resistor@ip5456d91b.speed.planet.nl)
[10:01:05] <chem> yeeesssss
[10:01:07] *** Joins: Sponge (Sponge@149.210.150.92)
[10:01:12] <chem> vervangende krabber @ postkantoor opgehaald
[10:01:25] <chem> eindelijk dat plastic kutding in de prullenbak
[10:02:22] *** Joins: Jeroen (Mibbit@54188FF8.cm-5-1c.dynamic.ziggo.nl)
[10:02:38] <chem> jeroentjeee
[10:02:45] <Jeroen> sjemmie
[10:04:58] <zomertje> mogguh
[10:05:52] <Jeroen> lol
[10:06:13] <Jeroen> ik krijg een phishing mail waarbij de uitgaande mailserver de virusbijlage al heeft verwijderd
[10:06:20] <Jeroen> kwaliteitsspammers hoor
[10:06:21] <Jeroen> :D
[10:06:26] *** wellywest-away is now known as welly
[10:06:48] *** Joins: Wasbak (Mibbit@095-096-019-149.static.chello.nl)
[10:07:30] *** Quits: chem (chem@ppp-58-11-38-107.revip2.asianet.co.th) (Ping timeout: 66 seconds)
[10:10:34] <boekee> Hahaha
[10:12:51] *** Joins: fee-tje (fee-tje@137-109-201-31.ftth.glasoperator.nl)
[10:14:40] *** Quits: fee-tje (fee-tje@137-109-201-31.ftth.glasoperator.nl) (Exit)
[10:15:21] *** Joins: chem (chem@ppp-58-11-21-225.revip2.asianet.co.th)
[10:15:43] <chem> http://i.imgur.com/4N2T6eq.jpg @ Jeroen 
[10:17:03] *** Joins: fee-tje (fee-tje@137-109-201-31.ftth.glasoperator.nl)
[10:23:39] *** Quits: Wasbak (Mibbit@095-096-019-149.static.chello.nl) (Exit)
[10:46:19] <tozzert> hmmm
[10:46:31] <tozzert> is die ibood van nu interessant als je ook nog 5 euro korting extra krijgt?
[10:54:55] *** Quits: fee-tje (fee-tje@137-109-201-31.ftth.glasoperator.nl) (Exit)
[10:56:41] *** Joins: fee-tje (fee-tje@137-109-201-31.ftth.glasoperator.nl)
[11:07:46] <chem> het is van ibood, wil je je er uberhaupt aan wagen?
[11:11:04] *** Quits: chem (chem@ppp-58-11-21-225.revip2.asianet.co.th) (Ping timeout: 67 seconds)
[11:11:19] *** Joins: chem (chem@ppp-58-11-21-225.revip2.asianet.co.th)
[11:19:25] *** Joins: Wussie (wussie@220-251.ftth.onsbrabantnet.nl)
[11:21:20] *** Quits: fee-tje (fee-tje@137-109-201-31.ftth.glasoperator.nl) (Exit)
[11:22:07] <freebee666> die sticks tozzert?
[11:22:20] <tozzert> 128 gigs of 'em
[11:22:58] <freebee666> helaas geen afsluiting aan de plug kant
[11:23:05] <freebee666> dat is voor mij al een nogo
[11:23:15] <tozzert> want?
[11:23:26] <freebee666> dat heeft me al 1 stick gekost
[11:23:37] <freebee666> merk dat ze met afsluiting langer blijven werken
[11:23:49] <tozzert> http://ecx.images-amazon.com/images/I/61XuOYjvf-L._SL1100_.jpg
[11:23:51] <tozzert> die heb ik nu
[11:24:06] <freebee666> oh bah
[11:24:08] <tozzert> al een jaar of 5
[11:24:12] <tozzert> aan m'n sleutelbos
[11:24:24] <tozzert> of langer
[11:24:31] <freebee666> dat soort dingen vind ik echt zo kut xD
[11:24:37] <tozzert> want?
[11:24:39] <freebee666> half size enzo
[11:24:41] <tozzert> lekker klein
[11:24:42] <tozzert> altijd bij
[11:24:44] <tozzert> ideaal
[11:24:50] <freebee666> voelt crap bij insertion enzo
[11:24:58] <tozzert> geen last van
[11:25:19] <freebee666> voor mn gevoel te flimsy dat soort modellen
[11:25:29] *** Quits: chem (chem@ppp-58-11-21-225.revip2.asianet.co.th) (Exit)
[11:25:41] <freebee666> 9ik heb liever gewoon zon ding van 3cm met een dopje erop die fatsoenlijk blijft zitten
[11:25:47] <freebee666> 2 van standaard in mn broekzak
[11:25:57] <tozzert> die dopjes vind ik juist kut
[11:25:58] <freebee666> (omdat ze beide maar 4gb zijn)
[11:26:00] *** Joins: chem (chem@ppp-58-11-21-225.revip2.asianet.co.th)
[11:26:33] <freebee666> hehe ja voor mij zijn die juist een pre
[11:27:51] <Resistor> Die SuperTalent dingen zijn juist heel erg sterk. Ik ben meestal bang dat de USB-poort afbreekt omdat er dan een complete sleutelbos aan hangt :P
[11:28:44] *** Joins: boy_yonder (Seb@82-169-222-71.ip.telfort.nl)
[11:29:02] <Nakebod> http://ic.tweakimg.net/ext/i/imagelarge/2000940883.jpeg die stick moede hebben! rete snel ding :+
[11:29:40] <freebee666> http://ic.tweakimg.net/ext/i/imagelarge/1288011158.jpeg
[11:29:42] <freebee666> die heb ik
[11:29:53] <tozzert> klopt Resistor
[11:30:07] <tozzert> veel usb poorten waar hij nog niet in heeft gezeten zijn ook altijd leuk
[11:30:11] <tozzert> de maagdelijke usb poorten
[11:30:17] <tozzert> even flink hard erin porren
[11:30:24] <tozzert> gaat wat moeizaam
[11:30:26] <tozzert> enzo
[11:30:31] <Resistor> En dan zijn de poorten geen maagd meer. Ik ken het.
[11:30:57] <tozzert> maar 16GB is wel wat weinig aan het worden
[11:31:02] <Resistor> Andere sleutelbos heeft nu een http://tweakers.net/pricewatch/439756/sandisk-ultra-dual-%28android%29-16gb-zwart.html , lekker pendelen tussen telefoon waar ik de foto's mee maak en de computer waarbij ik te lui ben om de BT aan te zetten.
[11:31:07] <tozzert> dat jij überhaupt met 4GB vooruit kunt freebee666...
[11:31:21] <freebee666> daarom 2
[11:31:26] <freebee666> ik heb ze al jaaaaaaaaaaren
[11:31:38] <freebee666> ben al tijdje aan t kijken voor een grotere
[11:31:46] <tozzert> jij met je rare wensen
[11:31:48] <tozzert> een dopje
[11:31:50] <tozzert> man man man
[11:31:57] <tozzert> irritant²
[11:32:04] <freebee666> ik hou niet van die retracta le usb plugs
[11:32:10] <freebee666> *retractable
[11:32:20] <freebee666> komt altijd stof en vuil erin
[11:32:22] <tozzert> ik ook niet
[11:32:41] <tozzert> daarom die st pico
[11:32:45] <Dubbeldrank> Sandisk Extreme, de rest is rommel 
[11:32:55] <freebee666> lekker krassen op je plug
[11:32:56] <tozzert> ik moet ook metaal hebben
[11:33:04] <tozzert> plastic overleeft m'n sleutelbos niet lang
[11:33:15] <tozzert> gast
[11:33:24] <tozzert> heb dat ding al 5+ jaar in m'n zak aan m'n sleutelbos
[11:33:33] <tozzert> NOOIT problemen mee gehad
[11:34:28] <tozzert> ik denk eigenlijk al wel langer
[11:34:44] <freebee666> heb 1 model gehad es een keer met die form factor, hield t een paar maanden uti, toen kapot
[11:34:48] *** Joins: Svardskampe (Svardskamp@198-14-ftth.onsnetstudenten.nl)
[11:34:54] <freebee666> maat goed, dat was dan oo geen metaal maar plstic 8)7
[11:35:36] <freebee666> (kon niet mee ruitgelezen worden)
[11:35:50] <freebee666> niet dat t plastic was gebroken ofzo
[11:36:32] *** Quits: chem (chem@ppp-58-11-21-225.revip2.asianet.co.th) (Ping timeout: 67 seconds)
[11:37:21] <tozzert> dan heb je gewoon alleen maar troep gehad
[11:37:50] *** Joins: chem (chem@ppp-58-11-21-225.revip2.asianet.co.th)
[11:39:48] <freebee666> nah, die feecom was cheap en werkt OK, een andere, was een trustofzo, ook heel oud (2gb) werlkte ook altijd pefect maar ooit ergens kwijtgeraakt xD
[11:40:17] <freebee666> en true, de 2 die kapot gingen warne idd wel wat goedkope kengen ja xD
[11:40:36] <freebee666> maar goed, dat zijn d emodellen die niet kapot gingen ook dus ja 8)7
[11:40:43] <freebee666> zegt niet zoveel hehe
[11:42:44] *** Joins: AndroUser (androirc@dhcp-089-098-143-151.chello.nl)
[11:43:17] <AndroUser> Hallo
[11:43:26] *** AndroUser is now known as Gentoo
[11:47:00] <freebee666> hij schrijft weel wat traag geloof ik tozzert
[11:47:02] <freebee666> *wel
[11:47:24] <tozzert> zolang hij maar geen schrijftyfus heeft
[11:47:25] <tozzert> hè
[11:47:27] <freebee666> 25MB/s op 3.0
[11:47:28] <tozzert> !
[11:47:38] <tozzert> wat hoort dat te zijn?
[11:47:46] <tozzert> wat kán dat zijn bedoel ik
[11:47:53] <freebee666> dus als dat belangrijk is voor je, is t misschien geen goede keus
[11:48:09] <freebee666> nou ja ik zie een sandisk extreme specs op tweakers hebben
[11:48:14] <freebee666> 190
[11:48:28] <freebee666> dus das dan wel ene groot verschil
[11:48:55] <tozzert> hmz
[11:48:57] <Dubbeldrank> ik ga even mezelf herhalen :P
[11:49:02] <tozzert> dat is zowat usb 2.0 spec
[11:49:04] <Dubbeldrank> 11:32:45 <+Dubbeldrank> Sandisk Extreme, de rest is rommel
[11:49:21] <freebee666> als er een dop[je op zat, had ik er zoee al paar jaar terug gehaald Dubbeldrank :P
[11:49:21] <tozzert> ik hecht meer waarde aan de behuizing tbh
[11:49:24] <freebee666> *dopje
[11:49:36] <Dubbeldrank> dopje... oh noes!
[11:49:38] <Jeroen> ik heb altijd USB-sticks van het merk AIVD
[11:49:40] <tozzert> en die is van plastic volgens mij Dubbeldrank?
[11:49:43] <Dubbeldrank> ja
[11:49:49] <freebee666> ik hou niet van die open pluggen :(
[11:50:08] <tozzert> metaal en open voor mij
[11:50:47] <freebee666> wannt heb die extreme wel al meermaals ovewogen idd want prijs/kwaliteit is wel gewon erg aansprekend
[11:52:46] *** Quits: Svardskampe (Svardskamp@198-14-ftth.onsnetstudenten.nl) (Exit)
[11:54:39] *** Quits: chem (chem@ppp-58-11-21-225.revip2.asianet.co.th) (Ping timeout: 66 seconds)
[11:55:46] *** Joins: Hoogvlieger (Hoogvliege@ip41-37-211-87.adsl2.static.versatel.nl)
[11:58:49] *** Quits: Gentoo (androirc@dhcp-089-098-143-151.chello.nl) (Exit)
[12:09:50] *** Joins: Egocentrix (Reinout@524BEB05.cm-4-4d.dynamic.ziggo.nl)
[12:10:06] *** Joins: Svardskampe (Svardskamp@198-14-ftth.onsnetstudenten.nl)
[12:13:09] *** Joins: itsnotreal (Mibbit@ip54508f13.adsl-surfen.hetnet.nl)
[12:13:31] *** Quits: Resistor (Resistor@ip5456d91b.speed.planet.nl) (Exit)
[12:16:55] *** Joins: Wasprak (Mibbit@095-096-019-149.static.chello.nl)
[12:22:27] *** Joins: Matthew (Matthew@178-117-75-230.access.telenet.be)
[12:24:43] *** moto-moi|afk is now known as moto-moi
[12:32:46] *** Quits: Wasprak (Mibbit@095-096-019-149.static.chello.nl) (Exit)
[12:39:37] *** Quits: Svardskampe (Svardskamp@198-14-ftth.onsnetstudenten.nl) (Connection reset by peer)
[12:47:08] <Hooglander1> Bitches
[12:51:51] *** Joins: Svardskampe (Svardskamp@198-14-ftth.onsnetstudenten.nl)
[12:53:14] * Escovan realiseert zich net dat de auto-save functie in webbased office en cloud applicaties als een soort keylogger werkt als het onderliggende systeem lek is (gemaakt).
[12:57:51] <Escovan> Wat betekent: ¨Status: Gepubliceerd als privé¨ -  
[12:58:04] <Escovan> Hoe kun je nou iets PUBLICEREN zonder dat het bekend wordt dat dat gebeurt is.
[12:59:06] <Escovan> [/wordpress]
[13:09:51] *** Joins: Resistor (Resistor@ip5456d91b.speed.planet.nl)
[13:11:42] *** Joins: chem (chem@ppp-58-11-21-225.revip2.asianet.co.th)
[13:16:15] *** Quits: chem (chem@ppp-58-11-21-225.revip2.asianet.co.th) (Ping timeout: 60 seconds)
[13:18:09] <moto-moi> Escovan: hoezo kan dat niet?Dat kan zeer goed, gewoon niet op de hoofdpagina van wordpress zetten en ondertussen wel het url weten
[13:18:54] *** Joins: gakkethijs (gakkethijs@84-245-42-16.dsl.cambrium.nl)
[13:25:28] <Escovan> moto-moi, als ze naar je op zoek zijn, vind men dat uit. Waarschijnlijk is het net als met woorden, als je niet wil dat iemand het herhaalt moet je het niet zeggen/typen.
[13:26:13] <moto-moi> tuurlijk, want een compleet url is altijd te gokken..
[13:33:16] <jasper> als iemand ergens een link publiceert zal er meestal ook een search engine indexatie volgen
[13:33:31] <jasper> maar goed, zo'n functie is neit voor high security ofzo
[13:33:43] <Escovan> juist, er zijn ook crawlers die niet op robots.txt letten.
[13:33:48] <jasper> het is puur obscurity
[13:34:06] <jasper> zo lang je je maar realiseert wat je aan het doen bent is dat ook helemaal niet erg
[13:35:34] <moto-moi> Escovan: en die proberen elk mogelijk url op je site? Denk je uberhaupt wel na voordat je hier iets typed?
[13:36:54] <Escovan> Een index in wordpress begint gewoon bij 1 en gaat verder. Dus ophogen vanaf het laatst bekende ID. Al weet ik ff niet of het encrypted in de database staat.
[13:37:10] <Escovan> De verbinding is wel SSL.
[13:37:11] <jasper> that seems unlikely
[13:37:23] <jasper> voor zeker is wordpress inmiddels toch wel overgestapt op randomised IDs?
[13:37:53] <moto-moi> je kan dag/week/whatever in je url frotten ja
[13:38:03] <moto-moi> wat afaik de standaard instelling is
[13:38:04] <jasper> of zijn ze echt nog net zo party like it's 1999 als tweakers is?
[13:38:12] <jasper> moto-moi: Dat is neit randomised
[13:38:20] <jasper> youtube, dat is randomised
[13:38:22] <Escovan> hij geeft wel een foutmelding zonder mijn cookie inderdaad
[13:38:23] <moto-moi> true
[13:38:34] <moto-moi> maar tis meer dag/maand/jaar/blabala
[13:38:42] <Escovan> p=19 in mijn geval
[13:38:44] <jasper> oh, god, *die* url scheme
[13:38:48] <jasper> I HATES THAT
[13:38:49] <moto-moi> uhuh
[13:38:51] <moto-moi> goedzo :P
[13:39:13] <jasper> die geweldige functie dat je *of* op *alle* urls die je intypt hetzelfde krijgt
[13:39:26] <jasper> geweldig voor rickrolling-style trolls
[13:39:33] <moto-moi> nu.nl for the win
[13:39:46] <jasper> *of* dat je de initiele titel in de url blijft zien ook na de stealth edit
[13:40:23] <moto-moi> ghehe, jasper's eigen quest wordt nu opeens duidelijk :P
[13:40:28] <jasper> en dat allemaal voor "SEO" ondanks dat er geen enkele aanwijzing is dat google daadwerkelijk caret of dew url zo is of wordpress.com/dojgnxfkljgn
[13:40:48] <jasper> anyway
[13:40:51] <jasper> Off to lunch :)
[13:40:51] <gakkethijs> who cares?
[13:40:53] <gakkethijs> besides you
[13:40:59] <moto-moi> jasper blijkbaar :+
[13:41:12] <gakkethijs> dat is de you :P
[13:41:16] <jasper> (dit was waar ik me gister mee bezig hield: http://www.mobileread.com/forums/showpost.php?p=3288273&postcount=732 )
[13:41:19] <Escovan> Google vindt het vooral leuk als je doet wat met google te maken heeft. En W3C volgt.
[13:41:22] <moto-moi> ik dacht dat je tegen mij praatte :(
[13:41:38] <gakkethijs> waarom zou ik dat doen moto-moi ?
[13:41:54] <moto-moi> omdat je me lief vindt? *knippert met oogjes*
[13:42:30] * Hooglander1 geeft moto-moi wat plakwimpertjes
[13:42:34] * gakkethijs aait moto-moi 
[13:42:53] * moto-moi geeft de plakwimpers door aan Lin
[13:42:55] * moto-moi purrs
[13:44:02] * moto-moi is now playing Icona Pop - I Love It (feat. Charli XCX) - Original Version
[13:46:49] * Escovan maakt notitie van moto-moi zijn muziek smaak. 
[13:47:07] <Escovan> Hmm dit is afwijkend.
[13:47:22] <gakkethijs> heel moto-moi  is toch afwijkend? :)
[13:47:30] <moto-moi> tss...
[13:47:36] <gakkethijs> daarvoor zit ie hier
[13:48:04] <moto-moi> tis meer dat ik te lui ben om mensen over proberen te krijgen naar slack ofzo :P
[13:48:47] <gakkethijs> is dat een soort icq?
[13:49:23] <moto-moi> dunno, schijnt hip te zijn en iets qua chatten met groepjes ofzo
[13:49:43] <gakkethijs> iewl hip
[13:49:46] <rawplayer> slack
[13:49:47] <rawplayer> loll
[13:50:06] <gakkethijs> kost geld
[13:50:09] <Matthew> we gebruiken het @ work, wel leuk 
[13:50:20] <moto-moi> afaik kan het wel gratisch?
[13:50:22] <Matthew> si
[13:50:51] <Matthew> je kan dan maar 10k of 100k regels terug lezen
[13:51:15] <moto-moi> daar is vast ook wel een logbot voor te vindne
[13:51:30] <Matthew> enkel een issue als je er met heel veel op zit en info deelt die je later terug wilt kunnen vinden
[13:51:33] <Matthew> uhu
[13:51:55] <Matthew> het was slack of skype voor bedrijven ;r
[13:51:55] *** Joins: Jose (AndChat492@ip-81-11-224-248.dsl.scarlet.be)
[13:52:06] <Hooglander1> Niks mis met lync
[13:52:44] <Matthew> behalve dat de admin aan gesprekken kan bargen en meelezen?
[13:52:48] <Matthew> kan het verkeerd hebben
[13:53:01] <gakkethijs> dan sla je hem op zijn bakkes
[13:53:01] <Hooglander1> Och
[13:53:05] <Hooglander1> Veel plezier daarmee
[13:53:06] <Matthew> :D
[13:53:12] <Hooglander1> Met 230k werknemers
[13:53:13] *** Joins: Anthor (Anthor@cust.7.103.adsl.cistron.nl)
[13:53:18] <Hooglander1> :D
[13:53:19] <Matthew> hehe
[13:53:19] *** Parts: Jose (AndChat492@ip-81-11-224-248.dsl.scarlet.be) ()
[13:53:32] <Hooglander1> Het interesseert me echt geen reet als men mee wil lezen, doen ze dat toch lekker
[13:53:32] *** Joins: Jose_Orinoko (AndChat492@ip-81-11-224-248.dsl.scarlet.be)
[13:53:37] <Matthew> zet er een data mining stagair op!
[13:54:56] <gakkethijs> of nog beter
[13:55:00] <gakkethijs> outsource het
[13:55:05] <Hooglander1> Whehehe
[13:55:15] <Hooglander1> Een data mining stagiar in India
[13:55:59] <Matthew> :D
[13:57:13] <gakkethijs> krijg je precies wat je vraagt
[13:58:09] <Hooglander1> Ahuh
[13:58:21] <Hooglander1> Do the needful
[13:58:44] *** Joins: Virtual (borgirc@541C8CA4.cm-5-5c.dynamic.ziggo.nl)
[14:03:14] <jasper> dat de admin mee kan lezen is toch preceis het doel van bedrijfschat?
[14:03:30] <jasper> dat zal bij slack ook wel kunnen
[14:06:52] <Escovan> hmmm mijn plant al tijden slecht gewaterd
[14:06:58] <Escovan> maar hij staat nog stevig
[14:07:06] <Escovan> pas maar op dat hij niet radicaliseert
[14:07:11] <Escovan> wordt het een vleesplant
[14:07:30] <rawplayer> jasper mrt slack dacht ik aan slackware
[14:07:34] <rawplayer> :s
[14:07:43] <moto-moi> ja, ik ook de eerstre keer dat ik het hoorde :D
[14:07:43] <rawplayer> ik vond het gesprek al wst raar
[14:07:44] <rawplayer> :p
[14:07:52] <moto-moi> maar patrick kan nooit zoiets moderns verzinnen volgens mij :+
[14:08:08] *** Joins: Tomcat_hatt (user@193.107.221.57)
[14:09:32] *** Quits: boy_yonder (Seb@82-169-222-71.ip.telfort.nl) (Exit)
[14:12:53] *** Joins: heimsheim (martijnsou@ip251-126-211-87.adsl2.static.versatel.nl)
[14:15:59] *** Quits: heimsheim (martijnsou@ip251-126-211-87.adsl2.static.versatel.nl) (Exit)
[14:31:17] <jasper> heh
[14:31:23] <jasper> heeft bij mij ook een tijd geduurd idd
[14:32:39] <Jeroen> sowieso
[14:32:52] <Jeroen> waarom zou je je pakket vernoemen naar een gewoon niet-obscuur woord
[14:33:08] <Jeroen> handig voor je vind- en herkenbaarheid
[14:34:30] *** Quits: Remco (remco@r3m.co) (Ping timeout: 60 seconds)
[14:38:30] *** Joins: Remco (remco@r3m.co)
[14:40:20] <Svardskampe> Dit overkwam mij net, wat je wel niet op marktplaats tegenkomt
[14:40:21] <Svardskampe> http://imgur.com/a/OBem0
[14:42:09] <jasper> Jeroen: Ik vind het ook vooral gek dat je als een corporate-oriented pakket jezelf een anam geeft die impliceert dat je werknemers het gebruiken om niet-te-werken
[14:42:40] <Jeroen> ook dat
[14:44:01] <jasper> seems to be working for 'em though
[14:47:26] <Sponge> Svardskampe: Marktplaats is best wel vaag qua mensen tegenwoordig
[14:47:32] <Sponge> vooral leest niemand meer
[14:47:54] <Hooglander1> Je druk maken over mensen op marktplaats
[14:48:02] <Hooglander1> You must be new
[14:48:04] <Svardskampe> ik maak mij niet druk
[14:48:19] <Svardskampe> ik vond het wel speciaal noteworthy hoe grof iemand kan zijn :p
[14:48:21] <Svardskampe> ipv mij gewoon te negeren
[14:49:12] *** boekee is now known as boekee_away
[14:49:16] <Svardskampe> eerlijk gezegd heb ik nog nooit een supernegatieve ervaring gehad als dit
[14:49:22] <Hooglander1> Ik genoeg
[14:49:24] <Svardskampe> mensen kunnen misschien kort en snel zijn
[14:49:29] <Svardskampe> maar goed
[14:49:31] <Svardskampe> prima
[14:49:35] *** boekee_away is now known as boekee
[14:57:24] *** Joins: Chiron (chiron@ip5652834f.adsl-surfen.hetnet.nl)
[15:03:32] *** Quits: MysterX (MysterX@5468E798.cm-12-1d.dynamic.ziggo.nl) (Ping timeout: 61 seconds)
[15:06:32] *** Joins: fee-tje (fee-tje@137-109-201-31.ftth.glasoperator.nl)
[15:08:02] *** Joins: chem (chem@ppp-58-11-21-225.revip2.asianet.co.th)
[15:13:12] *** Joins: MysterX (MysterX@5468C220.cm-12-1d.dynamic.ziggo.nl)
[15:16:56] *** Quits: Chiron (chiron@ip5652834f.adsl-surfen.hetnet.nl) (Ping timeout: 60 seconds)
[15:18:29] *** Joins: Chiron (chiron@ip5652834f.adsl-surfen.hetnet.nl)
[15:21:21] *** Quits: MysterX (MysterX@5468C220.cm-12-1d.dynamic.ziggo.nl) (Ping timeout: 61 seconds)
[15:29:43] *** Joins: MysterX (MysterX@5468C220.cm-12-1d.dynamic.ziggo.nl)
[15:33:41] <Matthew> Svardskampe, ga eens snel terug naar #thenetherlands 
[15:34:09] <Svardskampe> zit ik ook ja :p
[15:37:22] *** Quits: Virtual (borgirc@541C8CA4.cm-5-5c.dynamic.ziggo.nl) (Connection reset by peer)
[15:41:34] *** Quits: Chiron (chiron@ip5652834f.adsl-surfen.hetnet.nl) (Exit)
[15:41:50] <Matthew> kleine wereld he, internet
[15:43:52] <Svardskampe> eigenlijk wel, ben al meerdere mensen op meerdere plekken na jaren weer tegengekomen
[15:48:01] *** Joins: Arno (arno@541B0FEB.cm-5-4a.dynamic.ziggo.nl)
[15:48:01] *** ChanServ sets mode: +o Arno
[15:48:58] *** Quits: chem (chem@ppp-58-11-21-225.revip2.asianet.co.th) (Exit)
[15:49:55] *** Joins: chem (chem@ppp-58-11-21-225.revip2.asianet.co.th)
[15:53:17] <Escovan> Is dode-lijk nou wel of niet een pleonasme?
[16:02:19] <Resistor> Moge-lijk is het kinder-lijk.
[16:09:28] <chem> https://www.reddit.com/r/thenetherlands/comments/4ca5so/is_het_waar_dat_icters_op_hun_werk_niet_veel_doen/
[16:09:29] <chem> shit
[16:09:31] <chem> ze hebben ons door
[16:10:12] <Escovan> wij zijn gewoon te goed in automatiseren
[16:10:26] <Escovan> daarom vragen die Amerikanen ook een Nederlander als het goed moet.
[16:16:47] <Hooglander1> Net de kat zijn nagels geknipt
[16:16:52] <Hooglander1> Ging best eenvoudig nog
[16:17:06] <Spacecowboy> en je ogen zitten er ook nog in?
[16:17:23] <Hooglander1> Yeah
[16:17:37] <chem> net een tantrum overleefd van mini-me
[16:17:46] <Spacecowboy> krijg het bij die van ons niet voorelkaar
[16:17:48] <Escovan> En je hebt geen pleisters nodig Hooglander1 
[16:17:48] <chem> ws meer werk dan kattennagels :P
[16:17:51] <Escovan> ?
[16:17:59] <Spacecowboy> dus dat mag de dierenarts fijn doen 
[16:18:19] <Hooglander1> De truc is hem op zijn rug leggen en hem op mijn vuist laten knauwen Spacecowboy 
[16:18:29] <Hooglander1> Dan vind ie alles wat er aan zijn nagels gebeurt prima
[16:18:37] <chem> heb je zo'n straight-jacket voor je kat?
[16:18:47] <chem> tsk, beetje je kat KO slaan met je vuist
[16:18:56] <chem> vind je jezelf wel stoer zeker
[16:19:22] <chem> http://i.imgur.com/c43yxil.gifv wat kan er misgaan
[16:19:53] <Spacecowboy> die van ons krijg ik niet eens op zn rug :+
[16:20:02] <Spacecowboy> dan hangen de vellen dr al bij
[16:20:09] <Spacecowboy> en hij is groot
[16:20:09] <Spacecowboy> dik
[16:20:12] <Spacecowboy> en sterk
[16:20:19] <chem> ...je moeder...
[16:20:25] <jasper> chem: "here, hold my beer and watch this!"
[16:20:42] <chem> jasper https://www.reddit.com/r/Whatcouldgowrong/
[16:20:49] <Spacecowboy> lol
[16:20:53] <Hooglander1> Maarre minime is niet meer zo Mini of wel :D
[16:20:58] <chem> of https://www.reddit.com/r/holdmybeer/
[16:21:10] <chem> Hooglander1 ghe, nee hij is flink aan het groeien
[16:21:14] <chem> moet hem eens opmeten
[16:21:19] <chem> maar damn wat kan-ie sterk zijn
[16:22:03] <chem> Spacecowboy en jasper dwalen af in /top van 2 subreddits
[16:22:09] *** Joins: Gnt (Gnt@dhcp-089-098-143-151.chello.nl)
[16:22:26] <Spacecowboy> :D
[16:22:36] <Gnt> hoi
[16:26:08] <Hooglander1> chem: en dan met al zijn kracht dingen niet willen :+
[16:26:24] <chem> Hooglander1 zoals douchen, of eten, of $whatever
[16:26:56] <Hooglander1> $watpapawildatikdoe
[16:27:52] <chem> moeten jullie niet werken trouwens?
[16:28:20] <chem> morgen wordt ook een feest, vlucht naar manila om 0:40, landen om 5h en vervolgvlucht om 12h
[16:28:34] <chem> kill me now met een kind dat niet/nauwelijks slaapt en dús de volgende dag ook niet
[16:28:39] <chem> en dan moet ik ook nog gaan duiken
[16:28:49] <Hooglander1> 2e Paasdag schatje
[16:28:53] <Hooglander1> Werken is voor losers
[16:29:20] <chem> je bedoelt tozzert ?
[16:29:44] <Hooglander1> Nee Jeroen 
[16:29:46] <jasper> chem: je hebt straks een sasbbartical nodig om uit te rusten van je vakantie
[16:30:02] <chem> ja erg he
[16:30:11] <chem> gelukkig nemen we nog een maand vrij aan het eind, thuis
[16:30:16] <chem> net mail van de buurman
[16:30:28] <chem> wiens schuur aan het wegrotten is, en het is ineens onze schuld
[16:30:35] <Hooglander1> Het is ook niet echt vakantie, eerder reizen
[16:30:38] <chem> had je hem 10 jaar geleden maar moeten beitsen, enzo
[16:31:28] <Hooglander1> En hoe is het jullie schuld dan
[16:32:06] <Hooglander1> Vrouw wilde wel film kijken vandaag
[16:32:13] <Hooglander1> Geloof de film van de binnenkant van haar ogen :)
[16:32:20] <chem> hehe
[16:32:35] <Hooglander1> Vannacht kut geslapen en Vanochtend alweer gevlogen
[16:34:10] *** Quits: chem (chem@ppp-58-11-21-225.revip2.asianet.co.th) (Exit)
[16:34:21] *** Joins: Wasbak (Mibbit@095-096-019-149.static.chello.nl)
[16:34:50] <Hooglander1> Kutlanding met windstoten
[16:37:13] *** Quits: Gnt (Gnt@dhcp-089-098-143-151.chello.nl) (Client exited)
[16:42:37] *** Joins: Guyver2 (Guyver2@guyver2.xs4all.nl)
[16:44:18] *** Joins: Smileface (alexander@25bc408b.ftth.concepts.nl)
[16:44:58] *** Joins: boy_yonder (Seb@82-169-222-71.ip.telfort.nl)
[16:45:56] *** Quits: Wasbak (Mibbit@095-096-019-149.static.chello.nl) (Exit)
[16:49:11] *** Quits: Resistor (Resistor@ip5456d91b.speed.planet.nl) (Connection reset by peer)
[16:50:54] *** Joins: Wasbak (Mibbit@095-096-019-149.static.chello.nl)
[16:53:19] *** Joins: chem (chem@ppp-58-11-21-225.revip2.asianet.co.th)
[16:53:58] <chem> Hooglander1 het is dus onze schuld omdat we ! 1,5j geleden de oude schuur hebben gesloopt, nieuwe hebben neergezet en ~ 1 m2 aan dak het regenwater naar beneden laat kletteren, wat gedeeltelijk tegen hun schuurmuur aankomt
[16:54:10] <chem> maar die muur is dus al 10j ofzo aan het wegrotten
[16:54:27] <chem> zij denken dat dit de oorzaak is, voor ons is het toevallig nu zo
[16:54:38] <Hooglander1> Pfft
[16:54:43] <Hooglander1> Moelukke buren
[16:55:03] <chem> yeah, enorm op een mail zitten zwoegen, nog niet gestuurd
[16:55:16] <chem> het hele debakel komt ook door onze beider vorige eigenaren
[16:55:30] <chem> die hebben een schuur tegen een andere schuur gebouwd, en niet alles gebeitst
[16:55:36] <Hooglander1> Maar waar gaat het om, paar honderd ekkies of zo?
[16:55:42] <Hooglander1> Seriously, wat een gezeik
[16:55:57] *** Quits: Wasbak (Mibbit@095-096-019-149.static.chello.nl) (Exit)
[16:56:07] <chem> mjah ze kunnen er niet bij, er is geen ruimte genoeg tussen de 2 schuren
[16:56:09] <chem> maar ja
[16:56:11] <chem> dan had je maar...
[16:56:49] <chem> de rest van de schuur is nog prima, maar ook dat beitswerk is al (te) oud
[16:56:56] <chem> had al jaren gedaan moeten worden
[16:58:27] <Hooglander1> Tjah
[16:58:37] <Hooglander1> Maar de tering zeg, fiz het dan gewoon
[16:58:42] <Hooglander1> Ipv neuzelen permail
[17:00:16] *** Joins: Resistor (Resistor@ip5456d91b.speed.planet.nl)
[17:00:57] *** Joins: Wasbak (Mibbit@095-096-019-149.static.chello.nl)
[17:01:03] <chem> morgen m'n mail nog eens heroverwegen en dan :w
[17:03:20] <Hooglander1> Ik wil nooit buren :+
[17:03:23] <Hooglander1> Gezeik altijd
[17:03:56] *** Quits: Teckna (jonathan@3E91CA75.cm-13.dynamic.ziggo.nl) (Ping timeout: 67 seconds)
[17:05:25] *** Quits: Egocentrix (Reinout@524BEB05.cm-4-4d.dynamic.ziggo.nl) (Connection reset by peer)
[17:05:28] *** Quits: Wasbak (Mibbit@095-096-019-149.static.chello.nl) (Exit)
[17:08:06] <chem> check.
[17:08:43] <gakkethijs> lekker boeiend chem   dakgoot maken en klaar
[17:09:03] <gakkethijs> of nog beter je metselt een schutting strak op de erfgrens
[17:09:15] <chem> gakkethijs te weinig ruimte, en het hout van hun schuur is al compleet verrot
[17:09:34] *** Quits: Hoogvlieger (Hoogvliege@ip41-37-211-87.adsl2.static.versatel.nl) (Exit)
[17:09:36] <gakkethijs> je schuur staat toch ~1m van de grens?
[17:09:45] <chem> ~ 3cm ja
[17:09:49] <gakkethijs> oo dan
[17:10:05] <gakkethijs> dan timmer je het af
[17:10:06] <gakkethijs> zie je het niet
[17:10:09] <gakkethijs> opgelost
[17:10:24] <chem> kan niet, je kan er niet bij :P
[17:10:35] <gakkethijs> kan altijd
[17:10:35] <chem> nieuwe schuur staat er 3cm vanaf ofzo, je kan niet meer bij die planken
[17:10:40] <chem> kon daarvoor ook al niet
[17:10:47] <gakkethijs> waar een wil is
[17:10:48] <chem> ja ok, vanuit hun schuur van binnen
[17:13:01] <Hooglander1> Toen je de oude weghaalde niet ff gebeitst dan?
[17:13:04] <Hooglander1> Das wel een beetje dom
[17:13:34] <chem> nee want de vorige eigenaar wist het,
[17:13:44] <chem> en het was echt gruwelijk rot, hoe die schuur niet al blank stond...
[17:13:53] <chem> dus we dachten dat ze het al wisten
[17:14:44] <gakkethijs> lekker belangrijk moet je maar of geen schuur van hout maken of impregneren
[17:15:18] <chem> dat is onze mening dus ook; dat wij een schuur vervangen hebben moeten we zelf weten
[17:15:54] <gakkethijs> lekker laten gaan
[17:16:01] <gakkethijs> hadden ze zich maar moeten melden
[17:17:08] <tobias> ik zou dr ook niks over mailen
[17:17:13] <tobias> laat de rijdende rechter maar komen
[17:17:19] <tobias> komt over 6mnd wel als je weer in .nl bent
[17:18:11] <Hooglander1> Ja dat ja :D
[17:18:14] <gakkethijs> die mafkees? :P)
[17:18:15] <gakkethijs> omg
[17:18:23] <Hooglander1> Wat stond er in de Mail van de buur dan?
[17:18:29] <Hooglander1> Daadwerkelijk een vraag ?
[17:18:33] <gakkethijs> ik zal eerst eens beginnen met je kavel te laten inmeten door het kadaster
[17:18:38] <gakkethijs> kan je vaak al lachen of huilen
[17:19:41] <Nakebod> als ik nu al lees dat het op 3 CM van de grens staat.. dan zal de uitspraak vast zijn dat alles verplaatst mag worden. Weinig gemeentes waar dat zo dicht op de grens mag
[17:19:49] <gakkethijs> nee hoor
[17:19:52] <gakkethijs> het moet juiste
[17:20:03] <gakkethijs> of minimaal mmaat x ervanaf
[17:20:15] <gakkethijs> en aan het herbouw is maakt het ook niet uit
[17:21:52] *** Quits: chem (chem@ppp-58-11-21-225.revip2.asianet.co.th) (Ping timeout: 60 seconds)
[17:22:32] *** Joins: chem (chem@ppp-58-11-21-225.revip2.asianet.co.th)
[17:26:03] <tobias> Nakebod: niet als het een tussenerfgrens is waar al een schuur van de buurman op 3cm stond
[17:26:11] <tobias> dan is het juist prima om daar een blokkie tegenaan te zetten meestal
[17:32:11] <Hooglander1> Als het er al lang staat boeit het sowieso niet meer
[17:36:53] <chem> Nakebod schuur van de buren staat 0 cm van de erfgrens he
[17:37:08] <chem> de oude schuren waren tegen elkaar gemonteerd
[17:39:57] <tobias> dus het probleem is eigenlijk dat ze nu zien dat de shit rot is
[17:40:04] <tobias> en de boel niet door jouw rotte schuur omhoog gehouden wordt
[17:56:08] <Hooglander1> Eigenlijk is er helemaal geen probleem
[17:56:18] <Hooglander1> "Mijn Rotte hok is Rot!!!!111"
[17:56:48] <chem> het enige probleem is dat het buren zijn
[17:57:55] <Hooglander1> Komende 9 maanden they aint
[17:59:29] <gakkethijs> wel stelletje helden btw
[18:00:47] *** Joins: Tweaker_7392 (Mibbit@d54C6E6AC.access.telenet.be)
[18:01:14] *** Quits: Tweaker_7392 (Mibbit@d54C6E6AC.access.telenet.be) (Exit)
[18:04:41] *** Quits: chem (chem@ppp-58-11-21-225.revip2.asianet.co.th) (Exit)
[18:11:04] *** Joins: Teckna (jonathan@3E91CA75.cm-13.dynamic.ziggo.nl)
[18:19:15] *** Joins: Tweaker_7608 (Mibbit@a82-161-119-252.adsl.xs4all.nl)
[18:20:30] *** Quits: Tweaker_7608 (Mibbit@a82-161-119-252.adsl.xs4all.nl) (Exit)
[18:21:25] *** Joins: DX|Takamina (Mibbit@82-170-83-239.ip.telfort.nl)
[18:23:01] *** Joins: DinX (DinX___@ptr-2hj4tblnzznadncci2wd4ybcf.ip6.access.telenet.be)
[18:23:14] <DinX> moto-moi, stubru
[18:23:58] *** Joins: Tweaker_0015 (Mibbit@xs4x.net)
[18:28:10] <moto-moi> DinX: ik las het ja :)
[18:28:29] *** Joins: kees (kees@office.tweaknet.net)
[18:29:54] <DinX> hatebreed, ghost, sabaton
[18:30:00] <DinX> leuke lijst zo lang ik al luister :)
[18:30:19] <kees> zo, stevige woei vandaag op de snelweg
[18:30:32] <kees> ik heb een bocht naar rechts moeten nemen met het stuur naar links
[18:30:39] <boekee> Hehe.
[18:30:44] <DinX> moet je eens met de motor doen zulk weer
[18:30:46] <DinX> :X
[18:31:01] <kees> vrij aparte ervaring iig :P
[18:31:12] <moto-moi> been there, done that
[18:31:35] <moto-moi> en dan op een gegeven moment besluiten 'fuck it, ik ga no way in hell van baan wisselen in  deze wind' :+
[18:31:40] * DinX stuitert
[18:31:57] <tobias> och, ik heb vandaag een proefrit gemaakt in een andere auto :+
[18:31:57] <kees> op een gegeven moment was baan wisselen heel makkelijk
[18:32:03] <kees> gewoon rechtdoor sturen
[18:32:05] *** Quits: Smileface (alexander@25bc408b.ftth.concepts.nl) (Exit)
[18:32:09] <boekee> Mijn werkbusje met imperiaal is een leuk speeltje vandaag voor mr. wind
[18:32:20] *** Quits: erratic (erratic@ip-206-125-168-70.netcrave.io) (Exit)
[18:32:22] <tobias> bij het nakijken van de auto het ding maar ff anders neergezet want anders zou vrees ik de deur eruit waaien
[18:32:30] <tobias> snuit in de wind is dan wat slimmer :+
[18:33:26] * DinX mosht met moto-moi 
[18:36:34] * moto-moi duwt DinX terug naar het podium
[18:37:15] <tobias> mooie passat maar ze wilden er teveel poen voor
[18:40:12] <kees> -teveel-
[18:41:09] *** Quits: Tweaker_0015 (Mibbit@xs4x.net) (Exit)
[18:41:26] *** Quits: DX|Takamina (Mibbit@82-170-83-239.ip.telfort.nl) (Exit)
[18:48:43] <Hooglander1> Een Passat ja tobias ? :D
[18:49:22] <tobias> mja, want een bmw 320i kan ik niet betalen
[18:49:26] <tobias> en een zinnige merc ook niet
[18:52:12] <kees> deze merc is maar 250 euro: https://www.autotrack.nl/tweedehands/mercedes-benz/190-serie/13393818
[18:52:36] <tobias> essentieel keyword gemist kees 
[18:52:42] <kees> :P
[18:53:09] <tobias> dat dat ding nog op kenteken staat
[18:53:12] <tobias> fucking zonde van je geld :D
[18:54:26] *** Joins: erratic (erratic@ip-206-125-168-70.netcrave.io)
[18:57:15] *** Joins: DX|Takamina (Mibbit@82-170-83-239.ip.telfort.nl)
[18:58:17] <Hooglander1> Maar een Passat is dan wel weer het toppunt tobias 
[18:58:21] <Hooglander1> (Van degelijkheid)
[18:58:43] <gakkethijs> wat moet je met dat formaat auto zonder 3 kinderen en 2 honden
[18:59:03] <Hooglander1> Batsen achterin
[19:00:03] <tobias> gakkethijs: enorm op vakantie zonder dat je de shit met het zweet in je naad tot op het plafond moet stapelen
[19:00:18] <gakkethijs> top tip huur een bus
[19:00:21] <gakkethijs> rly
[19:00:24] <tobias> niet met piepende oren van de brakke 1.4 turbodiesel aankomen in zuidfrankrijk
[19:00:26] <Hooglander1> Daar is het vliegtuig voor uitgevonden
[19:00:28] <tobias> iets met airco
[19:00:28] <Hooglander1> :+
[19:00:37] <tobias> iets met cruisecontrol
[19:00:39] <Hooglander1> Whehe
[19:00:44] <Hooglander1> Ja okeej, puntjes
[19:00:49] *** Prof_Away^^ is now known as Prof_NaPo^^
[19:00:49] <gakkethijs> ik heb een caddy geleend voor auto kampeer vak
[19:00:51] <Hooglander1> Airco had ik vroegah al
[19:00:55] <tobias> en als ik nu iets ga kopen ga ik geen fucking fiesta kopen :)
[19:01:02] <gakkethijs> why not?
[19:01:03] <Hooglander1> Maar Cruise control en geluid was wel een argument ja
[19:01:11] <Hooglander1> Ik ging naar huis met een punto evo tobias :P
[19:01:16] <tobias> omdat we heus kids willen en ik niet voor een jaar of 2 een auto koop
[19:01:24] <tobias> en ga maar es met zo'n poepfabriek op vakantie
[19:01:27] <tobias> je propt je helemaal lens
[19:01:31] <Hooglander1> Al eens gekeken naar een Fabia?
[19:01:33] <Hooglander1> Of Octavia?
[19:01:38] <gakkethijs> tobias, sinds wanneer mogen jullie kinderen van ons?
[19:01:39] <Hooglander1> Die dingen zijn erg ruim
[19:01:42] <Hooglander1> En kosten geen reet
[19:01:42] <tobias> mja, fabia vind ik relatief klein - wordt dan een octaviaarg
[19:01:52] <Hooglander1> Fabia Combi ook al gecheckt?
[19:01:55] <gakkethijs> van mijn gf mag ik geen fabia
[19:01:56] <tobias> mwah, zijn 2e hands niet heel cheap vergeleken met een duitser
[19:01:58] <gakkethijs> vind ze te lelijk
[19:02:04] <moto-moi> seat of skoda idd, net zo hard volkswagen met een betere prijs
[19:02:06] <tobias> ja, ik vind de fabia combi niet zo groot en niet mooi
[19:02:15] <Hooglander1> Dat laatste klopt :+
[19:02:15] <tobias> octavia is al beter
[19:02:21] <tobias> korte neusje van de fabia is meh
[19:02:26] <tobias> (zelfde heb ik met de Golf station)
[19:02:51] <Hooglander1> Het is niet dat VAG tegenwoordig nog kwaliteit is trouwens moto-moi 
[19:02:56] <tobias> maar Hooglander1 probleem is een beetje dat de leuke modellen skoda nog te jong zijn
[19:02:59] <Hooglander1> Die cijfers zijn echt niet goed
[19:03:05] <tobias> dus in jaartal vanaf 2006 kom je er niet veel tegen
[19:03:07] <moto-moi> mwah, mijn ibiza is redelijk onverwoestbaar heb ik het idee
[19:03:08] <Hooglander1> Wat heb je te verbranden?
[19:03:11] <Hooglander1> 8k of zo?
[19:03:11] <tobias> 8k max
[19:03:14] <Hooglander1> \0/
[19:03:26] <tobias> liever 7k met inruil van mn 206 (die bij inruil ~750 piek oplevert)
[19:03:26] <gakkethijs> bezine tobias ?
[19:03:29] <tobias> dus 7750
[19:03:30] <Hooglander1> Megane station?
[19:03:40] <Hooglander1> Megane 3 phase 1 zeg maar
[19:03:47] <kees> mijn 308 was 2 jaar terug ook 8k
[19:03:47] <tobias> ja; benzine; liever niet frans; <175kkm, >2006, airco, abs, klapzakken
[19:03:54] <Hooglander1> Waarom niet Frans?
[19:03:54] <gakkethijs> die staat ook op mijn shortlist  Hooglander1 
[19:04:17] <gakkethijs> tobias,  andere tip als je toch een family kar wil
[19:04:17] <gakkethijs> focus
[19:04:19] <Hooglander1> Vind dat zo'n onzinargument
[19:04:27] <tobias> Hooglander1: ik vind het geen mooie wagens, heel veel rond bodywork en heel veel plastic en heel veel nietfunctioneel
[19:04:28] <gakkethijs> rijdt ook nog eens fijn
[19:04:41] <Prof_NaPo^^> net zoals kilometerstand Hooglander1 ;)
[19:04:42] <gakkethijs> als is het dashboard van een ouwere focus drama
[19:04:43] <tobias> gakkethijs: mja, en die zijn er dus nauwelijks in deze requirement
[19:04:50] <gakkethijs> maar diesel of beine?
[19:04:54] <tobias> same for passats
[19:04:54] <tobias> bezine
[19:04:54] <Hooglander1> Zeg dan gewoon dat je bepaalde auto's uitsluit, maar niet Frans is een beetje raer
[19:05:02] <gakkethijs> oo
[19:05:04] <gakkethijs> da moe toch lukken?
[19:05:12] <tobias> Hooglander1: ik vind de nieuwe reeks peug niet mooi, ik vind meganes hondenhokken
[19:05:17] <tobias> (net als opel astra btw)
[19:05:20] <Hooglander1> Fair enough :P
[19:05:22] <Hooglander1> Maarre
[19:05:30] <Hooglander1> Zo te lezen wil je een passat
[19:05:30] <Hooglander1> :+
[19:05:32] <tobias> bij een megane denk ik altijd dat ik een auto heb die 10 jaar ouder is dan ie is)
[19:05:45] <Hooglander1> Maar die kan je niet betalen :+
[19:05:46] <gakkethijs> vind ik met de nieuwe wel meevallen
[19:05:51] <tobias> gakkethijs: ja, de nieuwe
[19:05:56] <gakkethijs> nee niet de aller nieuweste
[19:05:59] <tobias> maar die uit 2006 zouden zo uit 1996 kunnen komen
[19:06:01] <gakkethijs> maar de generatie ervoor
[19:06:08] <Hooglander1> 2008 moet je kijken
[19:06:10] <Hooglander1> Megane 3
[19:06:23] <tobias> mja, ik zoek 'vanaf 2006' en daar kom ik die meganes niet in tegen
[19:06:26] <tobias> aka, niet te betalen
[19:06:47] <gakkethijs> dacia optie?
[19:06:55] <tobias> opzich wel
[19:06:56] <Hooglander1> https://upload.wikimedia.org/wikipedia/commons/thumb/7/75/Renault_Mégane_III_Phase_I_Fünftürer_1.6_16V_110_Dynamique_Perlmuttschwarz.JPG/1280px-Renault_Mégane_III_Phase_I_Fünftürer_1.6_16V_110_Dynamique_Perlmuttschwarz.JPG
[19:06:59] <Hooglander1> Deze
[19:07:11] <tobias> hmja
[19:08:01] <tobias> blijkbaar is 8k best een kutklasse om in te shoppen :P
[19:08:20] <Hooglander1> Jups
[19:08:26] <Hooglander1> Je kan net niet kopen wat mooi is
[19:08:31] <Hooglander1> Btdt
[19:08:47] <tobias> naja de autoverkoper van vandaag had ook een houding van likmereet
[19:08:52] <tobias> letterlijk geen euro afgedaan
[19:09:11] <Hooglander1> Waarom zou hij, als hij hem toch wel kwijtraakt
[19:09:13] <tobias> like als ik 7k bied en hij er 7595 voor wil hebben
[19:09:17] <tobias> dan ga je toch een tegenbod doen
[19:09:20] <Hooglander1> €750 is hoog ingeschat voor je Peugeot btw
[19:09:23] <tobias> 'ja ik moet dit er toch echt voor hebben'
[19:09:34] <tobias> neuh, ze staan voor ~1200 op marktplaats Hooglander1 
[19:09:43] <tobias> ook de x-line skinny uitgevoerd
[19:09:46] <tobias> aka 0-option
[19:09:52] <tobias> 'met remmen en lampen'
[19:09:58] <Prof_NaPo^^> marktplaats vs bedrijf
[19:10:02] <Prof_NaPo^^> zit altijd een ferm verschil tussen
[19:10:02] <Hooglander1> Vind het erg fors
[19:10:18] <tobias> Prof_NaPo^^: dat realiseer ik me
[19:10:23] <tobias> maar dat betekent dus dat er wel marge is voor die vent
[19:10:32] <tobias> maar hij rekent ook 395 'afleverklaarmaken'
[19:10:42] <Hooglander1> Garantie kopen dus :+
[19:10:53] <tobias> nja ik weet het niet
[19:12:17] <tobias> maar idd, ik heb nu in een passat gereden en nu kijk ik bijv naar foto's van een clio station en dan krijg ik al direct claustrofobie :D
[19:12:33] *** Joins: Ik (robin@5419F052.cm-5-2d.dynamic.ziggo.nl)
[19:12:43] <Prof_NaPo^^> :D
[19:12:50] <Hooglander1> Tjah...
[19:13:09] <Hooglander1> Doet je hut niet aan lease-gebakjes trouwens?
[19:13:09] *** Joins: ravenger (textual@ravenger.xs4all.nl)
[19:13:13] <Hooglander1> Ook nog een leuke optie
[19:13:31] <tobias> Hooglander1: ik heb niet zoveel reden om een leasebak te krijgen (woon 5min fietsen verderop en ga vrijwel nooit naar een klant)
[19:13:39] <tobias> dus dan moet ik 'm 100% zelf betalen en dat is nooit cheaper :)
[19:13:50] <Hooglander1> Reden kan ook zijn als een benefit
[19:14:03] <tobias> mja, doen ze niet aan ivm scheve blikken
[19:14:28] <Hooglander1> Begrijpelijk
[19:14:38] <gakkethijs> en lease maar eens een passat
[19:14:49] <Hooglander1> Dan kan je ook een Octavia leasen
[19:14:54] <Hooglander1> Een nieuwe ziet er best OK uit
[19:15:15] <Hooglander1> Al eens gekeken wat er bij leaseplan Occasions staat tobias m
[19:15:16] <Hooglander1> ?
[19:15:22] <Hooglander1> Altijd goed ter inspiratie imo
[19:15:39] <gakkethijs> zijn altijd prijzig
[19:16:42] <gakkethijs> http://www.autowereld.nl/alfa-romeo/159/1-8-mpi-16v-sw-distinctive-nap-leder-clima-17657050/details.html
[19:16:44] <gakkethijs> instappen
[19:17:03] <tobias> een alfa?!
[19:17:16] <Hooglander1> Mooie dingen
[19:17:23] <gakkethijs> 159 is geen slechte auto
[19:17:37] <Hooglander1> Een van de weinige alfas die niet slecht was geloof ik
[19:17:52] <tobias> hm ok :)
[19:17:56] <gakkethijs> http://www.autotrader.nl/auto/mitsubishi-lancer/2007/almelo/77tkv/mitsubishi-lancer-wagon-16-inform/
[19:17:59] <tobias> ik lees hier: Ze is recent voorzien van een nieuwe distributieriem en ze heeft pas ook nog zeer groot onderhoud gehad.
[19:18:03] <tobias> :-)
[19:18:11] <gakkethijs> ik zie honderden opties tobias 
[19:18:54] <gakkethijs> een fatsoenlijke passat eigenlijk niet
[19:20:11] <tobias> mjup
[19:20:14] <Hooglander1> VAG is te prijsvast, dat nekt je als je ze met deze leeftijd zoekt
[19:20:27] <Hooglander1> Een ander merk met dezelfde spexs is zo €2k minder
[19:20:50] <gakkethijs> meer zelfs
[19:21:05] <gakkethijs> als je opties gaat vergelijken
[19:21:08] <tobias> ik hoef niet perse minder uit te geven - dat geef ik liever wel uit in luxe, comfort, ruimte, features
[19:22:02] <gakkethijs> http://www.autotrader.nl/auto/ford-c-max/2008/beerzerveld/6p7wj/ford-c-max-18-16v-titanium-clima-navi-pdc/
[19:22:06] <gakkethijs> meteen hoge instap
[19:22:09] <gakkethijs> ben je voor 30jr klaar
[19:22:09] <tobias> opzich is die alfa wel leuk :)
[19:22:13] <tobias> lol een c-max, nope
[19:22:14] <tozzert> alfa
[19:22:18] <gakkethijs> :P
[19:22:25] <tozzert> S-max daarentegen
[19:22:29] <tozzert> mits leuke uitvoering
[19:22:31] <tozzert> best puike kar
[19:22:42] <gakkethijs> renaul laguna is opzich ook wel een leuke wagen
[19:22:46] <tozzert> de 2,5l 5 pitter bijv
[19:22:47] <tozzert> :)
[19:22:49] <gakkethijs> je rijdt toch niet veel
[19:22:56] <Hooglander1> Laguna, nah
[19:22:58] <tobias> ik heb in 5 jaar een ton gereden
[19:22:59] <gakkethijs> dus zoek iets met inderdaad een dikkere motor
[19:23:02] <tobias> maar dat is nu wel minder
[19:23:23] <tobias> alsin ik zag dat mn 206 op 196kkm stond, en ik heb m met ~88 gekocht
[19:23:27] <Hooglander1> 20k/jaar valt nog te overzien
[19:23:41] <tobias> ik denk dat het gewicht in de 1e anderhalf jaar zat :P
[19:23:43] <tozzert> laguna 2 schijnt weinig mis mee te zijn
[19:24:05] <Jeroen> http://www.marktplaats.nl/a/auto-s/seat/m1032244821-seat-exeo-st-1-8-style-bj-2010.html?c=efb2ef4dc323389c4f92ed10afa33e3a&previousPage=lr
[19:24:09] <tozzert> of juist de 3
[19:24:10] <Jeroen> wel VAG
[19:24:12] <Jeroen> maarja
[19:24:17] <tozzert> 3 denk
[19:24:25] <Hooglander1> De 2 is ronduit kut tl
[19:24:29] <Hooglander1> De 3 is ok
[19:24:44] <Hooglander1> Renault van 2002 tot 2007 wil je vermijden
[19:24:54] <Hooglander1> Daarvoor en er na is wel prima
[19:25:31] <Jeroen> http://www.marktplaats.nl/a/auto-s/seat/m1034304342-seat-exeo-st-1-6-reference-nieuwstaat-bj-2010.html?c=efb2ef4dc323389c4f92ed10afa33e3a&previousPage=lr tikkie te duur
[19:26:06] <Hooglander1> NIEUWSTAAT
[19:26:08] <Hooglander1> :+
[19:26:14] <Hooglander1> Bj 2010
[19:26:17] <Hooglander1> Yeaaah riiight
[19:26:35] <Jeroen> mja
[19:26:44] <Jeroen> saai hok zo'n exeo maar wel audi-interieur
[19:27:31] <tozzert> exterieur niet wil je zeggen?
[19:27:35] *** Quits: RandyJC (sid120450@id-120450.brockwell.irccloud.com) (Ping timeout: 61 seconds)
[19:27:35] *** Quits: ahtanu (sid1256@2604:8300:100:200b:6667:5:0:4e8) (Ping timeout: 61 seconds)
[19:27:35] *** Quits: Audiowaste (sid49971@id-49971.charlton.irccloud.com) (Ping timeout: 61 seconds)
[19:27:35] *** Quits: AjDuLion (sid50412@id-50412.charlton.irccloud.com) (Ping timeout: 61 seconds)
[19:27:37] <Prof_NaPo^^> heb jij nog nooit in een audi gezetten Jeroen?
[19:27:37] <tozzert> is een vorige A4
[19:27:43] <tozzert> alleen andere lichtunits
[19:28:00] <tozzert> weinig mis mee though
[19:28:05] *** Joins: Audiowaste (sid49971@id-49971.charlton.irccloud.com)
[19:28:05] *** Joins: ahtanu (sid1256@id-1256.brockwell.irccloud.com)
[19:28:10] *** Joins: RandyJC (sid120450@id-120450.brockwell.irccloud.com)
[19:28:11] <tozzert> mgoe
[19:28:13] <tozzert> als je ruimte zoekt
[19:28:15] <tozzert> multipla
[19:28:19] <tozzert> en je bent klaar
[19:28:20] <Jeroen> oja exterieur ook obviously
[19:28:24] *** Joins: AjDuLion (sid50412@id-50412.charlton.irccloud.com)
[19:28:38] <Jeroen> en int van een a4 cabrio geloof ik
[19:28:39] <tozzert> met z'n 3en op de voorbank
[19:29:39] <tozzert> http://www.autowereld.nl/volvo/v70/2-0t-aut-r-edition-navi-xenon-leder-87942-km-17418302/details.html
[19:29:50] <Prof_NaPo^^> mooie zijkant :D
[19:29:53] <tozzert> kleine puntjes
[19:29:54] <tozzert> :+
[19:30:09] <tozzert> beetje camber voor de sporty look
[19:30:14] <tobias> lol
[19:30:22] <tobias> dat is helemaal hip deze zomer
[19:30:25] <tobias> je wiel onder 45 graad
[19:30:36] <tozzert> maar
[19:30:37] <tozzert> FRIET!
[19:30:44] <tobias> wel grappig, ik zag model, km's, prijs en dacht 'wheres the poop'
[19:30:48] <tobias> :-)
[19:30:52] <tobias> smakelijk tozzert 
[19:32:14] <tobias> !janee een cee apostrofe dee
[19:32:15] <Jeroen> http://www.marktplaats.nl/a/auto-s/ford/m1035631624-ford-mondeo-wagon-1-6i-16v-ghia-145-000-km-bj-2007.html?c=efb2ef4dc323389c4f92ed10afa33e3a&previousPage=lr
[19:32:59] <Jeroen> http://www.marktplaats.nl/a/auto-s/ford/m1034188312-ford-mondeo-2-0-16v-titanium-clima-airco-cruise-control-elek.html?c=efb2ef4dc323389c4f92ed10afa33e3a&previousPage=lr
[19:33:05] <Jeroen> liever een mondeo dan zo'n vag-mormel :+
[19:33:10] <tobias> haha
[19:33:15] <tobias> die 1e is wel leuk
[19:33:30] <tobias> die 2e is niet echt een estacion he ;-)
[19:33:42] <Jeroen> oh moet je ook nog station
[19:33:43] <Jeroen> pfff
[19:33:43] <tobias> (hoewel ik weet dat deze dingen ook in coupe een mega-boot hebben)
[19:34:30] <Jeroen> http://www.marktplaats.nl/a/auto-s/ford/m1031543280-ford-mondeo-1-8-tdci-titanium-2008-155-901-km-trekhaak.html?c=efb2ef4dc323389c4f92ed10afa33e3a&previousPage=lr
[19:34:54] <Jeroen> zelfs met hippe velgen
[19:35:03] <gakkethijs> das een diesel
[19:35:07] <Jeroen> hm
[19:35:11] <Jeroen> goed punt :+
[19:35:11] <gakkethijs> hij rijdt 10-15k per jaar
[19:35:16] <gakkethijs> geen optie met zon zware bak
[19:35:47] <tobias> http://www.autotrader.nl/auto/kia-ceed/2010/rotterdam/72l2n/kia-ceed-sporty-wagon-14-cvvt-seven-business/
[19:36:19] <tobias> Jeroen: wat wel grappig is: ik zie hippe velgen dus gewoon niet :+
[19:36:21] <gakkethijs> ccvt?
[19:36:35] <gakkethijs> en een auto uit rdam are you sure?
[19:36:47] <gakkethijs> net als almelo en apeldoorn
[19:36:56] <tobias> nee, deze staat in arnhem
[19:36:58] <Jeroen> en een sie't is ook niet zo groot
[19:37:28] <tobias> onee
[19:37:41] <tobias> check, was net liters aan het googlen
[19:38:24] *** Quits: Ik (robin@5419F052.cm-5-2d.dynamic.ziggo.nl) (Exit)
[19:40:19] <Jeroen> http://www.autotrader.nl/auto/subaru-forester/2007/groningen/78jf2/subaru-forester-20-x-comfort-pack/?zoekopdracht=subaru-forester%7Cbouwjaar-van-2006%7Cbrandstof--benzine%7Cprijs-van-6000-tot-8000
[19:41:09] <tobias> http://www.autotrader.nl/auto/ford-focus/2006/dieren/77n8z/ford-focus-wagon-16-16v-futura-voorruitverwarming-/
[19:41:22] <tobias> omg @ die forester :)
[19:42:52] <Jeroen> ik zou 'm rollen :+
[19:44:03] <tozzert> neem iig geen auto met de basismotor
[19:44:10] <tozzert> die zijn imo altijd onderbemeten
[19:44:25] <Jeroen> dat verschilt ook van merk tot merk
[19:44:39] <tozzert> en let ook op bij aziaten op de stoelen
[19:44:50] <tozzert> vaak weinig steun en vlakke korte zittingen
[19:45:18] <Jeroen> imo is de beste test voor het geschikt zijn van een motor het verbruik
[19:45:34] <Jeroen> verbruikt de kleinste motor net zo veel als een grotere optie? dan is ie onderbemeten
[19:45:41] <tozzert> hoe hoger het verbruik, hoe beter?
[19:45:45] <Jeroen> (of oud, maar ook dan wil je 'm niet kopen :+)
[19:46:05] <Prof_NaPo^^> mooi toch met al die eco-blokjes met 130+ over de snelweg trappen :|
[19:46:30] <tozzert> mja jeroen, zit je weer met praktijk vs cyclus
[19:46:41] <Jeroen> cyclus?
[19:46:46] <Prof_NaPo^^> gewoon @ spritmonitor checken
[19:46:46] <tobias> mja, ik wil zo'n grote bak het liefst een 2-liter
[19:46:55] <tobias> maarja, dat kost weer poen
[19:46:59] <tozzert> volgens de fabrikant zal een 1.6 altijd minder verbruiken dan een 1.8
[19:47:08] <Jeroen> spritmonitor.de :p
[19:47:13] <tozzert> in de praktijk is dat zo zeker nog niet
[19:47:13] <gakkethijs> juiste niet tobias 
[19:47:21] <Jeroen> en als het verschil een halve liter per 100km is, dan zie je het ook wel
[19:47:22] <gakkethijs> grote motoren kan je vaak goedkoper kopen
[19:47:32] <Prof_NaPo^^> het gaat allemaal om de bijtelling tozzert 
[19:47:36] <Jeroen> en een 2 liter verbruikt niet altijd veel meer dan een 1.6je ofzo
[19:47:39] <Jeroen> zie je ook bij die mondeo
[19:47:48] <Jeroen> 1 op 12,6 vs 1 op 13,5
[19:47:55] <tozzert> ik vind alles wat rond de 1:10 zit, prima
[19:47:56] <tozzert> ;p
[19:48:15] <tozzert> liever niet schadelijker
[19:49:41] <Jeroen> 1:10 is tegenwoordig wel of performance of echt stokoud/slecht :+
[19:49:48] <tobias> idd
[19:49:59] <tobias> meeste zinnige motoren doen toch wel 1:15
[19:50:07] <tobias> en zuiniger betekent dan meer toeren en meer koppijn
[19:50:13] <gakkethijs> tobiar
[19:50:17] <gakkethijs> ik heb een beter idee
[19:50:26] <tobias> staatsloterij winnen
[19:50:26] <gakkethijs> mijn maat is een autoverkoper 
[19:50:28] <gakkethijs> nee for real
[19:50:30] <gakkethijs> wacht
[19:50:31] <Jeroen> nouja 1:15 is een tikje optimistisch voor een grote benzinestation hoor
[19:50:43] <Jeroen> een shiet of focus doet dat wel ja
[19:50:47] <tobias> Jeroen: gecombineerd wel, maar op de cruise op 100 op de snelweg is dat wel prima
[19:50:51] <Prof_NaPo^^> Heeft ie ook zo´n mooi pak en zijn haren strak naar achter gakkethijs?
[19:50:54] <tozzert> shiet?
[19:50:58] *** Joins: DizzyWeb (arjen@ip56508964.direct-adsl.nl)
[19:51:00] <tobias> ja een cee apostroof d
[19:51:04] <tobias> een shieet:)
[19:51:10] <tozzert> shiiiiiiiiiiiiiiiiiiiiiiiiiiiiiiiiiiiiiiiiiiiiiiit
[19:51:34] <tobias> ik baal eigenlijk retrospectief wel dat ik niet harder gedramd heb bij deze dealer voor die passat :)
[19:51:34] <Jeroen> http://www.autoweek.nl/auto/85619/porsche-911-carrera-coupe tozzert 
[19:51:49] <Jeroen> zelfs een 911 doet 1:13,5 gemiddeld
[19:51:54] <gakkethijs> nee Prof_NaPo^^ 
[19:51:54] <Jeroen> (met saaie rijstijl, dat wel :+)
[19:51:57] <gakkethijs> hij werkt niet bij een dealer
[19:51:58] <tobias> haha
[19:52:07] <tobias> gakkethijs: hij is autohosselaar?
[19:52:12] <gakkethijs> eens zien
[19:52:17] <gakkethijs> of hij stations heeft
[19:52:18] <tozzert> geloof jij het jeroen?
[19:52:21] <tozzert> @ praktijk
[19:52:22] <tozzert> :p
[19:52:22] <tobias> als hij een lijntje heeft voor een prettige station lemme know
[19:52:24] <Prof_NaPo^^> jetcars gakkethijs?
[19:52:34] <Jeroen> nouja ik geloof dat het kán, tozzert :+
[19:52:39] <tobias> Prof_NaPo^^: :+
[19:52:40] <Jeroen> ik geloof niet dat iemand het doet
[19:52:45] <tobias> dat was die ene dude van de huiskamer toch?
[19:52:55] <Prof_NaPo^^> nee tobias 
[19:52:56] <Jeroen> nee jetcars is een beruchte oplichter
[19:53:02] <Prof_NaPo^^> mwa oplichter
[19:53:06] <Prof_NaPo^^> oplichter is een groot woord
[19:53:09] <Prof_NaPo^^> er staat fucking veel meuk
[19:53:14] <gakkethijs> ik heb iets voor je tobias 
[19:53:20] <Prof_NaPo^^> en de APK die erop zit is niet al te veel waard 
[19:53:24] <gakkethijs> past in je prijs
[19:53:24] <gakkethijs> http://www.rdclassics.nl/oldtimer/1979_Chrysler_Cordoba__kopen_NL_2246.html?oldtimer=2246&taal=NL
[19:53:45] <Jeroen> http://www.spritmonitor.de/en/overview/39-Porsche/363-911.html?constyear_s=2015&powerunit=2
[19:53:45] <Jeroen> tozzert
[19:53:51] <Prof_NaPo^^> ik gok dat verbruik daar een probleem mee is gakkethijs ;)
[19:53:57] <gakkethijs> of deze voor de vakantie tobias 
[19:53:59] <gakkethijs> http://www.rdclassics.nl/oldtimer/2010_Fleetwood_Revolution_42W_LE_3_Slides_with_full_sideslide__kopen_NL_671.html?oldtimer=671&taal=NL
[19:54:03] <tozzert> mja
[19:54:08] <gakkethijs> leugens Prof_NaPo^^ 
[19:54:13] <tozzert> en wie maken gebruik van dat gedoe jeroen?
[19:54:14] <tozzert> precies
[19:54:18] <tozzert> de centenneukers
[19:54:25] <Jeroen> of gewoon duitsers
[19:54:30] <Jeroen> die ordnung willen
[19:54:45] <tozzert> niet degenen die zo'n 911 gebruiken waar hij voor bedoeld is/wat hij kan
[19:54:51] <tobias> gakkethijs: als ik een garage had zou ik 'm graag kopen :P
[19:54:57] <Prof_NaPo^^> net zoals mijn vorige kekke polo: https://www.spritmonitor.de/en/detail/676973.html
[19:54:58] <tobias> oh die laatste is 250k, lol
[19:55:02] <Prof_NaPo^^> deed toch zeker wel ruim 1:15
[19:55:02] <gakkethijs> ^^
[19:55:11] <gakkethijs> leuke campert toch>
[19:55:59] <gakkethijs> vind deze wel wat voor tozzert 
[19:56:00] <gakkethijs> http://www.rdclassics.nl/oldtimer/1957_Chevrolet_Bel_Air_Convertible_kopen_NL_1955.html?oldtimer=1955&taal=NL
[19:56:08] <gakkethijs> verstokte ouwe relnicht dat ie is
[20:07:51] <DinX> misschien moet ik die "nieuwerwetse" metalbands toch wat vaker gaan luisteren moto-moi :p
[20:08:04] <DinX> parkway drive, heaven shall burn,...
[20:08:06] <DinX> :p
[20:08:19] <moto-moi> dude.. :P
[20:08:27] <DinX> ouwe lul die ik ben
[20:08:28] <moto-moi> zometeen ga je nog vertellen dat je slipknot niet kent :+
[20:08:34] <DinX> jawel :p
[20:08:55] <DinX> maar die ik nu opnoemn is altijd van "ach, van die nieuwerwetse schreeuwmetal, luister ik niet" geweest :p
[20:09:02] <moto-moi> ghehe
[20:09:14] <moto-moi> eerst luisteren en daarna pas roepen dat dio beter was he :P
[20:09:20] <DinX> haha
[20:09:24] <DinX> _o-
[20:09:42] <DinX> http://stubru.be/dezwaarstelijst/volgdezwaarstelijst2016
[20:09:44] <DinX> leuk wel tot nu toe
[20:13:03] *** Joins: Chiron (chiron@ip5652834f.adsl-surfen.hetnet.nl)
[20:14:33] *** Quits: Spelvoud (Spelvoud@sd51113cf.adsl.online.nl) (Exit)
[20:21:41] <Jeroen> waarom hebben we geen nederlandse variant van stubru
[20:21:44] *** Joins: Spelvoud (Spelvoud@sd51113cf.adsl.online.nl)
[20:22:18] <Resistor> Pinguin Aardschok? http://www.pinguinplayer.com/#Aardschok
[20:22:27] <Resistor> Zonder gepraat.
[20:25:56] <Jeroen> mja ik bedoel ether he
[20:26:11] <Jeroen> als ik aan de webradio ga, kan ik net  zo goed spotify aanslingeren
[20:27:10] <Resistor> Helaas hebben wij geen radiozenders met goede muziek. In de auto luister ik altijd BNR, liever gepraat zonder muziek dan slap gezwets met baggermuziek.
[20:27:27] <moto-moi> ghehe, ik ook ja :D
[20:27:28] <Jeroen> ja BNR is wel goed
[20:27:31] <moto-moi> bnr is best ok :P
[20:29:05] <Resistor> In ander nieuws: legerhelicopters zijn best wel stil tegenwoordig. Er is er hier 1 laag aan het overcirkelen, en ik hoor hem nauwelijks
[20:30:19] <kees> HET IS NOG LICHT BUITEN
[20:30:23] <Prof_NaPo^^> op de radio mag je blij zijn als je 8 nummers per uur hoort :|
[20:30:36] <Prof_NaPo^^> en dan krijg je sommige nummers weer ieder uur te horen
[20:30:52] *** Quits: ravenger (textual@ravenger.xs4all.nl) (Exit)
[20:30:55] <Jeroen> het grootste kutstation is nog wel q-music
[20:30:59] <Jeroen> dat moeten ze echt eens verbieden
[20:31:57] <moto-moi> al die radio met zelfbenoemde grappige dj's hoeven van mij niet uitgezonden te worden
[20:32:06] <Prof_NaPo^^> :D
[20:32:12] <Prof_NaPo^^> Giel is nog wel het grootste drama daarin
[20:32:17] <moto-moi> exact
[20:32:25] <moto-moi> 3fm, 538, qmusic, veronica
[20:32:36] <moto-moi> of hoe al die troep ook moge heten tegenwoordig
[20:33:11] <Hooglander1> Stubru
[20:33:17] <Hooglander1> Al heeft dat ook veel gelul hoor
[20:33:20] <Hooglander1> Vergis je niet
[20:33:36] <Resistor> Maar die hebben nog verstand van muziek.
[20:33:59] <Hooglander1> True
[20:34:22] *** Quits: DX|Takamina (Mibbit@82-170-83-239.ip.telfort.nl) (Exit)
[20:34:25] <Hooglander1> Muziektechnisch in de ether komt 3fm er nog het dichtste bij, maar dan houd het ook al heel snel op
[20:34:57] <Resistor> Volgens mij hebben de mensen met een DAB radio 3fm Alternative, is volgens mij wel wat beter dan standaard 3fm
[20:40:21] *** Joins: karel (karel@d8d8726ba.access.telenet.be)
[20:41:03] *** Quits: karel (karel@d8d8726ba.access.telenet.be) (Exit)
[20:41:29] <Resistor> Ah, hier komt die heli dus voor: http://www.telegraaf.nl/binnenland/25492071/__Schietpartij_in_Bunschoten__.html
[20:47:48] <Resistor> Heh. Polen die ruziën maar niet konden schieten dus.  Volgens https://twitter.com/deBunschoter dan.
[20:48:28] <Prof_NaPo^^> wat een twitterberichten...
[20:48:29] <Prof_NaPo^^> waarschijnlijk
[20:48:30] <Prof_NaPo^^> mogelijk
[20:48:46] <Prof_NaPo^^> dat is ook berichten plaatsen om het plaatsen van berichten
[20:49:37] <Resistor> Ik ben op dit moment ook 100% kogelvrij. Kogelwerendheid wil ik niet testen :P
[20:52:45] <tobias> al mijn glas is ook kogelvrij trouwens
[21:03:29] *** Quits: Jose_Orinoko (AndChat492@ip-81-11-224-248.dsl.scarlet.be) (Exit)
[21:03:45] *** Joins: Jose_Orinoko (AndChat492@ip-81-11-224-248.dsl.scarlet.be)
[21:08:55] <Hooglander1> Je staal ook roestvrij zeker
[21:09:36] <Resistor> Vast wel.
[21:18:35] *** Quits: Resistor (Resistor@ip5456d91b.speed.planet.nl) (Exit)
[21:22:45] <Jeroen> mijn auto is niet kogelvrij
[21:22:52] <Jeroen> kwaliteitslagers jonge
[21:25:46] *** Quits: fee-tje (fee-tje@137-109-201-31.ftth.glasoperator.nl) (Exit)
[21:28:15] *** Joins: Denyos (Denyos@ip56587acf.direct-adsl.nl)
[21:38:21] *** Quits: gakkethijs (gakkethijs@84-245-42-16.dsl.cambrium.nl) (Connection reset by peer)
[21:40:36] *** Quits: zomertje (zomertje@pluizigenblauw.xs4all.nl) (Exit)
[21:42:25] *** Joins: Rollie (Rollie@53550C92.cm-6-6a.dynamic.ziggo.nl)
[21:47:28] *** Quits: kees (kees@office.tweaknet.net) (Input/output error)
[21:48:54] *** Quits: boy_yonder (Seb@82-169-222-71.ip.telfort.nl) (Exit)
[21:54:26] *** Prof_NaPo^^ is now known as Prof_Away^^
[21:55:40] *** Quits: DinX (DinX___@ptr-2hj4tblnzznadncci2wd4ybcf.ip6.access.telenet.be) (Exit)
[21:56:34] *** Quits: Blaasvis (arjan@ip56585c3c.direct-adsl.nl) (Input/output error)
[21:57:29] *** Joins: Blaasvis (arjan@ip56585c3c.direct-adsl.nl)
[22:03:05] *** Quits: Teckna (jonathan@3E91CA75.cm-13.dynamic.ziggo.nl) (Ping timeout: 66 seconds)
[22:04:21] *** Joins: Teckna (jonathan@52487D74.cm-4-1b.dynamic.ziggo.nl)
[22:05:06] *** moto-moi is now known as moto-moi|afk
[22:06:40] *** Quits: Anthor (Anthor@cust.7.103.adsl.cistron.nl) (Exit)
[22:08:16] *** Quits: Denyos (Denyos@ip56587acf.direct-adsl.nl) (Exit)
[22:38:53] *** Joins: DinX (DinX___@ptr-2hj4tblnzznafgmncii5uu9oy.ip6.access.telenet.be)
[22:51:23] *** Quits: Rollie (Rollie@53550C92.cm-6-6a.dynamic.ziggo.nl) (Connection reset by peer)
[22:58:51] *** Joins: cth (cth@80.84.226.197)
[23:02:29] *** Quits: Matthew (Matthew@178-117-75-230.access.telenet.be) (Connection reset by peer)
[23:04:07] *** boekee is now known as boekee_away
[23:06:39] *** Quits: Arno (arno@541B0FEB.cm-5-4a.dynamic.ziggo.nl) (Connection reset by peer)
[23:23:18] *** Quits: Chiron (chiron@ip5652834f.adsl-surfen.hetnet.nl) (Exit)
[23:51:02] *** Joins: GHOST (GHOST@ip4daaf73b.direct-adsl.nl)
[23:51:28] *** Quits: Teckna (jonathan@52487D74.cm-4-1b.dynamic.ziggo.nl) (Ping timeout: 67 seconds)
[23:54:23] *** Quits: GHOST (GHOST@ip4daaf73b.direct-adsl.nl) (Exit)
