[00:00:28] <MueR> als de grote gemeenten met 100k+ stemgerechtigden de boel geteld kunnen hebben, moet een gemeente met nog geen tiende daarvan dat allang gedaan hebben
[00:01:02] <MueR> tenzij die mee gingen in de trend van 1 stembureau voor elke 10 die zij bij TK verkiezingen doen
[00:01:10] *** Quits: Aapje (user@i244127.upc-i.chello.nl) (Ping timeout: 66 seconds)
[00:01:51] *** Joins: Aapje (user@i244127.upc-i.chello.nl)
[00:08:48] <Erik> ahh, alle stemmen zijn binnen
[00:08:58] <Erik> bedtijd
[00:21:09] <MueR> dat werd tijd
[00:21:17] <MueR> kleine klotegemeenten die er eeuwig over doen
[00:22:58] *** Quits: Obscurax (bscrx@dont.let.it.backfi.re) (Ping timeout: 61 seconds)
[00:25:39] *** Joins: Obscurax (bscrx@dont.let.it.backfi.re)
[00:28:20] *** Joins: Tomsworld (tom@109.130.187.232)
[00:28:20] *** ChanServ sets mode: +o Tomsworld
[00:29:48] *** Quits: Bitage (Bitage@82-171-45-9.ip.telfort.nl) (Exit)
[00:30:36] *** Quits: klaveRCX (michiel@klaver.it) (Ping timeout: 60 seconds)
[00:34:28] <Escovan> Zo, nakeuvelen met Pauw ... Ze ouwehoeren me nog een keer dood.
[00:34:39] *** Joins: klaveRCX (michiel@klaver.it)
[00:46:56] *** Quits: Guyver2 (Guyver2@guyver2.xs4all.nl) (Exit)
[00:48:28] *** Quits: Tomsworld (tom@109.130.187.232) (Ping timeout: 66 seconds)
[01:12:50] *** Joins: Svardskampe (Svardskamp@198-14-ftth.onsnetstudenten.nl)
[01:26:13] *** Quits: Stuiterbal (Stuit@2001:980:5281:1:4106:7341:76e1:86b9) (Connection reset by peer)
[01:38:10] *** Quits: bbee (bbee@53541FA1.cm-6-5a.dynamic.ziggo.nl) (Ping timeout: 60 seconds)
[01:38:36] *** Joins: bbee (bbee@53541FA1.cm-6-5a.dynamic.ziggo.nl)
[01:38:47] *** Quits: jasper (jasper@54693D97.cm-12-2a.dynamic.ziggo.nl) (Ping timeout: 67 seconds)
[01:43:52] *** Joins: jasper (jasper@54693D97.cm-12-2a.dynamic.ziggo.nl)
[02:28:58] *** Quits: Svardskampe (Svardskamp@198-14-ftth.onsnetstudenten.nl) (Connection reset by peer)
[02:40:05] *** Quits: sm0ck (ashnohoe@D97B8CD4.cm-3-4c.dynamic.ziggo.nl) (Ping timeout: 61 seconds)
[02:41:53] *** Quits: Smileface (alexander@25bc408b.ftth.concepts.nl) (Exit)
[02:45:41] *** Joins: sm0ck (ashnohoe@D97B8CD4.cm-3-4c.dynamic.ziggo.nl)
[03:51:46] *** Quits: Remie (Remie@5ED5F214.cm-7-6d.dynamic.ziggo.nl) (Ping timeout: 66 seconds)
[03:59:45] *** Joins: Remie (Remie@5ED5F214.cm-7-6d.dynamic.ziggo.nl)
[04:08:59] *** Joins: zomertje (zomertje@pluizigenblauw.xs4all.nl)
[04:08:59] *** ChanServ sets mode: +o zomertje
[04:41:21] *** Joins: Teckna (jonathan@52487D74.cm-4-1b.dynamic.ziggo.nl)
[05:03:30] *** Joins: BaBaGanoosh (Mibbit@adsl-74-178-202-211.jax.bellsouth.net)
[05:03:47] *** Quits: BaBaGanoosh (Mibbit@adsl-74-178-202-211.jax.bellsouth.net) (Exit)
[05:15:32] *** Quits: zomertje (zomertje@pluizigenblauw.xs4all.nl) (Exit)
[06:16:31] <tozzert> meh
[06:18:11] *** Quits: Teckna (jonathan@52487D74.cm-4-1b.dynamic.ziggo.nl) (Ping timeout: 66 seconds)
[06:32:38] <Spacecowboy> meh
[06:35:56] *** Joins: DataGhostS (vincent@5ED2C6DE.cm-7-3d.dynamic.ziggo.nl)
[06:43:01] *** Joins: chim0 (a@d5c53ff2.ftth.concepts.nl)
[07:00:46] *** Quits: rhod (rhod@86.85.193.196) (Exit)
[07:16:53] *** Joins: Teckna (jonathan@52487D74.cm-4-1b.dynamic.ziggo.nl)
[07:32:58] *** Joins: wirky (werken@ip503c7f23.speed.planet.nl)
[07:34:04] <Escovan> mogguh
[07:35:42] <wirky> morges Escovan
[07:40:41] <rogue> mogge
[07:45:57] *** Joins: rhod (rhod@86.85.193.196)
[07:47:37] <wirky> morges rogue waddap
[07:48:18] <rogue> wat
[07:49:23] <Escovan> vertaling: ¨Een zeer goede morgen rogue. Hoe is het me je?¨
[07:49:30] <Escovan> +t
[07:49:53] <rogue> niks goed, ik moet nog koffie
[07:49:58] <rogue> waar is mimic 
[07:51:18] <DataGhostS> is dat iets wat je wilt hebben of ben je bang dat ie je opeens bespringt?
[07:52:04] <DataGhostS> ik geloof dat laatste best trouwens
[07:52:07] <DataGhostS> ik ken hem
[07:52:27] *** boekee_away is now known as boekee
[07:52:30] <DataGhostS> heb 'm in 2006 een keertje IRL gezien en daarna hebben we 3 of 4 smsjes heen en weer gestuurd
[07:55:01] <rogue> haha
[07:55:14] <DataGhostS> jaa we go way back
[07:55:18] <rogue> dat geldt voor elke meet :)
[07:55:25] <DataGhostS> het was geen officiele meet ofzo
[07:55:27] <DataGhostS> het was lowlands
[07:55:55] <rogue> brr
[07:56:02] <rogue> sociale interactie
[07:56:12] <DataGhostS> ja daarom duurde het ook maar een paar minuten
[07:56:23] <DataGhostS> toen gingen we naar verschillende stages
[07:56:23] <DataGhostS> :+
[08:00:26] <Escovan> Gister was een rare dag...
[08:00:41] <Escovan> Zelfs mijn vrouw was geïnteresseerd in de exitpolls.
[08:01:04] <Escovan> Wel teleurgesteld dat ¨we¨ niet hadden ¨gewonnen¨
[08:02:10] <DataGhostS> jawel
[08:02:14] <DataGhostS> maar de effecten daarvan merk je hopelijk niet
[08:02:28] <DataGhostS> nog een kans dat je ze wel gaat merken als het kabinet dit referendum ook naast zich neerlegt though
[08:02:53] <DataGhostS> maar ik hou me verder niet bezig met politiek, ik ben aan t werk :+
[08:03:28] <Escovan> Toen ik uitlegde dat er mensen strategisch thuisblijven was ze even door de war: ¨Maar die doen dan toch gewoon niet mee?¨
[08:03:43] <DataGhostS> dat is ook zo
[08:03:52] <DataGhostS> als je strategisch thuis bent gebleven ben je echt oerstom
[08:03:55] <DataGhostS> en een mislukte strateeg
[08:04:17] <DataGhostS> niet stemmen = niet zeuren
[08:04:28] <DataGhostS> kut voor je, je doet niet meer mee
[08:04:29] <DataGhostS> next!
[08:05:11] <DataGhostS> doe ook even hier inschrijven
[08:05:11] <DataGhostS> http://fok.digidip.net/visit?url=https%3A%2F%2Fttip-referendum.nl%2F&ppref=http%3A%2F%2Ffrontpage.fok.nl%2F
[08:05:15] <DataGhostS> holy fuck
[08:05:15] <DataGhostS> haha
[08:05:16] <DataGhostS> wat
[08:05:18] <DataGhostS> nee
[08:05:29] <DataGhostS> https://ttip-referendum.nl/
[08:05:31] <DataGhostS> zo gewoon
[08:05:51] *** Joins: zomertje (zomertje@pluizigenblauw.xs4all.nl)
[08:05:51] *** ChanServ sets mode: +o zomertje
[08:06:51] *** Joins: Tomsworld (tom@2a02:a03f:12c0:600:9008:42b8:f30:298d)
[08:06:51] *** ChanServ sets mode: +o Tomsworld
[08:07:45] <Escovan> DataGhostS, die url faalt. Want ik herinner me dat GeenPeil ook echte handtekeningen moest ophalen om een referendum af te dwingen. Naam/Email is niet genoeg.
[08:08:18] <DataGhostS> ik heb geen echte handtekening gezet hoor
[08:08:22] <DataGhostS> ze moesten ze alleen even uitprinten
[08:08:46] <DataGhostS> dat was wel even papierverspilling mja
[08:08:53] <Escovan> Ja, met de muis heb ik gekliederd op zo´n paintvakje.
[08:08:55] <DataGhostS> heb je met normale handtekeningen ook
[08:09:05] <DataGhostS> oja dat moest... hmm dunno dan
[08:09:18] <DataGhostS> iig toch maar even 'getekend' just in case
[08:09:30] <DataGhostS> als er een betere langskomt kriebel ik daar ook wel
[08:10:46] *** boekee is now known as boekee_away
[08:19:23] <DizzyWeb> Is het al weekend?
[08:19:27] <DizzyWeb> En mogge.
[08:19:29] <Nakebod> \o
[08:20:33] <DataGhostS> BIJNA WEEKEND
[08:20:41] <DataGhostS> nog maar 6,5 uur! \o/
[08:21:52] <DizzyWeb> :(
[08:22:02] <DizzyWeb> Ik nog 15 uur...
[08:22:26] <DataGhostS> gerrem
[08:29:50] *** Quits: Tomsworld (tom@2a02:a03f:12c0:600:9008:42b8:f30:298d) (Ping timeout: 68 seconds)
[08:30:51] *** moto-moi|afk is now known as moto-moi
[08:33:00] *** Quits: FlutterShy (guntherdw@znc.s.wrongplace.be) (Ping timeout: 61 seconds)
[08:33:23] <Escovan> https://twitter.com/advocaatsmeets/status/717955546574360576
[08:33:28] <gdex> blijkbaar is het mogelijk om een referendum te houden over het samenvoegen van veghel, schijndel, en sint-oedenrode tot 1 gemeente
[08:33:34] <gdex> als je binnen een week 300k handtekeningen hebt
[08:34:02] <Escovan> Zoveel wonen er niet eens in die gemeenten samen zeker ? :P
[08:34:31] *** Joins: marccom (marc@095-097-114-212.static.chello.nl)
[08:34:35] <gdex> klopt
[08:34:41] <DataGhostS> is dat een van de onderwerpen dan?
[08:34:48] <gdex> https://referendumovereenwet.nl/
[08:34:55] *** Joins: FlutterShy (guntherdw@znc.s.wrongplace.be)
[08:34:56] <gdex> bijna onderaan
[08:35:00] <DataGhostS> want eigenlijk wilde men veel liever een referendum over boeiendere dingen maar was oekraine letterljik het enige wat ze konden kiezen
[08:35:13] <DataGhostS> wat niet wegneemt dat t prima was verder mgoed :P
[08:36:39] <DataGhostS> en die smeets is ook een prutser eerste klas haha
[08:37:11] <DataGhostS> mooi hoe al die anti-referendum of anti-tegen-argumenten zichzelf helemaal vastlullen op het simpele punt dat er nog minder mensen voor waren :P
[08:38:06] <Escovan> Ik vond #haatgevend referendum wel gepast. De campagne was zo fel. Die Baudet haalde zelfs het aantal hiv-infecties in Oekraine erbij. Best smakeloos.
[08:38:13] <DataGhostS> Escovan, ik denk dat je bij TTIP nog niet hoeft te tekenen in een vakje omdat dat nog niet vast genoeg ligt om er een referendum over te mogen houden, hij staat er ook nog niet bij in die lijst
[08:38:24] <DataGhostS> ja en de pvda haalde hitler erbij
[08:38:26] <DataGhostS> dus ehh.. tsja he :P
[08:38:38] <DataGhostS> natuurlijk is de campagne fel
[08:38:53] <gdex> uiteindelijk is er inmiddels 32 miljoen belastinggeld verdwenen in een onnodige beerput, en gaat er nog meer shitstorm achteraan komen
[08:38:57] <DataGhostS> dat hoort ie namelijk beide kanten op te zijn
[08:39:10] <gdex> en draait het allemaal nauwelijks echt om oekraine
[08:39:11] <DataGhostS> ja dat is ook mooi, jezelf blindstaren op "grote" bedragen
[08:39:18] <DataGhostS> die uiteindelijk helemaal nergens gemerkt worden
[08:39:26] <DataGhostS> sterker nog, niet eens in de significantie van de landsbegroting vallen
[08:39:38] <gdex> en toch kun je leuke dingen doen voor 32 miljoen hoor
[08:39:39] <Escovan> Ja, dat is wel stom van de thuisblijvers. Iedereen heeft in principe gewoon 2 euro er voor betaald.
[08:39:42] <gdex> en tuurlijk, we kunnen het hebben
[08:39:59] <DataGhostS> ja je kan leuke dingen doen voor 32 miljoen maar op landsniveau kan je er helemaal geen fuck mee
[08:40:10] <DataGhostS> en hoeveel was er ook alweer naar griekenland enz gegaan?
[08:40:22] <Escovan> 80.000.000.000 ofzo? 
[08:40:26] <DataGhostS> kon je volgens mij best wat referenda voor orgniseren
[08:40:41] *** Joins: McM (mcm@37.153.235.113)
[08:40:51] <gdex> je kunt er genoeg mee, ook op lands niveau
[08:40:55] <gdex> misschien niet indrukwekkend veel
[08:40:59] <Escovan> Ach,
[08:41:02] <DataGhostS> 3 meter snelweg neerleggen :P
[08:41:03] <gdex> maar er zijn nuttigere bestemmingen voor dan dit referendum imo
[08:41:09] <Escovan> Ik heb iig een gratis stroopwafel gekregen
[08:41:25] <gdex> volgens mij komt de duurste snelweg nog niet boven de 10 miljoen per kilometer uit, dus tja
[08:41:46] <DataGhostS> nja maar ehh zeker bij dit soort democratische beslissingen moet geld helemaal niet de doorslaggevende factor zijn om het niet te doen :P
[08:41:46] <gdex> ik stoor me er vooral aan dat het refendum eigenlijk grotendeels niet ging over of mensen de daadwerkelijke afspraken met oekraine goedkeuren of niet
[08:41:56] <gdex> er speelt zo veel omheen dat het eigenlijk nergens meer op slaat
[08:41:59] <DataGhostS> oh jawel hoor
[08:42:13] <DataGhostS> maar er speelt idd veel omheen omdat heel veel mensen het een keer helemaal zat zijn met dat gepruts
[08:42:25] <gdex> ah, je geeft me dus wel gelijk
[08:42:36] <DataGhostS> minder dan dat je wilt hebben :P
[08:43:02] <DataGhostS> iedereen mag z'n eigen redenen hebben om voor, tegen, blanco of niet te stemmen
[08:43:12] <gdex> tuurlijk, en er is nu een nee, en daar moet iets mee gedaan worden
[08:43:23] <DataGhostS> en dat hoeft niet 100% in lijn te zijn met de 'vraag' maar kan best tussen de regels door of met een wijde boog eromheen
[08:43:34] <DataGhostS> uiteindelijk realiseert iedereen op zn eigen manier zn eigen doel ermee
[08:43:43] <DataGhostS> of falen daar heel strategisch in :')
[08:44:35] <DataGhostS> ik was sowieso al tegen btw maar een heel sterk ding voor mij is ook hoe het vorige referendum is afgelopen en dat er nog maar eens een goed signaal afgegeven moet worden dat je gvd moet luisteren naar je electoraat
[08:44:49] <DataGhostS> http://www.dumpert.nl/mediabase/6745625/8737b620/touch_.html
[08:45:02] <DataGhostS> dat je zo hard door je eigen uitspraak genaaid wordt dat je iemand van geenpeil gewoon gelijk geeft
[08:45:38] <DataGhostS> ik vind het triester dat mensen niet gaan stemmen "omdat het van geenstijl is" enzo
[08:45:40] <gdex> ik kom niet meer op dumpert sinds ze mijn persoonsgegevens willen verwerken omdat ze daar zin in hebben
[08:46:55] <gdex> als je een mening hebt moet je gewoon stemmen
[08:47:03] <gdex> en strategisch stemmen is ook dom
[08:47:14] <gdex> (of strategisch niet stemmen, nog dommer)
[08:48:40] <DataGhostS> Roos: Ik vond u scherp en gezellig, dank u wel
[08:48:40] <DataGhostS> ten Broeke (VVD): ik dank u ook, en meestal beleef ik veel genoegen aan dit gesprek, vaak iets minder als ik het dan weer terugzie, dan is het ineens maar zo'n klein stukje van overgebleven (houdt z'n duim en wijsvinger ongeveer 2cm uit elkaar)
[08:48:40] <DataGhostS> Roos: Ja, dat hebben wij met alle beloftes van de VVD
[08:48:40] <DataGhostS> ten Broeke: ...ha, touche
[08:48:45] <DataGhostS> even getranscript voor je
[08:50:36] *** Joins: Xeo (Mibbit@194.151.32.170)
[08:51:20] *** Joins: Kaastosti (Kaastosti@185.19.103.3)
[08:51:25] <Kaastosti> goedemorgen!
[08:51:30] <Escovan> https://decorrespondent.nl/4290/Banken-beheren-miljarden-euros-maar-hebben-hun-eigen-technologie-niet-op-orde/676000194870-4e636495
[08:58:12] *** Quits: wirky (werken@ip503c7f23.speed.planet.nl) (Exit)
[09:03:59] *** Joins: Drawer (Mibbit@80.255.245.203)
[09:04:12] <Drawer> een huis met een 'speels ingerichte woonkamer'
[09:04:13] <Drawer> uhuh
[09:04:17] <Drawer> aka fucking scheve kutmuren
[09:04:53] <DataGhostS> mwah
[09:04:59] <Escovan> oh, ik dacht zoals ik: Met discobol, laser/led lampjes en dartbord, Xbox etc :P
[09:05:00] <DataGhostS> mijn woonkamer is ook wel eens 'speels ingericht'
[09:05:16] <DataGhostS> dat betekent dat je gvd goed uit je doppen moet kijken waar je gaat staan als je je nek niet wil breken
[09:05:24] <Escovan> :D
[09:07:53] *** Joins: tbosua (tbosua@office.hostnetbv.nl)
[09:09:23] *** Joins: Jeroen (Jeroen@ip82-139-124-155.lijbrandt.net)
[09:13:19] <Dubbeldrank> speels is meer een onterechte positieve benadering voor iets dat iedereen kut vindt
[09:13:28] *** Joins: DinX_Werk (DinX@out.helics.leuven.be)
[09:13:39] <DataGhostS> net zoals kort pittig
[09:13:43] <DataGhostS> dussssss
[09:17:42] * mimic paast de rogue een bakje koffie
[09:18:06] *** Quits: Wussie (wussie@220-251.ftth.onsbrabantnet.nl) (Exit)
[09:18:14] *** Joins: Wussie (wussie@220-251.ftth.onsbrabantnet.nl)
[09:19:59] <Jeroen> mmm koffie
[09:20:28] <Jeroen> http://www.nu.nl/wonen/4242699/meer-huurders-wonen-in-relatief-dure-woning.html
[09:20:29] <Jeroen> gek he
[09:22:23] *** Quits: McM (mcm@37.153.235.113) (Exit)
[09:23:38] <Drawer> woning waar ik nu best hoog op de lijst voor sta is bijna 800/maand Jeroen :X
[09:23:59] <Nakebod> Kan ook anders, als je inkomen maar laag genoeg is :+ http://www.gelderlander.nl/regio/nijmegen-e-o/nijmegen/talis-verlaagt-opnieuw-huren-nu-van-1-600-kleine-woningen-1.5898506#.VwYDOWXXDFI.twitter
[09:25:24] *** Joins: ComiXander (Mibbit@mac4-115.vara.nl)
[09:25:29] *** Joins: wirky (werken@ip503c7f23.speed.planet.nl)
[09:27:10] *** Joins: Huigie (Huigie@D57D516A.static.ziggozakelijk.nl)
[09:33:01] <Drawer> zo
[09:33:10] <Drawer> al 1 euro aan google play tegoed
[09:33:38] <Jeroen> en wat heb je ze daar allemaal voor moeten vertellen
[09:33:42] <Jeroen> waar je dagboek ligt?
[09:34:11] *** Joins: McM (mcm@37.153.235.113)
[09:34:47] <Drawer> ja
[09:36:32] <Drawer> Boogers verwacht dat de Europese Commissie nog een keer zal roepen dat Oekraïne écht geen lid zal worden van de EU. Rutte zal op zijn beurt precies dat benadrukken tegenover de kiezers, zegt Boogers. "Dan kan Rutte uitleggen: kijk eens jongens, we hebben de uitslag serieus genomen. En dan zal dat associatieverdrag er dus gewoon komen."
[09:36:34] <Drawer> hahahaha
[09:36:38] <Drawer> so true
[09:36:56] <Jeroen> ik zat even in engelse modus
[09:37:01] <Jeroen> en toen moest ik lachen om "boogers"
[09:41:39] <DinX_Werk> http://45.media.tumblr.com/2dfc02740c7d2ed1c39b750cc8273218/tumblr_nxbzn6CxtB1rmsxymo1_400.gif
[09:41:43] <DinX_Werk> toot toot mofo
[09:41:46] <DinX_Werk> :X
[09:42:12] <Jeroen> holy shit
[09:42:37] <Chiron> wtf
[09:42:51] <Chiron> in slaap gevallen op het gaspedaal van de warp drive?
[09:43:13] <DataGhostS> komt die nou over de stoep joh?
[09:43:22] <Drawer> lolwuttttt
[09:43:40] <DinX_Werk> ze lijken daar sneller te kunnen dan 90 :p
[09:43:56] <Chiron> hippe bandjes wel, onder die minivan
[09:44:27] <DinX_Werk> 27 doden :X
[09:44:40] <Drawer> link?
[09:44:51] <DinX_Werk> http://citizen.co.za/282971/pinetown-truck-driver-sentenced-8-years/
[09:44:57] <Chiron> http://www.dailymail.co.uk/video/news/video-1034360/WARNING-Graphic-images-Truck-kills-27-horror-crash.html
[09:45:01] <Chiron> oudje
[09:45:06] <DinX_Werk> oh, 24
[09:47:18] <Jeroen> ugh the daily mail
[09:48:05] <Chiron> andere hoek http://www.liveleak.com/view?i=5a4_1379055535 
[09:48:34] <DizzyWeb> Jezus....
[09:48:34] <Chiron> die eerste auto die ie raakt heeft volgens mij echt schijtmazzel
[09:49:36] <DataGhostS> why
[09:49:46] *** Quits: zomertje (zomertje@pluizigenblauw.xs4all.nl) (Exit)
[09:49:46] <DataGhostS> of is dat niet die die bij t stoplicht wegrijdt naast dat minibusje?
[09:50:03] <Chiron> die donkere auto ja
[09:50:17] <DizzyWeb> Die auto waar ie niet dwars doorheen ploegt
[09:50:30] <Chiron> die bus rechts van hem heeft minder geluk :X
[09:51:32] <Chiron> http://cdn.24.co.za/files/Cms/General/d/2514/c9e911b4370644bb9cfbf7924c467e1b.jpg
[09:51:44] <DizzyWeb> wtf
[09:52:10] <DataGhostS> bekleding ziet er nog vrij schoon uit
[09:54:20] <Chiron> mwoa.. genoeg rommel hoor DataGhostS http://www.jp-sa.org/FieldsHill.asp
[09:54:25] <Chiron> die blauwe auto ook :-X
[09:55:29] <Jeroen> http://www.crystal-cabin-award.com/cca-news-realeases/article/award-winning-2016s-innovations-for-aircraft-cabins.html
[09:55:30] <Jeroen> delleeuf
[09:56:32] <DataGhostS> "god is faithful" op je busje :X
[09:56:44] <Chiron> tja.. gebruikelijk daar
[09:56:45] <DataGhostS> http://www.jp-sa.org/images/FieldsHill/10.jpg
[09:56:46] <DataGhostS> sta je dan
[09:57:03] <Jeroen> ja daar sta je dan
[09:57:08] <Jeroen> de vrachtwagen die je niet wist dat zou komen
[09:57:16] <DataGhostS> is eindelijk hieeeeeeeeeeeeeeeeeeer
[09:57:17] <DataGhostS> :+
[09:57:25] <DataGhostS> ik ging toch al naar de hel dus dit maakt niet meer uit
[09:57:54] <Chiron> http://www.jp-sa.org/images/FieldsHill/18.jpg nog redelijk intact dat ding
[09:58:16] <DataGhostS> volvo he :+
[09:58:19] <Chiron> denk ook wel dat die roestige tinfoil minivans niet de stevigste meer waren
[09:58:45] <Chiron> then again, zo'n VW zou wel wat moeten kunnen hebben http://www.jp-sa.org/images/FieldsHill/19.jpg
[09:59:01] <DataGhostS> https://www.youtube.com/watch?v=u7V-G3PiRUc best sterke units :P
[10:02:45] <jasper> er is geen enkel busje dat iets doet tegen een volgeladen vrachtwagen op snelheid
[10:02:56] <jasper> ook niet een mercedes :)
[10:10:08] *** Quits: wopie (wopie@84-245-32-188.dsl.cambrium.nl) (Ping timeout: 67 seconds)
[10:17:14] <Jeroen> http://www.wnd.com/2012/03/study-links-being-born-again-to-brain-atrophy/
[10:17:40] <rogue> is t al weekend
[10:20:24] <Huigie> no :(
[10:20:31] <rogue> :(
[10:20:46] <Dubbeldrank> bijna
[10:20:48] <rogue> *snif*
[10:21:06] <Dubbeldrank> het is ook weer bijna maandag though :P
[10:21:35] <rogue> jij bruut
[10:21:59] <Huigie> echt he
[10:22:01] <marccom> die taxibusjes rijden daar als idioten... inhalen waar het niet kan en door rood rijden is standaard daar heb ik afgelopen zomer meegemaakt
[10:22:04] <Huigie> mn tere zieltje
[10:22:08] <rogue> maar, zaterdag chillen en zondag muzak
[10:22:13] <marccom> die 2 voetgangers links... doen die het nog?
[10:22:28] <DataGhostS> beter hadden ze door rood gereden
[10:22:30] <DataGhostS> was veiliger
[10:22:36] <Huigie> zaterdag buffelen, zaterdagavond muziek, zondag coma
[10:24:12] *** Joins: kees (kees@office.tweaknet.net)
[10:24:16] <Huigie> leuk man een vriendin die op zolder wil slapen
[10:24:30] <Huigie> leuk man , verbouwen in een huis waar je reeds in woont
[10:24:40] <DataGhostS> ze wil niet bij jou slapen?
[10:24:42] <Jeroen> arme Huigie 
[10:24:48] <Jeroen> wordt het niet gewoon tijd om te sterven
[10:24:51] <Jeroen> zo op jouw leeftijd
[10:25:00] <rogue> haha
[10:25:06] <Huigie> ben de hele tijd zooi van de ene plek naar de andere aan het verhuizen
[10:25:17] <rogue> flikker t dan weg
[10:25:24] <rogue> als t toch zooi is
[10:25:27] <Huigie> ik mag nog niet Jeroen 
[10:25:32] <Jeroen> wannie
[10:25:38] <Huigie> hey, is nog goeie zooi
[10:25:49] <Jeroen> nou naai het op mp.nl
[10:25:56] <rogue> dan is t je eigen schuld
[10:26:11] <Huigie> idd, had vrijgezel moeten blijven
[10:26:22] <Jeroen> maar met die meuk is het toch heel simpel
[10:26:24] <Jeroen> je doet het in een doos
[10:26:29] <Jeroen> heb je het na 6 maanden nog niet gebruikt
[10:26:30] <Jeroen> weg
[10:26:48] <gdex> alle spullen voor de zomervakantie weg o/
[10:27:39] *** Joins: Guyver2 (Guyver2@guyver2.xs4all.nl)
[10:33:28] *** Quits: wirky (werken@ip503c7f23.speed.planet.nl) (Exit)
[10:38:58] <rogue> fik erin
[10:45:02] *** Quits: marccom (marc@095-097-114-212.static.chello.nl) (Connection reset by peer)
[10:46:10] *** Joins: marccom (marc@095-097-114-212.static.chello.nl)
[10:50:12] *** MueR changes topic to '#volgendreferendum?'
[10:53:28] * Jeroen voelt zich even een lul
[10:53:48] <Jeroen> ik zie een plaatje+artikel voorbij komen van een of andere indier die het gemaakt heeft in the face of adversity
[10:53:56] <Jeroen> ik denk "tering wat zit z'n pak slecht"
[10:54:01] <Jeroen> is die kerel blind :X :D
[10:55:14] <Jeroen> http://natarajank.com/2016/04/05/he-is-24-blind-and-ceo-of-a-rs-10-crore-company-meet-srikanth-bolla/
[10:56:49] <Nakebod> Zijn genoeg mensen die niet blind zijn en er slechter uitzien :+
[10:56:50] <moto-moi> :P
[10:57:16] <DataGhostS> "Plasterk: nog eens goed kijken naar referendumwet"
[10:57:19] <DataGhostS> oh god please help us
[10:57:48] *** Joins: morsenk (Mibbit@ip5452ba41.speed.planet.nl)
[10:57:49] <Escovan> Ja hey, het was ook niet mijn stem, maar met terugwerkende kracht het spel veranderen kan niet.
[10:58:00] <DataGhostS> dat gaat ook helemaal niet gebeuren
[10:58:35] <Jeroen> beter gaat het referendum eruit :+
[10:58:55] <Jeroen> ik kom 30% opkomst overigens ook erg weinig
[10:59:18] <DataGhostS> tsja daar heb je toch voor gekozen toen je stemde voor de tweede kamer :+
[10:59:52] <Escovan> Tja, ik denk dat het voor veel mensen een non-issue was, tegen-stemmers hadden ook hele andere motieven dan alleen tegen de overeenkomst zijn.
[11:00:17] <Drawer> ja man
[11:00:20] <Drawer> ik hoorde net een collega
[11:00:29] <Drawer> 'ik stemde nee omdat ik tegen rutte ben' 
[11:00:29] <Drawer> ........
[11:00:30] <Jeroen> ik heb op een partij gestemd die tegen is, DataGhostS :p
[11:00:39] <Drawer> uh ja leuk, daar ging het niet over gek
[11:00:42] <Jeroen> dus jij hebt 'm ff goed op z'n bakkes geslagen?
[11:00:54] <Ziz> *gaap*
[11:01:04] <Drawer> nee jer
[11:01:10] <Drawer> jer
[11:01:11] <Drawer> KUT
[11:01:13] <Drawer> mn tab is stuk
[11:01:14] <Drawer> :LD
[11:01:17] <Drawer> letterlijk
[11:01:18] <Drawer> de toets
[11:01:20] <Drawer> alt-tab gaat ook niet
[11:01:23] <Nakebod> Hoe krijg je dat nu weer voor elkaar
[11:01:23] *** Quits: ComiXander (Mibbit@mac4-115.vara.nl) (Exit)
[11:01:29] <Drawer> dunno
[11:01:31] <Drawer> ff rebooooooot
[11:01:41] <Escovan> game tobo?
[11:01:41] <Nakebod> Hoewel.. ik heb wel een keer een gescheurde toets gehad, werkte ook niet handig :+
[11:01:48] <Drawer> nee
[11:01:49] <Drawer> laptop
[11:01:52] <Drawer> van de zaak
[11:01:54] <Drawer> moment
[11:01:56] <Jeroen> iew laptop
[11:01:58] *** Quits: Drawer (Mibbit@80.255.245.203) (Exit)
[11:02:22] *** Joins: wirky (werken@ip503c7f23.speed.planet.nl)
[11:02:51] <Ziz> ticket inschieten. "Tab stuk"
[11:03:15] <McM> http://www.nu.nl/werk-en-prive/4242914/aantal-tienermoeders-in-nederland-opnieuw-gedaald.html
[11:03:19] <McM> Daar moeten we wat mee doen..
[11:04:02] <Nakebod> ben je 19, is je omschrijving.. tienermeisje :+
[11:04:30] <sm0ck> *tienermoeder
[11:04:41] <Nakebod> Niet volgens nu.nl 
[11:04:57] <sm0ck> 19 is wel jong
[11:04:59] <Escovan> tja, wat weet je nou als je 19 bent?
[11:05:18] <Nakebod> 19 is jong, maar volwassen genoeg
[11:05:40] <sm0ck> niet voor kinderen krijgen
[11:05:51] <Nakebod> En dat bepaalt wie precies?
[11:05:54] <Escovan> Nah, mij ma was 19 toen ik gebeurde zegmaar ... had liever gehad dat ze daar nog over nagedacht had een paar jaar :P
[11:06:06] <Nakebod> Ja, bijvoorbeeld geheel afzien :+
[11:06:09] <Escovan> psies
[11:06:22] <Nakebod> Te makkelijk meneer!
[11:07:01] <McM> inkoppertje
[11:07:03] *** Joins: Stuiterbal (Stuit@2001:980:5281:1:35e0:c44e:2028:f9ee)
[11:07:09] <McM> Maar goed..
[11:07:09] <Jeroen> "Op je 18eben je volwassen en dus geen tiener. Tevens is wetenschappelijk bewezen dat het vrouwelijk lichaam al verouderd (met het probleemloos krijgen van kinderen) na de 18e.
[11:07:10] <Jeroen> Meisjes zijn niet voor niets eerder volwassen/uitgegroeid dan jongens.
[11:07:11] <Jeroen> Ik ben benieuwd of met de afname van de "tienermoeders" ook een toename van problematische zwangerschappen en onvruchtbaarheid is vastgesteld."
[11:07:11] <Jeroen> nujij toch <3
[11:07:14] <McM> soms heb je ook kinderen..w
[11:07:20] <McM> en dan zijn de ouders midden 20
[11:07:23] <McM> en dan denk je
[11:07:28] <McM> had het ook maar niet gedaan
[11:07:37] <McM> mn buurman is rond de 40
[11:07:41] <McM> en als ik dat kind zie
[11:07:43] <McM> denk ik ook
[11:07:55] <McM> "Postnatale Abortus...moet je is over nadenken"
[11:08:02] <Nakebod> Mag dat nog na 40 jaar?
[11:08:19] <McM> Kunnen we daar een referendum voor doen?
[11:08:43] <Nakebod> Als we dan ook een paar kandidaten mogen opgeven...
[11:08:51] <DataGhostS> sorry was even bezig @ werk Escovan maar @ non-issue zag ik een mooie reactie vanochtend
[11:08:54] <DataGhostS> "Ik snap niet dat er rekening moet worden gehouden met de thuisblijvers. Dat moedigt alleen maar burgerlijke apathie aan, en dat moeten we niet willen met z'n allen in een zogenaamde democratie. Beter zou het zijn om de uitslag keihard na te leven, dan zullen de 'strategische niet-stemmers' het de volgende keer wellicht laten. "
[11:09:16] <Jeroen> ahja
[11:09:23] <Escovan> true
[11:09:25] <Jeroen> een domme strategie om de thuisblijvers een lesje te leren
[11:09:28] <Kaastosti> "de uitslag keuhard naleven"... uh huh... in een RAADGEVEND referendum stelt dat nog niet zo heel veel voor
[11:09:29] <Jeroen> dat is handig
[11:09:46] <DataGhostS> weet ik Kaastosti maar het zou mooi zijn als ze voor de verandering eens luisteren :+
[11:09:47] <Nakebod> Marteling en doodstraf invoeren! Dat zal ze leren!
[11:10:14] <NMe> ik heb liever dat mensen die het niet interesseert of die niet genoeg kennis hebben om te stemmen gewoon thuisblijven :P
[11:10:32] <Kaastosti> de politiek gaat nu gewoon heel hard doen alsof ze het hele proces opnieuw evalueren, om over een paar weken alsnog te concluderen dat het echt het beste is voor NL en de EU om te tekenen en dat gewoon doen
[11:10:46] <Kaastosti> met als kanttekening dat het _echt_ geen lidmaatschap van de EU is
[11:10:50] <Kaastosti> heus niet
[11:11:11] <Kaastosti> ook al wilde GS dat graag laten geloven
[11:11:20] <kees> als dat het probleem is, waarom stond dat gisteren dan niet op het stembiljtet?
[11:11:44] <gdex> dat kon je er gewoon zelf bijschrijven
[11:11:47] <Kaastosti> omdat dat niet de vraag was
[11:12:05] <Kaastosti> het is ook geen lidmaatschap van de lokale sportvereniging... stond er ook niet op
[11:12:16] <gdex> niet? :(
[11:12:34] <kees> dit is vragen aan een kind of hij nog een kopje thee wil terwijl de echte vraag is wat hij wil eten vanavond
[11:16:16] <Ziz> Zat gister bij Sanquin. Moeder met kind. Moeder: Ja pak die pen maar bij die paarse stoelen.. Kind (6 jaar ofzo) keek mama aan met een blik van WTF MA. Alle stoelen hier zijn paars.
[11:16:30] <Ziz> Dat was super grappig met 0.5 liter bloed minder.
[11:17:12] <Huigie> niet
[11:17:14] *** Joins: TNO (TNO@52D9D0A2.cm-11-1d.dynamic.ziggo.nl)
[11:17:15] <Kaastosti> nee, dit is aan een kind vragen of zij (want echte mannen drinken geen thee) nog een kopje thee wil, ondertussen heel hard roepen dat thee giftig is, en het dan gek vinden dat ze niet zo heel nodig meer hoeft
[11:17:23] <Jeroen> https://np.reddit.com/r/worldnews/comments/4dntn1/dutch_say_no_to_treaty_with_ukraine_and_32_vote/d1t753n
[11:19:42] <Huigie> :D
[11:21:02] <Jeroen> https://www.reddit.com/r/worldnews/comments/4dntn1/dutch_say_no_to_treaty_with_ukraine_and_32_vote/d1stlrj
[11:21:02] <Jeroen> ha
[11:21:06] <Jeroen> daar heb je zo'n idioot
[11:22:35] <Nakebod> Maar wat als hij nu gelijk heeft en wij het mis hebben :+
[11:22:53] <Escovan> So, I guess the rest of the EU should just tell Greece and Italy 'you need to keep those refugees yourself,because we tell you to, and we won't pay for this thing we are demanding you to do'? That's Trump-level "Mexico will build the wall we want"-stupid.
[11:22:53] <Jeroen> hij kan best gelijk hebben
[11:23:02] <Jeroen> en hij had vooral "nee" moeten stemmen als het over de houding tegenover de EU ging
[11:23:05] <Jeroen> maar niet nu
[11:23:32] <Chiron> iemand die een woestijn doorkruist laat zich echt niet tegenhouden door een muurtje van een paar meter
[11:23:56] *** Quits: Guyver2 (Guyver2@guyver2.xs4all.nl) (Exit)
[11:26:06] <Jeroen> dat zou wel wat zijn
[11:26:11] <Jeroen> als een jood op de vlucht voor de farao
[11:26:15] <Jeroen> *muur*
[11:26:17] <Jeroen> "meh, fuck it"
[11:26:28] <Ziz> Kunnen we trouwens geen referendum hebben over de terugkeer van lingo?
[11:26:47] <Escovan> Nee. Ballenprogramma.
[11:27:08] <Huigie> Lucille <3
[11:27:09] <Ziz> Beetje zoals de persoon die het presenteert. Loopt niet zo lekker.
[11:28:06] <gdex> ik las vanochtend dat SBS het misschien wil gaan uitzenden Ziz 
[11:28:17] <Ziz> Klopt
[11:30:12] <Ziz> Ik verwacht waggelende resultaten
[11:30:15] <Ziz> ok ben klaar.
[11:30:36] <Jeroen> GROOEEEEN
[11:30:43] <McM> Lucille houd dr poot wel stijf
[11:31:02] <Jeroen> ik ben alleen voor lingo als francois boulangé terugkomt
[11:31:11] <Ziz> Leeft die nog?
[11:31:13] <tobias> alle drempels wegnemen voor dit voorstel 
[11:31:16] <Ziz> Die krullenbol was geniaal
[11:31:19] <Jeroen> zo te zien wel, Ziz 
[11:31:23] <tobias> oja frans bakker
[11:31:28] <Ziz> id
[11:35:13] <Jeroen> In dezelfde uitzending kwam Werner een weddenschap met Robert Jensen na. Deze weddenschap hield in dat zij op televisie zou verschijnen met een diep decolleté. In ruil daarvoor heeft Jensen samen met Jan Paparazzi meegedaan met Lingo. Zij kwamen niet in de finale.
[11:35:14] <Jeroen> wat
[11:35:56] <Huigie> gemist?
[11:36:40] <Chiron> https://media.giphy.com/media/AcQBDZl2aORTVfU76w/giphy.gif
[11:36:47] *** Quits: Xeo (Mibbit@194.151.32.170) (Exit)
[11:36:50] <Jeroen> hahaha
[11:36:52] <Ziz> LOL
[11:36:56] *** Joins: Xeo (Mibbit@194.151.32.170)
[11:37:42] *** Quits: morsenk (Mibbit@ip5452ba41.speed.planet.nl) (Exit)
[11:39:09] *** Quits: Huigie (Huigie@D57D516A.static.ziggozakelijk.nl) (Ping timeout: 60 seconds)
[11:39:39] *** Quits: m1dnight (christophe@2a02:a03f:12d4:a00:be5f:f4ff:fe9a:a91e) (Ping timeout: 66 seconds)
[11:40:27] <Kaastosti> zou Fracois Boulangé die weddenschap ook aan gaan?
[11:40:30] *** Joins: Huigie (Huigie@D57D516A.static.ziggozakelijk.nl)
[11:41:04] <DataGhostS> frank bakker heet ie
[11:41:15] <McM> dat plaatje is te klein
[11:41:30] <Escovan> http://www.geenstijl.nl/mt/archieven/2016/04/de_eu_is_onze_beste_vriend.html <-- zie url ... ja ja ja
[11:41:36] <Escovan> Staan nergens voor die lui.
[11:41:37] <Kaastosti> to YouTube! For glory!
[11:42:15] <Kaastosti> schoppen tegen alles, da's lekker makkelijk
[11:42:37] <Kaastosti> en onredelijke ongefundeerde 'alternatieven' roepen, doet het ook altijd goed
[11:48:06] <rogue> boooo! hiss!
[11:48:13] <rogue> derterkerjerbs
[11:48:47] * DizzyWeb aait rogue 
[11:49:41] <rogue> prr
[11:51:33] *** Joins: Drawer (Mibbit@80.255.245.203)
[11:51:39] <Drawer> klootviool
[11:51:40] *** Quits: Huigie (Huigie@D57D516A.static.ziggozakelijk.nl) (Ping timeout: 67 seconds)
[11:51:41] <Drawer> wat doe je
[11:51:59] <Stuiterbal> ^ mad
[11:52:14] *** Joins: Huigie (Huigie@D57D516A.static.ziggozakelijk.nl)
[11:54:56] *** Joins: m1dnight (christophe@2a02:a03f:124f:d800:be5f:f4ff:fe9a:a91e)
[12:00:48] *** Joins: morsenk (Mibbit@ip5452ba41.speed.planet.nl)
[12:05:51] *** Quits: morsenk (Mibbit@ip5452ba41.speed.planet.nl) (Exit)
[12:06:56] <Jeroen> ivo niehe zal ook wel goed zijn in het presenteren van lingo
[12:06:59] <Jeroen> want laten we even eerlijk zijn
[12:07:03] <Jeroen> ivo niehe kan alles
[12:07:11] <Drawer> exact
[12:07:18] <Drawer> of lee touwers
[12:07:28] <Drawer> die heeft in zn eentje op een zondagmiddag de koopgoot uitgegrave
[12:07:29] <Drawer> n
[12:07:46] <Jeroen> haha
[12:07:51] <Jeroen> dat is oud
[12:08:00] <Drawer> idd
[12:08:01] <Drawer> haha
[12:13:52] <Escovan> http://speld.nl/2016/04/06/eva-6-vwo-voelt-zich-vies-na-eerste-democratische-daad/
[12:15:29] <McM> En daarom! Meer tienermoeders!
[12:16:02] <Kaastosti> maar alleen onder de antillianen en surinamers
[12:19:31] *** Quits: Teckna (jonathan@52487D74.cm-4-1b.dynamic.ziggo.nl) (Ping timeout: 67 seconds)
[12:20:14] *** Joins: Phaxinity (Phaxinity@46.166.190.235)
[12:20:32] *** Quits: Xeo (Mibbit@194.151.32.170) (Exit)
[12:22:11] <Jeroen> wil ik ff gaan wandelen
[12:22:13] <Jeroen> regent het
[12:22:13] <Jeroen> fml
[12:23:43] <McM> ben je van suiker?
[12:23:44] <McM> nee toch
[12:23:46] <McM> nou dan
[12:24:12] <gdex> je wacht niet eens op z'n antwoord
[12:24:14] <Escovan> Over wandelen ... Enwrgie afrekening in mijn voordeel ... Zo effe nieuwe sneakers halen.
[12:24:14] <gdex> misschien is 'ie wel van suiker
[12:25:29] <Jeroen> ik ben iig deels van suiker
[12:27:28] <gdex> maar je hebt toch wel een paraplu?
[12:29:22] <Escovan> Maar als het regent, kan ik ze beter gewoon online bestellen :+ http://www.adidas.nl/climacool-boat-lace-schoenen/B26761.html
[12:30:20] <Escovan> ¨Aantal 1¨ - staat toch raar :P
[12:31:39] <Jeroen> ja maar over een half uur is het droog
[12:31:39] <Jeroen> :+
[12:31:48] <Jeroen> + een plu in delft is altijd tricky
[12:31:50] <Jeroen> kutwind hier
[12:34:08] <Huigie> queefjes
[12:34:49] *** Quits: Phaxinity (Phaxinity@46.166.190.235) (Ping timeout: 66 seconds)
[12:37:28] *** Joins: Teckna (jonathan@52487D74.cm-4-1b.dynamic.ziggo.nl)
[12:38:58] *** Joins: Phaxinity (Phaxinity@46.166.190.235)
[12:46:01] <Escovan> Zo besteld. Hopelijk passen ze ook in 1 keer. 
[12:47:06] <tobias> what the fuck
[12:47:19] <tobias> slijtgrage lelijke gympen van 70 piek 
[12:47:30] <Escovan> 60
[12:47:32] <Escovan> korting
[12:47:50] <Escovan> Mijn vorige adidassen heb ik een jaar op gelopen hoor.
[12:47:54] <Escovan> En ik loop veel.
[12:49:03] <tobias> zenuwlap :P
[12:50:00] *** Quits: Teckna (jonathan@52487D74.cm-4-1b.dynamic.ziggo.nl) (Connection reset by peer)
[12:50:01] *** Joins: Teckna (jonathan@52487D74.cm-4-1b.dynamic.ziggo.nl)
[12:52:04] <Chiron> whatever floats your boat
[12:52:17] <Escovan> lace schoenen
[12:53:17] <Chiron> http://www.vaola.nl/p/adidas-climacool-sportschoenen-voor-mannen-blauw-marine-wit-1347165.html?gclid=Cj0KEQjwipi4BRD7t6zGl6m75IgBEiQAn7CfF4ehRBbH7IbmU5WDCpTVwHO7Pfn-4meE3fQnIUzgkg4aAvC48P8HAQ&se=pla&utm_content=AD-B26761&utm_source=nl_adwords-pla hehe
[12:53:46] <Huigie> :D
[12:55:00] <Escovan> ah well :P Ik had 80 begroot.
[12:55:13] <mimic> https://www.youtube.com/watch?v=WU0cGmmL374
[12:55:39] <Chiron> ach.. als je toch een boot kan betalen
[12:56:25] <Chiron> zijn ook wel fijne schoentjes om mee te raften
[12:57:25] <Escovan> Of gewoon te wandelen. Ik heb nu ook hardloop schoenen waarop ik wandel, vinden ze helemaal niet erg.
[12:59:45] *** Quits: McM (mcm@37.153.235.113) (Ping timeout: 67 seconds)
[12:59:57] *** Joins: chem (chem@125.60.156.241)
[13:00:17] <Escovan> En als ze niet bevallen stuur ik ze terug #care.
[13:00:32] <Kaastosti> neeeej van die schoenen met zo'n wieltje er in, kom je heel soepeltjes voorbij rollen
[13:00:41] <Kaastosti> en lichtjes!
[13:00:48] <Chiron> of met van die ledlampen erin over de hele lengte
[13:00:53] <Kaastosti> en vergeet de geluideffecten neit
[13:02:20] <Chiron> https://www.bright.nl/nieuws/architectuur-rotterdam-krijgt-trap-van-jewelste wtf
[13:02:23] <Chiron> oh.. tijdelijk
[13:03:42] <gdex> Jeroen: stormplu
[13:03:45] <gdex> dat ding komt nota bene uit delft :P
[13:04:07] *** Joins: ComiXander (Mibbit@mac4-115.vara.nl)
[13:06:20] *** boekee_away is now known as boekee
[13:07:19] *** Quits: Teckna (jonathan@52487D74.cm-4-1b.dynamic.ziggo.nl) (Ping timeout: 60 seconds)
[13:08:05] <Jeroen> ghehe
[13:08:09] <Jeroen> ja die moet ik ooit nog een kopen :+
[13:08:51] *** Joins: Teckna (jonathan@52487D74.cm-4-1b.dynamic.ziggo.nl)
[13:09:21] <gdex> ik heb het maar gedaan toen ik elke 3 regenbuien een plu versleet
[13:09:25] <gdex> dan heb je een 3x zo dure er snel uit
[13:10:11] <Chiron> Knirps double action hier, gaat alweer een paar jaar mee
[13:10:19] <Chiron> zo'n goedkopie plu is na een goeie windvlaag al stuk idd
[13:10:45] <Jeroen> oh m'n plu blijft wel heel
[13:10:47] <Jeroen> is dan ook best een goede plu
[13:10:57] <Jeroen> maar is geen stormplu dus het ding gaat wel alle kanten uit
[13:11:23] <Chiron> mwa.. zo'n stormplu is ook niet heilig als het echt hard waait
[13:12:10] <Jeroen> nee maar zo'n senz is wel ontworpen om ook minder wind te vangen
[13:12:21] <Jeroen> en stormplu's met gaten laten wat wind door
[13:12:32] <Jeroen> maar idd niet heilig
[13:12:33] <Drawer> enige nuttige ding wat ooit uit heel die opleiding van Jeroen is gekomen is die kut paraplu
[13:12:34] <Jeroen> goed
[13:12:35] <Jeroen> :w
[13:12:42] <Chiron> het scheelt wel wat ja, then again als het dermate hard waait helpt een plu uberhaupt niet, horizontale regen ftl
[13:12:49] <Jeroen> niet haten Drawer 
[13:12:57] <Drawer> je weet dat t waar is
[13:13:59] <Jeroen> :(
[13:14:13] <Jeroen> http://www.io.tudelft.nl/en/news/prize-winners/ hater
[13:14:14] <gdex> Chiron: plu voor je hoofd houden
[13:14:28] <Jeroen> hm die drone komt ook uit delft
[13:14:29] <Jeroen> TIL
[13:14:32] <gdex> dat het een prijs wint wil niet zeggen dat het nuttig is Jeroen 
[13:14:38] <gdex> vroegah kreeg je ook gewoon een sticker voor de moeite
[13:14:46] <Jeroen> en dan als oude vrouwtjes zonder situational awareness tegen mensen aan lopen, gdex
[13:14:58] <gdex> nee, je kunt hun benen nog wel zien
[13:15:12] <Jeroen> ja maar dan moet je daar wel op letten
[13:15:15] <gdex> en als het toch gebeurt, wat dan nog, dan liepen ze in de weg :+
[13:15:16] <Jeroen> dat doet niet iedereen
[13:15:18] <Chiron> doorzichtige plu :D
[13:15:18] <gdex> klopt
[13:15:29] <gdex> loop wel eens tegen iemand aan die op z'n telefoon aan het kijken is en totaal niet oplet
[13:15:35] <Jeroen> die zijn wel old skool Chiron 
[13:15:37] <gdex> als je zo'n lul bent ga ik ook niet aan de kant
[13:15:41] <Jeroen> haha ja 
[13:15:50] <Jeroen> of mensen die met 3 naast elkaar lopen en niet aan de kant gaan
[13:15:55] <gdex> slaan
[13:15:56] <gdex> met stokken
[13:15:56] <Jeroen> schoudertje naar voren
[13:15:58] <Jeroen> boink
[13:16:04] <Jeroen> ik dacht meer aan neerschieten
[13:16:05] <Jeroen> met geweren
[13:16:11] <Jeroen> ik bedoel
[13:16:13] <gdex> nah, ze moeten een 2e kans kunnen krijgen
[13:16:19] <Chiron> dat werkt alleen als je minimaal een kop groter en 20 kilo zwaarder bent
[13:16:20] <Jeroen> vroeger op de serengeti waren die mensen toch wel opgegeten door een leeuw ofzo
[13:16:26] <gdex> liefst ook niet na pas 2 jaar revalidatie
[13:16:42] <gdex> kop groter scheelt wel ja Chiron 
[13:16:44] <Jeroen> maar nu heb je al die onrendabelen die een kwartier voor een schap in de supermarkt iedereen staan te blokkeren
[13:16:50] <Jeroen> daar heb ik nog wel de grootste hekel aan
[13:16:51] <gdex> op het station oid gewoon blik op oneindig en doorlopen
[13:16:54] <Jeroen> hoe kan je zo achterlijk zijn
[13:17:00] <Huigie> onrendabelen_o-
[13:17:01] <gdex> scheelt 90% van het aantal keer uitwijken wat ik anders doe
[13:17:03] <Chiron> welkom in #ergernissen
[13:17:14] <gdex> nou Jeroen, dat is makkelijk
[13:17:21] *** Quits: rhod (rhod@86.85.193.196) (Exit)
[13:17:22] <gdex> ze kiezen ervoor om in delft te wonen, dan moet je wel achterlijk zijn
[13:17:27] <Jeroen> ghehe
[13:17:40] <gdex> Drawer vindt dat ook, vraag maar
[13:17:52] <Jeroen> als je je gelijk met Drawer moet halen
[13:17:55] <gdex> maar idd, dat is echt ontzettend irritant
[13:17:58] <Jeroen> is het dan niet beter om het te laten gaan?
[13:18:05] <gdex> dat geeft aan dat elke idioot het weet
[13:18:10] <Jeroen> en dan zeker voor zo'n modern koelschap met van die deurtjes
[13:18:13] <Jeroen> echt
[13:18:21] <gdex> en hun karretje lekker halverwege laten staan
[13:18:24] <Jeroen> staat daar iemand 5 minuten te bedenken wat voor aardappeltjes ie gaat kopen
[13:18:24] <gdex> en boos worden als je 'm aan de kant zet
[13:18:27] <Jeroen> doe een stap terug mongool
[13:18:41] <Dubbeldrank> nou nou
[13:18:59] <Dubbeldrank> wat een drama ;)
[13:19:01] <Chiron> dan rol ik meestal gewoon door naar het volgende item op mn lijstje
[13:19:02] <Jeroen> ja Dubbeldrank 
[13:19:05] <Jeroen> jij bent er zo een he
[13:19:06] <gdex> Jeroen's bloed is aan het koken nu hoor
[13:19:08] <Jeroen> ik heb je wel door
[13:19:18] <Dubbeldrank> alleen als jij rbij moet Jeroen
[13:19:18] <gdex> als je er een stoomturbine op aansluit heb je voor 20 huishoudens stroom
[13:19:33] <Dubbeldrank> RAGE!
[13:19:33] <Jeroen> ghehe
[13:19:42] <gdex> waarom doen we dat eigenlijk niet
[13:19:47] <Jeroen> ja zulke dingen zijn niet goed voor mijn misantropie
[13:19:50] <gdex> gewoon een paar miljoen Jeroen's boos maken en aansluiten als batterij
[13:19:54] <Chiron> de ph waarde is dalende
[13:19:54] <Jeroen> omdat we niet in de matrix leven
[13:19:55] <Dubbeldrank> dat is misschien een veiligere optie dan die reactor waar hij het over heeft
[13:19:57] <Jeroen> nouja eigenlijk
[13:20:01] <gdex> hoe weet jij dat Jeroen :+
[13:20:10] <Jeroen> de matrix klopt niet omdat het eigenlijk om processing power ging
[13:20:19] <Jeroen> maar dat zou de gemiddelde mongool niet snappen
[13:20:20] <Escovan> http://nieuwspaal.nl/oekraine-referendum-iq-drempel-niet-gehaald/
[13:20:23] <Jeroen> dus maken ze de film thermodynamisch onmogelijk
[13:20:24] <Jeroen> ...
[13:20:35] <gdex> het is een film.
[13:20:40] <gdex> boeiend
[13:20:41] <Jeroen> en volgens mij hebben ze die film van apollo 13 toen ook verneukt omdat het in het echt te goed afliep
[13:20:43] <gdex> het is geen documentaire
[13:20:44] <gdex> hoop ik
[13:20:48] <Jeroen> ghehe
[13:21:01] *** Quits: chem (chem@125.60.156.241) (Exit)
[13:21:20] <Dubbeldrank> zeg Jeroen, ga jij even lekker entertainment analyseren
[13:21:57] <gdex> Jeroen kijkt ook the big bang theory om er iets van op te steken
[13:22:00] <Dubbeldrank> jij bent zeker zo'n figuur dat bij de kassa staat te zeuren met de bon in je handen over 6 cent...
[13:22:01] <gdex> zo heeft hij natuurkunde gehaald
[13:22:06] <Jeroen> nee Dubbeldrank 
[13:22:10] <Jeroen> daar heb ik ook een hekel aan
[13:22:19] <Jeroen> zeker als mensen dat doen bij de kassa ipv de servicebalie
[13:22:24] <Jeroen> sodemieter op ouwe seniele gek ik wil naar huis
[13:22:30] <Dubbeldrank> ik heb gewoon een hekel aan boodschappen doen, dat vat alles wel samen LD
[13:22:32] <gdex> zelfscannen dan
[13:22:32] <Dubbeldrank> :D
[13:22:44] <moto-moi> zelfscannen ftw, zo min mogelijk menselijk contact
[13:22:45] <gdex> ik dacht 1x "ik moet even iets kleins hebben, ik ga wel gewoon langs de kassa"
[13:22:50] <Huigie> appie.nl ftw
[13:22:56] <gdex> de rij was zo lang dat ik een scanner kon halen, scannen, afrekenen, en nog sneller was
[13:22:59] <gdex> Huigie: dat vereist planning
[13:23:18] <Dubbeldrank> We hebben hier zo'n AH afhaalpunt, dat is compleet contactloos moto-moi
[13:23:19] <gdex> zou handig zijn als appie net zo snel was als thuisbezorgd
[13:23:19] <moto-moi> ik heb nog nooit hoeven wachten voor de zelfscan, tis alleen irritant als die rode lamp weer gaat branden :+
[13:23:24] <Jeroen> The machines use humans, not for energy, but for processing power.
[13:23:25] <Jeroen> This was what the Wachowskis originally intended to do, but it was struck down by executive meddlers who didn't think the audience would understand it. (As if everyone understands what did make it onto the screen...). And it would make more sense if you think about it.
[13:23:27] <gdex> Dubbeldrank: iemand helpt je met die spullen hoor
[13:23:30] <Jeroen> fucking
[13:23:31] <Jeroen> idiots.
[13:23:32] <moto-moi> Dubbeldrank: ik zoek liever nog zelf m'n appels uit :P
[13:23:44] <Dubbeldrank> hoeft niet gdex
[13:23:48] <Jeroen> zelfscannen heeft hier ook menselijk contact
[13:23:51] <Jeroen> en is nog trager ook
[13:23:53] <Jeroen> meestal
[13:23:56] <Dubbeldrank> je krijgt het via een lopende band
[13:23:56] <gdex> trager?
[13:24:00] <gdex> wat voor prutswinkel dan
[13:24:06] <Jeroen> jumbo
[13:24:10] <gdex> prutsjumbo dan
[13:24:22] <Jeroen> nouja het is meer dat de gewone kassa's vrij goed bemand zijn
[13:24:25] <gdex> ook de zelfscan bij de jumbo is gewoon sneller dan in de rij bij de kassa gaan staan
[13:24:26] <Dubbeldrank> menselijk contact is ook wel verschrikkelijk natuurlijk
[13:24:27] <Jeroen> en iedereen toch maar zelfscant
[13:24:31] <gdex> en de kassa's bij de jumbo lopen lekker door ja
[13:24:35] <Jeroen> dus ik pak meestal de gewone kassa's
[13:24:58] <Jeroen> je moet wel opletten daar
[13:25:05] <Jeroen> er zit 1 zo'n huisvrouw van een jaar of 50
[13:25:09] <Jeroen> ik heb snellere gletsjers gezien
[13:25:11] <Jeroen> holy shit
[13:25:12] <gdex> :D
[13:25:17] <Jeroen> die had ik vijf jaar geleden al ontslagen
[13:25:21] <gdex> mag niet waarschijnlijk
[13:25:23] <gdex> werkt er al 30 jaar enzo
[13:25:30] <Dubbeldrank> te duur
[13:25:37] <gdex> van vroeger, toen het nog een A&P was voor het een C1000 en toen een Jumbo werd
[13:25:44] <Jeroen> mja gewoon blijven waarschuwen dat ze een keer op moet schieten en dan na 2342 waarschuwingen ontslaan ofzo
[13:25:51] <Jeroen> ja die zit er al sinds c1000 sowieso
[13:25:58] <gdex> dat verklaart
[13:26:12] <Jeroen> sowieso iedereen boven de 21 zal een vaste kracht zijn
[13:26:34] <gdex> een handjevol voor overdag
[13:26:38] *** Joins: chem (chem@125.60.156.241)
[13:26:40] <gdex> en een student of 2 voor het vakkenvullen overdag
[13:26:54] <gdex> en als iedereen komt winkelen proppen ze het vol met scholieren en een paar studenten
[13:27:12] <Jeroen> bij ons heb je geen studenten volgens mij
[13:27:16] <Kaastosti> oh ik vind de AH  het bij ons in ieder geval altijd prima doen
[13:27:23] <Jeroen> nja misschien wat hbo'ers van een jaar of 17/18
[13:27:29] <Kaastosti> Vomar is dichterbij, maar de tijd die ik daarmee bespaar, sta ik langer in de rij
[13:27:31] <gdex> die valleen onder scholieren
[13:27:35] <Jeroen> agreed
[13:27:36] <Jeroen> maarja
[13:27:40] <Kaastosti> bij AH eigenlijk nooit echt een rij, daar schakelen ze heel snel bij
[13:27:40] <Jeroen> ik denk: ik doe eens aardig
[13:27:41] <gdex> Kaastosti: bij ons is het andersom, maar bij de vomar komt geen hond
[13:27:52] <gdex> dat verwacht niemand van je Jeroen 
[13:27:56] <gdex> die schijn hoef je ook niet op te houden :P
[13:27:57] <Jeroen> ghehe
[13:29:04] *** Joins: Robin (robin@5419F052.cm-5-2d.dynamic.ziggo.nl)
[13:29:04] <Jeroen> http://qz.com/656104/a-fleet-of-trucks-just-drove-themselves-across-europe/
[13:29:04] *** ChanServ sets mode: +v Robin
[13:29:28] <Jeroen> daar hoor je dan weer niemand over
[13:29:35] <Jeroen> dat doet de overheid toch weer best geinig
[13:30:10] <Jeroen> goed, ik was weg
[13:30:14] <Drawer> wel Jeroen 
[13:30:16] <gdex> dat was gewoon te lezen
[13:30:17] <Drawer> dit was gister op nos.n;
[13:30:19] <gdex> gisteren op nos.nl
[13:30:22] <Drawer> exact.
[13:30:26] <gdex> zie je, elke idioot weet dat
[13:30:30] <Drawer> idd
[13:30:33] <Drawer> want gdex weet t ook
[13:30:40] <gdex> o/
[13:30:47] <gdex> ik kan nos.nl tenminste normaal typen
[13:34:46] <rogue> ja?
[13:35:12] <rogue> wij weten niet hoe jij typt
[13:36:05] *** Quits: TNO (TNO@52D9D0A2.cm-11-1d.dynamic.ziggo.nl) (Input/output error)
[13:36:38] *** Quits: Teckna (jonathan@52487D74.cm-4-1b.dynamic.ziggo.nl) (Ping timeout: 66 seconds)
[13:36:47] <Huigie> je bent van een swyper
[13:37:10] <Huigie> vast
[13:37:52] *** Joins: Teckna (jonathan@3E91CF31.cm-13.dynamic.ziggo.nl)
[13:38:30] *** Joins: Teckna1 (jonathan@52487D74.cm-4-1b.dynamic.ziggo.nl)
[13:38:59] *** Quits: Teckna (jonathan@3E91CF31.cm-13.dynamic.ziggo.nl) (Ping timeout: 61 seconds)
[13:46:16] *** Quits: wirky (werken@ip503c7f23.speed.planet.nl) (Exit)
[13:46:55] *** Quits: Dennis (dennis@anna.infra.promising.nl) (Ping timeout: 61 seconds)
[13:47:03] *** Joins: Dennis (dennis@anna.infra.promising.nl)
[13:53:39] <DinX_Werk> Under suspicion in the fallout from the global offshore accounts investigation, Uruguayan lawyer Juan Pedro Damiani resigned as a FIFA ethics judge on Wednesday.
[13:53:47] <DinX_Werk> ethics judge, en genoemd worden in het panama gedoe :')
[13:53:55] <rogue> naja
[13:54:23] <rogue> de halve wereld is genoemd in het panamagedoe
[13:54:37] <rogue> gelijk ontslag nemen is verdacht
[13:55:07] <Chiron> ja duh.. alles wat een beetje accountant kon betalen heeft zn geld daar gestald, an sich is het ook niet illegaal
[13:55:35] <rogue> neuh
[13:55:42] <rogue> zolang je t netjes meldt
[13:55:59] <rogue> maar m gelijk peren is gewoon verdacht
[13:56:44] <Nakebod> Lijkt wel een minister die ergens van beschuldigd wordt
[13:57:20] <Drawer> hahahaha
[13:57:22] <Drawer> finkers
[13:57:23] <Drawer> _O_
[13:57:37] <Drawer> 'ik heb altijd 2 balpennen bij, een gewone balpen en een bijbalpen' 
[13:57:38] <Drawer> :DD
[13:57:59] <DataGhostS> Drawer heeft het niveau van z'n humor weer gevonden, mooi, mooi
[13:58:07] <DataGhostS> PIEMEL!
[13:58:13] <DataGhostS> lachen dan
[13:58:14] <chem> POEP
[13:58:15] <DataGhostS> :')
[13:58:16] <chem> PLAS
[13:58:29] <DataGhostS> hij ligt zo hard dubbel dat ie niet meer kan typen
[13:58:38] <DataGhostS> inb4 nietes
[13:58:51] <Nakebod> Maar Finkers heerst!
[14:04:04] *** Joins: rhod (rhod@86.85.193.196)
[14:04:21] <mimic> ja, iedereen heeft die ziekte tegenwoordig Nakebod 
[14:04:59] *** Quits: ComiXander (Mibbit@mac4-115.vara.nl) (Exit)
[14:06:20] <chem> zo, 60.000 php opgenomen
[14:06:38] * chem rijke stinkderd
[14:06:42] <chem> stinkderd.
[14:06:45] <chem> zucht.
[14:06:50] <chem> stinknerd of stinkerd?
[14:06:52] <chem> you pick.
[14:08:17] <DinX_Werk> why not both
[14:10:05] <mimic> WHY NOT ZOIDBERG
[14:10:38] <chem> HITLER
[14:10:45] <chem> there, I dunnit
[14:11:10] <mimic> haha :卍
[14:11:22] <moto-moi> php6?
[14:11:23] <chem> 2.9 KB/s, jezus wat is het traag hier
[14:11:35] <chem> moto-moi nee allemaal php1000
[14:11:39] <moto-moi> :P
[14:11:45] <mimic> das weer eens wat anders
[14:12:51] <chem> ongeveer € 20 waard, wat overeenkomt met de gemiddelde php app
[14:13:32] <mimic> hehehe
[14:13:34] <mimic> php--
[14:14:04] *** Joins: secret_hunter (Mibbit@ip4da5f3d4.direct-adsl.nl)
[14:15:23] *** Quits: secret_hunter (Mibbit@ip4da5f3d4.direct-adsl.nl) (Exit)
[14:18:05] *** Joins: Saggler (Saggler@131-052-158-163.dynamic.caiway.nl)
[14:30:25] <Ziz> Zo schattig. Technische mensen met een mening
[14:30:33] <Ziz> koetsiekooo
[14:30:40] <Ziz> Now sit down and work!
[14:32:20] <Ziz> plebs
[14:33:34] <Kaastosti> gatverdamme... arbeiders
[14:33:53] <Ziz> idd
[14:34:06] <Ziz> vies volk
[14:34:32] <Kaastosti> ontslaan zeg ik je, allemaal!
[14:34:43] <Kaastosti> dat gewerk moet maar eens afgelopen zijn
[14:34:49] <Kaastosti> consultancy, dat is de shit!
[14:34:57] <Ziz> Ik raak ze niet aan hoor! Praat niet eens tegen me. Daar heb ik een I.T. manager voor
[14:35:02] <Ziz> ze
[14:35:18] <Kaastosti> jij 'tagt' ze gewoon
[14:35:25] <Ziz> Idd
[14:35:27] <Kaastosti> dan krijgen ze een rood bolletje in Excel
[14:35:36] <Kaastosti> en vanaf volgende week zijn ze ineens uit de lijst
[14:35:58] <Ziz> "Als ik je 10.000 geef ga je dan weg?"
[14:36:08] *** Quits: rhod (rhod@86.85.193.196) (Exit)
[14:36:13] <Ziz> rhod wel dus
[14:36:13] <Kaastosti> rhod wel dus
[14:36:17] <Kaastosti> :D
[14:36:21] <Ziz> oh wauw
[14:36:21] <chem> 10.000 tandenstokers
[14:36:55] <Ziz> 10k is echt meest genoemde oprot premie ooit
[14:37:03] <Kaastosti> al helemaal prachtig als jouw bonus 30k per werknemer is
[14:37:11] <Ziz> idd
[14:37:14] <Kaastosti> 10k? daar ga je toch niet voor weg?
[14:37:23] <Ziz> nee idd
[14:37:25] <Ziz> maar veel toch wel
[14:37:27] <Ziz> plebs
[14:37:46] <chem> ik wel :P
[14:37:50] <chem> er vanuitgaande dat ik het al zat was en iets anders op het oog heb
[14:37:59] <Kaastosti> jaaa nu geld! dan kan ik eindelijk die nieuwe TV kopen... 70" bitches! en dan over twee maanden vol overtuiging PVV stemmen omdat de politiek je arm maakt
[14:38:08] <Ziz> idd
[14:38:17] <chem> ff 4 maandjes de wereld rondreizen
[14:38:21] <chem> toedeeeels
[14:38:22] <Kaastosti> chem... dan nog... 10k
[14:38:29] <Kaastosti> come on, daar is meer uit te halen
[14:38:32] <Ziz> Voor sommige is dat veel
[14:38:35] <Ziz> meer dan voor andere
[14:39:01] <Kaastosti> 10k schoon in het handje is ook echt een prima concept... maar niet per sé om daar je baan voor op te geven
[14:39:04] <chem> Kaastosti tuurlijk, maar soms is 10k al genoeg om te gaan
[14:39:10] <chem> bij vorige werkgever had ik resoluut ja gezegd
[14:39:23] <Ziz> snap ik wel. Ligt aan de situatie
[14:39:26] <chem> wel onderhandelen voor hoger bedrag, maar niet... who cares
[14:39:45] <Ziz> als je 1600pm krijgt
[14:39:48] <Ziz> is 10k veel
[14:39:51] <chem> 10k, da's toch gauw bijna een maandsalaris
[14:39:58] <Ziz> bijna idd
[14:40:03] <Chiron> hangt er vanaf, bruto, of netto
[14:40:25] <Kaastosti> dat heeft m'n pa handig gedaan... kreeg ook zo'n aanbod, die ging de onderhandeling in. Ze verwachtten niet dat 'ie ooit ja ging zeggen, dus deden vrolijk mee... tot er ineens een handtekening stond
[14:40:44] <Kaastosti> en daardoor kon 'ie ineens zonder serieus risico voor zichzelf beginnen
[14:41:18] <Ziz> mja idd
[14:41:53] <chem> zucht, amerikanen
[14:42:00] <chem> iemand die 3 dagen per week op z' koter moet passen
[14:42:01] <Kaastosti> oh nee wacht, dat was nog eerder, hij had binnen twee weken weer een soortgelijke baan
[14:42:04] <chem> wil-ie een 'poop sensor' kopen
[14:42:08] <chem> wtf echt
[14:42:16] <chem> alsof je dat meer dan 3 minuten kan missen
[14:42:17] <Kaastosti> poop sensor? die zit toch ingebakken?
[14:42:27] <Chiron> wat is er mis met je neus?
[14:42:30] <chem> https://www.reddit.com/r/daddit/comments/4dqf3c/i_have_three_days_in_the_week_where_my_kid_is_my/
[14:43:07] <Kaastosti> da's best ernstig
[14:43:18] <Kaastosti> 'murica!
[14:43:20] <chem> Hooglander1 deze is speciaal voor jou! http://i.imgur.com/bHzPTnp.png
[14:43:45] <Chiron> ah ja in indonesie huur je gewoon een nanny die het voor je doet
[14:43:54] <chem> poepen?
[14:44:03] <Chiron> neuh, het kind fixen
[14:44:06] <chem> ik kan het zelf inmiddels best goed
[14:44:10] <Drawer> ahha chem
[14:44:12] <Drawer> wat een kut pie chart
[14:44:13] <Drawer> :D
[14:44:16] <chem> we hadden hier 3 dagen gedoken
[14:44:17] <Drawer> krijg daar aids van
[14:44:18] <Drawer> in mn ogen
[14:44:25] <chem> van zeg 8 tot 16h ofzo
[14:44:27] <chem> babysitter erbij
[14:44:27] <chem> 5 euro
[14:44:28] <chem> voor de hele dag :D
[14:44:35] <Chiron> zoveel? duur man ;D
[14:44:40] <Ziz> 5 euro voor een dag
[14:44:41] <Ziz> jezus
[14:44:42] <chem> mini-me amper gezien
[14:44:53] <chem> .ph he :P
[14:44:53] <chem> 2 eilanden verderop willen ze 5 euro per uur
[14:44:57] <chem> ja uhhh nee.
[14:45:04] <Ziz> lol
[14:45:05] <Kaastosti> eeeeh wat een geweldige pie chart :P
[14:45:32] <Chiron> mijn familie had er ook een geregeld, tot mn vrouw 'oh hell no' zei, lossen we zelf wel op
[14:45:41] <chem> Kaastosti en toch tot 100% komen he, da's best moeilijk
[14:45:52] <Ziz> Had tijdje geleden een sales figuur die 110% probeerde uit te beelde in een pie chart. Kon mn lach niet inhouden
[14:46:01] <chem> hehe
[14:46:05] <chem> 110% inzet, elke dag!
[14:46:06] <Hooglander1> chem: JEZUS
[14:46:09] <Hooglander1> de tering
[14:46:15] <Hooglander1> Vertel me dat dat een troll is
[14:46:29] <chem> als jij dat wil
[14:46:46] <Hooglander1> heb je een originele link?
[14:46:58] <chem> reddit
[14:47:08] <chem> :P
[14:47:15] <Chiron> https://www.reddit.com/r/StarWars/comments/4dh3ds/saw_this_on_the_road_last_week_vid_in_comments/ rofl
[14:47:19] <chem> https://www.reddit.com/r/thenetherlands/comments/4dqjnw/gemeente_heemstede_maakt_een_pie_chart_over_het/
[14:47:39] <Hooglander1> https://www.facebook.com/gemeenteheemstede/photos/a.186828911396119.48384.147248075354203/1007363072676028/?type=3
[14:47:45] <Nakebod> Dus... alle willekeurige data in 1 taartje? Nice. :+
[14:48:10] <chem> weebl & bob zouden er raad mee weten
[14:54:44] <DizzyWeb> lol :')
[14:56:05] <Hooglander1> man man man
[14:56:19] <Ziz> Het is bijzonder
[14:57:10] <Ziz> Wat zeg je dan ook tegen die mensen die het gemaakt hebben.. "Denk na?" .. "Staar naar het plaatje en zoek me op wanneer je ziet wat er niet klopt"
[14:58:09] <Drawer> en als ze dan binnen 5 minuten niet bij je zijn
[14:58:11] <Drawer> zijn ze ontslagen?
[14:58:24] <Ziz> Ik bedoel Dit is zo dom.
[15:03:38] *** Quits: DataGhostS (vincent@5ED2C6DE.cm-7-3d.dynamic.ziggo.nl) (Ping timeout: 60 seconds)
[15:04:41] <Kaastosti> heeft gewoon iemand alle kolommen geselecteerd in Excel en daarna op 'taartdiagram' geklikt
[15:04:55] <Kaastosti> er zaten kleurtjes in, het was een soort taart, dus het zal wel goed zijn... hoppa online!
[15:08:58] <Ziz> Ja maar dan kijk je er toch naar
[15:09:08] <Ziz> en dan krijg je toch net als de rest van ons meteen hoofdpijn
[15:11:10] <Kaastosti> weer een stagiair klaar na deze week :P
[15:16:47] <Ziz> hehe
[15:17:11] <Ziz> stagier hoord niet zomaar iets op hun social media te kunnen plempen zonder dat die gechecked is
[15:17:40] <Kaastosti> maar dat is de enige die enigszins weet wat social media inhoudt
[15:17:58] <Ziz> Die kans is zeer aanwezig
[15:18:07] <Kaastosti> oh jij hebt ook een vleesboek account? dan ben jij nu verantwoordelijk voor onze pagina
[15:21:21] *** Joins: Smileface (alexander@25bc408b.ftth.concepts.nl)
[15:21:32] *** Joins: Tweaker_3157 (Mibbit@193.172.9.130)
[15:28:13] *** Joins: zomertje (zomertje@pluizigenblauw.xs4all.nl)
[15:28:13] *** ChanServ sets mode: +o zomertje
[15:30:12] <Ziz> bookface pr0
[15:34:15] <Kaastosti> dat bekt lekker, die site ga ik beginnen... en 'pro' toevoegen is natuurlijk altijd goed
[15:36:24] *** Quits: Tweaker_3157 (Mibbit@193.172.9.130) (Exit)
[15:36:33] *** Joins: Tweaker_0360 (Mibbit@hdns01.hde.nl)
[15:38:28] <Jeroen> en als het niet loopt, huur je Ziz in, Kaastosti 
[15:38:30] <Jeroen> kan ie mensen ontslaan
[15:38:43] *** Quits: chem (chem@125.60.156.241) (Exit)
[15:39:28] <Jeroen> http://tweakers.net/geek/110077/duitsers-geven-iphone-se-uiterlijk-van-iphone-6-met-namaakbehuizing.html
[15:39:29] <Jeroen> ha
[15:41:44] <Jeroen> ik zie dat kamstra ook weer druk bezig is, Hooglander1 
[15:42:19] <mimic> nog even en dan ga ik kamstra irl pesten
[15:42:26] <mimic> met LuNaTiC|HJ \o
[15:43:20] <Huigie> _o- https://www.facebook.com/ThinkingHumanity/videos/1032600683467487/
[15:43:34] <Huigie> mag er niet om lachen maar 't is best grappig
[15:44:23] <Jeroen> hahahaha
[15:44:27] <mimic> hjehehe
[15:44:33] <Kaastosti> eeeeh nee, zo grappig vind ik het niet
[15:44:44] <Kaastosti> vind het voornamelijk een stomme actie
[15:44:48] <mimic> echt te erg
[15:45:02] <Jeroen> uit die boom
[15:45:03] <Jeroen> :D:D:DD
[15:45:05] <Jeroen> :DDDD
[15:45:14] <Nakebod> En dan janken als ie neergeschoten wordt door een burgert met pistooltje
[15:45:21] <Kaastosti> ja waarschijnlijk
[15:45:34] <Kaastosti> als je zoiets doet _hoor_ je neergeschoten of geknuppeld te worden
[15:45:59] <Nakebod> ITS A PRANK! 
[15:46:02] <Nakebod> Prank? BAM BAM 
[15:46:06] <Kaastosti> ja fuck dat, tussen je ogen
[15:46:07] <Nakebod> En voor de zekerheid nog een BAM!
[15:46:12] <Kaastosti> double tap
[15:46:13] <Nakebod> Met 9 mm dan wel.
[15:46:34] <DizzyWeb> Want dood is niet genoeg? Moet heel erg dood?
[15:46:40] <Kaastosti> mjah ik doe gewoon 18cm, maar als jij 9mm hebt is het ook goed
[15:46:54] <Kaastosti> knuppelen
[15:46:54] <mimic> homo
[15:47:06] <Kaastosti> ben je een beeetje homofoob mimic?
[15:47:21] <mimic> nee maar je opmerking is kansloos
[15:47:28] <Kaastosti> I know
[15:47:41] <Kaastosti> maar voor een fatsoenlijke discussie moet je ook niet naar irc komen :)
[15:47:48] <Kaastosti> het niveau moet af en toe even bijgesteld worden
[15:47:56] <DizzyWeb> Allemaal kansloos hier.
[15:50:31] <Kaastosti> fijn dat je er bij bent
[15:50:44] <DizzyWeb> Daarom.
[15:51:26] <DizzyWeb> En daarom vertrek ik ook! Okdoei!
[15:58:38] *** Joins: wirky (werken@ip503c7f23.speed.planet.nl)
[16:01:44] *** Quits: Kaastosti (Kaastosti@185.19.103.3) (Exit)
[16:03:41] *** Quits: DinX_Werk (DinX@out.helics.leuven.be) (Connection reset by peer)
[16:13:14] *** Quits: wirky (werken@ip503c7f23.speed.planet.nl) (Exit)
[16:25:37] *** Quits: Drawer (Mibbit@80.255.245.203) (Exit)
[16:28:47] *** Quits: Wussie (wussie@220-251.ftth.onsbrabantnet.nl) (Ping timeout: 66 seconds)
[16:29:18] *** Joins: Wussie (wussie@220-251.ftth.onsbrabantnet.nl)
[16:29:29] *** moto-moi is now known as moto-moi|afk
[16:34:43] *** Joins: Resistor (Resistor@ip5456d91b.speed.planet.nl)
[16:37:25] *** Joins: Francis (Francis@5468C56E.cm-12-1d.dynamic.ziggo.nl)
[16:38:45] *** Joins: Tweaker_6468 (Mibbit@546B171F.cm-12-4a.dynamic.ziggo.nl)
[16:38:49] *** Quits: Tweaker_6468 (Mibbit@546B171F.cm-12-4a.dynamic.ziggo.nl) (Exit)
[16:39:12] <Francis> ohai
[16:47:13] <kees> 'Kamer van Koophandel paste regels aanbestedingen niet goed toe ' 'Het ging ook niet goed met het contract over de ov-jaarkaart voor medewerkers.'
[16:47:24] <kees> moet je dat ook al europees aanbesteden?
[16:47:47] <kees> 'ja jongens, malta heeft het goedkoopste ov-jaarkaart aanbod, we verhuizen!'
[16:58:20] <Chiron> yab yum draait overuren
[17:01:02] *** Joins: coreblink (coreblink@145.132.131.160)
[17:08:47] *** Quits: Winkey (Winkey@ip4da97a02.direct-adsl.nl) (Ping timeout: 66 seconds)
[17:09:37] <tozzert> meh
[17:12:27] <Huigie> kak
[17:15:25] *** Quits: Tweaker_0360 (Mibbit@hdns01.hde.nl) (Exit)
[17:18:05] <gdex> kees: je kunt zo'n abo wel bij meerdere nederlandse aanbieders kopen
[17:21:18] *** Quits: Tweaker_1664 (Mibbit@204-250-128-083.dynamic.caiway.nl) (Exit)
[17:30:19] *** Quits: Francis (Francis@5468C56E.cm-12-1d.dynamic.ziggo.nl) (Exit)
[17:32:35] *** Quits: tbosua (tbosua@office.hostnetbv.nl) (Exit)
[17:33:13] <tozzert> jeroen
[17:33:16] *** Parts: marccom (marc@095-097-114-212.static.chello.nl) ()
[17:33:26] <tozzert> gisteren samen met Drawer het bed gedeeld?
[17:33:46] <tozzert> http://quotesdb.nl/quote/8921
[17:37:30] *** Quits: coreblink (coreblink@145.132.131.160) (Exit)
[17:47:47] *** Quits: Smileface (alexander@25bc408b.ftth.concepts.nl) (Exit)
[17:51:29] *** Quits: Teckna1 (jonathan@52487D74.cm-4-1b.dynamic.ziggo.nl) (Ping timeout: 60 seconds)
[17:55:47] *** Joins: Winkey (Winkey@ip4da97a02.direct-adsl.nl)
[18:01:29] *** Joins: McM (mcm@d30008.upc-d.chello.nl)
[18:08:01] *** Joins: Teckna (jonathan@52487D74.cm-4-1b.dynamic.ziggo.nl)
[18:09:05] <boekee> Hoe kan ik zien wanneer ik mij bij tweakers.net geregistreerd hebt?
[18:09:18] <boekee> kan vanalles vinden, en heb ook het idee dat ik er over heen kijk
[18:09:21] <Huigie> bevestigingsmail?
[18:10:15] <boekee> denk dat het rond 1999 a 2000 is geweest :)
[18:10:20] <boekee> die mails heb ik niet meer
[18:10:22] <boekee> :D
[18:10:28] <Huigie> ow zo wanneer
[18:10:39] <Huigie> sinds wanneer...
[18:10:58] <Huigie> hmm, dat is weg
[18:11:11] <Huigie> ergens na 5 januari 1984
[18:11:29] <boekee> Hahahaha 
[18:11:34] <boekee> Thanks
[18:11:48] <boekee> Ik dacht het ergens in het profiel terug te kunnen vinden
[18:11:48] <Huigie> aan ej karmaverloop te zien heb je gelijk
[18:11:54] <Huigie> stond er wel
[18:11:57] <Huigie> ooit
[18:12:26] <kees> staat er wel
[18:12:43] <kees> geef mij je profiel
[18:12:54] <boekee> http://tweakers.net/gallery/38475
[18:12:55] <kees> boekee Us3radmin  Notes
[18:12:55] <kees> Geregistreerd op 25 oktober 2001, laatste wijziging 3 maart 2014.
[18:13:08] <boekee> Wow!
[18:13:15] <Huigie> newbie
[18:13:20] <boekee> Jaa joww
[18:13:32] <boekee> Ik zie het al staan, ik zat tussen de tabelletjes te kijken,
[18:13:33] <Huigie> en ik kees? http://tweakers.net/gallery/19259
[18:13:35] <kees> in het grijs, onder je username bovenaan de pagina
[18:13:42] <kees> Geregistreerd op 8 januari 2001, laatste wijziging 18 juni 2014.
[18:13:49] <boekee> Je hebt helemaal gelijk, ik zie het staan
[18:13:55] <Huigie> ow ja
[18:13:55] <kees> Geregistreerd op 12 juni 1999, laatste wijziging 4 april 2016. <3
[18:13:57] <Huigie> ghe
[18:16:22] <boekee> Mijn ICQ nummer had ik eerder :P
[18:16:55] <Huigie> goeie ouwe tijd
[18:17:02] <boekee> Die geluidjes :P
[18:17:06] <boekee> oh ohw
[18:23:08] <boekee> Ik weet nog goed dat een oud klasgenoot opschepte over het feit dat hij in curacao was voor een maand.... Maar na wat chatten en netstat -a was het toch duidelijk dat hij via wanadoo dialup online was :D
[18:23:45] <Jeroen> http://tweakers.net/gallery/150774
[18:23:49] <Jeroen> stelletje ouwe zakken
[18:25:39] <tozzert> wat?
[18:25:46] <tozzert> Huigie niet in 1964 geregistreerd?
[18:25:54] <Huigie> :P
[18:27:48] <Jeroen> ben je al 52?
[18:27:51] <Jeroen> jezus
[18:27:59] <tozzert> toen reed hij een ford capri denk ik
[18:28:01] <tozzert> 4 deurs
[18:28:05] <Jeroen> maar tozzert, je mag er vanavond wel bij komen liggen hoor
[18:28:19] <Huigie> sausage fest
[18:28:26] <tozzert> ouder jeroen, hij registreerde zich pas op z'n 20ste
[18:28:51] <tozzert> hij heeft hitler nog gekend
[18:28:56] <tozzert> ofja
[18:28:57] <Huigie> whehehe
[18:29:00] <tozzert> hitler hém
[18:29:06] <tozzert> ik ken hitler ook
[18:29:21] <Huigie> hm
[18:29:33] <tozzert> schijnt een naar mannetje geweest te zijn
[18:29:39] <tozzert> een doerak
[18:29:43] <tozzert> :+
[18:29:57] <tozzert> de schavuit
[18:30:11] <Jeroen> leave adolf alone
[18:30:26] <Huigie> don't mention the war
[18:30:36] <tozzert> is nu ook al een hele tijd geen populaire naam meer
[18:30:39] <tozzert> heel vreemd
[18:30:54] <tozzert> kan inmiddels toch wel weer?
[18:31:09] <tozzert> mgoe
[18:31:09] <Jeroen> alleen als je de juiste snor erbij scheert
[18:31:10] <tozzert> kakazeit
[18:31:25] <tozzert> wie heeft dat nooit gedaan
[18:31:37] <tozzert> als je een week of langer niet geschoren hebt
[18:31:41] <tozzert> en je dan gaat scheren
[18:31:46] <tozzert> even een hitlersnorretje
[18:31:46] <Huigie> iedereen
[18:32:03] <tozzert> jeroen niet
[18:32:10] <tozzert> die heeft na een week nog niet genoeg dons
[18:32:14] <Jeroen> :(
[18:32:14] *** moto-moi|afk is now known as moto-moi
[18:32:47] <tozzert> mgoe
[18:33:04] <tozzert> ik ga ff lekker schijten
[18:33:47] *** Quits: spons (spons@54199BE2.cm-5-2c.dynamic.ziggo.nl) (Ping timeout: 60 seconds)
[18:34:00] *** Joins: spons (spons@54199BE2.cm-5-2c.dynamic.ziggo.nl)
[18:35:32] *** Joins: boy_yonder (Seb@82-169-222-71.ip.telfort.nl)
[18:37:49] *** Quits: Robin (robin@5419F052.cm-5-2d.dynamic.ziggo.nl) (Ping timeout: 60 seconds)
[18:51:31] <boekee> Doe je er wel een kurk in toz
[18:51:50] <Huigie> dat snapt ie niet
[18:52:07] <Huigie> hij stopt die kurk niet waar jij denkt dat ie het zou moeten stoppen
[18:53:19] <boekee> Auww... ehhh
[19:00:48] *** Quits: Resistor (Resistor@ip5456d91b.speed.planet.nl) (Ping timeout: 67 seconds)
[19:01:00] *** Joins: Resistor (Resistor@ip5456d91b.speed.planet.nl)
[19:01:52] *** Quits: Winkey (Winkey@ip4da97a02.direct-adsl.nl) (Ping timeout: 60 seconds)
[19:06:30] *** Joins: TraceBox (IceChat9@91.217.0.241)
[19:07:06] <tozzert> idd
[19:07:10] *** Parts: TraceBox (IceChat9@91.217.0.241) ()
[19:07:13] <tozzert> ik had hem in jeroen's anus gepropt
[19:07:18] <tozzert> ging vrij makkelijk
[19:07:39] *** Joins: gakkethijs (gakkethijs@84-245-42-16.dsl.cambrium.nl)
[19:08:29] <tozzert> ssssst
[19:08:32] <tozzert> daar heb je hem
[19:09:23] <gakkethijs> wie?
[19:09:26] <boekee> Zo jij neemt de tijd 
[19:09:26] <gakkethijs> waar?
[19:09:36] <boekee> overdwars naar buiten ?
[19:09:41] <gakkethijs> ik wacht altijd even op iemand met een goede opmerking komt
[19:09:42] <gakkethijs> maar ja
[19:09:47] <gakkethijs> tozzert,  was de enige
[19:10:36] <tozzert> goed werk heeft tijd nodig boekee
[19:11:34] <gakkethijs> sowieso
[19:14:05] <boekee> Ik ga zo ook maar even ;)
[19:14:34] *** boekee is now known as boekee|boswandeling
[19:14:35] <tozzert> maak gerust een foto hè!
[19:14:41] <tozzert> in het bos ja?
[19:14:42] <tozzert> zozo
[19:14:45] <tozzert> de vrijpoeper
[19:14:59] <boekee|boswandeling> Heb het nodig vanavond :)
[19:15:25] <tozzert> zolang het buiten de bebouwde kom is, mag je wildpoepen
[19:15:34] <tozzert> nu poep ik altijd vrij wild
[19:15:37] <tozzert> maar dat terzijde
[19:17:41] <boekee|boswandeling> Buiten = Beter voor de loeft
[19:18:34] <tozzert> stink jij dan?
[19:20:12] <boekee|boswandeling> Ja ik wel ;)
[19:20:27] <boekee|boswandeling> Althans, mijn vriendin zegt van wel
[19:31:07] *** Joins: fee-tje (fee-tje@137-109-201-31.ftth.glasoperator.nl)
[19:39:23] <McM> "Je stinkt Michael!"
[19:39:25] <McM> zoiets?
[19:42:55] *** Joins: Winkey (Winkey@ip4da97a02.direct-adsl.nl)
[19:47:10] <Huigie> en ze heet Kit...
[19:47:29] *** Quits: McM (mcm@d30008.upc-d.chello.nl) (Ping timeout: 60 seconds)
[19:52:23] *** Quits: Winkey (Winkey@ip4da97a02.direct-adsl.nl) (Ping timeout: 69 seconds)
[19:58:43] *** Joins: McM (mcm@d30008.upc-d.chello.nl)
[20:00:25] *** Joins: Winkey (Winkey@ip4da97a02.direct-adsl.nl)
[20:03:47] *** Quits: fee-tje (fee-tje@137-109-201-31.ftth.glasoperator.nl) (Exit)
[20:13:57] *** Quits: boy_yonder (Seb@82-169-222-71.ip.telfort.nl) (Exit)
[20:15:53] *** Quits: Resistor (Resistor@ip5456d91b.speed.planet.nl) (Exit)
[20:16:45] *** Quits: Phaxinity (Phaxinity@46.166.190.235) (Ping timeout: 67 seconds)
[20:22:55] <Hooglander1> Mogguh
[20:23:23] <boekee|boswandeling> HI
[20:23:42] *** Quits: Teckna (jonathan@52487D74.cm-4-1b.dynamic.ziggo.nl) (Ping timeout: 66 seconds)
[20:24:08] <Prof_NaPo^^> hallow
[20:25:07] *** Joins: Francis (Francis@5468C56E.cm-12-1d.dynamic.ziggo.nl)
[20:25:35] <Francis> ohai
[20:26:59] <Hooglander1> Brrrr
[20:27:04] <Hooglander1> Koud buiten
[20:27:24] <Prof_NaPo^^> prff
[20:27:32] <Prof_NaPo^^> tijd voor wat vet op de botten dan
[20:27:39] <Prof_NaPo^^> wintervachtje kweken
[20:28:14] <Hooglander1> Nog meer?
[20:29:10] <Hooglander1> Vanochtend was het in eindje wel warm
[20:29:15] <Hooglander1> Maar bij de kust teringkoud
[20:29:30] <boekee|boswandeling> waar bij de kust
[20:30:27] <Prof_NaPo^^> wtf doe je bij de kust...
[20:30:30] *** Joins: Teckna (jonathan@3E91C99C.cm-13.dynamic.ziggo.nl)
[20:31:00] <Hooglander1> Haarlem he
[20:31:02] <Hooglander1> Klant :P
[20:31:37] *** Quits: Teckna (jonathan@3E91C99C.cm-13.dynamic.ziggo.nl) (Exit)
[20:31:42] *** Joins: Matthew (Matthew@178-117-75-230.access.telenet.be)
[20:35:26] <Prof_NaPo^^> meh
[20:35:40] <Prof_NaPo^^> vragen jullie zoveel dat de verwarming geeneens niet meer aan kan?
[20:35:57] *** Quits: KompjoeFriek (roel@541B2230.cm-5-4a.dynamic.ziggo.nl) (Ping timeout: 67 seconds)
[20:40:10] *** Joins: KompjoeFriek (roel@541B2230.cm-5-4a.dynamic.ziggo.nl)
[20:41:10] *** Quits: Francis (Francis@5468C56E.cm-12-1d.dynamic.ziggo.nl) (Exit)
[20:44:42] *** Quits: pasta (pasta@541E0197.cm-5-7a.dynamic.ziggo.nl) (Ping timeout: 67 seconds)
[20:46:01] *** Joins: Francis (Francis@5468C56E.cm-12-1d.dynamic.ziggo.nl)
[20:51:54] *** Joins: pasta (pasta@541E0197.cm-5-7a.dynamic.ziggo.nl)
[20:59:01] *** Quits: Huigie (Huigie@D57D516A.static.ziggozakelijk.nl) (Exit)
[21:03:01] <Hooglander1> Prof_NaPo^^: kekekeke
[21:04:01] <Prof_NaPo^^> :D
[21:06:48] *** Joins: wirky (werken@ip503c7f23.speed.planet.nl)
[21:12:59] *** Joins: Tomsworld (tom@109.130.187.232)
[21:12:59] *** ChanServ sets mode: +o Tomsworld
[21:19:12] *** Quits: gakkethijs (gakkethijs@84-245-42-16.dsl.cambrium.nl) (Exit)
[21:19:43] *** Quits: Saggler (Saggler@131-052-158-163.dynamic.caiway.nl) (Exit)
[21:25:32] *** Joins: Loon (Loon@095-096-167-046.static.chello.nl)
[21:27:11] *** Quits: McM (mcm@d30008.upc-d.chello.nl) (Ping timeout: 61 seconds)
[21:27:15] *** Prof_NaPo^^ is now known as Prof_Away^^
[21:30:05] *** boekee|boswandeling is now known as boekee_away
[21:34:58] *** Joins: coreblink (coreblink@145.132.131.160)
[21:43:48] *** Quits: zomertje (zomertje@pluizigenblauw.xs4all.nl) (Exit)
[21:46:47] *** Quits: kees (kees@office.tweaknet.net) (Input/output error)
[21:57:00] *** moto-moi is now known as moto-moi|afk
[22:02:34] *** Joins: Guyver2 (Guyver2@guyver2.xs4all.nl)
[22:06:44] *** Quits: Francis (Francis@5468C56E.cm-12-1d.dynamic.ziggo.nl) (Exit)
[22:12:40] *** Joins: Anthor (Anthor@cust.7.103.adsl.cistron.nl)
[22:14:23] *** Joins: Tweaker026 (Mibbit@207.114.219.39)
[22:14:38] *** Quits: Tweaker026 (Mibbit@207.114.219.39) (Exit)
[22:15:06] *** Joins: groentela (GroenteLa@213.154.252.196)
[22:18:16] *** Quits: Twizzlerz (M@178-84-226-29.dynamic.upc.nl) (Ping timeout: 66 seconds)
[22:26:35] *** Joins: Twizzlerz (M@178-84-226-29.dynamic.upc.nl)
[22:50:31] *** Joins: Sponge (Sponge@149.210.150.92)
[23:08:31] *** Parts: Loon (Loon@095-096-167-046.static.chello.nl) ()
[23:14:06] *** Quits: sm0ck (ashnohoe@D97B8CD4.cm-3-4c.dynamic.ziggo.nl) (Ping timeout: 66 seconds)
[23:15:21] *** Joins: sm0ck (ashnohoe@D97B8CD4.cm-3-4c.dynamic.ziggo.nl)
[23:16:37] *** Joins: wopie (wopie@84-245-8-58.dsl.cambrium.nl)
[23:19:47] *** Quits: Matthew (Matthew@178-117-75-230.access.telenet.be) (Exit)
[23:27:17] *** Joins: Robin (robin@5419F052.cm-5-2d.dynamic.ziggo.nl)
[23:27:17] *** ChanServ sets mode: +v Robin
[23:29:20] *** Quits: Robin (robin@5419F052.cm-5-2d.dynamic.ziggo.nl) (Exit)
