[00:02:52] *** Quits: coreblink (coreblink@145.132.131.160) (Exit)
[00:24:36] *** Joins: Pwuts (uid111349@id-111349.brockwell.irccloud.com)
[00:25:21] *** Quits: Pwuts (uid111349@id-111349.brockwell.irccloud.com) (Exit)
[00:37:00] *** Quits: klaveRCX (michiel@klaver.it) (Ping timeout: 67 seconds)
[00:40:51] *** Joins: klaveRCX (michiel@klaver.it)
[01:02:41] *** Quits: grid (grid@dhcp-089-099-194-232.chello.nl) (Exit)
[01:09:22] *** Joins: Moonflouwer (Lurkerd@ip1-230-174-82.adsl2.static.versatel.nl)
[01:10:38] <Moonflouwer> 124
[01:22:02] *** Parts: Moonflouwer (Lurkerd@ip1-230-174-82.adsl2.static.versatel.nl) ()
[01:28:21] <mimic> 3
[02:00:07] *** Quits: Chester (Chester@c77152.upc-c.chello.nl) (Exit)
[02:56:54] *** Quits: wirky (werken@ip503c7f23.speed.planet.nl) (Ping timeout: 66 seconds)
[03:04:39] *** Joins: Tweaker841 (Mibbit@107-197-57-208.lightspeed.hstntx.sbcglobal.net)
[03:07:19] *** Joins: rhod (rhod@86.85.193.196)
[03:09:58] <Tweaker841> Hi there
[03:10:04] <Tweaker841> Anyone online?
[03:10:47] *** Quits: Tweaker841 (Mibbit@107-197-57-208.lightspeed.hstntx.sbcglobal.net) (Exit)
[03:11:17] *** Joins: Moonflower (Android@188.207.67.181)
[03:11:35] *** Quits: Moonflower (Android@188.207.67.181) (Exit)
[03:17:11] *** Quits: Winkey (Winkey@ip4da97a02.direct-adsl.nl) (Exit)
[03:20:33] *** Joins: Winkey (Winkey@ip4da97a02.direct-adsl.nl)
[03:25:51] *** Joins: Teckna (jonathan@52487D74.cm-4-1b.dynamic.ziggo.nl)
[03:44:37] *** Quits: Teckna (jonathan@52487D74.cm-4-1b.dynamic.ziggo.nl) (Ping timeout: 69 seconds)
[04:43:20] *** Quits: rhod (rhod@86.85.193.196) (Exit)
[05:02:24] *** Quits: A1AD (jeron@d54c08cd2.access.telenet.be) (Ping timeout: 67 seconds)
[05:11:49] *** Joins: A1AD (jeron@d54c08cd2.access.telenet.be)
[05:41:43] *** Quits: pasta (pasta@541E0197.cm-5-7a.dynamic.ziggo.nl) (Ping timeout: 66 seconds)
[05:42:00] *** Joins: pasta (pasta@541E0197.cm-5-7a.dynamic.ziggo.nl)
[06:20:28] <tozzert> meh
[07:00:34] <moto-moi|afk> wb tozzert 
[07:14:09] *** Joins: erratic (erratic@ip-206-125-168-70.netcrave.io)
[07:31:17] *** Joins: smesjz (smesjz@dhcp-089-098-025-154.chello.nl)
[07:42:33] *** Joins: Teckna (jonathan@52487D74.cm-4-1b.dynamic.ziggo.nl)
[07:51:38] *** Joins: McM (mcm@193.173.193.100)
[08:01:58] *** moto-moi|afk is now known as moto-moi
[08:03:04] *** Quits: Teckna (jonathan@52487D74.cm-4-1b.dynamic.ziggo.nl) (Ping timeout: 60 seconds)
[08:07:54] *** Joins: otwin (meh@213.154.252.196)
[08:16:43] *** Joins: DataGhostS (vincent@5ED2C6DE.cm-7-3d.dynamic.ziggo.nl)
[08:21:54] *** Joins: zomertje (zomertje@pluizigenblauw.xs4all.nl)
[08:21:54] *** ChanServ sets mode: +o zomertje
[08:23:51] *** Joins: wirky (werken@ip503c7f23.speed.planet.nl)
[08:28:14] *** Quits: wirky (werken@ip503c7f23.speed.planet.nl) (Ping timeout: 66 seconds)
[08:29:18] *** Joins: wirky (werken@ip503c7f23.speed.planet.nl)
[08:33:00] *** Quits: smesjz (smesjz@dhcp-089-098-025-154.chello.nl) (Exit)
[08:35:19] *** Quits: McM (mcm@193.173.193.100) (Connection reset by peer)
[08:35:42] *** Joins: McM (mcm@193.173.193.100)
[08:42:46] * DizzyWeb gaapt
[08:45:46] *** Joins: Teckna (jonathan@52487D74.cm-4-1b.dynamic.ziggo.nl)
[08:46:42] *** Quits: Chiron (Chiron@ip5652834f.adsl-surfen.hetnet.nl) (Ping timeout: 66 seconds)
[08:51:38] *** Joins: Chiron (Chiron@ip5652834f.adsl-surfen.hetnet.nl)
[09:00:32] *** Joins: tbosua (tbosua@office.hostnetbv.nl)
[09:09:02] *** Quits: Svardskampe (Svardskamp@198-14-ftth.onsnetstudenten.nl) (Connection reset by peer)
[09:13:03] *** Joins: Jeroen (Jeroen@54188FF8.cm-5-1c.dynamic.ziggo.nl)
[09:16:50] *** Joins: kees (kees@kees.tweakers.net)
[09:22:21] <SJ> mogge
[09:24:41] <Jeroen> http://mentalfloss.com/article/76881/tragic-history-rc-cola
[09:24:53] *** Joins: DinX_Werk (DinX@out.helics.leuven.be)
[09:27:43] <Jeroen> http://www.navy.mil/management/photodb/photos/160324-N-DM751-003.JPG
[09:28:05] *** Joins: Huigie (Huigie@D57D516A.static.ziggozakelijk.nl)
[09:28:33] *** Quits: Teckna (jonathan@52487D74.cm-4-1b.dynamic.ziggo.nl) (Ping timeout: 61 seconds)
[09:32:43] *** Joins: Teckna (jonathan@52487D74.cm-4-1b.dynamic.ziggo.nl)
[09:32:53] <Jeroen> http://www.bbc.com/news/uk-36067591
[09:33:00] <Jeroen> en daar is de mongool die het voor de rest verpest
[09:33:02] <Jeroen> *zucht*
[09:33:42] <Escovan> Ik hoorde gisteren nog op radio 1 dat ze drones willen gaan gebruiken om vogels weg te jagen op vliegvelden.
[09:34:23] *** Joins: IdieEasy (Mibbit@mail1.arntz-nl.com)
[09:34:27] *** Parts: IdieEasy (Mibbit@mail1.arntz-nl.com) ()
[09:39:32] <Chiron> https://www.youtube.com/watch?v=SNPJMk2fgJU
[09:43:43] *** Joins: Yeti (Mibbit@5ED7B6CA.cm-7-8c.dynamic.ziggo.nl)
[09:43:56] *** Quits: Yeti (Mibbit@5ED7B6CA.cm-7-8c.dynamic.ziggo.nl) (Exit)
[09:46:03] *** Joins: filenox (filenox@193.190.138.251)
[09:48:25] <kees> http://nos.nl/artikel/2099882-zwaargewonde-bij-grote-brand-in-vol-cafe-ijmuiden.html
[09:48:50] <kees> kijk, dat gebeurd dan hemelsbreed 500 meter van je huis en dan hoor je het pas op de radio op weg naar kantoor
[09:51:01] *** Quits: McM (mcm@193.173.193.100) (Exit)
[09:58:35] <DizzyWeb> Je zou toch denken dat je van die sirenes wel wakker wordt...
[10:02:55] *** Quits: zomertje (zomertje@pluizigenblauw.xs4all.nl) (Exit)
[10:05:29] <JasperWerk> Jeroen: de rest zijn ook mongolen tho\
[10:09:43] *** Joins: McM (mcm@193.173.193.100)
[10:19:33] *** Quits: filenox (filenox@193.190.138.251) (Client exited)
[10:58:09] *** Joins: fee-tje (fee-tje@137-109-201-31.ftth.glasoperator.nl)
[11:03:26] <Jeroen> is that so, JasperWerk?
[11:11:12] <JasperWerk> alle drone bestuurders, zonder enige uitzondering'
[11:11:19] <JasperWerk> i should know, heb er zelf ook een
[11:13:08] *** Joins: Robin (robin@5419F052.cm-5-2d.dynamic.ziggo.nl)
[11:13:08] *** ChanServ sets mode: +v Robin
[11:20:49] *** Joins: Lin (Lin@53570183.cm-6-8a.dynamic.ziggo.nl)
[11:30:55] *** Joins: tweakers1net812 (Mibbit@mail.venture-group.nl)
[11:31:01] <tweakers1net812> Hi
[11:31:11] *** Quits: tweakers1net812 (Mibbit@mail.venture-group.nl) (Exit)
[11:31:14] <DataGhostS> k
[11:34:59] *** Quits: wirky (werken@ip503c7f23.speed.planet.nl) (Exit)
[11:39:55] *** Quits: fee-tje (fee-tje@137-109-201-31.ftth.glasoperator.nl) (Exit)
[11:45:41] <sanderr> Zo, tijd voor een gyros. :)
[11:48:55] *** Joins: Harmageddon (aap@195.64.71.158)
[11:50:31] <Harmageddon> mogge
[12:49:27] *** Joins: Saggler (Saggler@131-052-158-163.dynamic.caiway.nl)
[13:03:58] *** Quits: DinX_Werk (DinX@out.helics.leuven.be) (Connection reset by peer)
[13:09:03] *** Quits: McM (mcm@193.173.193.100) (Connection reset by peer)
[13:09:12] *** Joins: McM (mcm@193.173.193.100)
[13:37:03] * mimic is listening to Bökkers – Het is het mooiste as ze jong bint
[13:37:55] *** Quits: Etienne (EtienneM@541F7E72.cm-5-8b.dynamic.ziggo.nl) (Ping timeout: 60 seconds)
[13:38:49] *** Quits: Saggler (Saggler@131-052-158-163.dynamic.caiway.nl) (Exit)
[13:40:59] *** Joins: wirky (werken@ip503c7f23.speed.planet.nl)
[13:43:24] *** Joins: Tomcat_ha (user@a83-162-255-205.adsl.xs4all.nl)
[13:47:31] *** Quits: Teckna (jonathan@52487D74.cm-4-1b.dynamic.ziggo.nl) (Ping timeout: 61 seconds)
[13:49:21] *** Quits: wirky (werken@ip503c7f23.speed.planet.nl) (Ping timeout: 67 seconds)
[13:49:43] *** Joins: Teckna (jonathan@52487D74.cm-4-1b.dynamic.ziggo.nl)
[13:58:56] *** Quits: Teckna (jonathan@52487D74.cm-4-1b.dynamic.ziggo.nl) (Ping timeout: 60 seconds)
[14:04:13] *** Joins: Etienne (EtienneM@541F7E72.cm-5-8b.dynamic.ziggo.nl)
[14:13:11] *** Joins: DinX_Werk (DinX@out.helics.leuven.be)
[14:36:34] *** Joins: Teckna (jonathan@52487D74.cm-4-1b.dynamic.ziggo.nl)
[14:49:06] *** Joins: coreblink (coreblink@145.132.131.160)
[14:59:16] *** Quits: Teckna (jonathan@52487D74.cm-4-1b.dynamic.ziggo.nl) (Ping timeout: 60 seconds)
[14:59:35] *** Quits: Robin (robin@5419F052.cm-5-2d.dynamic.ziggo.nl) (Exit)
[15:10:59] *** MueR sets mode: -b sm0ck!*ashnohoe@D97B8CD4.cm-3-4c.dynamic.ziggo.nl
[15:12:19] *** Joins: sm0ck (ashnohoe@D97B8CD4.cm-3-4c.dynamic.ziggo.nl)
[15:13:29] *** Quits: sm0ck (ashnohoe@D97B8CD4.cm-3-4c.dynamic.ziggo.nl) (Ping timeout: 66 seconds)
[15:17:26] *** Joins: Teckna (jonathan@52487D74.cm-4-1b.dynamic.ziggo.nl)
[15:26:53] <Huigie> het is echt maandag he...
[15:27:37] <mimic> is dat zo?
[15:30:20] <Huigie> ik type toch echt...
[15:30:32] <mimic> is dat zo?
[15:30:37] <mimic> !maandag--
[15:47:21] *** Joins: zomertje (zomertje@pluizigenblauw.xs4all.nl)
[15:47:21] *** ChanServ sets mode: +o zomertje
[15:47:32] <JasperWerk> http://www.seek.com.au/job/30771191
[15:55:39] *** Quits: int3nz0r (int3nz0r@541A8E1B.cm-5-3c.dynamic.ziggo.nl) (Client exited)
[15:55:45] *** Joins: int3nz0r (int3nz0r@541A8E1B.cm-5-3c.dynamic.ziggo.nl)
[15:56:45] *** Joins: GodFather (p00p@a83152.upc-a.chello.nl)
[16:02:42] *** Joins: sm0ck (ashnohoe@D97B8CD4.cm-3-4c.dynamic.ziggo.nl)
[16:03:44] *** Quits: sm0ck (ashnohoe@D97B8CD4.cm-3-4c.dynamic.ziggo.nl) (Ping timeout: 60 seconds)
[16:06:43] *** Joins: wirky (werken@ip503c7f23.speed.planet.nl)
[16:08:03] <Hooglander1> wat een rust hier
[16:08:37] *** Joins: grid (grid@dhcp-089-099-194-232.chello.nl)
[16:10:21] <wirky> innerlijke rus
[16:12:26] <DataGhostS> vodka
[16:13:11] *** Joins: Guyver2 (Guyver2@guyver2.xs4all.nl)
[16:13:31] *** Joins: sm0ck (ashnohoe@D97B8CD4.cm-3-4c.dynamic.ziggo.nl)
[16:14:24] <Chiron> http://www.at5.nl/artikelen/155096/heineken-kijkt-naar-dam-voor-nieuwe-brandstore een Brand store van Heineken in de Amstelstraat.. what's in a name :+
[16:15:44] *** Quits: otwin (meh@213.154.252.196) (Input/output error)
[16:16:34] *** Quits: sm0ck (ashnohoe@D97B8CD4.cm-3-4c.dynamic.ziggo.nl) (Ping timeout: 60 seconds)
[16:18:24] *** Quits: DataGhostS (vincent@5ED2C6DE.cm-7-3d.dynamic.ziggo.nl) (Ping timeout: 61 seconds)
[16:19:47] *** Joins: Resistor (Resistor@ip5456d91b.speed.planet.nl)
[16:20:13] *** Quits: DinX_Werk (DinX@out.helics.leuven.be) (Connection reset by peer)
[16:22:39] <kees> hehe
[16:28:46] *** Joins: sm0ck (ashnohoe@D97B8CD4.cm-3-4c.dynamic.ziggo.nl)
[16:28:56] <Escovan> dat heeft niet geholpen MueR 
[16:29:52] *** Quits: sm0ck (ashnohoe@D97B8CD4.cm-3-4c.dynamic.ziggo.nl) (Ping timeout: 61 seconds)
[16:34:47] *** Quits: kees (kees@kees.tweakers.net) (Input/output error)
[16:43:14] <Jeroen> https://www.washingtonpost.com/opinions/the-united-states-is-riding-europes-superpower-coattails/2016/04/14/90b3dd98-0193-11e6-9203-7b8670959b88_story.html
[16:45:21] *** Joins: sm0ck (ashnohoe@D97B8CD4.cm-3-4c.dynamic.ziggo.nl)
[16:46:21] *** Quits: sm0ck (ashnohoe@D97B8CD4.cm-3-4c.dynamic.ziggo.nl) (Ping timeout: 60 seconds)
[16:50:02] <tozzert> halloe sloeries
[16:50:04] <tozzert> en jeroen
[16:50:10] <tozzert> -e ergens
[16:50:13] <mimic> jeroen is geen sloerie?
[16:50:28] <tozzert> mochtie willen
[16:50:54] *** Joins: Anthor (Anthor@cust.7.103.adsl.cistron.nl)
[16:52:33] *** Quits: coreblink (coreblink@145.132.131.160) (Ping timeout: 66 seconds)
[16:53:18] *** Joins: coreblink (coreblink@145.132.131.160)
[16:54:23] *** moto-moi is now known as moto-moi|afk
[16:55:59] <Jeroen> http://i.imgur.com/4r9dVLH.jpg
[16:57:05] <Nakebod> wuh
[16:58:00] <tozzert> ik moet ervan poepen
[16:58:12] <Nakebod> Dat moet jij altijd.
[16:58:47] <tozzert> nee hoor
[16:58:50] <tozzert> alleen tegen 17:00u
[16:58:52] <tozzert> :+
[17:00:50] <Huigie> nu
[17:01:00] <Huigie> woef
[17:03:51] *** Joins: sm0ck (ashnohoe@D97B8CD4.cm-3-4c.dynamic.ziggo.nl)
[17:04:09] *** Quits: tbosua (tbosua@office.hostnetbv.nl) (Exit)
[17:04:15] *** Joins: rhod (rhod@86.85.193.196)
[17:04:54] *** Quits: sm0ck (ashnohoe@D97B8CD4.cm-3-4c.dynamic.ziggo.nl) (Ping timeout: 60 seconds)
[17:08:10] *** Quits: chim0 (a@d5c53ff2.ftth.concepts.nl) (Exit)
[17:12:30] *** Quits: Jeroen (Jeroen@54188FF8.cm-5-1c.dynamic.ziggo.nl) (Connection reset by peer)
[17:14:16] *** Joins: Jeroen (Jeroen@54188FF8.cm-5-1c.dynamic.ziggo.nl)
[17:19:54] *** Quits: rhod (rhod@86.85.193.196) (Exit)
[17:22:58] *** Joins: rhod (rhod@86.85.193.196)
[17:29:28] <rhod> hmm netflix bokt tegenwoordig proxy's erg jammer 
[17:31:10] <rhod> Tijd om het op te zeggen, want zo vrolijk wordt ik niet van die content die ze in Nederland aanbieden.... 
[17:31:15] <Escovan> https://twitter.com/nosop3/status/722084312338735106
[17:32:57] *** Quits: coreblink (coreblink@145.132.131.160) (Ping timeout: 66 seconds)
[17:33:16] *** Joins: coreblink (coreblink@145.132.131.160)
[17:33:21] <tozzert> Huigie \o/
[17:36:35] *** Joins: sm0ck (ashnohoe@D97B8CD4.cm-3-4c.dynamic.ziggo.nl)
[17:37:37] *** Quits: sm0ck (ashnohoe@D97B8CD4.cm-3-4c.dynamic.ziggo.nl) (Ping timeout: 60 seconds)
[17:38:06] *** Joins: tbosua (tbosua@office.hostnetbv.nl)
[17:46:11] *** Quits: JasperWerk (Mibbit@62.12.14.25) (Exit)
[17:48:04] *** Quits: grid (grid@dhcp-089-099-194-232.chello.nl) (Ping timeout: 61 seconds)
[17:56:04] *** Joins: boy_yonder (Seb@82-169-222-71.ip.telfort.nl)
[18:02:25] *** Quits: tbosua (tbosua@office.hostnetbv.nl) (Exit)
[18:05:20] *** Quits: Huigie (Huigie@D57D516A.static.ziggozakelijk.nl) (Exit)
[18:06:22] *** Quits: Teckna (jonathan@52487D74.cm-4-1b.dynamic.ziggo.nl) (Ping timeout: 66 seconds)
[18:10:13] *** Joins: sm0ck (ashnohoe@D97B8CD4.cm-3-4c.dynamic.ziggo.nl)
[18:13:00] *** Quits: sm0ck (ashnohoe@D97B8CD4.cm-3-4c.dynamic.ziggo.nl) (Ping timeout: 60 seconds)
[18:14:23] *** Quits: Resistor (Resistor@ip5456d91b.speed.planet.nl) (Ping timeout: 66 seconds)
[18:15:01] *** Joins: Resistor (Resistor@ip5456d91b.speed.planet.nl)
[18:18:30] *** Quits: Resistor (Resistor@ip5456d91b.speed.planet.nl) (Exit)
[18:19:46] <tozzert> jeroen, stond jij hier ook te spotten?
[18:19:46] <tozzert> http://www.dumpert.nl/mediabase/6754027/98e654a0/zeldzame_stoomlocomotief_in_houten_spotten.html
[18:29:44] <Jeroen> http://i.imgur.com/sBfaNRR.webm
[18:31:50] <tozzert> dat is best een nare grap
[18:31:56] *** Joins: Sponge (Sponge@149.210.150.92)
[18:32:10] <tozzert> maar ik neem aan dat er geen ketting op ligt en dus wel herrie maakt?
[18:33:46] *** Quits: zomertje (zomertje@pluizigenblauw.xs4all.nl) (Exit)
[18:34:54] *** Joins: grid (grid@dhcp-089-099-194-232.chello.nl)
[18:35:33] <casdr> Iemand die mij een powerbank kan aanraden om een Raspberry Pi 3 minimaal 8 uur lang te laten draaien?
[18:37:07] <tozzert> powerbanks hebben schijnbaar de neiging geen output te geven als ze aan de lader hangen
[18:37:15] <casdr> Dat maakt mij niks uit
[18:37:22] <tozzert> althans, ik neem aan dat je hem als "UPS" wilt gebruiken?
[18:37:57] <casdr> Nope, moet een middag aanstaan
[18:38:06] <casdr> Misschien in een tas, als ie niet te warm wordt
[18:38:16] <tozzert> dan gaan rekenen hè
[18:38:25] <tozzert> wat trekt een pi3 met jouw gebruik
[18:38:32] <tozzert> en reken dat om
[18:38:45] <casdr> Het draait een Piratebox, ben niet heel bekend met voltages etc
[18:39:07] <tozzert> dat komt goed uit... want het gaat om de stroom
[18:39:07] <tozzert> ;p
[18:39:08] <tozzert> maar nu knagen
[18:39:58] <casdr> Ja :p
[18:40:05] <casdr> Goed idee
[18:50:55] *** Joins: Svardskampe (Svardskamp@198-14-ftth.onsnetstudenten.nl)
[19:01:07] *** Joins: sm0ck (ashnohoe@D97B8CD4.cm-3-4c.dynamic.ziggo.nl)
[19:02:17] *** Quits: sm0ck (ashnohoe@D97B8CD4.cm-3-4c.dynamic.ziggo.nl) (Ping timeout: 66 seconds)
[19:04:15] *** Joins: sm0ck (ashnohoe@D97B8CD4.cm-3-4c.dynamic.ziggo.nl)
[19:06:13] *** Quits: Anthor (Anthor@cust.7.103.adsl.cistron.nl) (Ping timeout: 67 seconds)
[19:06:22] *** Quits: sm0ck (ashnohoe@D97B8CD4.cm-3-4c.dynamic.ziggo.nl) (Ping timeout: 67 seconds)
[19:08:45] * Harmageddon slaps tozzert around a bit with a large trout
[19:12:58] *** Quits: Jeroen (Jeroen@54188FF8.cm-5-1c.dynamic.ziggo.nl) (Exit)
[19:15:20] <tozzert> harrempie!
[19:16:09] <tozzert> staan er al snotjong op scooters voor de deur voor je dochter?
[19:16:43] *** Joins: sm0ck (ashnohoe@D97B8CD4.cm-3-4c.dynamic.ziggo.nl)
[19:17:53] *** Quits: sm0ck (ashnohoe@D97B8CD4.cm-3-4c.dynamic.ziggo.nl) (Ping timeout: 66 seconds)
[19:18:09] <tozzert> hmm
[19:18:13] <tozzert> Billions al afgelopen?
[19:25:31] *** Prof_Away^^ is now known as Prof_NaPo^^
[19:31:22] *** Joins: sm0ck (ashnohoe@D97B8CD4.cm-3-4c.dynamic.ziggo.nl)
[19:33:42] *** Joins: Matthew (Matthew@178-117-75-230.access.telenet.be)
[19:42:44] *** Quits: sm0ck (ashnohoe@D97B8CD4.cm-3-4c.dynamic.ziggo.nl) (Exit)
[19:43:37] *** rawplayer is now known as koene_ridder
[19:54:49] *** Joins: sm0ck (ashnohoe@D97B8CD4.cm-3-4c.dynamic.ziggo.nl)
[20:14:51] <Erik> tozzert: ja
[20:18:44] *** Quits: McM (mcm@193.173.193.100) (Ping timeout: 60 seconds)
[20:28:40] *** Joins: McM (mcm@193.173.193.100)
[20:29:46] *** Joins: MysterX (MysterX@5468C220.cm-12-1d.dynamic.ziggo.nl)
[20:41:06] <casdr> tozzert: Uiteindelijk voor de Xiaomi 10400mAh gegaan, waren een aantal mensen die het met cam en WiFi 8 uur lang konden draaien
[20:41:47] <Prof_NaPo^^> dat is altijd minder dan 10500mAh!
[20:42:37] <Escovan> of 20Ah
[20:42:59] *** Joins: zomertje (zomertje@pluizigenblauw.xs4all.nl)
[20:42:59] *** ChanServ sets mode: +o zomertje
[20:43:03] <casdr> Haha ja
[20:43:43] <casdr> Het is nu vooral beetje testen, kijken of het wat is
[20:44:12] <Prof_NaPo^^> het is iig iets
[20:44:26] <tozzert> klopt
[20:44:31] <tozzert> tis wè
[20:44:42] <casdr> Even kijken hoe dat gaat in mijn tas, of het niet te warm wordt
[20:46:47] <casdr> Zal vast wel niet
[20:48:56] <freebee666> g'avond
[20:57:42] *** Joins: benandtimmies (benandtimm@46.166.190.217)
[20:58:17] *** Quits: benandtimmies (benandtimm@46.166.190.217) (Exit)
[21:01:10] *** Quits: grid (grid@dhcp-089-099-194-232.chello.nl) (Ping timeout: 67 seconds)
[21:04:14] *** Quits: McM (mcm@193.173.193.100) (Connection reset by peer)
[21:04:38] *** Joins: McM (mcm@193.173.193.100)
[21:08:11] <Hooglander1> Dus
[21:08:15] <Hooglander1> Nog iets meegemaakt hier?
[21:08:21] <Prof_NaPo^^> ja
[21:10:37] <Hooglander1> Owja
[21:10:39] <Hooglander1> Jij had me geappt
[21:23:59] <Lin> dickpics?
[21:24:30] <Prof_NaPo^^> die had ik naar jou gestuurd toch, of was het verkeerde nummer Lin :|?
[21:24:44] <Lin> dan heb je het verkeerde nummer
[21:24:52] <Prof_NaPo^^> verdomme
[21:25:22] <Lin> je weet zeker dat je niet per ongeluk op je moeder klikte met verzenden?
[21:25:36] *** Joins: Jeroen (Jeroen@ip82-139-124-155.lijbrandt.net)
[21:25:51] <Prof_NaPo^^> dat weet ik zeker
[21:27:39] <Lin> wie heeft je johnson dan gezien ;)
[21:38:12] *** Quits: Matthew (Matthew@178-117-75-230.access.telenet.be) (Connection reset by peer)
[21:40:31] *** Prof_NaPo^^ is now known as Prof_Away^^
[21:40:50] <Hooglander1> Niemand blijkbaar Lin
[21:40:52] <Hooglander1> Kekeke
[21:41:01] <Lin> ik denk het ;)
[21:43:12] <Nakebod> Was vast geen long johnson
[21:54:45] *** Quits: wirky (werken@ip503c7f23.speed.planet.nl) (Ping timeout: 61 seconds)
[21:57:04] *** Quits: jk-5 (jk-5@D549D0E1.cm-10-1b.dynamic.ziggo.nl) (Ping timeout: 60 seconds)
[21:59:24] *** Joins: jk-5 (jk-5@D549D0E1.cm-10-1b.dynamic.ziggo.nl)
[21:59:58] *** Quits: zomertje (zomertje@pluizigenblauw.xs4all.nl) (Exit)
[22:10:52] * BarthezZ steekt Lin in een roze tutu
[22:11:09] * Lin doet zwanenmeerachtige armbewegingen
[22:27:39] *** Quits: boy_yonder (Seb@82-169-222-71.ip.telfort.nl) (Exit)
[22:29:46] *** Quits: MysterX (MysterX@5468C220.cm-12-1d.dynamic.ziggo.nl) (Exit)
[22:31:38] *** Joins: MysterX (MysterX@5468C220.cm-12-1d.dynamic.ziggo.nl)
[22:32:54] *** Quits: MysterX (MysterX@5468C220.cm-12-1d.dynamic.ziggo.nl) (Exit)
[22:34:42] *** Joins: MysterX (MysterX@5468C220.cm-12-1d.dynamic.ziggo.nl)
[22:35:49] *** Quits: MysterX (MysterX@5468C220.cm-12-1d.dynamic.ziggo.nl) (Exit)
[22:42:36] *** Joins: MysterX (MysterX@5468C220.cm-12-1d.dynamic.ziggo.nl)
[22:43:56] *** Quits: Jeroen (Jeroen@ip82-139-124-155.lijbrandt.net) (Exit)
[22:55:06] <Harmageddon> [19:16:10] <tozzert> staan er al snotjong op scooters voor de deur voor je dochter? << zeker, ze staan in de rij en ik knuppel ze allemaal neer
[22:55:29] *** Quits: Harmageddon (aap@195.64.71.158) (Exit)
[23:05:51] *** Joins: Stuiterbal (Stuit@2001:980:5281:1:8fa:1300:666b:3673)
[23:26:36] *** Quits: Guyver2 (Guyver2@guyver2.xs4all.nl) (Exit)
[23:36:21] *** Quits: Obscurax (bscrx@dont.let.it.backfi.re) (Ping timeout: 60 seconds)
[23:51:45] *** Joins: Obscurax (bscrx@dont.let.it.backfi.re)
