[00:01:07] *** Quits: kees (kees@office.tweaknet.net) (Input/output error)
[00:07:58] *** Quits: Matthew (Matthew@178-117-75-230.access.telenet.be) (Connection reset by peer)
[00:17:12] *** Quits: Francis (Francis@5468C56E.cm-12-1d.dynamic.ziggo.nl) (Exit)
[00:17:33] *** Quits: wirky (werken@ip503c7f23.speed.planet.nl) (Exit)
[00:24:10] *** Joins: Jannis (Jannis@ip-213-127-141-236.ip.prioritytelecom.net)
[00:24:18] *** Quits: Jannis (Jannis@ip-213-127-141-236.ip.prioritytelecom.net) (Exit)
[00:51:44] <tozzert> http://files.explosm.net/comics/Dave/Ryan-Guest-Comic.gif?t=5EF065
[01:32:02] *** Joins: wirky (werken@ip503c7f23.speed.planet.nl)
[01:50:38] *** Quits: klaveRCX (michiel@klaver.it) (Ping timeout: 61 seconds)
[01:54:36] *** Joins: klaveRCX (michiel@klaver.it)
[01:59:04] *** Quits: Stuiterbal (Stuit@2001:980:5281:1:756b:9c34:19c1:43ce) (Exit)
[02:35:34] *** Quits: GodFather (p00p@a83152.upc-a.chello.nl) (Exit)
[02:59:08] *** Quits: Roelke (Roelke@hostserv.nl) (Ping timeout: 66 seconds)
[03:01:05] *** Joins: Roelke (Roelke@hostserv.nl)
[03:02:04] *** Quits: wirky (werken@ip503c7f23.speed.planet.nl) (Exit)
[03:04:18] *** Joins: Metalfrost (Metalfrost@178-85-169-244.dynamic.upc.nl)
[03:24:38] *** Quits: jk-5 (jk-5@D549D0E1.cm-10-1b.dynamic.ziggo.nl) (Ping timeout: 66 seconds)
[03:29:50] *** Quits: Metalfrost (Metalfrost@178-85-169-244.dynamic.upc.nl) (Exit)
[03:37:11] *** Joins: Heart-Of-A-Lion (heartofali@143.177.80.33)
[04:33:22] *** Quits: Heart-Of-A-Lion (heartofali@143.177.80.33) (Ping timeout: 66 seconds)
[04:33:36] *** Joins: Heart-Of-A-Lion (heartofali@143.177.80.33)
[06:07:40] *** Quits: Heart-Of-A-Lion (heartofali@143.177.80.33) (Exit)
[07:31:08] *** Quits: Chester (Chester@c77152.upc-c.chello.nl) (Ping timeout: 66 seconds)
[07:45:14] *** Quits: Smileface (alexander@25bc408b.ftth.concepts.nl) (Exit)
[07:45:49] <Escovan> VRIJHEID! 
[07:46:11] <Escovan> In een repressieve controle staat
[07:53:50] *** Joins: coreblink (coreblink@145.132.131.160)
[07:57:02] *** Joins: Heart-Of-A-Lion (heartofali@143.177.80.33)
[08:07:10] *** Joins: Arno (arno@541B0FEB.cm-5-4a.dynamic.ziggo.nl)
[08:07:10] *** ChanServ sets mode: +o Arno
[08:07:47] *** Joins: McM (mcm@92-108-253-29.dynamic.upc.nl)
[08:15:11] *** Joins: Sponge (Sponge@149.210.150.92)
[08:19:45] *** Quits: Heart-Of-A-Lion (heartofali@143.177.80.33) (Exit)
[08:27:56] *** Joins: wirky (werken@ip503c7f23.speed.planet.nl)
[08:31:56] *** Joins: jk-5 (jk-5@D549D0E1.cm-10-1b.dynamic.ziggo.nl)
[08:38:19] *** Joins: Matthew (Matthew@178-117-75-230.access.telenet.be)
[08:43:07] *** Joins: Resistor (Resistor@ip5456d91b.speed.planet.nl)
[08:44:54] *** Quits: Resistor (Resistor@ip5456d91b.speed.planet.nl) (Ping timeout: 60 seconds)
[08:46:21] *** Joins: Resistor (Resistor@ip5456d91b.speed.planet.nl)
[08:48:34] *** Quits: McM (mcm@92-108-253-29.dynamic.upc.nl) (Ping timeout: 66 seconds)
[08:51:01] *** Joins: Heart-Of-A-Lion (heartofali@143.177.80.33)
[08:58:37] *** Quits: Heart-Of-A-Lion (heartofali@143.177.80.33) (Input/output error)
[09:19:19] *** Quits: Arno (arno@541B0FEB.cm-5-4a.dynamic.ziggo.nl) (Connection reset by peer)
[09:22:06] *** Joins: kees (kees@office.tweaknet.net)
[09:30:37] *** Quits: Matthew (Matthew@178-117-75-230.access.telenet.be) (Exit)
[09:35:32] *** Quits: Resistor (Resistor@ip5456d91b.speed.planet.nl) (Exit)
[09:39:00] *** Joins: Arno (arno@541B0FEB.cm-5-4a.dynamic.ziggo.nl)
[09:39:00] *** ChanServ sets mode: +o Arno
[09:41:28] *** Joins: Jeroen (Jeroen@ip82-139-124-155.lijbrandt.net)
[09:42:59] *** Joins: Guyver2 (Guyver2@guyver2.xs4all.nl)
[09:55:35] *** Joins: Teckna (jonathan@52487D74.cm-4-1b.dynamic.ziggo.nl)
[09:56:34] *** Joins: Flushell (Flushell@5ED3E8BA.cm-7-4d.dynamic.ziggo.nl)
[10:04:28] <kees> grappig, verstappen rijd dus voor Red Bull in de komende grand prix 8)7
[10:05:39] <tobias> huu waarom?
[10:05:49] <kees> omdat kvyat niet lekker rijd
[10:06:00] <kees> dus kvyat gaat nar torro rosso en max naar red bull
[10:06:18] <tobias> bijzonder :)
[10:06:30] <kees> inderdaad
[10:06:36] *** moto-moi|afk is now known as moto-moi
[10:10:17] *** Quits: Teckna (jonathan@52487D74.cm-4-1b.dynamic.ziggo.nl) (Ping timeout: 60 seconds)
[10:26:08] *** Joins: Matthew (Matthew@178-117-75-230.access.telenet.be)
[10:27:12] *** Joins: Teckna (jonathan@52487D74.cm-4-1b.dynamic.ziggo.nl)
[10:27:38] <Destruction> yuh, geruchten hingen gisteravond al rond
[10:27:51] <Destruction> leek mij ongeloofwaardig.. Dus toch waar. 
[10:28:05] <Destruction> Zal me benieuwen, dit kan Max maken maar zeker ook kraken
[10:28:28] <kees> uhuh
[10:28:41] <kees> net zoals zijn debut in de f1 uberhaubt
[10:28:52] <Destruction> Button heeft gereageerd op twitter btw
[10:29:25] <Destruction> "Really? one bad race and Kvyat's dropped, what about the podium in the previous race? #shortmemories"
[10:44:33] *** Prof_NaPo^^ is now known as Prof_Away^^
[10:45:12] *** Joins: Francis (Francis@5468C56E.cm-12-1d.dynamic.ziggo.nl)
[10:48:58] <jasper> "dropped" is een beetje gechargeerd
[10:51:19] <bacobart> ze worden gewoon tegen elkaar uitgespeeld
[10:51:37] <bacobart> kijken wie er 't hardste om wil/kan vechten ofzo
[10:51:46] <Hooglander1> Had niet gedacht dat je ff team kon wisselen in een seizoen
[10:52:08] <Francis> ben benieuwd
[10:52:16] <Francis> jochie kan goed rijden
[10:52:28] <jasper> blijkbaar is red bull en toro rosso toch minder apart dan het lijkt
[10:52:38] <bacobart> nja, max weet nu iig dat als ie 't verneukt ie zo weer terug mag;p
[10:53:07] <Hooglander1> Zal die niet laten gebeuren gok ik
[10:53:26] <tozzert> *gaep*
[10:53:38] <tozzert> zijn we toch mooi ff vrij h√®
[10:53:39] *** Joins: Teckna1 (jonathan@52487D74.cm-4-1b.dynamic.ziggo.nl)
[10:53:43] <tozzert> op bevrijdingsdag
[10:53:46] *** Joins: zomertje (zomertje@pluizigenblauw.xs4all.nl)
[10:53:46] *** ChanServ sets mode: +o zomertje
[10:53:47] *** Quits: Teckna (jonathan@52487D74.cm-4-1b.dynamic.ziggo.nl) (Exit)
[10:54:07] <zomertje> mogguh
[10:59:24] <Destruction> jasper: Heb ergens gelezen dat alle 4 de coureurs onder contract staan met RBR, waarvan 2 uitgeleend aan TR. 
[10:59:31] <Destruction> Dan kun je dat inderdaad doen :P
[11:00:39] <Destruction> Op GoT las ik al een vermoeden dat Ricciardo einde van het seizoen weggaat en ze nu mooi kunnen zien 1) hoe Max het  (na wennen) met de RBR doet en 2) hoe Sainz vs Kvyat gaat lopen
[11:00:57] <Matthew> oooooh nee
[11:02:18] <Matthew> Ik ga naar Spa zaterdag voor de 6u race van het WEC-kampioenschap (zelfde otoos als Le Mans) 
[11:02:23] <Matthew> keiveel zin in gek
[11:02:39] <Francis> keiveel?
[11:02:42] <Francis> brabbo
[11:02:46] <Matthew> :D
[11:03:36] <Matthew> ik moet 1 euro betalen om het thuis te mogen printen
[11:03:39] <Matthew> bedankt ticketmaster
[11:05:14] *** Quits: Francis (Francis@5468C56E.cm-12-1d.dynamic.ziggo.nl) (Exit)
[11:05:41] <moto-moi> geinig he, die tickethufters
[11:06:36] <Hooglander1> Je mag zelfs betalen om te betalen
[11:07:11] <moto-moi> ideal toch niet?
[11:07:14] <Hooglander1> blijkbaar valt dat niet onder de service
[11:07:15] <Hooglander1> soms wel
[11:07:19] <Hooglander1> 67 cent of zo
[11:07:39] <moto-moi> hm, is me nooit opgevallen geloof ik
[11:08:59] <moto-moi> maarja, meestal ben ik al te geschokt over de servicekosten :X
[11:11:01] <Hooglander1> Ik zet er mentaal altijd een tientje bij op
[11:11:05] <Hooglander1> kaarten kosten 50 euro
[11:11:06] <Hooglander1> 60 dus
[11:11:15] <Jeroen> en lachen dat de artiesten doen
[11:11:27] <Hooglander1> waren het maar de artiesten die er aan verdienden
[11:11:31] <Hooglander1> Mojo en FriendlyFire met name
[11:11:51] <Jeroen> fair enough, maar iig niet ticketmaster zelf :p
[11:12:04] <Hooglander1> ticketmaster == mojo
[11:12:38] <Hooglander1> sowieso raar, vroeger was alles ticketmaster
[11:12:42] <Hooglander1> toen ging alles naar livenation / eventim
[11:12:45] <Hooglander1> en nu weer alles op ticketmaster
[11:12:51] <Jeroen> ik zie hier dat ticketmaster een amerikaans bedrijf is, deel van live nation
[11:12:51] <Hooglander1> en eventim is nu van de concurrent (friendlyfire)
[11:13:17] <Hooglander1> Live Nation ¬© 2016 Mojo Concerts B.V. Live Nation is een geregistreerd handelsmerk van Live Nation Worldwide, Inc.
[11:13:18] <Hooglander1> :>
[11:13:29] <Jeroen> ha verdomd
[11:13:37] <Jeroen> dacht dat die nog zelfstandig waren
[11:13:48] <Hooglander1> al 15 jaar niet
[11:13:49] <Jeroen> maar hoe dan ook, ticketmaster is natuurlijk gewoon het merk dat de klappen opvangt
[11:13:53] <Jeroen> als een soort van katvanger
[11:14:16] <Hooglander1> het absurde vind ik nog wel
[11:14:21] <Hooglander1> als het concert geannuleerd word
[11:14:26] <Hooglander1> dan krijg je dus die servicekosten niet terug
[11:14:28] <Hooglander1> alleen de pure aanschafprijs
[11:14:38] <Hooglander1> terwijl het promoten, het verkopen allemaal door eenzelfde bedrijf gebeurd
[11:14:45] <Hooglander1> dat moet je toch makkelijk kunnen winnen bij een rechter
[11:15:14] <tozzert> wat let je?
[11:15:45] <Hooglander1> ik heb nog nooit tickets gehad voor een geannuleerd concert :P
[11:15:49] <Hooglander1> Dan gaat het lastig he
[11:16:00] <Matthew> scherp
[11:16:11] <Matthew> hij heeft een punt, tozzert 
[11:17:45] <tozzert> scherpe punt?
[11:19:44] <Matthew> zo zou je het ook kunnen zeggen ja
[11:20:10] *** Quits: Guyver2 (Guyver2@guyver2.xs4all.nl) (Exit)
[11:23:07] *** Quits: kees (kees@office.tweaknet.net) (Input/output error)
[11:23:26] <tozzert> @ ff hadden wij wel alles teruggekregen afaik
[11:23:37] <tozzert> zal wel niet via ticketmaster gelopen hebben
[11:28:51] *** Joins: Hoogvlieger (Hoogvliege@ip41-37-211-87.adsl2.static.versatel.nl)
[11:28:57] <Jeroen> https://www.algemeiner.com/2016/05/04/german-tv-producer-under-investigation-for-swastika-shaped-schnitzel-meme-on-shows-facebook-page/
[11:29:05] <Jeroen> weer eens wat anders dan een wiedergutmachungsschnitzel
[11:30:01] *** Joins: Bor (Bor@50702BE5.cm-14.dynamic.ziggo.nl)
[11:31:03] <tozzert> de wollef
[11:31:30] <Bor> :)
[11:31:34] <Bor> Gooedemorgen 
[11:33:03] <Nakebod> Bijna middag \o/
[11:33:10] *** Joins: kees (kees@office.tweaknet.net)
[11:35:27] <tozzert> kees opent het donderdaggebed
[11:35:33] <Spacecowboy> fijn
[11:35:48] <Spacecowboy> kunnen we gezamelijk even stilstaan bij deze fijne dag
[11:39:55] *** Joins: Rivanov (Rivanov@31-151-31-203.dynamic.upc.nl)
[11:41:07] *** Quits: Teckna1 (jonathan@52487D74.cm-4-1b.dynamic.ziggo.nl) (Ping timeout: 66 seconds)
[11:46:06] *** Quits: coreblink (coreblink@145.132.131.160) (Ping timeout: 66 seconds)
[11:47:36] *** Joins: coreblink (coreblink@145.132.131.160)
[11:50:46] *** Quits: Rivanov (Rivanov@31-151-31-203.dynamic.upc.nl) (Exit)
[11:58:09] *** Joins: Teckna (jonathan@52487D74.cm-4-1b.dynamic.ziggo.nl)
[12:10:30] *** Quits: zomertje (zomertje@pluizigenblauw.xs4all.nl) (Exit)
[12:13:44] *** Quits: Erik (M1bbit@cl-1606.ams-04.nl.sixxs.net) (Ping timeout: 60 seconds)
[12:15:07] *** Joins: Resistor (Resistor@ip5456d91b.speed.planet.nl)
[12:37:20] *** Quits: Matthew (Matthew@178-117-75-230.access.telenet.be) (Connection reset by peer)
[12:43:16] *** Joins: grid (grid@dhcp-089-099-194-232.chello.nl)
[12:43:25] *** Joins: Saggler (Saggler@131-052-158-163.dynamic.caiway.nl)
[12:43:55] *** Joins: Matthew (Matthew@178-117-75-230.access.telenet.be)
[12:50:48] *** tozzert is now known as tozzatinprogress
[12:50:56] <tozzatinprogress> dag lieve kijkbuiskindertjes
[12:56:27] <Hooglander1> je amuseert je zo dat je op irc gaat?
[12:57:00] <grid> passive aan deze kant staat irc meestal aan
[12:57:10] <grid> zo ook nu
[12:57:15] <grid> op deze 3 regels na dan :)
[12:59:45] <tozzatinprogress> wat ijl je Hooglander1?
[12:59:58] <Hooglander1> dat je je verveelt
[13:00:05] <tozzatinprogress> want?
[13:00:37] <tozzatinprogress> waar maak je dat uit op?
[13:00:41] *** Quits: Teckna (jonathan@52487D74.cm-4-1b.dynamic.ziggo.nl) (Ping timeout: 60 seconds)
[13:00:49] <Hooglander1> dat je op irc gaat terwijl je op een bierfestival staat met vrienden
[13:00:58] <tozzatinprogress> ik ben er nog niet?
[13:01:04] <tozzatinprogress> ik vertrek zo?
[13:01:44] <tozzatinprogress> eerst naar maat fietsen
[13:01:46] *** Joins: Teckna (jonathan@52487D74.cm-4-1b.dynamic.ziggo.nl)
[13:01:58] <tozzatinprogress> daar gaan we met z'n allen in een 7zitter
[13:02:01] <tozzatinprogress> en worden we weggebracht
[13:02:11] <tozzatinprogress> later komen er nog meer
[13:02:17] <Hooglander1> ow
[13:02:17] <Hooglander1> meh
[13:02:19] <tozzatinprogress> en we zien wel hoe we terug komen
[13:02:33] <tozzatinprogress> het is ook pas net begonnen h√®
[13:02:38] <tozzatinprogress> het duurt van 13 tot 19 ofzo
[13:02:51] <tozzatinprogress> wij weten het vast wel iets te rekken
[13:02:51] <tozzatinprogress> :+
[13:04:27] <moto-moi> wacht.. tozzie gaat drinken
[13:04:35] <moto-moi> maar daarvoor moet 'ie eerst op een fiets zitten?
[13:04:39] <tozzatinprogress> en hoe!
[13:04:46] <moto-moi> Dus tozzie is een getrainde aap? :o
[13:04:51] <Nakebod> Die heeft meer pk dan zijn waggie
[13:04:59] <tozzatinprogress> topsport ja
[13:05:04] <moto-moi> Nakebod: :D
[13:05:18] <tozzatinprogress> sletjes
[13:05:22] <moto-moi> duurde toch 10 minuten voordat iemand daarover wat zei :D
[13:05:28] <moto-moi> we houden ons al in!
[13:05:32] <tozzatinprogress> uhuh
[13:05:35] <tozzatinprogress> het siert jullie
[13:05:40] <moto-moi> ty
[13:06:04] <tozzatinprogress> je moet goed drinken als het warm is h√®?
[13:06:07] <tozzatinprogress> komt dat even goed uit!
[13:06:08] <Nakebod> Zekers
[13:06:10] <tozzatinprogress> enniehoe
[13:06:11] <tozzatinprogress> tata
[13:06:12] <tozzatinprogress> :w
[13:06:22] <moto-moi> hf :P
[13:06:29] <tozzatinprogress> will do
[13:06:39] <moto-moi> ik heb anderhalf krat staan voor 3 man, dus dat moet net lukken
[13:07:18] <moto-moi> en! tandpasta ijsjes
[13:07:21] <moto-moi> jzs, wat zijn die ranzig
[13:07:27] <Nakebod> Ik heb een fles water!
[13:07:35] <moto-moi> wauw
[13:08:16] <moto-moi> http://www.ah.nl/producten/product/wi383248/ah-sunniez-limoen-munt
[13:08:17] <moto-moi> die dus
[13:08:26] <Nakebod> Gezien het goede weer, zometeen eens goed wandelingetje machen
[13:08:27] <moto-moi> smaakt naar tandpasta, geen aanrader, to say the least
[13:10:33] *** Quits: Hoogvlieger (Hoogvliege@ip41-37-211-87.adsl2.static.versatel.nl) (Exit)
[13:12:07] *** Quits: Matthew (Matthew@178-117-75-230.access.telenet.be) (Connection reset by peer)
[13:15:16] *** Quits: grid (grid@dhcp-089-099-194-232.chello.nl) (Ping timeout: 66 seconds)
[13:15:29] *** Quits: Flushell (Flushell@5ED3E8BA.cm-7-4d.dynamic.ziggo.nl) (Exit)
[13:19:55] *** Joins: grid (grid@dhcp-089-099-194-232.chello.nl)
[13:21:01] <Hooglander1> moto-moi je moet ook alleen de echt perenijsjes kopen
[13:21:01] <Hooglander1> de rest is nep
[13:21:35] <moto-moi> ja, deze pakte een vriend van me
[13:21:45] <moto-moi> die mag dus nooit meer ijs uitzoeken he :|
[13:21:47] <moto-moi> maar echt, niet gewoon hoe ranzig
[13:27:14] <Nakebod> Ik moet zeggen, normaal doe ik ook altijd peer, maar vorig jaar eens een ander stukje ola ijs gepakt, citroenijs met.. een stokje van drop :+ 
[13:27:26] <Nakebod> Behalve dat het ijs erg lekker is, hedde ook nog drop als toetje
[13:27:29] <Nakebod> Wat wil je nog meer!
[13:28:47] <moto-moi> die is ook wel lekker ja :P
[13:29:06] <moto-moi> ik neem meestal de frambozenversie van de perenijsjes, die zijn ook goedgekeurd :P
[13:29:13] <Nakebod> Misschien moeten ze nog snoeppapier als verpakking gebruiken, minder weggooien \o/
[13:29:57] <moto-moi> mjah, dat kan alleen niet zo goed tegen vocht :+
[13:30:00] <Nakebod> De aardbei versie van de perenfestini is dan weer minder imho, te zoet
[13:30:14] *** Joins: Matthew (Matthew@178-117-75-230.access.telenet.be)
[13:30:20] <moto-moi> ik dacht dat het framboos was?
[13:30:23] <moto-moi> ah well, die roze, die is goed :+
[13:30:49] <Nakebod> Misschien dat die er ook is, maar aardbei is er sowiezo
[13:32:21] *** Quits: Saggler (Saggler@131-052-158-163.dynamic.caiway.nl) (Exit)
[13:39:37] *** Quits: grid (grid@dhcp-089-099-194-232.chello.nl) (Ping timeout: 60 seconds)
[13:42:03] *** Quits: Teckna (jonathan@52487D74.cm-4-1b.dynamic.ziggo.nl) (Ping timeout: 66 seconds)
[13:42:31] *** Joins: grid (grid@dhcp-089-099-194-232.chello.nl)
[13:42:52] *** Joins: GodFather (p00p@a83152.upc-a.chello.nl)
[13:47:12] *** Quits: sm0ck (ashnohoe@D97B8CD4.cm-3-4c.dynamic.ziggo.nl) (Ping timeout: 60 seconds)
[13:47:29] *** Joins: sm0ck (ashnohoe@D97B8CD4.cm-3-4c.dynamic.ziggo.nl)
[13:49:36] *** Quits: Bor (Bor@50702BE5.cm-14.dynamic.ziggo.nl) (Ping timeout: 67 seconds)
[14:01:57] *** Joins: Stuiterbal (Stuit@2001:980:5281:1:21f7:dc98:e25f:a795)
[14:02:45] *** Joins: Teckna (jonathan@52487D74.cm-4-1b.dynamic.ziggo.nl)
[14:05:31] *** Joins: Bor (Bor@50702BE5.cm-14.dynamic.ziggo.nl)
[14:11:25] <Hooglander1> pfft, fucking bugs :/
[14:11:26] <Hooglander1> niet tof
[14:12:11] <moto-moi> zijn bugs dat ooit wel?
[14:17:45] <Hooglander1> Ik gok dat het een pebkacje is moto
[14:17:51] <Hooglander1> maar ja, maakt het niet minder irritant
[14:18:25] <moto-moi> :P
[14:18:40] <moto-moi> ik heb laatst ook een stuk code van een paar collega's moeten fixen wat een paar maanden in een hoek lag
[14:18:48] <moto-moi> genoeg gevloek voor de hele afdeling *O*
[14:19:08] <Jeroen> vroeger had je toffe bugs
[14:19:10] <Jeroen> in videogames enzo
[14:19:52] <moto-moi> kan me weinig bugs herinneren uit oude games?
[14:20:38] <Jeroen> missingno in pokemon
[14:20:40] <Jeroen> to name one
[14:20:50] <Jeroen> ey Hooglander1, jij ervaring met case interviews?
[14:21:03] *** Joins: Robin (robin@5419F052.cm-5-2d.dynamic.ziggo.nl)
[14:21:03] *** ChanServ sets mode: +v Robin
[14:21:14] <Hooglander1> err, nee
[14:21:47] <Jeroen> damnit :+
[14:22:00] <rawplayer> hoi
[14:22:27] <Hooglander1> http://nos.nl/artikel/2103193-meer-belangstelling-voor-dna-testen-na-onthulling-dj-mattie.html <- hoe lullig is dat man
[14:22:37] <Jeroen> kmot iemand hebben met wie ik een case interview kan oefenen
[14:31:13] <Hooglander1> ik weet niet eens wat het is
[14:32:56] <Chiron> Hooglander1: ben wel benieuwd hoe ze erachter zijn gekomen, ze waren met 26 weken al geboren, dus de nodige medische onderzoeken, of het waren 2 negertjes
[14:33:41] <Jeroen> bloedgroep?
[14:34:10] <Hooglander1> Chiron misschien is zijn vriendin er uiteindelijk ook wel eerlijk over geweest
[14:34:18] <Hooglander1> hoeft niet meteen te zijn geweest dat ze het is blijven verhullen
[14:34:29] <Hooglander1> of dat papa2 opeens in beeld kwam
[14:34:30] <Chiron> kan ook nog
[14:34:49] *** Quits: Arno (arno@541B0FEB.cm-5-4a.dynamic.ziggo.nl) (Exit)
[14:34:53] <Jeroen> of misschien hadden de kindjes beide zwarte lange haren en wisten ze niks
[14:39:51] *** Quits: Bor (Bor@50702BE5.cm-14.dynamic.ziggo.nl) (Ping timeout: 66 seconds)
[14:47:32] *** Quits: Resistor (Resistor@ip5456d91b.speed.planet.nl) (Ping timeout: 61 seconds)
[14:47:53] *** Quits: grid (grid@dhcp-089-099-194-232.chello.nl) (Ping timeout: 60 seconds)
[14:48:21] *** Joins: Resistor (Resistor@ip5456d91b.speed.planet.nl)
[14:49:20] <Hooglander1> moto-moi het was een klassieke pebkac :X
[14:49:46] <Jeroen> leuk he, programmeren :+
[14:50:08] <Hooglander1> mijn data verdween, maar dat bleek achteraf wel te kloppen :X
[14:50:26] <Jeroen> gewoon dummydata
[14:58:28] *** Joins: grid (grid@dhcp-089-099-194-232.chello.nl)
[15:05:43] <Jeroen> ik hoor zitas in de verte
[15:05:44] <Jeroen> lol
[15:05:47] <Jeroen> ahahahahahaaaaa
[15:20:38] *** Quits: Matthew (Matthew@178-117-75-230.access.telenet.be) (Connection reset by peer)
[15:27:12] *** Joins: Smileface (alexander@25bc408b.ftth.concepts.nl)
[15:27:48] *** Quits: Teckna (jonathan@52487D74.cm-4-1b.dynamic.ziggo.nl) (Ping timeout: 60 seconds)
[15:35:14] *** Joins: Matthew (Matthew@178-117-75-230.access.telenet.be)
[15:38:41] <Hooglander1> ghe
[15:38:45] <Hooglander1> die windmolens langs de a58
[15:38:48] <Hooglander1> waar zoveel files waren
[15:38:53] <Hooglander1> te zien vanuit huis
[15:38:54] <Hooglander1> awesome
[15:40:10] <boekee> :P
[15:45:08] *** Joins: Teckna (jonathan@52487D74.cm-4-1b.dynamic.ziggo.nl)
[15:47:15] *** Quits: grid (grid@dhcp-089-099-194-232.chello.nl) (Ping timeout: 66 seconds)
[15:49:20] *** Quits: Teckna (jonathan@52487D74.cm-4-1b.dynamic.ziggo.nl) (Ping timeout: 65 seconds)
[15:49:26] *** Joins: chim0 (a@d5c53ff2.ftth.concepts.nl)
[15:55:18] *** Joins: Bor (Bor@50702BE5.cm-14.dynamic.ziggo.nl)
[15:57:27] <gdex> die staan net voorbij oirschot toch Hooglander1 ?
[15:57:34] <Hooglander1> jup
[15:57:44] <Hooglander1> ze draaien nog niet
[15:58:06] <gdex> in houten draaiden ze volop vanochtend
[15:58:10] <gdex> het waaide daar ook flink
[16:01:41] <Escovan> https://www.youtube.com/watch?v=1Cq1HodAQd4
[16:02:32] *** Quits: Bor (Bor@50702BE5.cm-14.dynamic.ziggo.nl) (Ping timeout: 66 seconds)
[16:06:11] *** Joins: Teckna (jonathan@52487D74.cm-4-1b.dynamic.ziggo.nl)
[16:18:40] *** Quits: wirky (werken@ip503c7f23.speed.planet.nl) (Exit)
[16:19:09] *** Quits: Teckna (jonathan@52487D74.cm-4-1b.dynamic.ziggo.nl) (Ping timeout: 61 seconds)
[16:33:07] *** Joins: Drawer (z@53521BE5.cm-6-3a.dynamic.ziggo.nl)
[16:33:55] *** Quits: Smileface (alexander@25bc408b.ftth.concepts.nl) (Exit)
[16:36:24] *** Joins: Teckna (jonathan@52487D74.cm-4-1b.dynamic.ziggo.nl)
[16:55:04] *** Joins: rhod (rhod@86.85.193.196)
[16:56:00] *** Joins: Erik (M1bbit@cl-1606.ams-04.nl.sixxs.net)
[17:03:07] *** Quits: GodFather (p00p@a83152.upc-a.chello.nl) (Exit)
[17:26:18] <Drawer> hmm
[17:26:29] <Drawer> ik heb een nieuw (zwaar illegaal) idee :+
[17:26:49] <Drawer> een script dat standaard alle programma's van rtlxl downloadt en torrentized
[17:26:58] <Drawer> zodat je van die max 1 week terugkijken shit af bent
[17:26:58] <Drawer> :+
[17:27:07] <Jeroen> kost je e7500, maar dan heb je ook niks
[17:27:46] <Jeroen> is dat trouwens ook niet een gigantische hoeveelheid data
[17:27:48] <Drawer> ja
[17:27:51] <Drawer> dat is t probleem
[17:27:54] <Drawer> anders had ik t al gemaakt
[17:27:54] <Drawer> :D
[17:27:58] <Jeroen> kan je dat niet beter uploaden naar een of andere duistere henk
[17:28:22] <Drawer> ja, torrent
[17:28:23] <Drawer> :>
[17:28:34] <Jeroen> dat is te trackabel
[17:28:45] <Jeroen> ik doel meer op een van de spirituele opvolgers van mega upload met streaming
[17:28:58] <Drawer> mooi, nieuwsgroepen hebben nog wel wa
[17:31:45] <Hooglander1> Drawer kun je uberhaupt downloaden dan van rtl xl?
[17:31:50] <Drawer> ja
[17:31:59] <Hooglander1> vandaar dat ze op usenet staan vaak
[17:32:01] <Drawer> heb er zelfs n site van gemaakt
[17:32:02] <Drawer> :>
[17:33:04] <Drawer> onee, mjne doet alleen npo atm
[17:33:23] <Drawer> de concurrent kan t iig
[17:33:24] <Drawer> http://downloadgemist.nl/
[17:33:25] <Hooglander1> goed, ik ben er weg van
[17:34:59] <Escovan> http://demonitor.ncrv.nl/werken-met-een-beperking/en-wr-stopt-een-gehandicapte-met-werken-vanwege-regelgeving
[17:35:11] <Escovan> Maar ik praatte onzin h√® :|
[17:37:10] <Drawer> hoppaaa
[17:37:11] <Drawer> newsleecher aan
[17:37:12] <Drawer> en gaon
[17:39:35] <Jeroen> waarom is tozzatinprogress er niet
[17:39:41] <Jeroen> nu kan ik 'm niet vertellen wat ik vanavond eet
[17:39:50] *** Joins: Metalfrost (Metalfrost@tsn109-201-154-200.dyn.nltelcom.net)
[17:42:23] <Drawer> biefstuk?
[17:42:27] <Drawer> ik eet verse pizza van de ah
[17:42:28] <Drawer> of mja
[17:42:30] <Drawer> 'vers'
[17:42:32] <Drawer> met kipshoarma
[17:42:34] <Drawer> en slaoi
[17:42:37] <Drawer> en sauws
[17:42:43] <Jeroen> op de pizza?
[17:43:29] <Drawer> ja
[17:43:32] <Drawer> en ondertussen ga ik
[17:43:37] <Drawer> 'het is hier geen hotel' kijken
[17:43:38] <Drawer> :D
[17:43:46] <Drawer> en d·t noem ik vrijheid
[17:43:46] <Drawer> \o
[17:44:16] *** Joins: Vipertje (tweak@54182E79.cm-5-1a.dynamic.ziggo.nl)
[17:45:00] * Jeroen leest een boek
[17:45:13] <Jeroen> beetje sinatra op de achtergrond
[17:45:13] <Drawer> pannekoek
[17:45:14] <Jeroen> zo een kouwe
[17:45:25] <Jeroen> heb eigenlijk nooit gefeest op 5 mei
[17:47:21] *** Joins: wirky (werken@ip503c7f23.speed.planet.nl)
[17:47:27] <Drawer> van die 'geen 4 mei voor mij' moest ik wel kotsen zeg
[17:48:53] <Jeroen> wat
[17:48:58] <rawplayer> lekker kotsen
[17:51:00] <Drawer> http://nieuws.nl/algemeen/20160503/geen-4-mei-voor-mij-zorgt-voor-ophef-op-social-media/
[17:51:19] <Jeroen> mozes
[17:52:04] <Jeroen> lol dat kind is volledig de weg kwijt
[17:52:06] <Jeroen> zou d'r wel doen
[17:52:13] <Tomcat_ha> ik geloof dat er ook best wat molukkers niet echt pro 4 mei zijn
[17:52:38] <Jeroen> die hebben daar dan wel weer een reden voor
[17:52:50] <Escovan> #geenaandachtvoormij had ze beter kunnen doen. Heeft ze ook geen negatieve aandacht over zich heen. 
[17:53:06] <Jeroen> in tegenstelling tot mevrouw "omg ook nazi's hebben vrije meningsuiting"
[17:53:48] <Escovan> maarja, iedereen sopt tegenwoordig in z¬¥n broekje als er een getalletje bovenin FB of Twitter staat.
[17:54:48] <Jeroen> http://www.kijkshop.nl/product/155416/axcent-horloge/
[17:54:51] <Jeroen> kan dit met een pak?
[17:54:55] <Jeroen> moet ff een goedkoop klokkie hebben :+
[17:55:04] <Drawer> ja
[17:55:45] <Jeroen> morgen ff langs de kijkshop
[17:55:48] <Jeroen> als die nog bestaat
[17:56:01] <Escovan> hier issie weg
[17:56:14] <Jeroen> die hier dus ook
[17:56:15] <Jeroen> dju
[17:56:58] <Drawer> hahahahahaha
[17:56:59] <Drawer> Jeroen, 
[17:57:06] <Drawer> 'zie het maar te redden met de roeien die je hebt'
[17:57:07] <Drawer> :DDDDDD
[17:57:09] <Drawer> manman
[17:57:12] <Drawer> 10 mins in die serie
[17:57:20] <Drawer> nu al een legendarische quote van zon dom wicht
[17:58:02] <Jeroen> haha
[17:58:05] <Drawer> echt een gozer die nog homofieler is dan roy donders
[18:00:21] *** Quits: tobias (tobias@sinas.rename-it.nl) (Ping timeout: 60 seconds)
[18:00:28] *** Quits: Korvaag (sjoerd@sinas.rename-it.nl) (Ping timeout: 60 seconds)
[18:05:28] *** Joins: tobias (tobias@sinas.rename-it.nl)
[18:05:28] *** Joins: Korvaag (sjoerd@sinas.rename-it.nl)
[18:06:27] *** tobias is now known as Tweaker24208
[18:18:14] *** Quits: rhod (rhod@86.85.193.196) (Exit)
[18:24:59] *** Quits: Matthew (Matthew@178-117-75-230.access.telenet.be) (Connection reset by peer)
[18:25:17] *** Quits: Metalfrost (Metalfrost@tsn109-201-154-200.dyn.nltelcom.net) (Exit)
[18:27:13] <Drawer> wtf Jeroen :D
[18:27:17] <Drawer> dit programma :D
[18:27:35] <Drawer> wasmachine aansluiten en dan de afvoer aan de  aanvoer vasttapen
[18:27:40] <Drawer> en dat dan aan de kraan vasttapen
[18:27:41] <Drawer> :DDDDD
[18:27:42] <Drawer> _O-
[18:27:54] *** Joins: Svardskampe (Svardskamp@109-15-ftth.onsnetstudenten.nl)
[18:28:01] <Jeroen> haha
[18:29:02] <Drawer> hahahahaha
[18:29:06] <Drawer> flikkert de stop eruit
[18:29:11] <Drawer> omdat die wascmachine water lekt :D
[18:29:27] *** Joins: Anthor (Anthor@cust.7.103.adsl.cistron.nl)
[18:34:54] *** Quits: Resistor (Resistor@ip5456d91b.speed.planet.nl) (Exit)
[18:39:17] <Hooglander1> Dus
[18:39:21] <Hooglander1> Lekker tripeltje
[18:39:25] <Hooglander1> Franse worst er bij
[18:42:48] <Drawer> hmm
[18:42:52] <Drawer> rondje lopen zo mss
[18:43:41] <Hooglander1> Pfft, niet te actief he
[18:43:46] <Hooglander1> Morgen @ Office Drawer ?
[18:44:02] <Drawer> nee
[18:44:07] <Drawer> thuisworkingz
[18:44:14] <Erik> uhuh
[18:44:21] <Hooglander1> Jaaa ja, vast
[18:44:27] <Drawer> ja
[18:44:28] <Hooglander1> :+
[18:44:32] <Drawer> en anders niet
[18:44:39] <Drawer> heb nog een koningsdag tegoed gvd ja!
[18:44:45] <Erik> computer aanzetten en af en toe de muis bewegen dus
[18:44:56] <Drawer> precies Erik 
[18:45:01] <Hooglander1> Zodat Skype.for Business niet.op away springt
[18:45:01] <Hooglander1> :+
[18:45:03] <Drawer> lync niet laten auto-awayen
[18:45:03] <Drawer> :D
[18:45:04] <Drawer> _O-
[18:45:12] <Hooglander1> Whehehe
[18:45:13] <Erik> ;)
[18:45:28] <Drawer> nee zit zelfs @ thuis-thuis Hooglander1 
[18:45:31] <Drawer> alleen thuis hier
[18:45:36] <Hooglander1> Ouders thuis?
[18:45:37] <Drawer> 2 grote schermen
[18:45:39] <Hooglander1> Of je eigen casa
[18:45:43] <Drawer> productief^2
[18:45:45] <Drawer> ouders
[18:46:00] <Hooglander1> Ahja, vandaag schoot het hier ook lekker op
[18:46:05] <Hooglander1> Geen gezeik tussen dor
[18:46:07] <Hooglander1> Ff knallen
[18:52:13] <Drawer> hahahahaha Jeroen 
[18:52:15] <Drawer> ze moeten koken
[18:52:17] <Drawer> in hun recept
[18:52:20] <Drawer> '1 mp'
[18:52:23] <Drawer> 'HUH WAT IS MP
[18:52:30] <Drawer> '1 megapixel zout?'
[18:52:30] <Drawer> :D
[18:53:29] <Jeroen> ghehe
[18:53:29] <Jeroen> maar eh
[18:53:32] <Jeroen> wat is een mp dan?
[18:53:39] <Nakebod> marktplaats, duh!
[18:53:44] <Drawer> mespunt?
[18:53:44] <Drawer> :D
[18:53:47] <Drawer> like doh
[18:54:18] <Jeroen> heb ik echt nog nooit zo afgekort gezien
[18:54:24] <Jeroen> of uberhaupt afgekort eigenlijk
[18:54:30] <Nakebod> In welke internationale standaard komt dat voor? :+
[18:54:35] <Drawer> SI
[18:55:24] <Drawer> hahaha
[18:55:30] <Drawer> knoflook snijden met de schil eormheen
[18:55:30] <Drawer> :D
[18:55:42] <Drawer> stel debielen
[18:55:59] <Erik> "koken, nog best lastig"
[18:56:35] <Drawer> serieus Jeroen 
[18:56:38] <Drawer> prachtprogramma
[18:56:57] <Hooglander1> Welk programma?
[18:57:02] <Jeroen> maar waarom kijk je naar domme mensen
[18:57:05] <Drawer> he tis hier geen hotel
[18:57:05] <Drawer> :D
[18:57:09] <Jeroen> daar zijn er al zo veel van
[18:57:51] <Jeroen> maar je vindt robin wel lekker, Drawer?
[18:58:03] <Drawer> das die gast?
[18:58:04] <Hooglander1> Pics
[18:58:05] <Drawer> die gladjakker?
[18:58:14] <Drawer> die is zo goddamned homofiel, niet te gezond :D
[18:58:25] <Jeroen> http://screenshots.rtl.nl/system/thumb/sz=720x404/uuid=066a9173-b806-4f29-9ba6-afde6942ba9c robin doet ook een full windsor, Hooglander1 
[18:58:43] <Hooglander1> Dat is wel een lade typetje ja
[18:58:47] <Drawer> :D
[18:58:52] <boekee> Die wenkbrouwen :P
[18:59:02] <Jeroen> hij glimt zo
[18:59:09] <Hooglander1> Hij lijkt zelfs wel wat op lade
[18:59:14] <Drawer> ga weg man
[18:59:17] <boekee> Geef hem lang blond haar en tieten 
[18:59:18] <Jeroen> hahaha
[18:59:22] <Hooglander1> Vind je niet Jeroen ?
[18:59:28] <boekee> 8-% done
[18:59:31] <Jeroen> ja nu je het zegt
[18:59:35] <Hooglander1> Glimmen komt door TV lampen Jeroen 
[18:59:43] <Jeroen> ik denk dat Drawer dit ook wel zou staan http://screenshots.rtl.nl/system/thumb/sz=720x404/uuid=88626910-0655-4f0b-a986-d925298a4d65
[18:59:55] <Hooglander1> Daar liep hij gister nog mee
[19:01:47] <Jeroen> http://covers.rtl.nl/system/cover/h/pc/335459 
[19:01:58] <Jeroen> wat een gladjakker
[19:01:59] <Jeroen> tering
[19:02:09] <Drawer> ja
[19:02:10] <Nakebod> is dat niet zo een mooiboi
[19:02:12] <Drawer> nee
[19:02:13] <Drawer> of mja
[19:02:20] <Drawer> hij is van de andere kaant
[19:02:24] <Jeroen> en wat een waardeloze kleur lip stick van die chick die 'm vasthoudt
[19:02:32] <Jeroen> die kent het concept contrast ook niet volgens mij
[19:02:34] <Drawer> ja man
[19:02:35] <Nakebod> ah, dus toch een nsber!
[19:02:39] <Drawer> wel geilste wijf
[19:02:55] <Jeroen> nee joh dat is natasja
[19:03:06] <Jeroen> wat denk je dat rene bedoelde met z'n plek onder de zon
[19:03:17] <Drawer> haha
[19:04:38] <Drawer> blijkbaar is het heel normaal om iedere ochtend met een joint te beginnen Jeroen 
[19:04:39] <Drawer> \o
[19:04:53] <Jeroen> doe ik ook
[19:04:57] <Jeroen> koffie met een joint
[19:05:00] <Drawer> ipv een kop koffie
[19:05:01] <Drawer> oh
[19:05:01] <Drawer> allebei
[19:05:03] <Drawer> damn
[19:05:04] <Drawer> luxepaard
[19:05:08] <Drawer> koffie
[19:05:09] <Drawer> goed idee
[19:06:56] <Jeroen> ik heb bier
[19:09:14] <Drawer> ik drink deze week niet
[19:09:46] <Jeroen> wat
[19:10:12] <Drawer> zondag hardlopen :>
[19:10:57] <Drawer> http://www.wingsforlifeworldrun.com/nl/nl/
[19:11:21] *** Quits: Vipertje (tweak@54182E79.cm-5-1a.dynamic.ziggo.nl) (Ping timeout: 61 seconds)
[19:13:26] <Jeroen> goed filmpje
[19:13:31] <Jeroen> totaal geen artefacts
[19:13:46] <Drawer> gast
[19:13:46] <Drawer> :D
[19:13:50] <Jeroen> maar hip
[19:14:07] <Drawer> dat komt door streamone
[19:14:09] <Drawer> kuttoko
[19:14:11] <Jeroen> ja wat, dat fimpje is hier echt finaal over de pis :p
[19:14:23] <Drawer> valt hier best meuj
[19:14:40] <Drawer> doel is minimaal 20km
[19:14:46] <Drawer> vorig jaar had ik 21.5 ofzo
[19:14:55] <Drawer> toen regende het en waren mensen onderkoelt
[19:15:02] <Drawer> deze zondag is het 25 graden en zon
[19:15:02] <Drawer> :X
[19:16:37] <Drawer> btw Jeroen 
[19:16:44] <Drawer> wat doen die wijven altijd met hun wenkbrauwen man
[19:16:52] <Jeroen> dno man
[19:18:15] <Drawer> https://webservice.qvision.nl/File_Cabinet/WoonbedrijfWoningCartotheek/16753_32785/74064_98347.pdf
[19:18:17] <Drawer> leuk huisie
[19:18:23] <Drawer> als daar nou eens niemand op reageert
[19:18:32] <Drawer> kan ik er wonen
[19:23:50] <Drawer> btw Jeroen 
[19:23:51] <Drawer> Hooglander1, 
[19:23:57] <Drawer> hebben jullie Onder de radar gezien?
[19:23:59] <Drawer> serie
[19:24:01] <Drawer> nu 3 eps van
[19:24:03] <Drawer> npo.nl
[19:24:04] <Jeroen> nee
[19:24:06] <Drawer> goeie
[19:24:44] <Drawer> gaat die lekkere documentairemaakster jessica vallerius ofzo meet met arrestatieteams
[19:24:46] <Drawer> in ehv
[19:24:46] <Drawer> :D
[19:24:48] <Drawer> dat accent _O_
[19:24:57] <Drawer> deze chick dus: https://pbs.twimg.com/profile_images/667226791724064768/LpplGxcM_400x400.jpg
[19:24:59] <Drawer> lekker wief
[19:25:03] <Drawer> lief stemmetje
[19:25:35] <Jeroen> maar het is nederlandse tv
[19:25:51] <Drawer> ze heeft goeie docu's
[19:27:33] <Drawer> en ook dit is een vette docu
[19:27:39] <Drawer> alleen al om het geweld van die gasten :D
[19:27:46] <Drawer> ff een deur eruit blazen _O_
[19:27:53] <Jeroen> http://screenshots.rtl.nl/system/thumb/sz=720x404/uuid=6aced182-2e8a-4e26-1a09-910b0b35c6eb
[19:27:59] <Jeroen> ze lijkt op iemand die ik ken
[19:28:21] *** Joins: boy_yonder (Seb@82-169-222-71.ip.telfort.nl)
[19:29:22] <Drawer> lekker wief, slechte foto tho
[19:30:10] <Jeroen> juh
[19:30:28] <Drawer> nee serieus, kijk ep1 maar
[19:30:29] <Drawer> 30 mins ofzo
[19:30:32] <Drawer> serieus vet
[19:32:07] *** Quits: boy_yonder (Seb@82-169-222-71.ip.telfort.nl) (Exit)
[19:32:22] <Hooglander1> Ken ik niet Drawer 
[19:32:28] *** Joins: boy_yonder (Seb@82-169-222-71.ip.telfort.nl)
[19:33:01] <Drawer> kijken dan Hooglander1 
[19:33:48] <Hooglander1> Pourquoi?
[19:34:32] <Drawer> omdat het goed is
[19:36:30] <Spacecowboy> Chouffe O+
[19:36:39] <Spacecowboy> proost
[19:36:58] <Hooglander1> Cheers Spacecowboy 
[19:37:08] <Spacecowboy> dank
[19:37:20] <Drawer> https://pbs.twimg.com/media/ChtVUg1UYAABbBl.jpg:large
[19:37:20] <Drawer> Jeroen, 
[19:37:20] <Drawer> :D
[19:37:21] <Spacecowboy> smaakt weer goed :D
[19:37:24] <Drawer> lekker woordkeuze
[19:37:42] <Jeroen> haha
[19:37:54] <Spacecowboy> lol
[19:37:55] <Spacecowboy> nice
[20:01:12] <Drawer> nog leuke Coursera's gedaan eik Jeroen?
[20:01:13] <Drawer> lately?
[20:01:20] <Jeroen> nope
[20:02:13] <Drawer> oke
[20:03:07] <Jeroen> :p
[20:03:15] <Drawer> https://www.facebook.com/wimvanerp123
[20:03:19] <Drawer> zon foto moet ik ook eens shoppen
[20:03:19] <Drawer> :D
[20:03:42] <Jeroen> butwaai
[20:03:52] <Drawer> grappug
[20:04:52] <Jeroen> https://www.edx.org/course/introduction-mongodb-using-mean-stack-mongodbx-m101x is dit niks voor je
[20:05:12] <Jeroen> beetje mongoldb
[20:05:17] <Drawer> kan al mongodb
[20:07:12] <Jeroen> http://worldarchery.org/#tabs-0-top-3
[20:07:14] <Jeroen> kiek ze staan
[20:07:18] <Jeroen> de nederlanders aan de top
[20:07:37] <Drawer> is het je wel eens opgevallen dat indiers amper lachen op fotos Jeroen 
[20:07:38] <Drawer> :D
[20:07:46] <Jeroen> ja
[20:07:47] <Jeroen> dat doen ze niet
[20:07:48] <Jeroen> is cultureel
[20:07:57] <Drawer> ja omdat ze anders niet cool lijken voor de wijffies ofzo
[20:09:17] <Drawer> maar is edx coursera een beetje voorbijgegaan?
[20:10:21] <Jeroen> zijn redelijk gelijk afiak
[20:10:31] <Jeroen> edx heeft wel delft natuurlijk
[20:10:41] <Drawer> coursera heeft tu/e
[20:10:48] <Drawer> maar wel wienig tho :+
[20:11:39] <Hooglander1> Ghehe, onze collega laatst nog aan herinnerd Drawer 
[20:11:47] <Hooglander1> Dattie moest lachen op zijn trouwfotos
[20:11:59] <Drawer> ram?
[20:12:19] <Hooglander1> Juh
[20:12:57] <Drawer> maar vroeger was alles gratis by default Jeroen 
[20:13:04] <Drawer> nu is het paid by default ofzo
[20:13:06] <Drawer> en soms gratis
[20:13:06] <Drawer> ;(
[20:13:14] <Jeroen> ja dat is wel ghey
[20:13:23] <Jeroen> maar die specializations zijn alleen betaald als je ze zo afneemt
[20:13:30] <Jeroen> vaak zijn de individuele courses nog wel gratis
[20:13:54] <Drawer> kvind t maar ghey
[20:14:07] <Drawer> maar ik ben ook al 16% fluent in spanish
[20:14:09] <Drawer> met duolingo
[20:14:11] <Drawer> :'D
[20:14:27] <Drawer> el cato bebe leche
[20:14:30] <Drawer> kan ik zeggen
[20:14:51] <Jeroen> ff kijken wat mijn % is
[20:14:55] <Hooglander1> Coursera ook Drawer 
[20:14:59] <Hooglander1> Alles betaald
[20:15:03] <Drawer> ja die bedoel ik Hooglander1 
[20:15:06] <Hooglander1> Vroeger kreeg je nog geen certificaat meer
[20:15:07] <Drawer> dacht ff kijken voor mn goals enzo
[20:15:10] <Drawer> weet je
[20:15:10] <Hooglander1> Ook dat is nu afgelopen
[20:15:30] <Hooglander1> Je mag geen testen meer zien als je niet betaald
[20:15:35] <Jeroen> oh is dat nu volledig voorbij
[20:15:38] <Jeroen> dat is echt wel ghey
[20:15:40] <Hooglander1> Die zijn nu net het meest nuttig
[20:15:52] <Hooglander1> Oostenwind vanavond
[20:16:00] <Hooglander1> Er komt een luchtballon over centrum ehv
[20:16:17] <Jeroen> misschien is het eddy wally
[20:16:18] <Jeroen> rip
[20:16:22] <Jeroen> https://www.youtube.com/watch?v=XxRF7OKCqIg
[20:17:01] <Jeroen> https://www.youtube.com/watch?v=dP9Wp6QVbsk 
[20:17:04] <Jeroen> mijn huidige favoriet
[20:17:08] <Jeroen> die kop van die gozer
[20:17:09] <Jeroen> :D
[20:17:35] <Drawer> hahahaha
[20:17:45] <Drawer> doet me denken aan oud klasgenoot
[20:17:57] <Drawer> jantje ofzo
[20:17:57] <Drawer> btw
[20:17:58] <Drawer> https://www.youtube.com/watch?v=PcRyjkYdDxM
[20:18:00] <Drawer> kende deze?
[20:18:01] <Drawer> wel toch?
[20:18:08] <Jeroen> tuurlijk
[20:18:50] <Drawer> haha Jeroen 
[20:18:57] <Drawer> we zochten vorige week muziek voor bij n presentatie
[20:19:04] <Drawer> of mja, onder n filmpje dat we moesten editen
[20:19:17] <Drawer> dus ik stelde voor om 4'33'' te doen
[20:19:20] <Drawer> 1. kenden ze niet
[20:19:20] <Jeroen> :')
[20:19:28] <Drawer> 2. toen ik t liet horen duurde het werkelijk 2.5 minuut
[20:19:35] <Drawer> voordat ze doorhadden dat er nooit iets komen ging
[20:19:35] <Drawer> :D
[20:19:41] *** Quits: int3nz0r (int3nz0r@541A8E1B.cm-5-3c.dynamic.ziggo.nl) (Ping timeout: 66 seconds)
[20:19:56] <Hooglander1> En ze hebben het drie weken met je volgehouden
[20:19:58] <Drawer> uiteindelijk voor waltz no.2 gegaan
[20:19:59] <Hooglander1> Best knap
[20:20:07] <Jeroen> sjostakovitsj
[20:20:08] <Jeroen> really
[20:20:12] <Drawer> ja man
[20:20:13] <Drawer> goeie
[20:20:25] <Drawer> paste precies in t filmpje Jeroen 
[20:20:27] <Jeroen> ik doe alleen this is the moment
[20:20:30] <Jeroen> van rene froger
[20:20:34] <Jeroen> (seriously)
[20:20:34] <Drawer> https://www.youtube.com/watch?v=0XdC1HUp-rU
[20:20:35] <Jeroen> :+
[20:20:36] <Drawer> dit filmpje
[20:20:42] <Drawer> op 4x ofzo
[20:20:43] <Drawer> of 2x
[20:20:57] <Drawer> soort wals/dans wat die armen doen toch
[20:20:58] <Drawer> :+
[20:21:03] <Jeroen> daar moet de sabeldans onder
[20:21:07] <Drawer> haha
[20:21:07] <Jeroen> of in the hall of the mountain king
[20:21:19] <Drawer> stelde ook nog williams tells overture final voor
[20:21:24] <Drawer> maar dat klonk minder :/
[20:21:30] <Jeroen> https://www.youtube.com/watch?v=xrIYT-MrVaI
[20:21:40] <Jeroen> voor al uw megalomane business
[20:21:46] <Jeroen> lex luthor consulting
[20:21:46] <Drawer> en la donna e mobile
[20:21:49] <Jeroen> haha
[20:21:50] <Drawer> maar daar kregen ze honger van
[20:22:05] <Drawer> https://www.youtube.com/watch?v=8A3zetSuYRg
[20:22:07] <Drawer> hier Hooglander1 
[20:23:24] <Jeroen> ik zag laatst wel wat voor jou Drawer 
[20:23:25] <Jeroen> ff kijken
[20:23:55] <Jeroen> https://youtu.be/xs3BXVTF7mw?t=85
[20:24:27] <Drawer> hehehehe
[20:24:59] <Jeroen> right here right now klinkt zo briljant
[20:25:15] <Drawer> mooi hoe de britten aan de ene kant staan voor klasse en netjes zijn
[20:25:31] <Drawer> maar aan de andere kant wel de royal albert hall gebruiken voor dit soort shit, voor guus meeuwis
[20:25:40] <Jeroen> class divide :+
[20:25:40] <Drawer> en iedere kans grijpen om keihard te zuipen
[20:25:40] <Drawer> oja
[20:25:43] <Drawer> en topgear
[20:25:43] <Drawer> :+
[20:26:25] <Jeroen> lola's theme klinkt ook zo briljant
[20:26:30] <Jeroen> maar dat kan je onderhand 1:1 overzetten
[20:28:17] *** Joins: GodFather (p00p@a83152.upc-a.chello.nl)
[20:30:35] <Drawer> haha zon nietsnut moet 5 eierengerechten maken Jeroen 
[20:30:46] <Drawer> zachtgekookt, hardgekookt, scrambled, omelet en gepocheerd
[20:30:56] <Jeroen> because how hard is it to poach a goddamn egg
[20:33:11] <Drawer> pocheren is best pittig nog heur
[20:33:17] <Drawer> echt goed pocheren
[20:34:17] <Jeroen> je moet archer eens kijken :+
[20:34:21] <Jeroen> (nee het gaat niet over boogschieten)
[20:35:07] <Drawer> jaja
[20:35:10] <Drawer> moet nog zoveel kijken
[20:35:12] <Drawer> marseille
[20:35:14] <Drawer> is da wa?
[20:36:03] <Jeroen> frans
[20:36:07] <Jeroen> dus een kutstad
[20:36:49] <Drawer> IS EEN SERIE JONGE
[20:36:52] <Drawer> netflix original
[20:36:52] <Drawer> jwt
[20:37:27] <Jeroen> ik moet Boss nog eens af kijken
[20:37:34] <Jeroen> is te vroeg gecanceld toen :/
[20:37:39] <Jeroen> kelsey grammer was daar echt briljant in
[20:37:43] *** Joins: zomertje (zomertje@pluizigenblauw.xs4all.nl)
[20:37:43] *** ChanServ sets mode: +o zomertje
[20:37:54] <Jeroen> en m'n nieuwste tindermatch reageert niet
[20:37:55] <Jeroen> haat
[20:38:43] <Hooglander1> Ze had vast verkeerd geswiped
[20:38:46] <Drawer> haha wijven in tv programmas altijd
[20:38:52] <Drawer> doen ze iets fout
[20:38:55] <Drawer> worden ze geconfronteerd
[20:39:01] <Drawer> en wat doen ze dan Jeroen 
[20:39:02] <Drawer> wat doen ze
[20:39:03] <Drawer> ?
[20:39:04] <Jeroen> niksnie Hooglander1 
[20:39:05] <Drawer> JANKEN
[20:39:07] <Jeroen> huilend wegrennen
[20:39:08] <Drawer> KEIHARD JANKEN
[20:39:08] <Jeroen> ja
[20:39:17] <Jeroen> maar daar kunnen ze niks aan doen he
[20:39:20] <Jeroen> is genetisch zo bepaald
[20:39:51] <Jeroen> https://youtu.be/w1R6tSdSgwM?t=4708 wat kom ik hier tegen 
[20:39:58] <Hooglander1> Jeroen: was ze zo lelijk?
[20:40:00] <Jeroen> tududuuuu
[20:40:08] <Jeroen> ze is moeilijk lekker
[20:40:11] <Jeroen> dacht even dat het een bot was
[20:40:14] <Drawer> +hahahah
[20:40:15] <Drawer> deuntjeeeeee.wav
[20:40:36] <Jeroen> maar het beweegt dus of de gps-spoofing is wel h√©√©l goed geworden, of ze is wss wel gewoon echt
[20:40:51] <Drawer> gps spoofing is easy
[20:40:59] <Drawer> mja
[20:41:00] <Jeroen> ja ginne poep
[20:41:05] <Drawer> met jouw python kunsten wss moeilijk
[20:41:06] <Drawer> snap ik
[20:41:06] <Jeroen> maar de bots pakken altijd een vast punt
[20:41:06] *** Joins: yonderboy (Seb@82-169-222-71.ip.telfort.nl)
[20:41:12] <Jeroen> deze verandert van locatie
[20:41:13] <Jeroen> ei
[20:41:31] *** Quits: boy_yonder (Seb@82-169-222-71.ip.telfort.nl) (Ping timeout: 60 seconds)
[20:41:40] <Jeroen> dat was boy_yonderland
[20:41:46] <Drawer> haha
[20:41:57] <Drawer> boy zonderland, fucking baas.
[20:41:58] <Jeroen> oh man
[20:41:59] <Jeroen> damnit
[20:42:04] <Jeroen> https://www.youtube.com/watch?v=aDrshqmUtAA
[20:42:17] <Drawer> :DDD
[20:42:24] <Jeroen> vroeger was kindertelevisie raar.
[20:42:31] <Drawer> purno de purno
[20:42:31] <Drawer> :D
[20:42:34] <Drawer> in het penismuseum
[20:42:36] <Hooglander1> Jeroen: die Brighton beach set he
[20:42:39] <Hooglander1> Hoe kut is dat
[20:42:44] <Drawer> :?
[20:42:45] <Jeroen> wanou kut
[20:42:47] <Drawer> strand?
[20:42:50] <Jeroen> die set was briljant
[20:42:51] <Drawer> of de kwaliteit?
[20:42:54] <Jeroen> nog steeds befaamd
[20:43:02] <Hooglander1> Pebble strand
[20:43:04] <Jeroen> alleen konden mensen er niet van weg komen geloof ik
[20:43:05] <Hooglander1> En reteschuin
[20:43:07] <Jeroen> omdat het zo tyfusdruk was
[20:43:19] <Hooglander1> Dus je gaat continu op je bek gok ik :+
[20:43:21] <Jeroen> alsof je dat doorhebt als je strak staat, Hooglander1 :+
[20:43:25] <Drawer> :D
[20:43:37] <Drawer> je compenseert het met het scheefhangen van je gezicht
[20:43:44] <Jeroen> http://www.telegraph.co.uk/news/uknews/1401411/Chaos-as-250000-swamp-Fatboy-Slim-beach-party.html
[20:44:04] <Jeroen> A second woman was taken to hospital with a broken back while two more party-goers were treated for broken hips
[20:44:09] <Jeroen> toch die kiezels
[20:45:24] <Hooglander1> :X
[20:45:35] *** Quits: Teckna (jonathan@52487D74.cm-4-1b.dynamic.ziggo.nl) (Ping timeout: 60 seconds)
[20:45:38] *** Joins: Teckna (jonathan@52487D74.cm-4-1b.dynamic.ziggo.nl)
[20:45:39] <Hooglander1> Kerel kon zich gewoon thuis omkleden
[20:45:45] *** Joins: Xyphoid (Xyphoid@i210097.upc-i.chello.nl)
[20:45:46] <Hooglander1> 10 minuutjes lopen van zijn casa
[20:45:48] <Hooglander1> :D
[20:46:08] <Jeroen> ja
[20:46:39] <Jeroen> en afsluiten met pure shores
[20:46:40] <Jeroen> <3
[20:47:50] <Jeroen> https://www.youtube.com/watch?v=_YHa208H-Gc dit is ook een goed nummer Drawer 
[20:48:09] <Drawer> leuk als je epileptisch bent ja
[20:48:17] <Jeroen> haha
[20:48:34] <Drawer> kunnen die wijven mijn racemonster ook niet ff doen
[20:48:42] <Drawer> https://www.youtube.com/watch?v=7TnWll0gCSc
[20:48:44] <Drawer> dit channel
[20:48:44] <Drawer> ftw
[20:48:45] <Drawer> :D
[20:48:49] <Jeroen> weet niet of je blij wordt van die vislucht
[20:48:50] <Drawer> zo simpel
[20:48:52] <Hooglander1> Verplicht zomertoetertje Jeroen 
[20:49:01] <Drawer> gewoon shit onder een pres douwen
[20:49:05] <Jeroen> ja lekker zomernummer Hooglander1 
[20:49:30] <Jeroen> https://www.youtube.com/watch?v=mxzgwJ8tSE0 die kan dan weer het hele jaar door
[20:50:55] <Jeroen> het wordt ook alleen maar beter
[20:50:56] <Jeroen> :D
[20:50:59] <Hooglander1> Vandaag blik op de weg zitten kijken
[20:51:06] <Hooglander1> Echt alle ep's staan op youtube
[20:51:09] <Hooglander1> Bazenactie
[20:51:22] <Drawer> dacht dat jij ging werken vandaag
[20:51:23] <Drawer> :D
[20:52:03] <Xyphoid> Avond allemaal
[20:52:17] <Xyphoid> Fijne bevrijdingsdag
[20:52:37] <Xyphoid> Blik op de weg en andere wegmisbruikersprogramma's zijn niet goed voor mijn bloeddruk
[20:52:45] <Jeroen> daar heb je Xyphoid met z'n typhoid
[20:53:08] <Xyphoid> Nou das nie aardig nie
[20:53:31] <Jeroen> neem dan ook een fatsoenlijke nick
[20:53:42] <GodFather> ja, zoals 'Jeroen'
[20:53:43] <Xyphoid> Jeroen poep aan zijn schoen...
[20:53:57] <Xyphoid> Te veel Jan, Jans en de kinderen gelezen
[20:54:09] <Jeroen> komt daar de naam Xyphoid in voor?
[20:54:21] <Hooglander1> Drawer: prima als achtergrond
[20:54:34] <Hooglander1> Alsof je 6 uur lag geconcentreerd blik.op de weg kan kijken :D
[20:54:38] <Hooglander1> Dan ben je ook hersendood
[20:54:46] <Drawer> was je toch al
[20:54:47] <Drawer> \o
[20:55:03] <Jeroen> ik vind de stem van die gozer wel rustgevend
[20:55:12] <Jeroen> itt van die koos spee
[20:55:16] <Jeroen> daar krijg ik moordneigingen van
[20:55:22] <Jeroen> met z'n betweterig gezeik
[20:55:24] <Hooglander1> Koos spee zit nog steeds in wegmisbruikers toch
[20:55:28] <Jeroen> ongetwijfeld
[20:55:32] <Hooglander1> Terwijl die gast niks meer betekend
[20:55:44] <Jeroen> er mag niks van die gozer
[20:55:55] <Hooglander1> Sowieso altijd bij wegmisbruikers
[20:56:03] <Hooglander1> Gast rijd 150 op een lege snelweg
[20:56:07] <Hooglander1> LEVENSGEVAARLIJK!!!!
[20:56:14] <Jeroen> ik bedoel, je mag niet net ff te hard rijden, of je uitlaat net ff te luid hebben, of met 2 bakken bier op naar huis rijden
[20:56:15] <Hooglander1> Yeah right
[20:56:21] <Drawer> haha
[20:56:37] <Drawer> ik rijd met 2 bakken bier achterin van maastricht naar groningen
[20:56:39] <Drawer> gewoon
[20:56:43] <GodFather> whaha
[20:56:45] <GodFather> +1
[20:56:50] <Hooglander1> Was wel mooi bij de eerste uitzendingen van bodw, benadrukken ze ook dat ze geen oordeel willen vellen
[20:56:58] <Hooglander1> En daar slaagden ze eigenlijk wel goed in
[20:57:28] <Jeroen> vroeger vatte ik vijf pilskes veur d'r dorst, dan nog zestien duvelkes, dan nog drie pilskes vur de nadorst, dan stapte ik in munne waoge, en reej ik naar huis!
[20:57:34] <Jeroen> vroeger jongens, vroeger kon da nog
[20:57:42] <Jeroen> aldus de vader van een vriendin
[20:57:55] <Drawer> mn opa ook man
[20:58:06] <Drawer> dat ze 20 kopstootjes dronken op een avond
[20:58:07] <Drawer> :D
[20:58:07] <Drawer> 8)7
[20:59:13] *** Quits: Robin (robin@5419F052.cm-5-2d.dynamic.ziggo.nl) (Exit)
[20:59:16] <Jeroen> vroeger was alles beter
[20:59:18] <Xyphoid> Ach, vroeger rookte mijn oma en ooms en tantes ook gewoon in bijzijn van de kleinkinderen. 
[20:59:35] <Drawer> ...
[20:59:36] <Drawer> 8)7
[20:59:42] <Drawer> dat was helemaal anders
[20:59:43] <Hooglander1> Sowieso
[20:59:43] <Xyphoid> En ik heb er niks aan asd;la;lllasal sd overgehouden.
[20:59:59] <Hooglander1> Dat soort dingen zijn pas recent echt veranderd
[21:00:10] <Xyphoid> Wat stuiptrekkingen tijdens het typen en een rare kop, maar verder niks raars
[21:00:14] <Jeroen> vroeger gebruikte je asbest om de soep in te binden
[21:00:39] <Xyphoid> Tja, niet alles was vroeger beter
[21:00:39] <Hooglander1> Roken op het werk is toch pas in 94 verboden of zo
[21:00:52] <Jeroen> net als stiften
[21:01:23] <Hooglander1> 1jan ,2006 pas
[21:01:26] <Hooglander1> Net 10 jaar
[21:01:39] <Hooglander1> Ow nee, das .be
[21:02:18] <Drawer> haha Jeroen stiften
[21:02:32] <Jeroen> ik heb een jack in the box
[21:03:05] <Drawer> https://twitter.com/realDonaldTrump/status/728297587418247168
[21:03:05] <Drawer> uh
[21:03:06] <Drawer> wat?
[21:03:07] <Drawer> :D
[21:03:17] <Drawer> i love hispanics
[21:03:17] <Drawer> ?
[21:03:18] <Drawer> :D
[21:03:26] <Jeroen> haha
[21:04:54] <Hooglander1> Man man man
[21:05:00] <Hooglander1> Maar niet de Mexicans he
[21:06:28] <Drawer> https://www.coursera.org/learn/ml-regression/
[21:06:33] <Drawer> deze lijkt wel leuk jeroentje
[21:07:59] <Jeroen> klinkt als iets waar ik al min of meer mee bezig ben +:
[21:08:47] <Jeroen> en waarom heb ik zo'n hoofdpijn
[21:08:49] <Jeroen> jezus
[21:08:53] <Drawer> GEZOPEEEEEEEE
[21:08:54] <Drawer> OFWA
[21:10:20] <Jeroen> nee
[21:10:44] <Jeroen> https://mantelpower.files.wordpress.com/2013/12/img693-1.jpg
[21:10:49] <Jeroen> die sylvia hoeks mag er ook best zijn
[21:10:53] <Drawer> hallo
[21:11:14] <Jeroen> is it me you're looking for
[21:11:27] *** Quits: yonderboy (Seb@82-169-222-71.ip.telfort.nl) (Exit)
[21:12:01] <Drawer> https://s-media-cache-ak0.pinimg.com/736x/bb/ee/16/bbee166fe432e5d63dd44ad9333eb2df.jpg
[21:12:23] <Jeroen> :')
[21:13:19] <Hooglander1> Man man man
[21:13:51] *** Joins: Metalfrost (Metalfrost@tsn109-201-152-16.dyn.nltelcom.net)
[21:17:11] <Drawer> https://twitter.com/BuzzFeedAndrew/status/728300812099850240
[21:17:13] <Drawer> :DDDDDDD
[21:18:57] <Hooglander1> Meh. Wel dus in het caf√© of zo
[21:21:05] *** Joins: Vipertje (tweak@54182E79.cm-5-1a.dynamic.ziggo.nl)
[21:21:22] *** Quits: kees (kees@office.tweaknet.net) (Input/output error)
[21:21:32] <Hooglander1> http://m.imgur.com/gallery/mEzKi
[21:21:33] <Hooglander1> Lol
[21:22:37] <Drawer> sinko de mayo
[21:22:37] <Drawer> :D
[21:24:20] <Escovan> http://tweakers.net/pricewatch/443757/intel-535-2-komma-5-inch-ssd-480gb.html <-- Deze van het vakantiegeld halen denk ik. Of heeft iemand gegronde bezwaren? Ding heeft een MTBF van 135 jaar.
[21:24:58] <Drawer> ja
[21:25:02] <Drawer> ik heb gegronde bezwaren
[21:25:06] <Drawer> hoezo krijg jij vakantiegeld?
[21:25:06] <Drawer> :D
[21:25:10] <Stuiterbal> ^
[21:26:08] <Metalfrost> http://tweakers.net/pricewatch/422396/samsung-850-evo-500gb/specificaties/     hogere opslag en hoger mtbf, Escovan  
[21:26:17] <Hooglander1> Lekker boeiend, hij krijgt het toch wel Drawer 
[21:26:19] <Escovan> Drawer, het wordt flauw. Ik krijg gewoon een inkomen omdat ik dat zelf niet bijelkaar kan werken, dat is gebaseerd op 75% van het minimumloon
[21:26:43] <Drawer> daarnaast met Metalfrost 
[21:26:49] <Drawer> waarom zon raar merk
[21:26:50] <Drawer> als intel
[21:27:02] <Hooglander1> 75% van minimum is raar trouwens, is dat omdat je vriendin nog werkt of zo?
[21:27:08] <Escovan> Ik heb al 2 Intel SSD¬¥s en ben er erg tevreden over.
[21:27:13] <Drawer> maar krijg je daar apart vakantiegeld bij?
[21:27:21] <Drawer> dus 8% in juni ofzo?
[21:27:36] <Escovan> Nee Hooglander1 75% minimumloon is een Wajong als je geen jaren werkervaring hebt waardoor je meer krijgt.
[21:27:44] <Escovan> Samen krijgen de dus 150%
[21:27:57] <Hooglander1> Ghe dat is ook wel mal
[21:28:04] <Hooglander1> Of je samenwoont of niet maakt geen fluit uit?
[21:28:37] <Hooglander1> Mazzeltje voor jullie in dat geval
[21:28:49] <Escovan> Nee, want het is gewoon schadeloosstelling van inkomstenderving. Op de HBO had ik nog een heel ander inkomensperspectief.
[21:29:27] <Drawer> mss kun je gaan vloggen Escovan 
[21:29:29] <Hooglander1> Inkomstenderving is wel apart, het is gewoon een arbeidsongeschiktheidsverzekering
[21:29:30] <Drawer> zoals enzo knol
[21:29:32] <Drawer> of stuktv
[21:29:46] <Escovan> Nee, zoveel aandacht hoef ik niet
[21:29:53] <Drawer> en dan maak je titels als PRANK MET HOMOVRIEND GAAT FOUT
[21:30:00] <Drawer> VRIEND DOET HET MET BROERTJE OMG
[21:30:02] <Drawer> etc etc
[21:30:06] <Drawer> lekker clickbaiten
[21:30:08] <Hooglander1> Hij heeft dumpert al eens geprobeerd
[21:30:11] <Hooglander1> Geen succes
[21:30:12] <Drawer> haha
[21:30:13] <Drawer> ja dat was epic
[21:30:20] <Escovan> lekker masturberen op het digitale schoolplein
[21:30:21] <Drawer> iemand die link nog
[21:31:17] <Escovan> Ik ben vandaag opjorrist en weggerot bij geenstijl h√®. Was het wel zat, dat eeuwige gezeik over de Islam en de EU.
[21:31:19] <Hooglander1> Mgoe 150% minimum is te doen als je samenwoont
[21:31:50] <Escovan> Ja, gun ons dat gewoon. We worden al genoeg door de instanties lastig gevallen.
[21:31:53] <Hooglander1> Bijna 2300 bruto
[21:32:03] <Hooglander1> Damn, das veul
[21:32:14] <Hooglander1> Meer dan dat wij hadden toen ik nog studeerde :P
[21:32:22] <Escovan> Ik ben 33 
[21:32:28] <Drawer> JE BENT WAT
[21:32:29] <Drawer> :D
[21:32:34] <Drawer> 33?
[21:32:36] <Hooglander1> Wa-oud
[21:32:37] <Stuiterbal> :o
[21:32:38] <Hooglander1> :+
[21:32:41] <Drawer> idd
[21:32:42] <Drawer> wa-oud
[21:32:45] <Drawer> bijna met pensioen
[21:33:17] <Escovan> Zitten zoveel gasten in de wajong enkel omdat de gemeente de ABW niet wou betalen. Daarom nu al die herkeuring bs.
[21:33:32] <Hooglander1> Nadeel is dat het nooit meer gaat worden waarschijnlijk
[21:33:36] <Escovan> Maar in mijn geval: Ik kan het echt niet, mijn eigen inkomen bijelkaar verdienen
[21:33:41] * Hooglander1 zou niet graag willen ruilen
[21:34:08] <Escovan> Wat niet wil zeggen dat ik nooit gewerkt heb.
[21:34:23] <Escovan> ik begon op mijn 14e al met een ochtendkrant (AD)
[21:34:37] <Drawer> 'al'? :>
[21:34:55] * Drawer 2 gvd ja
[21:34:56] <Escovan> eerder mag niet in de ochtend, eigenlijk zelfs pas vanaf 15.
[21:35:03] <Drawer> omdat het moest van de ouderlijke macht
[21:35:08] <Drawer> toch 10.5 jaar volgehouden tho
[21:35:34] <Stuiterbal> 10 jaar krantenwijk?
[21:35:39] <Drawer> nee
[21:35:42] <Drawer> t lijkt erop
[21:35:45] <Drawer> supermarkt ;(
[21:35:49] <Stuiterbal> :')
[21:35:52] <Stuiterbal> Banenpikker
[21:36:42] <Escovan> maargoed, die SSD heeft geen known issues volgens jullie? Mooi, gaat de woonkamer PC ook ineens binnen 10 seconden starten.
[21:36:57] <Metalfrost> je hebt meer dan 1 pc?
[21:37:00] <Escovan> 5
[21:37:07] <Escovan> incl. laptops
[21:37:18] <Escovan> Ik zeg toch: Ik heb wel gewerkt
[21:38:08] <Stuiterbal> Ja bitch, je hoort hem toch?
[21:38:13] <Metalfrost> loop ik te oordelen?
[21:38:40] <Metalfrost> incl laptop heb ik 3 pc¬¥s
[21:38:47] <Drawer> heb er atm uh
[21:38:51] <Drawer> 3
[21:38:59] <Drawer> werkend iig
[21:39:21] <Escovan> Ik kwam er op een gegeven moment achter dat wat je hebt, niet zoveel voorstelt voor je geluksbeleving, maar wat je meemaakt des te meer.
[21:39:59] <Escovan> Ervaring>Spullen
[21:41:04] <Metalfrost> beetje minimalistisch denken?
[21:41:27] <Escovan> Nee, spullen zijn leuk, maar ze wennen snel. Ervaringen kun je veel langer van genieten.
[21:41:30] <Drawer> ja daarom heeft ie 5 pc's
[21:41:31] <Drawer> :D
[21:42:36] <Escovan> I envy chem
[21:42:49] <Metalfrost> behalve lowlands 2013 (niet de nasleep ervan) en wat kleine dingen heb ik alleen maar rotervaringen
[21:42:49] <Escovan> wereldreis, zou ik ook wel willen, als ik dat aan kon.
[21:43:02] <Metalfrost> </slachtofferrol>
[21:43:15] <Metalfrost> dusja ik hecht waarde aan materie
[21:44:01] <Metalfrost> wereldreis.
[21:44:12] <Escovan> Nogmaals spullen zijn leuk, maar het bezit moet jouw niet gaan bezitten. Zoals een telefoon die je de hele dag afleidt met onzinnige berichtjes. Die van mij staat standaard op trillen
[21:44:27] <Metalfrost> mijn smartphone staat al drie weken uit
[21:45:11] <Metalfrost> het record van de familie app staat op 800+ berichtjes, maar toen had ik de telefoon ook al twee maanden niet aan gehad
[21:45:39] <Escovan> ja, en dat roept stresshormoon op. 
[21:46:03] <Escovan> het gevoel dat je iets mist ... hoe irrationeel ook.
[21:47:13] <Hooglander1> Zelden last van
[21:48:34] <Escovan> de een is daar gevoeliger voor dan de ander. Maar ik zit dus bewust niet in WhatsApp groepen. ... dat geblaat allemaal.
[21:49:20] <Escovan> familie feestje: 300 berichten in 2 dagen
[21:49:24] <Escovan> nee dankje
[21:49:41] <Drawer> boeie man
[21:49:44] <Drawer> waar maak je je druk om
[21:49:59] <Metalfrost> dat hele smartphone gebeuren is mij volledig ontgaan
[21:50:03] <Metalfrost> ik hecht er geen waarde aan
[21:50:09] <Metalfrost> haha dat rijmt.
[21:51:07] <Escovan> https://www.youtube.com/watch?v=NgUU6ZmtICQ
[21:56:05] *** Joins: Guyver2 (Guyver2@guyver2.xs4all.nl)
[21:56:22] <Escovan> Ik heb de S1,2,3,4 allemaal, super fan van, lekker modden met XDA-Developpers enzo ... maar, nu die S7 Edge: Veels te fragiel en minder te repareren. 
[22:00:19] *** Quits: Drawer (z@53521BE5.cm-6-3a.dynamic.ziggo.nl) (Ping timeout: 61 seconds)
[22:05:00] <Jeroen> ik mute de helft van de groepen
[22:05:11] <Hooglander1> Groepen sowieso op mute
[22:05:13] <Jeroen> heb de emailnotificaties uitgezet
[22:05:20] <Hooglander1> Als het belangrijk is belt men maar
[22:05:25] <Jeroen> ik werd er knettergek van
[22:06:01] <Hooglander1> Ik kan dus niet meer zonder smartwatch
[22:06:03] <Hooglander1> Zonder geinen
[22:06:13] <Hooglander1> Zoveel handiger dan dat gepiep de hele tijd
[22:06:25] <Hooglander1> En je swiped het zo weg als het niet belangrijk is
[22:06:26] <Jeroen> mja van een smartwatch zou ik helemaal gek worden
[22:06:51] <Jeroen> het gaat niet om de piep, het gaat erom dat je ziet dat er een mailtje komt :p
[22:07:22] <Hooglander1> Maar als je de titel ziet weet je wel of het belangrijk is of niet
[22:07:34] <Hooglander1> En met werk komt er nog wel eens iets binnen wat er wel toe doet
[22:08:28] <Jeroen> mja tijdens werktijden zet je dan maar een tab met je inbox open ofzo :+
[22:08:37] <Jeroen> goed dat het voor jou werkt
[22:08:39] <Jeroen> voor mij niet :+
[22:10:37] <Jeroen> https://www.technologyreview.com/s/601388/why-the-worlds-largest-nuclear-fusion-project-may-never-succeed/
[22:10:46] <Hooglander1> Ik zit niet altijd achter mijn laptop he
[22:10:55] <Hooglander1> Mgoe, ik vond het non intrusive
[22:11:02] <Hooglander1> En makkelijk weg te dauwen
[22:11:10] <Hooglander1> Zonder piepjes of andere storende manieren
[22:11:52] <Jeroen> https://i.imgur.com/113uHG2.jpg
[22:12:07] <Jeroen> amerikaanse troepen trainen in moldavi√´
[22:18:26] <Tomcat_ha> lol
[22:23:03] <Jeroen> ja lach er maar om
[22:23:06] <Jeroen> straatarm, dat land
[22:24:55] *** Quits: zomertje (zomertje@pluizigenblauw.xs4all.nl) (Exit)
[22:28:59] <Jeroen> NSFW https://i.imgur.com/ve9OXU8.jpg
[22:29:00] <Jeroen> wut
[22:29:02] <Jeroen> :X :D
[22:29:53] *** Joins: Lin (Lin@53570183.cm-6-8a.dynamic.ziggo.nl)
[22:29:54] *** Quits: Lin (Lin@53570183.cm-6-8a.dynamic.ziggo.nl) (Client exited)
[22:32:20] *** Quits: Wussie (wussie@7-254.ftth.onsbrabantnet.nl) (Exit)
[22:32:40] *** Quits: erratic (erratic@c-66-235-7-226.sea.wa.customer.broadstripe.net) (Exit)
[22:37:36] <Escovan> https://www.youtube.com/watch?v=JErxxOR0iRc
[22:38:27] <Jeroen> https://i.imgur.com/mhlnhDY.jpg
[22:59:33] *** Quits: Teckna (jonathan@52487D74.cm-4-1b.dynamic.ziggo.nl) (Ping timeout: 66 seconds)
[23:00:59] *** Joins: Teckna (jonathan@52487D74.cm-4-1b.dynamic.ziggo.nl)
[23:01:09] *** Quits: Sponge (Sponge@149.210.150.92) (Exit)
[23:19:56] *** Quits: Jeroen (Jeroen@ip82-139-124-155.lijbrandt.net) (Exit)
[23:33:54] *** Quits: Metalfrost (Metalfrost@tsn109-201-152-16.dyn.nltelcom.net) (Exit)
[23:34:11] *** Joins: Metalfrost (Metalfrost@tsn109-201-152-16.dyn.nltelcom.net)
[23:45:01] *** Quits: Teckna (jonathan@52487D74.cm-4-1b.dynamic.ziggo.nl) (Ping timeout: 60 seconds)
