[00:11:51] <BarthezZ> en dan weer tozzert + bier? 
[00:12:06] <tozzert> morgen wel wat drinken ja
[00:12:16] <BarthezZ> of tozzwiet 
[00:12:21] <tozzert> nah
[00:12:44] <BarthezZ> :o
[00:14:11] *** Quits: Wussie (wussie@7-254.ftth.onsbrabantnet.nl) (Exit)
[00:15:56] <tozzert> tijd voor slaap
[00:22:38] *** Joins: Tordek2 (Tordek@2001:470:1f15:683:2957:4616:9bf:85c8)
[00:23:22] *** Quits: Tordek (Tordek@2001:470:1f15:683:a0a7:115d:de2a:9d37) (Ping timeout: 62 seconds)
[00:35:31] *** Quits: Tordek2 (Tordek@2001:470:1f15:683:2957:4616:9bf:85c8) (Connection reset by peer)
[00:36:31] *** Quits: Guyver2 (Guyver2@guyver2.xs4all.nl) (Exit)
[00:38:58] *** Quits: Sponge (Sponge@149.210.150.92) (Exit)
[01:10:11] *** Quits: SCHAPiE (dorian@dhcp-077-249-247-124.chello.nl) (Exit)
[01:11:20] *** Quits: JamesB009 (got@185.65.53.175) (Exit)
[01:28:47] *** Quits: Tomsworld (tom@91.179.64.24) (Ping timeout: 61 seconds)
[01:35:20] *** Joins: mib_psx6yj (Mibbit@71-47-186-178.res.bhn.net)
[01:36:02] *** Quits: mib_psx6yj (Mibbit@71-47-186-178.res.bhn.net) (Exit)
[02:36:26] *** Joins: grid (grid@dhcp-089-099-194-232.chello.nl)
[02:37:39] *** Quits: grid (grid@dhcp-089-099-194-232.chello.nl) (Ping timeout: 67 seconds)
[03:15:09] *** Quits: Chester (Chester@c77152.upc-c.chello.nl) (Exit)
[03:16:08] *** Quits: DCM360 (DCM360@535509EC.cm-6-6a.dynamic.ziggo.nl) (Ping timeout: 60 seconds)
[03:17:07] *** Quits: Winkey (Winkey@ip4da97a02.direct-adsl.nl) (Exit)
[03:20:33] *** Joins: Winkey (Winkey@ip4da97a02.direct-adsl.nl)
[03:41:36] *** Joins: Tweaker_9163 (Mibbit@524B2C53.cm-4-4a.dynamic.ziggo.nl)
[03:41:51] *** Quits: Tweaker_9163 (Mibbit@524B2C53.cm-4-4a.dynamic.ziggo.nl) (Exit)
[04:03:17] *** Joins: rhod (rhod@86.85.193.196)
[04:20:03] *** Quits: Stuiterbal (Stuit@2001:980:5281:1:cc95:9763:1a44:e982) (Exit)
[05:01:50] *** Quits: A1AD (jeron@d54c08cd2.access.telenet.be) (Ping timeout: 61 seconds)
[05:09:57] *** Joins: A1AD (jeron@d54C08CD2.access.telenet.be)
[06:00:32] *** Quits: welly7 (willy@ip503c7f23.speed.planet.nl) (Ping timeout: 60 seconds)
[06:00:39] *** Quits: wirky (werken@ip503c7f23.speed.planet.nl) (Ping timeout: 66 seconds)
[06:01:31] *** Joins: wirky (werken@ip503c7f23.speed.planet.nl)
[06:01:33] *** Joins: welly7 (willy@ip503c7f23.speed.planet.nl)
[06:11:17] *** Joins: Drawer (z@53521BE5.cm-6-3a.dynamic.ziggo.nl)
[06:14:26] *** Quits: Drawer (z@53521BE5.cm-6-3a.dynamic.ziggo.nl) (Ping timeout: 67 seconds)
[06:33:18] *** Joins: Joelake79 (Mibbit@208.114.67.115)
[06:33:47] *** Quits: Joelake79 (Mibbit@208.114.67.115) (Exit)
[06:38:44] <chim0> hmm de "meh's" blijven uit deze morgen :'(
[06:41:56] *** Joins: xyboi (Mibbit@adsl-99-135-89-9.dsl.emhril.sbcglobal.net)
[06:45:24] *** Parts: xyboi (Mibbit@adsl-99-135-89-9.dsl.emhril.sbcglobal.net) ()
[06:46:54] *** Joins: xyboi (Mibbit@adsl-99-135-89-9.dsl.emhril.sbcglobal.net)
[06:47:27] *** Quits: xyboi (Mibbit@adsl-99-135-89-9.dsl.emhril.sbcglobal.net) (Exit)
[06:47:46] *** Joins: xyboi (Mibbit@adsl-99-135-89-9.dsl.emhril.sbcglobal.net)
[06:51:00] <wirky> tegenwoordigs kun je ook nergens meer zeker van zijn
[07:00:29] *** Quits: xyboi (Mibbit@adsl-99-135-89-9.dsl.emhril.sbcglobal.net) (Exit)
[07:16:14] *** Joins: xyboi (Mibbit@adsl-99-135-89-9.dsl.emhril.sbcglobal.net)
[07:17:32] *** Quits: xyboi (Mibbit@adsl-99-135-89-9.dsl.emhril.sbcglobal.net) (Exit)
[07:53:12] *** Quits: djedditt (jay@dhcp-077-251-029-140.chello.nl) (Ping timeout: 60 seconds)
[08:25:35] *** Quits: mimic (cyka@eindbaas.s4nder.nl) (Ping timeout: 64 seconds)
[08:25:51] *** Joins: mimic (cyka@eindbaas.s4nder.nl)
[08:27:19] *** Joins: Resistor (Resistor@ip5456d91b.speed.planet.nl)
[08:34:59] *** Joins: Drawer (z@53521BE5.cm-6-3a.dynamic.ziggo.nl)
[08:51:35] *** Joins: djedditt (jay@dhcp-077-251-029-140.chello.nl)
[08:57:41] *** Joins: Realgar (Realgar@77-172-54-119.ip.telfort.nl)
[09:01:16] *** Joins: Jeroen (Jeroen@54188FF8.cm-5-1c.dynamic.ziggo.nl)
[09:06:33] *** Quits: Prof_Away^^ (~NaPo@92-108-244-176.dynamic.upc.nl) (Ping timeout: 61 seconds)
[09:08:55] *** Quits: Resistor (Resistor@ip5456d91b.speed.planet.nl) (Exit)
[09:10:01] *** moto-moi|afk is now known as moto-moi
[09:12:34] *** Joins: Tennisbal (jos@5ED05E09.cm-7-1b.dynamic.ziggo.nl)
[09:22:02] <Jeroen> https://twitter.com/MinPres/status/731865049174822912
[09:22:04] <Jeroen> ghe
[09:34:24] *** Joins: Wussie (wussie@7-254.ftth.onsbrabantnet.nl)
[09:35:03] *** Joins: Wussie_ (wussie@7-254.ftth.onsbrabantnet.nl)
[09:38:05] *** Quits: Realgar (Realgar@77-172-54-119.ip.telfort.nl) (Exit)
[09:40:44] <Drawer> die reacties ;(
[09:42:05] <Drawer> @MinPres He je kan dus echt praten.bel je ook burgers die niet te eten hebben of geen zorg krijgen door jullie schandalige maatregelen?
[09:42:06] <Drawer> :
[09:42:06] <Drawer> :D
[09:42:24] <Drawer> @MinPres @Max33Verstappen DOE MAAR WAT AAN DE OUDERENZORG LUIE FLIKKER !!!! MAFKEES !!
[09:42:26] <Drawer> :DDDDDDDDD
[09:42:50] <Drawer> allemaal aanpakken
[09:42:59] <Jeroen> haha ja
[09:43:17] <Drawer> beledigen/bedreigen van een politicus
[09:43:18] <Drawer> en uh
[09:43:22] <Drawer> wat hebben we nog meer
[09:43:25] <moto-moi> jzs Drawer, heb je na jaren op t.net gezeten te hebben nog steeds niet geleerd dat je nooit reacties moet lezen :X
[09:43:35] <Drawer> mensen opnaaien?
[09:43:38] <Drawer> is daar een mooie term voor?
[09:43:58] <moto-moi> 'opladen' noemt tozzert dat altijd geloof ik
[09:44:06] <rhod> ik heb aangezet dat ik alleen +1 reacties te zien krijg
[09:45:24] <moto-moi> mjah de mensen die omhoog of omlaag modden zijn net zo dom als de mensen die reacties plaatsen, dat iets +3 heeft zegt over het algemeen bar weinig, alleen dat het voldoet aan de algemeen geldende mening
[09:45:31] <moto-moi> en die hoeft niet per se correct te zijn
[09:46:37] <rhod> maar het filter wel 80% van de zut eruit
[09:46:46] <moto-moi> true
[10:00:08] <rhod> http://www.dumpert.nl/mediabase/6773233/93b17a9b/gekko_s_met_yoshi_geluid.html
[10:01:59] <Escovan> Rutte de meest beledigde MP ever... die het gewoon weg lacht.
[10:02:37] *** Joins: chem (chem@180.251.156.252)
[10:02:54] <Escovan> trouwens, zat de RVD niet achter die social accounts van Rutte?
[10:04:38] <Escovan> moto-moi, vroeger was modden nog een edel beroep op de site. dan was je ¬®special¬® en ook niet iedereen kon het.
[10:05:27] <tozzert> no I don't moto-moi
[10:05:39] <Escovan> maar sinds iedereen mag modden, is het niet zo wat meer.
[10:05:58] * moto-moi geeft tozzert een cola
[10:06:09] <tozzert> ik mag weer zuipen!
[10:06:11] <tozzert> o/
[10:06:22] * moto-moi geeft tozzert de bijbehorende bacardi
[10:06:43] <Escovan> alcoholist!!!!111
[10:09:00] *** Quits: Tennisbal (jos@5ED05E09.cm-7-1b.dynamic.ziggo.nl) (Exit)
[10:09:41] <chem> moto-moi reacties lezen is wel leuk
[10:09:51] <chem> het heeft alleen niets met de waarheid te maken
[10:09:56] <moto-moi> ik word er meestal wat verdrietig van :X
[10:10:01] <chem> nujij.nl
[10:10:04] <chem> klik en geniet
[10:10:13] <moto-moi> dude..
[10:10:20] <chem> knakker..
[10:10:22] <moto-moi> dat is bijna nog erger dan fok
[10:10:40] <Jeroen> de facebookcomments op de page van rutte zijn altijd vermakelijk
[10:10:48] <Jeroen> tragisch
[10:10:50] <Jeroen> maar vermakelijk
[10:10:53] *** Joins: Prof_NaPo^^ (~Prof_NaPo@92-108-244-176.dynamic.upc.nl)
[10:11:28] <chem> http://www.nujij.nl/algemeen/schandalig-oekraiense-nationalisten-vallen.36013977.lynkx
[10:11:31] <chem> heer-lijk
[10:11:44] <chem> je verzint het zelf niet, dat soort opmerkingen
[10:12:29] <chem> "Leuk h√®, de Oekra√Øne bij Europa. Krijg je dat soort neo-nazi's er gratis bij, want die lopen daar meer rond. " :')
[10:12:40] <Prof_NaPo^^> :D
[10:12:50] <Prof_NaPo^^> nujij blijft toch wel √©√©n van de pareltjes van het internet
[10:12:50] <Prof_NaPo^^> genieten
[10:13:25] <chem> berichten over islam, oekraine, marrokanen en deurwaarders zijn het populairst
[10:13:42] <Prof_NaPo^^> :D
[10:13:49] <Prof_NaPo^^> vergeet de politiek niet
[10:13:53] <Prof_NaPo^^> Neerlandse politiek that is
[10:14:20] *** Joins: int3nz0r (int3nz0r@541A8E1B.cm-5-3c.dynamic.ziggo.nl)
[10:16:46] <chem> https://jdreport.com/deze-maand-is-weer-een-feestje-voor-de-deurwaarders/
[10:16:46] <chem> echt
[10:16:46] <chem> dit moet je lezen
[10:16:56] <Prof_NaPo^^> wait wut
[10:16:57] <Prof_NaPo^^> Jeroen kan lezen?
[10:17:06] <chem> hou drankjes uit de buurt want je proest het uit over je monitor
[10:17:53] <Prof_NaPo^^> jezus wat een kutartikel
[10:18:05] <Prof_NaPo^^> en dan ben ik pas bij alinea 7
[10:18:29] *** Quits: chem (chem@180.251.156.252) (Ping timeout: 62 seconds)
[10:23:54] *** Quits: Drawer (z@53521BE5.cm-6-3a.dynamic.ziggo.nl) (Ping timeout: 60 seconds)
[10:25:05] *** Joins: DCM360 (DCM360@535509EC.cm-6-6a.dynamic.ziggo.nl)
[10:27:08] <Jeroen> https://www.reddit.com/r/lostgeneration/comments/4jhsva/recruitment_resumes_interviews_how_the_hiring/d36pw7i
[10:27:09] <Jeroen> whe
[10:27:56] <Prof_NaPo^^> :D
[10:32:14] *** Joins: Robin (robin@5419F052.cm-5-2d.dynamic.ziggo.nl)
[10:32:14] *** ChanServ sets mode: +v Robin
[10:56:19] *** Joins: Francis (Francis@5468C56E.cm-12-1d.dynamic.ziggo.nl)
[10:56:46] *** Joins: Sponge (Sponge@149.210.150.92)
[10:56:47] <Francis> ohai
[10:56:57] <Sponge> :o
[11:03:06] <Francis> klote boilogische klot, 7 uur was ik klaarwakker :X
[11:03:37] <boekee> same here,
[11:06:36] <moto-moi> hm, cool, mussen vreten de mieren in mijn tuin op
[11:06:45] <moto-moi> vandaar dat ik er een stuk of 4 op een hoopje zag zitten :P
[11:07:25] <Prof_NaPo^^> kutbeesten zijn mussen ook
[11:07:38] <Prof_NaPo^^> enkel dood en verderf
[11:08:37] <moto-moi> ik denk dat je in de war bent met raven
[11:08:59] <tozzert> ze schijten ook overal
[11:09:06] <Prof_NaPo^^> deze zaaien pas dood en verderf: http://asml_720p.peregrines.nl/
[11:10:31] <moto-moi> tss, stadsmensen
[11:12:13] <Prof_NaPo^^> stad?!
[11:12:36] <tozzert> Prof_NaPo^^ komt uit een gehucht
[11:12:36] <tozzert> nee
[11:12:38] <tozzert> een gerucht
[11:12:43] <tozzert> het mag geen gehucht heten
[11:12:48] <Prof_NaPo^^> ik ben een gerucht
[11:12:52] <Prof_NaPo^^> eigenlijk is dit een bot
[11:13:01] <Prof_NaPo^^> maar dat hebben jullie niet door
[11:13:11] <Prof_NaPo^^> hence passing the turing test
[11:13:16] <tozzert> wij zijn ook bots die gewoon jouw spelletje meespelen
[11:13:40] <tozzert> hebben wij jou even mooi tuk!
[11:13:57] <moto-moi> jij bent geen bot tozzert, bots hebben geen storingsdienst
[11:14:04] <Jeroen> http://www.verstappen.nl/?locatie=bericht&id=451&lang=en
[11:14:20] <Francis> besides, zoveel stupiditeit is niet te programmeren in een bot
[11:14:29] <tozzert> ghehe
[11:14:31] <tozzert> thanks!
[11:14:51] <tozzert> a hero was born jeroen
[11:17:00] *** Joins: grid (grid@dhcp-089-099-194-232.chello.nl)
[11:17:24] *** Joins: Matthew (Matthew@178-117-75-230.access.telenet.be)
[11:19:03] <moto-moi> maaruh, wanneer is je volgende storingsdienst weer tozzert
[11:19:24] <tozzert> volgens mij in de bouwvak ergens
[11:19:27] <tozzert> maar dan ben ik vrij
[11:19:32] <tozzert> dus ik weet het niet
[11:20:07] <moto-moi> :(
[11:23:00] *** Joins: gakkethijs (gakkethijs@84-245-42-16.dsl.cambrium.nl)
[11:26:56] <Prof_NaPo^^> zonde
[11:31:35] *** Quits: Prof_NaPo^^ (~Prof_NaPo@92-108-244-176.dynamic.upc.nl) (Exit)
[11:32:39] *** Quits: BB8 (BB8@541DD546.cm-5-6d.dynamic.ziggo.nl) (Exit)
[11:33:32] *** Quits: rhod (rhod@86.85.193.196) (Exit)
[11:35:48] *** Joins: Bor (Bor@50702BE5.cm-14.dynamic.ziggo.nl)
[11:36:50] *** Quits: Bor (Bor@50702BE5.cm-14.dynamic.ziggo.nl) (Ping timeout: 60 seconds)
[11:45:24] *** Joins: BB8 (BB8@541DD546.cm-5-6d.dynamic.ziggo.nl)
[11:54:58] *** Joins: Stuiterbal (Stuit@2001:980:5281:1:2596:18b8:202c:6cf6)
[11:56:55] *** Joins: GodFather (p00p@a83152.upc-a.chello.nl)
[12:04:13] *** Joins: fee-tje (fee-tje@137-109-201-31.ftth.glasoperator.nl)
[12:08:31] <Escovan> http://daskapital.nl/2016/05/hier_ga_je_dood_aan_van_0100_j.html
[12:08:41] <fee-tje> ola
[12:08:49] <Escovan> hey jij
[12:12:56] *** Joins: socialmed_iAk (Mibbit@4daeaf1f.ftth.telfortglasvezel.nl)
[12:13:08] <socialmed_iAk> http://nos.nl/nieuwsuur/artikel/2092335-werkgever-graaft-en-kijkt-mee-op-sociale-media.html
[12:13:19] <socialmed_iAk> m.a.w. is IRC veilig?
[12:13:32] <moto-moi> hoezo is twitter dan niet veilig?
[12:14:05] <fee-tje> natuurlijk is irc niet veilig
[12:14:14] <socialmed_iAk> :)
[12:14:17] <fee-tje> niks online is veilig
[12:14:32] <socialmed_iAk> seks wel -_-
[12:14:47] <moto-moi> niet met fee-tje hoor :/
[12:14:54] <socialmed_iAk> haha
[12:15:18] <fee-tje> pff
[12:15:20] * moto-moi voert fee-tje een hele reep sjoko
[12:15:21] <socialmed_iAk> niet via de webcam idd dan kun je later gechanteerd worden
[12:15:24] <fee-tje> ik word er iig niet zwanger van
[12:15:29] <moto-moi> slikken kreng
[12:17:05] *** Quits: socialmed_iAk (Mibbit@4daeaf1f.ftth.telfortglasvezel.nl) (Exit)
[12:17:22] *** Joins: socialmed_iAk (Mibbit@4daeaf1f.ftth.telfortglasvezel.nl)
[12:17:27] <socialmed_iAk> oeps backspace
[12:17:32] <socialmed_iAk> disconnect
[12:19:08] <Jeroen> irc is wat dat betreft veiliger dan FB of twitter
[12:19:12] <Escovan> socialmed_iAk, sinds wanneer is IRC een ¬®Social¬® medium?
[12:19:20] <gakkethijs> meer dan 1 persoon
[12:19:27] <gakkethijs> en we communiceren
[12:19:30] <gakkethijs> ofzo
[12:19:51] <socialmed_iAk> escovan dat is nu juist de vraag
[12:19:57] <Escovan> het is een chatprotocol waar je zelfs mag zeggen dat je een aanslag op de koning voorbereid zonder dat de wijkagent langs komt..
[12:20:12] <socialmed_iAk> irc onthoud niets toch tenzij iemand bewust de boel logged of irccloud gebruikt
[12:20:21] <moto-moi> lift *O*
[12:20:26] <fee-tje> Jeroen: seks met een heteroseksuele vrouw is veiliger dan met een afrikaanse homo
[12:20:33] <fee-tje> maar veiliger != veilig
[12:20:41] <socialmed_iAk> fee-tje:  idd
[12:20:43] <fee-tje> lift O+
[12:20:45] <moto-moi> fee-tje: loop je je nou op te dringen aan een schoolverlater? :o
[12:20:54] <fee-tje> nee ik heb drawer al
[12:21:03] <socialmed_iAk> fee-tje:  is het zika-virus nu ook een offici√´le soa?
[12:21:07] <moto-moi> :P
[12:21:11] <Jeroen> nie zo he moto-moi 
[12:21:11] <Jeroen> nondeju
[12:21:16] <fee-tje> weet ik niet socialmed_iAk 
[12:21:19] <fee-tje> ik ben op vakantie
[12:21:20] <fee-tje> brein is uit
[12:21:28] <socialmed_iAk> haha okƒô
[12:21:29] <moto-moi> Jeroen: hey, je hebt geen baan, je kunt nu niet kieskeurig zijn
[12:21:31] <socialmed_iAk> dikke sik ;)
[12:21:33] <moto-moi> zelfs al is ze ehm.. iets ouder
[12:21:46] <socialmed_iAk> fee-tje:  ik ben ook op vakantie 
[12:21:57] <fee-tje> hehe
[12:22:03] <fee-tje> goddank heb ik ph
[12:22:08] <socialmed_iAk> een vakantie ver weg van mijn interne beslommeringen
[12:22:08] <fee-tje> anders was ik een cougar
[12:22:19] <gakkethijs> waarom goddank?
[12:22:22] <fee-tje> drug holiday \o/
[12:22:22] <socialmed_iAk> een mentale quest naar de zin van het leven
[12:22:30] *** Joins: Tomsworld (tom@2a02:a03f:26af:8700:6d1b:89c6:e979:aaa5)
[12:22:30] *** ChanServ sets mode: +o Tomsworld
[12:22:41] <socialmed_iAk> fee-tje:  is modafinil veiliger dan gingko biloba?
[12:22:49] <fee-tje> nogmaals
[12:22:53] <fee-tje> ik ben op vakantie
[12:22:54] <socialmed_iAk> haha ja idd
[12:22:56] <fee-tje> ik heb geen flauw idd
[12:22:58] <socialmed_iAk> sorry geen vragen meer
[12:22:59] <socialmed_iAk> sorry
[12:23:04] <socialmed_iAk> ik weet het antwoord al
[12:23:16] <fee-tje> enige persoon voor wie ik econsulten doe, tegen het betreffende tarief, is twit
[12:23:26] <socialmed_iAk> hehe oke
[12:23:38] <Jeroen> er belt een windowssupport scamgozer, m'n moeder: "als het een onbekend nummer is, niet opnemen" 
[12:23:43] <socialmed_iAk> mijn  oom is arts dus ik kan het ook aan hem vragen :)
[12:23:45] <Jeroen> ze hebben zelf uitgaande nummerweergave geblokkeerd
[12:23:46] <Jeroen> ...
[12:23:54] <fee-tje> hehehe
[12:24:02] *** Quits: Tomsworld (tom@2a02:a03f:26af:8700:6d1b:89c6:e979:aaa5) (Ping timeout: 61 seconds)
[12:24:03] <fee-tje> ik vind dat zo grappig :)
[12:24:15] <fee-tje> want bijna alle artsen, scholen, openbare instanties bellen ook anoniem
[12:24:20] <socialmed_iAk> Jeroen social engineering 
[12:24:25] <socialmed_iAk> gewiekst
[12:24:45] <socialmed_iAk> ik neem privƒó telefoontjes nooit aan
[12:24:54] <Jeroen> ze worden oud, fee-tje 
[12:25:03] <Escovan> moto-moi ik heb mijn eigen lift :P En die is nog mooier ook.
[12:25:07] <Jeroen> ze vinden het tegenwoordig ook al niks als er een auto voor de deur stopt ofzo
[12:25:16] *** Joins: Tomsworld (tom@2a02:a03f:26af:8700:dccd:d831:dcba:ed80)
[12:25:16] *** ChanServ sets mode: +o Tomsworld
[12:25:34] <fee-tje> LOL
[12:26:07] <socialmed_iAk> ik heb zin om naar Berlijn te gaan om mijn vrienden weer te zien
[12:26:27] <tozzert> wat let je?
[12:26:38] <socialmed_iAk> op de een of andere manier zijn al mijn vrienden hybride mensen Engelsen, Schotten en Duitsers
[12:26:51] <socialmed_iAk> werk morgen ;)
[12:27:08] <Jeroen> is dat vandaag dan
[12:27:13] <socialmed_iAk> morgen
[12:27:22] <socialmed_iAk> moet studeren nu 
[12:27:35] <Jeroen> ik ga zo eens naar bed
[12:27:35] <socialmed_iAk> ben bezig met procrastinatie nu
[12:27:40] <Jeroen> hoofdpijn is killing me
[12:27:47] <socialmed_iAk> oh beterschap
[12:27:52] <Jeroen> m'n pupillen zijn ook niet dezelfde grootte dus ik weet wel hoe laat het is
[12:27:59] <tozzert> 12:27
[12:28:04] <tozzert> 28
[12:28:04] <socialmed_iAk> ik heb af en toe ook van die clusterhoofdpijnen
[12:28:16] <socialmed_iAk> en migraine aanvallen erg vervelend
[12:28:18] *** Joins: Resistor (Resistor@ip5456d91b.speed.planet.nl)
[12:28:28] <Jeroen> dit is meer oculaire migraine
[12:28:35] <Jeroen> whatever that is
[12:28:51] <moto-moi> kwestie van met een meloenlepeltje ff bezig en dan ben je ervan af
[12:28:56] <moto-moi> [/gratis advies]
[12:29:05] <Jeroen> ghehe
[12:29:17] <tozzert> betwijfel of je dan van de koppijn af bent
[12:29:31] <tozzert> iig wel van de verschillende groottes pupillen
[12:29:32] <moto-moi> als 'ie het fout doet, is 'ie overal vanaf? :+
[12:29:38] <Jeroen> de brightness staat al op 10% en ik zit alleen maar de computeren zodat er niet tegen me gepraat wordt (want dat is ook niet fijn :+ )
[12:29:53] <socialmed_iAk> en soms is mijn evenwichtsorgaan ook in de war heb ook het M√©ni√®re-syndroom ;) dat vind ik trouwens nog erger dan de hoofdpijn want dan moet ik plat op bed enkele dagen zonder licht in de kamer enzo
[12:29:55] <tozzert> JAMMER DAT DIT DAN OOK GEEN EFFECT HEEFT!
[12:30:12] <Escovan> http://imgur.com/5AJwfKp
[12:30:50] <tozzert> en wat moeten we daarmee Escovan?
[12:31:03] <socialmed_iAk> Escovan:  ben jij ook een fan van Po√´zie? 
[12:31:09] <moto-moi> tozzert: negeren, net zoals met de rest wat 'ie hier neerkotst
[12:31:10] <Escovan> Hmja, als je van lezen houdt. 
[12:31:36] <tozzert> ik kan niet eens lezen man
[12:31:56] <socialmed_iAk> https://vimeo.com/164775233 hier een leuk verfilmd gedicht van Charles Bukowski
[12:34:03] *** Quits: Jeroen (Jeroen@54188FF8.cm-5-1c.dynamic.ziggo.nl) (Exit)
[12:37:00] *** Quits: socialmed_iAk (Mibbit@4daeaf1f.ftth.telfortglasvezel.nl) (Exit)
[12:37:17] <Escovan> Omdat ik de logs niet zomaar kon mailen naar de psycholoog (want: GGZ instelling, High Security op de interwebs) heb ik ze maar gevisualiseerd tot een overzichtelijk dagboek. Met samenvatting per kanaal.
[12:38:20] <tozzert> jij stuurt irc logs naar jouw psych?
[12:38:45] <Escovan> Ik ga niet meer naar dat mens toe. Ik stuur gewoon link: Hier, zoek maar uit, dit doe ik de hele dag.
[12:38:59] <tozzert> ehm
[12:39:08] <tozzert> heb je daar toestemming van ons voor?
[12:39:34] <Escovan> Het is beveiligd met een wachtwoord, en eigenlijk mag ik alles met mijn psycholoog bespreken
[12:39:47] <tozzert> ook van ons?
[12:41:18] <Escovan> nah, onze prive gesprekjes niet hoor tozzie :P
[12:41:38] <tozzert> ik vind het maar raar hoor
[12:41:49] <tozzert> beetje zonder medeweten van ons, gesprekken delen
[12:42:04] <Escovan> Het is een publiek terrein :D
[12:42:42] <Escovan> Als je op straat loopt ga je toch ook niet van ¬®Hey, waarom kijk jij naar mij?¬®
[12:43:05] <tozzert> maar je gaat toch ook geen gesprekken opnemen en die delen?
[12:43:43] <Escovan> Dat doen ele en muer al jaren. Dus mag ik ook. Ik vond alles in 1 site overzichtelijker. Staan nog 3 servers in.
[12:44:06] <moto-moi> klopt, daarom mag ik ook te hard rijden, want de politie mag dat ook
[12:44:29] *** Joins: Tweaker_6469 (Mibbit@92.109.161.248)
[12:44:35] <tozzert> en als je dan ook nog een gesprek zou nemen waar je zelf deel van uit maakte...
[12:44:43] <tozzert> maar dat is zelfs niet eens het geval
[12:44:56] <tozzert> ik vind het maar raar her
[12:44:58] <tozzert> heur
[12:45:03] <moto-moi> gelukkig gaat 'ie niet meer naar de psych, zonde van het geld :P
[12:45:20] <tozzert> maar hij stuurt wel onze gesprekken door moto-moi
[12:45:20] <Escovan> ALLES sinds de afgelopen 40 dagen, staat er in. Elk woord. Elke part. Elke join. Elke recordhouder slap lullen.
[12:45:24] <bacobart> die logs staan publiek op internet geindexeerd door google en al
[12:45:28] <bacobart> dus tjah
[12:45:29] <bacobart> http://www.elesoft.net/lift/lift.php?prefs%5Bchannel%5D=5
[12:45:35] <tozzert> ja
[12:45:38] <moto-moi> tozzert: ja, en daarmee beweert 'ie dat 'ie wat doet de hele dag _o-
[12:45:39] <tozzert> tot hoeveel regels?
[12:45:42] <moto-moi> jostimodus++
[12:46:03] <bacobart> tozzert: t/m 2005
[12:46:33] *** Quits: Tweaker_6469 (Mibbit@92.109.161.248) (Exit)
[12:47:24] <Nakebod> je komt aan mijn prive!
[12:47:54] <bacobart> you touch my tralala
[12:48:36] <boekee> https://www.youtube.com/watch?v=Q3Cn1H1JB8g
[12:48:58] <boekee> Ongelofelijk blijft leuk :P
[12:49:02] <tozzert> jeroen en drawer hebben een nieuw nummertje opgenomen
[12:49:03] <tozzert> http://www.dumpert.nl/mediabase/6774511/8ec2d8cc/nieuwe_megaklapper_van_ben_ruurd.html
[12:53:31] <Nakebod> prachtnummer
[12:53:49] <tozzert> http://www.dumpert.nl/mediabase/6769539/7663c40b/inzending_dumpert_zomerhit_2016.html is beter
[12:55:05] <Nakebod> meh
[12:55:29] <tozzert> niet?
[12:55:47] <tozzert> prrrrrrrrrrrrrrrAUW
[12:56:04] <tozzert> una terassa
[12:57:30] *** Joins: Tweverlastingerontol (Mibbit@4daeaf1f.ftth.telfortglasvezel.nl)
[12:57:37] <Tweverlastingerontol> ugh nick truncated
[12:58:02] <Escovan> ugh window size fckdup
[12:58:12] <Tweverlastingerontol> Tweverlastingeronotologicalifexpectancy is mijn volledige nick trouwens
[12:58:22] <Escovan> ja, doe effe normaal jan.
[12:58:27] <tozzert> maak er gewoon eens Henk van dan
[12:59:04] <Tweverlastingerontol> https://www.washingtonpost.com/news/inspired-life/wp/2016/05/13/meet-the-116-year-old-italian-woman-who-is-the-last-living-person-born-in-the-1800s/?tid=hybrid_collaborative_1_na rauwe eieren en geen sexleven en brandy= een recept van deze jonge dame van 116 de laatste nog levende persoon uit de 1800s
[12:59:33] <moto-moi> nou, dat geen sexleven moet jou geen problemen opleveren Tweverlastingerontol 
[12:59:41] <Tweverlastingerontol> didd :)
[13:00:01] <moto-moi> speaking of which, wtf heb ik postzegels liggen
[13:00:17] <tozzert> why of where?
[13:00:17] <Tweverlastingerontol> dat is een makkie ik ben gruwelijk lelijk en de natuur heeft lelijkheid bewust gecre√´erd het dient een voorbestemd doel
[13:00:17] <tozzert> :p
[13:00:20] <Escovan> postzegels? 
[13:00:27] <moto-moi> tozzert: where :P
[13:00:33] <Escovan> Was dat niet iets met betalen voor een emailtje ofzo?
[13:00:46] <tozzert> dan antwoord ik met 'wtf?'
[13:00:52] <Tweverlastingerontol> haha
[13:00:53] <tozzert> why
[13:00:57] <tozzert> dus
[13:01:06] <moto-moi> mjah, brief versturen
[13:01:06] <moto-moi> lang verhaal
[13:01:11] <moto-moi> maar het mot ff :P
[13:01:17] <moto-moi> alleen, wtf heb ik die loze dingen liggen
[13:01:22] <moto-moi> en heb ik ze uberhaupt nog :X
[13:01:26] <tozzert> ik sowieso niet
[13:01:42] <tozzert> kan me de laatste keer dat ik ze gekocht heb ook niet heugen
[13:01:47] <tozzert> mgoe
[13:01:52] <tozzert> al was dat vorige week...
[13:01:52] <moto-moi> ik ook niet
[13:01:54] <tozzert> dan kon ik dat niet
[13:01:54] <tozzert> h√®!
[13:01:57] <moto-moi> ghehe
[13:02:49] <Dubbeldrank> wie verstuurt er dan ook nog brieven?
[13:02:56] <tozzert> hij daar
[13:02:58] * tozzert wijst
[13:03:07] <Dubbeldrank> haha
[13:03:10] <moto-moi> het kan niet anders!
[13:03:12] <Dubbeldrank> *wijst en lacht
[13:03:17] <Nakebod> langsbrengen!
[13:03:23] <Tweverlastingerontol> Dubbeldrank:  soms is analoog beter en veiliger
[13:03:26] <moto-moi> kan hem ook dinsdag ff op het werk dumpen :+
[13:03:28] <Dubbeldrank> de belastingdienst heeft een antwoordnummer moto-moi ;)
[13:03:30] <tozzert> ah
[13:03:33] <tozzert> ontslagbrief?
[13:03:36] <tozzert> aangetekend enzo
[13:03:42] <moto-moi> Dubbeldrank: nah, dit is iets engers dan de belastingdienst :D
[13:03:43] <Nakebod> jamaar Dubbeldrank .. als hij daar nu niet heen moet? :+
[13:03:49] <Nakebod> Of sturen ze hem dan voor je door? :P
[13:03:49] <Tweverlastingerontol> wie neemt er nou de moeite om analoog alle brieven door te lezen -_-
[13:04:02] <Dubbeldrank> iets nieuws gevonden moto-moi?
[13:04:06] <tozzert> moto-moi neemt ontslag!
[13:04:10] <tozzert> HOT FROM THE PRESS
[13:04:14] <Dubbeldrank> hehe
[13:04:31] <tozzert> READ ALL ABOUT IT
[13:04:45] <tozzert> in een brief naar het schijnt
[13:04:56] <tozzert> vooralsnog in een envelop zonder postzegel
[13:04:56] <Dubbeldrank> tozzert, uw lokale Telegraaf
[13:05:11] <bacobart> ontslagbrief drop je gewoon bij hr
[13:05:13] <bacobart> klaar;p
[13:05:13] <moto-moi> Dubbeldrank: welnee, ik neem geen ontslag
[13:05:24] <tozzert> nee niks
[13:05:24] <moto-moi> ontslag nemen zou ik gewoon irl doen
[13:05:28] <tozzert> je hebt je mond voorbij gepraat!
[13:05:31] <moto-moi> oeh, wel een kaartje van Daniel Kegel gevonden
[13:05:39] <moto-moi> 'bowlingbaanpoetser'
[13:05:50] <Tweverlastingerontol> een analoog handgeschreven brief met je eigen handschrift is ook een soort van cryptografisch font
[13:05:57] <moto-moi> en 10 euro aan irischeques
[13:06:10] <tozzert> zozo, geen guldens?
[13:06:14] <moto-moi> nee
[13:06:18] <moto-moi> *legt terug op plek*
[13:06:34] <moto-moi> geen idee waar je die in kan leveren of hoe ik uberhaupt eraan ben gekomen 8)7
[13:06:37] <tozzert> en die plek was de kliko?
[13:06:38] <Nakebod> Een handgeschreven brief staat hier gelijk aan een vorm van analoge cryptolocker.. alleen ik kan het lezen :+
[13:06:45] <Tweverlastingerontol> idd :)
[13:06:54] <tozzert> tsk
[13:07:05] <tozzert> mijn handschrift is prima te lezen
[13:07:14] <tozzert> alleen als ik sommige collega's zie...
[13:07:15] <tozzert> de tering
[13:07:16] *** Quits: GodFather (p00p@a83152.upc-a.chello.nl) (Ping timeout: 61 seconds)
[13:07:45] <Nakebod> wat heeft het uiterlijk van je collega's er nu weer mee te maken
[13:07:47] <moto-moi> Nakebod: jij ook al? Ik heb al opgegeven om te beweren dat ik kan schrijven, ik doe steno wat ik toevallig kan herkennen
[13:08:01] <Tweverlastingerontol> tozzert handschriften zijn gewoon hersengolven op papier, een keertje laten analyseren -_-
[13:09:04] <moto-moi> jzs, een foto waarop ik glimlach
[13:09:09] <moto-moi> dat moet wel heel lang geleden zijn genomen
[13:09:09] <Nakebod> eng
[13:10:00] <moto-moi> nogal ja
[13:10:22] <moto-moi> maargoed
[13:10:28] <moto-moi> geen postzegel dus..
[13:10:42] <moto-moi> ik vind dat je er gewoon muntgeld op moeten mogen plakken :/
[13:10:47] <Dubbeldrank> woon je in een SGP geregeerd dorp?
[13:10:52] <moto-moi> soort van
[13:10:55] <Dubbeldrank> oh
[13:10:56] <moto-moi> er is wel een jumbo open
[13:10:59] <Dubbeldrank> dan wordt het lastig
[13:11:01] <Dubbeldrank> ah
[13:11:09] <moto-moi> geen idee of die zoiets verkopen
[13:11:15] <moto-moi> want ik heb er geen 80 nodig, gewoon 1
[13:11:24] <moto-moi> dan kan ik weer 4 jaar voort
[13:11:25] <Dubbeldrank> zijn Jumbo's ook PostNL-punten?
[13:11:26] <fee-tje> 1 postzegel is sowieso shitty
[13:11:33] <fee-tje> ze gaan per velletje meestal :)
[13:11:38] <moto-moi> Dubbeldrank: not a clue :/
[13:11:39] <Dubbeldrank> juh, per 10
[13:12:03] <moto-moi> ik heb helemaal geen 10 vrienden
[13:12:05] <moto-moi> laat staan 2
[13:12:10] <moto-moi> dus wtf moet ik met 10 van die dingen :(
[13:12:34] <tozzert> je kunt ook een duif van je dakgoot trekken
[13:13:15] <moto-moi> ik heb alleen maar mussen :(
[13:13:29] <tozzert> ter grootte van een duif?
[13:13:30] <tozzert> grijs?
[13:13:47] <tozzert> doetie 'roekoe'?
[13:13:55] <moto-moi> nee
[13:14:06] <moto-moi> dat zou namelijk een duif zijn
[13:14:24] <tozzert> je weet met jou nooit
[13:14:38] <moto-moi> een duif en een mus kan ik nog wel uitelkaar houden
[13:15:01] <moto-moi> en tis niet mijn schuld dat ik af en toe Lin en fee-tje verwissel, die lijken onwijs opelkaar
[13:15:19] * fee-tje slaat moto-moi 
[13:15:23] <Nakebod> volgens mij .. kan je op postnl.nl.nl.nl 1 postzegel zelf printen enzo
[13:15:23] <moto-moi> wat?
[13:15:30] <fee-tje> ik was gisteren bij vrienden op bezoek
[13:15:33] <moto-moi> je bent ook klein en je hebt tieten, net zoals Lin
[13:15:40] <fee-tje> en hun zoontje van 5 wilde een wii-poppetje voor me maken
[13:15:41] <moto-moi> Nakebod: printer stuk :'(
[13:15:56] <fee-tje> en die zegt al makend ‚Äúzo, want jij bent niet zo groot‚Äù
[13:15:59] <fee-tje> grmbl
[13:16:01] <tozzert> je hebt dus serieus ook nog geschreven ipv getypt?
[13:16:04] <moto-moi> I like him
[13:16:07] <Nakebod> postnl agentschap dan? Daar hoef je ze, afaik, niet per 100 te kopen :P
[13:16:17] <moto-moi> mjah, dat moet dan maar
[13:16:37] <moto-moi> geen idee waar die zitten :X
[13:16:50] <tozzert> in lubbekutteveen zit de laatste geloof ik
[13:17:02] <Nakebod> schubbekutteveen toch?
[13:17:07] <Tweverlastingerontol> http://www.wired.com/2010/02/crow-intelligence/
[13:17:13] <moto-moi> oh cool
[13:17:14] <Tweverlastingerontol> ik ben een fan van kraaien
[13:17:19] <moto-moi> je moet gewoon een code op je brief schrijven
[13:17:21] <moto-moi> I can do that
[13:18:10] <Tweverlastingerontol> ik ben nu Cryptonomicon aan het lezen
[13:18:23] <Tweverlastingerontol> leuk boek alleen was lastig te vinden in het Nederlands 
[13:18:34] <Tweverlastingerontol> geen herdruk want te moeilijk voor de meeste mensen
[13:18:35] <tozzert> 75 cent voor een postzegelcode
[13:18:37] <tozzert> de tering
[13:18:39] <tozzert> geld zat nie?
[13:18:42] <moto-moi> mjah
[13:18:50] <moto-moi> geen idee wat een echte postzekel kost?
[13:18:57] <tozzert> was dat niet 10 cent?
[13:19:00] <tozzert> of lijk ik nu heel oud?
[13:19:01] <tozzert> :p
[13:19:07] <moto-moi> ja, in jouw jeugd wel ja
[13:19:09] <Nakebod> een pakketje uit china kost iig minder
[13:20:14] <moto-moi> mjah, die worden een tikkeltje gesponserd
[13:20:26] <Nakebod> #care, minder is minder :P
[13:20:31] <moto-moi> true
[13:20:48] <Nakebod> laat een chinees je brief schrijven!
[13:20:49] <tozzert> echt
[13:20:58] <tozzert> je maakt me wel nieuwsgierig heur
[13:21:04] <tozzert> met je brief
[13:21:07] <tozzert> wat niet anders kan
[13:21:10] <moto-moi> Nakebod: jij zit echt vol slechte ideeen, ben je toevallig een broer van Lade?
[13:21:21] <Nakebod> haha
[13:21:27] <Nakebod> nee dat kan ik hem niet aandoen
[13:21:52] <Nakebod> maar postnl was nog een best goed idee toch? :P
[13:21:58] <moto-moi> true
[13:22:13] <tozzert> is toch ook de enige toko waar je terecht kunt?
[13:22:14] <tozzert> ofja
[13:22:14] <Tweverlastingerontol> minder, minder = meer, maar die logica snapt niet iedere tokkie -_-
[13:22:27] <moto-moi> nee, je hebt er nog eentje
[13:22:34] <moto-moi> het vroegere stadspost, geen idee hoe die tegenwoordig heten
[13:22:43] <tozzert> email?
[13:22:50] <moto-moi> nee trut
[13:23:00] <tozzert> trut?
[13:23:04] <tozzert> die ken ik niet
[13:23:11] <Nakebod> sandd?
[13:23:52] <moto-moi> geloof het wel ja
[13:24:15] <Tweverlastingerontol> fonetische trut in het Angelsaksisch is truth
[13:24:28] <Tweverlastingerontol> grappig toch ;)
[13:24:52] <moto-moi> nee
[13:24:59] <tozzert> wie heeft hem uitgenodigd?
[13:25:19] <moto-moi> qua niveau is het een vriendje van Escovan 
[13:25:46] <Escovan> niettus, hij moet het eerst maar een jaar zien vol te houden.
[13:25:56] <Tweverlastingerontol> ik ben
[13:26:10] <tozzert> irritant
[13:26:14] <tozzert> ?
[13:26:14] <Tweverlastingerontol> en
[13:26:19] <tozzert> een mongool?
[13:26:25] <Tweverlastingerontol> goedzo ;)
[13:26:27] <tozzert> overbodig?
[13:26:30] <moto-moi> ongewenst?
[13:26:32] <Tweverlastingerontol> wie niet
[13:26:34] <Tweverlastingerontol> ;)
[13:26:42] * tozzert *
[13:27:01] <Tweverlastingerontol> ik ben zo weer weg
[13:27:04] <tozzert> o/
[13:27:07] <Escovan> zie 
[13:27:08] <Escovan> zie
[13:27:11] <Escovan> MIETJE!
[13:27:35] <Tweverlastingerontol> Escovan:  is wel een beetje mijn vriend btw
[13:27:45] <Escovan> oh ja? 
[13:28:24] <bacobart> waar ken jij escovan?
[13:28:35] <Tweverlastingerontol> overleven in dit kanaal is voor mij onmogelijk ik moet steeds weer re√Øncarneren 
[13:28:52] <Escovan> Sorry, maar ik ken niemand in Nijmegen
[13:28:59] <Tweverlastingerontol> dus ik ben de re√Øncarnatie van een oneindige mislukking
[13:29:03] <tozzert> nee hoor Tweverlastingerontol
[13:29:05] <tozzert> hoeft echt niet
[13:29:10] <tozzert> gewoon wegblijven is het beste
[13:29:27] <Tweverlastingerontol> ik hoor erbij doordat ik er niet bij hoor
[13:29:33] <Tweverlastingerontol> dat is mijn rol
[13:29:41] <tozzert> of een kortere nick aannemen en normaal doen
[13:29:46] <Tweverlastingerontol> :)
[13:29:47] <tozzert> maar iets zegt me dat dat geen optie is bij je
[13:29:58] *** Tweverlastingerontol is now known as hid
[13:30:04] * hid es 
[13:30:08] <hid> ik ga nu echt weg
[13:30:11] <hid> tot ziens :)
[13:30:16] <tozzert> vaarwel
[13:30:18] <Escovan> oh, hidje :P
[13:30:22] *** Quits: hid (Mibbit@4daeaf1f.ftth.telfortglasvezel.nl) (Exit)
[13:30:36] <Escovan> ouwe trollie
[13:30:37] *** Joins: GodFather (p00p@a83152.upc-a.chello.nl)
[13:32:19] *** Quits: Etienne (EtienneM@541F7E72.cm-5-8b.dynamic.ziggo.nl) (Exit)
[13:33:56] *** Joins: Saggler (Saggler@131-052-158-163.dynamic.caiway.nl)
[13:35:30] *** Quits: Saggler (Saggler@131-052-158-163.dynamic.caiway.nl) (Exit)
[13:35:44] *** Joins: kees (kees@office.tweaknet.net)
[13:36:02] *** Joins: Etienne (EtienneM@541F7E72.cm-5-8b.dynamic.ziggo.nl)
[13:37:58] <Escovan> Nu moet ik nog zien hoe ik BASH kan vertellen dat na 180 dagen elk 1e log getrashed mag worden. Langer dan 6 maanden bijhouden is lame. Dat doet alleen de overheid. Straks raakt mijn storage vol. Tis nu al 1min load van 3.0 als ik die zooi elke 3 uur genereer.
[13:41:07] <moto-moi> wel handig dat we nu via dit kanaal tips kunnen geven aan Escovan z'n psych
[13:41:48] <tozzert> euthanasie toch?
[13:41:54] <Escovan> JA!
[13:41:54] <moto-moi> of tbs
[13:42:07] <Escovan> Nee, daar moet je iets strafbaars voor doen
[13:42:15] *** Joins: Prof_NaPo^^ (~Prof_NaPo@92-108-244-176.dynamic.upc.nl)
[13:42:19] <Escovan> Ik doe nooit strafbare dingen.
[13:42:25] <Prof_NaPo^^> nee nee
[13:42:30] <Escovan> Wat ik zeg: 10 jaar geen bekeuring of wat gehad.
[13:42:39] <Prof_NaPo^^> dat houdt niet in dat je geen strafbare dingend oet
[13:42:55] <Escovan> We hebben gewoon een grote tuin ja!
[13:44:41] <fee-tje> abstinerend beleid
[13:44:44] <fee-tje> niets per os
[13:44:46] <fee-tje> en wachten
[13:49:32] *** Quits: Tomsworld (tom@2a02:a03f:26af:8700:dccd:d831:dcba:ed80) (Ping timeout: 60 seconds)
[13:52:05] *** Quits: Wussie_ (wussie@7-254.ftth.onsbrabantnet.nl) (Exit)
[13:54:02] *** Quits: Etienne (EtienneM@541F7E72.cm-5-8b.dynamic.ziggo.nl) (Ping timeout: 67 seconds)
[14:02:55] *** Joins: Etienne (EtienneM@541F7E72.cm-5-8b.dynamic.ziggo.nl)
[14:11:17] *** tozzert is now known as tozzti
[14:14:11] <tozzti> https://www.youtube.com/watch?v=JhqT9XnsXuY
[14:14:12] <tozzti> :/
[14:15:08] <Prof_NaPo^^> :|
[14:15:36] <tozzti> mgoe
[14:15:40] <tozzti> je ziet bijna haar poes
[14:15:44] <tozzti> dus ik snap het wel
[14:16:03] <tozzti> en d'r tieten hangen eruit
[14:16:27] <Prof_NaPo^^> HOERRRRR
[14:16:46] <Prof_NaPo^^> of is dat te kort door de bocht?
[14:17:35] <tozzti> nee hoor
[14:17:37] <tozzti> dat is ze gewoon
[14:18:04] <tozzti> een crackhoer waarschijnlijk
[14:18:06] <tozzti> zelfs
[14:18:09] <tozzti> want amerika
[14:18:26] <Prof_NaPo^^> de bitch
[14:18:39] <tozzti> echt vies
[14:18:56] <Prof_NaPo^^> dat geert daar niets aan doet...
[14:19:27] <Prof_NaPo^^> geert wordt een beetje zwak de laatste tijd
[14:19:36] <Prof_NaPo^^> als hij al niets meer doet aan deze basale zaken
[14:19:58] <tozzti> gerard wordt oud
[14:21:14] *** Quits: Etienne (EtienneM@541F7E72.cm-5-8b.dynamic.ziggo.nl) (Ping timeout: 66 seconds)
[14:21:25] <Prof_NaPo^^> :O
[14:21:28] <Prof_NaPo^^> bejaard zelfs?
[14:21:47] *** Joins: Tomsworld (tom@109.130.43.228)
[14:21:47] *** ChanServ sets mode: +o Tomsworld
[14:25:10] <Prof_NaPo^^> tozzti, wanneer ga jij de politiek in?
[14:25:16] *** tozzti is now known as tozzert
[14:25:30] <tozzert> ik mag het eigenlijk niet zeggen
[14:25:35] <tozzert> maar ik zit er al jaren middenin
[14:25:50] <freebee666> 50+ partij
[14:25:54] <freebee666> als 50+'er
[14:26:04] <freebee666> ouwe zak!
[14:26:35] <Prof_NaPo^^> opa tozzert 
[14:28:08] <jasper> https://boingboing.net/2016/05/12/anal-fisting-site-breached-10.html
[14:28:10] <jasper> oh dear
[14:28:19] <jasper> tozzert moet weer al z'n passwords veranderen
[14:28:38] *** Joins: Etienne (EtienneM@541F7E72.cm-5-8b.dynamic.ziggo.nl)
[14:28:53] <Prof_NaPo^^> ¬®inserting large items into their anuses¬®
[14:28:55] <Prof_NaPo^^> uhm wat
[14:29:00] <Prof_NaPo^^> die mensen hebben meerdere anussen?
[14:29:16] <jasper> als je een groep van meerdere mensen hebt hebben die collectief meestal meerdere anussen
[14:29:26] <Prof_NaPo^^> like, die hebben een extra uitgang op hun heup zitten ofzo?
[14:30:06] <jasper> jij niet dan? Vreemd, dat je dat nooit opgevallen is
[14:30:19] <Prof_NaPo^^> er komt idd geen bruine drab uit mijn heup
[14:31:39] *** Quits: Etienne (EtienneM@541F7E72.cm-5-8b.dynamic.ziggo.nl) (Exit)
[14:31:53] *** Quits: GodFather (p00p@a83152.upc-a.chello.nl) (Exit)
[14:38:29] <jasper> dat is waar de kringspier voor is
[14:38:37] <jasper> is alleen in noodgevallen in gebruik
[14:38:40] <Prof_NaPo^^> ah
[14:38:46] <Prof_NaPo^^> en daar moet je dan met een lepel in gaan roeren ofzo?
[14:40:03] <jasper> nee, met een buttplug, *obviously*
[14:40:46] <Prof_NaPo^^> *heupplug
[14:43:06] *** Quits: Francis (Francis@5468C56E.cm-12-1d.dynamic.ziggo.nl) (Exit)
[14:45:11] *** Joins: Qalo (Qalo@dhcp-077-248-092-245.chello.nl)
[14:45:36] *** Quits: Qalo (Qalo@dhcp-077-248-092-245.chello.nl) (Exit)
[14:48:28] *** Quits: Tomsworld (tom@109.130.43.228) (Ping timeout: 66 seconds)
[14:49:10] *** Joins: Tomsworld (tom@109.130.43.228)
[14:49:10] *** ChanServ sets mode: +o Tomsworld
[14:52:16] *** Quits: Tomsworld (tom@109.130.43.228) (Ping timeout: 61 seconds)
[14:54:47] *** Quits: Resistor (Resistor@ip5456d91b.speed.planet.nl) (Ping timeout: 60 seconds)
[14:59:17] *** Joins: Resistor (Resistor@ip5456d91b.speed.planet.nl)
[15:00:41] *** Joins: Etienne (EtienneM@541F7E72.cm-5-8b.dynamic.ziggo.nl)
[15:03:12] *** Joins: Tomsworld (tom@109.130.43.228)
[15:03:12] *** ChanServ sets mode: +o Tomsworld
[15:23:18] <Prof_NaPo^^> tozzert, leef je nog?
[15:41:19] *** Quits: Tomsworld (tom@109.130.43.228) (Ping timeout: 60 seconds)
[15:50:33] *** Joins: Smileface (alexander@25bc408b.ftth.concepts.nl)
[15:59:14] *** Quits: Matthew (Matthew@178-117-75-230.access.telenet.be) (Ping timeout: 67 seconds)
[16:10:49] *** Joins: Matthew (Matthew@178-117-75-230.access.telenet.be)
[16:13:09] *** Joins: rhod (rhod@86.85.193.196)
[16:17:43] *** Quits: Matthew (Matthew@178-117-75-230.access.telenet.be) (Ping timeout: 67 seconds)
[16:19:23] *** Joins: Matthew (Matthew@188.189.68.154)
[16:27:32] *** Quits: Matthew (Matthew@188.189.68.154) (Ping timeout: 61 seconds)
[16:44:15] *** Joins: Drawer (z@53521BE5.cm-6-3a.dynamic.ziggo.nl)
[16:44:46] *** Quits: pasta (pasta@541E0197.cm-5-7a.dynamic.ziggo.nl) (Ping timeout: 60 seconds)
[16:46:21] *** Joins: pasta (pasta@541E0197.cm-5-7a.dynamic.ziggo.nl)
[16:49:13] <Drawer> oeps
[16:49:21] <Drawer> hdd meegenomen in mn laptoptas voor 3 weken ofzo
[16:49:25] <Drawer> die doet t nu niet zo goed meer
[16:49:26] <Drawer> :+
[16:50:53] <Prof_NaPo^^> prff
[16:52:57] <Drawer> https://pbs.twimg.com/media/Cikr9j3XIAA4eqq.jpg:large
[16:52:58] <Drawer> :D
[16:53:11] <Prof_NaPo^^> :D
[16:53:16] <Prof_NaPo^^> en daar sta je dan 
[16:53:22] <Prof_NaPo^^> als vrouw van meer dan middelbare leeftijd
[16:53:24] <Prof_NaPo^^> met kek kapsel
[16:53:32] <moto-moi> Drawer: schijf die uit is moet prima tegen wat gerammel kunnen hoor?
[16:53:48] <Drawer> als ik m aanzet doet ie piep en kraakgeluidjes maken
[16:53:49] <Drawer> :+
[16:54:01] <Prof_NaPo^^> oh
[16:54:04] <Prof_NaPo^^> dan moet je wat WD40 erin spuiten
[16:54:05] <moto-moi> met die tas gegooit ofzo? :P
[16:54:17] <Drawer> dikke kans moto-moi 
[16:54:18] <Drawer> :D
[16:54:55] <moto-moi> dan kan 'ie wel stuk zijn ja :P
[16:55:29] <Drawer> goed merk ook
[16:55:30] <Drawer> HGST
[16:55:31] <Drawer> ?
[16:55:36] <Drawer> ding zat default in mn asus laptop
[16:55:39] <Drawer> 750GB
[16:55:50] <Drawer> direct een ssd ingebouwd uiteraard
[16:55:52] <Prof_NaPo^^> zal wel smasung zijn dan?
[16:56:02] <Prof_NaPo^^> of WD
[16:57:50] *** Quits: Tomcat_ha (user@a83-162-255-205.adsl.xs4all.nl) (Exit)
[16:58:42] *** Joins: Jeroen (Jeroen@54188FF8.cm-5-1c.dynamic.ziggo.nl)
[17:05:15] *** Joins: Matthew (Matthew@178-117-75-230.access.telenet.be)
[17:11:04] *** Quits: Resistor (Resistor@ip5456d91b.speed.planet.nl) (Ping timeout: 61 seconds)
[17:11:45] *** Joins: Resistor (Resistor@ip5456d91b.speed.planet.nl)
[17:15:33] *** Quits: fee-tje (fee-tje@137-109-201-31.ftth.glasoperator.nl) (Exit)
[17:27:51] <gakkethijs> rtlz docu ^^
[17:27:53] <gakkethijs> hilbillypwr
[17:29:02] <moto-moi> drunk again, gakkethijs?
[17:29:08] <gakkethijs> neu
[17:29:16] <gakkethijs> heb cola light gehad
[17:29:20] <gakkethijs> misschien is dat probleem
[17:30:41] <moto-moi> could be
[17:38:57] *** Quits: Smileface (alexander@25bc408b.ftth.concepts.nl) (Exit)
[17:56:54] *** Quits: Etienne (EtienneM@541F7E72.cm-5-8b.dynamic.ziggo.nl) (Exit)
[17:58:20] *** Joins: Etienne (EtienneM@541F7E72.cm-5-8b.dynamic.ziggo.nl)
[18:23:27] *** Quits: BB8 (BB8@541DD546.cm-5-6d.dynamic.ziggo.nl) (Client exited)
[18:24:49] *** Joins: BB8 (BB8@541DD546.cm-5-6d.dynamic.ziggo.nl)
[18:27:29] *** Joins: fee-tje (fee-tje@137-109-201-31.ftth.glasoperator.nl)
[18:28:29] <Drawer> https://pbs.twimg.com/media/Cil0YH8WkAIwkSy.jpg:large
[18:28:30] <Drawer> hier
[18:28:35] <Drawer> markie bij de toppers
[18:29:18] <Prof_NaPo^^> foto gemaakt met een aardappel?
[18:31:23] *** Quits: BB8 (BB8@541DD546.cm-5-6d.dynamic.ziggo.nl) (Client exited)
[18:31:28] <Drawer> respect voor aardappels
[18:32:08] <Prof_NaPo^^> alle aardappels zijn gek
[18:32:52] *** Quits: Sponge (Sponge@149.210.150.92) (Ping timeout: 66 seconds)
[18:33:02] *** Joins: BB8 (BB8@541DD546.cm-5-6d.dynamic.ziggo.nl)
[18:40:08] <tozzert> maxie dadelijk @ nos sportjournaal
[18:40:14] *** Joins: Sponge (Sponge@90-145-172-255.bbserv.nl)
[18:42:13] <Drawer> leuk dat ziggo horizon go
[18:42:16] <Drawer> werkt voor geen kut?
[18:42:19] <Drawer> https://www.horizon.tv/nl_nl/tv-kijken.html
[18:42:21] <Drawer> hier right?
[18:42:26] <Drawer> De video is onderbroken. Onze excuses voor het ongemak.
[18:42:26] <Drawer> Druk op de afspeelknop om de video opnieuw te starten.
[18:42:27] <Drawer> :r
[18:42:35] <tozzert> werkt prima
[18:42:40] <Prof_NaPo^^> idd
[18:42:42] <Prof_NaPo^^> werkt prima
[18:42:46] <Drawer> wtf
[18:42:47] <Prof_NaPo^^> watbenjedan.nl?
[18:42:52] <Drawer> heb t in firefox Èn ie
[18:43:16] <tozzert> JAMMERJOH
[18:43:23] <Prof_NaPo^^> maar het is NOS
[18:43:25] <Prof_NaPo^^> toch?
[18:43:27] <Drawer> ja
[18:43:35] <Drawer> maar heb net inlog van ziggo gehad van ons pap
[18:43:35] <Prof_NaPo^^> http://www.npo.nl/live/npo-1
[18:43:36] <Drawer> hendig ej
[18:43:38] <Prof_NaPo^^> wel mindere kut kwaliteit
[18:44:31] <Drawer> hoerig silverlight
[18:45:49] <Drawer> fixed
[18:45:54] <Drawer> omfg
[18:45:56] <Drawer> de kwaliteit
[18:45:56] <Drawer> :X
[18:46:01] <Drawer> oh nu wel
[18:46:07] <Prof_NaPo^^> bufferen duurt ff ;)
[18:46:11] <Prof_NaPo^^> eerste 2 seconden zijn idd drama
[18:46:18] <tozzert> max is al geweest heur
[18:47:36] <Drawer> gaat ook om volgende week
[18:47:38] <Drawer> of mja
[18:47:39] <Drawer> 2 weken
[18:47:42] <Drawer> monaco
[18:47:44] <Drawer> op pc kunnen kijken
[18:48:49] <Drawer> allright
[18:48:53] <Drawer> later
[18:48:59] *** Quits: Drawer (z@53521BE5.cm-6-3a.dynamic.ziggo.nl) (Exit)
[18:49:00] <tozzert> maar https://www.horizon.tv/nl_nl/tv-gids.html moet prima werken
[18:51:43] <Jeroen> zo
[18:51:47] <Jeroen> dat was me een bevalling
[18:52:28] <tozzert> bloed en alles?
[18:52:42] <Prof_NaPo^^> steentjes?
[18:53:12] <tozzert> tranen?
[18:53:27] <Prof_NaPo^^> zijn bedrog
[18:54:03] <Jeroen> kneiterhard ook
[18:54:25] *** tozzert is now known as tozzniehiernie
[18:58:22] *** tozzniehiernie is now known as tozzert
[18:59:56] *** Joins: wasbak (Mibbit@f107090.upc-f.chello.nl)
[19:06:51] *** Quits: Stuiterbal (Stuit@2001:980:5281:1:2596:18b8:202c:6cf6) (Ping timeout: 67 seconds)
[19:18:11] *** Quits: grid (grid@dhcp-089-099-194-232.chello.nl) (Ping timeout: 66 seconds)
[19:23:06] *** Quits: Twizzlerz (M@178-84-226-29.dynamic.upc.nl) (Ping timeout: 68 seconds)
[19:25:29] *** wasbak is now known as kaasplank
[19:30:06] <tozzert> http://img-9gag-fun.9cache.com/photo/a8MxgZQ_460s.jpg
[19:30:13] <tozzert> best geniaal
[19:30:34] *** Joins: grid (grid@dhcp-089-099-194-232.chello.nl)
[19:30:36] <Prof_NaPo^^> een als je drinkt valt alle shit uit het schaaltje...
[19:30:47] <tozzert> je hebt 2 handen
[19:30:51] <tozzert> toch?
[19:30:55] <Prof_NaPo^^> 3
[19:30:58] <Prof_NaPo^^> maar goed
[19:30:59] <tozzert> dan pak je het schaaltje vreten even in je andere hand
[19:31:03] *** Joins: Twizzlerz (M@178-84-226-29.dynamic.upc.nl)
[19:31:04] <Prof_NaPo^^> die fles is eerder leeg dan het schaaltje
[19:31:14] <Prof_NaPo^^> blijf je verdomme de hele tijd dat schaaltje om nieuwe flessjes doen
[19:31:17] <Prof_NaPo^^> schiet niet op schat
[19:31:18] <tozzert> het is maar dat je een hand vrij hebt om te vreten toch?
[19:31:22] <tozzert> zuipen kun je met 1 hand
[19:31:43] <kees> waarom zou je een flesje zo lang vast willen houden?
[19:32:00] <kees> das met twee slokken toch leeg?
[19:32:03] <Prof_NaPo^^> uhu
[19:32:13] <tozzert> stoerbois
[19:32:22] <Prof_NaPo^^> je bent gewoon een pussy tozzert 
[19:32:28] <Prof_NaPo^^> meer zuipen is cool
[19:32:46] <tozzert> stel je nou voor dat dat schaaltje vol met bitterballen ligt
[19:32:57] <tozzert> ik zie er wel wat in
[19:33:01] <Prof_NaPo^^> dan is het schaaltje ook zo leeg
[19:33:09] <Prof_NaPo^^> en anders wordt je bier warm
[19:33:11] <Prof_NaPo^^> wil je niet
[19:33:29] <tozzert> als je geen tafels in de buurt hebt
[19:33:31] <tozzert> djeez
[19:33:35] <Prof_NaPo^^> gewoon niet gierig zijn en een tafel hosselen tozzert 
[19:33:40] <tozzert> dit is briljant
[19:33:44] <Prof_NaPo^^> of iemand uit porto rico
[19:36:01] <tozzert> http://img-9gag-fun.9cache.com/photo/a97gGx0_460sv.mp4
[19:38:26] *** Quits: fee-tje (fee-tje@137-109-201-31.ftth.glasoperator.nl) (Exit)
[19:47:38] *** Joins: flipflops (Seb@82-169-222-71.ip.telfort.nl)
[19:58:42] <tozzert> vermaak me eens Prof_NaPo^^
[19:58:50] <Prof_NaPo^^> nee
[19:59:00] <tozzert> zal jeroen nog leven?
[19:59:09] <tozzert> met z'n koppijn van eerder
[19:59:19] <tozzert> hij kan wel veel koppijn hebben natuurlijk
[19:59:22] <tozzert> met zo'n kop
[19:59:35] <Prof_NaPo^^> succes tozzert: https://www.youtube.com/watch?v=MQbXrrg8p7I
[19:59:57] *** Quits: grid (grid@dhcp-089-099-194-232.chello.nl) (Ping timeout: 63 seconds)
[20:00:19] <tozzert> niks rustigaan
[20:00:21] <tozzert> niks geen date
[20:00:27] <tozzert> zo kan het dus ook
[20:00:49] <tozzert> en nog korter dan ik!
[20:02:47] <tozzert> Sinead O'Connor wordt vermist
[20:03:20] <Prof_NaPo^^> schandalig
[20:06:58] *** Quits: b3n (Ben@D978C62A.cm-3-1d.dynamic.ziggo.nl) (Exit)
[20:08:09] *** Quits: Resistor (Resistor@ip5456d91b.speed.planet.nl) (Exit)
[20:12:37] <Jeroen> ik leef enigszins
[20:14:08] *** Joins: marlinc (marlinc@80.100.128.152)
[20:14:14] <marlinc> Hier nog mensen met aanraders voor datacenters? Ik ben op zoek naar rackspace, op het moment minimaal 10U. We zitten op het moment te kijken bij i3D (SmartDC Rotterdam)
[20:23:31] *** Quits: jasper (jasper@54693D97.cm-12-2a.dynamic.ziggo.nl) (Ping timeout: 60 seconds)
[20:23:37] *** Joins: jasper (jasper@54693D97.cm-12-2a.dynamic.ziggo.nl)
[20:23:57] <Jeroen> ik zou de beste nemen
[20:24:55] *** Quits: Prof_NaPo^^ (~Prof_NaPo@92-108-244-176.dynamic.upc.nl) (Connection reset by peer)
[20:26:47] <moto-moi> Jeroen: wauw
[20:26:56] <Jeroen> ja
[20:27:21] <moto-moi> je komt met de een-na-de andere goede tip vandaag zeg
[20:28:36] *** Quits: kaasplank (Mibbit@f107090.upc-f.chello.nl) (Exit)
[20:28:53] * Lin mept moto-moi
[20:29:25] <moto-moi> wut?!
[20:30:13] <tozzert> mag ik meedoen Lin?
[20:30:20] <moto-moi> nee :|
[20:30:27] <moto-moi> en Lin trouwens ook niet :/
[20:30:59] <Lin> als jij stomme dingen zegt
[20:31:04] <Lin> krijg je een mep.. zo werkt dat
[20:31:08] <moto-moi> ik zeg helemaal geen stomme dingen :(
[20:31:34] <Lin> als je feej en mij door elkaar hebt, heb je iets aan je ogen
[20:31:38] <moto-moi> welnee
[20:31:44] <moto-moi> beide tieten en een kont
[20:32:01] <moto-moi> heel veel overeenkomsten hoor :P
[20:32:17] <Lin> we hebben ook beide haar.. en armen
[20:32:30] <moto-moi> zie je! steeds meer overeenkomsten, je ziet het zelf ook gelukkig :P
[20:32:48] <Lin> ja maar er zijn ook een hoop mannen met dezelfde overeenkomsten
[20:32:50] <Lin> zegt niets
[20:33:05] <moto-moi> :P
[20:33:27] <Lin> zal ik iemand anders op je volgende date afsturen..kijken of je het verschil ziet
[20:33:37] <moto-moi> :o
[20:33:43] <moto-moi> jijzelf? O+
[20:34:25] <Lin> neej
[20:34:30] <moto-moi> dammit
[20:34:31] <moto-moi> dan pass
[20:34:51] <Lin> jij wilt iets met tieten, kont, haar en armen
[20:34:53] <Lin> nou fixed
[20:34:58] <Lin> je krijgt robin
[20:35:04] * Lin rent
[20:35:04] <moto-moi> hoho, dat zei ik niet :D
[20:35:30] <moto-moi> rustig lopen is al genoeg om die vetklep voor te blijven hoor :+
[20:35:53] *** Joins: Resistor (Resistor@ip5456d91b.speed.planet.nl)
[20:36:33] * moto-moi geeft Lin een pereijsje 
[20:39:51] <tozzert> wil moto-moi iemand met konthaar?
[20:39:59] <moto-moi> eh nee
[20:40:11] <moto-moi> dus je hoeft jezelf niet aan te bieden, tozzert 
[20:44:17] <tozzert> nu niet in pm gaan smeken moto-moi
[20:44:20] <tozzert> siert je niet
[20:44:24] <moto-moi> :D
[20:44:38] <moto-moi> eerst pics tozzert, dat weet je best :P
[20:44:41] <BarthezZ> zullen we afspreken te voorkomen om moto-moi en konthaar in 1 een dezelfde context te gebruiken? :X
[20:44:53] <moto-moi> graag BarthezZ..
[20:44:58] <kees> en tozzert dan?
[20:45:01] <BarthezZ> gewoon... voor de zedelijkheid van dit kanaal 
[20:45:11] <Steffanx> is dit #4chan of #tweakers.net ben dr nog niet uit :P
[20:45:13] <BarthezZ> kees... als jij dat wil mag je dat 
[20:45:25] <tozzert> kees mag alles
[20:45:34] <kees> BarthezZ, moto-moi, tozzert en konthaar... nah
[20:46:18] <tozzert> zullen we eens goeie gesprekken gaan voeren zodat de psycholoog van Escovan ook wat te lezen heeft?
[20:46:37] <tozzert> :/
[20:46:40] <moto-moi> we weten geeneens of dat een man of een vrouw is :/
[20:46:42] <Escovan> JA, over de onzin van mijn minderwaardige bestaan enzo
[20:47:06] <kees> dat minderwaardige bestaan van jou is onzin
[20:47:16] <tozzert> mag geen naam hebben idd
[20:47:18] <tozzert> :+
[20:47:59] <Jeroen> we hebben allemaal onze problemen
[20:48:10] <Jeroen> sommigen hebben een uitkering, anderen rijden een auto met 75pk
[20:48:18] <tozzert> je gaat ze hier toch niet allemaal bespreken h√® jeroen?
[20:48:26] <Escovan> :D
[20:48:26] <moto-moi> :D
[20:48:43] <kees> en anderen winnen op hun 18de een f1 race
[20:48:45] <tozzert> moto-moi toch?
[20:49:15] <moto-moi> ach, lievert dat Jeroen hier z'n onzin neergooit dan dat hij het op een kantoor doet zoals Lade..
[20:49:15] <kees> yep
[20:50:20] *** Quits: flipflops (Seb@82-169-222-71.ip.telfort.nl) (Exit)
[20:51:39] <Jeroen> kijk moto-moi heeft het goed voor met de wereld
[20:51:47] *** Joins: Stuiterbal (Stuit@a83-163-239-39.adsl.xs4all.nl)
[20:51:51] <moto-moi> uiteraard
[20:53:35] <BarthezZ> maar alsnog wil hij niet jou gezeik aanhoren over je miezerige leventje Jeroen
[20:53:49] <Jeroen> fair point
[20:53:57] <Jeroen> zal ik het voortaan bij jou in de PM gooien?
[20:54:46] <Jeroen> "hoi ik heb mezelf op 27 maart opgegeven maar zag dat jullie event op 25 maart al vol zat, mag ik meedoen? "
[20:54:48] <Jeroen> wadenktezelf
[20:54:59] <Jeroen> mgoed die had wel een berichtje mogen hebben :+
[21:00:09] <Robin> <Lin> je krijgt robin
[21:00:13] <Robin> moto-moi heeft BarthezZ al
[21:00:21] <Robin> they are made for each other
[21:00:54] <moto-moi> dude, die is f-ing ugly
[21:01:05] <moto-moi> ik heb echt wel betere smaak dan dat
[21:01:09] <moto-moi> en eergevoel :+
[21:01:31] <Robin> dat is niet mijn probleem
[21:02:06] <moto-moi> true
[21:02:17] <moto-moi> maar die redhead mag je dus lekker zelf houden
[21:02:36] <Robin> "dus" en "lekker" ?
[21:02:37] <Robin> nah
[21:02:49] <Robin> hij woont ver genoeg
[21:03:20] <moto-moi> dat zeg jij over zo'n beetje iedereen, zelfs pasta :P
[21:03:35] <Robin> pasta is vies
[21:03:45] <Jeroen> misschien past het tapijt wel bij de gordijnen, moto-moi 
[21:04:04] <moto-moi> Jeroen: ehm, en dat is boeiend want.. ? :P
[21:04:10] <moto-moi> !stats
[21:04:17] <Jeroen> geen idee :+
[21:04:18] * moto-moi mompelt
[21:04:20] <Jeroen> !stats
[21:04:24] <Jeroen> calc stats
[21:04:24] <lift> * stats = http://irc.muer.nl/stats/tweakers (by: [MueR])
[21:05:03] <moto-moi> wtf, die jeroen heeft 10 keer zoveel regels als ik :D
[21:05:17] <Jeroen> volgens mij kloppen de stats niet helemaal :+
[21:05:29] <Jeroen> kees last seen 184 days ago
[21:05:30] <Jeroen> enzo
[21:05:43] <moto-moi> kees is a ghost
[21:05:51] <kees> wat
[21:06:08] *** Quits: gakkethijs (gakkethijs@84-245-42-16.dsl.cambrium.nl) (Connection reset by peer)
[21:06:18] <Lin> je moet gewoon vaker op je enter toets rammen moto
[21:06:25] <Lin> 4 woorden per regel..
[21:06:25] <Lin> fixed
[21:06:30] <moto-moi> :P
[21:06:35] <moto-moi> fuck the system
[21:06:39] <Lin> of vaker je tong uitsteken
[21:06:45] <moto-moi> Jeroen: zo te zien denkt 'ie dat kees kees_ heet :P
[21:07:01] <tozzert> een keer /nick kees_ doen kees
[21:07:11] <tozzert> alles voor de stats!
[21:07:43] <tozzert> latest topics klopt ook niet echt
[21:08:01] <tozzert> en die random quotes zijn ook wel heul oud
[21:08:10] <Jeroen> uhuh
[21:13:17] <moto-moi> hm, deze vm vindt het niet zo tof om m'n logs vanaf 2008 te indexeren geloof ik..
[21:17:33] *** Joins: grid (grid@dhcp-089-099-194-232.chello.nl)
[21:17:53] *** Quits: grid (grid@dhcp-089-099-194-232.chello.nl) (Exit)
[21:27:22] *** Quits: DizzyWeb (arjen@ip56508964.direct-adsl.nl) (Ping timeout: 60 seconds)
[21:27:28] *** Joins: DizzyWeb (arjen@ip56508964.direct-adsl.nl)
[21:28:37] *** Quits: Sponge (Sponge@90-145-172-255.bbserv.nl) (Ping timeout: 66 seconds)
[21:37:14] <Escovan> maargoed dat we al het onrendabele vervoer tjekken tot op de seconde en persoon, en dat we voor de andere mensen met automobiel (lees: abo op accijns) ANPR hebben. We zullen ze allemaal in de gaten houden! Alsof het onze backstabbende collega politici zijn.
[21:38:43] <kees> ok
[21:39:23] <Escovan> vriend van me ontdekt net dat al hij naar walibi wil met ons, dat hij dan een OV-chipfaal kaart nodig heeft... Weer 7,50
[21:40:19] <Escovan> Kun je geen kaartje kopen dan?
[21:40:21] <Escovan> NEEN.
[21:40:29] <tozzert> iemand die vrijwillig mee wil met jou?
[21:40:46] <Escovan> Ik heb redelijk wat sterk sociale relaties ja.
[21:44:18] *** Quits: Matthew (Matthew@178-117-75-230.access.telenet.be) (Exit)
[21:44:53] <Jeroen> ik zeur graag op het OV maar het concept van de ov-chipkaart en het zo snel mogelijk afschaffen van andere transacties kan niet snel genoeg gaan
[21:44:59] *** Joins: nibble (pi@195-240-18-210.ip.open.net)
[21:46:11] *** Quits: nibble (pi@195-240-18-210.ip.open.net) (Ping timeout: 66 seconds)
[21:46:22] <tozzert> en wat dan voor diegenen die zelden met het OV reizen?
[21:46:30] <tozzert> ik vind het maar onhandig
[21:46:38] <tozzert> en reden temeer niet met OV te reizen
[21:46:59] <Jeroen> nouja het ding is dus te duur en gaat niet lang genoeg mee
[21:47:05] <Jeroen> wat kost een rfid-kaart nou
[21:47:11] <Jeroen> en dan is ie ook maar 5j geldig oid
[21:47:31] <tozzert> dus eigenlijk zeg je ook dat het kut is?
[21:47:40] <Jeroen> het concept is goed
[21:47:44] <Jeroen> de uitvoering wat eh
[21:47:45] <Jeroen> minder
[21:47:58] <Escovan> hmja, ID is nog duurder / zinlozer. Als ik toch mijn geb datum en BSN uit mijn hoofd weet.
[21:48:14] <tozzert> kun je straks/nu ook betalen met je bankpas?
[21:48:16] <tozzert> draadloos enzo?
[21:48:20] <Jeroen> dat is ook onvergelijkbaar
[21:48:30] <Jeroen> no idea tozzert 
[21:48:31] <Escovan> NFC ... hebben we tozzert 
[21:48:41] <Jeroen> ik denk van niet, eigenlijk
[21:48:52] <Escovan> pasje langs de automaat houden, betalen
[21:49:09] <tozzert> moet toch ook vrij simpel kunnen zou je denken?
[21:49:25] <Jeroen> want de OV-C werkt ook (deels) offline en dat kan niet met een pas zonder speciale interne shit erin
[21:49:49] <Jeroen> je moet immers een op- en afstappunt hebben voor direct betalen met debit
[21:50:01] <tozzert> kun je zonder opnieuw door een poortje te moeten van tilburg naar delfzijl reizen?
[21:50:04] <tozzert> if so
[21:50:12] <tozzert> is het hele systeem gewoon kut opgebouwd
[21:50:32] <Jeroen> geen idee of er een NS-station op delfzijl is
[21:50:33] <Escovan> ja, je moet alleen over-checken onderweg
[21:50:49] <Jeroen> je hoeft alleen in en uit te checken als je van vervoerder wisselt
[21:51:00] <tozzert> in elk ander land werkt het OV gewoon prima
[21:51:02] <SJ> mogge
[21:51:03] <tozzert> weinig gedoe
[21:51:04] <SJ> zo
[21:51:05] <tozzert> goedkoop
[21:51:14] <SJ> macbook verkocht \o/
[21:51:18] <tozzert> dat bedoel ik jeroen
[21:51:25] <SJ> wat een idioten op marktplaats zeg
[21:51:35] <SJ> eindelijk een serieuze vent
[21:51:42] <tozzert> je hoeft dus niet als je bepaalde afstand/zone door bent, opnieuw door een poortje
[21:51:59] <Escovan> nee, alleen als je van NS naar arriva gaat ofzo
[21:52:21] <Jeroen> nee tozzert 
[21:52:28] <Jeroen> ghehe SJ
[21:53:17] <SJ> "Mijn dochter heeft autisme, dus ik zoek een macbook van 500,- want veel software voor autisme draait op osx" 
[21:53:31] <tozzert> jij gelijk grappen maken over autisme?
[21:53:41] <SJ> ja, leuk, hier is een lijst met macbooks in die prijsklasse, succes!
[21:54:03] <Escovan> veel software voor autisten draait ook op linux? computer hebben? 25,- euro special price.
[21:54:17] <SJ> Escovan: dat ja
[21:54:27] <Escovan> Laptop? 30 euro
[21:54:30] <SJ> en daarna iedere keer 5 euro hoger bieden
[21:54:51] <SJ> gewoon, handelaar, die wil em voor 500 hebben en daarna voor 1100 te koop zetten
[21:55:09] <SJ> ik hoef echt de hoofdprijs niet te hebben
[21:55:16] <SJ> maar een beetje serieus graag 
[21:55:21] <tozzert> maar 1294736 zou welkom zijn?
[21:55:41] <SJ> mwah, ik had em te koop staan voor 850,-
[21:55:50] <Jeroen> https://i.imgur.com/0RzdgtB.jpg de buurvrouw van tozzert 
[21:56:19] <tozzert> 2e hands meuk moet ik sowieso al weinig van hebben
[21:56:27] <SJ> early 2011 / i7 2.2Ghz / 256 GB SSD / 1 GB videokaart en nieuw mobo 
[21:56:41] <SJ> ik wilde er 700 voor hebben
[21:56:45] <SJ> en da's gelukt
[21:57:12] *** Quits: kees (kees@office.tweaknet.net) (Input/output error)
[21:57:12] <Escovan> HAHAHA, ik heb een betere desktop :P
[21:57:27] <SJ> :P
[21:57:29] <SJ> ik niet
[21:57:38] <SJ> da's een quad core Q9550 :P
[21:58:06] <tozzert> [16-05 21:57:43] <SJ> da's een quad core Q9550 :P
[21:58:06] <tozzert> System Info: CPU: GenuineIntel Intel(R) Core(TM) i5-4690K CPU @ 3.50GHz Intel64 Family 6 Model 60 Stepping 3 21% Load OS: Microsoft Windows 10 Pro 10.0.10586 64 bits
[21:58:12] <Escovan> Client: HexChat 2.12.1 ‚Ä¢ OS: Microsoft Windows 10 Pro (x64) ‚Ä¢ CPU: Intel(R) Core(TM) i7 CPU         920  @ 2.67GHz (2.67GHz) ‚Ä¢ Memory: 12.0 GiB Total (8.8 GiB Free) ‚Ä¢ Storage: 929.7 GiB / 1.2 TiB (280.7 GiB Free) ‚Ä¢ VGA: NVIDIA GeForce GTX 660 Ti ‚Ä¢ Uptime: 2h 16m 12s
[21:58:17] *** Quits: Ou-Tannu (Ou-Tannu@5249248B.cm-4-2a.dynamic.ziggo.nl) (Ping timeout: 60 seconds)
[21:58:33] <tozzert> Video: NVIDIA GeForce GTX 960 -2.00MB 2560x1440 32bit 59Hz
[21:58:47] <tozzert> Total Memory: 16332MB Available Memory: 9294.49MB
[21:59:41] <Jeroen> nerds
[21:59:48] <tozzert> arme student
[22:00:02] <SJ> tozzert: nice :-)
[22:00:14] <SJ> tozzert: gamen boeit me niet zo heel erg
[22:00:17] <tozzert> alweer dik een jaar oud
[22:00:19] <tozzert> mij ook niet
[22:00:19] <tozzert> ;p
[22:00:20] <Jeroen> klopt tozzert 
[22:00:26] <Jeroen> je moet mij een nieuwe laptop sponsoren
[22:00:41] <SJ> tozzert: maar, ik heb wel een hagelnieuwe macbook pro 
[22:00:58] <tozzert> probeer je me nou jaloers te maken met macrommel?
[22:01:28] <SJ> tozzert: en een Xeon 3.2 Ghz / 32 GB ECC RAM / 2 x 256 GB SSD / 4 x 3 TB WD Red en een LSI SAS controller ;-)
[22:01:29] <Jeroen> mijn mbp is al een jaar oud
[22:01:34] <Escovan> aangevreten stuk fruit
[22:01:35] <Escovan> bah
[22:02:27] <SJ> Escovan: de hardware is nice
[22:02:44] <SJ> Escovan: of OSX iets voor je is is 2
[22:03:09] <Jeroen> ja osx is eh
[22:03:12] <Jeroen> wennen
[22:03:28] <SJ> sure :-)
[22:03:45] <tozzert> ik zou niet zonder windows kunnen
[22:03:58] <SJ> tozzert: ik ook niet :P
[22:04:16] *** moto-moi is now known as moto-moi|afk
[22:04:22] <SJ> tozzert: maar dat draait prima met vmware fusion
[22:04:32] <tozzert> gedoe
[22:04:33] <SJ> tozzert: en anders heb ik m'n Xeon nog
[22:04:45] <SJ> of m'n werkstation
[22:04:58] <SJ> tozzert: mwah, dat werkt echt meer dan prima
[22:05:02] <SJ> still, smaak
[22:05:43] *** Joins: Ou-Tannu (Ou-Tannu@5249248B.cm-4-2a.dynamic.ziggo.nl)
[22:08:19] *** Quits: Resistor (Resistor@ip5456d91b.speed.planet.nl) (Exit)
[22:14:51] *** Joins: Tordek (Tordek@2001:470:1f15:683:4021:d8ef:56fc:fa57)
[22:26:20] *** Quits: Jeroen (Jeroen@54188FF8.cm-5-1c.dynamic.ziggo.nl) (Exit)
[22:37:25] *** Joins: Guyver2 (Guyver2@guyver2.xs4all.nl)
[22:43:43] *** Quits: Ou-Tannu (Ou-Tannu@5249248B.cm-4-2a.dynamic.ziggo.nl) (Ping timeout: 61 seconds)
[22:45:34] *** Joins: Ou-Tannu (Ou-Tannu@5249248B.cm-4-2a.dynamic.ziggo.nl)
[22:45:50] *** Quits: Robin (robin@5419F052.cm-5-2d.dynamic.ziggo.nl) (Exit)
[22:47:33] *** Joins: Tomsworld (tom@91.179.64.24)
[22:47:33] *** ChanServ sets mode: +o Tomsworld
[22:52:39] *** Joins: wasbak (Mibbit@f107090.upc-f.chello.nl)
[23:58:04] *** Quits: Wussie (wussie@7-254.ftth.onsbrabantnet.nl) (Exit)
