[11:16:49] *** Quits: chem (chem@node-118b.pool-101-109.dynamic.totbb.net) (Exit)
[11:18:41] *** Joins: Teckna (jonathan@3E91CD91.cm-13.dynamic.ziggo.nl)
[11:19:05] *** Quits: Guyver2 (Guyver2@guyver2.xs4all.nl) (Exit)
[11:20:46] *** Joins: Jeroen (Mibbit@54188FF8.cm-5-1c.dynamic.ziggo.nl)
[11:23:09] <Jeroen> http://tweakers.net/video/11793/muizen-in-de-kelder-een-bezoek-aan-logitechs-ontwikkellab.html
[11:23:13] <Jeroen> hogeschool?
[11:23:15] <Jeroen> vertel ze dat maar niet :+
[11:25:58] *** Quits: rhod (rhod@86.85.193.196) (Exit)
[11:29:33] *** Joins: Wussie (wussie@220-251.ftth.onsbrabantnet.nl)
[11:31:41] *** Joins: chem (chem@node-118b.pool-101-109.dynamic.totbb.net)
[11:37:21] *** Quits: chem (chem@node-118b.pool-101-109.dynamic.totbb.net) (Exit)
[11:37:41] *** Quits: Tweaker_5675 (Mibbit@134pc77.sshunet.nl) (Exit)
[11:42:56] *** Joins: i386DX (i386DX@2a02:1812:242d:5d00:c452:c46a:957e:e0c5)
[11:46:42] *** Quits: Winkey (Winkey@ip4da97a02.direct-adsl.nl) (Exit)
[11:50:33] *** Joins: Winkey (Winkey@ip4da97a02.direct-adsl.nl)
[11:54:51] *** Quits: Winkey (Winkey@ip4da97a02.direct-adsl.nl) (Connection reset by peer)
[12:00:33] *** Joins: Winkey (Winkey@ip4da97a02.direct-adsl.nl)
[12:00:54] *** Joins: Tweaker_0235 (Mibbit@d54C2CEAC.access.telenet.be)
[12:01:42] *** Quits: Tweaker_0235 (Mibbit@d54C2CEAC.access.telenet.be) (Exit)
[12:02:46] *** Joins: Pierre (Mibbit@i192217.upc-i.chello.nl)
[12:03:25] *** Joins: chem (chem@node-118b.pool-101-109.dynamic.totbb.net)
[12:04:02] *** Quits: Pierre (Mibbit@i192217.upc-i.chello.nl) (Exit)
[12:05:29] *** Quits: Winkey (Winkey@ip4da97a02.direct-adsl.nl) (Exit)
[12:10:32] *** Joins: Winkey (Winkey@ip4da97a02.direct-adsl.nl)
[12:24:38] *** Joins: Cugel (Mibbit@79-104-132-5.ftth.glasoperator.nl)
[12:25:04] *** Quits: Cugel (Mibbit@79-104-132-5.ftth.glasoperator.nl) (Exit)
[12:28:17] *** Quits: chem (chem@node-118b.pool-101-109.dynamic.totbb.net) (Exit)
[12:31:19] *** Joins: Escovan (Escovan@107.6.175.170)
[12:31:25] *** Quits: MiniK (Mibbit@143.177.106.60) (Exit)
[12:35:05] <Jeroen> http://travel.state.gov/content/passports/en/alertswarnings/europe-travel-alert.html
[12:37:44] *** Quits: Paf (Mibbit@92.110.89.102) (Exit)
[12:46:31] <Dubbeldrank> is toch niet zo heel schokkend Jeroen?
[12:50:32] *** Quits: erratic (erratic@2607:f2f8:a2c4:4231:0:0:0:2) (Ping timeout: 60 seconds)
[12:53:47] *** Joins: thatdutchguy (jelle@194.121.95.106)
[12:54:05] <Jeroen> nouja
[12:54:09] <Jeroen> een heel continent
[12:55:00] <Jeroen> als je kijkt naar de andere alerts...
[12:55:19] <Jeroen> haiti, niger, laos, roc
[12:55:20] <Jeroen> :D
[12:56:29] *** Joins: chem (chem@node-118b.pool-101-109.dynamic.totbb.net)
[12:56:42] *** tozzbier is now known as tozzert
[13:05:31] *** Joins: ebbe_97 (Mibbit@5352A26E.cm-6-3c.dynamic.ziggo.nl)
[13:06:30] *** Quits: ebbe_97 (Mibbit@5352A26E.cm-6-3c.dynamic.ziggo.nl) (Exit)
[13:06:59] *** Quits: thatdutchguy (jelle@194.121.95.106) (Ping timeout: 67 seconds)
[13:07:02] *** Quits: i386DX (i386DX@2a02:1812:242d:5d00:c452:c46a:957e:e0c5) (Client exited)
[13:08:50] *** Joins: rhod (rhod@86.85.193.196)
[13:12:16] *** Quits: Teckna (jonathan@3E91CD91.cm-13.dynamic.ziggo.nl) (Ping timeout: 66 seconds)
[13:14:27] *** Joins: thatdutchguy (jelle@194.121.95.106)
[13:14:46] *** Quits: thatdutchguy (jelle@194.121.95.106) (Exit)
[13:21:55] *** Joins: thatdutchguy (jelle@194.121.95.106)
[13:22:16] *** Joins: Jelle (jelle@194.121.95.106)
[13:22:17] *** Quits: thatdutchguy (jelle@194.121.95.106) (Connection reset by peer)
[13:22:25] *** Quits: Jelle (jelle@194.121.95.106) (Exit)
[13:22:43] *** Joins: Jelle (jelle@194.121.95.106)
[13:22:50] *** Quits: Jelle (jelle@194.121.95.106) (Exit)
[13:23:01] *** Joins: Jelle (jelle@194.121.95.106)
[13:23:12] *** Quits: Jelle (jelle@194.121.95.106) (Exit)
[13:23:35] *** Joins: Jelle (jelle@194.121.95.106)
[13:24:41] *** Quits: Balli684 (Balli684@185.52.215.19) (Ping timeout: 60 seconds)
[13:25:06] *** Quits: Jelle (jelle@194.121.95.106) (Ping timeout: 63 seconds)
[13:26:51] *** Quits: zomertje (zomertje@pluizigenblauw.xs4all.nl) (Exit)
[13:28:12] *** Joins: fee-tje (fee-tje@137-109-201-31.ftth.glasoperator.nl)
[13:28:20] *** Quits: chem (chem@node-118b.pool-101-109.dynamic.totbb.net) (Exit)
[13:32:27] *** moto-moi|afk is now known as moto-moi
[13:33:43] *** Joins: Spelvoud (Spelvoud@sd51113cf.adsl.online.nl)
[13:38:40] *** Joins: Tweaker_7497 (Mibbit@5ee532ab.ftth.concepts.nl)
[13:38:48] *** Resistor|Weg is now known as Resistor
[13:38:51] *** Joins: Tweaker_1493 (Mibbit@188.207.126.248)
[13:39:06] *** tozzert is now known as tozzbbq
[13:39:08] <tozzbbq> op de camping
[13:39:09] <tozzbbq> :w
[13:41:51] *** Quits: Tweaker_1493 (Mibbit@188.207.126.248) (Exit)
[13:50:27] *** Quits: rhod (rhod@86.85.193.196) (Exit)
[13:52:17] <jasper> het is wel echt weer voor op de camping
[13:52:28] <jasper> in je stacaravan, op de vaste plaats waar je al twintig jaar staat
[13:53:36] *** Quits: Tweaker_7497 (Mibbit@5ee532ab.ftth.concepts.nl) (Exit)
[13:54:35] <jasper> https://twitter.com/qikipedia/status/712594967810732032?cn=ZmxleGlibGVfcmVjcw%3D%3D&refsrc=email
[13:56:18] *** Joins: Tweaker_6571 (Mibbit@visible.rebounder.volia.net)
[13:57:52] *** Joins: erratic (erratic@c-24-143-108-117.customer.broadstripe.net)
[14:01:32] *** Quits: Tweaker_6571 (Mibbit@visible.rebounder.volia.net) (Exit)
[14:05:22] *** Joins: Jelle (jelle@065-081-158-163.dynamic.caiway.nl)
[14:08:10] *** Joins: rhod (rhod@86.85.193.196)
[14:12:24] *** Joins: RoBBeR (Mibbit@31-151-163-237.dynamic.upc.nl)
[14:12:37] *** Quits: RoBBeR (Mibbit@31-151-163-237.dynamic.upc.nl) (Exit)
[14:32:38] *** Quits: Jelle (jelle@065-081-158-163.dynamic.caiway.nl) (Connection reset by peer)
[14:46:09] *** Joins: Escovan (Escovan@107.6.175.170)
[14:57:07] *** Joins: Teckna (jonathan@2001:1c01:c07:4b00:e41a:4e14:e522:b8b4)
[14:58:16] *** Quits: Teckna (jonathan@2001:1c01:c07:4b00:e41a:4e14:e522:b8b4) (Ping timeout: 65 seconds)
[14:59:51] *** Quits: Jeroen (Mibbit@54188FF8.cm-5-1c.dynamic.ziggo.nl) (Exit)
[15:09:21] *** Joins: chem (chem@cm-134-196-98-217.revip18.asianet.co.th)
[15:16:25] *** Quits: Robin (robin@prometheus.at.event.the-party.nl) (Exit)
[15:21:43] *** Quits: chem (chem@cm-134-196-98-217.revip18.asianet.co.th) (Ping timeout: 66 seconds)
[15:23:45] *** Joins: chem (chem@node-118b.pool-101-109.dynamic.totbb.net)
[15:24:09] *** Joins: Teckna (jonathan@52487D74.cm-4-1b.dynamic.ziggo.nl)
[15:28:06] *** Joins: mib_44sh90 (Mibbit@cpe-72-178-238-17.gt.res.rr.com)
[15:28:46] *** Quits: mib_44sh90 (Mibbit@cpe-72-178-238-17.gt.res.rr.com) (Exit)
[15:30:13] *** Quits: idef1x (sjoerd@a83-163-227-207.adsl.xs4all.nl) (Ping timeout: 61 seconds)
[15:35:40] *** Joins: Egocentrix (Reinout@524BEB05.cm-4-4d.dynamic.ziggo.nl)
[15:37:42] *** Joins: Tweaker_6726 (Mibbit@ip-217-103-39-224.ip.prioritytelecom.net)
[15:44:24] *** Quits: Tweaker_6726 (Mibbit@ip-217-103-39-224.ip.prioritytelecom.net) (Exit)
[15:51:00] *** Quits: erratic (erratic@c-24-143-108-117.customer.broadstripe.net) (Ping timeout: 67 seconds)
[16:01:08] *** Quits: chem (chem@node-118b.pool-101-109.dynamic.totbb.net) (Exit)
[16:06:35] *** boekee_away is now known as boekee
[16:08:32] *** Quits: Matthew (Matthew@178-117-75-230.access.telenet.be) (Connection reset by peer)
[16:09:33] <Escovan> Ik heb by far de simpelste content generator geschreven:
[16:09:34] <Escovan> fortune >/home/prutsop/public_html/test/index.php;
[16:09:44] <Escovan> en dat als cronjob elke minuut
[16:09:48] *** Joins: chem (chem@cm-134-196-98-217.revip18.asianet.co.th)
[16:10:13] <Escovan> https://test.prutsplek.nl
[16:11:23] *** boekee is now known as boekee_away
[16:11:39] *** Joins: Smileface (alexander@25bc408b.ftth.concepts.nl)
[16:38:38] *** boekee_away is now known as boekee
[16:40:47] *** Joins: Matthew (Matthew@178-117-75-230.access.telenet.be)
[16:43:30] *** Joins: Arno (arno@541B0FEB.cm-5-4a.dynamic.ziggo.nl)
[16:43:30] *** ChanServ sets mode: +o Arno
[16:44:17] *** Quits: Teckna (jonathan@52487D74.cm-4-1b.dynamic.ziggo.nl) (Ping timeout: 67 seconds)
[16:50:26] *** Quits: Egocentrix (Reinout@524BEB05.cm-4-4d.dynamic.ziggo.nl) (Ping timeout: 66 seconds)
[16:55:09] <Hooglander1> Mogguh
[16:56:13] *** Joins: His_Royall_Evilness (His_Royall@D9780F13.cm-3-1a.dynamic.ziggo.nl)
[16:58:59] *** Quits: chem (chem@cm-134-196-98-217.revip18.asianet.co.th) (Exit)
[17:01:44] <Hooglander1> Maakt men hier nog iets spannends mee?
[17:03:42] *** Quits: His_Royall_Evilness (His_Royall@D9780F13.cm-3-1a.dynamic.ziggo.nl) (Ping timeout: 61 seconds)
[17:08:05] *** Joins: gakkethijs (gakkethijs@84-245-42-16.dsl.cambrium.nl)
[17:10:19] *** Quits: Destruction (Destructio@507230E5.cm-15.dynamic.ziggo.nl) (Ping timeout: 60 seconds)
[17:11:02] *** Joins: Destruction (Destructio@507230E5.cm-15.dynamic.ziggo.nl)
[17:11:45] <mimic> nee
[17:12:33] <Hooglander1> O
[17:13:13] <Resistor> Alleen maar voorspelbare dingen. 
[17:21:41] *** Joins: Tweaker_4939 (Mibbit@4dae0f28.ftth.telfortglasvezel.nl)
[17:22:41] *** Joins: Jeroen (Mibbit@54188FF8.cm-5-1c.dynamic.ziggo.nl)
[17:23:29] *** Quits: Tweaker_4939 (Mibbit@4dae0f28.ftth.telfortglasvezel.nl) (Exit)
[17:23:46] *** Joins: mikeo (Mibbit@4dae0f28.ftth.telfortglasvezel.nl)
[17:23:52] *** Joins: Leomanic (Mibbit@53565778.cm-6-7b.dynamic.ziggo.nl)
[17:25:25] *** Quits: Leomanic (Mibbit@53565778.cm-6-7b.dynamic.ziggo.nl) (Exit)
[17:28:01] *** Quits: mikeo (Mibbit@4dae0f28.ftth.telfortglasvezel.nl) (Exit)
[17:33:48] *** Joins: Tweaker_6432 (Mibbit@52D95752.cm-11-1b.dynamic.ziggo.nl)
[17:34:07] *** Quits: Tweaker_6432 (Mibbit@52D95752.cm-11-1b.dynamic.ziggo.nl) (Exit)
[17:43:18] <Hooglander1> Vanmiddag mooi voorbeeldje gezien van Cats are assholes
[17:43:31] <Hooglander1> Een of andere burcht opgravingen, kattenpoten in stenen 
[17:43:37] <Hooglander1> 12e eeuw of zo :D
[17:43:49] <jasper> was dat niet die ene daktegel?
[17:43:55] <jasper> die was romeins :)
[17:44:06] <jasper> maar er zijn ongetwijfeld meer voorbeelden van
[17:54:02] *** Joins: idef1x (sjoerd@a83-163-227-207.adsl.xs4all.nl)
[17:55:11] *** Quits: DizzyWeb (arjen@ip56508964.direct-adsl.nl) (Connection reset by peer)
[18:06:09] *** Joins: wirky (werken@ip503c7f23.speed.planet.nl)
[18:15:49] *** Quits: fee-tje (fee-tje@137-109-201-31.ftth.glasoperator.nl) (Exit)
[18:24:32] *** Joins: erratic (erratic@ip-206-125-168-70.netcrave.io)
[18:30:17] *** Joins: boy_yonder (Seb@82-169-222-71.ip.telfort.nl)
[18:35:46] *** Quits: duckson (duckson@vps.duckson.nl) (Exit)
[18:35:49] *** Quits: Smileface (alexander@25bc408b.ftth.concepts.nl) (Exit)
[18:36:02] *** Joins: duckson (duckson@vps.duckson.nl)
[18:45:16] *** Quits: duckson (duckson@vps.duckson.nl) (Exit)
[18:45:37] *** Joins: duckson (duckson@vps.duckson.nl)
[18:58:56] *** Joins: idef1x1 (sjoerd@a83-163-227-207.adsl.xs4all.nl)
[18:59:26] *** Quits: idef1x (sjoerd@a83-163-227-207.adsl.xs4all.nl) (Ping timeout: 66 seconds)
[19:06:41] *** Joins: Teckna (jonathan@52487D74.cm-4-1b.dynamic.ziggo.nl)
[19:18:13] *** Joins: idef1x (sjoerd@a83-163-227-207.adsl.xs4all.nl)
[19:18:52] *** Quits: idef1x1 (sjoerd@a83-163-227-207.adsl.xs4all.nl) (Ping timeout: 61 seconds)
[19:34:00] *** Quits: idef1x (sjoerd@a83-163-227-207.adsl.xs4all.nl) (Ping timeout: 67 seconds)
[19:40:45] <Sponge> hmm, is blikseminslag op een vliegtuig reden om terug te keren?
[19:42:52] <boekee> Ligt er aan... als je over de helft ben ga je niet terug :D
[19:42:55] <Sponge> net was er een flits net boven mijn huis, en meteen ook een vliegtuig geluid
[19:43:01] <Sponge> https://www.flightradar24.com/TRA5709/93985fd
[19:43:15] <Sponge> vreemde route :+
[19:46:51] *** Quits: wirky (werken@ip503c7f23.speed.planet.nl) (Ping timeout: 66 seconds)
[19:47:42] *** Joins: wirky (werken@ip503c7f23.speed.planet.nl)
[19:52:24] *** boekee is now known as boekee_away
[19:52:50] *** Joins: idef1x (sjoerd@a83-163-227-207.adsl.xs4all.nl)
[19:53:12] *** Quits: idef1x (sjoerd@a83-163-227-207.adsl.xs4all.nl) (Exit)
[19:55:25] *** Quits: wirky (werken@ip503c7f23.speed.planet.nl) (Exit)
[19:55:25] *** Joins: Tweaker_5915 (Mibbit@e21200.upc-e.chello.nl)
[19:56:00] <Sponge> is nu in Amsterdam geland :+ dus geen berlijn gok ik zo
[19:57:07] *** Quits: Tweaker_5915 (Mibbit@e21200.upc-e.chello.nl) (Exit)
[20:11:48] <Sponge> Expected arrival time 	22:00 
[20:11:51] <Sponge> 2u erbij :+
[20:11:58] <Sponge> maar goed, zal de monologg weer ff stoppen :+
[20:30:50] *** Joins: Tweaker_0915 (Mibbit@86.86.34.247)
[20:31:52] *** Quits: Tweaker_0915 (Mibbit@86.86.34.247) (Exit)
[20:39:19] *** Quits: Destruction (Destructio@507230E5.cm-15.dynamic.ziggo.nl) (Ping timeout: 67 seconds)
[20:39:52] *** Joins: Destruction (Destructio@507230E5.cm-15.dynamic.ziggo.nl)
[20:42:56] *** Quits: [M]-V (meicobuijs@84-245-27-142.dsl.cambrium.nl) (Input/output error)
[20:50:27] *** Joins: [M]-V (meicobuijs@84-245-27-142.dsl.cambrium.nl)
[20:55:47] *** Quits: erratic (erratic@ip-206-125-168-70.netcrave.io) (Client exited)
[20:56:55] *** Joins: fee-tje (fee-tje@137-109-201-31.ftth.glasoperator.nl)
[20:59:12] *** Quits: Teckna (jonathan@52487D74.cm-4-1b.dynamic.ziggo.nl) (Ping timeout: 66 seconds)
[21:02:37] *** Joins: Teckna (jonathan@52487D74.cm-4-1b.dynamic.ziggo.nl)
[21:03:33] *** Quits: fee-tje (fee-tje@137-109-201-31.ftth.glasoperator.nl) (Exit)
[21:09:54] *** tozzbbq is now known as tozzert
[21:22:12] * tozzert gooit een keihard paaseitje tegen jeroen's hoofd
[21:25:15] *** Joins: zomertje (zomertje@pluizigenblauw.xs4all.nl)
[21:25:15] *** Quits: gakkethijs (gakkethijs@84-245-42-16.dsl.cambrium.nl) (Exit)
[21:25:15] *** ChanServ sets mode: +o zomertje
[21:32:09] <Jeroen> AAAAH
[21:32:11] <Jeroen> WIL JIJ ME EITJES ZIEN
[21:35:50] <zomertje> NEEJ :P
[21:36:06] *** Joins: GodFather (p00p@a83152.upc-a.chello.nl)
[21:36:50] <moto-moi> weirdo!
[21:37:19] <Jeroen> https://www.youtube.com/watch?v=56mF0B7lrqc
[21:37:26] <Jeroen> zelluf, moto-moi 
[21:37:48] <tozzert> godnondeju goed gebbqd
[21:37:53] <moto-moi> snie
[21:37:59] <tozzert> het seizoen is geopend!
[21:39:20] <Hooglander1> Man man man
[21:39:23] <Hooglander1> Wat een goed eten zeg
[21:39:49] <Hooglander1> Verdomd goeie wijn erbij ook
[21:39:57] <tozzert> goed of gewoon veul?
[21:40:10] <tozzert> 'wat wilt u eten?'
[21:40:14] <tozzert> 'astmarveulis'
[21:42:30] <Hooglander1> Neuj
[21:42:32] <Hooglander1> Echt goed
[21:43:19] <Hooglander1> 300g Black angus
[21:43:31] <Hooglander1> De Vrouwe een lobster tail met wat wagyu on the side
[21:44:42] <Hooglander1> :9
[21:45:17] <tozzert> is me echt teveel moeite
[21:45:27] <tozzert> en dan erbij vind ik kreeft echt niet bijzonder lekker
[21:45:34] <tozzert> geef mij maar een goed stuk vleusch
[21:45:50] <Jeroen> liever garnalen dan kreeft imo
[21:46:15] <Hooglander1> Restaurant hè tozzert, dan ist weinig moeite
[21:46:31] <tozzert> wat? niet eens zelf kraken?
[21:46:52] <Hooglander1> Ow, geen idee hoe dat hoort, ik had het vleesch
[21:46:58] <Hooglander1> Maar was wel erg smakelijk
[21:47:39] <tozzert> en je had meer oog voor jouw voer dan voor jouw vrouw?
[21:48:29] *** Quits: Matthew (Matthew@178-117-75-230.access.telenet.be) (Exit)
[21:49:01] <Jeroen> dat krijg je als je al zo lang getrouwd bent he, tozzert 
[21:49:58] *** Joins: Matthew (Matthew@37.252.230.59)
[21:53:44] *** Joins: erratic (erratic@ip-206-125-168-70.netcrave.io)
[22:01:00] *** Quits: DinX (DinX___@d54c120b6.access.telenet.be) (Connection reset by peer)
[22:15:04] *** boekee_away is now known as boekee
[22:16:56] *** Quits: boy_yonder (Seb@82-169-222-71.ip.telfort.nl) (Exit)
[22:19:51] *** Quits: Resistor (Resistor@ip5456d91b.speed.planet.nl) (Exit)
[22:23:02] <Hooglander1> Want jij zit vaak met vrouwen in restaurants Jeroen ?
[22:23:49] <tozzert> sure doet hij dat
[22:24:03] <tozzert> de vrouwen zijn dan degenen die zijn voer brengen obviously
[22:24:10] <Hooglander1> Zijn  moeder neemt hem uit eten of wat?
[22:24:19] <moto-moi> oh, doen ze dat tegenwoordig in de mcdonalds?
[22:24:30] <tozzert> hij wordt altjd weggestopt in een hoekje
[22:24:38] <tozzert> omdat hij toch altijd maar alleen is
[22:24:40] <tozzert> en lelijk
[22:24:44] <moto-moi> hij is wel zo'n ballenbakjatter
[22:24:52] <tozzert> de hele ballenbak ja?
[22:24:56] <tozzert> de hufter
[22:24:56] *** Quits: erratic (erratic@ip-206-125-168-70.netcrave.io) (Exit)
[22:25:09] <moto-moi> uhuh, heel onopvallend steeds 2 ballen naar z'n fietstassen brengen
[22:25:24] <tozzert> dat zijn de ballenbakballen
[22:25:27] <tozzert> niet de ballenbak zelf
[22:25:45] <moto-moi> weet je hoe zwaar een volle ballenbak is, Jeroen is niet gek he
[22:25:49] <moto-moi> die haatl eerst die bak leeg
[22:26:09] <tozzert> wat niet
[22:26:20] <moto-moi> true
[22:26:32] <tozzert> je kent zijn (muziek)smaak onderhand toch?
[22:26:41] <moto-moi> hardstyle + pillen, toch?
[22:26:48] <moto-moi> al weet ik niet of je dat smaak kunt noemen
[22:26:53] <moto-moi> voorkeur hoogstens
[22:27:54] *** Joins: Anthor (Anthor@cust.7.103.adsl.cistron.nl)
[22:29:15] *** boekee is now known as boekee_away
[22:42:33] *** Joins: martinv (martinv@ip-217-103-122-51.ip.prioritytelecom.net)
[22:43:21] *** Quits: m1dnight (christophe@2a02:a03f:12cb:200:be5f:f4ff:fe9a:a91e) (Exit)
[22:44:38] *** Quits: martinv (martinv@ip-217-103-122-51.ip.prioritytelecom.net) (Exit)
[22:48:38] *** Joins: Guyver2 (Guyver2@guyver2.xs4all.nl)
[22:59:24] <freebee666> lekker weer buiten
[23:00:15] *** Quits: Teckna (jonathan@52487D74.cm-4-1b.dynamic.ziggo.nl) (Ping timeout: 66 seconds)
[23:02:10] *** Joins: Teckna (jonathan@3E91CA75.cm-13.dynamic.ziggo.nl)
[23:02:36] *** Joins: erratic (erratic@ip-206-125-168-70.netcrave.io)
[23:02:51] *** Quits: chim0 (a@d5c53ff2.ftth.concepts.nl) (Exit)
[23:05:12] <Jeroen> ghehe moto-moi 
[23:05:17] <Jeroen> je kunt veel van m'n muzieksmaak zeggen
[23:05:26] <Jeroen> maar ik geloof niet dat ik hier ooit hardstyle gelinkt heb
[23:07:51] <tozzert> gister stonde nog te stuiteren @ de brabanthallen jonge
[23:07:54] <tozzert> admit it
[23:08:23] <tozzert> met 4 pillen in je mik
[23:08:30] <Jeroen> ghehe
[23:08:34] <Jeroen> maat van me wel, blijkbaar
[23:08:52] *** Quits: erratic (erratic@ip-206-125-168-70.netcrave.io) (Exit)
[23:09:00] <tozzert> paar vrienden vamme ook
[23:09:34] <tozzert> ze wilden mij ook meekrijgen
[23:09:41] <tozzert> al een paar jaar
[23:09:44] <tozzert> ;p
[23:10:59] <freebee666> wat was er gister dan?
[23:11:32] <Jeroen> die maat van me is ook wel een echte
[23:11:36] <Jeroen> afgetraind
[23:11:38] <Jeroen> opgeschoren kapsel
[23:15:40] <tozzert> masters freebee666
[23:16:19] *** Quits: Sponge (Sponge@149.210.150.92) (Exit)
[23:18:01] <freebee666> oh moh altijd nice :)
[23:20:14] *** Joins: dikkie (androirc@2a02:a03f:1a26:c100:b146:384e:74c2:af41)
[23:23:13] *** Quits: dikkie (androirc@2a02:a03f:1a26:c100:b146:384e:74c2:af41) (Exit)
[23:32:08] *** moto-moi is now known as moto-moi|afk
[23:37:21] *** Joins: erratic (erratic@ip-206-125-168-70.netcrave.io)
[23:41:37] *** Joins: Danny (Mibbit@ip4da2cf22.direct-adsl.nl)
[23:42:18] *** Quits: Danny (Mibbit@ip4da2cf22.direct-adsl.nl) (Exit)
[23:45:11] *** Joins: Escovan (Escovan@107.6.175.170)
[23:48:15] *** Quits: Jeroen (Mibbit@54188FF8.cm-5-1c.dynamic.ziggo.nl) (Exit)
[23:53:41] *** Joins: Tweaker_0577 (Mibbit@5ED3FEA5.cm-7-4d.dynamic.ziggo.nl)
[23:54:34] *** Quits: Tweaker_0577 (Mibbit@5ED3FEA5.cm-7-4d.dynamic.ziggo.nl) (Exit)
