[00:00:46] *** Quits: Aapje (user@i244127.upc-i.chello.nl) (Ping timeout: 60 seconds)
[00:00:49] <Jeroen> alcoholist
[00:00:51] *** Quits: Nelicquele (Nelicquele@i244127.upc-i.chello.nl) (Ping timeout: 67 seconds)
[00:01:40] *** Joins: Nelicquele (Nelicquele@i244127.upc-i.chello.nl)
[00:01:58] *** Joins: Aapje (user@i244127.upc-i.chello.nl)
[00:03:24] *** Quits: klaveRCX (michiel@klaver.it) (Ping timeout: 66 seconds)
[00:04:10] <tozzert> moet je nog niet slapen trouwens jeroen?
[00:04:19] <Jeroen> zo
[00:04:23] <Jeroen> dat duurt niet lang meer
[00:04:31] <tozzert> jij ligt er normaal gesproken 's weekends ook om 22:30 in
[00:04:38] <Jeroen> wanou
[00:04:55] <tozzert> moet ik logs erbij pakken?
[00:04:58] <tozzert> h√®?
[00:04:59] <tozzert> nou?
[00:05:00] <tozzert> h√®?
[00:07:17] *** Joins: klaveRCX (michiel@klaver.it)
[00:08:21] *** Quits: Sponge (Sponge@149.210.150.92) (Exit)
[00:11:54] <tozzert> jeroen!
[00:12:01] <tozzert> videootje van jou gevonden
[00:12:03] <tozzert> http://img-9gag-fun.9cache.com/photo/aA1zDOL_460sv.mp4
[00:13:18] *** Quits: Jeroen (Jeroen@ip82-139-124-155.lijbrandt.net) (Exit)
[00:17:26] <tozzert> http://i.imgur.com/BfXjquG.png
[00:17:28] <tozzert> ...
[00:26:26] *** Joins: Xaffie (Mibbit@f36094.upc-f.chello.nl)
[00:28:45] *** Quits: Xaffie (Mibbit@f36094.upc-f.chello.nl) (Exit)
[00:41:16] *** Quits: Guyver2 (Guyver2@guyver2.xs4all.nl) (Client exited)
[00:54:11] *** Quits: Nelicquele (Nelicquele@i244127.upc-i.chello.nl) (Connection reset by peer)
[00:56:26] *** Quits: Francis (Francis@5468C56E.cm-12-1d.dynamic.ziggo.nl) (Exit)
[01:22:22] *** Quits: Anthor (Anthor@cust.7.103.adsl.cistron.nl) (Exit)
[01:56:00] *** Quits: JamesB009 (got@185.65.53.175) (Exit)
[02:23:54] *** Joins: mrwazoo (mrwazoo@h102136.upc-h.chello.nl)
[02:43:49] *** Quits: Stuiterbal (Stuit@2001:980:5281:1:99db:2b39:553f:91bf) (Exit)
[02:57:10] *** Quits: wirky (werken@ip503c7f23.speed.planet.nl) (Ping timeout: 61 seconds)
[03:02:28] <tozzert> kakzooi
[03:14:17] <mimic> ej tozzert 
[03:14:22] <mimic> http://i.imgur.com/QcWxXcf.webm
[03:16:43] <tozzert> moet gaan rijden :(
[03:16:54] <tozzert> sliep net 1,5 uur ffs
[03:23:12] *** Joins: Ohm (Ohm@ip5658867f.direct-adsl.nl)
[03:29:19] *** Quits: Ohm (Ohm@ip5658867f.direct-adsl.nl) (Ping timeout: 60 seconds)
[03:30:47] *** Joins: Ohm (Ohm@ip5658867f.direct-adsl.nl)
[03:33:35] *** Parts: Ohm (Ohm@ip5658867f.direct-adsl.nl) ()
[03:51:14] *** Quits: rhod (rhod@86.85.193.196) (Exit)
[04:11:08] <tozzert> en weer terug
[04:11:14] <tozzert> kutsomali√´rs
[06:14:53] *** Joins: McM (mcm@d30008.upc-d.chello.nl)
[06:16:06] *** Quits: McM (mcm@d30008.upc-d.chello.nl) (Ping timeout: 66 seconds)
[06:21:07] *** Quits: chim0 (a@d5c53ff2.ftth.concepts.nl) (Exit)
[06:58:35] *** Joins: chim0 (a@d5c53ff2.ftth.concepts.nl)
[07:29:39] *** Joins: Kevburg (Mibbit@166.137.118.61)
[07:30:47] *** Quits: Kevburg (Mibbit@166.137.118.61) (Exit)
[07:38:55] *** Joins: Tweaker212584 (Mibbit@67.158.21.136)
[07:40:42] *** Quits: Tweaker212584 (Mibbit@67.158.21.136) (Exit)
[07:41:02] *** Joins: Tweaker009 (Mibbit@67.158.21.136)
[07:44:07] <Tweaker009> i want to chat with a girl that gets as horny as i do when im hig
[07:44:10] *** Quits: Tweaker009 (Mibbit@67.158.21.136) (Exit)
[08:02:25] <Dubbeldrank> goed kanaal om dat te zoeken!
[08:03:02] <Dubbeldrank> misschien dat tozzert nog een beetje hitsig is
[08:04:23] <LeapingSheep> lol
[08:37:23] *** Joins: Jeroen (Jeroen@ip82-139-124-155.lijbrandt.net)
[08:39:04] <Jeroen> mogge
[08:39:18] <Jeroen> ey tozzert 
[08:39:21] <Jeroen> hoe was het vannacht?
[08:41:46] *** Joins: wirky (werken@ip503c7f23.speed.planet.nl)
[08:45:38] <Nakebod> Om 4:10 zat ie te vloeken op somaliers, geen idee of dat er wat mee te maken had, maar toch.
[08:50:25] <Jeroen> ghehe
[08:51:27] *** Joins: fanta (root@ec2-52-36-251-8.us-west-2.compute.amazonaws.com)
[08:51:58] <fanta> kon ik dit maar elke dag drinken.
[08:52:05] *** Quits: fanta (root@ec2-52-36-251-8.us-west-2.compute.amazonaws.com) (Exit)
[08:56:29] *** Joins: Matthew (Matthew@178-117-75-230.access.telenet.be)
[08:58:28] <Jeroen> wat
[08:58:35] *** Joins: Francis (Francis@5468C56E.cm-12-1d.dynamic.ziggo.nl)
[08:59:09] <Francis> ohai
[09:00:22] *** Joins: fanta (root@ec2-52-36-251-8.us-west-2.compute.amazonaws.com)
[09:01:03] <fanta> Ik wou dat ik ook zo groot en stoer als de grote mensen was.
[09:04:41] *** Joins: marccom (marc@77-172-229-40.ip.telfort.nl)
[09:04:47] <Jeroen> steek er nog een op
[09:05:33] <fanta> hoe weet jij dat ik nu een sjaggie zit te rollen?
[09:06:02] <fanta> wist niet dat het zoooo gehorig was in dit huis
[09:06:45] <Jeroen> we kunnen je zien door de webcam
[09:06:47] *** Quits: marccom (marc@77-172-229-40.ip.telfort.nl) (Ping timeout: 60 seconds)
[09:06:49] <Jeroen> met je lelijke onderbroek
[09:17:33] <fanta> zo. uit. beter?
[09:23:30] *** Joins: marccom (marc@77-172-52-45.ip.telfort.nl)
[09:24:05] <fanta> en nu weer verder met mijn cursus: The science of Happiness op edx.org
[09:24:19] *** Quits: fanta (root@ec2-52-36-251-8.us-west-2.compute.amazonaws.com) (Exit)
[09:26:14] *** Quits: Jeroen (Jeroen@ip82-139-124-155.lijbrandt.net) (Exit)
[09:26:22] *** Joins: Jeroen (Jeroen@ip82-139-124-155.lijbrandt.net)
[09:27:37] <AjDuLion> Niemand last van luilak?
[09:28:13] <Francis> uhh
[09:28:17] <Francis> is dat vandaag?
[09:28:51] <Francis> je bedoelt met de brommer veul herrie maken toch?
[09:29:38] <Francis> ik denk niet dat de buurt daar blij mee zou zijn als ik op de motor zonder demper ga rijden :P
[09:31:28] <Francis> AjDuLion: airsoft je nog?
[09:31:50] <AjDuLion> Yep en yep
[09:32:05] <Francis> heb een hpa systeem gebouwd :)
[09:32:13] <AjDuLion> Fuck You
[09:32:19] <AjDuLion> Dat is duah
[09:32:21] <Francis> bij airsoft markt in Lelydorp testen
[09:32:22] <Francis> uhu
[09:32:29] <Francis> met mattie korting 650,-
[09:32:40] <AjDuLion> Oh funky das de 29ste toch ?
[09:32:40] <Francis> winkel eigenaar is goede vriend
[09:32:46] <Francis> uhu
[09:32:51] <AjDuLion> Ja das wel begin prijsje idd
[09:33:00] <Francis> internals waren al top
[09:33:04] <AjDuLion> M'n groep is er dan wss ook
[09:33:22] <AjDuLion> Goeie hPa is al snel 950‚Ç¨+
[09:33:27] <Francis> orga widebore, prowin unit, namazu en purple prommy
[09:33:48] <AjDuLion> sexy
[09:34:03] <Francis> maar idd, het is takke duur
[09:34:07] <AjDuLion> Ik moet zo ff prowin installeren in m'n reserve p90
[09:34:17] <AjDuLion> Schiet nu met de bekende m4
[09:34:33] <Jeroen> http://tweakers.net/video/12263/de-automotive-meet-up-in-beeld-sfeerverslag-van-de-tweede-editie-van-2016.html
[09:34:33] <Francis> nadeel is wel dat ik veel lucht verstook met widebore
[09:34:37] <Jeroen> die mensen die ze interviewen
[09:34:39] <Jeroen> godsakkers
[09:34:39] <Francis> maar heb 2 flessen
[09:34:48] <AjDuLion> Waarom geen tightbore ?
[09:35:15] <AjDuLion> Nu kan je geen Mug raken
[09:35:19] <Francis> mja, als ik alles lees en rond vraag trek ik mijn conclusie dat een widebore beter is
[09:35:43] <Francis> eeuwige discussie
[09:36:13] <Francis> ik haalde op aeg 70m met de widebore en standard m4hopup
[09:36:33] <AjDuLion> Uhuh
[09:36:45] <Francis> keertje een tightbore scoren en ergens op veld echt gaan vergelijken
[09:36:51] <Francis> de orga¬¥s zijn sweet
[09:36:58] <AjDuLion> Haha
[09:37:33] <Francis> gaat veel om de afwerking van loop
[09:37:42] <Francis> orga, pdi ed 
[09:38:22] <Francis> rof is echt belachelijk op hpa :X
[09:38:30] *** Quits: Jeroen (Jeroen@ip82-139-124-155.lijbrandt.net) (Exit)
[09:38:31] <AjDuLion> Ja lief is dat he
[09:38:41] <Francis> staat nu net niet op de helft, 30 rps
[09:38:58] <AjDuLion> Maare high torque/11 volt is ook epic hoor
[09:39:05] <Francis> uhu
[09:39:11] <Francis> maar veel onderhoudsgevoeliger
[09:39:17] <AjDuLion> True
[09:39:18] <Francis> voordeel van hpa
[09:39:23] <Francis> daarom mijn keus
[09:39:32] <AjDuLion> We hebben d'r 2 int team
[09:39:37] <AjDuLion> Wel vaak leaks
[09:39:44] <AjDuLion> Maar verder top
[09:39:51] <AjDuLion> Ff douchen hoor
[09:39:56] <Francis> als je een aeg echt super wil laten knallen ben je ook een paar honderd euro kwijt om een goede gearbox te maken
[09:43:11] *** Parts: marccom (marc@77-172-52-45.ip.telfort.nl) ()
[09:53:09] *** Joins: Sponge (Sponge@149.210.150.92)
[10:00:16] <tozzert> en we mogen w√©√©r
[10:00:30] <Francis> weer een wc bril stuk?
[10:00:49] <tozzert> geen doormelding @ inbraak
[10:00:56] <Francis> fijn
[10:01:07] <tozzert> @ een ouwe knoei alphatronics meen ik
[10:01:08] <Francis> kiezer stuk, lijn weg
[10:01:45] <tozzert> nee
[10:01:54] <tozzert> ofja
[10:01:56] <tozzert> kan
[10:01:58] <tozzert> maar nee @ alpha
[10:02:13] <tozzert> NetworX NX8
[10:03:56] *** Quits: Twizzlerz (M@178-84-226-29.dynamic.upc.nl) (Ping timeout: 60 seconds)
[10:04:07] *** Joins: Guyver2 (Guyver2@guyver2.xs4all.nl)
[10:07:09] <tozzert> en nog een telefoontje
[10:07:11] <tozzert> storing BMI
[10:07:12] <tozzert> godnakende
[10:07:31] <Francis> arme jij
[10:07:32] <tozzert> vannacht had een somali√´r een rookmelder uit z'n sokkel gedraaid overigens
[10:07:36] <tozzert> @ Nakebod
[10:07:50] <tozzert> vandaar m'n opmerking 'kutsomali√´rs'
[10:10:38] *** Joins: GMATT23 (Mibbit@172.58.25.241)
[10:10:43] *** Joins: Drawer (z@53521BE5.cm-6-3a.dynamic.ziggo.nl)
[10:11:15] *** Quits: GMATT23 (Mibbit@172.58.25.241) (Exit)
[10:12:07] <Drawer> omg
[10:12:11] <Drawer> ik zit in een tweakers filmpje
[10:12:21] *** Joins: Twizzlerz (M@178-84-226-29.dynamic.upc.nl)
[10:13:31] *** Joins: Wussie (wussie@7-254.ftth.onsbrabantnet.nl)
[10:14:31] *** Francis is now known as Francis|afk
[10:15:16] <Drawer> http://tweakers.net/video/12263/de-automotive-meet-up-in-beeld-sfeerverslag-van-de-tweede-editie-van-2016.html
[10:15:17] <Drawer> deze
[10:17:25] *** Quits: Matthew (Matthew@178-117-75-230.access.telenet.be) (Exit)
[10:24:04] *** Joins: Matthew (Matthew@178-117-75-230.access.telenet.be)
[10:24:59] <Drawer> http://gathering.tweakers.net/forum/list_messages/1691161
[10:25:09] <Drawer> goed verhaal wel
[10:26:46] <tozzert> waarde gij daor bij dan j√®?
[10:29:09] *** Joins: Tweaker_0332 (Mibbit@ip4da8739e.direct-adsl.nl)
[10:31:32] <Escovan> Dat verhaal is op zoveel punten fout dat het pijnlijk is Drawer 
[10:36:05] *** Quits: Tweaker_0332 (Mibbit@ip4da8739e.direct-adsl.nl) (Exit)
[10:50:35] *** Joins: Rivanov (Rivanov@31-151-31-203.dynamic.upc.nl)
[10:58:27] *** Quits: Rivanov (Rivanov@31-151-31-203.dynamic.upc.nl) (Ping timeout: 66 seconds)
[11:03:13] *** Joins: gakkethijs (gakkethijs@84-245-42-16.dsl.cambrium.nl)
[11:03:35] *** Joins: Rivanov (Rivanov@31-151-31-203.dynamic.upc.nl)
[11:05:13] *** Joins: Rivanov_ (Rivanov@31-151-31-203.dynamic.upc.nl)
[11:05:16] *** Quits: Rivanov (Rivanov@31-151-31-203.dynamic.upc.nl) (Ping timeout: 62 seconds)
[11:06:23] *** Quits: Rivanov_ (Rivanov@31-151-31-203.dynamic.upc.nl) (Ping timeout: 66 seconds)
[11:06:31] *** Joins: Resistor (Resistor@ip5456d91b.speed.planet.nl)
[11:06:56] *** Joins: Rivanov (Rivanov@145.132.74.228)
[11:07:02] *** Quits: Rivanov (Rivanov@145.132.74.228) (Exit)
[11:07:37] *** Joins: Rivanov (Rivanov@145.132.74.228)
[11:17:20] *** Quits: Rivanov (Rivanov@145.132.74.228) (Ping timeout: 66 seconds)
[11:19:14] *** Joins: Rivanov (Rivanov@31-151-31-203.dynamic.upc.nl)
[11:20:27] *** Quits: Rivanov (Rivanov@31-151-31-203.dynamic.upc.nl) (Ping timeout: 66 seconds)
[11:21:15] *** Joins: Rivanov (Rivanov@31-151-31-203.dynamic.upc.nl)
[11:22:26] *** Quits: Rivanov (Rivanov@31-151-31-203.dynamic.upc.nl) (Ping timeout: 68 seconds)
[11:22:45] *** Joins: Rivanov (Rivanov@31-151-31-203.dynamic.upc.nl)
[11:23:57] *** Quits: Rivanov (Rivanov@31-151-31-203.dynamic.upc.nl) (Ping timeout: 66 seconds)
[11:24:41] *** Joins: Rivanov (Rivanov@31-151-31-203.dynamic.upc.nl)
[11:25:54] *** Quits: Rivanov (Rivanov@31-151-31-203.dynamic.upc.nl) (Ping timeout: 66 seconds)
[11:25:58] *** Quits: Guyver2 (Guyver2@guyver2.xs4all.nl) (Exit)
[11:26:07] *** Joins: Rivanov (Rivanov@31-151-31-203.dynamic.upc.nl)
[11:27:21] *** Quits: Rivanov (Rivanov@31-151-31-203.dynamic.upc.nl) (Ping timeout: 66 seconds)
[11:27:43] *** Joins: Rivanov (Rivanov@31-151-31-203.dynamic.upc.nl)
[11:29:32] *** Quits: Rivanov (Rivanov@31-151-31-203.dynamic.upc.nl) (Ping timeout: 66 seconds)
[11:31:05] *** Joins: Rivanov (Rivanov@31-151-31-203.dynamic.upc.nl)
[11:32:18] *** Quits: Rivanov (Rivanov@31-151-31-203.dynamic.upc.nl) (Ping timeout: 66 seconds)
[11:33:10] *** Joins: Rivanov (Rivanov@31-151-31-203.dynamic.upc.nl)
[11:34:22] *** Quits: Rivanov (Rivanov@31-151-31-203.dynamic.upc.nl) (Ping timeout: 66 seconds)
[11:34:38] *** Joins: Rivanov (Rivanov@31-151-31-203.dynamic.upc.nl)
[11:35:50] *** Quits: Rivanov (Rivanov@31-151-31-203.dynamic.upc.nl) (Ping timeout: 65 seconds)
[11:36:12] *** Joins: Rivanov (Rivanov@31-151-31-203.dynamic.upc.nl)
[11:37:09] *** Joins: Rivanov_ (Rivanov@31-151-31-203.dynamic.upc.nl)
[11:37:15] <Francis|afk> Drawer: waar ben je precies?
[11:37:22] *** Quits: Rivanov (Rivanov@31-151-31-203.dynamic.upc.nl) (Ping timeout: 66 seconds)
[11:37:57] <Drawer> ergens
[11:38:07] <Francis|afk> joh
[11:38:15] *** Francis|afk is now known as Francis
[11:38:17] *** Quits: Rivanov_ (Rivanov@31-151-31-203.dynamic.upc.nl) (Ping timeout: 66 seconds)
[11:38:45] <Francis> ah, je bent zeker die Bram nerd
[11:39:16] <Francis> tis wel tenenkromend slecht idd
[11:39:43] <Francis> en bij auto shows horen schars geklede dames
[11:41:11] *** Joins: Rivanov (Rivanov@31-151-31-203.dynamic.upc.nl)
[11:42:23] *** Quits: Rivanov (Rivanov@31-151-31-203.dynamic.upc.nl) (Ping timeout: 66 seconds)
[11:42:54] *** Joins: Rivanov (Rivanov@31-151-31-203.dynamic.upc.nl)
[11:43:20] <Francis> lukt het Rivanov, met je kut upc verbinding?
[11:44:06] *** Quits: Rivanov (Rivanov@31-151-31-203.dynamic.upc.nl) (Ping timeout: 66 seconds)
[11:44:30] <AjDuLion> maar Drawer  tozzert  maakt tweakers ooit goeie video's dan :P ?
[11:44:33] * AjDuLion rent
[11:44:53] *** Joins: Rivanov (Rivanov@31-151-31-203.dynamic.upc.nl)
[11:45:02] <Drawer> nee ik spreek nergens Francis 
[11:45:06] <Drawer> zit gewoon in t publiek
[11:45:50] <Francis> hmm, slecht gepland, gedouched en naar de kapper geweest
[11:46:42] *** Quits: Rivanov (Rivanov@31-151-31-203.dynamic.upc.nl) (Ping timeout: 67 seconds)
[11:46:49] *** Joins: Rivanov (Rivanov@31-151-31-203.dynamic.upc.nl)
[11:48:02] *** Quits: Rivanov (Rivanov@31-151-31-203.dynamic.upc.nl) (Ping timeout: 66 seconds)
[11:48:21] *** Joins: Rivanov (Rivanov@31-151-31-203.dynamic.upc.nl)
[11:50:09] *** Quits: Rivanov (Rivanov@31-151-31-203.dynamic.upc.nl) (Ping timeout: 66 seconds)
[11:50:38] *** Joins: Rivanov (Rivanov@31-151-31-203.dynamic.upc.nl)
[11:51:50] *** Quits: Rivanov (Rivanov@31-151-31-203.dynamic.upc.nl) (Ping timeout: 66 seconds)
[11:55:29] *** Joins: Rivanov (Rivanov@31-151-31-203.dynamic.upc.nl)
[11:56:30] *** Quits: Rivanov (Rivanov@31-151-31-203.dynamic.upc.nl) (Ping timeout: 61 seconds)
[11:57:21] *** Joins: Rivanov (Rivanov@31-151-31-203.dynamic.upc.nl)
[11:57:24] <Drawer> verstappen 4e atm, p3
[11:58:22] *** Quits: Rivanov (Rivanov@31-151-31-203.dynamic.upc.nl) (Ping timeout: 60 seconds)
[11:58:39] *** Joins: Rivanov (Rivanov@31-151-31-203.dynamic.upc.nl)
[11:59:41] *** Quits: Rivanov (Rivanov@31-151-31-203.dynamic.upc.nl) (Ping timeout: 60 seconds)
[12:02:49] <Francis> nice
[12:02:54] *** Joins: Rivanov (Rivanov@31-151-31-203.dynamic.upc.nl)
[12:03:10] <Escovan> Dit is een wazige spammail: ¬®De Greencard loterij¬® 5500 mensen zullen genieten van een VS-visum. Ga na of u in aanmerking komt om deel te nemen <mal.link> --- Echt, wat denken die spammers dat Nederlanders zijn? Onderontwikkelde proleten die nog geloven in The American dream? Idiots.
[12:03:22] <AjDuLion> oja verdomme 
[12:03:28] <AjDuLion> qualifying nu he
[12:03:33] * AjDuLion swiept tv aan
[12:03:36] <Francis> nee
[12:03:45] <Francis> practice nog?
[12:03:56] *** Quits: Rivanov (Rivanov@31-151-31-203.dynamic.upc.nl) (Ping timeout: 60 seconds)
[12:04:46] *** Joins: Robin (robin@5419F052.cm-5-2d.dynamic.ziggo.nl)
[12:04:46] *** ChanServ sets mode: +v Robin
[12:09:03] <AjDuLion> saai gelul 
[12:10:38] *** Joins: Rivanov (Rivanov@31-151-31-203.dynamic.upc.nl)
[12:13:50] *** Quits: Rivanov (Rivanov@31-151-31-203.dynamic.upc.nl) (Exit)
[12:16:49] *** Joins: kees (kees@office.tweaknet.net)
[12:27:14] *** Joins: freebee666 (spam@j217177.upc-j.chello.nl)
[12:32:34] *** Joins: Saggler (Saggler@131-052-158-163.dynamic.caiway.nl)
[12:35:14] *** Joins: b3n (Ben@D978C62A.cm-3-1d.dynamic.ziggo.nl)
[12:39:34] *** Joins: Stuiterbal (Stuit@a83-163-239-39.adsl.xs4all.nl)
[12:44:23] *** Joins: JasperWerk (Mibbit@62.12.14.27)
[12:50:57] *** Joins: Tweaker_0345 (Mibbit@53555A6A.cm-6-6b.dynamic.ziggo.nl)
[12:51:10] *** Quits: Tweaker_0345 (Mibbit@53555A6A.cm-6-6b.dynamic.ziggo.nl) (Exit)
[12:56:40] *** Joins: GodFather (p00p@a83152.upc-a.chello.nl)
[13:00:02] *** Joins: grid (grid@dhcp-089-099-194-232.chello.nl)
[13:01:08] *** Joins: Rivanov (Rivanov@31-151-31-203.dynamic.upc.nl)
[13:12:54] *** Quits: Stuiterbal (Stuit@a83-163-239-39.adsl.xs4all.nl) (Exit)
[13:13:01] *** moto-moi|afk is now known as moto-moi
[13:13:06] *** Quits: Rivanov (Rivanov@31-151-31-203.dynamic.upc.nl) (Exit)
[13:13:28] *** Joins: Rivanov (Rivanov@31-151-31-203.dynamic.upc.nl)
[13:15:00] *** Joins: Stuiterbal (Stuit@2001:980:5281:1:74d1:c835:3012:fe63)
[13:19:23] *** Quits: Rivanov (Rivanov@31-151-31-203.dynamic.upc.nl) (Exit)
[13:25:31] *** Quits: Saggler (Saggler@131-052-158-163.dynamic.caiway.nl) (Exit)
[13:31:15] *** Joins: Madpilot (Madpilot@5249FE82.cm-4-2d.dynamic.ziggo.nl)
[13:33:20] *** Prof_Away^^ is now known as Prof_NaPo^^
[13:33:25] *** Joins: Jeroen (Jeroen@54188FF8.cm-5-1c.dynamic.ziggo.nl)
[13:35:18] *** Quits: Madpilot (Madpilot@5249FE82.cm-4-2d.dynamic.ziggo.nl) (Ping timeout: 60 seconds)
[13:36:29] *** Joins: Rivanov (Rivanov@31-151-31-203.dynamic.upc.nl)
[13:36:43] *** Joins: Madpilot (Madpilot@5249FE82.cm-4-2d.dynamic.ziggo.nl)
[13:40:21] *** Quits: Rivanov (Rivanov@31-151-31-203.dynamic.upc.nl) (Exit)
[13:41:00] *** Quits: Madpilot (Madpilot@5249FE82.cm-4-2d.dynamic.ziggo.nl) (Ping timeout: 67 seconds)
[13:42:19] *** Joins: Madpilot (Madpilot@5249FE82.cm-4-2d.dynamic.ziggo.nl)
[13:43:16] *** Joins: Rivanov (Rivanov@31-151-31-203.dynamic.upc.nl)
[13:43:39] *** Quits: Madpilot (Madpilot@5249FE82.cm-4-2d.dynamic.ziggo.nl) (Exit)
[13:49:25] *** Quits: kees (kees@office.tweaknet.net) (Input/output error)
[14:42:00] <Jeroen> http://gathering.tweakers.net/forum/list_message/46816061#46816061
[14:42:03] <Jeroen> >scriptie
[14:42:05] <Jeroen> >50 respondenten
[14:42:10] <Jeroen> ja dat zal statistisch significant worden
[14:43:45] <moto-moi> Jon Oliver gezien? :+
[14:44:58] <Jeroen> i have not
[14:51:20] *** Quits: grid (grid@dhcp-089-099-194-232.chello.nl) (Ping timeout: 60 seconds)
[15:02:20] *** Quits: Etienne (EtienneM@541F7E72.cm-5-8b.dynamic.ziggo.nl) (Ping timeout: 61 seconds)
[15:06:03] *** Quits: Francis (Francis@5468C56E.cm-12-1d.dynamic.ziggo.nl) (Connection reset by peer)
[15:08:48] <Drawer> damn
[15:08:51] <Drawer> verstappen p4
[15:09:05] <Jeroen> ja not bad
[15:09:16] <Prof_NaPo^^> het gaat om de plaats aan het einde van de race
[15:09:38] <Jeroen> de levenswijsheden van Prof_NaPo^^ 
[15:09:46] <Jeroen> er is maar √©√©n plaats die telt
[15:09:52] <Jeroen> winnen is belangrijker dan meedoen
[15:10:09] <Jeroen> zo rol ik iig :+
[15:10:13] <Jeroen> dat nederlandse gedoe altijd
[15:10:18] <Jeroen> ik kom hier godverdomme voor de winst
[15:10:41] <Drawer> https://www.youtube.com/watch?v=SQY6IYVAfw8
[15:10:55] <Drawer> jatog
[15:11:02] <Jeroen> haha
[15:11:19] <Jeroen> beter arrogant dan vals bescheiden
[15:11:39] <Jeroen> de nummer twee is de eerste verliezer
[15:11:40] <Jeroen> etc
[15:11:44] *** Quits: Rivanov (Rivanov@31-151-31-203.dynamic.upc.nl) (Exit)
[15:12:03] <Jeroen> die rol ik er meestal uit als ik op een boogschietwedstrijd iemand tegenkom die voor "z'n plezier" schiet
[15:12:06] <Jeroen> naai toch op
[15:12:21] <Jeroen> ik kom hier om beter te schieten dan de rest
[15:13:46] <Drawer> zin in gp morgen!
[15:13:49] <Drawer> mooie stream gevonden
[15:13:52] <Drawer> van sky sports f1
[15:14:06] <Nakebod> Die het morgen zeker niet meer doet
[15:14:22] <Prof_NaPo^^> en alsnog ben je niet de beste Jeroen?
[15:14:38] <Jeroen> op het moment niet nee
[15:14:53] <DinX> servertje aan het configgen moto-moi 
[15:14:54] <Prof_NaPo^^> dan kan je net zo goed stoppen Jeroen 
[15:14:56] <DinX> pittig ding :p
[15:15:05] <Jeroen> nee dat is meer voor mbo'ers
[15:15:10] <Jeroen> ik zorg gewoon dat ik beter word
[15:15:36] <Prof_NaPo^^> :|
[15:15:46] <Prof_NaPo^^> wat voor shit ga je slikken?
[15:16:38] <Jeroen> laatst een pakketje in rusland besteld
[15:17:51] <Jeroen> http://gathering.tweakers.net/forum/list_messages/1689849
[15:17:52] <Jeroen> terecht
[15:19:11] *** Joins: Anthor (Anthor@cust.7.103.adsl.cistron.nl)
[15:33:02] <Prof_NaPo^^> blijven mooie topics 
[15:33:02] <Prof_NaPo^^> http://gathering.tweakers.net/forum/list_message/46838081#46838081
[15:33:45] <Prof_NaPo^^> like, hoezo zou het strafbaar zijn als iemand niet een trede omhoog gaat als iemand 3 maanden (of hoe lang is zwangerschapsverlof) eruit is
[15:36:07] <moto-moi> DinX: succes ;)
[15:37:17] <DinX> http://static.tweakers.net/ext/f/bQgw0Y8Ld5Eib3cMsFYdedP7/full.png
[15:37:18] <DinX> :P
[15:37:37] <moto-moi> centos? meh..
[15:37:51] <moto-moi> en webmin, dude..
[15:37:55] <DinX> mja, beetje aan het zoeken
[15:37:59] <DinX> wil er niet teveel tijd in steken
[15:38:05] <moto-moi> ubuntu *O*
[15:38:07] <DinX> rtorrent, rutorrent,... brrr
[15:38:12] <moto-moi> transmission
[15:38:24] <moto-moi> heeft tenminste een webinterface
[15:38:26] <DinX> ubuntu gaat dan weer naar een versie waar de helft ervan niet werkt
[15:38:27] <DinX> net te nieuw
[15:38:34] <moto-moi> oh, hier niet?
[15:38:34] <DinX> rutorrent is een web interface :p
[15:38:42] <moto-moi> oh :+
[15:39:49] <DinX> misschien moet ik gewoon ubuntu 14 lts nemen ipv 16
[15:39:50] <DinX> :p
[15:40:10] <moto-moi> 16.04 is ook een lts volgens mij?
[15:40:15] <DinX> ja
[15:40:32] <moto-moi> naja, dat werkt hier prima met sabnzbd 1.X, sonarr & transmission
[15:41:06] <moto-moi> maargoed, sowieso goed van je dat je in ieder geval het juiste os hebt gekozen :P
[15:41:34] <DinX> huh?
[15:41:39] <moto-moi> linux!
[15:41:44] <DinX> doet transmission ook rss enzo ?
[15:41:56] <DinX> en een watch dir,...
[15:41:56] <moto-moi> geloof het niet
[15:42:02] <moto-moi> watch dir wel
[15:42:15] <moto-moi> maar ik gebruik transmission alleen maar als fallback voor sonarr
[15:42:20] <moto-moi> geen news -> torrent
[15:42:36] <DinX> mja, ik haal alles via torrent binnen
[15:42:49] <DinX> die server moet gewoon zorgen dat m'n torrents automatisch in m'n plex terechtkomen
[15:43:15] <moto-moi> zoveel was me duidelijk toen je het over seedbox had :P
[15:43:31] <DinX> misschien toch eens terug 16.04 proberen en dan transmission
[15:43:34] <DinX> al de rest werkt namelijk lekker
[15:44:41] <moto-moi> naja, van mij hoef je niet transmission te gebruiken hoor :P
[15:44:50] <moto-moi> als jij tevreden bent met rutorrent, dan moet je lekker dat gebruiken
[15:45:04] <DinX> moet het wel werken :p
[15:45:13] <moto-moi> ah :P
[15:45:17] <DinX> misschien eens gewoon netjes alles via source doen zoals de guides
[15:45:24] <moto-moi> huh?
[15:45:24] <moto-moi> nee
[15:45:31] <moto-moi> dat is juist het tegenovergestelde van netjes
[15:45:40] <DinX> en twijfel nog deels of ik raid 0 of 1 ga doen
[15:45:42] <moto-moi> categorie worst-idea evah zelfs
[15:45:47] <DinX> hoe groot is de kans op disk failure tegenwoordig :p
[15:45:51] <moto-moi> mijn htpc heeft beide :+
[15:45:59] <DinX> mja, ik heb 2 x 3TB
[15:46:10] <moto-moi> os + zaken als databases op raid1, series e.d op raid0
[15:46:24] <DinX> mja, als je maar 2 schijven totaal hebt :p
[15:46:29] <DinX> het is echt een fysieke server :p
[15:46:32] <moto-moi> uhuh
[15:46:37] <moto-moi> ik heb er ook maar 2 disks inzitten
[15:46:54] <moto-moi> maar als 1 disk stukgaat, heb ik dus het gedeelte wat op raid1 staat nog over
[15:47:31] <DinX> geen idee of dat lukt met hun install script
[15:47:57] <DinX> voordeel van alles in 1 te zetten is dat ik niks kwijt raak :p
[15:47:58] <moto-moi> met wat gekloot met mdadm kun je het ook wel later zo bouwen
[15:48:02] <DinX> dat os opnieuw installeren, sja
[15:48:21] <moto-moi> ja, dat is ook de reden dat ik het gedaan heb, maar ik wilde wel veel series enzo kwijt kunnen, dus dat staat op het raid0 gedeelte :+
[15:49:27] <moto-moi> al gok ik dat je het nadat het daar is gedownload en getranscode is direct naar je eigen woning zet ofzo?
[15:49:37] <moto-moi> of speel je ook af vanaf die bak?
[15:49:39] <DinX> nee, bedoeling is om het daar te laten staan
[15:49:45] <moto-moi> ah
[15:49:45] <DinX> plex draait op de bak
[15:50:48] *** Quits: GodFather (p00p@a83152.upc-a.chello.nl) (Exit)
[15:51:05] <DinX> ook al meng ik de raids, dan ben ik nog altijd al m'n data kwijt :p
[15:51:13] <moto-moi> jup
[15:51:20] *** Quits: pasta (pasta@541E0197.cm-5-7a.dynamic.ziggo.nl) (Ping timeout: 60 seconds)
[15:51:21] <DinX> moeilijke keuze :p
[15:51:22] <moto-moi> maar GoT kun je altijd weer opnieuw downloaden
[15:51:29] <moto-moi> tenminste, dat was mijn overweging toen :+
[15:51:49] <Prof_NaPo^^> waarom zou je het forum in zijn geheel downloaden
[15:52:00] <DinX> mjmja, al die dingen zijn opnieuw te downloaden
[15:52:05] <moto-moi> om chem uit te kunnen lachen om de code? :+
[15:52:15] <DinX> als ik het nu ook als owncloud server ofzo ga gebruiken is het wat anders
[15:52:25] <moto-moi> jup
[15:52:26] <DinX> alhoewel, daar heb ik ook nog de boel hier lokaal
[15:52:35] <DinX> uiteindelijk is het backup + dump van films/series
[15:52:48] <moto-moi> sowieso moet je een deel alsnog los backuppen, want raid != backup ;)
[15:53:02] <DinX> ja, die server dient dan als backup-server voor mijn pc hier ook
[15:53:20] <DinX> en eventueel als web server voor de club
[15:53:26] <DinX> daar moet ik dan wel weer backup van hebben :p
[15:54:13] <moto-moi> uhuh
[15:55:11] <DinX> kan al die torrents natuurlijk ook naar glacier dumpen :p
[15:55:13] <DinX> dat kost geen hol :p
[15:55:44] <moto-moi> het backup restoren daarvan schijnt wel wat lullig duur te zijn begreep ik laatst van iemand
[15:59:35] <DinX> of de owncloud (net wat belangrijkere data) alleen naar glacier
[15:59:39] <DinX> goh, is per request h√®
[16:00:07] <moto-moi> mjah, en ook hoeveel je wilt restoren was afaik een factor in de prijs
[16:00:18] <DinX> Data Transfer OUT From Amazon Glacier To Internet
[16:00:18] <DinX> First 1 GB / month	$0.000 per GB
[16:00:19] <DinX> Up to 10 TB / month	$0.090 per GB
[16:00:36] <DinX> UPLOAD and RETRIEVAL Requests	$0.055 per 1,000 requests
[16:01:10] <DinX> 5 TB is dan wel prijzig restoren ja :p
[16:01:22] <moto-moi> uhuh
[16:01:42] <DinX> maaaaar, die betaal je alleen als ooit een schijf crasht :p
[16:01:49] <moto-moi> en de vraag is dan ook hoe je het hebt geupload gok ik, alles in 1 request of per stuk
[16:01:52] <moto-moi> true
[16:01:55] <DinX> en dan kan je nog beslissen of het he twaard is
[16:02:14] <moto-moi> naja als je nu al weet dat het je nooit dat geld waard is, kun je net zo goed niets uploaden :+
[16:02:41] <DinX> hier thuis heb ik ook maar 1 schijf van 2TB
[16:02:45] <DinX> :p
[16:02:51] <DinX> daar staat nu heel de plex meuk op
[16:04:04] <moto-moi> in mijn htpc zitten dus 2 schijven van 2 TB, waarvan ik 100G heb voor raid1, en dus 3.8T voor random zut
[16:04:34] <moto-moi> ik ben niet zo'n bewaarslet als NMe 
[16:04:44] <DinX> mja, uiteindelijk ga ik ook niet huilen als ik de meuk kwijt ben
[16:05:01] <DinX> dingen die ik echt wil bijhouden kan ik nog altijd hier lokaal opslaan
[16:05:07] <moto-moi> trillend lipje, niet meer dan dat, zoals een echte vent? :P
[16:05:07] <DinX> grappig,n thuispc als backup voor je server
[16:05:08] <DinX> :p
[16:05:11] <DinX> ja :D
[16:05:17] <DinX> en daarna terug de meuk downloaden
[16:05:21] <moto-moi> :P
[16:05:23] <DinX> alleen denkend "mijn ratio !!!"
[16:05:24] <DinX> :D
[16:05:37] <moto-moi> ghehe
[16:05:41] <DinX> "die oude meuk moet ik nooit meer seeden"
[16:05:41] <DinX> :p
[16:07:37] <DinX> ding had 3 schijven moeten hebben, maarja :p
[16:08:19] *** Prof_NaPo^^ is now known as Prof_Away^^
[16:09:37] <DinX> films (dat kijk ik al vaker eens terug) kan ik nog altijd getranscode downloaden :)
[16:14:54] <moto-moi> meeste kun je over het algemeen wel weer vinden ja
[16:15:24] <DinX> jouw manier is ook niet slecht, ben aan het denken hoe ik het nadien kan doen
[16:15:34] <DinX> begin je dan met een software raid 0 of 1 best ?
[16:15:39] <DinX> om het nadien in stukken te kappen ?
[16:16:05] <moto-moi> mjah, je hebt natuurlijk niet de standaard installer..
[16:16:29] <DinX> hmm, misschien wel als ik niet 1 van hun scripts gebruik
[16:16:33] <moto-moi> ik zou voor raid1 kiezen denk ik, die dan kleiner maken, rebooten om te zien of het nog werkt, en dan de raid 0 aanleggen
[16:16:42] <moto-moi> ik kon het bij ubuntu afaik gewoon in de installer doen
[16:16:51] <moto-moi> wel de server installer, niet de desktop installer
[16:20:43] <DinX> If you want to leave a drive in its current state and not make any changes to it you can leave it out (remove it) by placing a "#" before it. Please note that doing so means that the number after the next DRIVE variable must be properly adjusted.
[16:20:45] <DinX> aha
[16:20:56] <DinX> in die rescue omgeving kan ik schijven mounten en vanalles
[16:21:27] <moto-moi> fancy smancy shit
[16:21:41] <DinX> https://wiki.hetzner.de/index.php/Installimage/en
[16:21:42] <DinX> ;)
[16:21:56] <DinX> best wel goed opgezet daar
[16:22:05] <DinX> gewoon via dhcp/pxe
[16:23:39] *** Joins: Etienne (EtienneM@5072C3BD.cm-16.dynamic.ziggo.nl)
[16:27:16] *** Quits: Etienne (EtienneM@5072C3BD.cm-16.dynamic.ziggo.nl) (Ping timeout: 60 seconds)
[16:34:45] <DinX> moto-moi, http://static.tweakers.net/ext/f/RVqgfkuwap2iKUhnBugkILgP/full.png
[16:34:46] <DinX> \o/
[16:34:47] <DinX> thx :p
[16:35:21] <moto-moi> np :*
[16:35:31] *** Joins: Etienne (EtienneM@5072C3BD.cm-16.dynamic.ziggo.nl)
[16:41:59] *** Joins: Smileface (alexander@25bc408b.ftth.concepts.nl)
[16:43:57] *** Quits: Etienne (EtienneM@5072C3BD.cm-16.dynamic.ziggo.nl) (Ping timeout: 67 seconds)
[16:52:18] *** Joins: Etienne (EtienneM@541F7E72.cm-5-8b.dynamic.ziggo.nl)
[16:52:43] *** Joins: aswen (aswen@lochem.swen.nu)
[16:53:47] *** Quits: aswen (aswen@lochem.swen.nu) (Ping timeout: 61 seconds)
[16:55:48] <DinX> hmm, beetje snel geweest, duurt precies even eer die 1 online is
[17:00:19] <DinX> crashplan kan ook nog moto-moi :)
[17:00:52] <moto-moi> ik draai zelf overal linux, en afaik hadden die geen toffe cmdline client
[17:01:17] <DinX> mja, moet gewoon draaien, meer niet h√® :p
[17:02:05] <moto-moi> oh, er is wel een cmdline client, nice
[17:02:25] <DinX> dan kan dat nog een leuke combi zijn met een nas :p
[17:02:34] <DinX> 50 dollar per jaar, onbeperkt
[17:02:42] <DinX> ervaring @ work is wel dat het be-la-che-lijk traag is
[17:02:54] <moto-moi> niet leuk om je series naartoe te sturen dan :P
[17:03:13] <DinX> mja, we wilden ineens een paar TB doorsturen
[17:03:18] <DinX> dat ik aan een paar Mbps ofzo
[17:03:26] <DinX> voor nieuwe data valt dat nog mee dan
[17:03:38] <moto-moi> uhuh
[17:06:06] <Jeroen> http://gathering.tweakers.net/forum/list_message/46793309#46793309
[17:06:08] <Jeroen> 1250
[17:06:09] <Jeroen> jezus
[17:15:09] <DinX> kutzooi, hezt script vertikt het moto-moi :p
[17:15:31] <moto-moi> geld terug!
[17:15:41] <DinX> :D
[17:18:35] <tozzert> gvd
[17:18:40] <tozzert> nu pas weer thuis
[17:19:13] *** Quits: Resistor (Resistor@ip5456d91b.speed.planet.nl) (Client exited)
[17:20:48] <moto-moi> tozzert: auto ging niet harder?
[17:21:09] <Drawer> hahahaha
[17:25:40] *** Joins: Resistor (Resistor@ip5456d91b.speed.planet.nl)
[17:26:48] <Jeroen> hehe
[17:27:09] <Jeroen> wat was er met de somaliers, tozzert 
[17:27:21] <tozzert> het was er maar 1
[17:27:32] <tozzert> en het was nog maar een jong gastje
[17:27:35] <tozzert> maja
[17:27:38] <tozzert> generaliseren h√®
[17:27:39] *** Quits: JasperWerk (Mibbit@62.12.14.27) (Exit)
[17:27:39] <tozzert> je kent me
[17:27:52] <tozzert> draait een rookmelder van het plafond
[17:27:53] <tozzert> de lul
[17:27:58] <Jeroen> haha
[17:28:06] <tozzert> stond tozzert om 3:00u daar
[17:28:32] <moto-moi> gezellig toch? :P
[17:28:42] <tozzert> ik sliep net 1,5 uur
[17:28:47] <tozzert> dan ben ik niet gezellig nee
[17:28:53] <moto-moi> :P
[17:29:00] <tozzert> en om 10u vanochtend was het weer prijs
[17:29:00] <moto-moi> weer een neger minder dus? :+
[17:29:13] <tozzert> 10:30 de deur uit ofzo
[17:29:18] <tozzert> en net pas weer thuis
[17:29:35] <moto-moi> nou, neem lekker een biertje joh
[17:30:05] <Jeroen> als je maar weet dat wij met je meeleven, tozzert 
[17:30:22] <Jeroen> of in ieder geval, jouw pech zorgt ook bij ons voor emoties
[17:30:25] <tozzert> dat is dan ook het enige lichtpuntje in deze weken
[17:30:25] * Jeroen fluit
[17:30:32] <moto-moi> :P
[17:34:12] <Jeroen> wanneer ga je op zoek naar een andere baan, tozzert 
[17:34:31] <moto-moi> pff, waarom zou hij? Hij heeft net een mooie nieuwe kar gekregen
[17:34:55] <Jeroen> mehe
[17:38:40] <Drawer> blergh
[17:38:42] <Drawer> ben zo verrot
[17:38:53] <Drawer> en dan verwachten ze dat ik vanavond ook weer op kom draven
[17:38:56] <Drawer> om bier te zuipuh]
[17:39:06] <Jeroen> miet
[17:39:14] <Jeroen> (zei hij, hij die vanavond overslaat)
[17:39:15] <Jeroen> :+
[17:39:32] <Jeroen> moet je niet naar de top 100 in made, Drawer 
[17:39:36] <Drawer> pff
[17:39:57] <Drawer> wil nergens heen eigenlijk :D
[17:39:58] <Drawer> mn bed in
[17:40:03] <Drawer> mja
[17:40:09] <Steffanx> wie houdt je tegen?
[17:40:15] <Steffanx> of wat.
[17:40:15] <Jeroen> z'n vriendin
[17:40:17] <Jeroen> hij moet op de bank
[17:40:19] <Steffanx> awh.
[17:40:34] <Steffanx> arme jongen.
[17:40:45] <Drawer> neehoor
[17:40:50] <Drawer> moet zuipen met maten zeg ik net toch al
[17:41:00] <Steffanx> moet.
[17:46:18] <tozzert> http://www.hertogjanproeverij.nl/jubileumfeest/arcens-bierfestival
[17:52:14] <DinX> denk dat ik het heb moto-moi :p
[17:52:52] <moto-moi> :)
[17:53:24] <DinX> hem gewoon soft raid 1 laten aanmaken, maar dan gewoon zonder lvm partities laten maken
[17:53:36] <DinX> en allemaal fixed size zodat ik nog een hoop over hield
[17:54:01] <DinX> hij doet dat blijkbaar per partitie die soft-raid
[17:54:10] <moto-moi> oh je had lvm, daar is het helemaal simpel bij :P
[17:54:20] <DinX> nee, nu niet
[17:56:59] <tozzert> nondeju die max!
[17:57:00] <tozzert> P4
[17:57:09] <tozzert> dat red ik niet in mijn nieuwe kar
[17:57:12] <tozzert> hij wel
[17:57:13] <tozzert> :(
[17:57:46] <gakkethijs> tozzert,  gewoon afsnijden
[17:57:50] <gakkethijs> dat lukt jouw kar wel
[18:06:44] *** Joins: Qalo (Qalo@dhcp-077-248-092-245.chello.nl)
[18:11:28] *** Quits: gakkethijs (gakkethijs@84-245-42-16.dsl.cambrium.nl) (Connection reset by peer)
[18:18:45] *** Joins: SCHAPiE (dorian@dhcp-077-249-247-124.chello.nl)
[18:30:39] *** Quits: D3RPL3N3 (misfit@russian-business.network) (Ping timeout: 60 seconds)
[18:33:42] *** Quits: Resistor (Resistor@ip5456d91b.speed.planet.nl) (Exit)
[18:38:09] *** Joins: Madpilot (Madpilot@5249FE82.cm-4-2d.dynamic.ziggo.nl)
[18:42:43] *** Quits: Matthew (Matthew@178-117-75-230.access.telenet.be) (Connection reset by peer)
[18:43:50] *** Joins: D3RPL3N3 (misfit@2a02:2770:12:0:21a:4aff:fe07:7b2c)
[18:47:05] *** Joins: Tweaker_5212 (Mibbit@52D9BA3D.cm-11-1c.dynamic.ziggo.nl)
[18:47:13] *** Quits: Tweaker_5212 (Mibbit@52D9BA3D.cm-11-1c.dynamic.ziggo.nl) (Exit)
[18:53:27] *** Joins: ReScO (resco@2a00:f10:121:400:45b:d0ff:fe00:359)
[18:53:31] <ReScO> Heya
[18:54:39] *** Quits: Qalo (Qalo@dhcp-077-248-092-245.chello.nl) (Exit)
[18:54:58] <Smileface> avond
[18:55:58] <ReScO> Iedereen last van missende IPv6 bij ziggo?
[18:56:55] <Smileface> heb geen ziggo, dus ik kan er niet over mee praten
[18:59:10] <Steffanx> je ipv6 lijkt prima te werken ReScO "ReScO (resco@2a00:f10:121:400:45b:d0ff:fe00:359) is #tweakers.net binnengekomen" :P
[18:59:25] <Steffanx> Wel ziggo hier, maar helemaal geen ivp6
[18:59:31] <ReScO> Achja, had m'n internetsnelheid verhoogd, superveel heisa natuurlijk (red: medewerker van ziggo delete m'n order, moest er tot 2x aan toe opnieuw ingezet worden) en vandaag dan eindelijk m'n verplichte (technicolor?!) modem binnen gehad, voordat ik 'm kreeg, ja we ondersteunen ipv6, kom ik er vandaag achter dat ze geen ipv6 ondersteunen volgens Meneer Klantenservice
[18:59:44] <ReScO> Steffanx, bouncer via VPS die wel ipv6 support ;)
[18:59:49] <Steffanx> hah ok.
[19:00:06] <ReScO> heb ook een mooi Global address! maar geen verbinding :')
[19:00:54] <ReScO> ping6 google.nl === "connect: Network is unreachable"
[19:01:28] <ReScO> Maar ze hebben dus schijnbaar hun ipv6 uitrol teruggedraaid ivm DS-Lite
[19:03:07] <ReScO> http://netnix.org/wp-content/uploads/2013/09/800px-DSLite.svg_.png <- dit gedoe waardoor je alle klanten in een klap kan verbannen van je site/gameserver/etc voor zo ver ik 't begrijp
[19:05:28] <moto-moi> dat is gewoon nat maar dan op een ander niveau
[19:06:14] <ReScO> ipv6 en nat?
[19:06:20] <moto-moi> nee
[19:06:33] <moto-moi> je geeft je klanten nat waardoor ze allemaal hetzelfde ipv4 delen
[19:06:39] <moto-moi> maar lijkt me sterk dat ziggo dat heeft gedaan
[19:07:28] <ReScO> moto-moi, werd ongeveer half uurtje geleden mij verteld dat ze dat wel doen :')
[19:07:36] <ReScO> Maar nu dus niet meer
[19:07:40] <ReScO> ofzo
[19:07:42] <moto-moi> mjah, door wie?
[19:08:17] <moto-moi> de pleuris gaat redelijk uitbreken als ze dat gaan proberen verwacht ik
[19:08:41] <ReScO> Niet klantenservice medewerker maar de ziggo dudes die rondlopen daar om de vragen te beantwoorden die ze zelf niet kunnen beantwoorden die het weer van de technische afdeling te horen heeft gekregen :P
[19:09:10] <moto-moi> mjah, tenzij jij een 10.X, of 192.X etc adres hebt gekregen thuis, lijkt het mij sterk ;)
[19:09:57] <ReScO> gewoon ipv4'tje op de WAN poort gekregen, maar wel global linkje op m'n nics
[19:10:57] <moto-moi> nou, dan lijkt het me sterk dat ze dat ds-lite gedoe doen atm
[19:11:31] <ReScO> http://pastie.org/private/ie4nkoaktctvxj4uykfrvw
[19:11:35] <moto-moi> maar ze zouden dat natuurlijk wel voor een deel van de gebruikers (die nooit iets als games spelen ofzo) uit kunnen rollen
[19:11:48] <moto-moi> mjah
[19:11:55] <moto-moi> dat is de nat die je modem zelf doet
[19:12:00] <ReScO> http://tweakers.net/nieuws/105726/nieuwe-klanten-ziggo-krijgen-in-de-toekomst-standaard-ipv6.html
[19:12:02] <ReScO> ds-lite
[19:14:48] <moto-moi> hm
[19:15:00] <moto-moi> klinkt als een zeer beroerd idee
[19:15:04] <moto-moi> gelukkig heb ik geen ziggo meer :+
[19:16:21] <Steffanx> ajax-fan zeker? :P
[19:16:26] <moto-moi> neuh
[19:16:33] <moto-moi> maar ik kon op mijn nieuwe adres glasvezel krijgen
[19:16:44] <moto-moi> wel het eerste half jaar gezeik mee gehad, maar nu doet het het leuk :P
[19:17:41] <ReScO> wou dat ik fiber had
[19:17:56] <ReScO> kan ik eindelijk van die #@!!!@#$@!# ziggo af
[19:17:57] <moto-moi> gewoon verhuizen naar een betere locatie, that's what I did
[19:18:09] <moto-moi> ok, ik wist niet dat er glasvezel lag vooraf, but still :P
[19:18:25] <tozzert> jij weet wel meer niet moto-moi
[19:18:29] <ReScO> Lol, uiteindelijk is het wel mijn doel om te verhuizen uit dit middle-of-nowhere stadje
[19:18:30] <moto-moi> true
[19:18:38] <moto-moi> tozzert: ik weet ook nog steeds niet hoe jij eruit ziet :(
[19:18:47] <tozzert> niet
[19:18:55] <moto-moi> en sinds Elvanera weg is, hebben we ook weinig kans om erachter te komen vrees ik :/
[19:19:11] <tozzert> o
[19:19:21] <tozzert> dat was eigenlijk de enige reden waarom ik hier zat
[19:19:26] <tozzert> is ze echt weg?
[19:19:29] <moto-moi> dunno
[19:19:37] <moto-moi> maar al een tijdje niet meer gezien volgens mij?
[19:19:49] <tozzert> !seen Elvanera
[19:20:12] <moto-moi> und?
[19:20:22] <tozzert> verklap ik niet
[19:20:25] <moto-moi> tss
[19:20:28] <moto-moi> !seen elvanera
[19:20:37] <moto-moi> nada de info :'(
[19:20:41] <tozzert> ;p
[19:22:31] <moto-moi> mijn logfiles zijn echt te groot om in te zoeken :X
[19:22:49] <tozzert> wilde'twete?
[19:23:24] <moto-moi> hm, blijkbaar sinds 31 december 2015
[19:23:32] <moto-moi> slecht voornemen zeg :|
[19:23:53] <tozzert> [31-12 01:12:49] * Elvanera` (Elvanera@ip82-139-86-1.lijbrandt.net) Quit (Exit)
[19:24:15] <moto-moi> ja, die had ik dus ook gevonden, aap :P
[19:24:27] <tozzert> homo
[19:24:56] * moto-moi duwt pasta op tozzert 
[19:25:01] <moto-moi> see how you like that
[19:31:04] *** Joins: JamesB009 (got@185.65.53.175)
[19:33:02] *** Joins: rhod (rhod@86.85.193.196)
[19:33:50] *** Joins: grid (grid@dhcp-089-099-194-232.chello.nl)
[19:46:20] <Jeroen> haha wat lame
[19:46:28] <Jeroen> "ik ga niet meer op irc komen in 2016"
[19:46:38] <Jeroen> inb4 "zei jij dat maar"
[19:48:44] <moto-moi> dat zouden er meer moeten doen..
[19:49:21] <moto-moi> en dat is zowaar geen sneer naar tozzert! :P
[20:01:10] <Jeroen> haha
[20:06:41] *** Joins: GodFather (p00p@a83152.upc-a.chello.nl)
[20:07:20] *** Joins: gakkethijs (gakkethijs@ip-217-103-85-240.ip.prioritytelecom.net)
[20:25:21] *** Joins: Matthew (Matthew@178-117-75-230.access.telenet.be)
[20:27:02] *** Joins: Rivanov (uid163592@2604:8300:100:200b:6667:4:2:7f08)
[20:47:14] <Drawer> hier een filmpje van een revvende Tesla Model S P85D Jeroen 
[20:47:15] <Drawer> https://www.youtube.com/watch?v=dQw4w9WgXcQ
[20:48:47] <tozzert> een revvende elektromotor
[20:48:48] <tozzert> jaja
[20:48:53] <tozzert> make that the cat wise
[20:49:05] <tozzert> het zal wel rogier zijn ofzo
[20:53:06] *** Quits: Matthew (Matthew@178-117-75-230.access.telenet.be) (Exit)
[20:54:44] *** Joins: Matthew (Matthew@37.252.230.59)
[20:58:38] *** Joins: Resistor (Resistor@ip5456d91b.speed.planet.nl)
[20:59:12] <Jeroen> niet eens rogier
[20:59:14] <Jeroen> nog veel lamer
[21:11:17] <Drawer> https://www.youtube.com/watch?v=j3CaHeakZF4
[21:11:20] <Drawer> goei nummer
[21:15:02] <mimic> ghehe Drawer 
[21:15:06] <Drawer> gooi nog eens van die bangers op me Jeroen 
[21:15:12] <mimic> deze is ook lekker btw, Drawer https://www.youtube.com/watch?v=dQw4w9WgXcQ
[21:15:19] <Drawer> ja leuk
[21:15:22] <Drawer> zonder te klikken zie ik t al
[21:15:25] <mimic> :+
[21:15:31] <Drawer> zelfde v_id als de mijne
[21:15:32] <Drawer> :>
[21:15:41] <Steffanx> iig beter dan Chris Brown :P
[21:16:23] <Drawer> https://www.youtube.com/watch?v=YAOIbHBEvi0
[21:16:26] <Drawer> jeroen's favo
[21:16:35] <Drawer> goeie wel hoor
[21:20:12] <Steffanx> iig iets minder dertien in een dozijn muziek dan chris brown :P
[21:20:23] <Drawer> zo
[21:20:27] <Drawer> 20 mins liveset feestdj ruud
[21:20:27] <Steffanx> al ligt het er niet ver vanaf
[21:20:30] <Drawer> ik was beetje moe
[21:20:31] <Drawer> nu niet meer
[21:20:31] <Drawer> :D
[21:23:23] <Drawer> ha
[21:23:26] <Drawer> nederland is nu
[21:23:27] <Drawer> @ esf
[21:24:06] *** Joins: kees (kees@office.tweaknet.net)
[21:30:03] <Steffanx> noooo
[21:30:28] <Steffanx> arme Drawer dat je dat volgt/moet volgen
[21:30:38] <Drawer> zag t op de twitterz
[21:30:48] <Drawer> ik ga over een minuutje of 10 gewoon de stad in heur
[21:30:49] <Drawer> biertje happen
[21:30:54] <Steffanx> "de stad"
[21:30:59] <Steffanx> Dat moet groningen zijn :P
[21:31:01] <Drawer> nee
[21:31:08] <Drawer> bijna het tegenovergestelde
[21:31:09] <Drawer> :D
[21:33:34] *** Quits: grid (grid@dhcp-089-099-194-232.chello.nl) (Ping timeout: 64 seconds)
[21:34:36] <Drawer> https://www.youtube.com/watch?v=3W0GaYnJ6rM
[21:34:42] <Drawer> beste opening ever imo
[21:34:42] <Drawer> :+
[21:38:59] <Jeroen> tu meri ftw
[21:39:22] <Drawer> serieus
[21:39:29] <Drawer> ik wil naar sensation waailand dit jaar
[21:39:30] <Drawer> :D
[21:39:33] <Jeroen> haha
[21:39:37] <Jeroen> wanneer is het?
[21:39:40] <Drawer> november ergens
[21:39:40] *** Joins: grid (grid@dhcp-089-099-194-232.chello.nl)
[21:39:44] <Drawer> lekker op t fietske
[21:39:45] <Jeroen> dan pas
[21:39:45] <Drawer> naar de maai
[21:39:46] <Jeroen> mozes
[21:39:50] <Jeroen> fucking koud
[21:39:52] <Jeroen> fucking ver
[21:39:54] <Jeroen> kutwind
[21:39:59] <Drawer> huilbaby
[21:40:03] <Jeroen> neegij
[21:40:04] <Drawer> ja ik ga Ècht niet bobben
[21:40:04] <Drawer> haha
[21:40:18] <Drawer> mja zuipuh
[21:40:18] <Drawer> later
[21:40:27] <Hooglander1> Mogguh
[21:42:28] <Jeroen> hedde hem ok wir
[21:42:30] <Jeroen> nog niet de joekee
[21:47:15] <rawplayer> hallo
[21:47:42] * rawplayer maakt vlechtjes in tozzerts baard
[22:00:00] <Nakebod> Das best eng 
[22:00:20] <tozzert> nah
[22:00:26] <tozzert> ik ben te mannelijk
[22:00:33] <tozzert> beetje een vrouwelijke touch kan geen kwaad
[22:00:52] <tozzert> en wat is meer vrouwelijk dan vlechtjes in je baard?
[22:01:11] <Jeroen> een barbie als dildo gebruiken
[22:01:31] <Nakebod> Zomg 
[22:01:34] <tozzert> dat doen die meisjes ook h√®
[22:01:42] <tozzert> geile doerakken
[22:01:52] <Nakebod> En wat drinken we meneer tozzert 
[22:02:42] <tozzert> gemeentepils
[22:02:57] <Nakebod> Eng 
[22:03:02] <Nakebod> :+
[22:03:52] <tozzert> en jij?
[22:04:02] <tozzert> boy wonder
[22:04:09] <Nakebod> Gulden Draakje, quadruple 
[22:04:41] <Nakebod> En daarna heb ik misschien nog een leuke uit Oostenrijk 
[22:04:54] <tozzert> toch niet de gregorius h√®?
[22:04:58] <Nakebod> Gregorius trappist 
[22:04:59] <tozzert> die vond ik wat minder
[22:05:08] <Nakebod> Ik wel 
[22:05:35] <tozzert> Stift Engelszell
[22:05:43] <tozzert> is d'n brouwert
[22:06:08] <Nakebod> Correct 
[22:06:20] <tozzert> ik had laatst de Benno van ze
[22:06:33] <tozzert> geen idee meer wat ik daarvan vond
[22:06:34] <tozzert> :+
[22:06:47] <tozzert> de gregorius ook niet vaak op
[22:06:51] <tozzert> misschien nog eens een keer scoren
[22:06:54] <Nakebod> Benno L? 
[22:08:26] <tozzert> psies
[22:10:23] *** Joins: Tomsworld (tom@91.179.64.24)
[22:10:23] *** ChanServ sets mode: +o Tomsworld
[22:10:26] <tozzert> over geile doerakken gesproken
[22:10:37] <tozzert> en nee Tomsworld
[22:10:42] <tozzert> dat was puur toeval
[22:10:43] <tozzert> ;p
[22:10:53] <moto-moi> are you sure?
[22:10:55] <Tomsworld> hoi :+
[22:10:56] <Nakebod> Zo wat is die gregorius donker zeg 
[22:10:57] <moto-moi> homo..
[22:11:02] * moto-moi aait Tomsworld 
[22:11:11] <tozzert> joh Nakebod
[22:11:16] * Tomsworld rent naar moto-moi hoooooooiiiiiii !!!!!
[22:11:21] <moto-moi> hooi!
[22:11:44] <Tomsworld> het is heel heel heel fout
[22:11:48] * moto-moi zet tozzert en Tomsworld voor de tv om naar #eurovision te loeren
[22:11:56] <Nakebod> Die quadruple van net was heul licht 
[22:12:04] <Tomsworld> maar soms is #esf16 kijken toch wel echt leuk fout :
[22:12:05] <Tomsworld> :P
[22:12:09] <tozzert> *quadrupel
[22:12:24] <Tomsworld> wat vonden jullie van het 1e liedjes O+
[22:12:27] <Tomsworld> -s
[22:13:48] <moto-moi> not a clue, ik zit normale tv te kijken :P
[22:19:10] *** Joins: Hoogvlieger (Hoogvliege@ip41-37-211-87.adsl2.static.versatel.nl)
[22:19:49] *** Quits: grid (grid@dhcp-089-099-194-232.chello.nl) (Ping timeout: 61 seconds)
[22:25:27] <Nakebod> Hey je verloren neef Hooglander1 
[22:26:40] <DinX> moto-moi, it works \o/
[22:26:52] <moto-moi> mooizo :D
[22:27:20] <Jeroen> dat russisch nummer is echt klote
[22:27:21] <Jeroen> tering
[22:27:53] <Jeroen> maar tozzert 
[22:27:55] <Jeroen> zo eens naar bed?
[22:28:04] <tozzert> gij wel ja
[22:29:07] <Nakebod> Rusland was niet zo slecht toch? Als in.. Meer Songfestival kan je niet krijgen in een nummer 
[22:29:21] <Jeroen> mja true
[22:29:23] <Jeroen> maar zo saai
[22:29:43] <kees> is er een songfestival?
[22:29:52] <kees> geen wonder dat ik mijn twitter uitgezet heb
[22:31:38] <Tomsworld> wat een marketing machine zelfs onze PM en Paleis tweeten nav eurosong :D
[22:33:24] *** Quits: Smileface (alexander@25bc408b.ftth.concepts.nl) (Exit)
[22:34:39] *** Quits: JamesB009 (got@185.65.53.175) (Exit)
[22:35:48] * DinX aait Tomsworld 
[22:36:00] <Tomsworld> hoi DinX 
[22:45:36] *** Joins: Xyphoid (Xyphoid@i210097.upc-i.chello.nl)
[22:47:13] <kees> zijn ze al punten aan het uitdelen?
[22:47:27] <tozzert> we hebben al gewonnen toch?
[22:47:54] <Tomsworld> nee kees 
[22:47:59] <Tomsworld> en het is een ander concept
[22:48:11] <Tomsworld> eerst pro jury
[22:48:33] <Tomsworld> daarna televoting die belangrijker is en omgekeerd minste -> meest
[22:48:45] <Tomsworld> in de hoop dat we niet half de voting de winnaar al kennen
[22:49:24] <kees> owh, die spanning vond ik meestal wel leuk
[22:49:39] <kees> dus nu zeggen ze gewoon laatst is deze, nr1 i die?
[22:52:53] <Tomsworld> mja tekst is bizar
[22:53:20] <Tomsworld> Fase 1
[22:53:21] <Tomsworld> De vertegenwoordigers van de 42 deelnemende landen maken de resultaten van de professionele jury uit hun land bekend. Voor ons zal Umesh Vangaver die taak op zich nemen. De Belgische professionele jury bestaat uit Aur√©lie Van Rompay, Axel Hirsoux, Tom Helsen, Jo Lemaire en Leen Demar√©. Alle vakjury's hebben trouwens gisteravond al hun punten gegeven op basis van de prestaties van de artiesten tijdens de juryshow.
[22:53:32] <Tomsworld> Fase 2
[22:53:33] <Tomsworld> De presentatoren maken daarna de stemmen van het televotende Europese publiek bekend. Ze starten met het land dat de minste stemmen kreeg en eindigen met het land met de meeste stemmen. Dat nieuwe systeem zou garant moeten staan voor een climax.
[22:53:40] <Tomsworld> en
[22:53:41] <Tomsworld> Volgens Jon Ola Sand van de EBU garandeert het nieuwe format ook "dat het lied dat het populairst is bij het publiek hoe dan ook 12 punten krijgt, hoe de professionele jury's ook stemmen".
[22:53:47] <Nakebod> TL:DR
[22:58:59] <Xyphoid> Wint niet gewoon het land dat het meeste heeft betaald?
[23:01:48] *** Quits: Xyphoid (Xyphoid@i210097.upc-i.chello.nl) (Client exited)
[23:03:09] *** Joins: Xyphoid (Xyphoid@i210097.upc-i.chello.nl)
[23:03:21] *** Quits: Robin (robin@5419F052.cm-5-2d.dynamic.ziggo.nl) (Ping timeout: 63 seconds)
[23:03:26] <kees> nee
[23:07:52] <Jeroen> calcutta
[23:07:55] <Jeroen> i am a taxi driver
[23:07:55] <Jeroen> in 
[23:07:59] <Jeroen> calcuuuuttaaaa
[23:08:02] <Jeroen> taxi taxi taxi
[23:08:04] <Jeroen> in calcutta
[23:08:59] <kees> ok
[23:09:07] <kees> gekke marrokaan
[23:09:38] <Jeroen> dr bombay jonge
[23:09:43] <kees> owh nee dat is casablanca
[23:10:19] <Jeroen> haha
[23:11:03] * Jeroen np Cartoons - Witch Doctor
[23:15:37] <moto-moi> hoeveelste moet nederland worden zodat we volgend jaar niet weer een paar weken dit soort loos gezeik hebben?
[23:15:40] <moto-moi> 11e, toch?
[23:15:53] <Tomsworld> moto-moi spijtig genoeg maakt dat niet meer uit
[23:15:59] <Tomsworld> er zijn halve finales :(
[23:16:00] <moto-moi> niet? Dammit
[23:16:18] <Tomsworld> er is geen "uitsluiting" 
[23:16:26] <moto-moi> paar jaar geleden nog wel :/
[23:16:31] <moto-moi> #terugnaarhetoudesysteem
[23:16:39] <Jeroen> vroeger was alles beter
[23:16:43] <Tomsworld> je hebt de big 5 + winnaar oude systeem = 6 direct geplaatst
[23:16:59] <Tomsworld> en dan 2 halve finales waaruit telkens de top 10 door gaat
[23:17:02] <moto-moi> Jeroen: behalve tozzert z'n auto dan :+
[23:17:04] <Jeroen> haha
[23:17:13] <Jeroen> agreed
[23:17:17] <moto-moi> :P
[23:17:26] <tozzert> nee moto-moi
[23:17:30] <tozzert> die was vroeger beter?
[23:17:30] <Tomsworld> moto-moi ik vond de Belgische inzending aardig dit jaar
[23:17:46] <Tomsworld> die van jullie was "speciaal" te noemen
[23:17:50] <moto-moi> Tomsworld: ik heb er niets van gehoord, en dat wil ik graag zo houden :P
[23:17:56] <Tomsworld> maar soit :P
[23:18:08] <moto-moi> zal best, laatste keer dat we iets fatsoenlijks hebben gestuurd is eh. nooit
[23:18:43] <Jeroen> lenny kuhr!
[23:18:46] <Jeroen> teach-in!
[23:18:51] <moto-moi> :X
[23:18:55] <Jeroen> https://www.youtube.com/watch?v=sI78Bqp6z6g
[23:19:00] <Jeroen> epische hook
[23:19:09] <Tomsworld> jullie hebben al 4 keer gewonnen
[23:19:17] <Tomsworld> wij euhm euhm 1 keer :X
[23:19:21] <Jeroen> wij zijn dan ook beter dan belgi√´, Tomsworld 
[23:19:23] <Jeroen> in alles
[23:19:26] <moto-moi> laten ze nou gewoon eens een goed stuk cabaret sturen, nederlandtalig waarin het esf voor gek wordt gezet ofzo :P
[23:19:37] <Jeroen> dj paul elstak
[23:19:39] <Jeroen> of de mosselman
[23:19:43] <Jeroen> dan heb je nog eens serieus kans ook
[23:19:47] <Jeroen> kijk naar wat er met lordi gebeurde
[23:19:48] <Tomsworld> Jeroen mag gerust ;)
[23:19:48] <moto-moi> :P
[23:19:57] <Tomsworld> Jeroen spreken we elkaar nog es in juli ?
[23:19:59] <moto-moi> ik dacht meer iets als doodsbedreiging van Theo Maassen :+
[23:20:18] <Jeroen> ghehe
[23:20:33] <Jeroen> maar "we" hebben niet ons niet geplaatst, Tomsworld 
[23:20:36] <Jeroen> dat waren z√≠j!
[23:20:51] <Tomsworld> :D
[23:21:06] <Jeroen> (zo denkt de gemiddelde hollander wel, volgens mij :+)
[23:21:09] *** Joins: Robin (robin@5419F052.cm-5-2d.dynamic.ziggo.nl)
[23:21:09] *** ChanServ sets mode: +v Robin
[23:21:24] <Tomsworld> moto-moi mja beste comedian van de lage landen ofzo :+
[23:21:26] <Jeroen> https://www.youtube.com/watch?v=uE5YPcXoe48
[23:21:33] <Tomsworld> we hebben hier in vlaanderen ook een aantal leuke 
[23:21:35] <Jeroen> los paises bajos
[23:21:37] <Tomsworld> die het ook goed doen bij jullie
[23:21:43] <rawplayer> tomm o/
[23:21:56] <moto-moi> Tomsworld: toch niet Urbanus he? P
[23:22:01] <Jeroen> geert hoste is nog altijd vermakelijk
[23:22:04] <Jeroen> en die nieuwe kale ook
[23:22:06] <Jeroen> met die droge stem
[23:22:10] <Tomsworld> moto-moi je ligt toch echt te lang onder een steen hoor :(
[23:22:13] <Tomsworld> kom er is vanonder 
[23:22:21] <moto-moi> ik zie weinig belgisch cabaret :+
[23:22:22] <Tomsworld> Urbanus :+
[23:22:28] <Tomsworld> ben jij zo oud geworden O+
[23:22:28] <moto-moi> en ook weinig nederlands to be honest
[23:22:33] * rawplayer geeft moto-moi een koekje
[23:22:34] * Tomsworld rent snel weg
[23:22:34] <Jeroen> ik heb urbanus live gezien op pinkpop
[23:22:36] <Jeroen> dat was briljant
[23:22:43] <moto-moi> collega zei laatst dat hij een hele conferance van hem uit z'n hoofd kende
[23:22:49] <moto-moi> toen een heel stuk geluisterd, best ok :+
[23:22:51] <Tomsworld> mea geert hoste is moeilijk
[23:22:57] <Tomsworld> is te belgisch denk ik
[23:23:09] <Jeroen> ja ik ben natuurlijk zo werelds dat ik dat alsnog snap
[23:23:16] <Tomsworld> persoonlijk zie ik hem graag bezig maar 
[23:23:32] <Jeroen> we sturen hans teeuwen
[23:23:46] <Tomsworld> heeft eigenlijk maar een conference en doet actualiteit / koningshuis / politiek ( en ja wij hebben veel regeringen en minsters die dwaze dingen doen )
[23:24:49] *** Quits: Madpilot (Madpilot@5249FE82.cm-4-2d.dynamic.ziggo.nl) (Exit)
[23:26:39] *** Quits: Resistor (Resistor@ip5456d91b.speed.planet.nl) (Exit)
[23:27:18] <Tomsworld> http://eurovisionworld.com/?odds=eurovision
[23:27:22] <Tomsworld> rusland :X
[23:45:53] *** moto-moi is now known as moto-moi|afk
[23:47:04] *** Quits: kees (kees@office.tweaknet.net) (Input/output error)
[23:49:53] *** Quits: Jeroen (Jeroen@54188FF8.cm-5-1c.dynamic.ziggo.nl) (Exit)
