[00:22:55] <krux> :)
[01:28:42] <Matux_> ^^
[01:28:45] *** Matux_ is now known as Matux
[02:09:17] <krux> Sup Matux 
[06:08:43] *** Quits: Matux (~Matux@CJ-a6iv80.dyn.estpak.ee) (Connection closed)
[06:09:00] *** Joins: Matux (~Matux@99-32-235-80.dyn.estpak.ee)
[06:12:25] *** Quits: Guest90369 (~Giratina54@CJ-dcd.2n8.184.192.IP) (Connection closed)
[07:37:53] *** Joins: ohbee (~ohbee@CJ-5d3843.client.bresnan.net)
[07:40:08] *** Quits: ohbee (~ohbee@CJ-5d3843.client.bresnan.net) (Quit: Leaving)
[12:32:58] <Matux> sup
[12:33:01] <Matux> I went to the denist
[12:33:03] <Matux> dentist
[12:33:06] <Matux> and my whole mouth is numb
[14:37:45] *** Lusi^ sets mode: +o Matux
[14:38:02] <Lusi^> Matux: know the pain ;)
[14:38:17] <Matux> I was eating some soup and
[14:38:22] <Lusi^> LOL
[14:38:27] <Lusi^> say no more.
[14:38:28] <Matux> I wasn't sure if I was chewing on a piece of sausage or my own skin
[14:38:28] <Lusi^> ;)
[14:38:29] <Matux> lol
[14:38:33] <Matux> scary stuff
[14:38:41] <Matux> turns out it was my skin though :D
[14:38:42] <Matux> haha
[14:39:10] <Lusi^> it is advised not to eat in that state..
[14:39:17] <Matux> but I was so hungry..
[14:39:18] <Lusi^> and for a good reason.
[14:39:39] <Lusi^> I loled, because when I tried drinking some coffee with my mouth half numb it just came back out ;)
[14:39:52] <Lusi^> should have eaten befpre the dentist?
[14:39:58] <Matux> yeah I had to hold a napkin under my bottom lip
[14:40:54] <Lusi^> but hey! I got a bundle of 23 different essencial oils today! fantastic smells some of them
[14:41:06] <Matux> mmm
[14:41:09] <Matux> rubbing in all kinds of oils
[14:41:57] <Lusi^> add a drop or two to your bath, or mix in with rubbing oil/spirits
[14:42:03] <Lusi^> mmmm
[14:42:31] <Matux> :)
[14:42:39] <Matux> MMM
[14:43:04] <Matux> Family bath time gone wrong! (Gone sexual)
[14:43:11] <Matux> I can see the clickbait titles already
[14:43:23] <Lusi^> O_o
[14:43:58] <Lusi^> where I come from, incest is taboo
[14:44:03] <Lusi^> *hint*
[14:44:07] <Matux> oh I didn't mean incest actually
[14:44:08] <Matux> just
[14:44:17] <Matux> there would be nothing wrong
[14:44:25] <Matux> with ..a simple bath time going sexual
[14:44:40] <Matux> so it wouldn't get any attention
[14:44:42] <Matux> I think
[14:51:52] <Lusi^> yeah.... no.
[18:11:12] *** Joins: Guest90369 (~Giratina54@192.184.83.242)
[21:20:25] *** Quits: zach (~zach@dev.suzanneshousecleaning.com) (Quit: leaving)
[22:20:41] *** Quits: djukon (transitor@CJ-969.be2.251.198.IP) (Ping timeout: 121 seconds)
[23:48:25] *** Quits: Emmanuel_Chanel (~emmanuel@CJ-dq9.p1k.10.222.IP) (Quit: Leaving)
[23:49:05] *** Joins: Emmanuel_Chanel (~emmanuel@CJ-dq9.p1k.10.222.IP)
