[00:13:49] <DarkHarpy> this is so much fun, guys!
[01:53:00] *** Quits: DarkHarpy (~darkharpy@CJ-45r.u5b.123.70.IP) (Ping timeout: 121 seconds)
[06:21:00] *** Joins: sonic (~sonic@CJ-nc3.rmu.200.73.IP)
[06:21:58] *** Quits: sonic (~sonic@CJ-nc3.rmu.200.73.IP) (Quit: Leaving)
[09:18:31] *** Joins: ero (~ero@CJ-1e0.ihq.231.197.IP)
[09:18:43] <ero> hi
[09:20:29] *** Quits: ero (~ero@CJ-1e0.ihq.231.197.IP) (Quit: Leaving)
[13:41:19] *** Quits: Emmanuel_Chanel (~emmanuel@CJ-ecl.cua.10.222.IP) (Connection closed)
[15:50:43] *** Joins: Emmanuel_Chanel (~emmanuel@CJ-ecl.cua.10.222.IP)
[16:11:33] *** Quits: Emmanuel_Chanel (~emmanuel@CJ-ecl.cua.10.222.IP) (Connection closed)
[21:41:08] *** Joins: Emmanuel_Chanel (~emmanuel@CJ-ecl.cua.10.222.IP)
[22:10:28] *** Lusi^ sets mode: +o Emmanuel_Chanel
[22:10:33] <Lusi^> !omikuji
[22:10:33] <OmikujiBot> Lusi^ 's Fortune is [Great Curse]. 
[22:10:40] *** Lusi^ sets mode: +o OmikujiBot
[22:10:45] <Lusi^> !omikuji
[22:10:45] <OmikujiBot> Lusi^ 's Fortune is [Near-blessing]. 
[22:11:02] <Lusi^> yeah... after  a great curse...
[22:50:56] <maz> !omikuji
[22:50:56] <OmikujiBot> maz 's Fortune is [Near-blessing]. 
