[00:29:49] *** Joins: krux (~krux@192.3.134.228)
[00:32:17] *** Quits: djukon (~djukon@gateway.insomnia247.nl) (Ping timeout: 121 seconds)
[01:27:58] *** Joins: Guest90369 (~Giratina54@192.184.83.242)
[11:56:37] *** Quits: Emmanuel_Chanel (~emmanuel@CJ-dq9.p1k.10.222.IP) (Connection closed)
[12:15:18] *** Joins: Emmanuel_Chanel (~emmanuel@CJ-dq9.p1k.10.222.IP)
[13:08:53] *** Lusi^ sets mode: +o Emmanuel_Chanel
[13:08:57] <Lusi^> !omikuji
[13:08:57] <OmikujiBot> Lusi^ 's Fortune is [Great Curse]. 
[13:09:01] <Lusi^> why???
[13:09:05] <Lusi^> !omikuji
[13:09:05] <OmikujiBot> Lusi^ 's Fortune is [Blessing]. 
[13:09:11] <Lusi^> ;)
[14:28:54] * Escovan is now listening to: Linkin Park - VICTIMIZED
[14:46:12] <Lusi^> :S
[14:47:24] <Matux> ooh fancy music notification
[15:35:59] <Lusi^> heh
[16:22:42] *** Quits: Emmanuel_Chanel (~emmanuel@CJ-dq9.p1k.10.222.IP) (Connection closed)
[17:42:14] *** Quits: Matux (~Matux@99-32-235-80.dyn.estpak.ee) (Connection closed)
[22:11:31] *** Joins: Emmanuel_Chanel (~emmanuel@CJ-dq9.p1k.10.222.IP)
[23:19:21] *** Lusi^ sets mode: +o Emmanuel_Chanel
[23:59:35] *** Joins: frzone (~frzone@CJ-seg.3bs.248.85.IP)
