[00:17:39] *** Joins: Guest49404 (~Giratina54@CJ-dcd.2n8.184.192.IP)
[00:18:10] *** Guest49404 is now known as Kano
[00:18:15] *** Quits: Kano (~Giratina54@CJ-dcd.2n8.184.192.IP) (Quit: )
[00:18:24] *** Joins: Guest49404 (~Giratina54@192.184.83.242)
[00:20:00] *** Quits: Guest49404 (~Giratina54@192.184.83.242) (Quit: )
[00:20:51] *** Joins: Guest49404 (~Giratina54@CJ-dcd.2n8.184.192.IP)
[00:22:04] *** Quits: Guest49404 (~Giratina54@CJ-dcd.2n8.184.192.IP) (Quit: )
[00:22:27] *** Joins: Kano (~Giratina54@CJ-dcd.2n8.184.192.IP)
[00:22:28] *** PandaBot sets mode: +o Kano
[00:40:47] *** Joins: krux (~krux@192.3.134.228)
[00:41:27] <krux> :)
[00:41:42] <Kano> o/
[00:52:44] *** Joins: bonzaibanana (~ninja_halfl@c-68-40-93-191.hsd1.mi.comcast.net)
[01:07:23] *** Joins: Brian (~Brian@CJ-4rq.8rd.152.184.IP)
[01:07:30] <Brian> Any non bots?
[01:07:44] <Kano> yep
[01:07:50] <Brian> Whoa! :)
[01:07:56] <Brian> I just picked a random IRC server.
[01:08:38] <Brian> Might I ask which networks are popular now? I havent used IRC in about 15 years? Undernet and Efnet were big back then
[01:08:57] <Kano> Quakenet, espernet
[01:09:03] <Kano> I still use undernet
[01:39:03] *** Quits: bonzaibanana (~ninja_halfl@c-68-40-93-191.hsd1.mi.comcast.net) (Ping timeout: 121 seconds)
[01:44:15] <Brian> Thanks, kano
[02:01:04] *** Quits: Kano (~Giratina54@CJ-dcd.2n8.184.192.IP) (Ping timeout: 147 seconds)
[02:01:12] *** Joins: Kano (~Giratina54@192.184.83.242)
[02:01:14] *** PandaBot sets mode: +o Kano
[02:09:20] <krux> Freenode / undernet / dalnet
[03:18:08] *** Quits: Brian (~Brian@CJ-4rq.8rd.152.184.IP) (Quit: Leaving)
[04:01:56] *** Joins: bonzaibanana (~ninja_halfl@CJ-bjcor9.mi.comcast.net)
[04:25:08] *** Quits: bonzaibanana (~ninja_halfl@CJ-bjcor9.mi.comcast.net) (Connection closed)
[04:49:47] *** Joins: bonzaibanana (~ninja_halfl@CJ-pt4.l6c.40.68.IP)
[05:20:36] *** Joins: SouthShoreBum (~SouthShoreB@CJ-lg7.6b6.62.24.IP)
[05:20:48] *** Quits: SouthShoreBum (~SouthShoreB@CJ-lg7.6b6.62.24.IP) (Quit: Leaving)
[05:40:49] *** Quits: OmikujiBot (~emmanuel@CJ-92v8k5.dion.ne.jp) (Ping timeout: 121 seconds)
[05:41:13] *** Quits: Emmanuel_Chanel (~emmanuel@CJ-f5v.p1k.10.222.IP) (Ping timeout: 121 seconds)
[06:43:02] *** Joins: Emmanuel_Chanel (~emmanuel@CJ-soj8f7.dion.ne.jp)
[06:43:46] *** Joins: OmikujiBot (~emmanuel@CJ-27j.dup.10.222.IP)
[11:29:52] *** Quits: Kano (~Giratina54@192.184.83.242) (Ping timeout: 121 seconds)
[20:02:33] *** ChanServ sets mode: -o Escovan
[20:14:41] *** Joins: Escovan (~Escovan@CJ-ut4mpn.prutsplek.nl)
[21:10:12] *** Quits: bonzaibanana (~ninja_halfl@CJ-pt4.l6c.40.68.IP) (Ping timeout: 121 seconds)
[23:19:46] *** Joins: bonzaibanana (~ninja_halfl@c-68-40-93-191.hsd1.mi.comcast.net)
