[03:24:22] *** Quits: Emmanuel_Chanel (~emmanuel@CJ-o0h.dup.10.222.IP) (Ping timeout: 121 seconds)
[03:26:20] *** Joins: Emmanuel_Chanel (~emmanuel@CJ-o0h.dup.10.222.IP)
[04:47:40] *** Quits: OmikujiBot (~emmanuel@CJ-6p85lj.dion.ne.jp) (nl2.chatjunkies.org at2.chatjunkies.org)
[04:47:40] *** Quits: krux (~krux@CJ-fso.faa.3.192.IP) (nl2.chatjunkies.org at2.chatjunkies.org)
[04:47:45] *** Quits: ChanServ (ChanServ@services.chatjunkies.org) (de2.chatjunkies.org nl2.chatjunkies.org)
[04:47:45] *** Quits: maz (~maz@CJ-nl7.fah.30.174.IP) (de2.chatjunkies.org nl2.chatjunkies.org)
[04:47:45] *** Quits: zach (~zach@CJ-g1q.i94.32.45.IP) (de2.chatjunkies.org nl2.chatjunkies.org)
[04:47:45] *** Quits: Lusi^ (bun@CJ-9po.jgm.48.92.IP) (de2.chatjunkies.org nl2.chatjunkies.org)
[04:47:45] *** Quits: Kano (~Giratina54@CJ-dcd.2n8.184.192.IP) (de2.chatjunkies.org nl2.chatjunkies.org)
[04:47:45] *** Quits: Emmanuel_Chanel (~emmanuel@CJ-o0h.dup.10.222.IP) (de2.chatjunkies.org nl2.chatjunkies.org)
[04:48:41] *** Joins: ChanServ (ChanServ@services.chatjunkies.org)
[04:48:41] *** Joins: Emmanuel_Chanel (~emmanuel@CJ-o0h.dup.10.222.IP)
[04:48:41] *** Joins: Lusi^ (bun@CJ-9po.jgm.48.92.IP)
[04:48:41] *** Joins: zach (~zach@CJ-g1q.i94.32.45.IP)
[04:48:41] *** Joins: krux (~krux@CJ-fso.faa.3.192.IP)
[04:48:41] *** Joins: maz (~maz@CJ-nl7.fah.30.174.IP)
[04:48:41] *** Joins: OmikujiBot (~emmanuel@CJ-6p85lj.dion.ne.jp)
[04:48:41] *** Joins: Kano (~Giratina54@CJ-dcd.2n8.184.192.IP)
[04:48:41] *** *.chatjunkies.org sets mode: +oqoooooo ChanServ Lusi^ Lusi^ zach krux maz OmikujiBot Kano
[05:04:43] *** Quits: zach (~zach@CJ-g1q.i94.32.45.IP) (Ping timeout: 121 seconds)
[05:11:27] *** Joins: zach (~zach@CJ-g1q.i94.32.45.IP)
[06:30:18] *** Quits: Kano (~Giratina54@CJ-dcd.2n8.184.192.IP) (Connection closed)
[06:32:01] *** Joins: Kano (~Giratina54@192.184.83.242)
[06:32:03] *** PandaBot sets mode: +o Kano
[08:12:58] *** Quits: Kano (~Giratina54@192.184.83.242) (Ping timeout: 121 seconds)
[10:26:57] *** Quits: LeFreak (~LeFreak@192.210.212.173) (Ping timeout: 121 seconds)
[10:28:16] *** Joins: LeFreak (~LeFreak@CJ-6bu.04s.210.192.IP)
[16:48:19] <Lusi^> :)
