[05:12:07] *** Joins: Matux (~Matux@99-32-235-80.dyn.estpak.ee)
[09:28:33] *** Quits: OmikujiBot (~emmanuel@ZN018100.ppp.dion.ne.jp) (Ping timeout: 121 seconds)
[09:29:35] *** Quits: Emmanuel_Chanel (~emmanuel@CJ-3fv.cnl.10.222.IP) (Ping timeout: 121 seconds)
[09:42:40] *** Joins: Emmanuel_Chanel (~emmanuel@CJ-3qt.4ni.10.222.IP)
[09:53:00] *** Joins: OmikujiBot (~emmanuel@ZN019006.ppp.dion.ne.jp)
[10:25:22] *** Quits: PandaBot (~root@CJ-dcd.2n8.184.192.IP) (Server shutdown)
[10:25:22] *** Quits: zach (~zach@CJ-u692v9.suzanneshousecleaning.com) (Server shutdown)
[10:25:24] *** Joins: PandaBot (~root@192.184.83.242)
[10:25:28] *** Joins: zach (~zach@dev.suzanneshousecleaning.com)
[12:48:22] *** Joins: EvilWizard (~Evilwizard@CJ-19i.j9e.91.95.IP)
[12:49:56] *** Joins: Emmanuel_Chanel_ (~emmanuel@CJ-cne.dup.10.222.IP)
[12:50:06] *** Quits: OmikujiBot (~emmanuel@ZN019006.ppp.dion.ne.jp) (Ping timeout: 121 seconds)
[12:51:28] *** Quits: Emmanuel_Chanel (~emmanuel@CJ-3qt.4ni.10.222.IP) (Ping timeout: 121 seconds)
[12:51:52] *** Quits: Emmanuel_Chanel_ (~emmanuel@CJ-cne.dup.10.222.IP) (Quit: Leaving)
[12:52:24] *** Joins: Emmanuel_Chanel (~emmanuel@CJ-cne.dup.10.222.IP)
[13:14:12] *** Joins: OmikujiBot (~emmanuel@ZN020074.ppp.dion.ne.jp)
[13:14:40] *** Lusi^ sets mode: +ooooo OmikujiBot Emmanuel_Chanel zach Matux PandaBot
[13:33:55] *** Quits: Emmanuel_Chanel (~emmanuel@CJ-cne.dup.10.222.IP) (Ping timeout: 121 seconds)
[13:34:54] *** Quits: OmikujiBot (~emmanuel@ZN020074.ppp.dion.ne.jp) (Ping timeout: 121 seconds)
[13:39:16] *** Quits: EvilWizard (~Evilwizard@CJ-19i.j9e.91.95.IP) (Quit: Leaving)
[13:46:24] *** Joins: Emmanuel_Chanel (~emmanuel@CJ-f5v.p1k.10.222.IP)
[14:00:22] *** Joins: OmikujiBot (~emmanuel@CJ-92v8k5.dion.ne.jp)
[15:51:59] *** Lusi^ sets mode: +oo Emmanuel_Chanel OmikujiBot
[15:52:12] <Lusi^> !omikuji
[15:52:12] <OmikujiBot> Lusi^ 's Fortune is [Middle Blessing]. 
[16:50:38] *** Joins: Trueskill55395 (~Giratina54@CJ-dcd.2n8.184.192.IP)
[16:52:40] *** Quits: Trueskill55395 (~Giratina54@CJ-dcd.2n8.184.192.IP) (Quit: )
[16:53:51] *** Joins: Kano (~Giratina54@CJ-dcd.2n8.184.192.IP)
[16:53:53] *** PandaBot sets mode: +o Kano
