[00:01:41] *** Parts: frzone (~frzone@CJ-seg.3bs.248.85.IP) ()
[02:06:03] *** Quits: Guest90369 (~Giratina54@192.184.83.242) (Ping timeout: 121 seconds)
[05:50:48] <Escovan> It´s a spotify plugin for HexChat
[07:05:06] *** Quits: Emmanuel_Chanel (~emmanuel@CJ-dq9.p1k.10.222.IP) (Connection closed)
[08:41:46] *** Joins: Emmanuel_Chanel (~emmanuel@CJ-dq9.p1k.10.222.IP)
[09:43:47] *** Quits: Emmanuel_Chanel (~emmanuel@CJ-dq9.p1k.10.222.IP) (Connection closed)
[11:25:13] *** Joins: Shammah (~Shammah@CJ-ah4.piv.47.151.IP)
[11:25:47] * Shammah asfsa
[11:25:57] <Shammah> hello
[11:34:36] *** Quits: Shammah (~Shammah@CJ-ah4.piv.47.151.IP) (Quit: Sto andando via)
[12:08:47] *** Joins: Emmanuel_Chanel (~emmanuel@CJ-dq9.p1k.10.222.IP)
[13:39:42] *** Quits: OmikujiBot (~emmanuel@CJ-dq9.p1k.10.222.IP) (Ping timeout: 121 seconds)
[13:40:00] *** Quits: Emmanuel_Chanel (~emmanuel@CJ-dq9.p1k.10.222.IP) (Ping timeout: 121 seconds)
[13:53:47] *** Joins: Emmanuel_Chanel (~emmanuel@CJ-v2i.dup.10.222.IP)
[13:55:09] *** Joins: Emmanuel_Chanel_ (~emmanuel@CJ-tfc.j83.10.222.IP)
[13:58:06] *** Quits: Emmanuel_Chanel (~emmanuel@CJ-v2i.dup.10.222.IP) (Ping timeout: 121 seconds)
[14:03:56] *** Emmanuel_Chanel_ is now known as Emmanuel_Chanel
[14:06:18] *** Joins: OmikujiBot (~emmanuel@CJ-tfc.j83.10.222.IP)
[14:45:55] *** Lusi^ sets mode: +oo OmikujiBot Emmanuel_Chanel
[14:45:59] <Lusi^> !omikuji
[14:45:59] <OmikujiBot> Lusi^ 's Fortune is [Great Blessing]. 
[22:36:53] *** Quits: OmikujiBot (~emmanuel@CJ-tfc.j83.10.222.IP) (Ping timeout: 121 seconds)
[22:38:31] *** Quits: Emmanuel_Chanel (~emmanuel@CJ-tfc.j83.10.222.IP) (Ping timeout: 121 seconds)
