[01:51:59] <Escovan> can´t sleep
[01:52:02] <Escovan> mweh
[01:52:22] <Kano> o.
[01:52:28] <Kano> o/*
[03:24:42] <krux> :)
[08:22:46] <Escovan> :)
[08:48:37] *** Quits: Kano (~Giratina54@CJ-dcd.2n8.184.192.IP) (Quit: )
[09:03:05] *** Joins: Matux (~Matux@99-32-235-80.dyn.estpak.ee)
[09:09:35] *** Joins: Pzor (~Pzor@CJ-h6a.uab.100.175.IP)
[10:18:51] *** Quits: Pzor (~Pzor@CJ-h6a.uab.100.175.IP) (Ping timeout: 121 seconds)
[11:29:44] *** Joins: Pzor (~Pzor@CJ-vf5.2av.201.123.IP)
[12:57:25] *** Quits: Pzor (~Pzor@CJ-vf5.2av.201.123.IP) (Ping timeout: 121 seconds)
[13:01:45] *** Lusi^ sets mode: +o Matux
[13:04:27] <Lusi^> ladida
[13:30:38] *** Joins: Pzor (~Pzor@CJ-vf5.2av.201.123.IP)
[13:34:29] <Lusi^> hi Pzor 
[13:54:55] *** Quits: Pzor (~Pzor@CJ-vf5.2av.201.123.IP) (Ping timeout: 121 seconds)
[13:57:44] *** Joins: Pzor (~Pzor@CJ-vf5.2av.201.123.IP)
[14:27:16] <Pzor> hi!
[15:21:29] *** Quits: Pzor (~Pzor@CJ-vf5.2av.201.123.IP) (Quit: Leaving)
[16:11:32] <Lusi^> if there were any czechs on the channel, I could do a pun: pozor! it's pzor
[17:10:31] *** Joins: bob (~ronnald@67.213.236.167)
[17:11:00] <bob> So what do people talk about here?
[17:12:06] *** Parts: bob (~ronnald@67.213.236.167) ("Leaving")
[17:38:14] <Lusi^> ppl who just left
[17:43:34] *** Joins: bob (~ronnald@CJ-vs9.e9r.61.176.IP)
[17:44:44] <bob> hello
[17:44:54] *** bob is now known as the
[17:45:09] *** the is now known as TheLaw
[17:45:20] <Lusi^> :>
[17:46:23] <TheLaw> <3
[17:48:41] *** Joins: grapes210 (~grapes210@67.213.241.198)
[17:49:34] <TheLaw> whats up!
[17:49:44] <grapes210> Hey!
[17:49:57] <TheLaw> just wanted to show you this
[17:50:13] <TheLaw> there are thousands of channels where people just chat!
[17:50:19] <grapes210> This is pretty cool!
[17:50:20] <TheLaw> some have spacific topics
[17:50:30] <TheLaw> anyone in the world can join haha
[17:50:43] <grapes210> haha nice
[17:51:00] <grapes210> different topics? to talk about?
[17:51:33] <TheLaw> one channel i was on was for astronimy questions
[17:52:26] <TheLaw> im sending you a file
[17:54:52] <TheLaw> click on this link https://www.torproject.org/
[17:57:31] <Lusi^> ;)
[18:03:30] *** Quits: grapes210 (~grapes210@67.213.241.198) (Quit: Leaving)
[18:03:36] *** Joins: grapes210 (~grapes210@CJ-i4ui5j.torexitnode.net)
[18:03:48] <grapes210> hello
[18:06:23] <TheLaw> hehehehe
[18:21:49] *** Quits: TheLaw (~ronnald@CJ-vs9.e9r.61.176.IP) (Changing host)
[18:21:49] *** Joins: TheLaw (~ronnald@176.61.147.146)
[18:23:53] *** Quits: grapes210 (~grapes210@CJ-i4ui5j.torexitnode.net) (Changing host)
[18:23:53] *** Joins: grapes210 (~grapes210@tor4thepeople1.torexitnode.net)
[18:25:24] <TheLaw> hello
[18:31:22] *** Quits: TheLaw (~ronnald@176.61.147.146) (Quit: Leaving)
[18:31:33] *** Quits: grapes210 (~grapes210@tor4thepeople1.torexitnode.net) (Quit: Leaving)
[19:04:14] *** Joins: Kano (~Giratina54@192.184.83.242)
[19:04:16] *** PandaBot sets mode: +o Kano
[20:04:02] *** Joins: thelaw (~ronnald@5.9.146.203)
[20:04:15] *** Quits: thelaw (~ronnald@5.9.146.203) (Quit: Leaving)
[20:17:21] *** Joins: ahgwe (~ahgwe@CJ-t51.ffe.100.185.IP)
[20:17:45] <Kano> o/
[20:21:33] *** Parts: ahgwe (~ahgwe@CJ-t51.ffe.100.185.IP) ()
[20:24:39] <Lusi^> yo Kano 
[20:24:53] <Kano> giws ut giubg>
[20:24:57] <Kano> hows it going*
[20:25:20] <Lusi^> quietly but productively, you?
[20:25:35] <Kano> board
[20:25:38] <Kano> very board
[20:26:19] <Lusi^> doing some colouring with ink
[20:26:29] <Kano> 0_0 Sounds fun
[20:26:36] <Lusi^> very vibrant colours, high transparency <3
