[00:23:02] <Matux> I am
[00:23:08] <Matux> I'll admit it
[00:36:40] *** Quits: Matux (~Matux@99-32-235-80.dyn.estpak.ee) (Connection closed)
[00:37:32] *** Joins: Matux (~Matux@CJ-1g9.338.235.80.IP)
[00:48:48] *** Lusi^ sets mode: +o Matux
[00:49:08] <Lusi^> oh.
[00:49:14] <Lusi^> and now it's not funny.
[00:54:29] <Lusi^> nn
[01:04:25] <Matux> it's not funny?
[01:04:29] <Matux> what isn't?
[01:04:35] <Matux> is it meant to be funny? :D
[01:41:38] *** Quits: maz (~maz@CJ-nl7.fah.30.174.IP) (Ping timeout: 121 seconds)
[01:41:58] *** Joins: maz (foobar@CJ-qbf.dhq.84.134.IP)
[01:47:51] *** Quits: maz (foobar@CJ-qbf.dhq.84.134.IP) (Connection closed)
[02:06:08] *** Joins: maz (~maz@CJ-nl7.fah.30.174.IP)
[12:56:21] <Maketwo> Aloha
[17:03:02] *** Joins: kuku (~kuku@CJ-8ea.qbt.43.39.IP)
[17:03:34] <kuku> hello
[17:06:07] *** Quits: kuku (~kuku@CJ-8ea.qbt.43.39.IP) (Quit: Leaving)
[17:29:13] *** Lusi^ sets mode: +o maz
[17:30:15] <Lusi^> Matux: I said 'clingy much' as a joke... when you confirmed the diagnosis as non-joke that's when it stopped being funny...
[18:04:33] *** Quits: krux (~krux@192.3.134.228) (Ping timeout: 121 seconds)
[18:10:26] *** Joins: krux (~krux@CJ-fso.faa.3.192.IP)
[18:14:28] *** Quits: krux (~krux@CJ-fso.faa.3.192.IP) (Ping timeout: 121 seconds)
[18:14:57] *** Joins: krux (~krux@CJ-fso.faa.3.192.IP)
[18:18:58] *** Quits: krux (~krux@CJ-fso.faa.3.192.IP) (Ping timeout: 121 seconds)
[18:20:52] *** Joins: krux (~krux@192.3.134.228)
[18:24:54] *** Quits: krux (~krux@192.3.134.228) (Ping timeout: 121 seconds)
[18:28:28] *** Joins: krux (~krux@CJ-fso.faa.3.192.IP)
[18:48:00] *** Quits: krux (~krux@CJ-fso.faa.3.192.IP) (Ping timeout: 121 seconds)
[18:48:13] *** Joins: krux (~krux@CJ-fso.faa.3.192.IP)
[18:52:15] *** Quits: krux (~krux@CJ-fso.faa.3.192.IP) (Ping timeout: 121 seconds)
[18:52:28] *** Joins: krux (~krux@CJ-fso.faa.3.192.IP)
[19:00:39] *** Quits: krux (~krux@CJ-fso.faa.3.192.IP) (Ping timeout: 121 seconds)
[19:01:02] *** Joins: krux (~krux@CJ-fso.faa.3.192.IP)
[20:08:31] *** Quits: krux (~krux@CJ-fso.faa.3.192.IP) (Ping timeout: 121 seconds)
[20:08:45] *** Joins: krux (~krux@CJ-fso.faa.3.192.IP)
[20:12:50] *** Quits: krux (~krux@CJ-fso.faa.3.192.IP) (Ping timeout: 121 seconds)
[20:20:31] *** Joins: krux (~krux@CJ-fso.faa.3.192.IP)
[20:24:33] *** Quits: krux (~krux@CJ-fso.faa.3.192.IP) (Ping timeout: 121 seconds)
[20:33:13] *** Quits: Emmanuel_Chanel (~emmanuel@CJ-104.4ni.10.222.IP) (Ping timeout: 121 seconds)
[20:34:00] *** Joins: krux (~krux@192.3.134.228)
[20:38:02] *** Quits: krux (~krux@192.3.134.228) (Ping timeout: 121 seconds)
[20:45:44] *** Joins: Emmanuel_Chanel (~emmanuel@CJ-104.4ni.10.222.IP)
[20:50:23] <Matux> I mean.
[20:50:24] *** Joins: krux (~krux@CJ-fso.faa.3.192.IP)
[20:50:37] <Matux> what's so wrong with being clingy.. a little? :P
[20:54:28] *** Quits: krux (~krux@CJ-fso.faa.3.192.IP) (Ping timeout: 121 seconds)
[20:58:03] *** Joins: krux (~krux@192.3.134.228)
[20:58:28] *** Quits: OmikujiBot (~emmanuel@CJ-fr4t6f.dion.ne.jp) (Ping timeout: 121 seconds)
[20:59:29] *** Quits: Emmanuel_Chanel (~emmanuel@CJ-104.4ni.10.222.IP) (Ping timeout: 121 seconds)
[21:03:54] *** Joins: Emmanuel_Chanel (~emmanuel@CJ-o0h.dup.10.222.IP)
[21:07:23] *** Joins: OmikujiBot (~emmanuel@CJ-6p85lj.dion.ne.jp)
[21:55:39] *** Quits: krux (~krux@192.3.134.228) (Ping timeout: 121 seconds)
[21:56:07] *** Joins: krux (~krux@CJ-fso.faa.3.192.IP)
[22:06:19] <Lusi^> Matux: nothing. but as it's sth wrong, it's not funny.
[22:06:32] <Matux> okay
[22:06:35] <Matux> well
[22:06:36] *** Lusi^ sets mode: +ooo OmikujiBot Emmanuel_Chanel krux
[22:06:39] <Lusi^> like
[22:06:46] <Matux> I like you, as an online friend
[22:06:46] <Matux> :D
[22:06:56] <Lusi^> someone is a bit fat... do you lugh at that?
[22:07:18] <Lusi^> I'm digging a grave here *rolls.eyes*
[22:07:24] <Matux> no you're not :D
[22:07:31] <Matux> I'm trying to show some appreciation
[22:07:36] <Matux> you're making it difficult 
[22:07:40] <Matux> but I like a challenge
[22:07:44] <Lusi^> I ddon't find real clinginess in any volume... funny.
[22:08:13] <Lusi^> cause I'm struggling with it myself and it's a challange.
[22:08:21] <Matux> aren't we all
[22:08:22] <Matux> I am
[22:08:24] <Lusi^> to be kicked, beatten and conquered.
[22:08:38] <Matux> I'm struggling with my final thesis so I could graduate college
[22:08:48] <Matux> but not at this very moment
[22:08:49] <Matux> right now
[22:08:52] <Matux> I wanted to tell you that
[22:08:55] <Lusi^> and then kicked in the face just cause it's down already
[22:09:01] <Matux> wait..
[22:09:06] <Matux> what exactly are you referring to?
[22:09:13] <Lusi^> clinginess.
[22:09:16] <Matux> oh
[22:09:31] <Lusi^> kicking the habit of having to depend on others for happiness
[22:09:41] <Matux> Sounded like domestic violoence :D
[22:09:45] <Matux> violence*
[22:10:19] <Lusi^> *grin* whatever does the trick :d
[22:10:22] <Matux> anyway
[22:10:26] <Matux> I was going to say..
[22:10:31] <Matux> When I picture Lusi in my head
[22:10:32] <Matux> I see a
[22:11:19] <Lusi^> drnken biach
[22:11:26] <Lusi^> ;D
[22:11:35] <Lusi^> sorry. go on
[22:12:41] <Matux> Young-looking, petite woman.. someone with a cute short-styled haircut.. someone who enjoys esoteric things... indie music, maybe.. someone who likes to dress not in a way most of the society does but in her own way.. someone who appreciates art.. someone not scared to try out new things, someone who likes home-made things, exotic tastes...
[22:13:34] <Matux> even if that's not you.. that's the image I have of you in my head :D
[22:13:45] <Matux> and I like it
[22:13:58] <Matux> and Lusi is very witty and sarcastic about things
[22:14:00] <Matux> she likes reading
[22:24:11] <Matux> I made Lusi back away from the computer, slowly.. :D
[22:24:13] <Matux> and now she's gone 
[22:43:44] *** Quits: krux (~krux@CJ-fso.faa.3.192.IP) (Ping timeout: 121 seconds)
[22:47:04] *** Joins: krux (~krux@CJ-fso.faa.3.192.IP)
[22:57:38] <Lusi^> lol. petite complimentarist you ,)
[22:58:22] *** Lusi^ sets mode: +o krux
[22:58:48] <Lusi^> esoteric things? what do you mea?
[22:58:51] <Lusi^> n
[23:49:21] *** Quits: krux (~krux@CJ-fso.faa.3.192.IP) (Ping timeout: 121 seconds)
[23:54:14] *** Joins: krux (~krux@192.3.134.228)
