[06:20:55] *** Quits: ChanServ (ChanServ@services.chatjunkies.org) (at2.chatjunkies.org nl2.chatjunkies.org)
[06:20:55] *** Quits: LeFreak (~LeFreak@192.210.212.173) (at2.chatjunkies.org nl2.chatjunkies.org)
[06:20:55] *** Quits: PandaBot (~root@192.184.83.242) (at2.chatjunkies.org nl2.chatjunkies.org)
[06:20:55] *** Quits: Maketwo (makegho@kapsi.fi) (at2.chatjunkies.org nl2.chatjunkies.org)
[06:20:55] *** Quits: maz (~maz@CJ-nl7.fah.30.174.IP) (at2.chatjunkies.org nl2.chatjunkies.org)
[06:20:55] *** Quits: zach (~zach@CJ-g1q.i94.32.45.IP) (at2.chatjunkies.org nl2.chatjunkies.org)
[06:20:55] *** Quits: Matux (~Matux@CJ-1g9.338.235.80.IP) (at2.chatjunkies.org nl2.chatjunkies.org)
[06:20:55] *** Quits: Emmanuel_Chanel (~emmanuel@CJ-o0h.dup.10.222.IP) (at2.chatjunkies.org nl2.chatjunkies.org)
[06:20:55] *** Quits: Lusi^ (bun@CJ-9po.jgm.48.92.IP) (at2.chatjunkies.org nl2.chatjunkies.org)
[06:21:26] *** Joins: ChanServ (ChanServ@services.chatjunkies.org)
[06:21:26] *** Joins: Maketwo (makegho@kapsi.fi)
[06:21:26] *** Joins: Lusi^ (bun@CJ-9po.jgm.48.92.IP)
[06:21:26] *** Joins: Emmanuel_Chanel (~emmanuel@CJ-o0h.dup.10.222.IP)
[06:21:26] *** Joins: PandaBot (~root@192.184.83.242)
[06:21:26] *** Joins: maz (~maz@CJ-nl7.fah.30.174.IP)
[06:21:26] *** Joins: zach (~zach@CJ-g1q.i94.32.45.IP)
[06:21:26] *** Joins: LeFreak (~LeFreak@192.210.212.173)
[06:21:26] *** Joins: Matux (~Matux@CJ-1g9.338.235.80.IP)
[06:21:26] *** *.chatjunkies.org sets mode: +ooqooooovo ChanServ Maketwo Lusi^ Lusi^ Emmanuel_Chanel PandaBot maz zach LeFreak Matux
[14:20:12] *** Quits: Matux (~Matux@CJ-1g9.338.235.80.IP) (Connection closed)
[14:25:18] *** Joins: Matux (~Matux@CJ-a6iv80.dyn.estpak.ee)
[15:36:43] *** Lusi^ sets mode: +o Matux
[15:36:47] <Lusi^> !omikuji
[15:36:47] <OmikujiBot> Lusi^ 's Fortune is [Small blessing]. 
[16:58:55] <Lusi^> wish I slept better last night :S
[17:00:21] <krux> lo :)
[17:02:44] *** Lusi^ sets mode: +o krux
[17:02:47] <Lusi^> yo mon
[17:03:20] <Lusi^> how's life?
[17:10:28] <krux> Doing good. At work.
[17:10:32] <krux> How is you?
[17:16:54] <Lusi^> tired... generally sleepish..
[17:19:50] <Lusi^> watching elementary
[17:41:35] *** Joins: dobremisuze (~ACER@CJ-vrt.tgr.216.89.IP)
[17:43:28] *** Quits: dobremisuze (~ACER@CJ-vrt.tgr.216.89.IP) (Quit: Leaving)
[17:48:34] <krux> Cool. :)
[17:49:22] *** Quits: maz (~maz@CJ-nl7.fah.30.174.IP) (Ping timeout: 121 seconds)
[17:50:09] *** Joins: maz (foobar@CJ-hhf.dhq.84.134.IP)
[18:03:36] *** Joins: maz2 (~maz@CJ-nl7.fah.30.174.IP)
[18:03:37] *** Quits: maz (foobar@CJ-hhf.dhq.84.134.IP) (Connection closed)
[18:03:52] *** maz2 is now known as maz
[18:24:06] *** Lusi^ sets mode: +o maz
[23:15:19] <Lusi^> nn
