[00:13:59] *** Joins: guest (~backbox@tor1e1.privacyfoundation.ch)
[00:14:14] <guest> hi
[02:38:10] <krux> hi
[03:50:22] *** Quits: guest (~backbox@tor1e1.privacyfoundation.ch) (Quit: Leaving)
[08:23:15] *** Joins: Fox564 (~Fox564@156.196.62.183)
[08:23:20] <Fox564> i have 3 real ancient Egyptian statues, i am looking for a buyer and i have a prof video .... if any one interested pm me
[08:43:58] *** Quits: Fox564 (~Fox564@156.196.62.183) (Ping timeout: 121 seconds)
[09:15:15] <Escovan> Hmm that was odd
[09:53:50] *** Quits: Emmanuel_Chanel (~emmanuel@ZN022032.ppp.dion.ne.jp) (Ping timeout: 121 seconds)
[09:54:11] *** Quits: OmikujiBot (~emmanuel@CJ-ieeo31.dion.ne.jp) (Ping timeout: 121 seconds)
[10:04:45] *** Joins: Emmanuel_Chanel (~emmanuel@ZN020240.ppp.dion.ne.jp)
[10:18:54] *** Joins: OmikujiBot (~emmanuel@ZN020240.ppp.dion.ne.jp)
[10:32:07] *** Joins: Fox564 (~Fox564@CJ-m86.5qd.196.156.IP)
[14:35:23] *** Joins: Fox564_ (~Fox564@CJ-m86.5qd.196.156.IP)
[14:38:35] *** Quits: Fox564 (~Fox564@CJ-m86.5qd.196.156.IP) (Ping timeout: 121 seconds)
[15:57:14] *** Joins: Fox564__ (~Fox564@CJ-m86.5qd.196.156.IP)
[16:00:07] *** Quits: Fox564_ (~Fox564@CJ-m86.5qd.196.156.IP) (Ping timeout: 121 seconds)
[18:35:13] *** Quits: Fox564__ (~Fox564@CJ-m86.5qd.196.156.IP) (Ping timeout: 121 seconds)
[18:35:40] *** Joins: Fox564 (~Fox564@CJ-m86.5qd.196.156.IP)
[19:22:43] *** Joins: Escofan (~escovan@CJ-bgr.31k.132.24.IP)
[20:09:16] *** Quits: Escofan (~escovan@CJ-bgr.31k.132.24.IP) (Ping timeout: 121 seconds)
[20:36:12] *** Joins: ShanShen (~ShanShen@CJ-823.enr.38.72.IP)
[20:36:28] * ShanShen bows.
[20:36:46] <ShanShen> Greetings, gathered assemblage!
[20:50:40] *** Quits: ShanShen (~ShanShen@CJ-823.enr.38.72.IP) (Quit: Leaving)
[21:24:50] *** Joins: KanoCodex (~Giratina54@192.184.83.242)
[23:10:49] *** Quits: Fox564 (~Fox564@CJ-m86.5qd.196.156.IP) (Ping timeout: 121 seconds)
