[00:00:54] <Artoo> Breaking news from 9GAG RSS feed | Free 9GAG RSS feed!
[00:00:56] <Artoo> (1) Does anybody find this disturbingly ugly?
[00:00:58] <Artoo> (2) With the keyboard!
[00:01:00] <Artoo> (3) My palms are sweating!
[00:09:03] <Smileface> Moest dus roxe zijn klein verschil ghe
[00:26:33] <Moonlight> ja trusten
[00:26:40] *** Moonlight is now known as Moon[afk]
[00:26:53] <CodJer> Welterusten Moon[afk] :)
[00:29:45] <steef> trusten
[00:37:04] <CodJer> Ja, ik gaat er ook vandoor.. Werkze nog ff Smileface en welterusten voor straks :)!
[00:37:17] <Smileface> Dankjewel
[00:37:24] <steef> ben maar final destination kijken :P
[00:37:31] <Smileface> Slaap lekker vast allen
[00:38:17] <Smileface> Ja ik heb nog ff twee ritten achter elkaar te nog nu
[00:38:24] <steef> ok ok
[00:40:12] <CodJer> nog maar 2 ritten ;p?
[00:40:24] <CodJer> Najah, ik maar 2 uur slaap de vorige nacht..
[00:40:38] <CodJer> En uitgerekend haalt N nu een nachtje door volgens haar snap.. Oh well.
[00:40:41] <CodJer> Gn
[01:03:10] <Smileface> Jah voor nu he
[01:03:17] <Smileface> Ben nu met tweede bezig ghw
[01:03:28] <Smileface> Mensen kunnen zuipen op stand
[01:03:29] <steef> en dan klaar?
[01:03:34] <steef> hahaha
[01:03:42] <Smileface> Nee half 5
[01:19:09] <steef> zal wel saai zijn :P
[01:31:57] *** Quits: steef (~WuP_Webchat@WuP-3d1m0a.direct-adsl.nl) (Connection closed)
[01:49:33] <Smileface> Lalalaaaaaa
[02:00:50] <Artoo> Breaking news from 9GAG RSS feed | Free 9GAG RSS feed!
[02:00:52] <Artoo> (1) Which one would you like to read?
[02:00:54] <Artoo> (2) I suppose it was a BAD breakup...?!
[02:00:56] <Artoo> (3) Daaaayum!
[04:00:53] <Artoo> Breaking news from 9GAG RSS feed | Free 9GAG RSS feed!
[04:00:55] <Artoo> (1) Thank you Kobe
[04:00:57] <Artoo> (2) Student Loans
[04:00:59] <Artoo> (3) They got caught sneaking a cookie when they were supposed to be on  diet.
[06:00:47] <Artoo> Breaking news from 9GAG RSS feed | Free 9GAG RSS feed!
[06:00:49] <Artoo> (1) Remember that hail storm in Texas?
[06:11:41] *** Smileface is now known as smileface
[08:00:51] <Artoo> Breaking news from 9GAG RSS feed | Free 9GAG RSS feed!
[08:00:52] <Artoo> (1) Got 2 balls.
[08:00:55] <Artoo> (2) Filthy casuals...
[08:00:57] <Artoo> (3) Full moon
[08:01:19] *** Joins: Kevinnnet (~WuP_Webchat@WuP-ra5.2n3.132.145.IP)
[08:01:20] <Artoo> hey Kevinnnet Hoe gaat het vandaag met je???
[08:01:24] *** Clank sets mode: +v Kevinnnet
[08:06:01] *** Quits: Kevinnnet (~WuP_Webchat@WuP-ra5.2n3.132.145.IP) (Connection closed)
[08:32:55] *** Quits: Moon[afk] (~hoi@WuP-ns9.q81.129.145.IP) (Ping timeout: 121 seconds)
[08:37:23] *** Joins: Codjerlientje (~hoi@WuP-ns9.q81.129.145.IP)
[08:37:24] <Artoo> hi Codjerlientje
[08:37:28] *** Clank sets mode: +v Codjerlientje
[08:41:36] <CodJer> lol Codjerlientje
[08:55:39] <Escovan> hoi moonlight
[10:00:51] <Artoo> Breaking news from 9GAG RSS feed | Free 9GAG RSS feed!
[10:00:54] <Artoo> (1) Unexpected Cliff
[10:00:56] <Artoo> (2) What about other countries?
[10:00:57] <Artoo> (3) Words are Weird
[12:00:51] <Artoo> Breaking news from 9GAG RSS feed | Free 9GAG RSS feed!
[12:00:54] <Artoo> (1) This was found in the hills of Bosnia and Herzegovina. Captain?
[12:00:56] <Artoo> (2) Poland stronk
[12:00:58] <Artoo> (3) When your mom calls you by full name
[14:00:49] <Artoo> Breaking news from 9GAG RSS feed | Free 9GAG RSS feed!
[14:00:51] <Artoo> (1) We like her. We like her a lot. Happy Birthday Emma!
[14:47:11] *** Joins: tom95 (~WuP_Webchat@WuP-2i2e6k.speed.planet.nl)
[14:47:12] <Artoo> tom95 <-- join #nl_chat Welkom :P
[14:47:16] *** Clank sets mode: +v tom95
[14:47:41] <tom95> hoi
[14:48:35] *** Quits: tom95 (~WuP_Webchat@WuP-2i2e6k.speed.planet.nl) (Connection closed)
[15:51:08] *** smileface is now known as Smileface
[16:00:49] <Artoo> Breaking news from 9GAG RSS feed | Free 9GAG RSS feed!
[16:00:51] <Artoo> (1) "The recipe said... Dress the chicken!"
[16:00:54] <Artoo> (2) Fist bumping the right guy.
[16:41:07] <Codjerlientje> owhs mn verbinding is dus weggevallen vandaag -_-
[16:41:13] *** Codjerlientje is now known as Moonlight
[16:41:32] <Smileface> hehe
[16:41:33] <Smileface> wb
[16:41:36] <Moonlight> middag
[16:41:47] <Smileface> goede smiddags
[16:42:27] <Moonlight> hmz
[16:42:48] <Smileface> voel me nog steeds een hond...
[16:42:51] <Smileface> blijft blaffen
[16:43:16] <Moonlight> oh d8 in de spiegel gekeken :X
[16:43:33] * Moonlight zal wel eerst koffie zetten word ik miss zoet van
[16:43:56] <Smileface> haha
[16:44:10] <Smileface> neuh daar heb ik maar bewust niet in gekeken, als ik der ook nog is op lijkt komt niet goed ghe :P
[16:44:18] <Smileface> hehe
[16:44:19] <Smileface> !koffie Moonlight
[16:44:20] <Clank> hmmm koffie voor Moonlight zwart als de ziel, heet als de hel en zoet als de liefde ...
[16:50:21] <Moonlight> ghe
[16:50:40] <Moonlight> geen idee wrom ik ut zet maargoed :P
[16:51:18] <Smileface> hehe
[16:51:21] <Smileface> maakt niet uit :P
[16:51:27] <Moonlight> deed vanmorgen een uu over een kop koffie :P heb geluk dat mn koffiezetapparaat goede HETE koffie zet ghe
[16:51:59] <Smileface> hehe
[16:52:03] <Smileface> misschien maar goed ook
[16:53:06] <Moonlight> ghe en wat aardig weer
[16:53:17] <Moonlight> moest een stuk tekst lezen
[16:53:25] <Smileface> jah als je toch wacht koelttie iig niet zo veel af ghe
[16:53:26] <Smileface> ohwww
[16:53:37] <Smileface> enige tekst die ik zag was van de belasting dienst
[16:53:43] <Smileface> dus die schoof ik al snel aan de kant
[16:53:57] <Smileface> gegevens loon doorsturen naar de woningbouw ...
[16:54:52] <Moonlight> dus ik zeg heb last van mn keel..... zegt leraar... ah je kan wel lezen.... dus ik begin... zegt ie bij anderhalve zin al.... ja stop maar je hebt wel echt last van je keel dan is lezen niet verstandig.... pompidom.... neee goh.. echt.... serieus.... groeide mn neus toen ik het ZELF aangaf al ofzo?....
[16:55:32] <Smileface> ohw god
[16:55:39] <Smileface> luisteren van zo man is ook een vak zeker :|
[16:55:39] <Smileface> damn
[16:56:17] <Moonlight> soms.... ghe
[16:56:27] <Smileface> het blijven zwakzinnige soms die docenten
[16:57:35] <Moonlight> vermoeiend nu al laat staan volgende week ghe
[16:57:47] <Smileface> kan me wel iets bij voorstellen jah
[16:57:48] <Moonlight> ik had brief van de bel. dienst ook al binnen ja
[16:58:56] <Smileface> jah die zijn der als de kippen bij elke keer
[17:00:16] <Moonlight> na valt opzich mee is in juli al he
[17:00:47] <Smileface> jah ok dat is ook wel weer zo
[17:00:58] <Moonlight> is nog minder dan 3 mnd om dat voor alleeeeeeeeeeee huurders uit te zoeken dus
[17:01:11] <Moonlight> opzich niet heul lang
[17:01:22] <Smileface> jah maar meeste zal wel automatisch gaan toch?
[17:01:24] <Moonlight> maar jij moet het zelf doorgeven?
[17:01:40] <Smileface> nee volgens mij regelen ze het zeluf met de woning bouw volgens mij
[17:01:56] <Moonlight> oke dan begreep ik um verkeerd :P
[17:02:04] <Smileface> gaat om vorig jaar dacht ik, dus deze maand moet ik sowieso nog alles af maken ghe
[17:02:08] <Smileface> voor eerste kwartaal nog
[17:02:42] <Moonlight> idd bel.dienst stuurt het naar woningbouw en die maakt de berekening dan kun je eventueel nog in bezwaar... dus tis echt niet lang
[17:02:50] <Moonlight> bij mij om 014
[17:02:53] <Moonlight> 2014
[17:03:07] <Smileface> ojah idd
[17:03:09] <Smileface> hier ook ghe
[17:03:12] <Moonlight> lol
[17:03:18] <Smileface> hmm nou dan gaat em huur wel omlaag lijkt me toch :P
[17:03:23] <Smileface> 2013 ff denken
[17:03:32] <Moonlight> bij jou is dat positief bij mij negatief :P
[17:03:36] <Smileface> 2014
[17:03:52] <Smileface> volgens mij zat ik dat jaar thuis toen
[17:03:56] <Moonlight> jup
[17:04:08] <Smileface> zou ik dan ook huursverlaging krijgen? :P (A)
[17:04:17] <Moonlight> ghe
[17:04:35] <Escovan> ik kom niet meer bij. #unbreakablekimmyschmidt!
[17:04:36] <Smileface> zal vast wel niet
[17:04:42] <Escovan> psies
[17:04:45] <Smileface> de wat?
[17:04:55] <Moonlight> ook hoi
[17:04:56] <Escovan> Netflix dude
[17:05:00] <Smileface> goede middag
[17:05:09] * Smileface doet niet aan betaalde diensten
[17:05:15] <Escovan> arrrr
[17:05:16] <Smileface> alleen tv dan amar zit bij me internet in ghe
[17:05:18] <Escovan> pirate!
[17:05:21] <Smileface> truee
[17:05:47] <Escovan> Ik krijg genoeg overheidssteun om Netflix en Spotify te hebben 
[17:06:33] <Smileface> jah verschil moet zijn natuurlijk
[17:06:41] <Smileface> niet iedereen wordt gesponsordt in dit leven
[17:07:06] <Escovan> niet iedereen is een potentieel psychopaat!
[17:07:27] <Smileface> true dat is waar
[17:07:45] <Smileface> we hebben ook gekken nodig in deze wereld om de "balans" te vinden
[17:07:49] <Escovan> :P
[17:08:01] <Smileface> ik mag alleen door als geschift, maar mij geven ze geen label
[17:08:20] <Escovan> Jij? Jij bent anti-sociaal Smileface ... trust me
[17:08:43] <Smileface> ik?
[17:08:45] <Smileface> neeh hoor valt mee
[17:08:53] <Smileface> ik lijk wel anti sociaal dat klopt
[17:09:02] <Smileface> maar ben in real redelijk sociaal hoor
[17:09:07] <Smileface> dus dat is hem niet
[17:09:26] <Escovan> ja, anti socialen lijken redelijk goed sociaal, dat is hun charme
[17:09:55] <Smileface> neeh maar als ik sociaal was deed ik ook verkeerde werk natuurlijk hea ;P
[17:10:07] <Smileface> bean in real sociaal niet toetsenbord sociaal
[17:10:08] <Smileface> :P
[17:10:19] <Escovan> Hmja, jij kan praatjes maken met willekeurige mensen ...
[17:10:32] <Escovan> omdat je juist niet aan hen bindt
[17:11:27] <Smileface> true dat zeker
[17:12:53] <Smileface> ik lul met iedereen dat scheelt
[17:13:42] <CodJer> joehoe Moonlight we zijn sociaal :O
[17:14:23] <Moonlight> joehoe CodJer
[17:15:07] <Moonlight> iemand die weet hoe het hoort *highfive *lowfive* *fiveinyourface* *almeterafstandhoudend*
[17:16:03] <CodJer> hahaha.. Is er geen sociaal liedje ;p?
[17:17:20] <Moonlight> heb wel deze voor je CodJer https://www.youtube.com/watch?v=6-UEiokBw5E
[17:19:37] <CodJer> oeh jottem!
[17:20:00] <Moonlight> vind deze altijd wel sociaal https://www.youtube.com/watch?v=ZttPKEm3pVU
[17:20:07] <Smileface> middag CodJer
[17:20:11] <CodJer> ola Smileface 
[17:20:27] * Smileface had ff sociaal foontje
[17:20:30] <Smileface> neeh klanten
[17:20:48] <Escovan> zie!
[17:22:24] <Moonlight> ghe
[17:22:30] <Smileface> haha
[17:22:48] * Moonlight moest eerst rondkijken waar ze dr foon neer had gegooid bij thuiskomst
[17:24:11] <Smileface> lol
[17:24:17] <Smileface> handig
[17:24:59] <Moonlight> jad8 ineens bij je ''foonje'' ohhh ja foon heb ik ook nog
[17:25:01] <Moonlight> ghe
[17:25:09] <Moonlight> +t
[17:29:42] <Smileface> lol
[17:29:55] <Smileface> de speurtocht naar de verloren foon
[17:32:04] <CodJer> Aufstehen!
[17:32:32] <Moonlight> later!
[17:32:38] <CodJer> huh?
[17:32:39] <Smileface> haha
[17:32:41] *** Moonlight is now known as Moon[afk]
[17:32:49] <Smileface> totzo
[17:33:16] <CodJer> Da´s Escovan haben wir nicht gewüßt of haben sich nicht gewassen?
[17:33:37] * CodJer in gesprek met een duitserin, dan heb je dat he -.-..
[17:34:40] <Smileface> eeeh
[17:34:52] <Smileface> nou jah alst om duits gaat, dan eeh sla ik sowieso over dat weet je
[17:35:15] <CodJer> Ho ho, niets beter dan de duitse gröndligheid. *ofzeauiets*
[17:35:21] <Smileface> :|
[17:35:25] <Smileface> duitsers zijn niet gezellig
[17:35:33] <Smileface> te veel bier en bradworsten :P
[17:42:33] <CodJer> he, hou je op..
[17:49:33] <Smileface> hehe
[17:49:40] <Smileface> kut duitsers :P
[17:49:51] <Smileface> die graven zich alleen maar in als zeop het strand zitten :P
[18:00:53] <Artoo> Breaking news from 9GAG RSS feed | Free 9GAG RSS feed!
[18:00:55] <Artoo> (1) Am I right?
[18:00:57] <Artoo> (2) Ellen as President...
[18:00:59] <Artoo> (3) I think more Downloadable games should do this!
[19:12:23] *** Joins: Kevin (~WuP_Webchat@WuP-k2jjut.dynamic.ziggo.nl)
[19:12:24] <Artoo> Kevin <-- join #nl_chat Welkom :P
[19:12:28] *** Clank sets mode: +v Kevin
[19:17:50] *** Quits: Kevin (~WuP_Webchat@WuP-k2jjut.dynamic.ziggo.nl) (Connection closed)
[20:00:55] <Artoo> Breaking news from 9GAG RSS feed | Free 9GAG RSS feed!
[20:00:57] <Artoo> (1) Reality?
[20:00:59] <Artoo> (2) Elementary. My dear, Watson.
[20:01:01] <Artoo> (3) Metro magic
[20:29:14] *** Joins: Kevin (~WuP_Webchat@WuP-k2jjut.dynamic.ziggo.nl)
[20:29:15] <Artoo> Kevin hallo welkom in #nl_chat Vertel is wat leuks?
[20:29:19] *** Clank sets mode: +v Kevin
[20:32:04] <Smileface> avond Kevin
[20:32:16] <Kevin> avond
[20:34:40] *** Quits: Kevin (~WuP_Webchat@WuP-k2jjut.dynamic.ziggo.nl) (Connection closed)
[20:39:45] <CodJer> Cyabyelayter
[21:21:53] <Escovan> CodJer, stomme mof! 
[21:21:59] <Escovan> GEGEN DIE MAUER!
[21:22:10] <CodJer> de fuq?
[21:22:13] <CodJer> Hou je bek gek.
[21:22:16] <Escovan> :P
[21:22:33] <Escovan> IK zeg dit met mijn MOND dicht ja
[21:22:45] <Escovan> Daarom is IRC ook zo relaxt
[21:22:51] <Escovan> Als iemand schreeuwt
[21:22:56] <Escovan> is het hooguit caps
[21:24:36] <Smileface> eeeh najah ben nog niet blind, dus caps is niet nodig toch?
[21:24:54] <Smileface> maar stomme mof? :|
[21:25:06] <Smileface> toch wel je pilletjes ingenomen esco?
[21:25:17] <Smileface> bedoel anders wordt het zo alsnog vliegen, blijven niet bezig
[21:30:49] <Moon[afk]> https://www.youtube.com/watch?v=--_KyuZMsnA
[21:31:11] <Smileface> hehe
[21:31:13] <Smileface> nice :P
[21:31:45] <Moon[afk]> ghe
[21:32:05] *** Moon[afk] is now known as Moonlight
[21:32:28] <Smileface> wb
[21:32:36] <CodJer> wb indeed
[21:32:41] <CodJer> En altijd een lekker nummer.
[21:32:47] <Moonlight> dat wisten jullie al tsss
[21:32:54] <Smileface> true
[21:33:10] <Moonlight> ja ik baal nog steeds dat ik geen sociaal liedje kon vinden CodJer :(
[21:33:29] <Moonlight> ik hou van toepasselijke liedjes
[21:33:31] <Moonlight> snif
[21:35:27] <CodJer> I know.. We zaten die ene toch te fucken met goddeloze nummers :P?
[21:36:06] <Moonlight> ghe
[21:48:50] <Escovan> Smileface, scroll es terug naar 17:33 
[21:49:11] <Escovan> _context_
[21:49:25] <Smileface> wat is daar mee, dat had ik gelezen
[21:49:29] <Moonlight> pompidom
[21:49:32] <Smileface> maar ik ben geen politieagentje
[21:49:51] <Smileface> anders zal ik is zoeken naar een babyoppas
[21:50:02] <Escovan> blup
[21:50:46] <Smileface> jah ga elkaar ff lekker in de haren zitte buiten de scroll om, vechten mag je in #support als iedereen uitgevoeterd is kan je daar handjes geven weer
[21:51:43] <Moonlight> Helixum is de babyoppas daar?:X
[21:51:58] * CodJer brand zijn handjes niet mensen die een overvloed aan drugs snuffelen & schizofrenische kenmerkjes eraan overhouden.. 
[21:51:58] <Escovan> !peuk
[21:51:58] <Clank> Escovan steekt nog maar een peuk op, hmmm heerlijk en nodig! :p 
[21:52:11] <Smileface> neeh hoor, maar daar kennen ze elkaar van kant maken eerst, bedoel hoor vanzelf als der eentje uitgemoord is
[21:52:12] <Escovan> Lekker ...
[21:52:14] <Escovan> dood gaan
[21:52:53] * Smileface geeft je vast een aardappelschilmesje, volgens mij ken je er geneog mee doen dan
[21:53:05] <Moonlight> :|
[21:53:14] <Escovan> je bent echt niet goed in contextuele grappen
[21:53:44] <Moonlight> sfeertje...
[21:54:14] <CodJer> Go Lex :|
[21:54:33] * CodJer geeft een tip ook een riem mee te geven..
[21:54:44] <Smileface> gewoon niet zielig doen Escovan bedoel, als je gaat vragen om dingen, kan je antwoord krijgen, of het van gebruiker is of van een admin. Bedoel ik hou het tot nu toe altijd netjes zal ik ook altijd doen ook. Bedoel je mag er ook gewoon de aardappelen mee schillen
[21:54:48] <Smileface> en jer ff buiten blijven
[21:54:53] <Smileface> buiten het gesprek
[21:55:19] <Smileface> maar jij heb een probleem met CodJer, ik met niemand, alleen ga mij er niet tussen zetten
[21:55:36] <Smileface> dus je kan met CodJer vechten in #support, daar ga ik niet tussen zitten
[21:55:49] <Smileface> als je aan het eidne van de rit maar wel oplost en roomschoonmaak
[21:55:55] <Smileface> wil geen bloed opruimen
[21:56:39] <Moonlight> peuk opsteken dus.... lekker doodgaan.... en dan wordt er met aardappelschilmesjes gegooid?.... ja wut?
[21:56:55] <Moonlight> doe eens ff relaxeddddddddd ofzo
[21:56:57] <Moonlight> https://www.youtube.com/watch?v=bqZ-q50Voi0
[21:57:41] <Smileface> hehe
[21:58:00] <Smileface> tjah zolang ik er maar niet bij betrokken wordt, vink het goed
[21:58:09] * Moonlight vraagt zich af of ze de enige nog is die kan lezen.....
[21:58:44] <Smileface> verder benk wel relaxed hoor, maar ga niet elke keer tussen ze in staan
[21:59:56] <Moonlight> als Escovan te ver gaat go for it.... maar met je aardappelschilmesje ging je zelf te ver die was onnodig....
[22:00:51] <Artoo> Breaking news from 9GAG RSS feed | Free 9GAG RSS feed!
[22:00:53] <Artoo> (1) Worst experience ever. Scared the shit out of me.
[22:01:46] <Moonlight> https://www.youtube.com/watch?v=wIvus-LWTjA
[22:02:47] <Smileface> https://www.youtube.com/watch?v=4wSr7h_pjxs
[22:02:50] <Smileface> die liever maar
[22:03:37] <Moonlight> ik niet
[22:04:17] <CodJer> https://www.youtube.com/watch?v=U1ei5rwO7ZI
[22:05:19] <Moonlight> https://www.youtube.com/watch?v=9zPYHIHFqtg
[22:05:26] <Smileface> https://www.youtube.com/watch?v=J-tvJcTPxHc
[22:05:28] <Smileface> dan ga ik voor die
[22:06:14] <Moonlight> probeer het maar :P
[22:06:29] <Smileface> alles valt te doen
[22:06:33] <Smileface> maar hou me in ghe
[22:07:19] <Moonlight> beetje flauw
[22:09:00] <Moonlight> https://www.youtube.com/watch?v=pjcOzqxu4JQ
[22:09:34] <CodJer> https://www.youtube.com/watch?v=A64Q5ROfNg0
[22:15:56] <Moonlight> https://www.youtube.com/watch?v=UevovXlD5vw *denk er een te blijo hoofd bij* vooral leuk in de auto
[22:16:27] <CodJer> ghe.
[22:16:35] <CodJer> ja, met het raam open. op de markt, en loeihard aan.
[22:17:24] <Moonlight> nee geluid is niet nodig beeld is genoeg om weggebruikers vreemd te laten kijken, heel blijo leip doen en dd maar stoicijns voor zichuit kijken:X
[22:29:50] <CodJer> haha..
[22:30:25] <CodJer> Deed ik wel eens met me zus, toen ze koerier was. Vulgaire handbewegingen in de file en de rest maar kijken. Zij met een rood hoofd. Ach, ik wordt oud..
[22:32:06] <Moonlight> :P
[22:53:14] <Moonlight> pompidom
[22:58:14] <CodJer> badumtss
[23:16:35] *** Joins: steef (~WuP_Webchat@WuP-3d1m0a.direct-adsl.nl)
[23:16:36] <Artoo> hi steef
[23:16:40] *** Clank sets mode: +v steef
[23:16:44] <steef> hi
[23:26:43] <steef> mellissa&joey kijken
[23:39:31] *** Quits: steef (~WuP_Webchat@WuP-3d1m0a.direct-adsl.nl) (Connection closed)
[23:40:57] *** Joins: steef (~WuP_Webchat@WuP-3d1m0a.direct-adsl.nl)
[23:40:58] <Artoo> Welkom steef in #nl_chat maak het zelf gezellig :-)
[23:41:02] *** Clank sets mode: +v steef
