[00:00:55] <Artoo> Breaking news from 9GAG RSS feed | Free 9GAG RSS feed!
[00:00:57] <Artoo> (1) As a 24-year-old virgin
[00:00:59] <Artoo> (2) Hugh Jackman (47) with his wife Deborra-lee Furness (60)
[00:01:01] <Artoo> (3) [Dark Souls 3] Nope.
[00:28:52] *** Quits: steef (~WuP_Webchat@WuP-3d1m0a.direct-adsl.nl) (Connection closed)
[01:41:06] *** Joins: bacoman41 (~WuP_Webchat@WuP-0q8kmg.dynamic.ziggo.nl)
[01:41:07] <Artoo> hi bacoman41
[01:41:11] *** Clank sets mode: +v bacoman41
[01:42:30] *** Quits: bacoman41 (~WuP_Webchat@WuP-0q8kmg.dynamic.ziggo.nl) (Connection closed)
[02:00:52] <Artoo> Breaking news from 9GAG RSS feed | Free 9GAG RSS feed!
[02:00:54] <Artoo> (1) Shut up and take my money.
[02:00:56] <Artoo> (2) I regret nothing!
[02:00:58] <Artoo> (3) McLovin!
[02:04:24] <Moonlight> !news gag 3
[02:25:20] <Smileface> !news gag 1
[02:49:00] *** Moonlight is now known as Moon[afk]
[04:00:53] <Artoo> Breaking news from 9GAG RSS feed | Free 9GAG RSS feed!
[04:00:55] <Artoo> (1) Revolution always comes at the worst times
[04:00:58] <Artoo> (2) A view of farms in Saudi Arabia from above.
[06:00:47] <Artoo> Breaking news from 9GAG RSS feed | Free 9GAG RSS feed!
[06:00:49] <Artoo> (1) My favorite version of this gif
[07:57:57] *** Smileface is now known as smileface
[08:00:54] <Artoo> Breaking news from 9GAG RSS feed | Free 9GAG RSS feed!
[08:00:55] <Artoo> (1) When you are drunk and your friend pours a drink for you
[08:00:57] <Artoo> (2) Relationship Goals
[08:01:00] <Artoo> (3) School bus rollover crash test, with and without safety belts
[09:30:40] <Escovan> mogguh
[12:00:54] <Artoo> Breaking news from 9GAG RSS feed | Free 9GAG RSS feed!
[12:00:57] <Artoo> (1) Bed time rage
[12:00:59] <Artoo> (2) Brain over muscle ftw!
[12:01:00] <Artoo> (3) Wishes for Kiwis
[14:46:33] *** Joins: Kevin (~WuP_Webchat@WuP-k2jjut.dynamic.ziggo.nl)
[14:46:34] <Artoo> Welkom Kevin in #nl_chat maak het zelf gezellig :-)
[14:46:38] *** Clank sets mode: +v Kevin
[14:49:36] *** Kevin is now known as Volkswagen1998
[16:00:55] <Artoo> Breaking news from 9GAG RSS feed | Free 9GAG RSS feed!
[16:00:57] <Artoo> (1) Creativity or poverty?
[16:00:59] <Artoo> (2) Savage
[16:01:01] <Artoo> (3) Buzz look, a mistake in the title!
[16:01:08] <Volkswagen1998> !news gag 3
[16:06:08] *** smileface is now known as Smileface
[16:12:09] <Smileface> middag
[16:17:58] <Volkswagen1998> middag 
[16:18:06] <Smileface> he
[16:20:20] <Smileface> hmm niets op tv dan maar radio aan
[16:24:04] * Escovan is now listening to: Lilly Wood and The Prick - Prayer In C - Robin Schulz Remix
[16:24:11] <Escovan> hi Smileface 
[16:24:20] <Smileface> middag esco
[16:24:47] <Escovan> Ik bedoelde het gisteren zeker niet slecht hoor, maar de interpretatie aan de andere kant ging fout, 2x ... toen heb ik de computer maar uit gezet.
[16:26:41] <Smileface> soms verstandiger, was vanuit mijn kant ook niet nodig maar goed vind niet dat ik er als politieagentjes tussen moet staan. iedereen weet nu wel wat wel en niet kan. plus je kan samen oplossen
[16:29:09] <Volkswagen1998> hi Escovan 
[16:38:01] <Smileface> hmm zo maar is verder met layout recht trekken weer geloof ik ghe
[16:38:09] <Smileface> schiet lekker op, faal project ghe
[16:51:40] <Volkswagen1998> grrr 
[16:51:48] <Smileface> hmm soms is een nachtje slapen goed voor ontwikkeling ofzo... per toeval vink nu een antwoord ghe
[16:56:25] <Smileface> riders on the stormmmmm
[16:57:36] <Volkswagen1998> nfs Smileface 
[16:58:25] <Smileface> nfs nog wel :P?
[16:59:58] <Volkswagen1998> nfs= need for speed
[17:00:19] <Smileface> lol
[17:00:20] <Smileface> true
[17:00:24] <Smileface> daar zit die ook i
[17:00:24] <Smileface> n
[17:00:28] <Smileface> maar ook in gta zelfs
[17:12:44] *** Quits: Volkswagen1998 (~WuP_Webchat@WuP-k2jjut.dynamic.ziggo.nl) (Connection closed)
[17:25:56] <Smileface> i was for made in love with you babyyyyy
[17:29:23] <Escovan> *I was made for lovin´ you baby
[17:36:22] <Smileface> jah maar deze zin kwam volgens mij ook ergens voorbij
[17:38:26] <Escovan> weet ik veel, ik ben maar een minion met 80% lyrics in zijn geheugen.
[17:44:17] <Smileface> hahaha
[17:44:22] <Smileface> najah ik tik over wat ik hoo r
[17:44:26] <Smileface> gaat ook niet altijd goed
[17:44:30] <Smileface> radio aan geen tv vandaag
[17:44:36] <Smileface> najah zo pas
[17:55:25] *** Moon[afk] is now known as Moonlight
[17:55:57] <Moonlight> middag nog net
[17:56:02] <Smileface> goede smiddags ghe :P
[17:56:03] <Smileface> wb
[17:56:19] <Smileface> bornnn this wayyyy
[17:58:44] <Moonlight> "Geachte heer/mevrouw,
[17:58:44] <Moonlight> U ontvangt deze e-mail, omdat uit onze administratie gebleken is dat het door u te betalen bedrag 
[17:58:44] <Moonlight> voor de geleverde T-Mobile-internetdiensten van de maand maart niet van uw rekening kon worden afgeschreven. 
[17:58:44] <Moonlight> Wij hebben u meerdere malen per brief verzocht om over te gaan tot betaling, 
[17:58:44] <Moonlight> daarom attenderen wij u per mail dat het betalingstermijn inmiddels is verstreken. ''
[17:59:02] <Smileface> :|
[17:59:04] <Smileface> lol
[17:59:09] <Smileface> sinds wanneer heb je t mobiele
[17:59:15] <Moonlight> "Bedrag en specificaties
[17:59:15] <Moonlight> Wij bieden u nog een laatste mogelijkheid aan om het openstaande bedrag van €78,00 alsnog binnen 3 werkdagen te voldoen. 
[17:59:15] <Moonlight> Door onderstaande stappen te volgen kunt u dit openstaande bedrag eenvoudig via V3 betalings groep betalen.''
[17:59:24] <Smileface> 78 euro :|
[17:59:27] <Moonlight> duur abonemmentje :O
[17:59:41] <Smileface> idd
[17:59:52] <Smileface> ik betaal 64 euro voor twee nummer ...
[17:59:57] <Smileface> bij vodafone
[18:00:11] <Smileface> mijn abbo is volgens mij 45 euro van nummer wat iedereen kent
[18:00:15] <Moonlight> ja maar dit zou dus internet zijn he
[18:00:18] <Smileface> maar dit is wel heel veel
[18:00:20] <Smileface> jah idd
[18:00:30] <Smileface> maar is die echt dan? :|
[18:00:45] <Moonlight> en ik heb idd geen t mobile :P en ook nooitgehad
[18:00:55] <Artoo> Breaking news from 9GAG RSS feed | Free 9GAG RSS feed!
[18:00:57] <Artoo> (1) I hate Apple products especially MACdonalds
[18:00:59] <Artoo> (2) Little worried they may ruin it though...
[18:01:01] <Smileface> hehe
[18:01:01] <Artoo> (3) Never forget
[18:01:02] <Smileface> denk al
[18:01:03] <Smileface> ghe
[18:01:31] <Moonlight> had ik wel gelijk dat belgen stom zijn
[18:01:46] <Moonlight> adres waar het mee verstuurd is: 1@knbsjs.be
[18:01:51] <Smileface> hahahah
[18:01:52] <Smileface> idd
[18:02:06] <Escovan> Klik ¨Phishing¨ - doei
[18:02:10] <Smileface> terug mailen heeft weinig zin wss, anders terug mailen je bent een stomme belg :P
[18:02:16] <Escovan> moet je ook niet doen
[18:02:29] <Escovan> dan weten ze dat ze ¨iemand¨ hebben bereikt
[18:02:37] <Moonlight> ghe Smileface
[18:03:38] <Smileface> (A)
[18:06:27] <Escovan> http://partyflock.nl/images/user/750711_2684567o.jpg
[18:06:29] <Clank>  Titel: No title found.
[18:06:44] <Smileface> zit wel een envelop bij esco
[18:06:48] <Smileface> stuur op naar belgie
[18:07:22] <Moonlight> ey best kloppend dit x :P http://image2.nametests.com/result_image/962da3b4c892d93b23c339643dddba08.jpg
[18:07:23] <Clank>  Titel: No title found.
[18:07:48] <Escovan> does es link orginele test
[18:08:27] <Escovan> hij is wel treffend voor jou ja
[18:08:59] <Moonlight> goedemiddag Moonlight wil je de link van die test sturen? middag Escovan, natuurlijk! http://nl.nametests.com/test/ontdek-jouw-3-heerlijke-tekortkomingen/7008/
[18:09:01] <Clank>  Titel: Ontdek jouw 3 heerlijke tekortkomingen!
[18:09:10] <Smileface> hahah moon :P
[18:10:03] <Smileface> http://image2.nametests.com/result_image/955e78352206613556c964003d161863.jpg
[18:10:04] <Clank>  Titel: No title found.
[18:10:07] <Smileface> het klopt wel moet ik zeggen
[18:10:15] <Smileface> dat eerste hoorde ik al op de basis school
[18:10:30] <Smileface> Iedereen heeft gebreken. Maar jij hebt geleerd om je gebreken in sterke punten om te zetten. Op deze manier bereik je je doelen, zowel in je persoonlijke als in je professionele leven. Je verliest de moed niet door je zwakheden, maar in plaats daarvan verander je ze in jouw voordeel. Ga zo door! Wat voor beminnelijke zwakheden hebben jouw vrienden? Deel het resultaat met je vrienden en laat ze ook deze test doen!
[18:11:25] <Moonlight> nou autoritair ben je echt niet :X
[18:11:31] <Smileface> hehehe
[18:11:54] <Smileface> ik kan het ook best wel zijn, mar gebeurd niet veel meer nee
[18:12:18] <Moonlight> je denkt het te zijn het komt alleen niet over :X
[18:12:22] <Moonlight> :P
[18:12:33] <Smileface> hahaha
[18:12:35] <Smileface> dat is het
[18:12:36] <Escovan> https://1712.nl/images/Escovan_Gebreken.jpg
[18:13:01] <Smileface> kieskeurig vraag ik me dan wel weer af esco :P
[18:13:19] <Smileface> de rest eeh kritisch eeh, volgens mij valt dat ook wel mee, maar zou kunnen natuurlijk
[18:13:53] <Escovan> tja... Facebook kent mij al langer :P
[18:16:39] <Smileface> dat is het
[18:16:43] <Smileface> die kent je te goed
[18:16:45] <Moonlight> spreekt elkaar weer lekker tegen van pessimistisch naar optimistisch in a flash http://image2.nametests.com/result_image/b4cc04bd272e4ae0da97b99f69dae5b9.jpg
[18:16:48] <Smileface> eigenlijk vind die antwoorden best eng ghe
[18:17:00] <Clank>  Titel: No title found.
[18:17:02] <Smileface> hehehe
[18:17:16] <Smileface> heb je ook wat aan ghe
[18:19:57] * Escovan is now listening to: Imagine Dragons - Demons
[18:26:59] <Moonlight> http://nl.nametests.com/test/wat-onthult-onze-opiniepeiling-over-jou/8738/
[18:27:00] <Clank>  Titel: Wat onthult onze opiniepeiling over jou?
[18:27:28] <Smileface> beetje kut dat je trouwens alles moet aanmelden op fb
[18:27:50] <Smileface> http://image2.nametests.com/result_image/54325073cf2f22b86073424f01a5c627.jpg
[18:27:58] <Clank>  Titel: No title found.
[18:28:34] <Moonlight> ik hor bij de 5 stemmers (A)
[18:28:42] <Smileface> hehehe
[18:28:42] <Smileface> true
[18:28:44] <Smileface> ik ook hoor
[18:28:45] <Smileface> :P
[18:28:47] <Smileface> cheat graat
[18:29:50] <Smileface> g
[18:30:19] <Moonlight> ghe
[18:33:45] *** Joins: Kevin (~WuP_Webchat@WuP-k2jjut.dynamic.ziggo.nl)
[18:33:45] <Artoo> Welkom Kevin in #nl_chat maak het zelf gezellig :-)
[18:34:00] *** Clank sets mode: +v Kevin
[18:34:13] <Smileface> wb Kevin
[18:34:16] <Kevin> tx
[18:35:00] <Smileface> nog wat wezen dan'
[18:35:35] <Kevin> nej 
[18:35:51] <Smileface> vertel dan is wat anders leuks ofzo ;P
[18:36:08] <Kevin> MC is cool, 
[18:36:13] <Smileface> lol
[18:38:11] <Smileface> when a ladyyy smiliesss
[18:39:04] <Moonlight> you know its drives me wild
[18:39:07] <Moonlight> -s
[18:39:16] <Smileface> hehe
[18:39:20] <Smileface> idd
[18:39:32] <Smileface> she wants me in my handsss
[18:39:44] <Moonlight> uh
[18:40:17] <Smileface> sommige dingen blijven gelukkig bij teksten ghe ;P
[18:40:19] <Moonlight> de orginele tekst is weer niet goed genoeg?:X
[18:40:28] <Smileface> jahwel hoor :P
[18:40:42] <Moonlight> verzin dan niet zelluf wat
[18:40:46] <Moonlight> :P
[18:43:10] <Smileface> staat hier op sting radio :P
[18:44:36] <Moonlight> she holds me in her hands* ..... is het.... toch net wat anders enz... lijkt me sterk dat ze op sting radio hun eigen versie hebben :X
[18:44:50] <Smileface> ojah idd ghe
[18:45:00] <Smileface> zat nog wel te twijfelen maar vond ook wel leuk klinken ghe :P
[18:46:09] <Smileface> ohwww my little pritty oneee
[18:46:42] <Moonlight> pritty de prittstift?(a)
[18:46:49] <Smileface> hahaha
[18:47:01] <Smileface> pretty is het niet volgens mij tocht?
[18:47:07] <Moonlight> jawel
[18:47:11] <Smileface> lol
[18:47:12] <Smileface> ghe
[18:47:14] <Smileface> najah ook goed ghe
[18:47:25] <Moonlight> :P
[18:47:26] <Smileface> we komen er wel ghe ;p
[18:48:30] * Moonlight zet wel een ramcursus nl/duits/engels op de planning
[18:48:46] <Smileface> hehe
[18:48:52] <Smileface> dat wordt dan gewoon naar het klooster toe ofzo ghe
[18:49:26] <Moonlight> nee een ramcursus van mij.. elke fout krijg je een ram... leer je het snel genoeg
[18:49:41] <Smileface> hehehe
[18:53:30] <Moonlight> (a)
[18:54:51] <Smileface> eerst weer is wachten op mee zingers ghe :P
[18:54:56] <Smileface> this weer niets ;p
[18:56:56] <Moonlight> ghe
[18:58:31] <Smileface> eerst maar is ff met water spatteren ghe
[18:58:32] <Smileface> brb
[19:01:12] <Moonlight> totzo
[19:08:17] *** Quits: Kevin (~WuP_Webchat@WuP-k2jjut.dynamic.ziggo.nl) (Connection closed)
[19:16:58] <Smileface> zo en schoon
[19:19:12] * Moonlight doet het raam weer dicht de stank is idd ineens weg
[19:19:19] <Smileface> hehe
[19:19:24] <Smileface> jah dat idee had ik zelf ook al beetje ghe
[19:20:05] <Moonlight> oh was jij ut :O ik d8 Kevin
[19:20:12] <Smileface> hehe
[19:20:23] <Smileface> die was me te verweg dus die konk al niet ruiken
[19:20:23] <Moonlight> :P
[19:20:27] <Smileface> gfi waar die btw
[19:20:31] <Smileface> den haag ofzo
[19:21:09] <Moonlight> maakt me niet uit waar die zit zolang ie daar blijft met zn sprookjesboeken
[19:21:33] <Smileface> in sprookjesland dus ghe :P
[19:21:44] <Smileface> moet zeggen hij heeft laatste tijd niet zo veel onzin meer
[19:21:49] <Moonlight> na laatste tijd valt het mee
[19:21:58] <Moonlight> lol wou ik net zeggen ja
[19:21:59] <Smileface> idd ghe :P
[19:22:08] <Smileface> haha
[19:22:43] <Moonlight> van sprookjesland naar mcland
[19:22:59] <Smileface> ahw beter daar dan in sprookjes ghe
[19:23:56] <Moonlight> wil um de volgende keer wel vragen of ie een ongeluk gehad heeft?
[19:24:40] <Moonlight> beide duimen verloren... verklaart het gebrek aan duimzuigerij
[19:26:20] <Smileface> hahaha
[19:26:29] <Smileface> najah denk alleen dat die hem zelf neit gaat snappen dan :P
[19:27:29] <Moonlight> dat ben ik gewend van mensen ondertussen
[19:27:51] <Smileface> true dat is dan ook wel weer zo
[19:29:26] <Smileface> eerst ffies eten
[19:29:34] <Moonlight> eetse
[19:29:46] <Moonlight> me too gezellig ghe
[19:47:27] <Smileface> haha
[19:47:32] <Smileface> eetsmakelijk
[20:00:53] <Artoo> Breaking news from 9GAG RSS feed | Free 9GAG RSS feed!
[20:00:55] <Artoo> (1) Remember to take your heels off
[20:00:57] <Artoo> (2) When your owner is a motherf**ker
[20:00:59] <Artoo> (3) The royals give archery a shot...
[20:01:23] <Moonlight> !news gag 2
[20:02:17] <Smileface> !news gag 3
[20:02:20] <Moonlight> http://9gag.com/gag/am9bAov
[20:02:21] <Clank>  Titel: When your owner is a motherf**ker - 9GAG
[20:02:29] <Moonlight> !news gag 1
[20:02:31] <Smileface> http://9gag.com/gag/a776nrm
[20:02:31] <Clank>  Titel: The royals give archery a shot... - 9GAG
[20:02:40] <Smileface> lol
[20:03:07] <Smileface> allebei trouwens hahaha
[20:03:08] <Moonlight> proest http://9gag.com/gag/axjnW4L
[20:03:09] <Clank>  Titel: Remember to take your heels off - 9GAG
[20:03:59] <Smileface> lolz
[20:04:08] <Smileface> en dan daarna uit leggen hoe die gaten der in komen
[20:04:20] <Smileface> jah sorrie der waren twee duiven ghe
[20:04:22] <Smileface> lolz
[20:16:45] <Smileface> wtf half miljoen mensen zitten in de ahoy naar grote schermen te kijken hoe mensen spelletje spelen
[20:16:47] <Smileface> :|
[20:19:20] <Moonlight> ?
[20:21:37] <Smileface> http://nos.nl/op3/artikel/2099526-duizenden-fans-kijken-naar-hun-gamende-helden-in-ahoy.html
[20:21:38] <Clank>  Titel: } {        Duizenden fans kijken naar hun gamende helden in Ahoy | NOS} {    
[20:25:59] <Moonlight> okeee
[20:26:05] <Smileface> hehe
[20:26:06] <Smileface> idd
[20:26:39] <Smileface> had echt zo iets eeeh kan spannend zijn, maar dan kan je beter gewoon met elkaar tegen elkaar spelen ofzo dat lijkt me boeiender
[20:26:47] <Moonlight> ja ''hoe mensen spelletje spelen'' was nogal ruim kon ok een potje ganzenborden zijn
[20:26:54] <Smileface> haha
[20:27:03] <Smileface> jah was al opzoek naar link, maar die konk zo snel niet vinden
[20:31:27] <Smileface> sbs 6 honden compilaties :P
[20:36:02] <Moonlight> have fun :p
[20:36:12] <Smileface> jah najah was al weer voorbij
[20:36:24] <Moonlight> lol
[20:37:57] <Smileface> http://www.nu.nl/binnenland/4247982/bestuurder-zonder-rijbewijs-ramt-haarlemse-politieauto.html
[20:37:58] <Clank>  Titel: Bestuurder zonder rijbewijs ramt Haarlemse politieauto | NU - Het laatste nieuws het eerst op NU.nl
[20:38:18] <Smileface> hmm volgens mij... lijkt me niet handig om al een politie auto te rammen als ej geen rijbewijs hebt :P
[20:38:28] <Smileface> als je niet op wilt vallen moet je dat dus zeker niet doen dacht ik zo :L (A)
[20:38:30] <Smileface> hahaha
[20:38:43] <Moonlight> ghe
[20:39:18] <Smileface> best domme actie haha
[20:40:10] *** Joins: IkkeDD (~nl_chat@WuP-ns9.q81.129.145.IP)
[20:40:10] <Artoo> IkkeDD <-- join #nl_chat Welkom :P
[20:40:15] *** Clank sets mode: +v IkkeDD
[20:40:15] *** WuP sets mode: +o IkkeDD
[20:40:21] <IkkeDD> !deop
[20:40:21] *** WuP sets mode: -o IkkeDD
[20:40:22] <Smileface> avondd
[20:40:30] <IkkeDD> avond
[20:40:52] <Smileface> laat terug?
[20:40:54] <Smileface> net van werk?
[20:41:16] <IkkeDD> rusie met pc...
[20:41:16] <Moonlight> serieus?:P
[20:41:23] <Smileface> :OOO
[20:41:34] <Smileface> schiet lekekr op
[20:41:41] <Smileface> zeker vanwege die windows 10 of niet ?
[20:41:46] <Moonlight> heb toch gezegd donderdg dat zn pc echt dood was
[20:42:21] <Smileface> jah dat was donderdag, zo verrijkt me kort termijn geheugen niet hea :O:O
[20:42:23] <IkkeDD> bleef een of andere foutmelding krijge...nu een oud 40gig schrijfje er in,andere geheugen er in en nieuwe instal
[20:42:29] <Smileface> maar dan ben je wel aardig zoet geweest
[20:42:46] <IkkeDD> jup
[20:42:58] <Smileface> schiet ook lekker op
[20:43:06] <Smileface> zet trouwens je updates handmatig nu
[20:43:08] <Smileface> mss wel zo handig
[20:43:14] <Smileface> zelf selecteren wat nodig is
[20:43:19] <IkkeDD> zal zo is neuzen
[20:45:43] * Moonlight zal alles om het kwartier herhalen.....
[20:45:45] <Smileface> bij mij staat die op tweede optie
[20:45:52] <Smileface> derde zou je ook nog is kunnen
[20:45:57] <Smileface> jah dat is ook weer niet nodig gok ik zo
[20:46:56] * IkkeDD nogsteeds aan t nagenieten :P
[20:47:10] <Smileface> lol
[20:47:14] <Moonlight> heb gezegd pc dood... hij is ook niet meer geweest... maar zelfs 1+1 optellen is teveel omdat 1 alweer vergeten is
[20:47:26] <Smileface> true
[20:48:54] <Moonlight> drom probeer ik zelf al niks meer te zeggen wat iets boeit voor mezelf :P kan het ook niet vergeten worden
[20:49:07] <Moonlight> (a)
[20:52:09] <IkkeDD> heerlijk die foto's en filmpjes terug te kijken,maar heb wel mooi een van de gameused pucks:P
[20:52:36] <Smileface> kijk aan
[20:52:41] <Smileface> nice
[20:53:18] <Smileface> heb je wat om terug te kijken iig
[20:53:30] <IkkeDD> uhu had mezelf al gespot op een van de filmpjes
[20:53:56] <Smileface> haha
[20:54:01] <Smileface> dat is altijd leuk iig
[20:55:46] <Smileface> eerst koffie
[20:57:48] <Moonlight> https://scontent-amt2-1.xx.fbcdn.net/hphotos-xaf1/v/t1.0-9/12985526_694376797378510_370885470071437081_n.jpg?oh=0ef0e90b7ad5ce90c5e1db7f3ae562db&oe=57B31619
[21:00:02] <Smileface> !peuk Moonlight ^^
[21:00:02] <Clank> Smileface kijkt of er nog wat rookwaren verstopt is voor Moonlight en schuift het stilletje door. Zie dat het nodig is! 
[21:01:30] <Moonlight> https://scontent-amt2-1.xx.fbcdn.net/hphotos-xft1/v/t1.0-9/13043713_694074354075421_1645923814872749476_n.jpg?oh=b1f632090a26efd6a95584d5fd31ea89&oe=578083D5
[21:02:11] <Smileface> aahw :O
[21:02:46] <Moonlight> ook toepasselijk https://scontent-amt2-1.xx.fbcdn.net/hphotos-xfa1/v/t1.0-9/12963912_694025350746988_169005736173873053_n.jpg?oh=23107a9b5e6aa0045f8193aaf13f13ab&oe=577D71B6
[21:04:30] <Smileface> ghe
[21:06:19] <Moonlight> https://scontent-amt2-1.xx.fbcdn.net/hphotos-xfp1/v/t1.0-9/13015403_1090087071032746_5879247382810370222_n.jpg?oh=e3cd389b61d92dc5863c6edf972d2c47&oe=57BEBDFE
[21:06:46] <Smileface> hehehe
[21:07:42] <Moonlight> begin ik maandag wel mee
[21:08:00] <Smileface> maandag? als mn weekend begint zeker
[21:08:12] <Smileface> oohwneeh
[21:08:17] <Smileface> dahs disndag :P
[21:08:21] <Moonlight> als ik nu buk krijg ik het nog terug op mn harses omdat het tegen de muur achter mestuitert (A)
[21:08:23] <Smileface> of op het werk
[21:08:30] <Smileface> hehe
[21:08:35] <Smileface> jah dat gaat niet werken nee moon
[21:08:38] <Smileface> doe maar niet :P
[21:09:26] <IkkeDD> https://www.youtube.com/watch?v=q8qLHPfGjr0 
[21:09:27] <Moonlight> ghe
[21:10:26] <Moonlight> pas maar op Smileface
[21:10:28] <Moonlight> https://scontent-amt2-1.xx.fbcdn.net/hphotos-xta1/v/t1.0-9/13000351_1105120639549413_6774370613161550180_n.jpg?oh=07cb1156a9183d3ddfae65c0e52bd037&oe=57B04392
[21:12:14] <Smileface> mooie show DD
[21:12:24] <Smileface> lolz moon :O
[21:12:41] <IkkeDD> jah was echt een finale gewoon van fucking 0-3 achterstand terug komen naar 6-4 winst
[21:12:50] <Smileface> zo netjes
[21:13:47] <Smileface> dan moek maar uit kijken moon, loopt snel rondjes voor je achter me aan komt met mesje
[21:13:56] <Moonlight> meisjes proberen op je te lijken Smileface :O
[21:14:01] <Moonlight> https://scontent-amt2-1.xx.fbcdn.net/hphotos-xtf1/v/t1.0-9/12993373_1105015409559936_8994077750168294946_n.jpg?oh=d5a8bc34270a8a79a85ebf3e753fa407&oe=57BB4A72
[21:14:08] <IkkeDD> voor dat we daar waren weer foto gemaakt in de auto van playofbeard check, noismakers check,tilburg jerseys check ,2 mafkezen onderweg voor de FINALE van tilburg 
[21:14:19] <Smileface> :|
[21:14:26] <IkkeDD> en de eerste like was gewoon van levi houkes 
[21:14:27] <Smileface> hahahah
[21:14:45] <Smileface> lol goed bezig dus
[21:15:17] <Smileface> die statement komt best hard aan voor vrouwen gok ik zo moon :P
[21:15:19] <Smileface> :')
[21:15:32] <Moonlight> ghe
[21:16:00] <Moonlight> dd is niet goed bezig stomme namen daar
[21:16:40] <Smileface> hoezo?
[21:16:46] <Moonlight> speler die fikiellll ofzo heet.... als die commentators dat uitspreken en je hoort het van een afstandje klinkt dat als fuckyou
[21:17:01] <Smileface> hahahaha
[21:17:02] <Smileface> idd
[21:17:06] <Smileface> klinkt wel fout jah dan
[21:17:20] <IkkeDD> VERKIEL :X
[21:17:27] <Smileface> hehe
[21:18:11] <Moonlight> FUCKYOU
[21:18:23] <Smileface> :')
[21:18:44] <Moonlight> dagelijks https://scontent-amt2-1.xx.fbcdn.net/hphotos-xtp1/v/t1.0-9/13015336_1105014942893316_5021042206638738598_n.jpg?oh=7dbd632f7f2afbd0de3d235a0f80adcb&oe=57730D14
[21:19:22] <Smileface> true :P
[21:19:49] <Moonlight> :P
[21:20:16] <Moonlight> Escovan https://scontent-amt2-1.xx.fbcdn.net/hphotos-xpa1/v/t1.0-9/13012667_1104485102946300_2630249715849070242_n.jpg?oh=1ab2372884aab99e5bfe8196e096985f&oe=5777F9D7
[21:20:40] <Smileface> lol
[21:20:53] <Smileface> die had zo van esco kunnen zijn
[21:22:39] <Smileface> http://www.rtlz.nl/business/bedrijven/forse-reorganisatie-bij-blokker-390-extra-banen-verdwijnen
[21:22:42] <Clank>  Titel: Forse reorganisatie bij Blokker: 390 extra banen verdwijnen - rtlz.nl
[21:22:46] <Smileface> volgende winkel die op sterven na dood is dus
[21:23:49] <Smileface> echt duur is blokker niet, maar heb het idee dat ze straks ook over gaan tot voornamelijk webwinkel
[21:25:41] <Moonlight> tjah ik loop er niet graag binnen vind het erg ongeorganiseerd ogen altijd
[21:26:40] <Smileface> idd
[21:26:45] <Smileface> rommelig is het vaak wel
[21:27:00] <Smileface> en je hebt alternatieven
[21:27:14] <Smileface> xenos en action hebben meer voor minder
[21:27:54] <CodJer> ffs
[21:28:01] <CodJer> @ een verjaardag. geen fuck aan.
[21:28:48] <Smileface> ghe
[21:28:53] <Smileface> sociale verplichtingen?
[21:28:57] <CodJer> uhu
[21:28:58] <Moonlight> arme CodJer
[21:29:02] <CodJer> zusterlief
[21:29:03] <Smileface> gesellig :P
[21:29:05] <CodJer> en nja :(
[21:30:02] <Smileface> hehe
[21:30:07] <Moonlight> gefeliciteerd met je zus iig yeah spatie niet vergeten
[21:30:16] <Smileface> idd van harte gefeliciteerd
[21:31:40] <Smileface> ah maar gezelligheid moet je zelf ook wel beetje maken?
[21:31:54] <Smileface> anders ga je gewoon nummer van kiss zingen of staan ze der niet voor open ^^
[21:32:02] <Smileface> tekst moet je wel kennen toch
[21:33:06] <Moonlight> en als alles faalt flip je gewoon een paar aardappelschijfjes in de keuken gegarandeerd een hit CodJer
[21:33:33] <Smileface> idd
[21:33:43] <Smileface> hahaah
[21:34:42] <Smileface> ohw bitterballen helpt ook altijd wel CodJer
[21:35:17] <CodJer> bleh
[21:35:29] <Smileface> bleg?:O
[21:35:39] <Smileface> waaayyy :O
[21:37:05] <CodJer> why?
[21:37:12] <CodJer> wel
[21:37:13] <Smileface> uhuuu
[21:37:22] <Smileface> feestgarnituur op tafel
[21:37:31] <Smileface> partymix heten die dingen btw
[21:37:48] <CodJer> geen zin in. plus haar schoonfamilie, wel, ook al zoiets...
[21:38:07] <Smileface> die krijg je er bij
[21:38:14] <Smileface> als ze neit gezellig zijn kijk je ze de toko uit
[21:38:18] <Smileface> en daarna feestje bouwen toch
[21:39:58] <Moonlight> drom gaan flippn juist CodJer niet zo zeer voor de visite maar meer om aan de visite te ontsnappen duh :X
[21:40:06] <Smileface> hahaha
[21:41:12] <CodJer> keuken en woonkamer is 1 geheel x)
[21:41:45] <IkkeDD> https://www.youtube.com/watch?v=9eqn14NPd90 bij 0.56 zie je man met kaal hoofd(pa vogelaar)  schruin daarboven links sta ik :P
[21:41:48] <Smileface> hmm shit, najah neem radio mee keuken in en zet die gewoon wat harden dan
[21:43:05] <Smileface> hehe
[21:43:07] <Smileface> i see U
[21:44:30] <Moonlight> dan uhhhhhhh
[21:45:20] <Smileface> dan de familie weg jagen
[21:45:28] <Moonlight> ga je nu een tijdje zitten schuiven en verkonidg je daarna hard dat je het echt niet meer kan houden en me een partij moet bouten! en ga je naar de wc.. wie weet ontvucht men het huis ondertussen CodJer
[21:45:55] <Smileface> lol
[21:46:29] <Smileface> als je nou mocht koken vanavond, had je gewoon iets extra bij moeten geven, dat iedereen aan de schijt ging ofzo
[21:47:02] <Smileface> najah wel beperken tot de schoonfamilie natuurlijk
[21:47:31] <Moonlight> das altijd tricky
[21:47:49] <Moonlight> de een hoeft iets toch niet geeft het aan een ander
[21:48:06] <Moonlight> gaan toch niet op de goede plek zitten
[21:48:12] <Moonlight> enz
[21:48:40] <Smileface> idd
[21:48:46] <Smileface> dan blijft alleen het toetje ove rdus
[21:49:40] <Smileface> of in de koffie kan ook altijd nog :P
[21:50:03] <Moonlight> ohhh ik zit zo vol wil je mijn toetje ook jarige? hoppa zit zn zus de hele avond op de wc
[21:50:05] <Smileface> ondertussne hek al te veel scenarios bedacht zit ik me te bedenken haha
[21:50:11] <Moonlight> gezellige verjaardag
[21:50:12] <Moonlight> :P
[21:50:13] <Smileface> hahaha
[21:50:19] <Smileface> ghe
[21:50:41] <Smileface> dan moet je weer onder het eten gaan zeggen van jah dat lust je niet zusje lieffff
[21:50:43] <Smileface> weet het zeker
[21:50:48] <Smileface> geef maar door aan je schoonvader
[21:50:59] <Moonlight> flikkerde alleen weleens zout in mensen hun koffie (A)
[21:51:08] <Smileface> hahah
[21:51:14] <Smileface> helpt volgens mij ook wel zeker
[21:51:35] *** Joins: steef (~WuP_Webchat@WuP-3d1m0a.direct-adsl.nl)
[21:51:36] <Artoo> Welkom steef in #nl_chat maak het zelf gezellig :-)
[21:51:40] *** Clank sets mode: +v steef
[21:51:41] <Moonlight> nee
[21:51:46] <Smileface> sjit
[21:51:49] <Smileface> avond steef
[21:51:55] <Smileface> dus daarna ging je over na de peper?
[21:51:56] <steef> hey avond
[21:52:06] <Moonlight> gaan de coniferen dood van zout in koffie
[21:52:16] <Smileface> :|
[21:52:19] <Smileface> moet je ook niet willen neeh
[21:52:22] <Moonlight> stond ie daar tussen de oniferen de koffie uit te tuffen
[21:52:24] <Moonlight> ghe
[21:52:33] <Smileface> hahah
[21:52:51] <Moonlight> hij nam gelukkig een flinke slok (A)
[21:53:03] <Smileface> hahaha
[21:53:15] <Smileface> dus die voelde hem iig wel :P
[21:53:22] <Moonlight> na
[21:53:39] <Moonlight> die keer dat ie tijdens foebel een knieetje kreeg voelde die meer
[21:53:51] <Moonlight> vroegah mishandelde ik mn vriendjes volgens mij
[21:54:53] <Smileface> haha
[21:54:57] <Smileface> dat werkte beter dus
[21:56:01] <Moonlight> nee was timing.... hij rent.. ikwileen stap zetten om um pootje te haken rent ie vol tegen mn knie....
[21:57:08] <Smileface> hahaha
[21:57:17] <Smileface> lompp
[21:57:19] <Smileface> (A)
[21:58:36] <Moonlight> en daar lag ie dan in het gras met een pijnlijke grimmegras lollig proberen te doen en dus blijven herhalen ''dingdongdingdong de klokken luiden''
[21:59:04] <Smileface> lol
[21:59:13] <Smileface> dus toen kreeg die nog een knietje jou kennende?
[21:59:25] <Moonlight> lol ghe
[21:59:57] <Smileface> niet dan? :P
[22:00:38] <Moonlight> wat denk je toch goed over me zeg
[22:00:59] <Artoo> Breaking news from 9GAG RSS feed | Free 9GAG RSS feed!
[22:01:00] <Smileface> hehe nou jah jou kennende denk ik bij zo lollig doen, dat je het nog eens me tplezier over doet
[22:01:01] <Artoo> (1) One of the lesser-known Badass Comic Book Heroes. Give him some love.
[22:01:03] <Artoo> (2) The number of sunny days occur in different parts of the world
[22:01:05] <Artoo> (3) How to Germanize yourself in 10 Steps
[22:18:39] <Smileface> http://www.rtlnieuws.nl/buurtfacts/verkeer/zo-gedragen-verkeershufters-zich-jouw-gemeente
[22:18:40] <Clank>  Titel: Zo gedragen verkeershufters zich in jouw gemeente - RTL Nieuws
[22:19:03] <Smileface> hmm best wel hoog in amersfoort ghe
[22:20:02] <IkkeDD> !peuk
[22:20:02] <Clank> IkkeDD steekt nog maar een peuk op, hmmm heerlijk en nodig! :p 
[22:25:31] <Moonlight> hoeveel dan?
[22:26:09] <Smileface> hij was donkerst gekleurd iig
[22:26:32] <Smileface> 72 op 1000 inwoners :P
[22:27:12] <Moonlight> hmz
[22:27:52] <Smileface> echt duidelijk is die kaart nog niet, want eigenlijk wil je dan ook wel weer weten wat voor overtredingen
[22:27:58] <Smileface> rood licht, snelheid of eeh wat dan ook
[22:28:05] <Moonlight> 5189
[22:28:08] <Smileface> dit is volgens mij alleen alles waar oom agentje voor stil zet
[22:28:15] <Moonlight> gemeente amesfoort
[22:28:24] <Smileface> aardug wat :P
[22:28:25] <Moonlight> bij ons 388 
[22:28:42] <Smileface> burgelijk dorp of geen plisie te bekennen ghe :P
[22:29:04] <Moonlight> gemeente he die is groter dan alleen het dorp :P
[22:29:09] <Smileface> ojah idd
[22:29:10] <Smileface> :P (A)
[22:32:35] *** Joins: Magik1 (~nl_chat@WuP-ljohmg.direct-adsl.nl)
[22:32:36] <Artoo> hi Magik1 welkom in #nl_chat gezellig :)
[22:32:40] *** Clank sets mode: +v Magik1
[22:32:45] <Magik1> Hey
[22:32:47] <IkkeDD> hoi Magik1 
[22:32:48] <Smileface> hoi mag jij
[22:33:09] <Magik1> Hoe gaat ie hier?
[22:33:12] <Moonlight> hoi
[22:33:30] <Smileface> jah goed
[22:33:38] <Smileface> beetje laatste dingen doen nog
[22:33:42] <Smileface> hoe is het met mag jij
[22:33:54] <Magik1> lekker hoor
[22:34:00] <Magik1> even kijken wat hier te doen is
[22:34:04] <Smileface> kijk is aan mooi
[22:34:18] <Smileface> dat mag altijd
[22:34:26] <Smileface> breng zelf ook gerust wat in
[22:35:05] <Smileface> maar nog wat leuks gedaan dan vandaag
[22:35:06] * Moonlight zit film te kijken
[22:35:15] <Smileface> welke?
[22:35:27] *** Quits: Magik1 (~nl_chat@WuP-ljohmg.direct-adsl.nl) (7Quit: See you Later)
[22:35:33] <Moonlight> ghe wild hogs
[22:35:40] <Moonlight> dag magniet
[22:35:44] <Smileface> wildddd thinggsss
[22:35:45] <Smileface> ohwneh
[22:35:49] <Smileface> dat was een nummer ghe
[22:35:55] <Smileface> idd magweg dus
[22:37:00] <Smileface> najah gaat zelf maar is omkleden ...
[22:37:18] <IkkeDD> http://www.dumpert.nl/mediabase/6753173/61d803c1/first_step_van_hans_zimmer_cover.html voor CodJer :P
[22:37:20] <Clank>  Titel: dumpert.nl - First step van Hans Zimmer cover
[22:42:52] *** Smileface is now known as smileface
[22:44:00] *** smileface is now known as Smileface
[22:52:41] <Moonlight> :| http://diply.com/viral-news/article/internet-freaking-michael-buble-eating-corn/1
[22:52:42] <Clank>  Titel: No title found.
[23:08:14] <steef> zo wat zij nwe aan het doen
[23:08:24] <IkkeDD> nie veel
[23:08:31] <steef> niks kijken ?
[23:16:40] <IkkeDD> beetje dumpert neuzende
[23:18:20] * Moonlight vroeg zich al af hoe al die snottebellen aan IkkeDD zn scherm komen.... maar dat verklaart ut... hij is aan het neuzen
[23:19:27] <steef> hH
[23:19:44] <steef> dumpert ben je ook gauw klaar mee
[23:21:31] * Moonlight heeft bijna geen stem en IkkeDD heeft last van doofheid.... zeg ik.... "lach eens tegen het duimpje" *duim opstekend*... wil ie me een aanstker aangeven....
[23:22:17] <IkkeDD> uhu na ongeveer 2500 tot 3000 pax horen zingen en feesten idd wel beetje doofjes
[23:23:15] <steef> :P
[23:24:12] <IkkeDD> maar damd wat een sfeer en wat een ambiance
[23:24:20] <Moonlight> IkkeDD
[23:24:24] <IkkeDD> ja schat
[23:24:37] <Moonlight> lach eens tegen het duimpje
[23:25:00] <Moonlight> ghe he zo werkt ut wel
[23:29:31] <steef> resident evil kijken
[23:32:10] * Moonlight kijkt wild hogs
[23:32:35] <steef> die is wel grappig
[23:41:47] <Moonlight> uhu
[23:50:07] <steef> ik ben hooked nu 
[23:50:22] <steef> vollop melissa en joey kijken
[23:54:30] <Moonlight> haha
[23:54:41] <steef> ben verslaafd geraakt
